[2024-11-13T19:28:38.757+1100] {processor.py:186} INFO - Started process (PID=63640) to work on /Users/yoonmoon/git/learn-airflow/airflow1/py_env/lib/python3.11/site-packages/airflow/example_dags/subdags/subdag.py
[2024-11-13T19:28:38.758+1100] {processor.py:914} INFO - Processing file /Users/yoonmoon/git/learn-airflow/airflow1/py_env/lib/python3.11/site-packages/airflow/example_dags/subdags/subdag.py for tasks to queue
[2024-11-13T19:28:38.758+1100] {logging_mixin.py:190} INFO - [2024-11-13T19:28:38.758+1100] {dagbag.py:588} INFO - Filling up the DagBag from /Users/yoonmoon/git/learn-airflow/airflow1/py_env/lib/python3.11/site-packages/airflow/example_dags/subdags/subdag.py
[2024-11-13T19:28:38.759+1100] {processor.py:927} WARNING - No viable dags retrieved from /Users/yoonmoon/git/learn-airflow/airflow1/py_env/lib/python3.11/site-packages/airflow/example_dags/subdags/subdag.py
[2024-11-13T19:28:38.788+1100] {processor.py:208} INFO - Processing /Users/yoonmoon/git/learn-airflow/airflow1/py_env/lib/python3.11/site-packages/airflow/example_dags/subdags/subdag.py took 0.034 seconds
[2024-11-13T19:30:22.994+1100] {processor.py:186} INFO - Started process (PID=63850) to work on /Users/yoonmoon/git/learn-airflow/airflow1/py_env/lib/python3.11/site-packages/airflow/example_dags/subdags/subdag.py
[2024-11-13T19:30:22.995+1100] {processor.py:914} INFO - Processing file /Users/yoonmoon/git/learn-airflow/airflow1/py_env/lib/python3.11/site-packages/airflow/example_dags/subdags/subdag.py for tasks to queue
[2024-11-13T19:30:22.996+1100] {logging_mixin.py:190} INFO - [2024-11-13T19:30:22.996+1100] {dagbag.py:588} INFO - Filling up the DagBag from /Users/yoonmoon/git/learn-airflow/airflow1/py_env/lib/python3.11/site-packages/airflow/example_dags/subdags/subdag.py
[2024-11-13T19:30:22.997+1100] {processor.py:927} WARNING - No viable dags retrieved from /Users/yoonmoon/git/learn-airflow/airflow1/py_env/lib/python3.11/site-packages/airflow/example_dags/subdags/subdag.py
[2024-11-13T19:30:23.026+1100] {processor.py:208} INFO - Processing /Users/yoonmoon/git/learn-airflow/airflow1/py_env/lib/python3.11/site-packages/airflow/example_dags/subdags/subdag.py took 0.034 seconds
[2024-11-13T19:31:33.687+1100] {processor.py:186} INFO - Started process (PID=63993) to work on /Users/yoonmoon/git/learn-airflow/airflow1/py_env/lib/python3.11/site-packages/airflow/example_dags/subdags/subdag.py
[2024-11-13T19:31:33.688+1100] {processor.py:914} INFO - Processing file /Users/yoonmoon/git/learn-airflow/airflow1/py_env/lib/python3.11/site-packages/airflow/example_dags/subdags/subdag.py for tasks to queue
[2024-11-13T19:31:33.689+1100] {logging_mixin.py:190} INFO - [2024-11-13T19:31:33.689+1100] {dagbag.py:588} INFO - Filling up the DagBag from /Users/yoonmoon/git/learn-airflow/airflow1/py_env/lib/python3.11/site-packages/airflow/example_dags/subdags/subdag.py
[2024-11-13T19:31:33.690+1100] {processor.py:927} WARNING - No viable dags retrieved from /Users/yoonmoon/git/learn-airflow/airflow1/py_env/lib/python3.11/site-packages/airflow/example_dags/subdags/subdag.py
[2024-11-13T19:31:33.720+1100] {processor.py:208} INFO - Processing /Users/yoonmoon/git/learn-airflow/airflow1/py_env/lib/python3.11/site-packages/airflow/example_dags/subdags/subdag.py took 0.035 seconds
[2024-11-13T19:32:42.867+1100] {processor.py:186} INFO - Started process (PID=64213) to work on /Users/yoonmoon/git/learn-airflow/airflow1/py_env/lib/python3.11/site-packages/airflow/example_dags/subdags/subdag.py
[2024-11-13T19:32:42.869+1100] {processor.py:914} INFO - Processing file /Users/yoonmoon/git/learn-airflow/airflow1/py_env/lib/python3.11/site-packages/airflow/example_dags/subdags/subdag.py for tasks to queue
[2024-11-13T19:32:42.869+1100] {logging_mixin.py:190} INFO - [2024-11-13T19:32:42.869+1100] {dagbag.py:588} INFO - Filling up the DagBag from /Users/yoonmoon/git/learn-airflow/airflow1/py_env/lib/python3.11/site-packages/airflow/example_dags/subdags/subdag.py
[2024-11-13T19:32:42.870+1100] {processor.py:927} WARNING - No viable dags retrieved from /Users/yoonmoon/git/learn-airflow/airflow1/py_env/lib/python3.11/site-packages/airflow/example_dags/subdags/subdag.py
[2024-11-13T19:32:42.900+1100] {processor.py:208} INFO - Processing /Users/yoonmoon/git/learn-airflow/airflow1/py_env/lib/python3.11/site-packages/airflow/example_dags/subdags/subdag.py took 0.035 seconds
[2024-11-13T19:33:55.772+1100] {processor.py:186} INFO - Started process (PID=64460) to work on /Users/yoonmoon/git/learn-airflow/airflow1/py_env/lib/python3.11/site-packages/airflow/example_dags/subdags/subdag.py
[2024-11-13T19:33:55.773+1100] {processor.py:914} INFO - Processing file /Users/yoonmoon/git/learn-airflow/airflow1/py_env/lib/python3.11/site-packages/airflow/example_dags/subdags/subdag.py for tasks to queue
[2024-11-13T19:33:55.774+1100] {logging_mixin.py:190} INFO - [2024-11-13T19:33:55.774+1100] {dagbag.py:588} INFO - Filling up the DagBag from /Users/yoonmoon/git/learn-airflow/airflow1/py_env/lib/python3.11/site-packages/airflow/example_dags/subdags/subdag.py
[2024-11-13T19:33:55.775+1100] {processor.py:927} WARNING - No viable dags retrieved from /Users/yoonmoon/git/learn-airflow/airflow1/py_env/lib/python3.11/site-packages/airflow/example_dags/subdags/subdag.py
[2024-11-13T19:33:55.803+1100] {processor.py:208} INFO - Processing /Users/yoonmoon/git/learn-airflow/airflow1/py_env/lib/python3.11/site-packages/airflow/example_dags/subdags/subdag.py took 0.033 seconds
[2024-11-13T19:35:21.228+1100] {processor.py:186} INFO - Started process (PID=64753) to work on /Users/yoonmoon/git/learn-airflow/airflow1/py_env/lib/python3.11/site-packages/airflow/example_dags/subdags/subdag.py
[2024-11-13T19:35:21.230+1100] {processor.py:914} INFO - Processing file /Users/yoonmoon/git/learn-airflow/airflow1/py_env/lib/python3.11/site-packages/airflow/example_dags/subdags/subdag.py for tasks to queue
[2024-11-13T19:35:21.230+1100] {logging_mixin.py:190} INFO - [2024-11-13T19:35:21.230+1100] {dagbag.py:588} INFO - Filling up the DagBag from /Users/yoonmoon/git/learn-airflow/airflow1/py_env/lib/python3.11/site-packages/airflow/example_dags/subdags/subdag.py
[2024-11-13T19:35:21.231+1100] {processor.py:927} WARNING - No viable dags retrieved from /Users/yoonmoon/git/learn-airflow/airflow1/py_env/lib/python3.11/site-packages/airflow/example_dags/subdags/subdag.py
[2024-11-13T19:35:21.260+1100] {processor.py:208} INFO - Processing /Users/yoonmoon/git/learn-airflow/airflow1/py_env/lib/python3.11/site-packages/airflow/example_dags/subdags/subdag.py took 0.033 seconds
[2024-11-13T19:36:43.363+1100] {processor.py:186} INFO - Started process (PID=64924) to work on /Users/yoonmoon/git/learn-airflow/airflow1/py_env/lib/python3.11/site-packages/airflow/example_dags/subdags/subdag.py
[2024-11-13T19:36:43.364+1100] {processor.py:914} INFO - Processing file /Users/yoonmoon/git/learn-airflow/airflow1/py_env/lib/python3.11/site-packages/airflow/example_dags/subdags/subdag.py for tasks to queue
[2024-11-13T19:36:43.365+1100] {logging_mixin.py:190} INFO - [2024-11-13T19:36:43.364+1100] {dagbag.py:588} INFO - Filling up the DagBag from /Users/yoonmoon/git/learn-airflow/airflow1/py_env/lib/python3.11/site-packages/airflow/example_dags/subdags/subdag.py
[2024-11-13T19:36:43.365+1100] {processor.py:927} WARNING - No viable dags retrieved from /Users/yoonmoon/git/learn-airflow/airflow1/py_env/lib/python3.11/site-packages/airflow/example_dags/subdags/subdag.py
[2024-11-13T19:36:43.393+1100] {processor.py:208} INFO - Processing /Users/yoonmoon/git/learn-airflow/airflow1/py_env/lib/python3.11/site-packages/airflow/example_dags/subdags/subdag.py took 0.033 seconds
[2024-11-13T19:37:53.264+1100] {processor.py:186} INFO - Started process (PID=65054) to work on /Users/yoonmoon/git/learn-airflow/airflow1/py_env/lib/python3.11/site-packages/airflow/example_dags/subdags/subdag.py
[2024-11-13T19:37:53.266+1100] {processor.py:914} INFO - Processing file /Users/yoonmoon/git/learn-airflow/airflow1/py_env/lib/python3.11/site-packages/airflow/example_dags/subdags/subdag.py for tasks to queue
[2024-11-13T19:37:53.266+1100] {logging_mixin.py:190} INFO - [2024-11-13T19:37:53.266+1100] {dagbag.py:588} INFO - Filling up the DagBag from /Users/yoonmoon/git/learn-airflow/airflow1/py_env/lib/python3.11/site-packages/airflow/example_dags/subdags/subdag.py
[2024-11-13T19:37:53.267+1100] {processor.py:927} WARNING - No viable dags retrieved from /Users/yoonmoon/git/learn-airflow/airflow1/py_env/lib/python3.11/site-packages/airflow/example_dags/subdags/subdag.py
[2024-11-13T19:37:53.295+1100] {processor.py:208} INFO - Processing /Users/yoonmoon/git/learn-airflow/airflow1/py_env/lib/python3.11/site-packages/airflow/example_dags/subdags/subdag.py took 0.033 seconds
[2024-11-13T19:39:01.102+1100] {processor.py:186} INFO - Started process (PID=65202) to work on /Users/yoonmoon/git/learn-airflow/airflow1/py_env/lib/python3.11/site-packages/airflow/example_dags/subdags/subdag.py
[2024-11-13T19:39:01.104+1100] {processor.py:914} INFO - Processing file /Users/yoonmoon/git/learn-airflow/airflow1/py_env/lib/python3.11/site-packages/airflow/example_dags/subdags/subdag.py for tasks to queue
[2024-11-13T19:39:01.104+1100] {logging_mixin.py:190} INFO - [2024-11-13T19:39:01.104+1100] {dagbag.py:588} INFO - Filling up the DagBag from /Users/yoonmoon/git/learn-airflow/airflow1/py_env/lib/python3.11/site-packages/airflow/example_dags/subdags/subdag.py
[2024-11-13T19:39:01.105+1100] {processor.py:927} WARNING - No viable dags retrieved from /Users/yoonmoon/git/learn-airflow/airflow1/py_env/lib/python3.11/site-packages/airflow/example_dags/subdags/subdag.py
[2024-11-13T19:39:01.134+1100] {processor.py:208} INFO - Processing /Users/yoonmoon/git/learn-airflow/airflow1/py_env/lib/python3.11/site-packages/airflow/example_dags/subdags/subdag.py took 0.034 seconds
[2024-11-13T19:40:09.363+1100] {processor.py:186} INFO - Started process (PID=65357) to work on /Users/yoonmoon/git/learn-airflow/airflow1/py_env/lib/python3.11/site-packages/airflow/example_dags/subdags/subdag.py
[2024-11-13T19:40:09.364+1100] {processor.py:914} INFO - Processing file /Users/yoonmoon/git/learn-airflow/airflow1/py_env/lib/python3.11/site-packages/airflow/example_dags/subdags/subdag.py for tasks to queue
[2024-11-13T19:40:09.365+1100] {logging_mixin.py:190} INFO - [2024-11-13T19:40:09.364+1100] {dagbag.py:588} INFO - Filling up the DagBag from /Users/yoonmoon/git/learn-airflow/airflow1/py_env/lib/python3.11/site-packages/airflow/example_dags/subdags/subdag.py
[2024-11-13T19:40:09.366+1100] {processor.py:927} WARNING - No viable dags retrieved from /Users/yoonmoon/git/learn-airflow/airflow1/py_env/lib/python3.11/site-packages/airflow/example_dags/subdags/subdag.py
[2024-11-13T19:40:09.394+1100] {processor.py:208} INFO - Processing /Users/yoonmoon/git/learn-airflow/airflow1/py_env/lib/python3.11/site-packages/airflow/example_dags/subdags/subdag.py took 0.033 seconds
[2024-11-13T19:41:18.536+1100] {processor.py:186} INFO - Started process (PID=65499) to work on /Users/yoonmoon/git/learn-airflow/airflow1/py_env/lib/python3.11/site-packages/airflow/example_dags/subdags/subdag.py
[2024-11-13T19:41:18.537+1100] {processor.py:914} INFO - Processing file /Users/yoonmoon/git/learn-airflow/airflow1/py_env/lib/python3.11/site-packages/airflow/example_dags/subdags/subdag.py for tasks to queue
[2024-11-13T19:41:18.538+1100] {logging_mixin.py:190} INFO - [2024-11-13T19:41:18.538+1100] {dagbag.py:588} INFO - Filling up the DagBag from /Users/yoonmoon/git/learn-airflow/airflow1/py_env/lib/python3.11/site-packages/airflow/example_dags/subdags/subdag.py
[2024-11-13T19:41:18.539+1100] {processor.py:927} WARNING - No viable dags retrieved from /Users/yoonmoon/git/learn-airflow/airflow1/py_env/lib/python3.11/site-packages/airflow/example_dags/subdags/subdag.py
[2024-11-13T19:41:18.567+1100] {processor.py:208} INFO - Processing /Users/yoonmoon/git/learn-airflow/airflow1/py_env/lib/python3.11/site-packages/airflow/example_dags/subdags/subdag.py took 0.033 seconds
[2024-11-13T19:42:29.362+1100] {processor.py:186} INFO - Started process (PID=65628) to work on /Users/yoonmoon/git/learn-airflow/airflow1/py_env/lib/python3.11/site-packages/airflow/example_dags/subdags/subdag.py
[2024-11-13T19:42:29.364+1100] {processor.py:914} INFO - Processing file /Users/yoonmoon/git/learn-airflow/airflow1/py_env/lib/python3.11/site-packages/airflow/example_dags/subdags/subdag.py for tasks to queue
[2024-11-13T19:42:29.364+1100] {logging_mixin.py:190} INFO - [2024-11-13T19:42:29.364+1100] {dagbag.py:588} INFO - Filling up the DagBag from /Users/yoonmoon/git/learn-airflow/airflow1/py_env/lib/python3.11/site-packages/airflow/example_dags/subdags/subdag.py
[2024-11-13T19:42:29.366+1100] {processor.py:927} WARNING - No viable dags retrieved from /Users/yoonmoon/git/learn-airflow/airflow1/py_env/lib/python3.11/site-packages/airflow/example_dags/subdags/subdag.py
[2024-11-13T19:42:29.393+1100] {processor.py:208} INFO - Processing /Users/yoonmoon/git/learn-airflow/airflow1/py_env/lib/python3.11/site-packages/airflow/example_dags/subdags/subdag.py took 0.034 seconds
[2024-11-13T19:43:36.710+1100] {processor.py:186} INFO - Started process (PID=65755) to work on /Users/yoonmoon/git/learn-airflow/airflow1/py_env/lib/python3.11/site-packages/airflow/example_dags/subdags/subdag.py
[2024-11-13T19:43:36.711+1100] {processor.py:914} INFO - Processing file /Users/yoonmoon/git/learn-airflow/airflow1/py_env/lib/python3.11/site-packages/airflow/example_dags/subdags/subdag.py for tasks to queue
[2024-11-13T19:43:36.712+1100] {logging_mixin.py:190} INFO - [2024-11-13T19:43:36.711+1100] {dagbag.py:588} INFO - Filling up the DagBag from /Users/yoonmoon/git/learn-airflow/airflow1/py_env/lib/python3.11/site-packages/airflow/example_dags/subdags/subdag.py
[2024-11-13T19:43:36.713+1100] {processor.py:927} WARNING - No viable dags retrieved from /Users/yoonmoon/git/learn-airflow/airflow1/py_env/lib/python3.11/site-packages/airflow/example_dags/subdags/subdag.py
[2024-11-13T19:43:36.741+1100] {processor.py:208} INFO - Processing /Users/yoonmoon/git/learn-airflow/airflow1/py_env/lib/python3.11/site-packages/airflow/example_dags/subdags/subdag.py took 0.033 seconds
[2024-11-13T19:44:46.130+1100] {processor.py:186} INFO - Started process (PID=65897) to work on /Users/yoonmoon/git/learn-airflow/airflow1/py_env/lib/python3.11/site-packages/airflow/example_dags/subdags/subdag.py
[2024-11-13T19:44:46.131+1100] {processor.py:914} INFO - Processing file /Users/yoonmoon/git/learn-airflow/airflow1/py_env/lib/python3.11/site-packages/airflow/example_dags/subdags/subdag.py for tasks to queue
[2024-11-13T19:44:46.132+1100] {logging_mixin.py:190} INFO - [2024-11-13T19:44:46.131+1100] {dagbag.py:588} INFO - Filling up the DagBag from /Users/yoonmoon/git/learn-airflow/airflow1/py_env/lib/python3.11/site-packages/airflow/example_dags/subdags/subdag.py
[2024-11-13T19:44:46.133+1100] {processor.py:927} WARNING - No viable dags retrieved from /Users/yoonmoon/git/learn-airflow/airflow1/py_env/lib/python3.11/site-packages/airflow/example_dags/subdags/subdag.py
[2024-11-13T19:44:46.161+1100] {processor.py:208} INFO - Processing /Users/yoonmoon/git/learn-airflow/airflow1/py_env/lib/python3.11/site-packages/airflow/example_dags/subdags/subdag.py took 0.033 seconds
[2024-11-13T19:45:51.744+1100] {processor.py:186} INFO - Started process (PID=66022) to work on /Users/yoonmoon/git/learn-airflow/airflow1/py_env/lib/python3.11/site-packages/airflow/example_dags/subdags/subdag.py
[2024-11-13T19:45:51.746+1100] {processor.py:914} INFO - Processing file /Users/yoonmoon/git/learn-airflow/airflow1/py_env/lib/python3.11/site-packages/airflow/example_dags/subdags/subdag.py for tasks to queue
[2024-11-13T19:45:51.746+1100] {logging_mixin.py:190} INFO - [2024-11-13T19:45:51.746+1100] {dagbag.py:588} INFO - Filling up the DagBag from /Users/yoonmoon/git/learn-airflow/airflow1/py_env/lib/python3.11/site-packages/airflow/example_dags/subdags/subdag.py
[2024-11-13T19:45:51.747+1100] {processor.py:927} WARNING - No viable dags retrieved from /Users/yoonmoon/git/learn-airflow/airflow1/py_env/lib/python3.11/site-packages/airflow/example_dags/subdags/subdag.py
[2024-11-13T19:45:51.775+1100] {processor.py:208} INFO - Processing /Users/yoonmoon/git/learn-airflow/airflow1/py_env/lib/python3.11/site-packages/airflow/example_dags/subdags/subdag.py took 0.034 seconds
[2024-11-13T19:46:56.964+1100] {processor.py:186} INFO - Started process (PID=66146) to work on /Users/yoonmoon/git/learn-airflow/airflow1/py_env/lib/python3.11/site-packages/airflow/example_dags/subdags/subdag.py
[2024-11-13T19:46:56.966+1100] {processor.py:914} INFO - Processing file /Users/yoonmoon/git/learn-airflow/airflow1/py_env/lib/python3.11/site-packages/airflow/example_dags/subdags/subdag.py for tasks to queue
[2024-11-13T19:46:56.966+1100] {logging_mixin.py:190} INFO - [2024-11-13T19:46:56.966+1100] {dagbag.py:588} INFO - Filling up the DagBag from /Users/yoonmoon/git/learn-airflow/airflow1/py_env/lib/python3.11/site-packages/airflow/example_dags/subdags/subdag.py
[2024-11-13T19:46:56.967+1100] {processor.py:927} WARNING - No viable dags retrieved from /Users/yoonmoon/git/learn-airflow/airflow1/py_env/lib/python3.11/site-packages/airflow/example_dags/subdags/subdag.py
[2024-11-13T19:46:56.996+1100] {processor.py:208} INFO - Processing /Users/yoonmoon/git/learn-airflow/airflow1/py_env/lib/python3.11/site-packages/airflow/example_dags/subdags/subdag.py took 0.034 seconds
[2024-11-13T19:48:03.003+1100] {processor.py:186} INFO - Started process (PID=66268) to work on /Users/yoonmoon/git/learn-airflow/airflow1/py_env/lib/python3.11/site-packages/airflow/example_dags/subdags/subdag.py
[2024-11-13T19:48:03.004+1100] {processor.py:914} INFO - Processing file /Users/yoonmoon/git/learn-airflow/airflow1/py_env/lib/python3.11/site-packages/airflow/example_dags/subdags/subdag.py for tasks to queue
[2024-11-13T19:48:03.005+1100] {logging_mixin.py:190} INFO - [2024-11-13T19:48:03.004+1100] {dagbag.py:588} INFO - Filling up the DagBag from /Users/yoonmoon/git/learn-airflow/airflow1/py_env/lib/python3.11/site-packages/airflow/example_dags/subdags/subdag.py
[2024-11-13T19:48:03.006+1100] {processor.py:927} WARNING - No viable dags retrieved from /Users/yoonmoon/git/learn-airflow/airflow1/py_env/lib/python3.11/site-packages/airflow/example_dags/subdags/subdag.py
[2024-11-13T19:48:03.037+1100] {processor.py:208} INFO - Processing /Users/yoonmoon/git/learn-airflow/airflow1/py_env/lib/python3.11/site-packages/airflow/example_dags/subdags/subdag.py took 0.036 seconds
[2024-11-13T19:49:08.434+1100] {processor.py:186} INFO - Started process (PID=66388) to work on /Users/yoonmoon/git/learn-airflow/airflow1/py_env/lib/python3.11/site-packages/airflow/example_dags/subdags/subdag.py
[2024-11-13T19:49:08.435+1100] {processor.py:914} INFO - Processing file /Users/yoonmoon/git/learn-airflow/airflow1/py_env/lib/python3.11/site-packages/airflow/example_dags/subdags/subdag.py for tasks to queue
[2024-11-13T19:49:08.435+1100] {logging_mixin.py:190} INFO - [2024-11-13T19:49:08.435+1100] {dagbag.py:588} INFO - Filling up the DagBag from /Users/yoonmoon/git/learn-airflow/airflow1/py_env/lib/python3.11/site-packages/airflow/example_dags/subdags/subdag.py
[2024-11-13T19:49:08.437+1100] {processor.py:927} WARNING - No viable dags retrieved from /Users/yoonmoon/git/learn-airflow/airflow1/py_env/lib/python3.11/site-packages/airflow/example_dags/subdags/subdag.py
[2024-11-13T19:49:08.466+1100] {processor.py:208} INFO - Processing /Users/yoonmoon/git/learn-airflow/airflow1/py_env/lib/python3.11/site-packages/airflow/example_dags/subdags/subdag.py took 0.035 seconds
[2024-11-13T19:50:12.919+1100] {processor.py:186} INFO - Started process (PID=66504) to work on /Users/yoonmoon/git/learn-airflow/airflow1/py_env/lib/python3.11/site-packages/airflow/example_dags/subdags/subdag.py
[2024-11-13T19:50:12.920+1100] {processor.py:914} INFO - Processing file /Users/yoonmoon/git/learn-airflow/airflow1/py_env/lib/python3.11/site-packages/airflow/example_dags/subdags/subdag.py for tasks to queue
[2024-11-13T19:50:12.921+1100] {logging_mixin.py:190} INFO - [2024-11-13T19:50:12.921+1100] {dagbag.py:588} INFO - Filling up the DagBag from /Users/yoonmoon/git/learn-airflow/airflow1/py_env/lib/python3.11/site-packages/airflow/example_dags/subdags/subdag.py
[2024-11-13T19:50:12.922+1100] {processor.py:927} WARNING - No viable dags retrieved from /Users/yoonmoon/git/learn-airflow/airflow1/py_env/lib/python3.11/site-packages/airflow/example_dags/subdags/subdag.py
[2024-11-13T19:50:12.950+1100] {processor.py:208} INFO - Processing /Users/yoonmoon/git/learn-airflow/airflow1/py_env/lib/python3.11/site-packages/airflow/example_dags/subdags/subdag.py took 0.034 seconds
[2024-11-13T19:51:21.509+1100] {processor.py:186} INFO - Started process (PID=66628) to work on /Users/yoonmoon/git/learn-airflow/airflow1/py_env/lib/python3.11/site-packages/airflow/example_dags/subdags/subdag.py
[2024-11-13T19:51:21.510+1100] {processor.py:914} INFO - Processing file /Users/yoonmoon/git/learn-airflow/airflow1/py_env/lib/python3.11/site-packages/airflow/example_dags/subdags/subdag.py for tasks to queue
[2024-11-13T19:51:21.511+1100] {logging_mixin.py:190} INFO - [2024-11-13T19:51:21.511+1100] {dagbag.py:588} INFO - Filling up the DagBag from /Users/yoonmoon/git/learn-airflow/airflow1/py_env/lib/python3.11/site-packages/airflow/example_dags/subdags/subdag.py
[2024-11-13T19:51:21.512+1100] {processor.py:927} WARNING - No viable dags retrieved from /Users/yoonmoon/git/learn-airflow/airflow1/py_env/lib/python3.11/site-packages/airflow/example_dags/subdags/subdag.py
[2024-11-13T19:51:21.540+1100] {processor.py:208} INFO - Processing /Users/yoonmoon/git/learn-airflow/airflow1/py_env/lib/python3.11/site-packages/airflow/example_dags/subdags/subdag.py took 0.034 seconds
[2024-11-13T19:52:32.073+1100] {processor.py:186} INFO - Started process (PID=66754) to work on /Users/yoonmoon/git/learn-airflow/airflow1/py_env/lib/python3.11/site-packages/airflow/example_dags/subdags/subdag.py
[2024-11-13T19:52:32.075+1100] {processor.py:914} INFO - Processing file /Users/yoonmoon/git/learn-airflow/airflow1/py_env/lib/python3.11/site-packages/airflow/example_dags/subdags/subdag.py for tasks to queue
[2024-11-13T19:52:32.075+1100] {logging_mixin.py:190} INFO - [2024-11-13T19:52:32.075+1100] {dagbag.py:588} INFO - Filling up the DagBag from /Users/yoonmoon/git/learn-airflow/airflow1/py_env/lib/python3.11/site-packages/airflow/example_dags/subdags/subdag.py
[2024-11-13T19:52:32.076+1100] {processor.py:927} WARNING - No viable dags retrieved from /Users/yoonmoon/git/learn-airflow/airflow1/py_env/lib/python3.11/site-packages/airflow/example_dags/subdags/subdag.py
[2024-11-13T19:52:32.105+1100] {processor.py:208} INFO - Processing /Users/yoonmoon/git/learn-airflow/airflow1/py_env/lib/python3.11/site-packages/airflow/example_dags/subdags/subdag.py took 0.033 seconds
[2024-11-13T19:53:40.265+1100] {processor.py:186} INFO - Started process (PID=66885) to work on /Users/yoonmoon/git/learn-airflow/airflow1/py_env/lib/python3.11/site-packages/airflow/example_dags/subdags/subdag.py
[2024-11-13T19:53:40.266+1100] {processor.py:914} INFO - Processing file /Users/yoonmoon/git/learn-airflow/airflow1/py_env/lib/python3.11/site-packages/airflow/example_dags/subdags/subdag.py for tasks to queue
[2024-11-13T19:53:40.267+1100] {logging_mixin.py:190} INFO - [2024-11-13T19:53:40.267+1100] {dagbag.py:588} INFO - Filling up the DagBag from /Users/yoonmoon/git/learn-airflow/airflow1/py_env/lib/python3.11/site-packages/airflow/example_dags/subdags/subdag.py
[2024-11-13T19:53:40.268+1100] {processor.py:927} WARNING - No viable dags retrieved from /Users/yoonmoon/git/learn-airflow/airflow1/py_env/lib/python3.11/site-packages/airflow/example_dags/subdags/subdag.py
[2024-11-13T19:53:40.296+1100] {processor.py:208} INFO - Processing /Users/yoonmoon/git/learn-airflow/airflow1/py_env/lib/python3.11/site-packages/airflow/example_dags/subdags/subdag.py took 0.033 seconds
[2024-11-13T19:54:50.971+1100] {processor.py:186} INFO - Started process (PID=67031) to work on /Users/yoonmoon/git/learn-airflow/airflow1/py_env/lib/python3.11/site-packages/airflow/example_dags/subdags/subdag.py
[2024-11-13T19:54:50.972+1100] {processor.py:914} INFO - Processing file /Users/yoonmoon/git/learn-airflow/airflow1/py_env/lib/python3.11/site-packages/airflow/example_dags/subdags/subdag.py for tasks to queue
[2024-11-13T19:54:50.972+1100] {logging_mixin.py:190} INFO - [2024-11-13T19:54:50.972+1100] {dagbag.py:588} INFO - Filling up the DagBag from /Users/yoonmoon/git/learn-airflow/airflow1/py_env/lib/python3.11/site-packages/airflow/example_dags/subdags/subdag.py
[2024-11-13T19:54:50.974+1100] {processor.py:927} WARNING - No viable dags retrieved from /Users/yoonmoon/git/learn-airflow/airflow1/py_env/lib/python3.11/site-packages/airflow/example_dags/subdags/subdag.py
[2024-11-13T19:54:51.002+1100] {processor.py:208} INFO - Processing /Users/yoonmoon/git/learn-airflow/airflow1/py_env/lib/python3.11/site-packages/airflow/example_dags/subdags/subdag.py took 0.033 seconds
[2024-11-13T19:56:02.233+1100] {processor.py:186} INFO - Started process (PID=67167) to work on /Users/yoonmoon/git/learn-airflow/airflow1/py_env/lib/python3.11/site-packages/airflow/example_dags/subdags/subdag.py
[2024-11-13T19:56:02.234+1100] {processor.py:914} INFO - Processing file /Users/yoonmoon/git/learn-airflow/airflow1/py_env/lib/python3.11/site-packages/airflow/example_dags/subdags/subdag.py for tasks to queue
[2024-11-13T19:56:02.234+1100] {logging_mixin.py:190} INFO - [2024-11-13T19:56:02.234+1100] {dagbag.py:588} INFO - Filling up the DagBag from /Users/yoonmoon/git/learn-airflow/airflow1/py_env/lib/python3.11/site-packages/airflow/example_dags/subdags/subdag.py
[2024-11-13T19:56:02.236+1100] {processor.py:927} WARNING - No viable dags retrieved from /Users/yoonmoon/git/learn-airflow/airflow1/py_env/lib/python3.11/site-packages/airflow/example_dags/subdags/subdag.py
[2024-11-13T19:56:02.264+1100] {processor.py:208} INFO - Processing /Users/yoonmoon/git/learn-airflow/airflow1/py_env/lib/python3.11/site-packages/airflow/example_dags/subdags/subdag.py took 0.033 seconds
[2024-11-13T19:57:10.927+1100] {processor.py:186} INFO - Started process (PID=67294) to work on /Users/yoonmoon/git/learn-airflow/airflow1/py_env/lib/python3.11/site-packages/airflow/example_dags/subdags/subdag.py
[2024-11-13T19:57:10.928+1100] {processor.py:914} INFO - Processing file /Users/yoonmoon/git/learn-airflow/airflow1/py_env/lib/python3.11/site-packages/airflow/example_dags/subdags/subdag.py for tasks to queue
[2024-11-13T19:57:10.929+1100] {logging_mixin.py:190} INFO - [2024-11-13T19:57:10.929+1100] {dagbag.py:588} INFO - Filling up the DagBag from /Users/yoonmoon/git/learn-airflow/airflow1/py_env/lib/python3.11/site-packages/airflow/example_dags/subdags/subdag.py
[2024-11-13T19:57:10.930+1100] {processor.py:927} WARNING - No viable dags retrieved from /Users/yoonmoon/git/learn-airflow/airflow1/py_env/lib/python3.11/site-packages/airflow/example_dags/subdags/subdag.py
[2024-11-13T19:57:10.959+1100] {processor.py:208} INFO - Processing /Users/yoonmoon/git/learn-airflow/airflow1/py_env/lib/python3.11/site-packages/airflow/example_dags/subdags/subdag.py took 0.034 seconds
[2024-11-13T19:58:18.314+1100] {processor.py:186} INFO - Started process (PID=67417) to work on /Users/yoonmoon/git/learn-airflow/airflow1/py_env/lib/python3.11/site-packages/airflow/example_dags/subdags/subdag.py
[2024-11-13T19:58:18.316+1100] {processor.py:914} INFO - Processing file /Users/yoonmoon/git/learn-airflow/airflow1/py_env/lib/python3.11/site-packages/airflow/example_dags/subdags/subdag.py for tasks to queue
[2024-11-13T19:58:18.316+1100] {logging_mixin.py:190} INFO - [2024-11-13T19:58:18.316+1100] {dagbag.py:588} INFO - Filling up the DagBag from /Users/yoonmoon/git/learn-airflow/airflow1/py_env/lib/python3.11/site-packages/airflow/example_dags/subdags/subdag.py
[2024-11-13T19:58:18.317+1100] {processor.py:927} WARNING - No viable dags retrieved from /Users/yoonmoon/git/learn-airflow/airflow1/py_env/lib/python3.11/site-packages/airflow/example_dags/subdags/subdag.py
[2024-11-13T19:58:18.347+1100] {processor.py:208} INFO - Processing /Users/yoonmoon/git/learn-airflow/airflow1/py_env/lib/python3.11/site-packages/airflow/example_dags/subdags/subdag.py took 0.035 seconds
[2024-11-13T19:59:24.351+1100] {processor.py:186} INFO - Started process (PID=67541) to work on /Users/yoonmoon/git/learn-airflow/airflow1/py_env/lib/python3.11/site-packages/airflow/example_dags/subdags/subdag.py
[2024-11-13T19:59:24.352+1100] {processor.py:914} INFO - Processing file /Users/yoonmoon/git/learn-airflow/airflow1/py_env/lib/python3.11/site-packages/airflow/example_dags/subdags/subdag.py for tasks to queue
[2024-11-13T19:59:24.353+1100] {logging_mixin.py:190} INFO - [2024-11-13T19:59:24.352+1100] {dagbag.py:588} INFO - Filling up the DagBag from /Users/yoonmoon/git/learn-airflow/airflow1/py_env/lib/python3.11/site-packages/airflow/example_dags/subdags/subdag.py
[2024-11-13T19:59:24.354+1100] {processor.py:927} WARNING - No viable dags retrieved from /Users/yoonmoon/git/learn-airflow/airflow1/py_env/lib/python3.11/site-packages/airflow/example_dags/subdags/subdag.py
[2024-11-13T19:59:24.384+1100] {processor.py:208} INFO - Processing /Users/yoonmoon/git/learn-airflow/airflow1/py_env/lib/python3.11/site-packages/airflow/example_dags/subdags/subdag.py took 0.036 seconds
[2024-11-13T20:00:34.396+1100] {processor.py:186} INFO - Started process (PID=67665) to work on /Users/yoonmoon/git/learn-airflow/airflow1/py_env/lib/python3.11/site-packages/airflow/example_dags/subdags/subdag.py
[2024-11-13T20:00:34.397+1100] {processor.py:914} INFO - Processing file /Users/yoonmoon/git/learn-airflow/airflow1/py_env/lib/python3.11/site-packages/airflow/example_dags/subdags/subdag.py for tasks to queue
[2024-11-13T20:00:34.397+1100] {logging_mixin.py:190} INFO - [2024-11-13T20:00:34.397+1100] {dagbag.py:588} INFO - Filling up the DagBag from /Users/yoonmoon/git/learn-airflow/airflow1/py_env/lib/python3.11/site-packages/airflow/example_dags/subdags/subdag.py
[2024-11-13T20:00:34.398+1100] {processor.py:927} WARNING - No viable dags retrieved from /Users/yoonmoon/git/learn-airflow/airflow1/py_env/lib/python3.11/site-packages/airflow/example_dags/subdags/subdag.py
[2024-11-13T20:00:34.427+1100] {processor.py:208} INFO - Processing /Users/yoonmoon/git/learn-airflow/airflow1/py_env/lib/python3.11/site-packages/airflow/example_dags/subdags/subdag.py took 0.034 seconds
[2024-11-13T20:01:41.017+1100] {processor.py:186} INFO - Started process (PID=67788) to work on /Users/yoonmoon/git/learn-airflow/airflow1/py_env/lib/python3.11/site-packages/airflow/example_dags/subdags/subdag.py
[2024-11-13T20:01:41.018+1100] {processor.py:914} INFO - Processing file /Users/yoonmoon/git/learn-airflow/airflow1/py_env/lib/python3.11/site-packages/airflow/example_dags/subdags/subdag.py for tasks to queue
[2024-11-13T20:01:41.019+1100] {logging_mixin.py:190} INFO - [2024-11-13T20:01:41.019+1100] {dagbag.py:588} INFO - Filling up the DagBag from /Users/yoonmoon/git/learn-airflow/airflow1/py_env/lib/python3.11/site-packages/airflow/example_dags/subdags/subdag.py
[2024-11-13T20:01:41.020+1100] {processor.py:927} WARNING - No viable dags retrieved from /Users/yoonmoon/git/learn-airflow/airflow1/py_env/lib/python3.11/site-packages/airflow/example_dags/subdags/subdag.py
[2024-11-13T20:01:41.048+1100] {processor.py:208} INFO - Processing /Users/yoonmoon/git/learn-airflow/airflow1/py_env/lib/python3.11/site-packages/airflow/example_dags/subdags/subdag.py took 0.034 seconds
[2024-11-13T20:02:48.324+1100] {processor.py:186} INFO - Started process (PID=67910) to work on /Users/yoonmoon/git/learn-airflow/airflow1/py_env/lib/python3.11/site-packages/airflow/example_dags/subdags/subdag.py
[2024-11-13T20:02:48.326+1100] {processor.py:914} INFO - Processing file /Users/yoonmoon/git/learn-airflow/airflow1/py_env/lib/python3.11/site-packages/airflow/example_dags/subdags/subdag.py for tasks to queue
[2024-11-13T20:02:48.327+1100] {logging_mixin.py:190} INFO - [2024-11-13T20:02:48.327+1100] {dagbag.py:588} INFO - Filling up the DagBag from /Users/yoonmoon/git/learn-airflow/airflow1/py_env/lib/python3.11/site-packages/airflow/example_dags/subdags/subdag.py
[2024-11-13T20:02:48.328+1100] {processor.py:927} WARNING - No viable dags retrieved from /Users/yoonmoon/git/learn-airflow/airflow1/py_env/lib/python3.11/site-packages/airflow/example_dags/subdags/subdag.py
[2024-11-13T20:02:48.356+1100] {processor.py:208} INFO - Processing /Users/yoonmoon/git/learn-airflow/airflow1/py_env/lib/python3.11/site-packages/airflow/example_dags/subdags/subdag.py took 0.034 seconds
[2024-11-13T20:03:57.103+1100] {processor.py:186} INFO - Started process (PID=68033) to work on /Users/yoonmoon/git/learn-airflow/airflow1/py_env/lib/python3.11/site-packages/airflow/example_dags/subdags/subdag.py
[2024-11-13T20:03:57.104+1100] {processor.py:914} INFO - Processing file /Users/yoonmoon/git/learn-airflow/airflow1/py_env/lib/python3.11/site-packages/airflow/example_dags/subdags/subdag.py for tasks to queue
[2024-11-13T20:03:57.105+1100] {logging_mixin.py:190} INFO - [2024-11-13T20:03:57.105+1100] {dagbag.py:588} INFO - Filling up the DagBag from /Users/yoonmoon/git/learn-airflow/airflow1/py_env/lib/python3.11/site-packages/airflow/example_dags/subdags/subdag.py
[2024-11-13T20:03:57.106+1100] {processor.py:927} WARNING - No viable dags retrieved from /Users/yoonmoon/git/learn-airflow/airflow1/py_env/lib/python3.11/site-packages/airflow/example_dags/subdags/subdag.py
[2024-11-13T20:03:57.134+1100] {processor.py:208} INFO - Processing /Users/yoonmoon/git/learn-airflow/airflow1/py_env/lib/python3.11/site-packages/airflow/example_dags/subdags/subdag.py took 0.033 seconds
[2024-11-13T20:05:03.955+1100] {processor.py:186} INFO - Started process (PID=68151) to work on /Users/yoonmoon/git/learn-airflow/airflow1/py_env/lib/python3.11/site-packages/airflow/example_dags/subdags/subdag.py
[2024-11-13T20:05:03.958+1100] {processor.py:914} INFO - Processing file /Users/yoonmoon/git/learn-airflow/airflow1/py_env/lib/python3.11/site-packages/airflow/example_dags/subdags/subdag.py for tasks to queue
[2024-11-13T20:05:03.959+1100] {logging_mixin.py:190} INFO - [2024-11-13T20:05:03.959+1100] {dagbag.py:588} INFO - Filling up the DagBag from /Users/yoonmoon/git/learn-airflow/airflow1/py_env/lib/python3.11/site-packages/airflow/example_dags/subdags/subdag.py
[2024-11-13T20:05:03.960+1100] {processor.py:927} WARNING - No viable dags retrieved from /Users/yoonmoon/git/learn-airflow/airflow1/py_env/lib/python3.11/site-packages/airflow/example_dags/subdags/subdag.py
[2024-11-13T20:05:03.990+1100] {processor.py:208} INFO - Processing /Users/yoonmoon/git/learn-airflow/airflow1/py_env/lib/python3.11/site-packages/airflow/example_dags/subdags/subdag.py took 0.037 seconds
[2024-11-13T20:06:15.143+1100] {processor.py:186} INFO - Started process (PID=68316) to work on /Users/yoonmoon/git/learn-airflow/airflow1/py_env/lib/python3.11/site-packages/airflow/example_dags/subdags/subdag.py
[2024-11-13T20:06:15.144+1100] {processor.py:914} INFO - Processing file /Users/yoonmoon/git/learn-airflow/airflow1/py_env/lib/python3.11/site-packages/airflow/example_dags/subdags/subdag.py for tasks to queue
[2024-11-13T20:06:15.145+1100] {logging_mixin.py:190} INFO - [2024-11-13T20:06:15.145+1100] {dagbag.py:588} INFO - Filling up the DagBag from /Users/yoonmoon/git/learn-airflow/airflow1/py_env/lib/python3.11/site-packages/airflow/example_dags/subdags/subdag.py
[2024-11-13T20:06:15.146+1100] {processor.py:927} WARNING - No viable dags retrieved from /Users/yoonmoon/git/learn-airflow/airflow1/py_env/lib/python3.11/site-packages/airflow/example_dags/subdags/subdag.py
[2024-11-13T20:06:15.176+1100] {processor.py:208} INFO - Processing /Users/yoonmoon/git/learn-airflow/airflow1/py_env/lib/python3.11/site-packages/airflow/example_dags/subdags/subdag.py took 0.035 seconds
[2024-11-13T20:07:25.430+1100] {processor.py:186} INFO - Started process (PID=68452) to work on /Users/yoonmoon/git/learn-airflow/airflow1/py_env/lib/python3.11/site-packages/airflow/example_dags/subdags/subdag.py
[2024-11-13T20:07:25.431+1100] {processor.py:914} INFO - Processing file /Users/yoonmoon/git/learn-airflow/airflow1/py_env/lib/python3.11/site-packages/airflow/example_dags/subdags/subdag.py for tasks to queue
[2024-11-13T20:07:25.432+1100] {logging_mixin.py:190} INFO - [2024-11-13T20:07:25.431+1100] {dagbag.py:588} INFO - Filling up the DagBag from /Users/yoonmoon/git/learn-airflow/airflow1/py_env/lib/python3.11/site-packages/airflow/example_dags/subdags/subdag.py
[2024-11-13T20:07:25.433+1100] {processor.py:927} WARNING - No viable dags retrieved from /Users/yoonmoon/git/learn-airflow/airflow1/py_env/lib/python3.11/site-packages/airflow/example_dags/subdags/subdag.py
[2024-11-13T20:07:25.461+1100] {processor.py:208} INFO - Processing /Users/yoonmoon/git/learn-airflow/airflow1/py_env/lib/python3.11/site-packages/airflow/example_dags/subdags/subdag.py took 0.033 seconds
[2024-11-13T20:08:35.676+1100] {processor.py:186} INFO - Started process (PID=68586) to work on /Users/yoonmoon/git/learn-airflow/airflow1/py_env/lib/python3.11/site-packages/airflow/example_dags/subdags/subdag.py
[2024-11-13T20:08:35.677+1100] {processor.py:914} INFO - Processing file /Users/yoonmoon/git/learn-airflow/airflow1/py_env/lib/python3.11/site-packages/airflow/example_dags/subdags/subdag.py for tasks to queue
[2024-11-13T20:08:35.678+1100] {logging_mixin.py:190} INFO - [2024-11-13T20:08:35.677+1100] {dagbag.py:588} INFO - Filling up the DagBag from /Users/yoonmoon/git/learn-airflow/airflow1/py_env/lib/python3.11/site-packages/airflow/example_dags/subdags/subdag.py
[2024-11-13T20:08:35.679+1100] {processor.py:927} WARNING - No viable dags retrieved from /Users/yoonmoon/git/learn-airflow/airflow1/py_env/lib/python3.11/site-packages/airflow/example_dags/subdags/subdag.py
[2024-11-13T20:08:35.707+1100] {processor.py:208} INFO - Processing /Users/yoonmoon/git/learn-airflow/airflow1/py_env/lib/python3.11/site-packages/airflow/example_dags/subdags/subdag.py took 0.033 seconds
[2024-11-13T20:09:47.475+1100] {processor.py:186} INFO - Started process (PID=68717) to work on /Users/yoonmoon/git/learn-airflow/airflow1/py_env/lib/python3.11/site-packages/airflow/example_dags/subdags/subdag.py
[2024-11-13T20:09:47.476+1100] {processor.py:914} INFO - Processing file /Users/yoonmoon/git/learn-airflow/airflow1/py_env/lib/python3.11/site-packages/airflow/example_dags/subdags/subdag.py for tasks to queue
[2024-11-13T20:09:47.476+1100] {logging_mixin.py:190} INFO - [2024-11-13T20:09:47.476+1100] {dagbag.py:588} INFO - Filling up the DagBag from /Users/yoonmoon/git/learn-airflow/airflow1/py_env/lib/python3.11/site-packages/airflow/example_dags/subdags/subdag.py
[2024-11-13T20:09:47.477+1100] {processor.py:927} WARNING - No viable dags retrieved from /Users/yoonmoon/git/learn-airflow/airflow1/py_env/lib/python3.11/site-packages/airflow/example_dags/subdags/subdag.py
[2024-11-13T20:09:47.506+1100] {processor.py:208} INFO - Processing /Users/yoonmoon/git/learn-airflow/airflow1/py_env/lib/python3.11/site-packages/airflow/example_dags/subdags/subdag.py took 0.033 seconds
[2024-11-13T20:10:56.348+1100] {processor.py:186} INFO - Started process (PID=68870) to work on /Users/yoonmoon/git/learn-airflow/airflow1/py_env/lib/python3.11/site-packages/airflow/example_dags/subdags/subdag.py
[2024-11-13T20:10:56.349+1100] {processor.py:914} INFO - Processing file /Users/yoonmoon/git/learn-airflow/airflow1/py_env/lib/python3.11/site-packages/airflow/example_dags/subdags/subdag.py for tasks to queue
[2024-11-13T20:10:56.349+1100] {logging_mixin.py:190} INFO - [2024-11-13T20:10:56.349+1100] {dagbag.py:588} INFO - Filling up the DagBag from /Users/yoonmoon/git/learn-airflow/airflow1/py_env/lib/python3.11/site-packages/airflow/example_dags/subdags/subdag.py
[2024-11-13T20:10:56.350+1100] {processor.py:927} WARNING - No viable dags retrieved from /Users/yoonmoon/git/learn-airflow/airflow1/py_env/lib/python3.11/site-packages/airflow/example_dags/subdags/subdag.py
[2024-11-13T20:10:56.378+1100] {processor.py:208} INFO - Processing /Users/yoonmoon/git/learn-airflow/airflow1/py_env/lib/python3.11/site-packages/airflow/example_dags/subdags/subdag.py took 0.033 seconds
[2024-11-13T20:12:02.955+1100] {processor.py:186} INFO - Started process (PID=68994) to work on /Users/yoonmoon/git/learn-airflow/airflow1/py_env/lib/python3.11/site-packages/airflow/example_dags/subdags/subdag.py
[2024-11-13T20:12:02.956+1100] {processor.py:914} INFO - Processing file /Users/yoonmoon/git/learn-airflow/airflow1/py_env/lib/python3.11/site-packages/airflow/example_dags/subdags/subdag.py for tasks to queue
[2024-11-13T20:12:02.956+1100] {logging_mixin.py:190} INFO - [2024-11-13T20:12:02.956+1100] {dagbag.py:588} INFO - Filling up the DagBag from /Users/yoonmoon/git/learn-airflow/airflow1/py_env/lib/python3.11/site-packages/airflow/example_dags/subdags/subdag.py
[2024-11-13T20:12:02.957+1100] {processor.py:927} WARNING - No viable dags retrieved from /Users/yoonmoon/git/learn-airflow/airflow1/py_env/lib/python3.11/site-packages/airflow/example_dags/subdags/subdag.py
[2024-11-13T20:12:03.001+1100] {processor.py:208} INFO - Processing /Users/yoonmoon/git/learn-airflow/airflow1/py_env/lib/python3.11/site-packages/airflow/example_dags/subdags/subdag.py took 0.048 seconds
[2024-11-13T20:13:11.130+1100] {processor.py:186} INFO - Started process (PID=69121) to work on /Users/yoonmoon/git/learn-airflow/airflow1/py_env/lib/python3.11/site-packages/airflow/example_dags/subdags/subdag.py
[2024-11-13T20:13:11.130+1100] {processor.py:914} INFO - Processing file /Users/yoonmoon/git/learn-airflow/airflow1/py_env/lib/python3.11/site-packages/airflow/example_dags/subdags/subdag.py for tasks to queue
[2024-11-13T20:13:11.131+1100] {logging_mixin.py:190} INFO - [2024-11-13T20:13:11.131+1100] {dagbag.py:588} INFO - Filling up the DagBag from /Users/yoonmoon/git/learn-airflow/airflow1/py_env/lib/python3.11/site-packages/airflow/example_dags/subdags/subdag.py
[2024-11-13T20:13:11.132+1100] {processor.py:927} WARNING - No viable dags retrieved from /Users/yoonmoon/git/learn-airflow/airflow1/py_env/lib/python3.11/site-packages/airflow/example_dags/subdags/subdag.py
[2024-11-13T20:13:11.160+1100] {processor.py:208} INFO - Processing /Users/yoonmoon/git/learn-airflow/airflow1/py_env/lib/python3.11/site-packages/airflow/example_dags/subdags/subdag.py took 0.033 seconds
[2024-11-13T20:14:19.444+1100] {processor.py:186} INFO - Started process (PID=69243) to work on /Users/yoonmoon/git/learn-airflow/airflow1/py_env/lib/python3.11/site-packages/airflow/example_dags/subdags/subdag.py
[2024-11-13T20:14:19.445+1100] {processor.py:914} INFO - Processing file /Users/yoonmoon/git/learn-airflow/airflow1/py_env/lib/python3.11/site-packages/airflow/example_dags/subdags/subdag.py for tasks to queue
[2024-11-13T20:14:19.445+1100] {logging_mixin.py:190} INFO - [2024-11-13T20:14:19.445+1100] {dagbag.py:588} INFO - Filling up the DagBag from /Users/yoonmoon/git/learn-airflow/airflow1/py_env/lib/python3.11/site-packages/airflow/example_dags/subdags/subdag.py
[2024-11-13T20:14:19.446+1100] {processor.py:927} WARNING - No viable dags retrieved from /Users/yoonmoon/git/learn-airflow/airflow1/py_env/lib/python3.11/site-packages/airflow/example_dags/subdags/subdag.py
[2024-11-13T20:14:19.475+1100] {processor.py:208} INFO - Processing /Users/yoonmoon/git/learn-airflow/airflow1/py_env/lib/python3.11/site-packages/airflow/example_dags/subdags/subdag.py took 0.033 seconds
[2024-11-13T20:15:30.476+1100] {processor.py:186} INFO - Started process (PID=69369) to work on /Users/yoonmoon/git/learn-airflow/airflow1/py_env/lib/python3.11/site-packages/airflow/example_dags/subdags/subdag.py
[2024-11-13T20:15:30.478+1100] {processor.py:914} INFO - Processing file /Users/yoonmoon/git/learn-airflow/airflow1/py_env/lib/python3.11/site-packages/airflow/example_dags/subdags/subdag.py for tasks to queue
[2024-11-13T20:15:30.478+1100] {logging_mixin.py:190} INFO - [2024-11-13T20:15:30.478+1100] {dagbag.py:588} INFO - Filling up the DagBag from /Users/yoonmoon/git/learn-airflow/airflow1/py_env/lib/python3.11/site-packages/airflow/example_dags/subdags/subdag.py
[2024-11-13T20:15:30.479+1100] {processor.py:927} WARNING - No viable dags retrieved from /Users/yoonmoon/git/learn-airflow/airflow1/py_env/lib/python3.11/site-packages/airflow/example_dags/subdags/subdag.py
[2024-11-13T20:15:30.508+1100] {processor.py:208} INFO - Processing /Users/yoonmoon/git/learn-airflow/airflow1/py_env/lib/python3.11/site-packages/airflow/example_dags/subdags/subdag.py took 0.034 seconds
[2024-11-13T20:16:38.870+1100] {processor.py:186} INFO - Started process (PID=69492) to work on /Users/yoonmoon/git/learn-airflow/airflow1/py_env/lib/python3.11/site-packages/airflow/example_dags/subdags/subdag.py
[2024-11-13T20:16:38.871+1100] {processor.py:914} INFO - Processing file /Users/yoonmoon/git/learn-airflow/airflow1/py_env/lib/python3.11/site-packages/airflow/example_dags/subdags/subdag.py for tasks to queue
[2024-11-13T20:16:38.872+1100] {logging_mixin.py:190} INFO - [2024-11-13T20:16:38.872+1100] {dagbag.py:588} INFO - Filling up the DagBag from /Users/yoonmoon/git/learn-airflow/airflow1/py_env/lib/python3.11/site-packages/airflow/example_dags/subdags/subdag.py
[2024-11-13T20:16:38.873+1100] {processor.py:927} WARNING - No viable dags retrieved from /Users/yoonmoon/git/learn-airflow/airflow1/py_env/lib/python3.11/site-packages/airflow/example_dags/subdags/subdag.py
[2024-11-13T20:16:38.901+1100] {processor.py:208} INFO - Processing /Users/yoonmoon/git/learn-airflow/airflow1/py_env/lib/python3.11/site-packages/airflow/example_dags/subdags/subdag.py took 0.034 seconds
[2024-11-13T20:17:47.381+1100] {processor.py:186} INFO - Started process (PID=69622) to work on /Users/yoonmoon/git/learn-airflow/airflow1/py_env/lib/python3.11/site-packages/airflow/example_dags/subdags/subdag.py
[2024-11-13T20:17:47.381+1100] {processor.py:914} INFO - Processing file /Users/yoonmoon/git/learn-airflow/airflow1/py_env/lib/python3.11/site-packages/airflow/example_dags/subdags/subdag.py for tasks to queue
[2024-11-13T20:17:47.382+1100] {logging_mixin.py:190} INFO - [2024-11-13T20:17:47.382+1100] {dagbag.py:588} INFO - Filling up the DagBag from /Users/yoonmoon/git/learn-airflow/airflow1/py_env/lib/python3.11/site-packages/airflow/example_dags/subdags/subdag.py
[2024-11-13T20:17:47.383+1100] {processor.py:927} WARNING - No viable dags retrieved from /Users/yoonmoon/git/learn-airflow/airflow1/py_env/lib/python3.11/site-packages/airflow/example_dags/subdags/subdag.py
[2024-11-13T20:17:47.412+1100] {processor.py:208} INFO - Processing /Users/yoonmoon/git/learn-airflow/airflow1/py_env/lib/python3.11/site-packages/airflow/example_dags/subdags/subdag.py took 0.033 seconds
[2024-11-13T20:18:57.286+1100] {processor.py:186} INFO - Started process (PID=69764) to work on /Users/yoonmoon/git/learn-airflow/airflow1/py_env/lib/python3.11/site-packages/airflow/example_dags/subdags/subdag.py
[2024-11-13T20:18:57.286+1100] {processor.py:914} INFO - Processing file /Users/yoonmoon/git/learn-airflow/airflow1/py_env/lib/python3.11/site-packages/airflow/example_dags/subdags/subdag.py for tasks to queue
[2024-11-13T20:18:57.287+1100] {logging_mixin.py:190} INFO - [2024-11-13T20:18:57.287+1100] {dagbag.py:588} INFO - Filling up the DagBag from /Users/yoonmoon/git/learn-airflow/airflow1/py_env/lib/python3.11/site-packages/airflow/example_dags/subdags/subdag.py
[2024-11-13T20:18:57.288+1100] {processor.py:927} WARNING - No viable dags retrieved from /Users/yoonmoon/git/learn-airflow/airflow1/py_env/lib/python3.11/site-packages/airflow/example_dags/subdags/subdag.py
[2024-11-13T20:18:57.317+1100] {processor.py:208} INFO - Processing /Users/yoonmoon/git/learn-airflow/airflow1/py_env/lib/python3.11/site-packages/airflow/example_dags/subdags/subdag.py took 0.034 seconds
[2024-11-13T20:20:08.443+1100] {processor.py:186} INFO - Started process (PID=69955) to work on /Users/yoonmoon/git/learn-airflow/airflow1/py_env/lib/python3.11/site-packages/airflow/example_dags/subdags/subdag.py
[2024-11-13T20:20:08.444+1100] {processor.py:914} INFO - Processing file /Users/yoonmoon/git/learn-airflow/airflow1/py_env/lib/python3.11/site-packages/airflow/example_dags/subdags/subdag.py for tasks to queue
[2024-11-13T20:20:08.445+1100] {logging_mixin.py:190} INFO - [2024-11-13T20:20:08.444+1100] {dagbag.py:588} INFO - Filling up the DagBag from /Users/yoonmoon/git/learn-airflow/airflow1/py_env/lib/python3.11/site-packages/airflow/example_dags/subdags/subdag.py
[2024-11-13T20:20:08.446+1100] {processor.py:927} WARNING - No viable dags retrieved from /Users/yoonmoon/git/learn-airflow/airflow1/py_env/lib/python3.11/site-packages/airflow/example_dags/subdags/subdag.py
[2024-11-13T20:20:08.474+1100] {processor.py:208} INFO - Processing /Users/yoonmoon/git/learn-airflow/airflow1/py_env/lib/python3.11/site-packages/airflow/example_dags/subdags/subdag.py took 0.034 seconds
[2024-11-13T20:21:17.320+1100] {processor.py:186} INFO - Started process (PID=70142) to work on /Users/yoonmoon/git/learn-airflow/airflow1/py_env/lib/python3.11/site-packages/airflow/example_dags/subdags/subdag.py
[2024-11-13T20:21:17.321+1100] {processor.py:914} INFO - Processing file /Users/yoonmoon/git/learn-airflow/airflow1/py_env/lib/python3.11/site-packages/airflow/example_dags/subdags/subdag.py for tasks to queue
[2024-11-13T20:21:17.322+1100] {logging_mixin.py:190} INFO - [2024-11-13T20:21:17.322+1100] {dagbag.py:588} INFO - Filling up the DagBag from /Users/yoonmoon/git/learn-airflow/airflow1/py_env/lib/python3.11/site-packages/airflow/example_dags/subdags/subdag.py
[2024-11-13T20:21:17.323+1100] {processor.py:927} WARNING - No viable dags retrieved from /Users/yoonmoon/git/learn-airflow/airflow1/py_env/lib/python3.11/site-packages/airflow/example_dags/subdags/subdag.py
[2024-11-13T20:21:17.354+1100] {processor.py:208} INFO - Processing /Users/yoonmoon/git/learn-airflow/airflow1/py_env/lib/python3.11/site-packages/airflow/example_dags/subdags/subdag.py took 0.036 seconds
[2024-11-13T20:22:25.073+1100] {processor.py:186} INFO - Started process (PID=70265) to work on /Users/yoonmoon/git/learn-airflow/airflow1/py_env/lib/python3.11/site-packages/airflow/example_dags/subdags/subdag.py
[2024-11-13T20:22:25.074+1100] {processor.py:914} INFO - Processing file /Users/yoonmoon/git/learn-airflow/airflow1/py_env/lib/python3.11/site-packages/airflow/example_dags/subdags/subdag.py for tasks to queue
[2024-11-13T20:22:25.075+1100] {logging_mixin.py:190} INFO - [2024-11-13T20:22:25.075+1100] {dagbag.py:588} INFO - Filling up the DagBag from /Users/yoonmoon/git/learn-airflow/airflow1/py_env/lib/python3.11/site-packages/airflow/example_dags/subdags/subdag.py
[2024-11-13T20:22:25.076+1100] {processor.py:927} WARNING - No viable dags retrieved from /Users/yoonmoon/git/learn-airflow/airflow1/py_env/lib/python3.11/site-packages/airflow/example_dags/subdags/subdag.py
[2024-11-13T20:22:25.106+1100] {processor.py:208} INFO - Processing /Users/yoonmoon/git/learn-airflow/airflow1/py_env/lib/python3.11/site-packages/airflow/example_dags/subdags/subdag.py took 0.035 seconds
[2024-11-13T20:23:29.001+1100] {processor.py:186} INFO - Started process (PID=70396) to work on /Users/yoonmoon/git/learn-airflow/airflow1/py_env/lib/python3.11/site-packages/airflow/example_dags/subdags/subdag.py
[2024-11-13T20:23:29.002+1100] {processor.py:914} INFO - Processing file /Users/yoonmoon/git/learn-airflow/airflow1/py_env/lib/python3.11/site-packages/airflow/example_dags/subdags/subdag.py for tasks to queue
[2024-11-13T20:23:29.003+1100] {logging_mixin.py:190} INFO - [2024-11-13T20:23:29.003+1100] {dagbag.py:588} INFO - Filling up the DagBag from /Users/yoonmoon/git/learn-airflow/airflow1/py_env/lib/python3.11/site-packages/airflow/example_dags/subdags/subdag.py
[2024-11-13T20:23:29.004+1100] {processor.py:927} WARNING - No viable dags retrieved from /Users/yoonmoon/git/learn-airflow/airflow1/py_env/lib/python3.11/site-packages/airflow/example_dags/subdags/subdag.py
[2024-11-13T20:23:29.032+1100] {processor.py:208} INFO - Processing /Users/yoonmoon/git/learn-airflow/airflow1/py_env/lib/python3.11/site-packages/airflow/example_dags/subdags/subdag.py took 0.033 seconds
[2024-11-13T20:24:37.067+1100] {processor.py:186} INFO - Started process (PID=70521) to work on /Users/yoonmoon/git/learn-airflow/airflow1/py_env/lib/python3.11/site-packages/airflow/example_dags/subdags/subdag.py
[2024-11-13T20:24:37.068+1100] {processor.py:914} INFO - Processing file /Users/yoonmoon/git/learn-airflow/airflow1/py_env/lib/python3.11/site-packages/airflow/example_dags/subdags/subdag.py for tasks to queue
[2024-11-13T20:24:37.069+1100] {logging_mixin.py:190} INFO - [2024-11-13T20:24:37.069+1100] {dagbag.py:588} INFO - Filling up the DagBag from /Users/yoonmoon/git/learn-airflow/airflow1/py_env/lib/python3.11/site-packages/airflow/example_dags/subdags/subdag.py
[2024-11-13T20:24:37.070+1100] {processor.py:927} WARNING - No viable dags retrieved from /Users/yoonmoon/git/learn-airflow/airflow1/py_env/lib/python3.11/site-packages/airflow/example_dags/subdags/subdag.py
[2024-11-13T20:24:37.098+1100] {processor.py:208} INFO - Processing /Users/yoonmoon/git/learn-airflow/airflow1/py_env/lib/python3.11/site-packages/airflow/example_dags/subdags/subdag.py took 0.033 seconds
[2024-11-13T20:25:45.328+1100] {processor.py:186} INFO - Started process (PID=70645) to work on /Users/yoonmoon/git/learn-airflow/airflow1/py_env/lib/python3.11/site-packages/airflow/example_dags/subdags/subdag.py
[2024-11-13T20:25:45.329+1100] {processor.py:914} INFO - Processing file /Users/yoonmoon/git/learn-airflow/airflow1/py_env/lib/python3.11/site-packages/airflow/example_dags/subdags/subdag.py for tasks to queue
[2024-11-13T20:25:45.329+1100] {logging_mixin.py:190} INFO - [2024-11-13T20:25:45.329+1100] {dagbag.py:588} INFO - Filling up the DagBag from /Users/yoonmoon/git/learn-airflow/airflow1/py_env/lib/python3.11/site-packages/airflow/example_dags/subdags/subdag.py
[2024-11-13T20:25:45.330+1100] {processor.py:927} WARNING - No viable dags retrieved from /Users/yoonmoon/git/learn-airflow/airflow1/py_env/lib/python3.11/site-packages/airflow/example_dags/subdags/subdag.py
[2024-11-13T20:25:45.359+1100] {processor.py:208} INFO - Processing /Users/yoonmoon/git/learn-airflow/airflow1/py_env/lib/python3.11/site-packages/airflow/example_dags/subdags/subdag.py took 0.033 seconds
[2024-11-13T20:26:53.973+1100] {processor.py:186} INFO - Started process (PID=70798) to work on /Users/yoonmoon/git/learn-airflow/airflow1/py_env/lib/python3.11/site-packages/airflow/example_dags/subdags/subdag.py
[2024-11-13T20:26:53.974+1100] {processor.py:914} INFO - Processing file /Users/yoonmoon/git/learn-airflow/airflow1/py_env/lib/python3.11/site-packages/airflow/example_dags/subdags/subdag.py for tasks to queue
[2024-11-13T20:26:53.974+1100] {logging_mixin.py:190} INFO - [2024-11-13T20:26:53.974+1100] {dagbag.py:588} INFO - Filling up the DagBag from /Users/yoonmoon/git/learn-airflow/airflow1/py_env/lib/python3.11/site-packages/airflow/example_dags/subdags/subdag.py
[2024-11-13T20:26:53.975+1100] {processor.py:927} WARNING - No viable dags retrieved from /Users/yoonmoon/git/learn-airflow/airflow1/py_env/lib/python3.11/site-packages/airflow/example_dags/subdags/subdag.py
[2024-11-13T20:26:54.004+1100] {processor.py:208} INFO - Processing /Users/yoonmoon/git/learn-airflow/airflow1/py_env/lib/python3.11/site-packages/airflow/example_dags/subdags/subdag.py took 0.033 seconds
[2024-11-13T20:28:04.285+1100] {processor.py:186} INFO - Started process (PID=70930) to work on /Users/yoonmoon/git/learn-airflow/airflow1/py_env/lib/python3.11/site-packages/airflow/example_dags/subdags/subdag.py
[2024-11-13T20:28:04.287+1100] {processor.py:914} INFO - Processing file /Users/yoonmoon/git/learn-airflow/airflow1/py_env/lib/python3.11/site-packages/airflow/example_dags/subdags/subdag.py for tasks to queue
[2024-11-13T20:28:04.287+1100] {logging_mixin.py:190} INFO - [2024-11-13T20:28:04.287+1100] {dagbag.py:588} INFO - Filling up the DagBag from /Users/yoonmoon/git/learn-airflow/airflow1/py_env/lib/python3.11/site-packages/airflow/example_dags/subdags/subdag.py
[2024-11-13T20:28:04.288+1100] {processor.py:927} WARNING - No viable dags retrieved from /Users/yoonmoon/git/learn-airflow/airflow1/py_env/lib/python3.11/site-packages/airflow/example_dags/subdags/subdag.py
[2024-11-13T20:28:04.316+1100] {processor.py:208} INFO - Processing /Users/yoonmoon/git/learn-airflow/airflow1/py_env/lib/python3.11/site-packages/airflow/example_dags/subdags/subdag.py took 0.033 seconds
[2024-11-13T20:29:09.588+1100] {processor.py:186} INFO - Started process (PID=71075) to work on /Users/yoonmoon/git/learn-airflow/airflow1/py_env/lib/python3.11/site-packages/airflow/example_dags/subdags/subdag.py
[2024-11-13T20:29:09.589+1100] {processor.py:914} INFO - Processing file /Users/yoonmoon/git/learn-airflow/airflow1/py_env/lib/python3.11/site-packages/airflow/example_dags/subdags/subdag.py for tasks to queue
[2024-11-13T20:29:09.590+1100] {logging_mixin.py:190} INFO - [2024-11-13T20:29:09.590+1100] {dagbag.py:588} INFO - Filling up the DagBag from /Users/yoonmoon/git/learn-airflow/airflow1/py_env/lib/python3.11/site-packages/airflow/example_dags/subdags/subdag.py
[2024-11-13T20:29:09.591+1100] {processor.py:927} WARNING - No viable dags retrieved from /Users/yoonmoon/git/learn-airflow/airflow1/py_env/lib/python3.11/site-packages/airflow/example_dags/subdags/subdag.py
[2024-11-13T20:29:09.620+1100] {processor.py:208} INFO - Processing /Users/yoonmoon/git/learn-airflow/airflow1/py_env/lib/python3.11/site-packages/airflow/example_dags/subdags/subdag.py took 0.034 seconds
[2024-11-13T20:30:17.496+1100] {processor.py:186} INFO - Started process (PID=71200) to work on /Users/yoonmoon/git/learn-airflow/airflow1/py_env/lib/python3.11/site-packages/airflow/example_dags/subdags/subdag.py
[2024-11-13T20:30:17.497+1100] {processor.py:914} INFO - Processing file /Users/yoonmoon/git/learn-airflow/airflow1/py_env/lib/python3.11/site-packages/airflow/example_dags/subdags/subdag.py for tasks to queue
[2024-11-13T20:30:17.497+1100] {logging_mixin.py:190} INFO - [2024-11-13T20:30:17.497+1100] {dagbag.py:588} INFO - Filling up the DagBag from /Users/yoonmoon/git/learn-airflow/airflow1/py_env/lib/python3.11/site-packages/airflow/example_dags/subdags/subdag.py
[2024-11-13T20:30:17.499+1100] {processor.py:927} WARNING - No viable dags retrieved from /Users/yoonmoon/git/learn-airflow/airflow1/py_env/lib/python3.11/site-packages/airflow/example_dags/subdags/subdag.py
[2024-11-13T20:30:17.529+1100] {processor.py:208} INFO - Processing /Users/yoonmoon/git/learn-airflow/airflow1/py_env/lib/python3.11/site-packages/airflow/example_dags/subdags/subdag.py took 0.035 seconds
[2024-11-13T20:31:27.121+1100] {processor.py:186} INFO - Started process (PID=71323) to work on /Users/yoonmoon/git/learn-airflow/airflow1/py_env/lib/python3.11/site-packages/airflow/example_dags/subdags/subdag.py
[2024-11-13T20:31:27.122+1100] {processor.py:914} INFO - Processing file /Users/yoonmoon/git/learn-airflow/airflow1/py_env/lib/python3.11/site-packages/airflow/example_dags/subdags/subdag.py for tasks to queue
[2024-11-13T20:31:27.122+1100] {logging_mixin.py:190} INFO - [2024-11-13T20:31:27.122+1100] {dagbag.py:588} INFO - Filling up the DagBag from /Users/yoonmoon/git/learn-airflow/airflow1/py_env/lib/python3.11/site-packages/airflow/example_dags/subdags/subdag.py
[2024-11-13T20:31:27.123+1100] {processor.py:927} WARNING - No viable dags retrieved from /Users/yoonmoon/git/learn-airflow/airflow1/py_env/lib/python3.11/site-packages/airflow/example_dags/subdags/subdag.py
[2024-11-13T20:31:27.151+1100] {processor.py:208} INFO - Processing /Users/yoonmoon/git/learn-airflow/airflow1/py_env/lib/python3.11/site-packages/airflow/example_dags/subdags/subdag.py took 0.033 seconds
[2024-11-13T20:32:38.062+1100] {processor.py:186} INFO - Started process (PID=71453) to work on /Users/yoonmoon/git/learn-airflow/airflow1/py_env/lib/python3.11/site-packages/airflow/example_dags/subdags/subdag.py
[2024-11-13T20:32:38.062+1100] {processor.py:914} INFO - Processing file /Users/yoonmoon/git/learn-airflow/airflow1/py_env/lib/python3.11/site-packages/airflow/example_dags/subdags/subdag.py for tasks to queue
[2024-11-13T20:32:38.063+1100] {logging_mixin.py:190} INFO - [2024-11-13T20:32:38.063+1100] {dagbag.py:588} INFO - Filling up the DagBag from /Users/yoonmoon/git/learn-airflow/airflow1/py_env/lib/python3.11/site-packages/airflow/example_dags/subdags/subdag.py
[2024-11-13T20:32:38.064+1100] {processor.py:927} WARNING - No viable dags retrieved from /Users/yoonmoon/git/learn-airflow/airflow1/py_env/lib/python3.11/site-packages/airflow/example_dags/subdags/subdag.py
[2024-11-13T20:32:38.093+1100] {processor.py:208} INFO - Processing /Users/yoonmoon/git/learn-airflow/airflow1/py_env/lib/python3.11/site-packages/airflow/example_dags/subdags/subdag.py took 0.033 seconds
[2024-11-13T20:33:48.862+1100] {processor.py:186} INFO - Started process (PID=71581) to work on /Users/yoonmoon/git/learn-airflow/airflow1/py_env/lib/python3.11/site-packages/airflow/example_dags/subdags/subdag.py
[2024-11-13T20:33:48.863+1100] {processor.py:914} INFO - Processing file /Users/yoonmoon/git/learn-airflow/airflow1/py_env/lib/python3.11/site-packages/airflow/example_dags/subdags/subdag.py for tasks to queue
[2024-11-13T20:33:48.864+1100] {logging_mixin.py:190} INFO - [2024-11-13T20:33:48.864+1100] {dagbag.py:588} INFO - Filling up the DagBag from /Users/yoonmoon/git/learn-airflow/airflow1/py_env/lib/python3.11/site-packages/airflow/example_dags/subdags/subdag.py
[2024-11-13T20:33:48.865+1100] {processor.py:927} WARNING - No viable dags retrieved from /Users/yoonmoon/git/learn-airflow/airflow1/py_env/lib/python3.11/site-packages/airflow/example_dags/subdags/subdag.py
[2024-11-13T20:33:48.894+1100] {processor.py:208} INFO - Processing /Users/yoonmoon/git/learn-airflow/airflow1/py_env/lib/python3.11/site-packages/airflow/example_dags/subdags/subdag.py took 0.034 seconds
[2024-11-13T20:34:59.982+1100] {processor.py:186} INFO - Started process (PID=71715) to work on /Users/yoonmoon/git/learn-airflow/airflow1/py_env/lib/python3.11/site-packages/airflow/example_dags/subdags/subdag.py
[2024-11-13T20:34:59.983+1100] {processor.py:914} INFO - Processing file /Users/yoonmoon/git/learn-airflow/airflow1/py_env/lib/python3.11/site-packages/airflow/example_dags/subdags/subdag.py for tasks to queue
[2024-11-13T20:34:59.983+1100] {logging_mixin.py:190} INFO - [2024-11-13T20:34:59.983+1100] {dagbag.py:588} INFO - Filling up the DagBag from /Users/yoonmoon/git/learn-airflow/airflow1/py_env/lib/python3.11/site-packages/airflow/example_dags/subdags/subdag.py
[2024-11-13T20:34:59.985+1100] {processor.py:927} WARNING - No viable dags retrieved from /Users/yoonmoon/git/learn-airflow/airflow1/py_env/lib/python3.11/site-packages/airflow/example_dags/subdags/subdag.py
[2024-11-13T20:35:00.013+1100] {processor.py:208} INFO - Processing /Users/yoonmoon/git/learn-airflow/airflow1/py_env/lib/python3.11/site-packages/airflow/example_dags/subdags/subdag.py took 0.033 seconds
[2024-11-13T20:36:09.275+1100] {processor.py:186} INFO - Started process (PID=71857) to work on /Users/yoonmoon/git/learn-airflow/airflow1/py_env/lib/python3.11/site-packages/airflow/example_dags/subdags/subdag.py
[2024-11-13T20:36:09.276+1100] {processor.py:914} INFO - Processing file /Users/yoonmoon/git/learn-airflow/airflow1/py_env/lib/python3.11/site-packages/airflow/example_dags/subdags/subdag.py for tasks to queue
[2024-11-13T20:36:09.276+1100] {logging_mixin.py:190} INFO - [2024-11-13T20:36:09.276+1100] {dagbag.py:588} INFO - Filling up the DagBag from /Users/yoonmoon/git/learn-airflow/airflow1/py_env/lib/python3.11/site-packages/airflow/example_dags/subdags/subdag.py
[2024-11-13T20:36:09.277+1100] {processor.py:927} WARNING - No viable dags retrieved from /Users/yoonmoon/git/learn-airflow/airflow1/py_env/lib/python3.11/site-packages/airflow/example_dags/subdags/subdag.py
[2024-11-13T20:36:09.306+1100] {processor.py:208} INFO - Processing /Users/yoonmoon/git/learn-airflow/airflow1/py_env/lib/python3.11/site-packages/airflow/example_dags/subdags/subdag.py took 0.033 seconds
[2024-11-13T20:37:17.401+1100] {processor.py:186} INFO - Started process (PID=72005) to work on /Users/yoonmoon/git/learn-airflow/airflow1/py_env/lib/python3.11/site-packages/airflow/example_dags/subdags/subdag.py
[2024-11-13T20:37:17.402+1100] {processor.py:914} INFO - Processing file /Users/yoonmoon/git/learn-airflow/airflow1/py_env/lib/python3.11/site-packages/airflow/example_dags/subdags/subdag.py for tasks to queue
[2024-11-13T20:37:17.402+1100] {logging_mixin.py:190} INFO - [2024-11-13T20:37:17.402+1100] {dagbag.py:588} INFO - Filling up the DagBag from /Users/yoonmoon/git/learn-airflow/airflow1/py_env/lib/python3.11/site-packages/airflow/example_dags/subdags/subdag.py
[2024-11-13T20:37:17.404+1100] {processor.py:927} WARNING - No viable dags retrieved from /Users/yoonmoon/git/learn-airflow/airflow1/py_env/lib/python3.11/site-packages/airflow/example_dags/subdags/subdag.py
[2024-11-13T20:37:17.433+1100] {processor.py:208} INFO - Processing /Users/yoonmoon/git/learn-airflow/airflow1/py_env/lib/python3.11/site-packages/airflow/example_dags/subdags/subdag.py took 0.034 seconds
[2024-11-13T20:38:27.499+1100] {processor.py:186} INFO - Started process (PID=72152) to work on /Users/yoonmoon/git/learn-airflow/airflow1/py_env/lib/python3.11/site-packages/airflow/example_dags/subdags/subdag.py
[2024-11-13T20:38:27.500+1100] {processor.py:914} INFO - Processing file /Users/yoonmoon/git/learn-airflow/airflow1/py_env/lib/python3.11/site-packages/airflow/example_dags/subdags/subdag.py for tasks to queue
[2024-11-13T20:38:27.500+1100] {logging_mixin.py:190} INFO - [2024-11-13T20:38:27.500+1100] {dagbag.py:588} INFO - Filling up the DagBag from /Users/yoonmoon/git/learn-airflow/airflow1/py_env/lib/python3.11/site-packages/airflow/example_dags/subdags/subdag.py
[2024-11-13T20:38:27.501+1100] {processor.py:927} WARNING - No viable dags retrieved from /Users/yoonmoon/git/learn-airflow/airflow1/py_env/lib/python3.11/site-packages/airflow/example_dags/subdags/subdag.py
[2024-11-13T20:38:27.530+1100] {processor.py:208} INFO - Processing /Users/yoonmoon/git/learn-airflow/airflow1/py_env/lib/python3.11/site-packages/airflow/example_dags/subdags/subdag.py took 0.033 seconds
[2024-11-13T20:39:34.833+1100] {processor.py:186} INFO - Started process (PID=72281) to work on /Users/yoonmoon/git/learn-airflow/airflow1/py_env/lib/python3.11/site-packages/airflow/example_dags/subdags/subdag.py
[2024-11-13T20:39:34.834+1100] {processor.py:914} INFO - Processing file /Users/yoonmoon/git/learn-airflow/airflow1/py_env/lib/python3.11/site-packages/airflow/example_dags/subdags/subdag.py for tasks to queue
[2024-11-13T20:39:34.835+1100] {logging_mixin.py:190} INFO - [2024-11-13T20:39:34.835+1100] {dagbag.py:588} INFO - Filling up the DagBag from /Users/yoonmoon/git/learn-airflow/airflow1/py_env/lib/python3.11/site-packages/airflow/example_dags/subdags/subdag.py
[2024-11-13T20:39:34.836+1100] {processor.py:927} WARNING - No viable dags retrieved from /Users/yoonmoon/git/learn-airflow/airflow1/py_env/lib/python3.11/site-packages/airflow/example_dags/subdags/subdag.py
[2024-11-13T20:39:34.864+1100] {processor.py:208} INFO - Processing /Users/yoonmoon/git/learn-airflow/airflow1/py_env/lib/python3.11/site-packages/airflow/example_dags/subdags/subdag.py took 0.033 seconds
[2024-11-13T20:40:47.138+1100] {processor.py:186} INFO - Started process (PID=72411) to work on /Users/yoonmoon/git/learn-airflow/airflow1/py_env/lib/python3.11/site-packages/airflow/example_dags/subdags/subdag.py
[2024-11-13T20:40:47.139+1100] {processor.py:914} INFO - Processing file /Users/yoonmoon/git/learn-airflow/airflow1/py_env/lib/python3.11/site-packages/airflow/example_dags/subdags/subdag.py for tasks to queue
[2024-11-13T20:40:47.139+1100] {logging_mixin.py:190} INFO - [2024-11-13T20:40:47.139+1100] {dagbag.py:588} INFO - Filling up the DagBag from /Users/yoonmoon/git/learn-airflow/airflow1/py_env/lib/python3.11/site-packages/airflow/example_dags/subdags/subdag.py
[2024-11-13T20:40:47.140+1100] {processor.py:927} WARNING - No viable dags retrieved from /Users/yoonmoon/git/learn-airflow/airflow1/py_env/lib/python3.11/site-packages/airflow/example_dags/subdags/subdag.py
[2024-11-13T20:40:47.169+1100] {processor.py:208} INFO - Processing /Users/yoonmoon/git/learn-airflow/airflow1/py_env/lib/python3.11/site-packages/airflow/example_dags/subdags/subdag.py took 0.034 seconds
[2024-11-13T20:41:57.551+1100] {processor.py:186} INFO - Started process (PID=72542) to work on /Users/yoonmoon/git/learn-airflow/airflow1/py_env/lib/python3.11/site-packages/airflow/example_dags/subdags/subdag.py
[2024-11-13T20:41:57.553+1100] {processor.py:914} INFO - Processing file /Users/yoonmoon/git/learn-airflow/airflow1/py_env/lib/python3.11/site-packages/airflow/example_dags/subdags/subdag.py for tasks to queue
[2024-11-13T20:41:57.553+1100] {logging_mixin.py:190} INFO - [2024-11-13T20:41:57.553+1100] {dagbag.py:588} INFO - Filling up the DagBag from /Users/yoonmoon/git/learn-airflow/airflow1/py_env/lib/python3.11/site-packages/airflow/example_dags/subdags/subdag.py
[2024-11-13T20:41:57.555+1100] {processor.py:927} WARNING - No viable dags retrieved from /Users/yoonmoon/git/learn-airflow/airflow1/py_env/lib/python3.11/site-packages/airflow/example_dags/subdags/subdag.py
[2024-11-13T20:41:57.582+1100] {processor.py:208} INFO - Processing /Users/yoonmoon/git/learn-airflow/airflow1/py_env/lib/python3.11/site-packages/airflow/example_dags/subdags/subdag.py took 0.033 seconds
[2024-11-13T20:43:05.902+1100] {processor.py:186} INFO - Started process (PID=72668) to work on /Users/yoonmoon/git/learn-airflow/airflow1/py_env/lib/python3.11/site-packages/airflow/example_dags/subdags/subdag.py
[2024-11-13T20:43:05.902+1100] {processor.py:914} INFO - Processing file /Users/yoonmoon/git/learn-airflow/airflow1/py_env/lib/python3.11/site-packages/airflow/example_dags/subdags/subdag.py for tasks to queue
[2024-11-13T20:43:05.903+1100] {logging_mixin.py:190} INFO - [2024-11-13T20:43:05.903+1100] {dagbag.py:588} INFO - Filling up the DagBag from /Users/yoonmoon/git/learn-airflow/airflow1/py_env/lib/python3.11/site-packages/airflow/example_dags/subdags/subdag.py
[2024-11-13T20:43:05.904+1100] {processor.py:927} WARNING - No viable dags retrieved from /Users/yoonmoon/git/learn-airflow/airflow1/py_env/lib/python3.11/site-packages/airflow/example_dags/subdags/subdag.py
[2024-11-13T20:43:05.933+1100] {processor.py:208} INFO - Processing /Users/yoonmoon/git/learn-airflow/airflow1/py_env/lib/python3.11/site-packages/airflow/example_dags/subdags/subdag.py took 0.034 seconds
[2024-11-13T20:44:12.829+1100] {processor.py:186} INFO - Started process (PID=72796) to work on /Users/yoonmoon/git/learn-airflow/airflow1/py_env/lib/python3.11/site-packages/airflow/example_dags/subdags/subdag.py
[2024-11-13T20:44:12.830+1100] {processor.py:914} INFO - Processing file /Users/yoonmoon/git/learn-airflow/airflow1/py_env/lib/python3.11/site-packages/airflow/example_dags/subdags/subdag.py for tasks to queue
[2024-11-13T20:44:12.831+1100] {logging_mixin.py:190} INFO - [2024-11-13T20:44:12.831+1100] {dagbag.py:588} INFO - Filling up the DagBag from /Users/yoonmoon/git/learn-airflow/airflow1/py_env/lib/python3.11/site-packages/airflow/example_dags/subdags/subdag.py
[2024-11-13T20:44:12.832+1100] {processor.py:927} WARNING - No viable dags retrieved from /Users/yoonmoon/git/learn-airflow/airflow1/py_env/lib/python3.11/site-packages/airflow/example_dags/subdags/subdag.py
[2024-11-13T20:44:12.863+1100] {processor.py:208} INFO - Processing /Users/yoonmoon/git/learn-airflow/airflow1/py_env/lib/python3.11/site-packages/airflow/example_dags/subdags/subdag.py took 0.036 seconds
[2024-11-13T20:45:26.278+1100] {processor.py:186} INFO - Started process (PID=72943) to work on /Users/yoonmoon/git/learn-airflow/airflow1/py_env/lib/python3.11/site-packages/airflow/example_dags/subdags/subdag.py
[2024-11-13T20:45:26.278+1100] {processor.py:914} INFO - Processing file /Users/yoonmoon/git/learn-airflow/airflow1/py_env/lib/python3.11/site-packages/airflow/example_dags/subdags/subdag.py for tasks to queue
[2024-11-13T20:45:26.279+1100] {logging_mixin.py:190} INFO - [2024-11-13T20:45:26.279+1100] {dagbag.py:588} INFO - Filling up the DagBag from /Users/yoonmoon/git/learn-airflow/airflow1/py_env/lib/python3.11/site-packages/airflow/example_dags/subdags/subdag.py
[2024-11-13T20:45:26.280+1100] {processor.py:927} WARNING - No viable dags retrieved from /Users/yoonmoon/git/learn-airflow/airflow1/py_env/lib/python3.11/site-packages/airflow/example_dags/subdags/subdag.py
[2024-11-13T20:45:26.309+1100] {processor.py:208} INFO - Processing /Users/yoonmoon/git/learn-airflow/airflow1/py_env/lib/python3.11/site-packages/airflow/example_dags/subdags/subdag.py took 0.033 seconds
[2024-11-13T20:46:37.087+1100] {processor.py:186} INFO - Started process (PID=73070) to work on /Users/yoonmoon/git/learn-airflow/airflow1/py_env/lib/python3.11/site-packages/airflow/example_dags/subdags/subdag.py
[2024-11-13T20:46:37.088+1100] {processor.py:914} INFO - Processing file /Users/yoonmoon/git/learn-airflow/airflow1/py_env/lib/python3.11/site-packages/airflow/example_dags/subdags/subdag.py for tasks to queue
[2024-11-13T20:46:37.089+1100] {logging_mixin.py:190} INFO - [2024-11-13T20:46:37.089+1100] {dagbag.py:588} INFO - Filling up the DagBag from /Users/yoonmoon/git/learn-airflow/airflow1/py_env/lib/python3.11/site-packages/airflow/example_dags/subdags/subdag.py
[2024-11-13T20:46:37.090+1100] {processor.py:927} WARNING - No viable dags retrieved from /Users/yoonmoon/git/learn-airflow/airflow1/py_env/lib/python3.11/site-packages/airflow/example_dags/subdags/subdag.py
[2024-11-13T20:46:37.118+1100] {processor.py:208} INFO - Processing /Users/yoonmoon/git/learn-airflow/airflow1/py_env/lib/python3.11/site-packages/airflow/example_dags/subdags/subdag.py took 0.034 seconds
[2024-11-13T20:47:48.042+1100] {processor.py:186} INFO - Started process (PID=73213) to work on /Users/yoonmoon/git/learn-airflow/airflow1/py_env/lib/python3.11/site-packages/airflow/example_dags/subdags/subdag.py
[2024-11-13T20:47:48.043+1100] {processor.py:914} INFO - Processing file /Users/yoonmoon/git/learn-airflow/airflow1/py_env/lib/python3.11/site-packages/airflow/example_dags/subdags/subdag.py for tasks to queue
[2024-11-13T20:47:48.044+1100] {logging_mixin.py:190} INFO - [2024-11-13T20:47:48.043+1100] {dagbag.py:588} INFO - Filling up the DagBag from /Users/yoonmoon/git/learn-airflow/airflow1/py_env/lib/python3.11/site-packages/airflow/example_dags/subdags/subdag.py
[2024-11-13T20:47:48.045+1100] {processor.py:927} WARNING - No viable dags retrieved from /Users/yoonmoon/git/learn-airflow/airflow1/py_env/lib/python3.11/site-packages/airflow/example_dags/subdags/subdag.py
[2024-11-13T20:47:48.076+1100] {processor.py:208} INFO - Processing /Users/yoonmoon/git/learn-airflow/airflow1/py_env/lib/python3.11/site-packages/airflow/example_dags/subdags/subdag.py took 0.035 seconds
[2024-11-13T20:48:59.627+1100] {processor.py:186} INFO - Started process (PID=73353) to work on /Users/yoonmoon/git/learn-airflow/airflow1/py_env/lib/python3.11/site-packages/airflow/example_dags/subdags/subdag.py
[2024-11-13T20:48:59.628+1100] {processor.py:914} INFO - Processing file /Users/yoonmoon/git/learn-airflow/airflow1/py_env/lib/python3.11/site-packages/airflow/example_dags/subdags/subdag.py for tasks to queue
[2024-11-13T20:48:59.629+1100] {logging_mixin.py:190} INFO - [2024-11-13T20:48:59.628+1100] {dagbag.py:588} INFO - Filling up the DagBag from /Users/yoonmoon/git/learn-airflow/airflow1/py_env/lib/python3.11/site-packages/airflow/example_dags/subdags/subdag.py
[2024-11-13T20:48:59.629+1100] {processor.py:927} WARNING - No viable dags retrieved from /Users/yoonmoon/git/learn-airflow/airflow1/py_env/lib/python3.11/site-packages/airflow/example_dags/subdags/subdag.py
[2024-11-13T20:48:59.660+1100] {processor.py:208} INFO - Processing /Users/yoonmoon/git/learn-airflow/airflow1/py_env/lib/python3.11/site-packages/airflow/example_dags/subdags/subdag.py took 0.035 seconds
[2024-11-13T20:50:14.692+1100] {processor.py:186} INFO - Started process (PID=73487) to work on /Users/yoonmoon/git/learn-airflow/airflow1/py_env/lib/python3.11/site-packages/airflow/example_dags/subdags/subdag.py
[2024-11-13T20:50:14.694+1100] {processor.py:914} INFO - Processing file /Users/yoonmoon/git/learn-airflow/airflow1/py_env/lib/python3.11/site-packages/airflow/example_dags/subdags/subdag.py for tasks to queue
[2024-11-13T20:50:14.694+1100] {logging_mixin.py:190} INFO - [2024-11-13T20:50:14.694+1100] {dagbag.py:588} INFO - Filling up the DagBag from /Users/yoonmoon/git/learn-airflow/airflow1/py_env/lib/python3.11/site-packages/airflow/example_dags/subdags/subdag.py
[2024-11-13T20:50:14.695+1100] {processor.py:927} WARNING - No viable dags retrieved from /Users/yoonmoon/git/learn-airflow/airflow1/py_env/lib/python3.11/site-packages/airflow/example_dags/subdags/subdag.py
[2024-11-13T20:50:14.725+1100] {processor.py:208} INFO - Processing /Users/yoonmoon/git/learn-airflow/airflow1/py_env/lib/python3.11/site-packages/airflow/example_dags/subdags/subdag.py took 0.035 seconds
[2024-11-13T20:51:25.268+1100] {processor.py:186} INFO - Started process (PID=73621) to work on /Users/yoonmoon/git/learn-airflow/airflow1/py_env/lib/python3.11/site-packages/airflow/example_dags/subdags/subdag.py
[2024-11-13T20:51:25.270+1100] {processor.py:914} INFO - Processing file /Users/yoonmoon/git/learn-airflow/airflow1/py_env/lib/python3.11/site-packages/airflow/example_dags/subdags/subdag.py for tasks to queue
[2024-11-13T20:51:25.270+1100] {logging_mixin.py:190} INFO - [2024-11-13T20:51:25.270+1100] {dagbag.py:588} INFO - Filling up the DagBag from /Users/yoonmoon/git/learn-airflow/airflow1/py_env/lib/python3.11/site-packages/airflow/example_dags/subdags/subdag.py
[2024-11-13T20:51:25.271+1100] {processor.py:927} WARNING - No viable dags retrieved from /Users/yoonmoon/git/learn-airflow/airflow1/py_env/lib/python3.11/site-packages/airflow/example_dags/subdags/subdag.py
[2024-11-13T20:51:25.302+1100] {processor.py:208} INFO - Processing /Users/yoonmoon/git/learn-airflow/airflow1/py_env/lib/python3.11/site-packages/airflow/example_dags/subdags/subdag.py took 0.036 seconds
