[2024-11-13T19:33:39.050+1100] {processor.py:186} INFO - Started process (PID=64360) to work on /Users/yoonmoon/git/learn-airflow/airflow1/dags/xcom_dag.py
[2024-11-13T19:33:39.051+1100] {processor.py:914} INFO - Processing file /Users/yoonmoon/git/learn-airflow/airflow1/dags/xcom_dag.py for tasks to queue
[2024-11-13T19:33:39.051+1100] {logging_mixin.py:190} INFO - [2024-11-13T19:33:39.051+1100] {dagbag.py:588} INFO - Filling up the DagBag from /Users/yoonmoon/git/learn-airflow/airflow1/dags/xcom_dag.py
[2024-11-13T19:33:39.062+1100] {processor.py:925} INFO - DAG(s) 'xcom_dag' retrieved from /Users/yoonmoon/git/learn-airflow/airflow1/dags/xcom_dag.py
[2024-11-13T19:33:39.169+1100] {logging_mixin.py:190} INFO - [2024-11-13T19:33:39.169+1100] {override.py:1911} INFO - Created Permission View: can edit on DAG:xcom_dag
[2024-11-13T19:33:39.172+1100] {logging_mixin.py:190} INFO - [2024-11-13T19:33:39.172+1100] {override.py:1911} INFO - Created Permission View: can delete on DAG:xcom_dag
[2024-11-13T19:33:39.174+1100] {logging_mixin.py:190} INFO - [2024-11-13T19:33:39.174+1100] {override.py:1911} INFO - Created Permission View: can read on DAG:xcom_dag
[2024-11-13T19:33:39.177+1100] {logging_mixin.py:190} INFO - [2024-11-13T19:33:39.177+1100] {override.py:1911} INFO - Created Permission View: menu access on DAG Run:xcom_dag
[2024-11-13T19:33:39.179+1100] {logging_mixin.py:190} INFO - [2024-11-13T19:33:39.179+1100] {override.py:1911} INFO - Created Permission View: can create on DAG Run:xcom_dag
[2024-11-13T19:33:39.181+1100] {logging_mixin.py:190} INFO - [2024-11-13T19:33:39.181+1100] {override.py:1911} INFO - Created Permission View: can delete on DAG Run:xcom_dag
[2024-11-13T19:33:39.183+1100] {logging_mixin.py:190} INFO - [2024-11-13T19:33:39.182+1100] {override.py:1911} INFO - Created Permission View: can read on DAG Run:xcom_dag
[2024-11-13T19:33:39.183+1100] {logging_mixin.py:190} INFO - [2024-11-13T19:33:39.183+1100] {dag.py:3239} INFO - Sync 1 DAGs
[2024-11-13T19:33:39.186+1100] {logging_mixin.py:190} INFO - [2024-11-13T19:33:39.186+1100] {dag.py:3262} INFO - Creating ORM DAG for xcom_dag
[2024-11-13T19:33:39.189+1100] {logging_mixin.py:190} INFO - [2024-11-13T19:33:39.189+1100] {dag.py:4180} INFO - Setting next_dagrun for xcom_dag to 2024-11-12 00:00:00+00:00, run_after=2024-11-13 00:00:00+00:00
[2024-11-13T19:33:39.194+1100] {processor.py:208} INFO - Processing /Users/yoonmoon/git/learn-airflow/airflow1/dags/xcom_dag.py took 0.146 seconds
[2024-11-13T19:35:04.376+1100] {processor.py:186} INFO - Started process (PID=64703) to work on /Users/yoonmoon/git/learn-airflow/airflow1/dags/xcom_dag.py
[2024-11-13T19:35:04.377+1100] {processor.py:914} INFO - Processing file /Users/yoonmoon/git/learn-airflow/airflow1/dags/xcom_dag.py for tasks to queue
[2024-11-13T19:35:04.377+1100] {logging_mixin.py:190} INFO - [2024-11-13T19:35:04.377+1100] {dagbag.py:588} INFO - Filling up the DagBag from /Users/yoonmoon/git/learn-airflow/airflow1/dags/xcom_dag.py
[2024-11-13T19:35:04.388+1100] {processor.py:925} INFO - DAG(s) 'xcom_dag' retrieved from /Users/yoonmoon/git/learn-airflow/airflow1/dags/xcom_dag.py
[2024-11-13T19:35:04.449+1100] {logging_mixin.py:190} INFO - [2024-11-13T19:35:04.449+1100] {dag.py:3239} INFO - Sync 1 DAGs
[2024-11-13T19:35:04.456+1100] {logging_mixin.py:190} INFO - [2024-11-13T19:35:04.456+1100] {dag.py:4180} INFO - Setting next_dagrun for xcom_dag to 2024-11-13 00:00:00+00:00, run_after=2024-11-14 00:00:00+00:00
[2024-11-13T19:35:04.463+1100] {processor.py:208} INFO - Processing /Users/yoonmoon/git/learn-airflow/airflow1/dags/xcom_dag.py took 0.089 seconds
[2024-11-13T19:36:41.547+1100] {processor.py:186} INFO - Started process (PID=64918) to work on /Users/yoonmoon/git/learn-airflow/airflow1/dags/xcom_dag.py
[2024-11-13T19:36:41.548+1100] {processor.py:914} INFO - Processing file /Users/yoonmoon/git/learn-airflow/airflow1/dags/xcom_dag.py for tasks to queue
[2024-11-13T19:36:41.548+1100] {logging_mixin.py:190} INFO - [2024-11-13T19:36:41.548+1100] {dagbag.py:588} INFO - Filling up the DagBag from /Users/yoonmoon/git/learn-airflow/airflow1/dags/xcom_dag.py
[2024-11-13T19:36:41.559+1100] {processor.py:925} INFO - DAG(s) 'xcom_dag' retrieved from /Users/yoonmoon/git/learn-airflow/airflow1/dags/xcom_dag.py
[2024-11-13T19:36:41.616+1100] {logging_mixin.py:190} INFO - [2024-11-13T19:36:41.616+1100] {dag.py:3239} INFO - Sync 1 DAGs
[2024-11-13T19:36:41.623+1100] {logging_mixin.py:190} INFO - [2024-11-13T19:36:41.623+1100] {dag.py:4180} INFO - Setting next_dagrun for xcom_dag to 2024-11-13 00:00:00+00:00, run_after=2024-11-14 00:00:00+00:00
[2024-11-13T19:36:41.630+1100] {processor.py:208} INFO - Processing /Users/yoonmoon/git/learn-airflow/airflow1/dags/xcom_dag.py took 0.085 seconds
[2024-11-13T19:37:51.414+1100] {processor.py:186} INFO - Started process (PID=65050) to work on /Users/yoonmoon/git/learn-airflow/airflow1/dags/xcom_dag.py
[2024-11-13T19:37:51.415+1100] {processor.py:914} INFO - Processing file /Users/yoonmoon/git/learn-airflow/airflow1/dags/xcom_dag.py for tasks to queue
[2024-11-13T19:37:51.416+1100] {logging_mixin.py:190} INFO - [2024-11-13T19:37:51.416+1100] {dagbag.py:588} INFO - Filling up the DagBag from /Users/yoonmoon/git/learn-airflow/airflow1/dags/xcom_dag.py
[2024-11-13T19:37:51.426+1100] {processor.py:925} INFO - DAG(s) 'xcom_dag' retrieved from /Users/yoonmoon/git/learn-airflow/airflow1/dags/xcom_dag.py
[2024-11-13T19:37:51.485+1100] {logging_mixin.py:190} INFO - [2024-11-13T19:37:51.485+1100] {dag.py:3239} INFO - Sync 1 DAGs
[2024-11-13T19:37:51.492+1100] {logging_mixin.py:190} INFO - [2024-11-13T19:37:51.492+1100] {dag.py:4180} INFO - Setting next_dagrun for xcom_dag to 2024-11-13 00:00:00+00:00, run_after=2024-11-14 00:00:00+00:00
[2024-11-13T19:37:51.499+1100] {processor.py:208} INFO - Processing /Users/yoonmoon/git/learn-airflow/airflow1/dags/xcom_dag.py took 0.087 seconds
[2024-11-13T19:38:59.287+1100] {processor.py:186} INFO - Started process (PID=65200) to work on /Users/yoonmoon/git/learn-airflow/airflow1/dags/xcom_dag.py
[2024-11-13T19:38:59.289+1100] {processor.py:914} INFO - Processing file /Users/yoonmoon/git/learn-airflow/airflow1/dags/xcom_dag.py for tasks to queue
[2024-11-13T19:38:59.289+1100] {logging_mixin.py:190} INFO - [2024-11-13T19:38:59.289+1100] {dagbag.py:588} INFO - Filling up the DagBag from /Users/yoonmoon/git/learn-airflow/airflow1/dags/xcom_dag.py
[2024-11-13T19:38:59.299+1100] {processor.py:925} INFO - DAG(s) 'xcom_dag' retrieved from /Users/yoonmoon/git/learn-airflow/airflow1/dags/xcom_dag.py
[2024-11-13T19:38:59.358+1100] {logging_mixin.py:190} INFO - [2024-11-13T19:38:59.358+1100] {dag.py:3239} INFO - Sync 1 DAGs
[2024-11-13T19:38:59.365+1100] {logging_mixin.py:190} INFO - [2024-11-13T19:38:59.365+1100] {dag.py:4180} INFO - Setting next_dagrun for xcom_dag to 2024-11-13 00:00:00+00:00, run_after=2024-11-14 00:00:00+00:00
[2024-11-13T19:38:59.372+1100] {processor.py:208} INFO - Processing /Users/yoonmoon/git/learn-airflow/airflow1/dags/xcom_dag.py took 0.087 seconds
[2024-11-13T19:40:07.425+1100] {processor.py:186} INFO - Started process (PID=65322) to work on /Users/yoonmoon/git/learn-airflow/airflow1/dags/xcom_dag.py
[2024-11-13T19:40:07.426+1100] {processor.py:914} INFO - Processing file /Users/yoonmoon/git/learn-airflow/airflow1/dags/xcom_dag.py for tasks to queue
[2024-11-13T19:40:07.427+1100] {logging_mixin.py:190} INFO - [2024-11-13T19:40:07.427+1100] {dagbag.py:588} INFO - Filling up the DagBag from /Users/yoonmoon/git/learn-airflow/airflow1/dags/xcom_dag.py
[2024-11-13T19:40:07.438+1100] {processor.py:925} INFO - DAG(s) 'xcom_dag' retrieved from /Users/yoonmoon/git/learn-airflow/airflow1/dags/xcom_dag.py
[2024-11-13T19:40:07.497+1100] {logging_mixin.py:190} INFO - [2024-11-13T19:40:07.497+1100] {dag.py:3239} INFO - Sync 1 DAGs
[2024-11-13T19:40:07.504+1100] {logging_mixin.py:190} INFO - [2024-11-13T19:40:07.503+1100] {dag.py:4180} INFO - Setting next_dagrun for xcom_dag to 2024-11-13 00:00:00+00:00, run_after=2024-11-14 00:00:00+00:00
[2024-11-13T19:40:07.510+1100] {processor.py:208} INFO - Processing /Users/yoonmoon/git/learn-airflow/airflow1/dags/xcom_dag.py took 0.087 seconds
[2024-11-13T19:41:16.671+1100] {processor.py:186} INFO - Started process (PID=65495) to work on /Users/yoonmoon/git/learn-airflow/airflow1/dags/xcom_dag.py
[2024-11-13T19:41:16.672+1100] {processor.py:914} INFO - Processing file /Users/yoonmoon/git/learn-airflow/airflow1/dags/xcom_dag.py for tasks to queue
[2024-11-13T19:41:16.672+1100] {logging_mixin.py:190} INFO - [2024-11-13T19:41:16.672+1100] {dagbag.py:588} INFO - Filling up the DagBag from /Users/yoonmoon/git/learn-airflow/airflow1/dags/xcom_dag.py
[2024-11-13T19:41:16.682+1100] {processor.py:925} INFO - DAG(s) 'xcom_dag' retrieved from /Users/yoonmoon/git/learn-airflow/airflow1/dags/xcom_dag.py
[2024-11-13T19:41:16.742+1100] {logging_mixin.py:190} INFO - [2024-11-13T19:41:16.742+1100] {dag.py:3239} INFO - Sync 1 DAGs
[2024-11-13T19:41:16.749+1100] {logging_mixin.py:190} INFO - [2024-11-13T19:41:16.749+1100] {dag.py:4180} INFO - Setting next_dagrun for xcom_dag to 2024-11-13 00:00:00+00:00, run_after=2024-11-14 00:00:00+00:00
[2024-11-13T19:41:16.755+1100] {processor.py:208} INFO - Processing /Users/yoonmoon/git/learn-airflow/airflow1/dags/xcom_dag.py took 0.087 seconds
[2024-11-13T19:42:27.545+1100] {processor.py:186} INFO - Started process (PID=65624) to work on /Users/yoonmoon/git/learn-airflow/airflow1/dags/xcom_dag.py
[2024-11-13T19:42:27.546+1100] {processor.py:914} INFO - Processing file /Users/yoonmoon/git/learn-airflow/airflow1/dags/xcom_dag.py for tasks to queue
[2024-11-13T19:42:27.546+1100] {logging_mixin.py:190} INFO - [2024-11-13T19:42:27.546+1100] {dagbag.py:588} INFO - Filling up the DagBag from /Users/yoonmoon/git/learn-airflow/airflow1/dags/xcom_dag.py
[2024-11-13T19:42:27.556+1100] {processor.py:925} INFO - DAG(s) 'xcom_dag' retrieved from /Users/yoonmoon/git/learn-airflow/airflow1/dags/xcom_dag.py
[2024-11-13T19:42:27.614+1100] {logging_mixin.py:190} INFO - [2024-11-13T19:42:27.614+1100] {dag.py:3239} INFO - Sync 1 DAGs
[2024-11-13T19:42:27.620+1100] {logging_mixin.py:190} INFO - [2024-11-13T19:42:27.620+1100] {dag.py:4180} INFO - Setting next_dagrun for xcom_dag to 2024-11-13 00:00:00+00:00, run_after=2024-11-14 00:00:00+00:00
[2024-11-13T19:42:27.627+1100] {processor.py:208} INFO - Processing /Users/yoonmoon/git/learn-airflow/airflow1/dags/xcom_dag.py took 0.084 seconds
[2024-11-13T19:43:35.840+1100] {processor.py:186} INFO - Started process (PID=65753) to work on /Users/yoonmoon/git/learn-airflow/airflow1/dags/xcom_dag.py
[2024-11-13T19:43:35.840+1100] {processor.py:914} INFO - Processing file /Users/yoonmoon/git/learn-airflow/airflow1/dags/xcom_dag.py for tasks to queue
[2024-11-13T19:43:35.841+1100] {logging_mixin.py:190} INFO - [2024-11-13T19:43:35.841+1100] {dagbag.py:588} INFO - Filling up the DagBag from /Users/yoonmoon/git/learn-airflow/airflow1/dags/xcom_dag.py
[2024-11-13T19:43:35.851+1100] {processor.py:925} INFO - DAG(s) 'xcom_dag' retrieved from /Users/yoonmoon/git/learn-airflow/airflow1/dags/xcom_dag.py
[2024-11-13T19:43:35.909+1100] {logging_mixin.py:190} INFO - [2024-11-13T19:43:35.908+1100] {dag.py:3239} INFO - Sync 1 DAGs
[2024-11-13T19:43:35.916+1100] {logging_mixin.py:190} INFO - [2024-11-13T19:43:35.916+1100] {dag.py:4180} INFO - Setting next_dagrun for xcom_dag to 2024-11-13 00:00:00+00:00, run_after=2024-11-14 00:00:00+00:00
[2024-11-13T19:43:35.922+1100] {processor.py:208} INFO - Processing /Users/yoonmoon/git/learn-airflow/airflow1/dags/xcom_dag.py took 0.085 seconds
[2024-11-13T19:44:44.311+1100] {processor.py:186} INFO - Started process (PID=65895) to work on /Users/yoonmoon/git/learn-airflow/airflow1/dags/xcom_dag.py
[2024-11-13T19:44:44.312+1100] {processor.py:914} INFO - Processing file /Users/yoonmoon/git/learn-airflow/airflow1/dags/xcom_dag.py for tasks to queue
[2024-11-13T19:44:44.312+1100] {logging_mixin.py:190} INFO - [2024-11-13T19:44:44.312+1100] {dagbag.py:588} INFO - Filling up the DagBag from /Users/yoonmoon/git/learn-airflow/airflow1/dags/xcom_dag.py
[2024-11-13T19:44:44.324+1100] {processor.py:925} INFO - DAG(s) 'xcom_dag' retrieved from /Users/yoonmoon/git/learn-airflow/airflow1/dags/xcom_dag.py
[2024-11-13T19:44:44.387+1100] {logging_mixin.py:190} INFO - [2024-11-13T19:44:44.387+1100] {dag.py:3239} INFO - Sync 1 DAGs
[2024-11-13T19:44:44.393+1100] {logging_mixin.py:190} INFO - [2024-11-13T19:44:44.393+1100] {dag.py:4180} INFO - Setting next_dagrun for xcom_dag to 2024-11-13 00:00:00+00:00, run_after=2024-11-14 00:00:00+00:00
[2024-11-13T19:44:44.400+1100] {processor.py:208} INFO - Processing /Users/yoonmoon/git/learn-airflow/airflow1/dags/xcom_dag.py took 0.091 seconds
[2024-11-13T19:45:49.929+1100] {processor.py:186} INFO - Started process (PID=66020) to work on /Users/yoonmoon/git/learn-airflow/airflow1/dags/xcom_dag.py
[2024-11-13T19:45:49.930+1100] {processor.py:914} INFO - Processing file /Users/yoonmoon/git/learn-airflow/airflow1/dags/xcom_dag.py for tasks to queue
[2024-11-13T19:45:49.931+1100] {logging_mixin.py:190} INFO - [2024-11-13T19:45:49.930+1100] {dagbag.py:588} INFO - Filling up the DagBag from /Users/yoonmoon/git/learn-airflow/airflow1/dags/xcom_dag.py
[2024-11-13T19:45:49.941+1100] {processor.py:925} INFO - DAG(s) 'xcom_dag' retrieved from /Users/yoonmoon/git/learn-airflow/airflow1/dags/xcom_dag.py
[2024-11-13T19:45:49.999+1100] {logging_mixin.py:190} INFO - [2024-11-13T19:45:49.999+1100] {dag.py:3239} INFO - Sync 1 DAGs
[2024-11-13T19:45:50.005+1100] {logging_mixin.py:190} INFO - [2024-11-13T19:45:50.005+1100] {dag.py:4180} INFO - Setting next_dagrun for xcom_dag to 2024-11-13 00:00:00+00:00, run_after=2024-11-14 00:00:00+00:00
[2024-11-13T19:45:50.011+1100] {processor.py:208} INFO - Processing /Users/yoonmoon/git/learn-airflow/airflow1/dags/xcom_dag.py took 0.085 seconds
[2024-11-13T19:46:55.140+1100] {processor.py:186} INFO - Started process (PID=66144) to work on /Users/yoonmoon/git/learn-airflow/airflow1/dags/xcom_dag.py
[2024-11-13T19:46:55.141+1100] {processor.py:914} INFO - Processing file /Users/yoonmoon/git/learn-airflow/airflow1/dags/xcom_dag.py for tasks to queue
[2024-11-13T19:46:55.141+1100] {logging_mixin.py:190} INFO - [2024-11-13T19:46:55.141+1100] {dagbag.py:588} INFO - Filling up the DagBag from /Users/yoonmoon/git/learn-airflow/airflow1/dags/xcom_dag.py
[2024-11-13T19:46:55.153+1100] {processor.py:925} INFO - DAG(s) 'xcom_dag' retrieved from /Users/yoonmoon/git/learn-airflow/airflow1/dags/xcom_dag.py
[2024-11-13T19:46:55.210+1100] {logging_mixin.py:190} INFO - [2024-11-13T19:46:55.210+1100] {dag.py:3239} INFO - Sync 1 DAGs
[2024-11-13T19:46:55.217+1100] {logging_mixin.py:190} INFO - [2024-11-13T19:46:55.217+1100] {dag.py:4180} INFO - Setting next_dagrun for xcom_dag to 2024-11-13 00:00:00+00:00, run_after=2024-11-14 00:00:00+00:00
[2024-11-13T19:46:55.224+1100] {processor.py:208} INFO - Processing /Users/yoonmoon/git/learn-airflow/airflow1/dags/xcom_dag.py took 0.086 seconds
[2024-11-13T19:48:01.168+1100] {processor.py:186} INFO - Started process (PID=66266) to work on /Users/yoonmoon/git/learn-airflow/airflow1/dags/xcom_dag.py
[2024-11-13T19:48:01.169+1100] {processor.py:914} INFO - Processing file /Users/yoonmoon/git/learn-airflow/airflow1/dags/xcom_dag.py for tasks to queue
[2024-11-13T19:48:01.169+1100] {logging_mixin.py:190} INFO - [2024-11-13T19:48:01.169+1100] {dagbag.py:588} INFO - Filling up the DagBag from /Users/yoonmoon/git/learn-airflow/airflow1/dags/xcom_dag.py
[2024-11-13T19:48:01.180+1100] {processor.py:925} INFO - DAG(s) 'xcom_dag' retrieved from /Users/yoonmoon/git/learn-airflow/airflow1/dags/xcom_dag.py
[2024-11-13T19:48:01.239+1100] {logging_mixin.py:190} INFO - [2024-11-13T19:48:01.239+1100] {dag.py:3239} INFO - Sync 1 DAGs
[2024-11-13T19:48:01.246+1100] {logging_mixin.py:190} INFO - [2024-11-13T19:48:01.246+1100] {dag.py:4180} INFO - Setting next_dagrun for xcom_dag to 2024-11-13 00:00:00+00:00, run_after=2024-11-14 00:00:00+00:00
[2024-11-13T19:48:01.252+1100] {processor.py:208} INFO - Processing /Users/yoonmoon/git/learn-airflow/airflow1/dags/xcom_dag.py took 0.086 seconds
[2024-11-13T19:49:06.651+1100] {processor.py:186} INFO - Started process (PID=66386) to work on /Users/yoonmoon/git/learn-airflow/airflow1/dags/xcom_dag.py
[2024-11-13T19:49:06.652+1100] {processor.py:914} INFO - Processing file /Users/yoonmoon/git/learn-airflow/airflow1/dags/xcom_dag.py for tasks to queue
[2024-11-13T19:49:06.652+1100] {logging_mixin.py:190} INFO - [2024-11-13T19:49:06.652+1100] {dagbag.py:588} INFO - Filling up the DagBag from /Users/yoonmoon/git/learn-airflow/airflow1/dags/xcom_dag.py
[2024-11-13T19:49:06.663+1100] {processor.py:925} INFO - DAG(s) 'xcom_dag' retrieved from /Users/yoonmoon/git/learn-airflow/airflow1/dags/xcom_dag.py
[2024-11-13T19:49:06.723+1100] {logging_mixin.py:190} INFO - [2024-11-13T19:49:06.723+1100] {dag.py:3239} INFO - Sync 1 DAGs
[2024-11-13T19:49:06.729+1100] {logging_mixin.py:190} INFO - [2024-11-13T19:49:06.729+1100] {dag.py:4180} INFO - Setting next_dagrun for xcom_dag to 2024-11-13 00:00:00+00:00, run_after=2024-11-14 00:00:00+00:00
[2024-11-13T19:49:06.736+1100] {processor.py:208} INFO - Processing /Users/yoonmoon/git/learn-airflow/airflow1/dags/xcom_dag.py took 0.087 seconds
[2024-11-13T19:50:11.424+1100] {processor.py:186} INFO - Started process (PID=66502) to work on /Users/yoonmoon/git/learn-airflow/airflow1/dags/xcom_dag.py
[2024-11-13T19:50:11.425+1100] {processor.py:914} INFO - Processing file /Users/yoonmoon/git/learn-airflow/airflow1/dags/xcom_dag.py for tasks to queue
[2024-11-13T19:50:11.426+1100] {logging_mixin.py:190} INFO - [2024-11-13T19:50:11.425+1100] {dagbag.py:588} INFO - Filling up the DagBag from /Users/yoonmoon/git/learn-airflow/airflow1/dags/xcom_dag.py
[2024-11-13T19:50:11.436+1100] {processor.py:925} INFO - DAG(s) 'xcom_dag' retrieved from /Users/yoonmoon/git/learn-airflow/airflow1/dags/xcom_dag.py
[2024-11-13T19:50:11.493+1100] {logging_mixin.py:190} INFO - [2024-11-13T19:50:11.493+1100] {dag.py:3239} INFO - Sync 1 DAGs
[2024-11-13T19:50:11.499+1100] {logging_mixin.py:190} INFO - [2024-11-13T19:50:11.499+1100] {dag.py:4180} INFO - Setting next_dagrun for xcom_dag to 2024-11-13 00:00:00+00:00, run_after=2024-11-14 00:00:00+00:00
[2024-11-13T19:50:11.506+1100] {processor.py:208} INFO - Processing /Users/yoonmoon/git/learn-airflow/airflow1/dags/xcom_dag.py took 0.084 seconds
[2024-11-13T19:51:19.688+1100] {processor.py:186} INFO - Started process (PID=66626) to work on /Users/yoonmoon/git/learn-airflow/airflow1/dags/xcom_dag.py
[2024-11-13T19:51:19.690+1100] {processor.py:914} INFO - Processing file /Users/yoonmoon/git/learn-airflow/airflow1/dags/xcom_dag.py for tasks to queue
[2024-11-13T19:51:19.690+1100] {logging_mixin.py:190} INFO - [2024-11-13T19:51:19.690+1100] {dagbag.py:588} INFO - Filling up the DagBag from /Users/yoonmoon/git/learn-airflow/airflow1/dags/xcom_dag.py
[2024-11-13T19:51:19.701+1100] {processor.py:925} INFO - DAG(s) 'xcom_dag' retrieved from /Users/yoonmoon/git/learn-airflow/airflow1/dags/xcom_dag.py
[2024-11-13T19:51:19.760+1100] {logging_mixin.py:190} INFO - [2024-11-13T19:51:19.760+1100] {dag.py:3239} INFO - Sync 1 DAGs
[2024-11-13T19:51:19.766+1100] {logging_mixin.py:190} INFO - [2024-11-13T19:51:19.766+1100] {dag.py:4180} INFO - Setting next_dagrun for xcom_dag to 2024-11-13 00:00:00+00:00, run_after=2024-11-14 00:00:00+00:00
[2024-11-13T19:51:19.773+1100] {processor.py:208} INFO - Processing /Users/yoonmoon/git/learn-airflow/airflow1/dags/xcom_dag.py took 0.087 seconds
[2024-11-13T19:52:30.258+1100] {processor.py:186} INFO - Started process (PID=66752) to work on /Users/yoonmoon/git/learn-airflow/airflow1/dags/xcom_dag.py
[2024-11-13T19:52:30.258+1100] {processor.py:914} INFO - Processing file /Users/yoonmoon/git/learn-airflow/airflow1/dags/xcom_dag.py for tasks to queue
[2024-11-13T19:52:30.259+1100] {logging_mixin.py:190} INFO - [2024-11-13T19:52:30.259+1100] {dagbag.py:588} INFO - Filling up the DagBag from /Users/yoonmoon/git/learn-airflow/airflow1/dags/xcom_dag.py
[2024-11-13T19:52:30.269+1100] {processor.py:925} INFO - DAG(s) 'xcom_dag' retrieved from /Users/yoonmoon/git/learn-airflow/airflow1/dags/xcom_dag.py
[2024-11-13T19:52:30.326+1100] {logging_mixin.py:190} INFO - [2024-11-13T19:52:30.326+1100] {dag.py:3239} INFO - Sync 1 DAGs
[2024-11-13T19:52:30.332+1100] {logging_mixin.py:190} INFO - [2024-11-13T19:52:30.332+1100] {dag.py:4180} INFO - Setting next_dagrun for xcom_dag to 2024-11-13 00:00:00+00:00, run_after=2024-11-14 00:00:00+00:00
[2024-11-13T19:52:30.340+1100] {processor.py:208} INFO - Processing /Users/yoonmoon/git/learn-airflow/airflow1/dags/xcom_dag.py took 0.084 seconds
[2024-11-13T19:53:38.443+1100] {processor.py:186} INFO - Started process (PID=66881) to work on /Users/yoonmoon/git/learn-airflow/airflow1/dags/xcom_dag.py
[2024-11-13T19:53:38.443+1100] {processor.py:914} INFO - Processing file /Users/yoonmoon/git/learn-airflow/airflow1/dags/xcom_dag.py for tasks to queue
[2024-11-13T19:53:38.444+1100] {logging_mixin.py:190} INFO - [2024-11-13T19:53:38.444+1100] {dagbag.py:588} INFO - Filling up the DagBag from /Users/yoonmoon/git/learn-airflow/airflow1/dags/xcom_dag.py
[2024-11-13T19:53:38.454+1100] {processor.py:925} INFO - DAG(s) 'xcom_dag' retrieved from /Users/yoonmoon/git/learn-airflow/airflow1/dags/xcom_dag.py
[2024-11-13T19:53:38.512+1100] {logging_mixin.py:190} INFO - [2024-11-13T19:53:38.512+1100] {dag.py:3239} INFO - Sync 1 DAGs
[2024-11-13T19:53:38.518+1100] {logging_mixin.py:190} INFO - [2024-11-13T19:53:38.518+1100] {dag.py:4180} INFO - Setting next_dagrun for xcom_dag to 2024-11-13 00:00:00+00:00, run_after=2024-11-14 00:00:00+00:00
[2024-11-13T19:53:38.525+1100] {processor.py:208} INFO - Processing /Users/yoonmoon/git/learn-airflow/airflow1/dags/xcom_dag.py took 0.085 seconds
[2024-11-13T19:54:50.182+1100] {processor.py:186} INFO - Started process (PID=67029) to work on /Users/yoonmoon/git/learn-airflow/airflow1/dags/xcom_dag.py
[2024-11-13T19:54:50.183+1100] {processor.py:914} INFO - Processing file /Users/yoonmoon/git/learn-airflow/airflow1/dags/xcom_dag.py for tasks to queue
[2024-11-13T19:54:50.184+1100] {logging_mixin.py:190} INFO - [2024-11-13T19:54:50.184+1100] {dagbag.py:588} INFO - Filling up the DagBag from /Users/yoonmoon/git/learn-airflow/airflow1/dags/xcom_dag.py
[2024-11-13T19:54:50.194+1100] {processor.py:925} INFO - DAG(s) 'xcom_dag' retrieved from /Users/yoonmoon/git/learn-airflow/airflow1/dags/xcom_dag.py
[2024-11-13T19:54:50.253+1100] {logging_mixin.py:190} INFO - [2024-11-13T19:54:50.253+1100] {dag.py:3239} INFO - Sync 1 DAGs
[2024-11-13T19:54:50.260+1100] {logging_mixin.py:190} INFO - [2024-11-13T19:54:50.260+1100] {dag.py:4180} INFO - Setting next_dagrun for xcom_dag to 2024-11-13 00:00:00+00:00, run_after=2024-11-14 00:00:00+00:00
[2024-11-13T19:54:50.267+1100] {processor.py:208} INFO - Processing /Users/yoonmoon/git/learn-airflow/airflow1/dags/xcom_dag.py took 0.087 seconds
[2024-11-13T19:56:00.608+1100] {processor.py:186} INFO - Started process (PID=67165) to work on /Users/yoonmoon/git/learn-airflow/airflow1/dags/xcom_dag.py
[2024-11-13T19:56:00.609+1100] {processor.py:914} INFO - Processing file /Users/yoonmoon/git/learn-airflow/airflow1/dags/xcom_dag.py for tasks to queue
[2024-11-13T19:56:00.610+1100] {logging_mixin.py:190} INFO - [2024-11-13T19:56:00.610+1100] {dagbag.py:588} INFO - Filling up the DagBag from /Users/yoonmoon/git/learn-airflow/airflow1/dags/xcom_dag.py
[2024-11-13T19:56:00.620+1100] {processor.py:925} INFO - DAG(s) 'xcom_dag' retrieved from /Users/yoonmoon/git/learn-airflow/airflow1/dags/xcom_dag.py
[2024-11-13T19:56:00.680+1100] {logging_mixin.py:190} INFO - [2024-11-13T19:56:00.680+1100] {dag.py:3239} INFO - Sync 1 DAGs
[2024-11-13T19:56:00.686+1100] {logging_mixin.py:190} INFO - [2024-11-13T19:56:00.686+1100] {dag.py:4180} INFO - Setting next_dagrun for xcom_dag to 2024-11-13 00:00:00+00:00, run_after=2024-11-14 00:00:00+00:00
[2024-11-13T19:56:00.692+1100] {processor.py:208} INFO - Processing /Users/yoonmoon/git/learn-airflow/airflow1/dags/xcom_dag.py took 0.086 seconds
[2024-11-13T19:57:09.965+1100] {processor.py:186} INFO - Started process (PID=67292) to work on /Users/yoonmoon/git/learn-airflow/airflow1/dags/xcom_dag.py
[2024-11-13T19:57:09.967+1100] {processor.py:914} INFO - Processing file /Users/yoonmoon/git/learn-airflow/airflow1/dags/xcom_dag.py for tasks to queue
[2024-11-13T19:57:09.967+1100] {logging_mixin.py:190} INFO - [2024-11-13T19:57:09.967+1100] {dagbag.py:588} INFO - Filling up the DagBag from /Users/yoonmoon/git/learn-airflow/airflow1/dags/xcom_dag.py
[2024-11-13T19:57:09.977+1100] {processor.py:925} INFO - DAG(s) 'xcom_dag' retrieved from /Users/yoonmoon/git/learn-airflow/airflow1/dags/xcom_dag.py
[2024-11-13T19:57:10.035+1100] {logging_mixin.py:190} INFO - [2024-11-13T19:57:10.035+1100] {dag.py:3239} INFO - Sync 1 DAGs
[2024-11-13T19:57:10.041+1100] {logging_mixin.py:190} INFO - [2024-11-13T19:57:10.041+1100] {dag.py:4180} INFO - Setting next_dagrun for xcom_dag to 2024-11-13 00:00:00+00:00, run_after=2024-11-14 00:00:00+00:00
[2024-11-13T19:57:10.048+1100] {processor.py:208} INFO - Processing /Users/yoonmoon/git/learn-airflow/airflow1/dags/xcom_dag.py took 0.084 seconds
[2024-11-13T19:58:16.450+1100] {processor.py:186} INFO - Started process (PID=67415) to work on /Users/yoonmoon/git/learn-airflow/airflow1/dags/xcom_dag.py
[2024-11-13T19:58:16.451+1100] {processor.py:914} INFO - Processing file /Users/yoonmoon/git/learn-airflow/airflow1/dags/xcom_dag.py for tasks to queue
[2024-11-13T19:58:16.451+1100] {logging_mixin.py:190} INFO - [2024-11-13T19:58:16.451+1100] {dagbag.py:588} INFO - Filling up the DagBag from /Users/yoonmoon/git/learn-airflow/airflow1/dags/xcom_dag.py
[2024-11-13T19:58:16.461+1100] {processor.py:925} INFO - DAG(s) 'xcom_dag' retrieved from /Users/yoonmoon/git/learn-airflow/airflow1/dags/xcom_dag.py
[2024-11-13T19:58:16.519+1100] {logging_mixin.py:190} INFO - [2024-11-13T19:58:16.519+1100] {dag.py:3239} INFO - Sync 1 DAGs
[2024-11-13T19:58:16.525+1100] {logging_mixin.py:190} INFO - [2024-11-13T19:58:16.525+1100] {dag.py:4180} INFO - Setting next_dagrun for xcom_dag to 2024-11-13 00:00:00+00:00, run_after=2024-11-14 00:00:00+00:00
[2024-11-13T19:58:16.532+1100] {processor.py:208} INFO - Processing /Users/yoonmoon/git/learn-airflow/airflow1/dags/xcom_dag.py took 0.084 seconds
[2024-11-13T19:59:22.552+1100] {processor.py:186} INFO - Started process (PID=67537) to work on /Users/yoonmoon/git/learn-airflow/airflow1/dags/xcom_dag.py
[2024-11-13T19:59:22.552+1100] {processor.py:914} INFO - Processing file /Users/yoonmoon/git/learn-airflow/airflow1/dags/xcom_dag.py for tasks to queue
[2024-11-13T19:59:22.553+1100] {logging_mixin.py:190} INFO - [2024-11-13T19:59:22.553+1100] {dagbag.py:588} INFO - Filling up the DagBag from /Users/yoonmoon/git/learn-airflow/airflow1/dags/xcom_dag.py
[2024-11-13T19:59:22.563+1100] {processor.py:925} INFO - DAG(s) 'xcom_dag' retrieved from /Users/yoonmoon/git/learn-airflow/airflow1/dags/xcom_dag.py
[2024-11-13T19:59:22.619+1100] {logging_mixin.py:190} INFO - [2024-11-13T19:59:22.619+1100] {dag.py:3239} INFO - Sync 1 DAGs
[2024-11-13T19:59:22.626+1100] {logging_mixin.py:190} INFO - [2024-11-13T19:59:22.626+1100] {dag.py:4180} INFO - Setting next_dagrun for xcom_dag to 2024-11-13 00:00:00+00:00, run_after=2024-11-14 00:00:00+00:00
[2024-11-13T19:59:22.633+1100] {processor.py:208} INFO - Processing /Users/yoonmoon/git/learn-airflow/airflow1/dags/xcom_dag.py took 0.083 seconds
[2024-11-13T20:00:33.110+1100] {processor.py:186} INFO - Started process (PID=67661) to work on /Users/yoonmoon/git/learn-airflow/airflow1/dags/xcom_dag.py
[2024-11-13T20:00:33.111+1100] {processor.py:914} INFO - Processing file /Users/yoonmoon/git/learn-airflow/airflow1/dags/xcom_dag.py for tasks to queue
[2024-11-13T20:00:33.112+1100] {logging_mixin.py:190} INFO - [2024-11-13T20:00:33.112+1100] {dagbag.py:588} INFO - Filling up the DagBag from /Users/yoonmoon/git/learn-airflow/airflow1/dags/xcom_dag.py
[2024-11-13T20:00:33.122+1100] {processor.py:925} INFO - DAG(s) 'xcom_dag' retrieved from /Users/yoonmoon/git/learn-airflow/airflow1/dags/xcom_dag.py
[2024-11-13T20:00:33.182+1100] {logging_mixin.py:190} INFO - [2024-11-13T20:00:33.182+1100] {dag.py:3239} INFO - Sync 1 DAGs
[2024-11-13T20:00:33.188+1100] {logging_mixin.py:190} INFO - [2024-11-13T20:00:33.188+1100] {dag.py:4180} INFO - Setting next_dagrun for xcom_dag to 2024-11-13 00:00:00+00:00, run_after=2024-11-14 00:00:00+00:00
[2024-11-13T20:00:33.195+1100] {processor.py:208} INFO - Processing /Users/yoonmoon/git/learn-airflow/airflow1/dags/xcom_dag.py took 0.087 seconds
[2024-11-13T20:01:39.195+1100] {processor.py:186} INFO - Started process (PID=67784) to work on /Users/yoonmoon/git/learn-airflow/airflow1/dags/xcom_dag.py
[2024-11-13T20:01:39.196+1100] {processor.py:914} INFO - Processing file /Users/yoonmoon/git/learn-airflow/airflow1/dags/xcom_dag.py for tasks to queue
[2024-11-13T20:01:39.197+1100] {logging_mixin.py:190} INFO - [2024-11-13T20:01:39.196+1100] {dagbag.py:588} INFO - Filling up the DagBag from /Users/yoonmoon/git/learn-airflow/airflow1/dags/xcom_dag.py
[2024-11-13T20:01:39.207+1100] {processor.py:925} INFO - DAG(s) 'xcom_dag' retrieved from /Users/yoonmoon/git/learn-airflow/airflow1/dags/xcom_dag.py
[2024-11-13T20:01:39.267+1100] {logging_mixin.py:190} INFO - [2024-11-13T20:01:39.267+1100] {dag.py:3239} INFO - Sync 1 DAGs
[2024-11-13T20:01:39.274+1100] {logging_mixin.py:190} INFO - [2024-11-13T20:01:39.274+1100] {dag.py:4180} INFO - Setting next_dagrun for xcom_dag to 2024-11-13 00:00:00+00:00, run_after=2024-11-14 00:00:00+00:00
[2024-11-13T20:01:39.280+1100] {processor.py:208} INFO - Processing /Users/yoonmoon/git/learn-airflow/airflow1/dags/xcom_dag.py took 0.088 seconds
[2024-11-13T20:02:47.153+1100] {processor.py:186} INFO - Started process (PID=67908) to work on /Users/yoonmoon/git/learn-airflow/airflow1/dags/xcom_dag.py
[2024-11-13T20:02:47.153+1100] {processor.py:914} INFO - Processing file /Users/yoonmoon/git/learn-airflow/airflow1/dags/xcom_dag.py for tasks to queue
[2024-11-13T20:02:47.154+1100] {logging_mixin.py:190} INFO - [2024-11-13T20:02:47.154+1100] {dagbag.py:588} INFO - Filling up the DagBag from /Users/yoonmoon/git/learn-airflow/airflow1/dags/xcom_dag.py
[2024-11-13T20:02:47.164+1100] {processor.py:925} INFO - DAG(s) 'xcom_dag' retrieved from /Users/yoonmoon/git/learn-airflow/airflow1/dags/xcom_dag.py
[2024-11-13T20:02:47.223+1100] {logging_mixin.py:190} INFO - [2024-11-13T20:02:47.223+1100] {dag.py:3239} INFO - Sync 1 DAGs
[2024-11-13T20:02:47.229+1100] {logging_mixin.py:190} INFO - [2024-11-13T20:02:47.229+1100] {dag.py:4180} INFO - Setting next_dagrun for xcom_dag to 2024-11-13 00:00:00+00:00, run_after=2024-11-14 00:00:00+00:00
[2024-11-13T20:02:47.236+1100] {processor.py:208} INFO - Processing /Users/yoonmoon/git/learn-airflow/airflow1/dags/xcom_dag.py took 0.085 seconds
[2024-11-13T20:03:55.271+1100] {processor.py:186} INFO - Started process (PID=68029) to work on /Users/yoonmoon/git/learn-airflow/airflow1/dags/xcom_dag.py
[2024-11-13T20:03:55.272+1100] {processor.py:914} INFO - Processing file /Users/yoonmoon/git/learn-airflow/airflow1/dags/xcom_dag.py for tasks to queue
[2024-11-13T20:03:55.273+1100] {logging_mixin.py:190} INFO - [2024-11-13T20:03:55.273+1100] {dagbag.py:588} INFO - Filling up the DagBag from /Users/yoonmoon/git/learn-airflow/airflow1/dags/xcom_dag.py
[2024-11-13T20:03:55.283+1100] {processor.py:925} INFO - DAG(s) 'xcom_dag' retrieved from /Users/yoonmoon/git/learn-airflow/airflow1/dags/xcom_dag.py
[2024-11-13T20:03:55.343+1100] {logging_mixin.py:190} INFO - [2024-11-13T20:03:55.343+1100] {dag.py:3239} INFO - Sync 1 DAGs
[2024-11-13T20:03:55.349+1100] {logging_mixin.py:190} INFO - [2024-11-13T20:03:55.349+1100] {dag.py:4180} INFO - Setting next_dagrun for xcom_dag to 2024-11-13 00:00:00+00:00, run_after=2024-11-14 00:00:00+00:00
[2024-11-13T20:03:55.356+1100] {processor.py:208} INFO - Processing /Users/yoonmoon/git/learn-airflow/airflow1/dags/xcom_dag.py took 0.087 seconds
[2024-11-13T20:05:02.109+1100] {processor.py:186} INFO - Started process (PID=68149) to work on /Users/yoonmoon/git/learn-airflow/airflow1/dags/xcom_dag.py
[2024-11-13T20:05:02.110+1100] {processor.py:914} INFO - Processing file /Users/yoonmoon/git/learn-airflow/airflow1/dags/xcom_dag.py for tasks to queue
[2024-11-13T20:05:02.111+1100] {logging_mixin.py:190} INFO - [2024-11-13T20:05:02.110+1100] {dagbag.py:588} INFO - Filling up the DagBag from /Users/yoonmoon/git/learn-airflow/airflow1/dags/xcom_dag.py
[2024-11-13T20:05:02.121+1100] {processor.py:925} INFO - DAG(s) 'xcom_dag' retrieved from /Users/yoonmoon/git/learn-airflow/airflow1/dags/xcom_dag.py
[2024-11-13T20:05:02.178+1100] {logging_mixin.py:190} INFO - [2024-11-13T20:05:02.178+1100] {dag.py:3239} INFO - Sync 1 DAGs
[2024-11-13T20:05:02.184+1100] {logging_mixin.py:190} INFO - [2024-11-13T20:05:02.184+1100] {dag.py:4180} INFO - Setting next_dagrun for xcom_dag to 2024-11-13 00:00:00+00:00, run_after=2024-11-14 00:00:00+00:00
[2024-11-13T20:05:02.191+1100] {processor.py:208} INFO - Processing /Users/yoonmoon/git/learn-airflow/airflow1/dags/xcom_dag.py took 0.084 seconds
[2024-11-13T20:06:13.291+1100] {processor.py:186} INFO - Started process (PID=68310) to work on /Users/yoonmoon/git/learn-airflow/airflow1/dags/xcom_dag.py
[2024-11-13T20:06:13.292+1100] {processor.py:914} INFO - Processing file /Users/yoonmoon/git/learn-airflow/airflow1/dags/xcom_dag.py for tasks to queue
[2024-11-13T20:06:13.293+1100] {logging_mixin.py:190} INFO - [2024-11-13T20:06:13.292+1100] {dagbag.py:588} INFO - Filling up the DagBag from /Users/yoonmoon/git/learn-airflow/airflow1/dags/xcom_dag.py
[2024-11-13T20:06:13.303+1100] {processor.py:925} INFO - DAG(s) 'xcom_dag' retrieved from /Users/yoonmoon/git/learn-airflow/airflow1/dags/xcom_dag.py
[2024-11-13T20:06:13.363+1100] {logging_mixin.py:190} INFO - [2024-11-13T20:06:13.363+1100] {dag.py:3239} INFO - Sync 1 DAGs
[2024-11-13T20:06:13.369+1100] {logging_mixin.py:190} INFO - [2024-11-13T20:06:13.369+1100] {dag.py:4180} INFO - Setting next_dagrun for xcom_dag to 2024-11-13 00:00:00+00:00, run_after=2024-11-14 00:00:00+00:00
[2024-11-13T20:06:13.376+1100] {processor.py:208} INFO - Processing /Users/yoonmoon/git/learn-airflow/airflow1/dags/xcom_dag.py took 0.087 seconds
[2024-11-13T20:07:23.578+1100] {processor.py:186} INFO - Started process (PID=68448) to work on /Users/yoonmoon/git/learn-airflow/airflow1/dags/xcom_dag.py
[2024-11-13T20:07:23.580+1100] {processor.py:914} INFO - Processing file /Users/yoonmoon/git/learn-airflow/airflow1/dags/xcom_dag.py for tasks to queue
[2024-11-13T20:07:23.580+1100] {logging_mixin.py:190} INFO - [2024-11-13T20:07:23.580+1100] {dagbag.py:588} INFO - Filling up the DagBag from /Users/yoonmoon/git/learn-airflow/airflow1/dags/xcom_dag.py
[2024-11-13T20:07:23.591+1100] {processor.py:925} INFO - DAG(s) 'xcom_dag' retrieved from /Users/yoonmoon/git/learn-airflow/airflow1/dags/xcom_dag.py
[2024-11-13T20:07:23.652+1100] {logging_mixin.py:190} INFO - [2024-11-13T20:07:23.652+1100] {dag.py:3239} INFO - Sync 1 DAGs
[2024-11-13T20:07:23.658+1100] {logging_mixin.py:190} INFO - [2024-11-13T20:07:23.658+1100] {dag.py:4180} INFO - Setting next_dagrun for xcom_dag to 2024-11-13 00:00:00+00:00, run_after=2024-11-14 00:00:00+00:00
[2024-11-13T20:07:23.665+1100] {processor.py:208} INFO - Processing /Users/yoonmoon/git/learn-airflow/airflow1/dags/xcom_dag.py took 0.089 seconds
[2024-11-13T20:08:33.826+1100] {processor.py:186} INFO - Started process (PID=68581) to work on /Users/yoonmoon/git/learn-airflow/airflow1/dags/xcom_dag.py
[2024-11-13T20:08:33.826+1100] {processor.py:914} INFO - Processing file /Users/yoonmoon/git/learn-airflow/airflow1/dags/xcom_dag.py for tasks to queue
[2024-11-13T20:08:33.827+1100] {logging_mixin.py:190} INFO - [2024-11-13T20:08:33.827+1100] {dagbag.py:588} INFO - Filling up the DagBag from /Users/yoonmoon/git/learn-airflow/airflow1/dags/xcom_dag.py
[2024-11-13T20:08:33.837+1100] {processor.py:925} INFO - DAG(s) 'xcom_dag' retrieved from /Users/yoonmoon/git/learn-airflow/airflow1/dags/xcom_dag.py
[2024-11-13T20:08:33.898+1100] {logging_mixin.py:190} INFO - [2024-11-13T20:08:33.898+1100] {dag.py:3239} INFO - Sync 1 DAGs
[2024-11-13T20:08:33.905+1100] {logging_mixin.py:190} INFO - [2024-11-13T20:08:33.905+1100] {dag.py:4180} INFO - Setting next_dagrun for xcom_dag to 2024-11-13 00:00:00+00:00, run_after=2024-11-14 00:00:00+00:00
[2024-11-13T20:08:33.911+1100] {processor.py:208} INFO - Processing /Users/yoonmoon/git/learn-airflow/airflow1/dags/xcom_dag.py took 0.087 seconds
[2024-11-13T20:09:45.609+1100] {processor.py:186} INFO - Started process (PID=68713) to work on /Users/yoonmoon/git/learn-airflow/airflow1/dags/xcom_dag.py
[2024-11-13T20:09:45.611+1100] {processor.py:914} INFO - Processing file /Users/yoonmoon/git/learn-airflow/airflow1/dags/xcom_dag.py for tasks to queue
[2024-11-13T20:09:45.611+1100] {logging_mixin.py:190} INFO - [2024-11-13T20:09:45.611+1100] {dagbag.py:588} INFO - Filling up the DagBag from /Users/yoonmoon/git/learn-airflow/airflow1/dags/xcom_dag.py
[2024-11-13T20:09:45.621+1100] {processor.py:925} INFO - DAG(s) 'xcom_dag' retrieved from /Users/yoonmoon/git/learn-airflow/airflow1/dags/xcom_dag.py
[2024-11-13T20:09:45.684+1100] {logging_mixin.py:190} INFO - [2024-11-13T20:09:45.683+1100] {dag.py:3239} INFO - Sync 1 DAGs
[2024-11-13T20:09:45.689+1100] {logging_mixin.py:190} INFO - [2024-11-13T20:09:45.689+1100] {dag.py:4180} INFO - Setting next_dagrun for xcom_dag to 2024-11-13 00:00:00+00:00, run_after=2024-11-14 00:00:00+00:00
[2024-11-13T20:09:45.697+1100] {processor.py:208} INFO - Processing /Users/yoonmoon/git/learn-airflow/airflow1/dags/xcom_dag.py took 0.089 seconds
[2024-11-13T20:10:54.486+1100] {processor.py:186} INFO - Started process (PID=68864) to work on /Users/yoonmoon/git/learn-airflow/airflow1/dags/xcom_dag.py
[2024-11-13T20:10:54.486+1100] {processor.py:914} INFO - Processing file /Users/yoonmoon/git/learn-airflow/airflow1/dags/xcom_dag.py for tasks to queue
[2024-11-13T20:10:54.487+1100] {logging_mixin.py:190} INFO - [2024-11-13T20:10:54.487+1100] {dagbag.py:588} INFO - Filling up the DagBag from /Users/yoonmoon/git/learn-airflow/airflow1/dags/xcom_dag.py
[2024-11-13T20:10:54.497+1100] {processor.py:925} INFO - DAG(s) 'xcom_dag' retrieved from /Users/yoonmoon/git/learn-airflow/airflow1/dags/xcom_dag.py
[2024-11-13T20:10:54.557+1100] {logging_mixin.py:190} INFO - [2024-11-13T20:10:54.557+1100] {dag.py:3239} INFO - Sync 1 DAGs
[2024-11-13T20:10:54.564+1100] {logging_mixin.py:190} INFO - [2024-11-13T20:10:54.564+1100] {dag.py:4180} INFO - Setting next_dagrun for xcom_dag to 2024-11-13 00:00:00+00:00, run_after=2024-11-14 00:00:00+00:00
[2024-11-13T20:10:54.570+1100] {processor.py:208} INFO - Processing /Users/yoonmoon/git/learn-airflow/airflow1/dags/xcom_dag.py took 0.087 seconds
[2024-11-13T20:12:01.083+1100] {processor.py:186} INFO - Started process (PID=68992) to work on /Users/yoonmoon/git/learn-airflow/airflow1/dags/xcom_dag.py
[2024-11-13T20:12:01.084+1100] {processor.py:914} INFO - Processing file /Users/yoonmoon/git/learn-airflow/airflow1/dags/xcom_dag.py for tasks to queue
[2024-11-13T20:12:01.085+1100] {logging_mixin.py:190} INFO - [2024-11-13T20:12:01.085+1100] {dagbag.py:588} INFO - Filling up the DagBag from /Users/yoonmoon/git/learn-airflow/airflow1/dags/xcom_dag.py
[2024-11-13T20:12:01.095+1100] {processor.py:925} INFO - DAG(s) 'xcom_dag' retrieved from /Users/yoonmoon/git/learn-airflow/airflow1/dags/xcom_dag.py
[2024-11-13T20:12:01.157+1100] {logging_mixin.py:190} INFO - [2024-11-13T20:12:01.157+1100] {dag.py:3239} INFO - Sync 1 DAGs
[2024-11-13T20:12:01.163+1100] {logging_mixin.py:190} INFO - [2024-11-13T20:12:01.163+1100] {dag.py:4180} INFO - Setting next_dagrun for xcom_dag to 2024-11-13 00:00:00+00:00, run_after=2024-11-14 00:00:00+00:00
[2024-11-13T20:12:01.170+1100] {processor.py:208} INFO - Processing /Users/yoonmoon/git/learn-airflow/airflow1/dags/xcom_dag.py took 0.090 seconds
[2024-11-13T20:13:09.291+1100] {processor.py:186} INFO - Started process (PID=69118) to work on /Users/yoonmoon/git/learn-airflow/airflow1/dags/xcom_dag.py
[2024-11-13T20:13:09.292+1100] {processor.py:914} INFO - Processing file /Users/yoonmoon/git/learn-airflow/airflow1/dags/xcom_dag.py for tasks to queue
[2024-11-13T20:13:09.293+1100] {logging_mixin.py:190} INFO - [2024-11-13T20:13:09.293+1100] {dagbag.py:588} INFO - Filling up the DagBag from /Users/yoonmoon/git/learn-airflow/airflow1/dags/xcom_dag.py
[2024-11-13T20:13:09.303+1100] {processor.py:925} INFO - DAG(s) 'xcom_dag' retrieved from /Users/yoonmoon/git/learn-airflow/airflow1/dags/xcom_dag.py
[2024-11-13T20:13:09.364+1100] {logging_mixin.py:190} INFO - [2024-11-13T20:13:09.363+1100] {dag.py:3239} INFO - Sync 1 DAGs
[2024-11-13T20:13:09.370+1100] {logging_mixin.py:190} INFO - [2024-11-13T20:13:09.369+1100] {dag.py:4180} INFO - Setting next_dagrun for xcom_dag to 2024-11-13 00:00:00+00:00, run_after=2024-11-14 00:00:00+00:00
[2024-11-13T20:13:09.376+1100] {processor.py:208} INFO - Processing /Users/yoonmoon/git/learn-airflow/airflow1/dags/xcom_dag.py took 0.088 seconds
[2024-11-13T20:14:17.569+1100] {processor.py:186} INFO - Started process (PID=69241) to work on /Users/yoonmoon/git/learn-airflow/airflow1/dags/xcom_dag.py
[2024-11-13T20:14:17.571+1100] {processor.py:914} INFO - Processing file /Users/yoonmoon/git/learn-airflow/airflow1/dags/xcom_dag.py for tasks to queue
[2024-11-13T20:14:17.571+1100] {logging_mixin.py:190} INFO - [2024-11-13T20:14:17.571+1100] {dagbag.py:588} INFO - Filling up the DagBag from /Users/yoonmoon/git/learn-airflow/airflow1/dags/xcom_dag.py
[2024-11-13T20:14:17.582+1100] {processor.py:925} INFO - DAG(s) 'xcom_dag' retrieved from /Users/yoonmoon/git/learn-airflow/airflow1/dags/xcom_dag.py
[2024-11-13T20:14:17.643+1100] {logging_mixin.py:190} INFO - [2024-11-13T20:14:17.643+1100] {dag.py:3239} INFO - Sync 1 DAGs
[2024-11-13T20:14:17.650+1100] {logging_mixin.py:190} INFO - [2024-11-13T20:14:17.650+1100] {dag.py:4180} INFO - Setting next_dagrun for xcom_dag to 2024-11-13 00:00:00+00:00, run_after=2024-11-14 00:00:00+00:00
[2024-11-13T20:14:17.656+1100] {processor.py:208} INFO - Processing /Users/yoonmoon/git/learn-airflow/airflow1/dags/xcom_dag.py took 0.089 seconds
[2024-11-13T20:15:28.629+1100] {processor.py:186} INFO - Started process (PID=69367) to work on /Users/yoonmoon/git/learn-airflow/airflow1/dags/xcom_dag.py
[2024-11-13T20:15:28.631+1100] {processor.py:914} INFO - Processing file /Users/yoonmoon/git/learn-airflow/airflow1/dags/xcom_dag.py for tasks to queue
[2024-11-13T20:15:28.632+1100] {logging_mixin.py:190} INFO - [2024-11-13T20:15:28.631+1100] {dagbag.py:588} INFO - Filling up the DagBag from /Users/yoonmoon/git/learn-airflow/airflow1/dags/xcom_dag.py
[2024-11-13T20:15:28.642+1100] {processor.py:925} INFO - DAG(s) 'xcom_dag' retrieved from /Users/yoonmoon/git/learn-airflow/airflow1/dags/xcom_dag.py
[2024-11-13T20:15:28.703+1100] {logging_mixin.py:190} INFO - [2024-11-13T20:15:28.703+1100] {dag.py:3239} INFO - Sync 1 DAGs
[2024-11-13T20:15:28.710+1100] {logging_mixin.py:190} INFO - [2024-11-13T20:15:28.710+1100] {dag.py:4180} INFO - Setting next_dagrun for xcom_dag to 2024-11-13 00:00:00+00:00, run_after=2024-11-14 00:00:00+00:00
[2024-11-13T20:15:28.716+1100] {processor.py:208} INFO - Processing /Users/yoonmoon/git/learn-airflow/airflow1/dags/xcom_dag.py took 0.090 seconds
[2024-11-13T20:16:37.027+1100] {processor.py:186} INFO - Started process (PID=69490) to work on /Users/yoonmoon/git/learn-airflow/airflow1/dags/xcom_dag.py
[2024-11-13T20:16:37.028+1100] {processor.py:914} INFO - Processing file /Users/yoonmoon/git/learn-airflow/airflow1/dags/xcom_dag.py for tasks to queue
[2024-11-13T20:16:37.028+1100] {logging_mixin.py:190} INFO - [2024-11-13T20:16:37.028+1100] {dagbag.py:588} INFO - Filling up the DagBag from /Users/yoonmoon/git/learn-airflow/airflow1/dags/xcom_dag.py
[2024-11-13T20:16:37.039+1100] {processor.py:925} INFO - DAG(s) 'xcom_dag' retrieved from /Users/yoonmoon/git/learn-airflow/airflow1/dags/xcom_dag.py
[2024-11-13T20:16:37.099+1100] {logging_mixin.py:190} INFO - [2024-11-13T20:16:37.099+1100] {dag.py:3239} INFO - Sync 1 DAGs
[2024-11-13T20:16:37.106+1100] {logging_mixin.py:190} INFO - [2024-11-13T20:16:37.106+1100] {dag.py:4180} INFO - Setting next_dagrun for xcom_dag to 2024-11-13 00:00:00+00:00, run_after=2024-11-14 00:00:00+00:00
[2024-11-13T20:16:37.113+1100] {processor.py:208} INFO - Processing /Users/yoonmoon/git/learn-airflow/airflow1/dags/xcom_dag.py took 0.088 seconds
[2024-11-13T20:17:45.521+1100] {processor.py:186} INFO - Started process (PID=69618) to work on /Users/yoonmoon/git/learn-airflow/airflow1/dags/xcom_dag.py
[2024-11-13T20:17:45.521+1100] {processor.py:914} INFO - Processing file /Users/yoonmoon/git/learn-airflow/airflow1/dags/xcom_dag.py for tasks to queue
[2024-11-13T20:17:45.522+1100] {logging_mixin.py:190} INFO - [2024-11-13T20:17:45.522+1100] {dagbag.py:588} INFO - Filling up the DagBag from /Users/yoonmoon/git/learn-airflow/airflow1/dags/xcom_dag.py
[2024-11-13T20:17:45.533+1100] {processor.py:925} INFO - DAG(s) 'xcom_dag' retrieved from /Users/yoonmoon/git/learn-airflow/airflow1/dags/xcom_dag.py
[2024-11-13T20:17:45.593+1100] {logging_mixin.py:190} INFO - [2024-11-13T20:17:45.593+1100] {dag.py:3239} INFO - Sync 1 DAGs
[2024-11-13T20:17:45.600+1100] {logging_mixin.py:190} INFO - [2024-11-13T20:17:45.600+1100] {dag.py:4180} INFO - Setting next_dagrun for xcom_dag to 2024-11-13 00:00:00+00:00, run_after=2024-11-14 00:00:00+00:00
[2024-11-13T20:17:45.607+1100] {processor.py:208} INFO - Processing /Users/yoonmoon/git/learn-airflow/airflow1/dags/xcom_dag.py took 0.088 seconds
[2024-11-13T20:18:55.437+1100] {processor.py:186} INFO - Started process (PID=69760) to work on /Users/yoonmoon/git/learn-airflow/airflow1/dags/xcom_dag.py
[2024-11-13T20:18:55.438+1100] {processor.py:914} INFO - Processing file /Users/yoonmoon/git/learn-airflow/airflow1/dags/xcom_dag.py for tasks to queue
[2024-11-13T20:18:55.439+1100] {logging_mixin.py:190} INFO - [2024-11-13T20:18:55.438+1100] {dagbag.py:588} INFO - Filling up the DagBag from /Users/yoonmoon/git/learn-airflow/airflow1/dags/xcom_dag.py
[2024-11-13T20:18:55.449+1100] {processor.py:925} INFO - DAG(s) 'xcom_dag' retrieved from /Users/yoonmoon/git/learn-airflow/airflow1/dags/xcom_dag.py
[2024-11-13T20:18:55.513+1100] {logging_mixin.py:190} INFO - [2024-11-13T20:18:55.512+1100] {dag.py:3239} INFO - Sync 1 DAGs
[2024-11-13T20:18:55.519+1100] {logging_mixin.py:190} INFO - [2024-11-13T20:18:55.519+1100] {dag.py:4180} INFO - Setting next_dagrun for xcom_dag to 2024-11-13 00:00:00+00:00, run_after=2024-11-14 00:00:00+00:00
[2024-11-13T20:18:55.526+1100] {processor.py:208} INFO - Processing /Users/yoonmoon/git/learn-airflow/airflow1/dags/xcom_dag.py took 0.091 seconds
[2024-11-13T20:20:06.619+1100] {processor.py:186} INFO - Started process (PID=69951) to work on /Users/yoonmoon/git/learn-airflow/airflow1/dags/xcom_dag.py
[2024-11-13T20:20:06.620+1100] {processor.py:914} INFO - Processing file /Users/yoonmoon/git/learn-airflow/airflow1/dags/xcom_dag.py for tasks to queue
[2024-11-13T20:20:06.621+1100] {logging_mixin.py:190} INFO - [2024-11-13T20:20:06.621+1100] {dagbag.py:588} INFO - Filling up the DagBag from /Users/yoonmoon/git/learn-airflow/airflow1/dags/xcom_dag.py
[2024-11-13T20:20:06.631+1100] {processor.py:925} INFO - DAG(s) 'xcom_dag' retrieved from /Users/yoonmoon/git/learn-airflow/airflow1/dags/xcom_dag.py
[2024-11-13T20:20:06.690+1100] {logging_mixin.py:190} INFO - [2024-11-13T20:20:06.690+1100] {dag.py:3239} INFO - Sync 1 DAGs
[2024-11-13T20:20:06.697+1100] {logging_mixin.py:190} INFO - [2024-11-13T20:20:06.697+1100] {dag.py:4180} INFO - Setting next_dagrun for xcom_dag to 2024-11-13 00:00:00+00:00, run_after=2024-11-14 00:00:00+00:00
[2024-11-13T20:20:06.704+1100] {processor.py:208} INFO - Processing /Users/yoonmoon/git/learn-airflow/airflow1/dags/xcom_dag.py took 0.087 seconds
[2024-11-13T20:21:15.444+1100] {processor.py:186} INFO - Started process (PID=70136) to work on /Users/yoonmoon/git/learn-airflow/airflow1/dags/xcom_dag.py
[2024-11-13T20:21:15.445+1100] {processor.py:914} INFO - Processing file /Users/yoonmoon/git/learn-airflow/airflow1/dags/xcom_dag.py for tasks to queue
[2024-11-13T20:21:15.445+1100] {logging_mixin.py:190} INFO - [2024-11-13T20:21:15.445+1100] {dagbag.py:588} INFO - Filling up the DagBag from /Users/yoonmoon/git/learn-airflow/airflow1/dags/xcom_dag.py
[2024-11-13T20:21:15.456+1100] {processor.py:925} INFO - DAG(s) 'xcom_dag' retrieved from /Users/yoonmoon/git/learn-airflow/airflow1/dags/xcom_dag.py
[2024-11-13T20:21:15.517+1100] {logging_mixin.py:190} INFO - [2024-11-13T20:21:15.517+1100] {dag.py:3239} INFO - Sync 1 DAGs
[2024-11-13T20:21:15.524+1100] {logging_mixin.py:190} INFO - [2024-11-13T20:21:15.524+1100] {dag.py:4180} INFO - Setting next_dagrun for xcom_dag to 2024-11-13 00:00:00+00:00, run_after=2024-11-14 00:00:00+00:00
[2024-11-13T20:21:15.530+1100] {processor.py:208} INFO - Processing /Users/yoonmoon/git/learn-airflow/airflow1/dags/xcom_dag.py took 0.089 seconds
[2024-11-13T20:22:23.692+1100] {processor.py:186} INFO - Started process (PID=70263) to work on /Users/yoonmoon/git/learn-airflow/airflow1/dags/xcom_dag.py
[2024-11-13T20:22:23.693+1100] {processor.py:914} INFO - Processing file /Users/yoonmoon/git/learn-airflow/airflow1/dags/xcom_dag.py for tasks to queue
[2024-11-13T20:22:23.693+1100] {logging_mixin.py:190} INFO - [2024-11-13T20:22:23.693+1100] {dagbag.py:588} INFO - Filling up the DagBag from /Users/yoonmoon/git/learn-airflow/airflow1/dags/xcom_dag.py
[2024-11-13T20:22:23.703+1100] {processor.py:925} INFO - DAG(s) 'xcom_dag' retrieved from /Users/yoonmoon/git/learn-airflow/airflow1/dags/xcom_dag.py
[2024-11-13T20:22:23.763+1100] {logging_mixin.py:190} INFO - [2024-11-13T20:22:23.763+1100] {dag.py:3239} INFO - Sync 1 DAGs
[2024-11-13T20:22:23.769+1100] {logging_mixin.py:190} INFO - [2024-11-13T20:22:23.769+1100] {dag.py:4180} INFO - Setting next_dagrun for xcom_dag to 2024-11-13 00:00:00+00:00, run_after=2024-11-14 00:00:00+00:00
[2024-11-13T20:22:23.776+1100] {processor.py:208} INFO - Processing /Users/yoonmoon/git/learn-airflow/airflow1/dags/xcom_dag.py took 0.086 seconds
[2024-11-13T20:23:27.430+1100] {processor.py:186} INFO - Started process (PID=70394) to work on /Users/yoonmoon/git/learn-airflow/airflow1/dags/xcom_dag.py
[2024-11-13T20:23:27.432+1100] {processor.py:914} INFO - Processing file /Users/yoonmoon/git/learn-airflow/airflow1/dags/xcom_dag.py for tasks to queue
[2024-11-13T20:23:27.432+1100] {logging_mixin.py:190} INFO - [2024-11-13T20:23:27.432+1100] {dagbag.py:588} INFO - Filling up the DagBag from /Users/yoonmoon/git/learn-airflow/airflow1/dags/xcom_dag.py
[2024-11-13T20:23:27.443+1100] {processor.py:925} INFO - DAG(s) 'xcom_dag' retrieved from /Users/yoonmoon/git/learn-airflow/airflow1/dags/xcom_dag.py
[2024-11-13T20:23:27.502+1100] {logging_mixin.py:190} INFO - [2024-11-13T20:23:27.502+1100] {dag.py:3239} INFO - Sync 1 DAGs
[2024-11-13T20:23:27.508+1100] {logging_mixin.py:190} INFO - [2024-11-13T20:23:27.508+1100] {dag.py:4180} INFO - Setting next_dagrun for xcom_dag to 2024-11-13 00:00:00+00:00, run_after=2024-11-14 00:00:00+00:00
[2024-11-13T20:23:27.514+1100] {processor.py:208} INFO - Processing /Users/yoonmoon/git/learn-airflow/airflow1/dags/xcom_dag.py took 0.086 seconds
[2024-11-13T20:24:35.861+1100] {processor.py:186} INFO - Started process (PID=70517) to work on /Users/yoonmoon/git/learn-airflow/airflow1/dags/xcom_dag.py
[2024-11-13T20:24:35.861+1100] {processor.py:914} INFO - Processing file /Users/yoonmoon/git/learn-airflow/airflow1/dags/xcom_dag.py for tasks to queue
[2024-11-13T20:24:35.862+1100] {logging_mixin.py:190} INFO - [2024-11-13T20:24:35.862+1100] {dagbag.py:588} INFO - Filling up the DagBag from /Users/yoonmoon/git/learn-airflow/airflow1/dags/xcom_dag.py
[2024-11-13T20:24:35.873+1100] {processor.py:925} INFO - DAG(s) 'xcom_dag' retrieved from /Users/yoonmoon/git/learn-airflow/airflow1/dags/xcom_dag.py
[2024-11-13T20:24:35.934+1100] {logging_mixin.py:190} INFO - [2024-11-13T20:24:35.933+1100] {dag.py:3239} INFO - Sync 1 DAGs
[2024-11-13T20:24:35.941+1100] {logging_mixin.py:190} INFO - [2024-11-13T20:24:35.940+1100] {dag.py:4180} INFO - Setting next_dagrun for xcom_dag to 2024-11-13 00:00:00+00:00, run_after=2024-11-14 00:00:00+00:00
[2024-11-13T20:24:35.948+1100] {processor.py:208} INFO - Processing /Users/yoonmoon/git/learn-airflow/airflow1/dags/xcom_dag.py took 0.090 seconds
[2024-11-13T20:25:43.489+1100] {processor.py:186} INFO - Started process (PID=70643) to work on /Users/yoonmoon/git/learn-airflow/airflow1/dags/xcom_dag.py
[2024-11-13T20:25:43.489+1100] {processor.py:914} INFO - Processing file /Users/yoonmoon/git/learn-airflow/airflow1/dags/xcom_dag.py for tasks to queue
[2024-11-13T20:25:43.490+1100] {logging_mixin.py:190} INFO - [2024-11-13T20:25:43.490+1100] {dagbag.py:588} INFO - Filling up the DagBag from /Users/yoonmoon/git/learn-airflow/airflow1/dags/xcom_dag.py
[2024-11-13T20:25:43.500+1100] {processor.py:925} INFO - DAG(s) 'xcom_dag' retrieved from /Users/yoonmoon/git/learn-airflow/airflow1/dags/xcom_dag.py
[2024-11-13T20:25:43.558+1100] {logging_mixin.py:190} INFO - [2024-11-13T20:25:43.558+1100] {dag.py:3239} INFO - Sync 1 DAGs
[2024-11-13T20:25:43.564+1100] {logging_mixin.py:190} INFO - [2024-11-13T20:25:43.564+1100] {dag.py:4180} INFO - Setting next_dagrun for xcom_dag to 2024-11-13 00:00:00+00:00, run_after=2024-11-14 00:00:00+00:00
[2024-11-13T20:25:43.571+1100] {processor.py:208} INFO - Processing /Users/yoonmoon/git/learn-airflow/airflow1/dags/xcom_dag.py took 0.085 seconds
[2024-11-13T20:26:52.124+1100] {processor.py:186} INFO - Started process (PID=70796) to work on /Users/yoonmoon/git/learn-airflow/airflow1/dags/xcom_dag.py
[2024-11-13T20:26:52.125+1100] {processor.py:914} INFO - Processing file /Users/yoonmoon/git/learn-airflow/airflow1/dags/xcom_dag.py for tasks to queue
[2024-11-13T20:26:52.125+1100] {logging_mixin.py:190} INFO - [2024-11-13T20:26:52.125+1100] {dagbag.py:588} INFO - Filling up the DagBag from /Users/yoonmoon/git/learn-airflow/airflow1/dags/xcom_dag.py
[2024-11-13T20:26:52.136+1100] {processor.py:925} INFO - DAG(s) 'xcom_dag' retrieved from /Users/yoonmoon/git/learn-airflow/airflow1/dags/xcom_dag.py
[2024-11-13T20:26:52.195+1100] {logging_mixin.py:190} INFO - [2024-11-13T20:26:52.195+1100] {dag.py:3239} INFO - Sync 1 DAGs
[2024-11-13T20:26:52.202+1100] {logging_mixin.py:190} INFO - [2024-11-13T20:26:52.201+1100] {dag.py:4180} INFO - Setting next_dagrun for xcom_dag to 2024-11-13 00:00:00+00:00, run_after=2024-11-14 00:00:00+00:00
[2024-11-13T20:26:52.208+1100] {processor.py:208} INFO - Processing /Users/yoonmoon/git/learn-airflow/airflow1/dags/xcom_dag.py took 0.086 seconds
[2024-11-13T20:28:02.446+1100] {processor.py:186} INFO - Started process (PID=70928) to work on /Users/yoonmoon/git/learn-airflow/airflow1/dags/xcom_dag.py
[2024-11-13T20:28:02.446+1100] {processor.py:914} INFO - Processing file /Users/yoonmoon/git/learn-airflow/airflow1/dags/xcom_dag.py for tasks to queue
[2024-11-13T20:28:02.447+1100] {logging_mixin.py:190} INFO - [2024-11-13T20:28:02.447+1100] {dagbag.py:588} INFO - Filling up the DagBag from /Users/yoonmoon/git/learn-airflow/airflow1/dags/xcom_dag.py
[2024-11-13T20:28:02.457+1100] {processor.py:925} INFO - DAG(s) 'xcom_dag' retrieved from /Users/yoonmoon/git/learn-airflow/airflow1/dags/xcom_dag.py
[2024-11-13T20:28:02.517+1100] {logging_mixin.py:190} INFO - [2024-11-13T20:28:02.517+1100] {dag.py:3239} INFO - Sync 1 DAGs
[2024-11-13T20:28:02.523+1100] {logging_mixin.py:190} INFO - [2024-11-13T20:28:02.523+1100] {dag.py:4180} INFO - Setting next_dagrun for xcom_dag to 2024-11-13 00:00:00+00:00, run_after=2024-11-14 00:00:00+00:00
[2024-11-13T20:28:02.530+1100] {processor.py:208} INFO - Processing /Users/yoonmoon/git/learn-airflow/airflow1/dags/xcom_dag.py took 0.087 seconds
[2024-11-13T20:29:07.762+1100] {processor.py:186} INFO - Started process (PID=71073) to work on /Users/yoonmoon/git/learn-airflow/airflow1/dags/xcom_dag.py
[2024-11-13T20:29:07.763+1100] {processor.py:914} INFO - Processing file /Users/yoonmoon/git/learn-airflow/airflow1/dags/xcom_dag.py for tasks to queue
[2024-11-13T20:29:07.764+1100] {logging_mixin.py:190} INFO - [2024-11-13T20:29:07.764+1100] {dagbag.py:588} INFO - Filling up the DagBag from /Users/yoonmoon/git/learn-airflow/airflow1/dags/xcom_dag.py
[2024-11-13T20:29:07.775+1100] {processor.py:925} INFO - DAG(s) 'xcom_dag' retrieved from /Users/yoonmoon/git/learn-airflow/airflow1/dags/xcom_dag.py
[2024-11-13T20:29:07.833+1100] {logging_mixin.py:190} INFO - [2024-11-13T20:29:07.833+1100] {dag.py:3239} INFO - Sync 1 DAGs
[2024-11-13T20:29:07.839+1100] {logging_mixin.py:190} INFO - [2024-11-13T20:29:07.839+1100] {dag.py:4180} INFO - Setting next_dagrun for xcom_dag to 2024-11-13 00:00:00+00:00, run_after=2024-11-14 00:00:00+00:00
[2024-11-13T20:29:07.845+1100] {processor.py:208} INFO - Processing /Users/yoonmoon/git/learn-airflow/airflow1/dags/xcom_dag.py took 0.086 seconds
[2024-11-13T20:30:15.957+1100] {processor.py:186} INFO - Started process (PID=71196) to work on /Users/yoonmoon/git/learn-airflow/airflow1/dags/xcom_dag.py
[2024-11-13T20:30:15.958+1100] {processor.py:914} INFO - Processing file /Users/yoonmoon/git/learn-airflow/airflow1/dags/xcom_dag.py for tasks to queue
[2024-11-13T20:30:15.959+1100] {logging_mixin.py:190} INFO - [2024-11-13T20:30:15.959+1100] {dagbag.py:588} INFO - Filling up the DagBag from /Users/yoonmoon/git/learn-airflow/airflow1/dags/xcom_dag.py
[2024-11-13T20:30:15.969+1100] {processor.py:925} INFO - DAG(s) 'xcom_dag' retrieved from /Users/yoonmoon/git/learn-airflow/airflow1/dags/xcom_dag.py
[2024-11-13T20:30:16.031+1100] {logging_mixin.py:190} INFO - [2024-11-13T20:30:16.030+1100] {dag.py:3239} INFO - Sync 1 DAGs
[2024-11-13T20:30:16.037+1100] {logging_mixin.py:190} INFO - [2024-11-13T20:30:16.037+1100] {dag.py:4180} INFO - Setting next_dagrun for xcom_dag to 2024-11-13 00:00:00+00:00, run_after=2024-11-14 00:00:00+00:00
[2024-11-13T20:30:16.044+1100] {processor.py:208} INFO - Processing /Users/yoonmoon/git/learn-airflow/airflow1/dags/xcom_dag.py took 0.088 seconds
[2024-11-13T20:31:25.264+1100] {processor.py:186} INFO - Started process (PID=71319) to work on /Users/yoonmoon/git/learn-airflow/airflow1/dags/xcom_dag.py
[2024-11-13T20:31:25.264+1100] {processor.py:914} INFO - Processing file /Users/yoonmoon/git/learn-airflow/airflow1/dags/xcom_dag.py for tasks to queue
[2024-11-13T20:31:25.265+1100] {logging_mixin.py:190} INFO - [2024-11-13T20:31:25.265+1100] {dagbag.py:588} INFO - Filling up the DagBag from /Users/yoonmoon/git/learn-airflow/airflow1/dags/xcom_dag.py
[2024-11-13T20:31:25.275+1100] {processor.py:925} INFO - DAG(s) 'xcom_dag' retrieved from /Users/yoonmoon/git/learn-airflow/airflow1/dags/xcom_dag.py
[2024-11-13T20:31:25.335+1100] {logging_mixin.py:190} INFO - [2024-11-13T20:31:25.335+1100] {dag.py:3239} INFO - Sync 1 DAGs
[2024-11-13T20:31:25.341+1100] {logging_mixin.py:190} INFO - [2024-11-13T20:31:25.341+1100] {dag.py:4180} INFO - Setting next_dagrun for xcom_dag to 2024-11-13 00:00:00+00:00, run_after=2024-11-14 00:00:00+00:00
[2024-11-13T20:31:25.347+1100] {processor.py:208} INFO - Processing /Users/yoonmoon/git/learn-airflow/airflow1/dags/xcom_dag.py took 0.086 seconds
[2024-11-13T20:32:36.195+1100] {processor.py:186} INFO - Started process (PID=71449) to work on /Users/yoonmoon/git/learn-airflow/airflow1/dags/xcom_dag.py
[2024-11-13T20:32:36.195+1100] {processor.py:914} INFO - Processing file /Users/yoonmoon/git/learn-airflow/airflow1/dags/xcom_dag.py for tasks to queue
[2024-11-13T20:32:36.196+1100] {logging_mixin.py:190} INFO - [2024-11-13T20:32:36.196+1100] {dagbag.py:588} INFO - Filling up the DagBag from /Users/yoonmoon/git/learn-airflow/airflow1/dags/xcom_dag.py
[2024-11-13T20:32:36.207+1100] {processor.py:925} INFO - DAG(s) 'xcom_dag' retrieved from /Users/yoonmoon/git/learn-airflow/airflow1/dags/xcom_dag.py
[2024-11-13T20:32:36.267+1100] {logging_mixin.py:190} INFO - [2024-11-13T20:32:36.267+1100] {dag.py:3239} INFO - Sync 1 DAGs
[2024-11-13T20:32:36.273+1100] {logging_mixin.py:190} INFO - [2024-11-13T20:32:36.273+1100] {dag.py:4180} INFO - Setting next_dagrun for xcom_dag to 2024-11-13 00:00:00+00:00, run_after=2024-11-14 00:00:00+00:00
[2024-11-13T20:32:36.279+1100] {processor.py:208} INFO - Processing /Users/yoonmoon/git/learn-airflow/airflow1/dags/xcom_dag.py took 0.087 seconds
[2024-11-13T20:33:47.686+1100] {processor.py:186} INFO - Started process (PID=71579) to work on /Users/yoonmoon/git/learn-airflow/airflow1/dags/xcom_dag.py
[2024-11-13T20:33:47.687+1100] {processor.py:914} INFO - Processing file /Users/yoonmoon/git/learn-airflow/airflow1/dags/xcom_dag.py for tasks to queue
[2024-11-13T20:33:47.687+1100] {logging_mixin.py:190} INFO - [2024-11-13T20:33:47.687+1100] {dagbag.py:588} INFO - Filling up the DagBag from /Users/yoonmoon/git/learn-airflow/airflow1/dags/xcom_dag.py
[2024-11-13T20:33:47.697+1100] {processor.py:925} INFO - DAG(s) 'xcom_dag' retrieved from /Users/yoonmoon/git/learn-airflow/airflow1/dags/xcom_dag.py
[2024-11-13T20:33:47.766+1100] {logging_mixin.py:190} INFO - [2024-11-13T20:33:47.764+1100] {dag.py:3239} INFO - Sync 1 DAGs
[2024-11-13T20:33:47.775+1100] {logging_mixin.py:190} INFO - [2024-11-13T20:33:47.775+1100] {dag.py:4180} INFO - Setting next_dagrun for xcom_dag to 2024-11-13 00:00:00+00:00, run_after=2024-11-14 00:00:00+00:00
[2024-11-13T20:33:47.783+1100] {processor.py:208} INFO - Processing /Users/yoonmoon/git/learn-airflow/airflow1/dags/xcom_dag.py took 0.099 seconds
[2024-11-13T20:34:58.134+1100] {processor.py:186} INFO - Started process (PID=71713) to work on /Users/yoonmoon/git/learn-airflow/airflow1/dags/xcom_dag.py
[2024-11-13T20:34:58.134+1100] {processor.py:914} INFO - Processing file /Users/yoonmoon/git/learn-airflow/airflow1/dags/xcom_dag.py for tasks to queue
[2024-11-13T20:34:58.135+1100] {logging_mixin.py:190} INFO - [2024-11-13T20:34:58.135+1100] {dagbag.py:588} INFO - Filling up the DagBag from /Users/yoonmoon/git/learn-airflow/airflow1/dags/xcom_dag.py
[2024-11-13T20:34:58.146+1100] {processor.py:925} INFO - DAG(s) 'xcom_dag' retrieved from /Users/yoonmoon/git/learn-airflow/airflow1/dags/xcom_dag.py
[2024-11-13T20:34:58.205+1100] {logging_mixin.py:190} INFO - [2024-11-13T20:34:58.205+1100] {dag.py:3239} INFO - Sync 1 DAGs
[2024-11-13T20:34:58.211+1100] {logging_mixin.py:190} INFO - [2024-11-13T20:34:58.211+1100] {dag.py:4180} INFO - Setting next_dagrun for xcom_dag to 2024-11-13 00:00:00+00:00, run_after=2024-11-14 00:00:00+00:00
[2024-11-13T20:34:58.218+1100] {processor.py:208} INFO - Processing /Users/yoonmoon/git/learn-airflow/airflow1/dags/xcom_dag.py took 0.087 seconds
[2024-11-13T20:36:07.664+1100] {processor.py:186} INFO - Started process (PID=71853) to work on /Users/yoonmoon/git/learn-airflow/airflow1/dags/xcom_dag.py
[2024-11-13T20:36:07.667+1100] {processor.py:914} INFO - Processing file /Users/yoonmoon/git/learn-airflow/airflow1/dags/xcom_dag.py for tasks to queue
[2024-11-13T20:36:07.667+1100] {logging_mixin.py:190} INFO - [2024-11-13T20:36:07.667+1100] {dagbag.py:588} INFO - Filling up the DagBag from /Users/yoonmoon/git/learn-airflow/airflow1/dags/xcom_dag.py
[2024-11-13T20:36:07.678+1100] {processor.py:925} INFO - DAG(s) 'xcom_dag' retrieved from /Users/yoonmoon/git/learn-airflow/airflow1/dags/xcom_dag.py
[2024-11-13T20:36:07.737+1100] {logging_mixin.py:190} INFO - [2024-11-13T20:36:07.737+1100] {dag.py:3239} INFO - Sync 1 DAGs
[2024-11-13T20:36:07.743+1100] {logging_mixin.py:190} INFO - [2024-11-13T20:36:07.743+1100] {dag.py:4180} INFO - Setting next_dagrun for xcom_dag to 2024-11-13 00:00:00+00:00, run_after=2024-11-14 00:00:00+00:00
[2024-11-13T20:36:07.749+1100] {processor.py:208} INFO - Processing /Users/yoonmoon/git/learn-airflow/airflow1/dags/xcom_dag.py took 0.088 seconds
[2024-11-13T20:37:16.365+1100] {processor.py:186} INFO - Started process (PID=72003) to work on /Users/yoonmoon/git/learn-airflow/airflow1/dags/xcom_dag.py
[2024-11-13T20:37:16.366+1100] {processor.py:914} INFO - Processing file /Users/yoonmoon/git/learn-airflow/airflow1/dags/xcom_dag.py for tasks to queue
[2024-11-13T20:37:16.367+1100] {logging_mixin.py:190} INFO - [2024-11-13T20:37:16.367+1100] {dagbag.py:588} INFO - Filling up the DagBag from /Users/yoonmoon/git/learn-airflow/airflow1/dags/xcom_dag.py
[2024-11-13T20:37:16.377+1100] {processor.py:925} INFO - DAG(s) 'xcom_dag' retrieved from /Users/yoonmoon/git/learn-airflow/airflow1/dags/xcom_dag.py
[2024-11-13T20:37:16.437+1100] {logging_mixin.py:190} INFO - [2024-11-13T20:37:16.437+1100] {dag.py:3239} INFO - Sync 1 DAGs
[2024-11-13T20:37:16.443+1100] {logging_mixin.py:190} INFO - [2024-11-13T20:37:16.443+1100] {dag.py:4180} INFO - Setting next_dagrun for xcom_dag to 2024-11-13 00:00:00+00:00, run_after=2024-11-14 00:00:00+00:00
[2024-11-13T20:37:16.450+1100] {processor.py:208} INFO - Processing /Users/yoonmoon/git/learn-airflow/airflow1/dags/xcom_dag.py took 0.087 seconds
[2024-11-13T20:38:25.651+1100] {processor.py:186} INFO - Started process (PID=72148) to work on /Users/yoonmoon/git/learn-airflow/airflow1/dags/xcom_dag.py
[2024-11-13T20:38:25.652+1100] {processor.py:914} INFO - Processing file /Users/yoonmoon/git/learn-airflow/airflow1/dags/xcom_dag.py for tasks to queue
[2024-11-13T20:38:25.652+1100] {logging_mixin.py:190} INFO - [2024-11-13T20:38:25.652+1100] {dagbag.py:588} INFO - Filling up the DagBag from /Users/yoonmoon/git/learn-airflow/airflow1/dags/xcom_dag.py
[2024-11-13T20:38:25.663+1100] {processor.py:925} INFO - DAG(s) 'xcom_dag' retrieved from /Users/yoonmoon/git/learn-airflow/airflow1/dags/xcom_dag.py
[2024-11-13T20:38:25.724+1100] {logging_mixin.py:190} INFO - [2024-11-13T20:38:25.724+1100] {dag.py:3239} INFO - Sync 1 DAGs
[2024-11-13T20:38:25.731+1100] {logging_mixin.py:190} INFO - [2024-11-13T20:38:25.731+1100] {dag.py:4180} INFO - Setting next_dagrun for xcom_dag to 2024-11-13 00:00:00+00:00, run_after=2024-11-14 00:00:00+00:00
[2024-11-13T20:38:25.737+1100] {processor.py:208} INFO - Processing /Users/yoonmoon/git/learn-airflow/airflow1/dags/xcom_dag.py took 0.089 seconds
[2024-11-13T20:39:33.715+1100] {processor.py:186} INFO - Started process (PID=72279) to work on /Users/yoonmoon/git/learn-airflow/airflow1/dags/xcom_dag.py
[2024-11-13T20:39:33.716+1100] {processor.py:914} INFO - Processing file /Users/yoonmoon/git/learn-airflow/airflow1/dags/xcom_dag.py for tasks to queue
[2024-11-13T20:39:33.717+1100] {logging_mixin.py:190} INFO - [2024-11-13T20:39:33.717+1100] {dagbag.py:588} INFO - Filling up the DagBag from /Users/yoonmoon/git/learn-airflow/airflow1/dags/xcom_dag.py
[2024-11-13T20:39:33.727+1100] {processor.py:925} INFO - DAG(s) 'xcom_dag' retrieved from /Users/yoonmoon/git/learn-airflow/airflow1/dags/xcom_dag.py
[2024-11-13T20:39:33.786+1100] {logging_mixin.py:190} INFO - [2024-11-13T20:39:33.786+1100] {dag.py:3239} INFO - Sync 1 DAGs
[2024-11-13T20:39:33.793+1100] {logging_mixin.py:190} INFO - [2024-11-13T20:39:33.792+1100] {dag.py:4180} INFO - Setting next_dagrun for xcom_dag to 2024-11-13 00:00:00+00:00, run_after=2024-11-14 00:00:00+00:00
[2024-11-13T20:39:33.799+1100] {processor.py:208} INFO - Processing /Users/yoonmoon/git/learn-airflow/airflow1/dags/xcom_dag.py took 0.086 seconds
[2024-11-13T20:40:45.254+1100] {processor.py:186} INFO - Started process (PID=72407) to work on /Users/yoonmoon/git/learn-airflow/airflow1/dags/xcom_dag.py
[2024-11-13T20:40:45.256+1100] {processor.py:914} INFO - Processing file /Users/yoonmoon/git/learn-airflow/airflow1/dags/xcom_dag.py for tasks to queue
[2024-11-13T20:40:45.256+1100] {logging_mixin.py:190} INFO - [2024-11-13T20:40:45.256+1100] {dagbag.py:588} INFO - Filling up the DagBag from /Users/yoonmoon/git/learn-airflow/airflow1/dags/xcom_dag.py
[2024-11-13T20:40:45.268+1100] {processor.py:925} INFO - DAG(s) 'xcom_dag' retrieved from /Users/yoonmoon/git/learn-airflow/airflow1/dags/xcom_dag.py
[2024-11-13T20:40:45.327+1100] {logging_mixin.py:190} INFO - [2024-11-13T20:40:45.327+1100] {dag.py:3239} INFO - Sync 1 DAGs
[2024-11-13T20:40:45.334+1100] {logging_mixin.py:190} INFO - [2024-11-13T20:40:45.333+1100] {dag.py:4180} INFO - Setting next_dagrun for xcom_dag to 2024-11-13 00:00:00+00:00, run_after=2024-11-14 00:00:00+00:00
[2024-11-13T20:40:45.340+1100] {processor.py:208} INFO - Processing /Users/yoonmoon/git/learn-airflow/airflow1/dags/xcom_dag.py took 0.088 seconds
[2024-11-13T20:41:55.702+1100] {processor.py:186} INFO - Started process (PID=72538) to work on /Users/yoonmoon/git/learn-airflow/airflow1/dags/xcom_dag.py
[2024-11-13T20:41:55.702+1100] {processor.py:914} INFO - Processing file /Users/yoonmoon/git/learn-airflow/airflow1/dags/xcom_dag.py for tasks to queue
[2024-11-13T20:41:55.703+1100] {logging_mixin.py:190} INFO - [2024-11-13T20:41:55.703+1100] {dagbag.py:588} INFO - Filling up the DagBag from /Users/yoonmoon/git/learn-airflow/airflow1/dags/xcom_dag.py
[2024-11-13T20:41:55.714+1100] {processor.py:925} INFO - DAG(s) 'xcom_dag' retrieved from /Users/yoonmoon/git/learn-airflow/airflow1/dags/xcom_dag.py
[2024-11-13T20:41:55.773+1100] {logging_mixin.py:190} INFO - [2024-11-13T20:41:55.773+1100] {dag.py:3239} INFO - Sync 1 DAGs
[2024-11-13T20:41:55.780+1100] {logging_mixin.py:190} INFO - [2024-11-13T20:41:55.780+1100] {dag.py:4180} INFO - Setting next_dagrun for xcom_dag to 2024-11-13 00:00:00+00:00, run_after=2024-11-14 00:00:00+00:00
[2024-11-13T20:41:55.787+1100] {processor.py:208} INFO - Processing /Users/yoonmoon/git/learn-airflow/airflow1/dags/xcom_dag.py took 0.088 seconds
[2024-11-13T20:43:04.944+1100] {processor.py:186} INFO - Started process (PID=72666) to work on /Users/yoonmoon/git/learn-airflow/airflow1/dags/xcom_dag.py
[2024-11-13T20:43:04.945+1100] {processor.py:914} INFO - Processing file /Users/yoonmoon/git/learn-airflow/airflow1/dags/xcom_dag.py for tasks to queue
[2024-11-13T20:43:04.946+1100] {logging_mixin.py:190} INFO - [2024-11-13T20:43:04.946+1100] {dagbag.py:588} INFO - Filling up the DagBag from /Users/yoonmoon/git/learn-airflow/airflow1/dags/xcom_dag.py
[2024-11-13T20:43:04.956+1100] {processor.py:925} INFO - DAG(s) 'xcom_dag' retrieved from /Users/yoonmoon/git/learn-airflow/airflow1/dags/xcom_dag.py
[2024-11-13T20:43:05.013+1100] {logging_mixin.py:190} INFO - [2024-11-13T20:43:05.013+1100] {dag.py:3239} INFO - Sync 1 DAGs
[2024-11-13T20:43:05.020+1100] {logging_mixin.py:190} INFO - [2024-11-13T20:43:05.020+1100] {dag.py:4180} INFO - Setting next_dagrun for xcom_dag to 2024-11-13 00:00:00+00:00, run_after=2024-11-14 00:00:00+00:00
[2024-11-13T20:43:05.026+1100] {processor.py:208} INFO - Processing /Users/yoonmoon/git/learn-airflow/airflow1/dags/xcom_dag.py took 0.084 seconds
[2024-11-13T20:44:10.919+1100] {processor.py:186} INFO - Started process (PID=72793) to work on /Users/yoonmoon/git/learn-airflow/airflow1/dags/xcom_dag.py
[2024-11-13T20:44:10.919+1100] {processor.py:914} INFO - Processing file /Users/yoonmoon/git/learn-airflow/airflow1/dags/xcom_dag.py for tasks to queue
[2024-11-13T20:44:10.920+1100] {logging_mixin.py:190} INFO - [2024-11-13T20:44:10.920+1100] {dagbag.py:588} INFO - Filling up the DagBag from /Users/yoonmoon/git/learn-airflow/airflow1/dags/xcom_dag.py
[2024-11-13T20:44:10.930+1100] {processor.py:925} INFO - DAG(s) 'xcom_dag' retrieved from /Users/yoonmoon/git/learn-airflow/airflow1/dags/xcom_dag.py
[2024-11-13T20:44:10.990+1100] {logging_mixin.py:190} INFO - [2024-11-13T20:44:10.990+1100] {dag.py:3239} INFO - Sync 1 DAGs
[2024-11-13T20:44:10.996+1100] {logging_mixin.py:190} INFO - [2024-11-13T20:44:10.996+1100] {dag.py:4180} INFO - Setting next_dagrun for xcom_dag to 2024-11-13 00:00:00+00:00, run_after=2024-11-14 00:00:00+00:00
[2024-11-13T20:44:11.003+1100] {processor.py:208} INFO - Processing /Users/yoonmoon/git/learn-airflow/airflow1/dags/xcom_dag.py took 0.087 seconds
[2024-11-13T20:45:24.821+1100] {processor.py:186} INFO - Started process (PID=72939) to work on /Users/yoonmoon/git/learn-airflow/airflow1/dags/xcom_dag.py
[2024-11-13T20:45:24.822+1100] {processor.py:914} INFO - Processing file /Users/yoonmoon/git/learn-airflow/airflow1/dags/xcom_dag.py for tasks to queue
[2024-11-13T20:45:24.823+1100] {logging_mixin.py:190} INFO - [2024-11-13T20:45:24.823+1100] {dagbag.py:588} INFO - Filling up the DagBag from /Users/yoonmoon/git/learn-airflow/airflow1/dags/xcom_dag.py
[2024-11-13T20:45:24.834+1100] {processor.py:925} INFO - DAG(s) 'xcom_dag' retrieved from /Users/yoonmoon/git/learn-airflow/airflow1/dags/xcom_dag.py
[2024-11-13T20:45:24.898+1100] {logging_mixin.py:190} INFO - [2024-11-13T20:45:24.897+1100] {dag.py:3239} INFO - Sync 1 DAGs
[2024-11-13T20:45:24.905+1100] {logging_mixin.py:190} INFO - [2024-11-13T20:45:24.904+1100] {dag.py:4180} INFO - Setting next_dagrun for xcom_dag to 2024-11-13 00:00:00+00:00, run_after=2024-11-14 00:00:00+00:00
[2024-11-13T20:45:24.911+1100] {processor.py:208} INFO - Processing /Users/yoonmoon/git/learn-airflow/airflow1/dags/xcom_dag.py took 0.093 seconds
[2024-11-13T20:46:36.151+1100] {processor.py:186} INFO - Started process (PID=73066) to work on /Users/yoonmoon/git/learn-airflow/airflow1/dags/xcom_dag.py
[2024-11-13T20:46:36.152+1100] {processor.py:914} INFO - Processing file /Users/yoonmoon/git/learn-airflow/airflow1/dags/xcom_dag.py for tasks to queue
[2024-11-13T20:46:36.153+1100] {logging_mixin.py:190} INFO - [2024-11-13T20:46:36.152+1100] {dagbag.py:588} INFO - Filling up the DagBag from /Users/yoonmoon/git/learn-airflow/airflow1/dags/xcom_dag.py
[2024-11-13T20:46:36.163+1100] {processor.py:925} INFO - DAG(s) 'xcom_dag' retrieved from /Users/yoonmoon/git/learn-airflow/airflow1/dags/xcom_dag.py
[2024-11-13T20:46:36.223+1100] {logging_mixin.py:190} INFO - [2024-11-13T20:46:36.223+1100] {dag.py:3239} INFO - Sync 1 DAGs
[2024-11-13T20:46:36.229+1100] {logging_mixin.py:190} INFO - [2024-11-13T20:46:36.229+1100] {dag.py:4180} INFO - Setting next_dagrun for xcom_dag to 2024-11-13 00:00:00+00:00, run_after=2024-11-14 00:00:00+00:00
[2024-11-13T20:46:36.237+1100] {processor.py:208} INFO - Processing /Users/yoonmoon/git/learn-airflow/airflow1/dags/xcom_dag.py took 0.088 seconds
[2024-11-13T20:47:46.192+1100] {processor.py:186} INFO - Started process (PID=73209) to work on /Users/yoonmoon/git/learn-airflow/airflow1/dags/xcom_dag.py
[2024-11-13T20:47:46.192+1100] {processor.py:914} INFO - Processing file /Users/yoonmoon/git/learn-airflow/airflow1/dags/xcom_dag.py for tasks to queue
[2024-11-13T20:47:46.193+1100] {logging_mixin.py:190} INFO - [2024-11-13T20:47:46.193+1100] {dagbag.py:588} INFO - Filling up the DagBag from /Users/yoonmoon/git/learn-airflow/airflow1/dags/xcom_dag.py
[2024-11-13T20:47:46.203+1100] {processor.py:925} INFO - DAG(s) 'xcom_dag' retrieved from /Users/yoonmoon/git/learn-airflow/airflow1/dags/xcom_dag.py
[2024-11-13T20:47:46.261+1100] {logging_mixin.py:190} INFO - [2024-11-13T20:47:46.261+1100] {dag.py:3239} INFO - Sync 1 DAGs
[2024-11-13T20:47:46.268+1100] {logging_mixin.py:190} INFO - [2024-11-13T20:47:46.268+1100] {dag.py:4180} INFO - Setting next_dagrun for xcom_dag to 2024-11-13 00:00:00+00:00, run_after=2024-11-14 00:00:00+00:00
[2024-11-13T20:47:46.275+1100] {processor.py:208} INFO - Processing /Users/yoonmoon/git/learn-airflow/airflow1/dags/xcom_dag.py took 0.086 seconds
[2024-11-13T20:48:58.711+1100] {processor.py:186} INFO - Started process (PID=73351) to work on /Users/yoonmoon/git/learn-airflow/airflow1/dags/xcom_dag.py
[2024-11-13T20:48:58.712+1100] {processor.py:914} INFO - Processing file /Users/yoonmoon/git/learn-airflow/airflow1/dags/xcom_dag.py for tasks to queue
[2024-11-13T20:48:58.713+1100] {logging_mixin.py:190} INFO - [2024-11-13T20:48:58.713+1100] {dagbag.py:588} INFO - Filling up the DagBag from /Users/yoonmoon/git/learn-airflow/airflow1/dags/xcom_dag.py
[2024-11-13T20:48:58.723+1100] {processor.py:925} INFO - DAG(s) 'xcom_dag' retrieved from /Users/yoonmoon/git/learn-airflow/airflow1/dags/xcom_dag.py
[2024-11-13T20:48:58.786+1100] {logging_mixin.py:190} INFO - [2024-11-13T20:48:58.786+1100] {dag.py:3239} INFO - Sync 1 DAGs
[2024-11-13T20:48:58.794+1100] {logging_mixin.py:190} INFO - [2024-11-13T20:48:58.793+1100] {dag.py:4180} INFO - Setting next_dagrun for xcom_dag to 2024-11-13 00:00:00+00:00, run_after=2024-11-14 00:00:00+00:00
[2024-11-13T20:48:58.801+1100] {processor.py:208} INFO - Processing /Users/yoonmoon/git/learn-airflow/airflow1/dags/xcom_dag.py took 0.093 seconds
[2024-11-13T20:50:13.489+1100] {processor.py:186} INFO - Started process (PID=73483) to work on /Users/yoonmoon/git/learn-airflow/airflow1/dags/xcom_dag.py
[2024-11-13T20:50:13.490+1100] {processor.py:914} INFO - Processing file /Users/yoonmoon/git/learn-airflow/airflow1/dags/xcom_dag.py for tasks to queue
[2024-11-13T20:50:13.490+1100] {logging_mixin.py:190} INFO - [2024-11-13T20:50:13.490+1100] {dagbag.py:588} INFO - Filling up the DagBag from /Users/yoonmoon/git/learn-airflow/airflow1/dags/xcom_dag.py
[2024-11-13T20:50:13.501+1100] {processor.py:925} INFO - DAG(s) 'xcom_dag' retrieved from /Users/yoonmoon/git/learn-airflow/airflow1/dags/xcom_dag.py
[2024-11-13T20:50:13.563+1100] {logging_mixin.py:190} INFO - [2024-11-13T20:50:13.563+1100] {dag.py:3239} INFO - Sync 1 DAGs
[2024-11-13T20:50:13.569+1100] {logging_mixin.py:190} INFO - [2024-11-13T20:50:13.569+1100] {dag.py:4180} INFO - Setting next_dagrun for xcom_dag to 2024-11-13 00:00:00+00:00, run_after=2024-11-14 00:00:00+00:00
[2024-11-13T20:50:13.576+1100] {processor.py:208} INFO - Processing /Users/yoonmoon/git/learn-airflow/airflow1/dags/xcom_dag.py took 0.090 seconds
[2024-11-13T20:51:23.326+1100] {processor.py:186} INFO - Started process (PID=73616) to work on /Users/yoonmoon/git/learn-airflow/airflow1/dags/xcom_dag.py
[2024-11-13T20:51:23.327+1100] {processor.py:914} INFO - Processing file /Users/yoonmoon/git/learn-airflow/airflow1/dags/xcom_dag.py for tasks to queue
[2024-11-13T20:51:23.327+1100] {logging_mixin.py:190} INFO - [2024-11-13T20:51:23.327+1100] {dagbag.py:588} INFO - Filling up the DagBag from /Users/yoonmoon/git/learn-airflow/airflow1/dags/xcom_dag.py
[2024-11-13T20:51:23.338+1100] {processor.py:925} INFO - DAG(s) 'xcom_dag' retrieved from /Users/yoonmoon/git/learn-airflow/airflow1/dags/xcom_dag.py
[2024-11-13T20:51:23.403+1100] {logging_mixin.py:190} INFO - [2024-11-13T20:51:23.403+1100] {dag.py:3239} INFO - Sync 1 DAGs
[2024-11-13T20:51:23.410+1100] {logging_mixin.py:190} INFO - [2024-11-13T20:51:23.410+1100] {dag.py:4180} INFO - Setting next_dagrun for xcom_dag to 2024-11-13 00:00:00+00:00, run_after=2024-11-14 00:00:00+00:00
[2024-11-13T20:51:23.418+1100] {processor.py:208} INFO - Processing /Users/yoonmoon/git/learn-airflow/airflow1/dags/xcom_dag.py took 0.095 seconds
