[2024-11-13T19:30:21.025+1100] {processor.py:186} INFO - Started process (PID=63845) to work on /Users/yoonmoon/git/learn-airflow/airflow1/py_env/lib/python3.11/site-packages/airflow/example_dags/example_bash_decorator.py
[2024-11-13T19:30:21.026+1100] {processor.py:914} INFO - Processing file /Users/yoonmoon/git/learn-airflow/airflow1/py_env/lib/python3.11/site-packages/airflow/example_dags/example_bash_decorator.py for tasks to queue
[2024-11-13T19:30:21.026+1100] {logging_mixin.py:190} INFO - [2024-11-13T19:30:21.026+1100] {dagbag.py:588} INFO - Filling up the DagBag from /Users/yoonmoon/git/learn-airflow/airflow1/py_env/lib/python3.11/site-packages/airflow/example_dags/example_bash_decorator.py
[2024-11-13T19:30:21.048+1100] {processor.py:925} INFO - DAG(s) 'example_bash_decorator' retrieved from /Users/yoonmoon/git/learn-airflow/airflow1/py_env/lib/python3.11/site-packages/airflow/example_dags/example_bash_decorator.py
[2024-11-13T19:30:21.147+1100] {logging_mixin.py:190} INFO - [2024-11-13T19:30:21.146+1100] {override.py:1911} INFO - Created Permission View: can delete on DAG:example_bash_decorator
[2024-11-13T19:30:21.151+1100] {logging_mixin.py:190} INFO - [2024-11-13T19:30:21.151+1100] {override.py:1911} INFO - Created Permission View: can edit on DAG:example_bash_decorator
[2024-11-13T19:30:21.153+1100] {logging_mixin.py:190} INFO - [2024-11-13T19:30:21.153+1100] {override.py:1911} INFO - Created Permission View: can read on DAG:example_bash_decorator
[2024-11-13T19:30:21.157+1100] {logging_mixin.py:190} INFO - [2024-11-13T19:30:21.157+1100] {override.py:1911} INFO - Created Permission View: can delete on DAG Run:example_bash_decorator
[2024-11-13T19:30:21.160+1100] {logging_mixin.py:190} INFO - [2024-11-13T19:30:21.160+1100] {override.py:1911} INFO - Created Permission View: can read on DAG Run:example_bash_decorator
[2024-11-13T19:30:21.162+1100] {logging_mixin.py:190} INFO - [2024-11-13T19:30:21.162+1100] {override.py:1911} INFO - Created Permission View: can create on DAG Run:example_bash_decorator
[2024-11-13T19:30:21.165+1100] {logging_mixin.py:190} INFO - [2024-11-13T19:30:21.165+1100] {override.py:1911} INFO - Created Permission View: menu access on DAG Run:example_bash_decorator
[2024-11-13T19:30:21.165+1100] {logging_mixin.py:190} INFO - [2024-11-13T19:30:21.165+1100] {dag.py:3239} INFO - Sync 1 DAGs
[2024-11-13T19:30:21.169+1100] {logging_mixin.py:190} INFO - [2024-11-13T19:30:21.169+1100] {dag.py:3262} INFO - Creating ORM DAG for example_bash_decorator
[2024-11-13T19:30:21.169+1100] {logging_mixin.py:190} INFO - [2024-11-13T19:30:21.169+1100] {dag.py:4180} INFO - Setting next_dagrun for example_bash_decorator to None, run_after=None
[2024-11-13T19:30:21.175+1100] {processor.py:208} INFO - Processing /Users/yoonmoon/git/learn-airflow/airflow1/py_env/lib/python3.11/site-packages/airflow/example_dags/example_bash_decorator.py took 0.152 seconds
[2024-11-13T19:32:40.919+1100] {processor.py:186} INFO - Started process (PID=64209) to work on /Users/yoonmoon/git/learn-airflow/airflow1/py_env/lib/python3.11/site-packages/airflow/example_dags/example_bash_decorator.py
[2024-11-13T19:32:40.920+1100] {processor.py:914} INFO - Processing file /Users/yoonmoon/git/learn-airflow/airflow1/py_env/lib/python3.11/site-packages/airflow/example_dags/example_bash_decorator.py for tasks to queue
[2024-11-13T19:32:40.920+1100] {logging_mixin.py:190} INFO - [2024-11-13T19:32:40.920+1100] {dagbag.py:588} INFO - Filling up the DagBag from /Users/yoonmoon/git/learn-airflow/airflow1/py_env/lib/python3.11/site-packages/airflow/example_dags/example_bash_decorator.py
[2024-11-13T19:32:40.939+1100] {processor.py:925} INFO - DAG(s) 'example_bash_decorator' retrieved from /Users/yoonmoon/git/learn-airflow/airflow1/py_env/lib/python3.11/site-packages/airflow/example_dags/example_bash_decorator.py
[2024-11-13T19:32:41.044+1100] {logging_mixin.py:190} INFO - [2024-11-13T19:32:41.044+1100] {dag.py:3239} INFO - Sync 1 DAGs
[2024-11-13T19:32:41.048+1100] {logging_mixin.py:190} INFO - [2024-11-13T19:32:41.047+1100] {dag.py:4180} INFO - Setting next_dagrun for example_bash_decorator to None, run_after=None
[2024-11-13T19:32:41.054+1100] {processor.py:208} INFO - Processing /Users/yoonmoon/git/learn-airflow/airflow1/py_env/lib/python3.11/site-packages/airflow/example_dags/example_bash_decorator.py took 0.137 seconds
[2024-11-13T19:35:19.349+1100] {processor.py:186} INFO - Started process (PID=64750) to work on /Users/yoonmoon/git/learn-airflow/airflow1/py_env/lib/python3.11/site-packages/airflow/example_dags/example_bash_decorator.py
[2024-11-13T19:35:19.350+1100] {processor.py:914} INFO - Processing file /Users/yoonmoon/git/learn-airflow/airflow1/py_env/lib/python3.11/site-packages/airflow/example_dags/example_bash_decorator.py for tasks to queue
[2024-11-13T19:35:19.350+1100] {logging_mixin.py:190} INFO - [2024-11-13T19:35:19.350+1100] {dagbag.py:588} INFO - Filling up the DagBag from /Users/yoonmoon/git/learn-airflow/airflow1/py_env/lib/python3.11/site-packages/airflow/example_dags/example_bash_decorator.py
[2024-11-13T19:35:19.365+1100] {processor.py:925} INFO - DAG(s) 'example_bash_decorator' retrieved from /Users/yoonmoon/git/learn-airflow/airflow1/py_env/lib/python3.11/site-packages/airflow/example_dags/example_bash_decorator.py
[2024-11-13T19:35:19.465+1100] {logging_mixin.py:190} INFO - [2024-11-13T19:35:19.465+1100] {dag.py:3239} INFO - Sync 1 DAGs
[2024-11-13T19:35:19.468+1100] {logging_mixin.py:190} INFO - [2024-11-13T19:35:19.468+1100] {dag.py:4180} INFO - Setting next_dagrun for example_bash_decorator to None, run_after=None
[2024-11-13T19:35:19.474+1100] {processor.py:208} INFO - Processing /Users/yoonmoon/git/learn-airflow/airflow1/py_env/lib/python3.11/site-packages/airflow/example_dags/example_bash_decorator.py took 0.127 seconds
[2024-11-13T19:37:49.501+1100] {processor.py:186} INFO - Started process (PID=65048) to work on /Users/yoonmoon/git/learn-airflow/airflow1/py_env/lib/python3.11/site-packages/airflow/example_dags/example_bash_decorator.py
[2024-11-13T19:37:49.502+1100] {processor.py:914} INFO - Processing file /Users/yoonmoon/git/learn-airflow/airflow1/py_env/lib/python3.11/site-packages/airflow/example_dags/example_bash_decorator.py for tasks to queue
[2024-11-13T19:37:49.503+1100] {logging_mixin.py:190} INFO - [2024-11-13T19:37:49.502+1100] {dagbag.py:588} INFO - Filling up the DagBag from /Users/yoonmoon/git/learn-airflow/airflow1/py_env/lib/python3.11/site-packages/airflow/example_dags/example_bash_decorator.py
[2024-11-13T19:37:49.522+1100] {processor.py:925} INFO - DAG(s) 'example_bash_decorator' retrieved from /Users/yoonmoon/git/learn-airflow/airflow1/py_env/lib/python3.11/site-packages/airflow/example_dags/example_bash_decorator.py
[2024-11-13T19:37:49.629+1100] {logging_mixin.py:190} INFO - [2024-11-13T19:37:49.629+1100] {dag.py:3239} INFO - Sync 1 DAGs
[2024-11-13T19:37:49.632+1100] {logging_mixin.py:190} INFO - [2024-11-13T19:37:49.632+1100] {dag.py:4180} INFO - Setting next_dagrun for example_bash_decorator to None, run_after=None
[2024-11-13T19:37:49.638+1100] {processor.py:208} INFO - Processing /Users/yoonmoon/git/learn-airflow/airflow1/py_env/lib/python3.11/site-packages/airflow/example_dags/example_bash_decorator.py took 0.139 seconds
[2024-11-13T19:40:05.495+1100] {processor.py:186} INFO - Started process (PID=65319) to work on /Users/yoonmoon/git/learn-airflow/airflow1/py_env/lib/python3.11/site-packages/airflow/example_dags/example_bash_decorator.py
[2024-11-13T19:40:05.496+1100] {processor.py:914} INFO - Processing file /Users/yoonmoon/git/learn-airflow/airflow1/py_env/lib/python3.11/site-packages/airflow/example_dags/example_bash_decorator.py for tasks to queue
[2024-11-13T19:40:05.496+1100] {logging_mixin.py:190} INFO - [2024-11-13T19:40:05.496+1100] {dagbag.py:588} INFO - Filling up the DagBag from /Users/yoonmoon/git/learn-airflow/airflow1/py_env/lib/python3.11/site-packages/airflow/example_dags/example_bash_decorator.py
[2024-11-13T19:40:05.517+1100] {processor.py:925} INFO - DAG(s) 'example_bash_decorator' retrieved from /Users/yoonmoon/git/learn-airflow/airflow1/py_env/lib/python3.11/site-packages/airflow/example_dags/example_bash_decorator.py
[2024-11-13T19:40:05.621+1100] {logging_mixin.py:190} INFO - [2024-11-13T19:40:05.621+1100] {dag.py:3239} INFO - Sync 1 DAGs
[2024-11-13T19:40:05.625+1100] {logging_mixin.py:190} INFO - [2024-11-13T19:40:05.625+1100] {dag.py:4180} INFO - Setting next_dagrun for example_bash_decorator to None, run_after=None
[2024-11-13T19:40:05.631+1100] {processor.py:208} INFO - Processing /Users/yoonmoon/git/learn-airflow/airflow1/py_env/lib/python3.11/site-packages/airflow/example_dags/example_bash_decorator.py took 0.138 seconds
[2024-11-13T19:42:25.659+1100] {processor.py:186} INFO - Started process (PID=65622) to work on /Users/yoonmoon/git/learn-airflow/airflow1/py_env/lib/python3.11/site-packages/airflow/example_dags/example_bash_decorator.py
[2024-11-13T19:42:25.661+1100] {processor.py:914} INFO - Processing file /Users/yoonmoon/git/learn-airflow/airflow1/py_env/lib/python3.11/site-packages/airflow/example_dags/example_bash_decorator.py for tasks to queue
[2024-11-13T19:42:25.661+1100] {logging_mixin.py:190} INFO - [2024-11-13T19:42:25.661+1100] {dagbag.py:588} INFO - Filling up the DagBag from /Users/yoonmoon/git/learn-airflow/airflow1/py_env/lib/python3.11/site-packages/airflow/example_dags/example_bash_decorator.py
[2024-11-13T19:42:25.678+1100] {processor.py:925} INFO - DAG(s) 'example_bash_decorator' retrieved from /Users/yoonmoon/git/learn-airflow/airflow1/py_env/lib/python3.11/site-packages/airflow/example_dags/example_bash_decorator.py
[2024-11-13T19:42:25.784+1100] {logging_mixin.py:190} INFO - [2024-11-13T19:42:25.784+1100] {dag.py:3239} INFO - Sync 1 DAGs
[2024-11-13T19:42:25.788+1100] {logging_mixin.py:190} INFO - [2024-11-13T19:42:25.787+1100] {dag.py:4180} INFO - Setting next_dagrun for example_bash_decorator to None, run_after=None
[2024-11-13T19:42:25.794+1100] {processor.py:208} INFO - Processing /Users/yoonmoon/git/learn-airflow/airflow1/py_env/lib/python3.11/site-packages/airflow/example_dags/example_bash_decorator.py took 0.137 seconds
[2024-11-13T19:44:42.424+1100] {processor.py:186} INFO - Started process (PID=65889) to work on /Users/yoonmoon/git/learn-airflow/airflow1/py_env/lib/python3.11/site-packages/airflow/example_dags/example_bash_decorator.py
[2024-11-13T19:44:42.426+1100] {processor.py:914} INFO - Processing file /Users/yoonmoon/git/learn-airflow/airflow1/py_env/lib/python3.11/site-packages/airflow/example_dags/example_bash_decorator.py for tasks to queue
[2024-11-13T19:44:42.426+1100] {logging_mixin.py:190} INFO - [2024-11-13T19:44:42.426+1100] {dagbag.py:588} INFO - Filling up the DagBag from /Users/yoonmoon/git/learn-airflow/airflow1/py_env/lib/python3.11/site-packages/airflow/example_dags/example_bash_decorator.py
[2024-11-13T19:44:42.443+1100] {processor.py:925} INFO - DAG(s) 'example_bash_decorator' retrieved from /Users/yoonmoon/git/learn-airflow/airflow1/py_env/lib/python3.11/site-packages/airflow/example_dags/example_bash_decorator.py
[2024-11-13T19:44:42.548+1100] {logging_mixin.py:190} INFO - [2024-11-13T19:44:42.548+1100] {dag.py:3239} INFO - Sync 1 DAGs
[2024-11-13T19:44:42.551+1100] {logging_mixin.py:190} INFO - [2024-11-13T19:44:42.551+1100] {dag.py:4180} INFO - Setting next_dagrun for example_bash_decorator to None, run_after=None
[2024-11-13T19:44:42.557+1100] {processor.py:208} INFO - Processing /Users/yoonmoon/git/learn-airflow/airflow1/py_env/lib/python3.11/site-packages/airflow/example_dags/example_bash_decorator.py took 0.135 seconds
[2024-11-13T19:46:53.231+1100] {processor.py:186} INFO - Started process (PID=66138) to work on /Users/yoonmoon/git/learn-airflow/airflow1/py_env/lib/python3.11/site-packages/airflow/example_dags/example_bash_decorator.py
[2024-11-13T19:46:53.232+1100] {processor.py:914} INFO - Processing file /Users/yoonmoon/git/learn-airflow/airflow1/py_env/lib/python3.11/site-packages/airflow/example_dags/example_bash_decorator.py for tasks to queue
[2024-11-13T19:46:53.233+1100] {logging_mixin.py:190} INFO - [2024-11-13T19:46:53.232+1100] {dagbag.py:588} INFO - Filling up the DagBag from /Users/yoonmoon/git/learn-airflow/airflow1/py_env/lib/python3.11/site-packages/airflow/example_dags/example_bash_decorator.py
[2024-11-13T19:46:53.251+1100] {processor.py:925} INFO - DAG(s) 'example_bash_decorator' retrieved from /Users/yoonmoon/git/learn-airflow/airflow1/py_env/lib/python3.11/site-packages/airflow/example_dags/example_bash_decorator.py
[2024-11-13T19:46:53.360+1100] {logging_mixin.py:190} INFO - [2024-11-13T19:46:53.360+1100] {dag.py:3239} INFO - Sync 1 DAGs
[2024-11-13T19:46:53.363+1100] {logging_mixin.py:190} INFO - [2024-11-13T19:46:53.363+1100] {dag.py:4180} INFO - Setting next_dagrun for example_bash_decorator to None, run_after=None
[2024-11-13T19:46:53.369+1100] {processor.py:208} INFO - Processing /Users/yoonmoon/git/learn-airflow/airflow1/py_env/lib/python3.11/site-packages/airflow/example_dags/example_bash_decorator.py took 0.141 seconds
[2024-11-13T19:49:04.757+1100] {processor.py:186} INFO - Started process (PID=66384) to work on /Users/yoonmoon/git/learn-airflow/airflow1/py_env/lib/python3.11/site-packages/airflow/example_dags/example_bash_decorator.py
[2024-11-13T19:49:04.758+1100] {processor.py:914} INFO - Processing file /Users/yoonmoon/git/learn-airflow/airflow1/py_env/lib/python3.11/site-packages/airflow/example_dags/example_bash_decorator.py for tasks to queue
[2024-11-13T19:49:04.758+1100] {logging_mixin.py:190} INFO - [2024-11-13T19:49:04.758+1100] {dagbag.py:588} INFO - Filling up the DagBag from /Users/yoonmoon/git/learn-airflow/airflow1/py_env/lib/python3.11/site-packages/airflow/example_dags/example_bash_decorator.py
[2024-11-13T19:49:04.776+1100] {processor.py:925} INFO - DAG(s) 'example_bash_decorator' retrieved from /Users/yoonmoon/git/learn-airflow/airflow1/py_env/lib/python3.11/site-packages/airflow/example_dags/example_bash_decorator.py
[2024-11-13T19:49:04.893+1100] {logging_mixin.py:190} INFO - [2024-11-13T19:49:04.893+1100] {dag.py:3239} INFO - Sync 1 DAGs
[2024-11-13T19:49:04.896+1100] {logging_mixin.py:190} INFO - [2024-11-13T19:49:04.896+1100] {dag.py:4180} INFO - Setting next_dagrun for example_bash_decorator to None, run_after=None
[2024-11-13T19:49:04.902+1100] {processor.py:208} INFO - Processing /Users/yoonmoon/git/learn-airflow/airflow1/py_env/lib/python3.11/site-packages/airflow/example_dags/example_bash_decorator.py took 0.147 seconds
[2024-11-13T19:51:17.751+1100] {processor.py:186} INFO - Started process (PID=66622) to work on /Users/yoonmoon/git/learn-airflow/airflow1/py_env/lib/python3.11/site-packages/airflow/example_dags/example_bash_decorator.py
[2024-11-13T19:51:17.753+1100] {processor.py:914} INFO - Processing file /Users/yoonmoon/git/learn-airflow/airflow1/py_env/lib/python3.11/site-packages/airflow/example_dags/example_bash_decorator.py for tasks to queue
[2024-11-13T19:51:17.753+1100] {logging_mixin.py:190} INFO - [2024-11-13T19:51:17.753+1100] {dagbag.py:588} INFO - Filling up the DagBag from /Users/yoonmoon/git/learn-airflow/airflow1/py_env/lib/python3.11/site-packages/airflow/example_dags/example_bash_decorator.py
[2024-11-13T19:51:17.769+1100] {processor.py:925} INFO - DAG(s) 'example_bash_decorator' retrieved from /Users/yoonmoon/git/learn-airflow/airflow1/py_env/lib/python3.11/site-packages/airflow/example_dags/example_bash_decorator.py
[2024-11-13T19:51:17.869+1100] {logging_mixin.py:190} INFO - [2024-11-13T19:51:17.869+1100] {dag.py:3239} INFO - Sync 1 DAGs
[2024-11-13T19:51:17.873+1100] {logging_mixin.py:190} INFO - [2024-11-13T19:51:17.872+1100] {dag.py:4180} INFO - Setting next_dagrun for example_bash_decorator to None, run_after=None
[2024-11-13T19:51:17.879+1100] {processor.py:208} INFO - Processing /Users/yoonmoon/git/learn-airflow/airflow1/py_env/lib/python3.11/site-packages/airflow/example_dags/example_bash_decorator.py took 0.129 seconds
[2024-11-13T19:53:36.557+1100] {processor.py:186} INFO - Started process (PID=66879) to work on /Users/yoonmoon/git/learn-airflow/airflow1/py_env/lib/python3.11/site-packages/airflow/example_dags/example_bash_decorator.py
[2024-11-13T19:53:36.557+1100] {processor.py:914} INFO - Processing file /Users/yoonmoon/git/learn-airflow/airflow1/py_env/lib/python3.11/site-packages/airflow/example_dags/example_bash_decorator.py for tasks to queue
[2024-11-13T19:53:36.558+1100] {logging_mixin.py:190} INFO - [2024-11-13T19:53:36.558+1100] {dagbag.py:588} INFO - Filling up the DagBag from /Users/yoonmoon/git/learn-airflow/airflow1/py_env/lib/python3.11/site-packages/airflow/example_dags/example_bash_decorator.py
[2024-11-13T19:53:36.576+1100] {processor.py:925} INFO - DAG(s) 'example_bash_decorator' retrieved from /Users/yoonmoon/git/learn-airflow/airflow1/py_env/lib/python3.11/site-packages/airflow/example_dags/example_bash_decorator.py
[2024-11-13T19:53:36.681+1100] {logging_mixin.py:190} INFO - [2024-11-13T19:53:36.681+1100] {dag.py:3239} INFO - Sync 1 DAGs
[2024-11-13T19:53:36.684+1100] {logging_mixin.py:190} INFO - [2024-11-13T19:53:36.684+1100] {dag.py:4180} INFO - Setting next_dagrun for example_bash_decorator to None, run_after=None
[2024-11-13T19:53:36.691+1100] {processor.py:208} INFO - Processing /Users/yoonmoon/git/learn-airflow/airflow1/py_env/lib/python3.11/site-packages/airflow/example_dags/example_bash_decorator.py took 0.136 seconds
[2024-11-13T19:55:58.738+1100] {processor.py:186} INFO - Started process (PID=67161) to work on /Users/yoonmoon/git/learn-airflow/airflow1/py_env/lib/python3.11/site-packages/airflow/example_dags/example_bash_decorator.py
[2024-11-13T19:55:58.739+1100] {processor.py:914} INFO - Processing file /Users/yoonmoon/git/learn-airflow/airflow1/py_env/lib/python3.11/site-packages/airflow/example_dags/example_bash_decorator.py for tasks to queue
[2024-11-13T19:55:58.739+1100] {logging_mixin.py:190} INFO - [2024-11-13T19:55:58.739+1100] {dagbag.py:588} INFO - Filling up the DagBag from /Users/yoonmoon/git/learn-airflow/airflow1/py_env/lib/python3.11/site-packages/airflow/example_dags/example_bash_decorator.py
[2024-11-13T19:55:58.756+1100] {processor.py:925} INFO - DAG(s) 'example_bash_decorator' retrieved from /Users/yoonmoon/git/learn-airflow/airflow1/py_env/lib/python3.11/site-packages/airflow/example_dags/example_bash_decorator.py
[2024-11-13T19:55:58.858+1100] {logging_mixin.py:190} INFO - [2024-11-13T19:55:58.858+1100] {dag.py:3239} INFO - Sync 1 DAGs
[2024-11-13T19:55:58.861+1100] {logging_mixin.py:190} INFO - [2024-11-13T19:55:58.861+1100] {dag.py:4180} INFO - Setting next_dagrun for example_bash_decorator to None, run_after=None
[2024-11-13T19:55:58.867+1100] {processor.py:208} INFO - Processing /Users/yoonmoon/git/learn-airflow/airflow1/py_env/lib/python3.11/site-packages/airflow/example_dags/example_bash_decorator.py took 0.132 seconds
[2024-11-13T19:58:14.537+1100] {processor.py:186} INFO - Started process (PID=67411) to work on /Users/yoonmoon/git/learn-airflow/airflow1/py_env/lib/python3.11/site-packages/airflow/example_dags/example_bash_decorator.py
[2024-11-13T19:58:14.538+1100] {processor.py:914} INFO - Processing file /Users/yoonmoon/git/learn-airflow/airflow1/py_env/lib/python3.11/site-packages/airflow/example_dags/example_bash_decorator.py for tasks to queue
[2024-11-13T19:58:14.538+1100] {logging_mixin.py:190} INFO - [2024-11-13T19:58:14.538+1100] {dagbag.py:588} INFO - Filling up the DagBag from /Users/yoonmoon/git/learn-airflow/airflow1/py_env/lib/python3.11/site-packages/airflow/example_dags/example_bash_decorator.py
[2024-11-13T19:58:14.558+1100] {processor.py:925} INFO - DAG(s) 'example_bash_decorator' retrieved from /Users/yoonmoon/git/learn-airflow/airflow1/py_env/lib/python3.11/site-packages/airflow/example_dags/example_bash_decorator.py
[2024-11-13T19:58:14.668+1100] {logging_mixin.py:190} INFO - [2024-11-13T19:58:14.668+1100] {dag.py:3239} INFO - Sync 1 DAGs
[2024-11-13T19:58:14.671+1100] {logging_mixin.py:190} INFO - [2024-11-13T19:58:14.671+1100] {dag.py:4180} INFO - Setting next_dagrun for example_bash_decorator to None, run_after=None
[2024-11-13T19:58:14.679+1100] {processor.py:208} INFO - Processing /Users/yoonmoon/git/learn-airflow/airflow1/py_env/lib/python3.11/site-packages/airflow/example_dags/example_bash_decorator.py took 0.144 seconds
[2024-11-13T20:00:31.190+1100] {processor.py:186} INFO - Started process (PID=67659) to work on /Users/yoonmoon/git/learn-airflow/airflow1/py_env/lib/python3.11/site-packages/airflow/example_dags/example_bash_decorator.py
[2024-11-13T20:00:31.192+1100] {processor.py:914} INFO - Processing file /Users/yoonmoon/git/learn-airflow/airflow1/py_env/lib/python3.11/site-packages/airflow/example_dags/example_bash_decorator.py for tasks to queue
[2024-11-13T20:00:31.192+1100] {logging_mixin.py:190} INFO - [2024-11-13T20:00:31.192+1100] {dagbag.py:588} INFO - Filling up the DagBag from /Users/yoonmoon/git/learn-airflow/airflow1/py_env/lib/python3.11/site-packages/airflow/example_dags/example_bash_decorator.py
[2024-11-13T20:00:31.208+1100] {processor.py:925} INFO - DAG(s) 'example_bash_decorator' retrieved from /Users/yoonmoon/git/learn-airflow/airflow1/py_env/lib/python3.11/site-packages/airflow/example_dags/example_bash_decorator.py
[2024-11-13T20:00:31.314+1100] {logging_mixin.py:190} INFO - [2024-11-13T20:00:31.314+1100] {dag.py:3239} INFO - Sync 1 DAGs
[2024-11-13T20:00:31.317+1100] {logging_mixin.py:190} INFO - [2024-11-13T20:00:31.317+1100] {dag.py:4180} INFO - Setting next_dagrun for example_bash_decorator to None, run_after=None
[2024-11-13T20:00:31.324+1100] {processor.py:208} INFO - Processing /Users/yoonmoon/git/learn-airflow/airflow1/py_env/lib/python3.11/site-packages/airflow/example_dags/example_bash_decorator.py took 0.136 seconds
[2024-11-13T20:02:46.146+1100] {processor.py:186} INFO - Started process (PID=67906) to work on /Users/yoonmoon/git/learn-airflow/airflow1/py_env/lib/python3.11/site-packages/airflow/example_dags/example_bash_decorator.py
[2024-11-13T20:02:46.147+1100] {processor.py:914} INFO - Processing file /Users/yoonmoon/git/learn-airflow/airflow1/py_env/lib/python3.11/site-packages/airflow/example_dags/example_bash_decorator.py for tasks to queue
[2024-11-13T20:02:46.148+1100] {logging_mixin.py:190} INFO - [2024-11-13T20:02:46.148+1100] {dagbag.py:588} INFO - Filling up the DagBag from /Users/yoonmoon/git/learn-airflow/airflow1/py_env/lib/python3.11/site-packages/airflow/example_dags/example_bash_decorator.py
[2024-11-13T20:02:46.164+1100] {processor.py:925} INFO - DAG(s) 'example_bash_decorator' retrieved from /Users/yoonmoon/git/learn-airflow/airflow1/py_env/lib/python3.11/site-packages/airflow/example_dags/example_bash_decorator.py
[2024-11-13T20:02:46.269+1100] {logging_mixin.py:190} INFO - [2024-11-13T20:02:46.268+1100] {dag.py:3239} INFO - Sync 1 DAGs
[2024-11-13T20:02:46.272+1100] {logging_mixin.py:190} INFO - [2024-11-13T20:02:46.272+1100] {dag.py:4180} INFO - Setting next_dagrun for example_bash_decorator to None, run_after=None
[2024-11-13T20:02:46.278+1100] {processor.py:208} INFO - Processing /Users/yoonmoon/git/learn-airflow/airflow1/py_env/lib/python3.11/site-packages/airflow/example_dags/example_bash_decorator.py took 0.134 seconds
[2024-11-13T20:05:00.773+1100] {processor.py:186} INFO - Started process (PID=68147) to work on /Users/yoonmoon/git/learn-airflow/airflow1/py_env/lib/python3.11/site-packages/airflow/example_dags/example_bash_decorator.py
[2024-11-13T20:05:00.774+1100] {processor.py:914} INFO - Processing file /Users/yoonmoon/git/learn-airflow/airflow1/py_env/lib/python3.11/site-packages/airflow/example_dags/example_bash_decorator.py for tasks to queue
[2024-11-13T20:05:00.774+1100] {logging_mixin.py:190} INFO - [2024-11-13T20:05:00.774+1100] {dagbag.py:588} INFO - Filling up the DagBag from /Users/yoonmoon/git/learn-airflow/airflow1/py_env/lib/python3.11/site-packages/airflow/example_dags/example_bash_decorator.py
[2024-11-13T20:05:00.791+1100] {processor.py:925} INFO - DAG(s) 'example_bash_decorator' retrieved from /Users/yoonmoon/git/learn-airflow/airflow1/py_env/lib/python3.11/site-packages/airflow/example_dags/example_bash_decorator.py
[2024-11-13T20:05:00.896+1100] {logging_mixin.py:190} INFO - [2024-11-13T20:05:00.896+1100] {dag.py:3239} INFO - Sync 1 DAGs
[2024-11-13T20:05:00.899+1100] {logging_mixin.py:190} INFO - [2024-11-13T20:05:00.899+1100] {dag.py:4180} INFO - Setting next_dagrun for example_bash_decorator to None, run_after=None
[2024-11-13T20:05:00.906+1100] {processor.py:208} INFO - Processing /Users/yoonmoon/git/learn-airflow/airflow1/py_env/lib/python3.11/site-packages/airflow/example_dags/example_bash_decorator.py took 0.135 seconds
[2024-11-13T20:07:21.678+1100] {processor.py:186} INFO - Started process (PID=68446) to work on /Users/yoonmoon/git/learn-airflow/airflow1/py_env/lib/python3.11/site-packages/airflow/example_dags/example_bash_decorator.py
[2024-11-13T20:07:21.679+1100] {processor.py:914} INFO - Processing file /Users/yoonmoon/git/learn-airflow/airflow1/py_env/lib/python3.11/site-packages/airflow/example_dags/example_bash_decorator.py for tasks to queue
[2024-11-13T20:07:21.680+1100] {logging_mixin.py:190} INFO - [2024-11-13T20:07:21.680+1100] {dagbag.py:588} INFO - Filling up the DagBag from /Users/yoonmoon/git/learn-airflow/airflow1/py_env/lib/python3.11/site-packages/airflow/example_dags/example_bash_decorator.py
[2024-11-13T20:07:21.697+1100] {processor.py:925} INFO - DAG(s) 'example_bash_decorator' retrieved from /Users/yoonmoon/git/learn-airflow/airflow1/py_env/lib/python3.11/site-packages/airflow/example_dags/example_bash_decorator.py
[2024-11-13T20:07:21.799+1100] {logging_mixin.py:190} INFO - [2024-11-13T20:07:21.799+1100] {dag.py:3239} INFO - Sync 1 DAGs
[2024-11-13T20:07:21.803+1100] {logging_mixin.py:190} INFO - [2024-11-13T20:07:21.802+1100] {dag.py:4180} INFO - Setting next_dagrun for example_bash_decorator to None, run_after=None
[2024-11-13T20:07:21.809+1100] {processor.py:208} INFO - Processing /Users/yoonmoon/git/learn-airflow/airflow1/py_env/lib/python3.11/site-packages/airflow/example_dags/example_bash_decorator.py took 0.134 seconds
[2024-11-13T20:09:43.703+1100] {processor.py:186} INFO - Started process (PID=68709) to work on /Users/yoonmoon/git/learn-airflow/airflow1/py_env/lib/python3.11/site-packages/airflow/example_dags/example_bash_decorator.py
[2024-11-13T20:09:43.703+1100] {processor.py:914} INFO - Processing file /Users/yoonmoon/git/learn-airflow/airflow1/py_env/lib/python3.11/site-packages/airflow/example_dags/example_bash_decorator.py for tasks to queue
[2024-11-13T20:09:43.704+1100] {logging_mixin.py:190} INFO - [2024-11-13T20:09:43.704+1100] {dagbag.py:588} INFO - Filling up the DagBag from /Users/yoonmoon/git/learn-airflow/airflow1/py_env/lib/python3.11/site-packages/airflow/example_dags/example_bash_decorator.py
[2024-11-13T20:09:43.720+1100] {processor.py:925} INFO - DAG(s) 'example_bash_decorator' retrieved from /Users/yoonmoon/git/learn-airflow/airflow1/py_env/lib/python3.11/site-packages/airflow/example_dags/example_bash_decorator.py
[2024-11-13T20:09:43.824+1100] {logging_mixin.py:190} INFO - [2024-11-13T20:09:43.824+1100] {dag.py:3239} INFO - Sync 1 DAGs
[2024-11-13T20:09:43.827+1100] {logging_mixin.py:190} INFO - [2024-11-13T20:09:43.827+1100] {dag.py:4180} INFO - Setting next_dagrun for example_bash_decorator to None, run_after=None
[2024-11-13T20:09:43.833+1100] {processor.py:208} INFO - Processing /Users/yoonmoon/git/learn-airflow/airflow1/py_env/lib/python3.11/site-packages/airflow/example_dags/example_bash_decorator.py took 0.133 seconds
[2024-11-13T20:11:59.211+1100] {processor.py:186} INFO - Started process (PID=68988) to work on /Users/yoonmoon/git/learn-airflow/airflow1/py_env/lib/python3.11/site-packages/airflow/example_dags/example_bash_decorator.py
[2024-11-13T20:11:59.212+1100] {processor.py:914} INFO - Processing file /Users/yoonmoon/git/learn-airflow/airflow1/py_env/lib/python3.11/site-packages/airflow/example_dags/example_bash_decorator.py for tasks to queue
[2024-11-13T20:11:59.213+1100] {logging_mixin.py:190} INFO - [2024-11-13T20:11:59.212+1100] {dagbag.py:588} INFO - Filling up the DagBag from /Users/yoonmoon/git/learn-airflow/airflow1/py_env/lib/python3.11/site-packages/airflow/example_dags/example_bash_decorator.py
[2024-11-13T20:11:59.229+1100] {processor.py:925} INFO - DAG(s) 'example_bash_decorator' retrieved from /Users/yoonmoon/git/learn-airflow/airflow1/py_env/lib/python3.11/site-packages/airflow/example_dags/example_bash_decorator.py
[2024-11-13T20:11:59.332+1100] {logging_mixin.py:190} INFO - [2024-11-13T20:11:59.332+1100] {dag.py:3239} INFO - Sync 1 DAGs
[2024-11-13T20:11:59.335+1100] {logging_mixin.py:190} INFO - [2024-11-13T20:11:59.335+1100] {dag.py:4180} INFO - Setting next_dagrun for example_bash_decorator to None, run_after=None
[2024-11-13T20:11:59.341+1100] {processor.py:208} INFO - Processing /Users/yoonmoon/git/learn-airflow/airflow1/py_env/lib/python3.11/site-packages/airflow/example_dags/example_bash_decorator.py took 0.133 seconds
[2024-11-13T20:14:15.629+1100] {processor.py:186} INFO - Started process (PID=69237) to work on /Users/yoonmoon/git/learn-airflow/airflow1/py_env/lib/python3.11/site-packages/airflow/example_dags/example_bash_decorator.py
[2024-11-13T20:14:15.629+1100] {processor.py:914} INFO - Processing file /Users/yoonmoon/git/learn-airflow/airflow1/py_env/lib/python3.11/site-packages/airflow/example_dags/example_bash_decorator.py for tasks to queue
[2024-11-13T20:14:15.630+1100] {logging_mixin.py:190} INFO - [2024-11-13T20:14:15.630+1100] {dagbag.py:588} INFO - Filling up the DagBag from /Users/yoonmoon/git/learn-airflow/airflow1/py_env/lib/python3.11/site-packages/airflow/example_dags/example_bash_decorator.py
[2024-11-13T20:14:15.648+1100] {processor.py:925} INFO - DAG(s) 'example_bash_decorator' retrieved from /Users/yoonmoon/git/learn-airflow/airflow1/py_env/lib/python3.11/site-packages/airflow/example_dags/example_bash_decorator.py
[2024-11-13T20:14:15.753+1100] {logging_mixin.py:190} INFO - [2024-11-13T20:14:15.753+1100] {dag.py:3239} INFO - Sync 1 DAGs
[2024-11-13T20:14:15.756+1100] {logging_mixin.py:190} INFO - [2024-11-13T20:14:15.756+1100] {dag.py:4180} INFO - Setting next_dagrun for example_bash_decorator to None, run_after=None
[2024-11-13T20:14:15.762+1100] {processor.py:208} INFO - Processing /Users/yoonmoon/git/learn-airflow/airflow1/py_env/lib/python3.11/site-packages/airflow/example_dags/example_bash_decorator.py took 0.135 seconds
[2024-11-13T20:16:35.104+1100] {processor.py:186} INFO - Started process (PID=69484) to work on /Users/yoonmoon/git/learn-airflow/airflow1/py_env/lib/python3.11/site-packages/airflow/example_dags/example_bash_decorator.py
[2024-11-13T20:16:35.105+1100] {processor.py:914} INFO - Processing file /Users/yoonmoon/git/learn-airflow/airflow1/py_env/lib/python3.11/site-packages/airflow/example_dags/example_bash_decorator.py for tasks to queue
[2024-11-13T20:16:35.106+1100] {logging_mixin.py:190} INFO - [2024-11-13T20:16:35.106+1100] {dagbag.py:588} INFO - Filling up the DagBag from /Users/yoonmoon/git/learn-airflow/airflow1/py_env/lib/python3.11/site-packages/airflow/example_dags/example_bash_decorator.py
[2024-11-13T20:16:35.125+1100] {processor.py:925} INFO - DAG(s) 'example_bash_decorator' retrieved from /Users/yoonmoon/git/learn-airflow/airflow1/py_env/lib/python3.11/site-packages/airflow/example_dags/example_bash_decorator.py
[2024-11-13T20:16:35.232+1100] {logging_mixin.py:190} INFO - [2024-11-13T20:16:35.232+1100] {dag.py:3239} INFO - Sync 1 DAGs
[2024-11-13T20:16:35.235+1100] {logging_mixin.py:190} INFO - [2024-11-13T20:16:35.235+1100] {dag.py:4180} INFO - Setting next_dagrun for example_bash_decorator to None, run_after=None
[2024-11-13T20:16:35.242+1100] {processor.py:208} INFO - Processing /Users/yoonmoon/git/learn-airflow/airflow1/py_env/lib/python3.11/site-packages/airflow/example_dags/example_bash_decorator.py took 0.141 seconds
[2024-11-13T20:18:53.539+1100] {processor.py:186} INFO - Started process (PID=69756) to work on /Users/yoonmoon/git/learn-airflow/airflow1/py_env/lib/python3.11/site-packages/airflow/example_dags/example_bash_decorator.py
[2024-11-13T20:18:53.540+1100] {processor.py:914} INFO - Processing file /Users/yoonmoon/git/learn-airflow/airflow1/py_env/lib/python3.11/site-packages/airflow/example_dags/example_bash_decorator.py for tasks to queue
[2024-11-13T20:18:53.541+1100] {logging_mixin.py:190} INFO - [2024-11-13T20:18:53.541+1100] {dagbag.py:588} INFO - Filling up the DagBag from /Users/yoonmoon/git/learn-airflow/airflow1/py_env/lib/python3.11/site-packages/airflow/example_dags/example_bash_decorator.py
[2024-11-13T20:18:53.562+1100] {processor.py:925} INFO - DAG(s) 'example_bash_decorator' retrieved from /Users/yoonmoon/git/learn-airflow/airflow1/py_env/lib/python3.11/site-packages/airflow/example_dags/example_bash_decorator.py
[2024-11-13T20:18:53.668+1100] {logging_mixin.py:190} INFO - [2024-11-13T20:18:53.668+1100] {dag.py:3239} INFO - Sync 1 DAGs
[2024-11-13T20:18:53.672+1100] {logging_mixin.py:190} INFO - [2024-11-13T20:18:53.671+1100] {dag.py:4180} INFO - Setting next_dagrun for example_bash_decorator to None, run_after=None
[2024-11-13T20:18:53.678+1100] {processor.py:208} INFO - Processing /Users/yoonmoon/git/learn-airflow/airflow1/py_env/lib/python3.11/site-packages/airflow/example_dags/example_bash_decorator.py took 0.142 seconds
[2024-11-13T20:21:13.528+1100] {processor.py:186} INFO - Started process (PID=70132) to work on /Users/yoonmoon/git/learn-airflow/airflow1/py_env/lib/python3.11/site-packages/airflow/example_dags/example_bash_decorator.py
[2024-11-13T20:21:13.530+1100] {processor.py:914} INFO - Processing file /Users/yoonmoon/git/learn-airflow/airflow1/py_env/lib/python3.11/site-packages/airflow/example_dags/example_bash_decorator.py for tasks to queue
[2024-11-13T20:21:13.530+1100] {logging_mixin.py:190} INFO - [2024-11-13T20:21:13.530+1100] {dagbag.py:588} INFO - Filling up the DagBag from /Users/yoonmoon/git/learn-airflow/airflow1/py_env/lib/python3.11/site-packages/airflow/example_dags/example_bash_decorator.py
[2024-11-13T20:21:13.548+1100] {processor.py:925} INFO - DAG(s) 'example_bash_decorator' retrieved from /Users/yoonmoon/git/learn-airflow/airflow1/py_env/lib/python3.11/site-packages/airflow/example_dags/example_bash_decorator.py
[2024-11-13T20:21:13.657+1100] {logging_mixin.py:190} INFO - [2024-11-13T20:21:13.656+1100] {dag.py:3239} INFO - Sync 1 DAGs
[2024-11-13T20:21:13.660+1100] {logging_mixin.py:190} INFO - [2024-11-13T20:21:13.659+1100] {dag.py:4180} INFO - Setting next_dagrun for example_bash_decorator to None, run_after=None
[2024-11-13T20:21:13.668+1100] {processor.py:208} INFO - Processing /Users/yoonmoon/git/learn-airflow/airflow1/py_env/lib/python3.11/site-packages/airflow/example_dags/example_bash_decorator.py took 0.142 seconds
[2024-11-13T20:23:25.532+1100] {processor.py:186} INFO - Started process (PID=70390) to work on /Users/yoonmoon/git/learn-airflow/airflow1/py_env/lib/python3.11/site-packages/airflow/example_dags/example_bash_decorator.py
[2024-11-13T20:23:25.532+1100] {processor.py:914} INFO - Processing file /Users/yoonmoon/git/learn-airflow/airflow1/py_env/lib/python3.11/site-packages/airflow/example_dags/example_bash_decorator.py for tasks to queue
[2024-11-13T20:23:25.533+1100] {logging_mixin.py:190} INFO - [2024-11-13T20:23:25.533+1100] {dagbag.py:588} INFO - Filling up the DagBag from /Users/yoonmoon/git/learn-airflow/airflow1/py_env/lib/python3.11/site-packages/airflow/example_dags/example_bash_decorator.py
[2024-11-13T20:23:25.551+1100] {processor.py:925} INFO - DAG(s) 'example_bash_decorator' retrieved from /Users/yoonmoon/git/learn-airflow/airflow1/py_env/lib/python3.11/site-packages/airflow/example_dags/example_bash_decorator.py
[2024-11-13T20:23:25.656+1100] {logging_mixin.py:190} INFO - [2024-11-13T20:23:25.656+1100] {dag.py:3239} INFO - Sync 1 DAGs
[2024-11-13T20:23:25.659+1100] {logging_mixin.py:190} INFO - [2024-11-13T20:23:25.659+1100] {dag.py:4180} INFO - Setting next_dagrun for example_bash_decorator to None, run_after=None
[2024-11-13T20:23:25.666+1100] {processor.py:208} INFO - Processing /Users/yoonmoon/git/learn-airflow/airflow1/py_env/lib/python3.11/site-packages/airflow/example_dags/example_bash_decorator.py took 0.137 seconds
[2024-11-13T20:25:41.608+1100] {processor.py:186} INFO - Started process (PID=70639) to work on /Users/yoonmoon/git/learn-airflow/airflow1/py_env/lib/python3.11/site-packages/airflow/example_dags/example_bash_decorator.py
[2024-11-13T20:25:41.609+1100] {processor.py:914} INFO - Processing file /Users/yoonmoon/git/learn-airflow/airflow1/py_env/lib/python3.11/site-packages/airflow/example_dags/example_bash_decorator.py for tasks to queue
[2024-11-13T20:25:41.610+1100] {logging_mixin.py:190} INFO - [2024-11-13T20:25:41.610+1100] {dagbag.py:588} INFO - Filling up the DagBag from /Users/yoonmoon/git/learn-airflow/airflow1/py_env/lib/python3.11/site-packages/airflow/example_dags/example_bash_decorator.py
[2024-11-13T20:25:41.627+1100] {processor.py:925} INFO - DAG(s) 'example_bash_decorator' retrieved from /Users/yoonmoon/git/learn-airflow/airflow1/py_env/lib/python3.11/site-packages/airflow/example_dags/example_bash_decorator.py
[2024-11-13T20:25:41.733+1100] {logging_mixin.py:190} INFO - [2024-11-13T20:25:41.733+1100] {dag.py:3239} INFO - Sync 1 DAGs
[2024-11-13T20:25:41.736+1100] {logging_mixin.py:190} INFO - [2024-11-13T20:25:41.736+1100] {dag.py:4180} INFO - Setting next_dagrun for example_bash_decorator to None, run_after=None
[2024-11-13T20:25:41.742+1100] {processor.py:208} INFO - Processing /Users/yoonmoon/git/learn-airflow/airflow1/py_env/lib/python3.11/site-packages/airflow/example_dags/example_bash_decorator.py took 0.137 seconds
[2024-11-13T20:28:01.398+1100] {processor.py:186} INFO - Started process (PID=70924) to work on /Users/yoonmoon/git/learn-airflow/airflow1/py_env/lib/python3.11/site-packages/airflow/example_dags/example_bash_decorator.py
[2024-11-13T20:28:01.399+1100] {processor.py:914} INFO - Processing file /Users/yoonmoon/git/learn-airflow/airflow1/py_env/lib/python3.11/site-packages/airflow/example_dags/example_bash_decorator.py for tasks to queue
[2024-11-13T20:28:01.400+1100] {logging_mixin.py:190} INFO - [2024-11-13T20:28:01.400+1100] {dagbag.py:588} INFO - Filling up the DagBag from /Users/yoonmoon/git/learn-airflow/airflow1/py_env/lib/python3.11/site-packages/airflow/example_dags/example_bash_decorator.py
[2024-11-13T20:28:01.420+1100] {processor.py:925} INFO - DAG(s) 'example_bash_decorator' retrieved from /Users/yoonmoon/git/learn-airflow/airflow1/py_env/lib/python3.11/site-packages/airflow/example_dags/example_bash_decorator.py
[2024-11-13T20:28:01.528+1100] {logging_mixin.py:190} INFO - [2024-11-13T20:28:01.528+1100] {dag.py:3239} INFO - Sync 1 DAGs
[2024-11-13T20:28:01.531+1100] {logging_mixin.py:190} INFO - [2024-11-13T20:28:01.531+1100] {dag.py:4180} INFO - Setting next_dagrun for example_bash_decorator to None, run_after=None
[2024-11-13T20:28:01.538+1100] {processor.py:208} INFO - Processing /Users/yoonmoon/git/learn-airflow/airflow1/py_env/lib/python3.11/site-packages/airflow/example_dags/example_bash_decorator.py took 0.142 seconds
[2024-11-13T20:30:13.997+1100] {processor.py:186} INFO - Started process (PID=71192) to work on /Users/yoonmoon/git/learn-airflow/airflow1/py_env/lib/python3.11/site-packages/airflow/example_dags/example_bash_decorator.py
[2024-11-13T20:30:13.998+1100] {processor.py:914} INFO - Processing file /Users/yoonmoon/git/learn-airflow/airflow1/py_env/lib/python3.11/site-packages/airflow/example_dags/example_bash_decorator.py for tasks to queue
[2024-11-13T20:30:13.998+1100] {logging_mixin.py:190} INFO - [2024-11-13T20:30:13.998+1100] {dagbag.py:588} INFO - Filling up the DagBag from /Users/yoonmoon/git/learn-airflow/airflow1/py_env/lib/python3.11/site-packages/airflow/example_dags/example_bash_decorator.py
[2024-11-13T20:30:14.017+1100] {processor.py:925} INFO - DAG(s) 'example_bash_decorator' retrieved from /Users/yoonmoon/git/learn-airflow/airflow1/py_env/lib/python3.11/site-packages/airflow/example_dags/example_bash_decorator.py
[2024-11-13T20:30:14.123+1100] {logging_mixin.py:190} INFO - [2024-11-13T20:30:14.123+1100] {dag.py:3239} INFO - Sync 1 DAGs
[2024-11-13T20:30:14.126+1100] {logging_mixin.py:190} INFO - [2024-11-13T20:30:14.126+1100] {dag.py:4180} INFO - Setting next_dagrun for example_bash_decorator to None, run_after=None
[2024-11-13T20:30:14.134+1100] {processor.py:208} INFO - Processing /Users/yoonmoon/git/learn-airflow/airflow1/py_env/lib/python3.11/site-packages/airflow/example_dags/example_bash_decorator.py took 0.139 seconds
[2024-11-13T20:32:34.271+1100] {processor.py:186} INFO - Started process (PID=71445) to work on /Users/yoonmoon/git/learn-airflow/airflow1/py_env/lib/python3.11/site-packages/airflow/example_dags/example_bash_decorator.py
[2024-11-13T20:32:34.272+1100] {processor.py:914} INFO - Processing file /Users/yoonmoon/git/learn-airflow/airflow1/py_env/lib/python3.11/site-packages/airflow/example_dags/example_bash_decorator.py for tasks to queue
[2024-11-13T20:32:34.272+1100] {logging_mixin.py:190} INFO - [2024-11-13T20:32:34.272+1100] {dagbag.py:588} INFO - Filling up the DagBag from /Users/yoonmoon/git/learn-airflow/airflow1/py_env/lib/python3.11/site-packages/airflow/example_dags/example_bash_decorator.py
[2024-11-13T20:32:34.291+1100] {processor.py:925} INFO - DAG(s) 'example_bash_decorator' retrieved from /Users/yoonmoon/git/learn-airflow/airflow1/py_env/lib/python3.11/site-packages/airflow/example_dags/example_bash_decorator.py
[2024-11-13T20:32:34.397+1100] {logging_mixin.py:190} INFO - [2024-11-13T20:32:34.397+1100] {dag.py:3239} INFO - Sync 1 DAGs
[2024-11-13T20:32:34.400+1100] {logging_mixin.py:190} INFO - [2024-11-13T20:32:34.400+1100] {dag.py:4180} INFO - Setting next_dagrun for example_bash_decorator to None, run_after=None
[2024-11-13T20:32:34.406+1100] {processor.py:208} INFO - Processing /Users/yoonmoon/git/learn-airflow/airflow1/py_env/lib/python3.11/site-packages/airflow/example_dags/example_bash_decorator.py took 0.137 seconds
[2024-11-13T20:34:56.476+1100] {processor.py:186} INFO - Started process (PID=71709) to work on /Users/yoonmoon/git/learn-airflow/airflow1/py_env/lib/python3.11/site-packages/airflow/example_dags/example_bash_decorator.py
[2024-11-13T20:34:56.477+1100] {processor.py:914} INFO - Processing file /Users/yoonmoon/git/learn-airflow/airflow1/py_env/lib/python3.11/site-packages/airflow/example_dags/example_bash_decorator.py for tasks to queue
[2024-11-13T20:34:56.478+1100] {logging_mixin.py:190} INFO - [2024-11-13T20:34:56.477+1100] {dagbag.py:588} INFO - Filling up the DagBag from /Users/yoonmoon/git/learn-airflow/airflow1/py_env/lib/python3.11/site-packages/airflow/example_dags/example_bash_decorator.py
[2024-11-13T20:34:56.500+1100] {processor.py:925} INFO - DAG(s) 'example_bash_decorator' retrieved from /Users/yoonmoon/git/learn-airflow/airflow1/py_env/lib/python3.11/site-packages/airflow/example_dags/example_bash_decorator.py
[2024-11-13T20:34:56.605+1100] {logging_mixin.py:190} INFO - [2024-11-13T20:34:56.605+1100] {dag.py:3239} INFO - Sync 1 DAGs
[2024-11-13T20:34:56.608+1100] {logging_mixin.py:190} INFO - [2024-11-13T20:34:56.608+1100] {dag.py:4180} INFO - Setting next_dagrun for example_bash_decorator to None, run_after=None
[2024-11-13T20:34:56.615+1100] {processor.py:208} INFO - Processing /Users/yoonmoon/git/learn-airflow/airflow1/py_env/lib/python3.11/site-packages/airflow/example_dags/example_bash_decorator.py took 0.142 seconds
[2024-11-13T20:37:14.444+1100] {processor.py:186} INFO - Started process (PID=71997) to work on /Users/yoonmoon/git/learn-airflow/airflow1/py_env/lib/python3.11/site-packages/airflow/example_dags/example_bash_decorator.py
[2024-11-13T20:37:14.444+1100] {processor.py:914} INFO - Processing file /Users/yoonmoon/git/learn-airflow/airflow1/py_env/lib/python3.11/site-packages/airflow/example_dags/example_bash_decorator.py for tasks to queue
[2024-11-13T20:37:14.445+1100] {logging_mixin.py:190} INFO - [2024-11-13T20:37:14.445+1100] {dagbag.py:588} INFO - Filling up the DagBag from /Users/yoonmoon/git/learn-airflow/airflow1/py_env/lib/python3.11/site-packages/airflow/example_dags/example_bash_decorator.py
[2024-11-13T20:37:14.462+1100] {processor.py:925} INFO - DAG(s) 'example_bash_decorator' retrieved from /Users/yoonmoon/git/learn-airflow/airflow1/py_env/lib/python3.11/site-packages/airflow/example_dags/example_bash_decorator.py
[2024-11-13T20:37:14.568+1100] {logging_mixin.py:190} INFO - [2024-11-13T20:37:14.568+1100] {dag.py:3239} INFO - Sync 1 DAGs
[2024-11-13T20:37:14.571+1100] {logging_mixin.py:190} INFO - [2024-11-13T20:37:14.571+1100] {dag.py:4180} INFO - Setting next_dagrun for example_bash_decorator to None, run_after=None
[2024-11-13T20:37:14.578+1100] {processor.py:208} INFO - Processing /Users/yoonmoon/git/learn-airflow/airflow1/py_env/lib/python3.11/site-packages/airflow/example_dags/example_bash_decorator.py took 0.136 seconds
[2024-11-13T20:39:31.796+1100] {processor.py:186} INFO - Started process (PID=72275) to work on /Users/yoonmoon/git/learn-airflow/airflow1/py_env/lib/python3.11/site-packages/airflow/example_dags/example_bash_decorator.py
[2024-11-13T20:39:31.797+1100] {processor.py:914} INFO - Processing file /Users/yoonmoon/git/learn-airflow/airflow1/py_env/lib/python3.11/site-packages/airflow/example_dags/example_bash_decorator.py for tasks to queue
[2024-11-13T20:39:31.798+1100] {logging_mixin.py:190} INFO - [2024-11-13T20:39:31.798+1100] {dagbag.py:588} INFO - Filling up the DagBag from /Users/yoonmoon/git/learn-airflow/airflow1/py_env/lib/python3.11/site-packages/airflow/example_dags/example_bash_decorator.py
[2024-11-13T20:39:31.815+1100] {processor.py:925} INFO - DAG(s) 'example_bash_decorator' retrieved from /Users/yoonmoon/git/learn-airflow/airflow1/py_env/lib/python3.11/site-packages/airflow/example_dags/example_bash_decorator.py
[2024-11-13T20:39:31.922+1100] {logging_mixin.py:190} INFO - [2024-11-13T20:39:31.922+1100] {dag.py:3239} INFO - Sync 1 DAGs
[2024-11-13T20:39:31.925+1100] {logging_mixin.py:190} INFO - [2024-11-13T20:39:31.925+1100] {dag.py:4180} INFO - Setting next_dagrun for example_bash_decorator to None, run_after=None
[2024-11-13T20:39:31.932+1100] {processor.py:208} INFO - Processing /Users/yoonmoon/git/learn-airflow/airflow1/py_env/lib/python3.11/site-packages/airflow/example_dags/example_bash_decorator.py took 0.139 seconds
[2024-11-13T20:41:53.797+1100] {processor.py:186} INFO - Started process (PID=72536) to work on /Users/yoonmoon/git/learn-airflow/airflow1/py_env/lib/python3.11/site-packages/airflow/example_dags/example_bash_decorator.py
[2024-11-13T20:41:53.799+1100] {processor.py:914} INFO - Processing file /Users/yoonmoon/git/learn-airflow/airflow1/py_env/lib/python3.11/site-packages/airflow/example_dags/example_bash_decorator.py for tasks to queue
[2024-11-13T20:41:53.799+1100] {logging_mixin.py:190} INFO - [2024-11-13T20:41:53.799+1100] {dagbag.py:588} INFO - Filling up the DagBag from /Users/yoonmoon/git/learn-airflow/airflow1/py_env/lib/python3.11/site-packages/airflow/example_dags/example_bash_decorator.py
[2024-11-13T20:41:53.816+1100] {processor.py:925} INFO - DAG(s) 'example_bash_decorator' retrieved from /Users/yoonmoon/git/learn-airflow/airflow1/py_env/lib/python3.11/site-packages/airflow/example_dags/example_bash_decorator.py
[2024-11-13T20:41:53.923+1100] {logging_mixin.py:190} INFO - [2024-11-13T20:41:53.923+1100] {dag.py:3239} INFO - Sync 1 DAGs
[2024-11-13T20:41:53.926+1100] {logging_mixin.py:190} INFO - [2024-11-13T20:41:53.926+1100] {dag.py:4180} INFO - Setting next_dagrun for example_bash_decorator to None, run_after=None
[2024-11-13T20:41:53.933+1100] {processor.py:208} INFO - Processing /Users/yoonmoon/git/learn-airflow/airflow1/py_env/lib/python3.11/site-packages/airflow/example_dags/example_bash_decorator.py took 0.138 seconds
[2024-11-13T20:44:08.983+1100] {processor.py:186} INFO - Started process (PID=72791) to work on /Users/yoonmoon/git/learn-airflow/airflow1/py_env/lib/python3.11/site-packages/airflow/example_dags/example_bash_decorator.py
[2024-11-13T20:44:08.984+1100] {processor.py:914} INFO - Processing file /Users/yoonmoon/git/learn-airflow/airflow1/py_env/lib/python3.11/site-packages/airflow/example_dags/example_bash_decorator.py for tasks to queue
[2024-11-13T20:44:08.985+1100] {logging_mixin.py:190} INFO - [2024-11-13T20:44:08.984+1100] {dagbag.py:588} INFO - Filling up the DagBag from /Users/yoonmoon/git/learn-airflow/airflow1/py_env/lib/python3.11/site-packages/airflow/example_dags/example_bash_decorator.py
[2024-11-13T20:44:09.004+1100] {processor.py:925} INFO - DAG(s) 'example_bash_decorator' retrieved from /Users/yoonmoon/git/learn-airflow/airflow1/py_env/lib/python3.11/site-packages/airflow/example_dags/example_bash_decorator.py
[2024-11-13T20:44:09.114+1100] {logging_mixin.py:190} INFO - [2024-11-13T20:44:09.114+1100] {dag.py:3239} INFO - Sync 1 DAGs
[2024-11-13T20:44:09.118+1100] {logging_mixin.py:190} INFO - [2024-11-13T20:44:09.118+1100] {dag.py:4180} INFO - Setting next_dagrun for example_bash_decorator to None, run_after=None
[2024-11-13T20:44:09.125+1100] {processor.py:208} INFO - Processing /Users/yoonmoon/git/learn-airflow/airflow1/py_env/lib/python3.11/site-packages/airflow/example_dags/example_bash_decorator.py took 0.145 seconds
[2024-11-13T20:46:34.216+1100] {processor.py:186} INFO - Started process (PID=73061) to work on /Users/yoonmoon/git/learn-airflow/airflow1/py_env/lib/python3.11/site-packages/airflow/example_dags/example_bash_decorator.py
[2024-11-13T20:46:34.218+1100] {processor.py:914} INFO - Processing file /Users/yoonmoon/git/learn-airflow/airflow1/py_env/lib/python3.11/site-packages/airflow/example_dags/example_bash_decorator.py for tasks to queue
[2024-11-13T20:46:34.218+1100] {logging_mixin.py:190} INFO - [2024-11-13T20:46:34.218+1100] {dagbag.py:588} INFO - Filling up the DagBag from /Users/yoonmoon/git/learn-airflow/airflow1/py_env/lib/python3.11/site-packages/airflow/example_dags/example_bash_decorator.py
[2024-11-13T20:46:34.237+1100] {processor.py:925} INFO - DAG(s) 'example_bash_decorator' retrieved from /Users/yoonmoon/git/learn-airflow/airflow1/py_env/lib/python3.11/site-packages/airflow/example_dags/example_bash_decorator.py
[2024-11-13T20:46:34.350+1100] {logging_mixin.py:190} INFO - [2024-11-13T20:46:34.349+1100] {dag.py:3239} INFO - Sync 1 DAGs
[2024-11-13T20:46:34.353+1100] {logging_mixin.py:190} INFO - [2024-11-13T20:46:34.353+1100] {dag.py:4180} INFO - Setting next_dagrun for example_bash_decorator to None, run_after=None
[2024-11-13T20:46:34.360+1100] {processor.py:208} INFO - Processing /Users/yoonmoon/git/learn-airflow/airflow1/py_env/lib/python3.11/site-packages/airflow/example_dags/example_bash_decorator.py took 0.146 seconds
[2024-11-13T20:48:56.792+1100] {processor.py:186} INFO - Started process (PID=73347) to work on /Users/yoonmoon/git/learn-airflow/airflow1/py_env/lib/python3.11/site-packages/airflow/example_dags/example_bash_decorator.py
[2024-11-13T20:48:56.793+1100] {processor.py:914} INFO - Processing file /Users/yoonmoon/git/learn-airflow/airflow1/py_env/lib/python3.11/site-packages/airflow/example_dags/example_bash_decorator.py for tasks to queue
[2024-11-13T20:48:56.794+1100] {logging_mixin.py:190} INFO - [2024-11-13T20:48:56.794+1100] {dagbag.py:588} INFO - Filling up the DagBag from /Users/yoonmoon/git/learn-airflow/airflow1/py_env/lib/python3.11/site-packages/airflow/example_dags/example_bash_decorator.py
[2024-11-13T20:48:56.814+1100] {processor.py:925} INFO - DAG(s) 'example_bash_decorator' retrieved from /Users/yoonmoon/git/learn-airflow/airflow1/py_env/lib/python3.11/site-packages/airflow/example_dags/example_bash_decorator.py
[2024-11-13T20:48:56.933+1100] {logging_mixin.py:190} INFO - [2024-11-13T20:48:56.932+1100] {dag.py:3239} INFO - Sync 1 DAGs
[2024-11-13T20:48:56.936+1100] {logging_mixin.py:190} INFO - [2024-11-13T20:48:56.936+1100] {dag.py:4180} INFO - Setting next_dagrun for example_bash_decorator to None, run_after=None
[2024-11-13T20:48:56.943+1100] {processor.py:208} INFO - Processing /Users/yoonmoon/git/learn-airflow/airflow1/py_env/lib/python3.11/site-packages/airflow/example_dags/example_bash_decorator.py took 0.154 seconds
[2024-11-13T20:51:21.394+1100] {processor.py:186} INFO - Started process (PID=73613) to work on /Users/yoonmoon/git/learn-airflow/airflow1/py_env/lib/python3.11/site-packages/airflow/example_dags/example_bash_decorator.py
[2024-11-13T20:51:21.395+1100] {processor.py:914} INFO - Processing file /Users/yoonmoon/git/learn-airflow/airflow1/py_env/lib/python3.11/site-packages/airflow/example_dags/example_bash_decorator.py for tasks to queue
[2024-11-13T20:51:21.396+1100] {logging_mixin.py:190} INFO - [2024-11-13T20:51:21.396+1100] {dagbag.py:588} INFO - Filling up the DagBag from /Users/yoonmoon/git/learn-airflow/airflow1/py_env/lib/python3.11/site-packages/airflow/example_dags/example_bash_decorator.py
[2024-11-13T20:51:21.412+1100] {processor.py:925} INFO - DAG(s) 'example_bash_decorator' retrieved from /Users/yoonmoon/git/learn-airflow/airflow1/py_env/lib/python3.11/site-packages/airflow/example_dags/example_bash_decorator.py
[2024-11-13T20:51:21.518+1100] {logging_mixin.py:190} INFO - [2024-11-13T20:51:21.518+1100] {dag.py:3239} INFO - Sync 1 DAGs
[2024-11-13T20:51:21.521+1100] {logging_mixin.py:190} INFO - [2024-11-13T20:51:21.521+1100] {dag.py:4180} INFO - Setting next_dagrun for example_bash_decorator to None, run_after=None
[2024-11-13T20:51:21.527+1100] {processor.py:208} INFO - Processing /Users/yoonmoon/git/learn-airflow/airflow1/py_env/lib/python3.11/site-packages/airflow/example_dags/example_bash_decorator.py took 0.135 seconds
