[2024-11-13T19:29:55.573+1100] {processor.py:186} INFO - Started process (PID=63788) to work on /Users/yoonmoon/git/learn-airflow/airflow1/py_env/lib/python3.11/site-packages/airflow/example_dags/example_dynamic_task_mapping.py
[2024-11-13T19:29:55.573+1100] {processor.py:914} INFO - Processing file /Users/yoonmoon/git/learn-airflow/airflow1/py_env/lib/python3.11/site-packages/airflow/example_dags/example_dynamic_task_mapping.py for tasks to queue
[2024-11-13T19:29:55.574+1100] {logging_mixin.py:190} INFO - [2024-11-13T19:29:55.574+1100] {dagbag.py:588} INFO - Filling up the DagBag from /Users/yoonmoon/git/learn-airflow/airflow1/py_env/lib/python3.11/site-packages/airflow/example_dags/example_dynamic_task_mapping.py
[2024-11-13T19:29:55.587+1100] {processor.py:925} INFO - DAG(s) 'example_dynamic_task_mapping' retrieved from /Users/yoonmoon/git/learn-airflow/airflow1/py_env/lib/python3.11/site-packages/airflow/example_dags/example_dynamic_task_mapping.py
[2024-11-13T19:29:55.679+1100] {logging_mixin.py:190} INFO - [2024-11-13T19:29:55.679+1100] {override.py:1911} INFO - Created Permission View: can delete on DAG:example_dynamic_task_mapping
[2024-11-13T19:29:55.682+1100] {logging_mixin.py:190} INFO - [2024-11-13T19:29:55.682+1100] {override.py:1911} INFO - Created Permission View: can edit on DAG:example_dynamic_task_mapping
[2024-11-13T19:29:55.684+1100] {logging_mixin.py:190} INFO - [2024-11-13T19:29:55.684+1100] {override.py:1911} INFO - Created Permission View: can read on DAG:example_dynamic_task_mapping
[2024-11-13T19:29:55.687+1100] {logging_mixin.py:190} INFO - [2024-11-13T19:29:55.687+1100] {override.py:1911} INFO - Created Permission View: can create on DAG Run:example_dynamic_task_mapping
[2024-11-13T19:29:55.689+1100] {logging_mixin.py:190} INFO - [2024-11-13T19:29:55.689+1100] {override.py:1911} INFO - Created Permission View: can delete on DAG Run:example_dynamic_task_mapping
[2024-11-13T19:29:55.691+1100] {logging_mixin.py:190} INFO - [2024-11-13T19:29:55.691+1100] {override.py:1911} INFO - Created Permission View: menu access on DAG Run:example_dynamic_task_mapping
[2024-11-13T19:29:55.693+1100] {logging_mixin.py:190} INFO - [2024-11-13T19:29:55.693+1100] {override.py:1911} INFO - Created Permission View: can read on DAG Run:example_dynamic_task_mapping
[2024-11-13T19:29:55.693+1100] {logging_mixin.py:190} INFO - [2024-11-13T19:29:55.693+1100] {dag.py:3239} INFO - Sync 1 DAGs
[2024-11-13T19:29:55.697+1100] {logging_mixin.py:190} INFO - [2024-11-13T19:29:55.697+1100] {dag.py:3262} INFO - Creating ORM DAG for example_dynamic_task_mapping
[2024-11-13T19:29:55.697+1100] {logging_mixin.py:190} INFO - [2024-11-13T19:29:55.697+1100] {dag.py:4180} INFO - Setting next_dagrun for example_dynamic_task_mapping to None, run_after=None
[2024-11-13T19:29:55.703+1100] {processor.py:208} INFO - Processing /Users/yoonmoon/git/learn-airflow/airflow1/py_env/lib/python3.11/site-packages/airflow/example_dags/example_dynamic_task_mapping.py took 0.133 seconds
[2024-11-13T19:32:17.354+1100] {processor.py:186} INFO - Started process (PID=64165) to work on /Users/yoonmoon/git/learn-airflow/airflow1/py_env/lib/python3.11/site-packages/airflow/example_dags/example_dynamic_task_mapping.py
[2024-11-13T19:32:17.355+1100] {processor.py:914} INFO - Processing file /Users/yoonmoon/git/learn-airflow/airflow1/py_env/lib/python3.11/site-packages/airflow/example_dags/example_dynamic_task_mapping.py for tasks to queue
[2024-11-13T19:32:17.356+1100] {logging_mixin.py:190} INFO - [2024-11-13T19:32:17.356+1100] {dagbag.py:588} INFO - Filling up the DagBag from /Users/yoonmoon/git/learn-airflow/airflow1/py_env/lib/python3.11/site-packages/airflow/example_dags/example_dynamic_task_mapping.py
[2024-11-13T19:32:17.369+1100] {processor.py:925} INFO - DAG(s) 'example_dynamic_task_mapping' retrieved from /Users/yoonmoon/git/learn-airflow/airflow1/py_env/lib/python3.11/site-packages/airflow/example_dags/example_dynamic_task_mapping.py
[2024-11-13T19:32:17.427+1100] {logging_mixin.py:190} INFO - [2024-11-13T19:32:17.426+1100] {dag.py:3239} INFO - Sync 1 DAGs
[2024-11-13T19:32:17.430+1100] {logging_mixin.py:190} INFO - [2024-11-13T19:32:17.430+1100] {dag.py:4180} INFO - Setting next_dagrun for example_dynamic_task_mapping to None, run_after=None
[2024-11-13T19:32:17.437+1100] {processor.py:208} INFO - Processing /Users/yoonmoon/git/learn-airflow/airflow1/py_env/lib/python3.11/site-packages/airflow/example_dags/example_dynamic_task_mapping.py took 0.085 seconds
[2024-11-13T19:34:39.627+1100] {processor.py:186} INFO - Started process (PID=64632) to work on /Users/yoonmoon/git/learn-airflow/airflow1/py_env/lib/python3.11/site-packages/airflow/example_dags/example_dynamic_task_mapping.py
[2024-11-13T19:34:39.629+1100] {processor.py:914} INFO - Processing file /Users/yoonmoon/git/learn-airflow/airflow1/py_env/lib/python3.11/site-packages/airflow/example_dags/example_dynamic_task_mapping.py for tasks to queue
[2024-11-13T19:34:39.630+1100] {logging_mixin.py:190} INFO - [2024-11-13T19:34:39.629+1100] {dagbag.py:588} INFO - Filling up the DagBag from /Users/yoonmoon/git/learn-airflow/airflow1/py_env/lib/python3.11/site-packages/airflow/example_dags/example_dynamic_task_mapping.py
[2024-11-13T19:34:39.644+1100] {processor.py:925} INFO - DAG(s) 'example_dynamic_task_mapping' retrieved from /Users/yoonmoon/git/learn-airflow/airflow1/py_env/lib/python3.11/site-packages/airflow/example_dags/example_dynamic_task_mapping.py
[2024-11-13T19:34:39.711+1100] {logging_mixin.py:190} INFO - [2024-11-13T19:34:39.711+1100] {dag.py:3239} INFO - Sync 1 DAGs
[2024-11-13T19:34:39.715+1100] {logging_mixin.py:190} INFO - [2024-11-13T19:34:39.715+1100] {dag.py:4180} INFO - Setting next_dagrun for example_dynamic_task_mapping to None, run_after=None
[2024-11-13T19:34:39.722+1100] {processor.py:208} INFO - Processing /Users/yoonmoon/git/learn-airflow/airflow1/py_env/lib/python3.11/site-packages/airflow/example_dags/example_dynamic_task_mapping.py took 0.097 seconds
[2024-11-13T19:36:32.542+1100] {processor.py:186} INFO - Started process (PID=64899) to work on /Users/yoonmoon/git/learn-airflow/airflow1/py_env/lib/python3.11/site-packages/airflow/example_dags/example_dynamic_task_mapping.py
[2024-11-13T19:36:32.543+1100] {processor.py:914} INFO - Processing file /Users/yoonmoon/git/learn-airflow/airflow1/py_env/lib/python3.11/site-packages/airflow/example_dags/example_dynamic_task_mapping.py for tasks to queue
[2024-11-13T19:36:32.544+1100] {logging_mixin.py:190} INFO - [2024-11-13T19:36:32.544+1100] {dagbag.py:588} INFO - Filling up the DagBag from /Users/yoonmoon/git/learn-airflow/airflow1/py_env/lib/python3.11/site-packages/airflow/example_dags/example_dynamic_task_mapping.py
[2024-11-13T19:36:32.559+1100] {processor.py:925} INFO - DAG(s) 'example_dynamic_task_mapping' retrieved from /Users/yoonmoon/git/learn-airflow/airflow1/py_env/lib/python3.11/site-packages/airflow/example_dags/example_dynamic_task_mapping.py
[2024-11-13T19:36:32.616+1100] {logging_mixin.py:190} INFO - [2024-11-13T19:36:32.616+1100] {dag.py:3239} INFO - Sync 1 DAGs
[2024-11-13T19:36:32.620+1100] {logging_mixin.py:190} INFO - [2024-11-13T19:36:32.620+1100] {dag.py:4180} INFO - Setting next_dagrun for example_dynamic_task_mapping to None, run_after=None
[2024-11-13T19:36:32.626+1100] {processor.py:208} INFO - Processing /Users/yoonmoon/git/learn-airflow/airflow1/py_env/lib/python3.11/site-packages/airflow/example_dags/example_dynamic_task_mapping.py took 0.086 seconds
[2024-11-13T19:38:48.464+1100] {processor.py:186} INFO - Started process (PID=65177) to work on /Users/yoonmoon/git/learn-airflow/airflow1/py_env/lib/python3.11/site-packages/airflow/example_dags/example_dynamic_task_mapping.py
[2024-11-13T19:38:48.465+1100] {processor.py:914} INFO - Processing file /Users/yoonmoon/git/learn-airflow/airflow1/py_env/lib/python3.11/site-packages/airflow/example_dags/example_dynamic_task_mapping.py for tasks to queue
[2024-11-13T19:38:48.466+1100] {logging_mixin.py:190} INFO - [2024-11-13T19:38:48.466+1100] {dagbag.py:588} INFO - Filling up the DagBag from /Users/yoonmoon/git/learn-airflow/airflow1/py_env/lib/python3.11/site-packages/airflow/example_dags/example_dynamic_task_mapping.py
[2024-11-13T19:38:48.480+1100] {processor.py:925} INFO - DAG(s) 'example_dynamic_task_mapping' retrieved from /Users/yoonmoon/git/learn-airflow/airflow1/py_env/lib/python3.11/site-packages/airflow/example_dags/example_dynamic_task_mapping.py
[2024-11-13T19:38:48.538+1100] {logging_mixin.py:190} INFO - [2024-11-13T19:38:48.538+1100] {dag.py:3239} INFO - Sync 1 DAGs
[2024-11-13T19:38:48.542+1100] {logging_mixin.py:190} INFO - [2024-11-13T19:38:48.541+1100] {dag.py:4180} INFO - Setting next_dagrun for example_dynamic_task_mapping to None, run_after=None
[2024-11-13T19:38:48.548+1100] {processor.py:208} INFO - Processing /Users/yoonmoon/git/learn-airflow/airflow1/py_env/lib/python3.11/site-packages/airflow/example_dags/example_dynamic_task_mapping.py took 0.086 seconds
[2024-11-13T19:41:06.274+1100] {processor.py:186} INFO - Started process (PID=65477) to work on /Users/yoonmoon/git/learn-airflow/airflow1/py_env/lib/python3.11/site-packages/airflow/example_dags/example_dynamic_task_mapping.py
[2024-11-13T19:41:06.275+1100] {processor.py:914} INFO - Processing file /Users/yoonmoon/git/learn-airflow/airflow1/py_env/lib/python3.11/site-packages/airflow/example_dags/example_dynamic_task_mapping.py for tasks to queue
[2024-11-13T19:41:06.276+1100] {logging_mixin.py:190} INFO - [2024-11-13T19:41:06.276+1100] {dagbag.py:588} INFO - Filling up the DagBag from /Users/yoonmoon/git/learn-airflow/airflow1/py_env/lib/python3.11/site-packages/airflow/example_dags/example_dynamic_task_mapping.py
[2024-11-13T19:41:06.289+1100] {processor.py:925} INFO - DAG(s) 'example_dynamic_task_mapping' retrieved from /Users/yoonmoon/git/learn-airflow/airflow1/py_env/lib/python3.11/site-packages/airflow/example_dags/example_dynamic_task_mapping.py
[2024-11-13T19:41:06.347+1100] {logging_mixin.py:190} INFO - [2024-11-13T19:41:06.347+1100] {dag.py:3239} INFO - Sync 1 DAGs
[2024-11-13T19:41:06.352+1100] {logging_mixin.py:190} INFO - [2024-11-13T19:41:06.351+1100] {dag.py:4180} INFO - Setting next_dagrun for example_dynamic_task_mapping to None, run_after=None
[2024-11-13T19:41:06.358+1100] {processor.py:208} INFO - Processing /Users/yoonmoon/git/learn-airflow/airflow1/py_env/lib/python3.11/site-packages/airflow/example_dags/example_dynamic_task_mapping.py took 0.087 seconds
[2024-11-13T19:43:25.323+1100] {processor.py:186} INFO - Started process (PID=65734) to work on /Users/yoonmoon/git/learn-airflow/airflow1/py_env/lib/python3.11/site-packages/airflow/example_dags/example_dynamic_task_mapping.py
[2024-11-13T19:43:25.324+1100] {processor.py:914} INFO - Processing file /Users/yoonmoon/git/learn-airflow/airflow1/py_env/lib/python3.11/site-packages/airflow/example_dags/example_dynamic_task_mapping.py for tasks to queue
[2024-11-13T19:43:25.325+1100] {logging_mixin.py:190} INFO - [2024-11-13T19:43:25.325+1100] {dagbag.py:588} INFO - Filling up the DagBag from /Users/yoonmoon/git/learn-airflow/airflow1/py_env/lib/python3.11/site-packages/airflow/example_dags/example_dynamic_task_mapping.py
[2024-11-13T19:43:25.340+1100] {processor.py:925} INFO - DAG(s) 'example_dynamic_task_mapping' retrieved from /Users/yoonmoon/git/learn-airflow/airflow1/py_env/lib/python3.11/site-packages/airflow/example_dags/example_dynamic_task_mapping.py
[2024-11-13T19:43:25.399+1100] {logging_mixin.py:190} INFO - [2024-11-13T19:43:25.398+1100] {dag.py:3239} INFO - Sync 1 DAGs
[2024-11-13T19:43:25.402+1100] {logging_mixin.py:190} INFO - [2024-11-13T19:43:25.402+1100] {dag.py:4180} INFO - Setting next_dagrun for example_dynamic_task_mapping to None, run_after=None
[2024-11-13T19:43:25.411+1100] {processor.py:208} INFO - Processing /Users/yoonmoon/git/learn-airflow/airflow1/py_env/lib/python3.11/site-packages/airflow/example_dags/example_dynamic_task_mapping.py took 0.089 seconds
[2024-11-13T19:45:41.422+1100] {processor.py:186} INFO - Started process (PID=66002) to work on /Users/yoonmoon/git/learn-airflow/airflow1/py_env/lib/python3.11/site-packages/airflow/example_dags/example_dynamic_task_mapping.py
[2024-11-13T19:45:41.424+1100] {processor.py:914} INFO - Processing file /Users/yoonmoon/git/learn-airflow/airflow1/py_env/lib/python3.11/site-packages/airflow/example_dags/example_dynamic_task_mapping.py for tasks to queue
[2024-11-13T19:45:41.424+1100] {logging_mixin.py:190} INFO - [2024-11-13T19:45:41.424+1100] {dagbag.py:588} INFO - Filling up the DagBag from /Users/yoonmoon/git/learn-airflow/airflow1/py_env/lib/python3.11/site-packages/airflow/example_dags/example_dynamic_task_mapping.py
[2024-11-13T19:45:41.438+1100] {processor.py:925} INFO - DAG(s) 'example_dynamic_task_mapping' retrieved from /Users/yoonmoon/git/learn-airflow/airflow1/py_env/lib/python3.11/site-packages/airflow/example_dags/example_dynamic_task_mapping.py
[2024-11-13T19:45:41.495+1100] {logging_mixin.py:190} INFO - [2024-11-13T19:45:41.495+1100] {dag.py:3239} INFO - Sync 1 DAGs
[2024-11-13T19:45:41.499+1100] {logging_mixin.py:190} INFO - [2024-11-13T19:45:41.499+1100] {dag.py:4180} INFO - Setting next_dagrun for example_dynamic_task_mapping to None, run_after=None
[2024-11-13T19:45:41.505+1100] {processor.py:208} INFO - Processing /Users/yoonmoon/git/learn-airflow/airflow1/py_env/lib/python3.11/site-packages/airflow/example_dags/example_dynamic_task_mapping.py took 0.086 seconds
[2024-11-13T19:47:52.240+1100] {processor.py:186} INFO - Started process (PID=66248) to work on /Users/yoonmoon/git/learn-airflow/airflow1/py_env/lib/python3.11/site-packages/airflow/example_dags/example_dynamic_task_mapping.py
[2024-11-13T19:47:52.241+1100] {processor.py:914} INFO - Processing file /Users/yoonmoon/git/learn-airflow/airflow1/py_env/lib/python3.11/site-packages/airflow/example_dags/example_dynamic_task_mapping.py for tasks to queue
[2024-11-13T19:47:52.242+1100] {logging_mixin.py:190} INFO - [2024-11-13T19:47:52.242+1100] {dagbag.py:588} INFO - Filling up the DagBag from /Users/yoonmoon/git/learn-airflow/airflow1/py_env/lib/python3.11/site-packages/airflow/example_dags/example_dynamic_task_mapping.py
[2024-11-13T19:47:52.256+1100] {processor.py:925} INFO - DAG(s) 'example_dynamic_task_mapping' retrieved from /Users/yoonmoon/git/learn-airflow/airflow1/py_env/lib/python3.11/site-packages/airflow/example_dags/example_dynamic_task_mapping.py
[2024-11-13T19:47:52.314+1100] {logging_mixin.py:190} INFO - [2024-11-13T19:47:52.313+1100] {dag.py:3239} INFO - Sync 1 DAGs
[2024-11-13T19:47:52.317+1100] {logging_mixin.py:190} INFO - [2024-11-13T19:47:52.317+1100] {dag.py:4180} INFO - Setting next_dagrun for example_dynamic_task_mapping to None, run_after=None
[2024-11-13T19:47:52.324+1100] {processor.py:208} INFO - Processing /Users/yoonmoon/git/learn-airflow/airflow1/py_env/lib/python3.11/site-packages/airflow/example_dags/example_dynamic_task_mapping.py took 0.087 seconds
[2024-11-13T19:50:00.254+1100] {processor.py:186} INFO - Started process (PID=66484) to work on /Users/yoonmoon/git/learn-airflow/airflow1/py_env/lib/python3.11/site-packages/airflow/example_dags/example_dynamic_task_mapping.py
[2024-11-13T19:50:00.256+1100] {processor.py:914} INFO - Processing file /Users/yoonmoon/git/learn-airflow/airflow1/py_env/lib/python3.11/site-packages/airflow/example_dags/example_dynamic_task_mapping.py for tasks to queue
[2024-11-13T19:50:00.256+1100] {logging_mixin.py:190} INFO - [2024-11-13T19:50:00.256+1100] {dagbag.py:588} INFO - Filling up the DagBag from /Users/yoonmoon/git/learn-airflow/airflow1/py_env/lib/python3.11/site-packages/airflow/example_dags/example_dynamic_task_mapping.py
[2024-11-13T19:50:00.269+1100] {processor.py:925} INFO - DAG(s) 'example_dynamic_task_mapping' retrieved from /Users/yoonmoon/git/learn-airflow/airflow1/py_env/lib/python3.11/site-packages/airflow/example_dags/example_dynamic_task_mapping.py
[2024-11-13T19:50:00.327+1100] {logging_mixin.py:190} INFO - [2024-11-13T19:50:00.327+1100] {dag.py:3239} INFO - Sync 1 DAGs
[2024-11-13T19:50:00.331+1100] {logging_mixin.py:190} INFO - [2024-11-13T19:50:00.331+1100] {dag.py:4180} INFO - Setting next_dagrun for example_dynamic_task_mapping to None, run_after=None
[2024-11-13T19:50:00.337+1100] {processor.py:208} INFO - Processing /Users/yoonmoon/git/learn-airflow/airflow1/py_env/lib/python3.11/site-packages/airflow/example_dags/example_dynamic_task_mapping.py took 0.085 seconds
[2024-11-13T19:52:19.710+1100] {processor.py:186} INFO - Started process (PID=66734) to work on /Users/yoonmoon/git/learn-airflow/airflow1/py_env/lib/python3.11/site-packages/airflow/example_dags/example_dynamic_task_mapping.py
[2024-11-13T19:52:19.711+1100] {processor.py:914} INFO - Processing file /Users/yoonmoon/git/learn-airflow/airflow1/py_env/lib/python3.11/site-packages/airflow/example_dags/example_dynamic_task_mapping.py for tasks to queue
[2024-11-13T19:52:19.712+1100] {logging_mixin.py:190} INFO - [2024-11-13T19:52:19.712+1100] {dagbag.py:588} INFO - Filling up the DagBag from /Users/yoonmoon/git/learn-airflow/airflow1/py_env/lib/python3.11/site-packages/airflow/example_dags/example_dynamic_task_mapping.py
[2024-11-13T19:52:19.725+1100] {processor.py:925} INFO - DAG(s) 'example_dynamic_task_mapping' retrieved from /Users/yoonmoon/git/learn-airflow/airflow1/py_env/lib/python3.11/site-packages/airflow/example_dags/example_dynamic_task_mapping.py
[2024-11-13T19:52:19.783+1100] {logging_mixin.py:190} INFO - [2024-11-13T19:52:19.782+1100] {dag.py:3239} INFO - Sync 1 DAGs
[2024-11-13T19:52:19.786+1100] {logging_mixin.py:190} INFO - [2024-11-13T19:52:19.786+1100] {dag.py:4180} INFO - Setting next_dagrun for example_dynamic_task_mapping to None, run_after=None
[2024-11-13T19:52:19.793+1100] {processor.py:208} INFO - Processing /Users/yoonmoon/git/learn-airflow/airflow1/py_env/lib/python3.11/site-packages/airflow/example_dags/example_dynamic_task_mapping.py took 0.085 seconds
[2024-11-13T19:54:39.658+1100] {processor.py:186} INFO - Started process (PID=67011) to work on /Users/yoonmoon/git/learn-airflow/airflow1/py_env/lib/python3.11/site-packages/airflow/example_dags/example_dynamic_task_mapping.py
[2024-11-13T19:54:39.660+1100] {processor.py:914} INFO - Processing file /Users/yoonmoon/git/learn-airflow/airflow1/py_env/lib/python3.11/site-packages/airflow/example_dags/example_dynamic_task_mapping.py for tasks to queue
[2024-11-13T19:54:39.660+1100] {logging_mixin.py:190} INFO - [2024-11-13T19:54:39.660+1100] {dagbag.py:588} INFO - Filling up the DagBag from /Users/yoonmoon/git/learn-airflow/airflow1/py_env/lib/python3.11/site-packages/airflow/example_dags/example_dynamic_task_mapping.py
[2024-11-13T19:54:39.673+1100] {processor.py:925} INFO - DAG(s) 'example_dynamic_task_mapping' retrieved from /Users/yoonmoon/git/learn-airflow/airflow1/py_env/lib/python3.11/site-packages/airflow/example_dags/example_dynamic_task_mapping.py
[2024-11-13T19:54:39.732+1100] {logging_mixin.py:190} INFO - [2024-11-13T19:54:39.732+1100] {dag.py:3239} INFO - Sync 1 DAGs
[2024-11-13T19:54:39.736+1100] {logging_mixin.py:190} INFO - [2024-11-13T19:54:39.736+1100] {dag.py:4180} INFO - Setting next_dagrun for example_dynamic_task_mapping to None, run_after=None
[2024-11-13T19:54:39.743+1100] {processor.py:208} INFO - Processing /Users/yoonmoon/git/learn-airflow/airflow1/py_env/lib/python3.11/site-packages/airflow/example_dags/example_dynamic_task_mapping.py took 0.087 seconds
[2024-11-13T19:56:59.527+1100] {processor.py:186} INFO - Started process (PID=67272) to work on /Users/yoonmoon/git/learn-airflow/airflow1/py_env/lib/python3.11/site-packages/airflow/example_dags/example_dynamic_task_mapping.py
[2024-11-13T19:56:59.529+1100] {processor.py:914} INFO - Processing file /Users/yoonmoon/git/learn-airflow/airflow1/py_env/lib/python3.11/site-packages/airflow/example_dags/example_dynamic_task_mapping.py for tasks to queue
[2024-11-13T19:56:59.529+1100] {logging_mixin.py:190} INFO - [2024-11-13T19:56:59.529+1100] {dagbag.py:588} INFO - Filling up the DagBag from /Users/yoonmoon/git/learn-airflow/airflow1/py_env/lib/python3.11/site-packages/airflow/example_dags/example_dynamic_task_mapping.py
[2024-11-13T19:56:59.543+1100] {processor.py:925} INFO - DAG(s) 'example_dynamic_task_mapping' retrieved from /Users/yoonmoon/git/learn-airflow/airflow1/py_env/lib/python3.11/site-packages/airflow/example_dags/example_dynamic_task_mapping.py
[2024-11-13T19:56:59.600+1100] {logging_mixin.py:190} INFO - [2024-11-13T19:56:59.600+1100] {dag.py:3239} INFO - Sync 1 DAGs
[2024-11-13T19:56:59.604+1100] {logging_mixin.py:190} INFO - [2024-11-13T19:56:59.604+1100] {dag.py:4180} INFO - Setting next_dagrun for example_dynamic_task_mapping to None, run_after=None
[2024-11-13T19:56:59.610+1100] {processor.py:208} INFO - Processing /Users/yoonmoon/git/learn-airflow/airflow1/py_env/lib/python3.11/site-packages/airflow/example_dags/example_dynamic_task_mapping.py took 0.085 seconds
[2024-11-13T19:59:12.916+1100] {processor.py:186} INFO - Started process (PID=67516) to work on /Users/yoonmoon/git/learn-airflow/airflow1/py_env/lib/python3.11/site-packages/airflow/example_dags/example_dynamic_task_mapping.py
[2024-11-13T19:59:12.917+1100] {processor.py:914} INFO - Processing file /Users/yoonmoon/git/learn-airflow/airflow1/py_env/lib/python3.11/site-packages/airflow/example_dags/example_dynamic_task_mapping.py for tasks to queue
[2024-11-13T19:59:12.918+1100] {logging_mixin.py:190} INFO - [2024-11-13T19:59:12.917+1100] {dagbag.py:588} INFO - Filling up the DagBag from /Users/yoonmoon/git/learn-airflow/airflow1/py_env/lib/python3.11/site-packages/airflow/example_dags/example_dynamic_task_mapping.py
[2024-11-13T19:59:12.930+1100] {processor.py:925} INFO - DAG(s) 'example_dynamic_task_mapping' retrieved from /Users/yoonmoon/git/learn-airflow/airflow1/py_env/lib/python3.11/site-packages/airflow/example_dags/example_dynamic_task_mapping.py
[2024-11-13T19:59:12.988+1100] {logging_mixin.py:190} INFO - [2024-11-13T19:59:12.987+1100] {dag.py:3239} INFO - Sync 1 DAGs
[2024-11-13T19:59:12.991+1100] {logging_mixin.py:190} INFO - [2024-11-13T19:59:12.991+1100] {dag.py:4180} INFO - Setting next_dagrun for example_dynamic_task_mapping to None, run_after=None
[2024-11-13T19:59:12.998+1100] {processor.py:208} INFO - Processing /Users/yoonmoon/git/learn-airflow/airflow1/py_env/lib/python3.11/site-packages/airflow/example_dags/example_dynamic_task_mapping.py took 0.084 seconds
[2024-11-13T20:01:27.952+1100] {processor.py:186} INFO - Started process (PID=67766) to work on /Users/yoonmoon/git/learn-airflow/airflow1/py_env/lib/python3.11/site-packages/airflow/example_dags/example_dynamic_task_mapping.py
[2024-11-13T20:01:27.953+1100] {processor.py:914} INFO - Processing file /Users/yoonmoon/git/learn-airflow/airflow1/py_env/lib/python3.11/site-packages/airflow/example_dags/example_dynamic_task_mapping.py for tasks to queue
[2024-11-13T20:01:27.954+1100] {logging_mixin.py:190} INFO - [2024-11-13T20:01:27.954+1100] {dagbag.py:588} INFO - Filling up the DagBag from /Users/yoonmoon/git/learn-airflow/airflow1/py_env/lib/python3.11/site-packages/airflow/example_dags/example_dynamic_task_mapping.py
[2024-11-13T20:01:27.967+1100] {processor.py:925} INFO - DAG(s) 'example_dynamic_task_mapping' retrieved from /Users/yoonmoon/git/learn-airflow/airflow1/py_env/lib/python3.11/site-packages/airflow/example_dags/example_dynamic_task_mapping.py
[2024-11-13T20:01:28.026+1100] {logging_mixin.py:190} INFO - [2024-11-13T20:01:28.025+1100] {dag.py:3239} INFO - Sync 1 DAGs
[2024-11-13T20:01:28.029+1100] {logging_mixin.py:190} INFO - [2024-11-13T20:01:28.029+1100] {dag.py:4180} INFO - Setting next_dagrun for example_dynamic_task_mapping to None, run_after=None
[2024-11-13T20:01:28.036+1100] {processor.py:208} INFO - Processing /Users/yoonmoon/git/learn-airflow/airflow1/py_env/lib/python3.11/site-packages/airflow/example_dags/example_dynamic_task_mapping.py took 0.086 seconds
[2024-11-13T20:03:45.630+1100] {processor.py:186} INFO - Started process (PID=68012) to work on /Users/yoonmoon/git/learn-airflow/airflow1/py_env/lib/python3.11/site-packages/airflow/example_dags/example_dynamic_task_mapping.py
[2024-11-13T20:03:45.631+1100] {processor.py:914} INFO - Processing file /Users/yoonmoon/git/learn-airflow/airflow1/py_env/lib/python3.11/site-packages/airflow/example_dags/example_dynamic_task_mapping.py for tasks to queue
[2024-11-13T20:03:45.632+1100] {logging_mixin.py:190} INFO - [2024-11-13T20:03:45.632+1100] {dagbag.py:588} INFO - Filling up the DagBag from /Users/yoonmoon/git/learn-airflow/airflow1/py_env/lib/python3.11/site-packages/airflow/example_dags/example_dynamic_task_mapping.py
[2024-11-13T20:03:45.646+1100] {processor.py:925} INFO - DAG(s) 'example_dynamic_task_mapping' retrieved from /Users/yoonmoon/git/learn-airflow/airflow1/py_env/lib/python3.11/site-packages/airflow/example_dags/example_dynamic_task_mapping.py
[2024-11-13T20:03:45.703+1100] {logging_mixin.py:190} INFO - [2024-11-13T20:03:45.703+1100] {dag.py:3239} INFO - Sync 1 DAGs
[2024-11-13T20:03:45.707+1100] {logging_mixin.py:190} INFO - [2024-11-13T20:03:45.707+1100] {dag.py:4180} INFO - Setting next_dagrun for example_dynamic_task_mapping to None, run_after=None
[2024-11-13T20:03:45.713+1100] {processor.py:208} INFO - Processing /Users/yoonmoon/git/learn-airflow/airflow1/py_env/lib/python3.11/site-packages/airflow/example_dags/example_dynamic_task_mapping.py took 0.085 seconds
[2024-11-13T20:06:03.576+1100] {processor.py:186} INFO - Started process (PID=68288) to work on /Users/yoonmoon/git/learn-airflow/airflow1/py_env/lib/python3.11/site-packages/airflow/example_dags/example_dynamic_task_mapping.py
[2024-11-13T20:06:03.578+1100] {processor.py:914} INFO - Processing file /Users/yoonmoon/git/learn-airflow/airflow1/py_env/lib/python3.11/site-packages/airflow/example_dags/example_dynamic_task_mapping.py for tasks to queue
[2024-11-13T20:06:03.579+1100] {logging_mixin.py:190} INFO - [2024-11-13T20:06:03.579+1100] {dagbag.py:588} INFO - Filling up the DagBag from /Users/yoonmoon/git/learn-airflow/airflow1/py_env/lib/python3.11/site-packages/airflow/example_dags/example_dynamic_task_mapping.py
[2024-11-13T20:06:03.594+1100] {processor.py:925} INFO - DAG(s) 'example_dynamic_task_mapping' retrieved from /Users/yoonmoon/git/learn-airflow/airflow1/py_env/lib/python3.11/site-packages/airflow/example_dags/example_dynamic_task_mapping.py
[2024-11-13T20:06:03.654+1100] {logging_mixin.py:190} INFO - [2024-11-13T20:06:03.654+1100] {dag.py:3239} INFO - Sync 1 DAGs
[2024-11-13T20:06:03.658+1100] {logging_mixin.py:190} INFO - [2024-11-13T20:06:03.657+1100] {dag.py:4180} INFO - Setting next_dagrun for example_dynamic_task_mapping to None, run_after=None
[2024-11-13T20:06:03.664+1100] {processor.py:208} INFO - Processing /Users/yoonmoon/git/learn-airflow/airflow1/py_env/lib/python3.11/site-packages/airflow/example_dags/example_dynamic_task_mapping.py took 0.090 seconds
[2024-11-13T20:08:22.863+1100] {processor.py:186} INFO - Started process (PID=68563) to work on /Users/yoonmoon/git/learn-airflow/airflow1/py_env/lib/python3.11/site-packages/airflow/example_dags/example_dynamic_task_mapping.py
[2024-11-13T20:08:22.864+1100] {processor.py:914} INFO - Processing file /Users/yoonmoon/git/learn-airflow/airflow1/py_env/lib/python3.11/site-packages/airflow/example_dags/example_dynamic_task_mapping.py for tasks to queue
[2024-11-13T20:08:22.865+1100] {logging_mixin.py:190} INFO - [2024-11-13T20:08:22.865+1100] {dagbag.py:588} INFO - Filling up the DagBag from /Users/yoonmoon/git/learn-airflow/airflow1/py_env/lib/python3.11/site-packages/airflow/example_dags/example_dynamic_task_mapping.py
[2024-11-13T20:08:22.879+1100] {processor.py:925} INFO - DAG(s) 'example_dynamic_task_mapping' retrieved from /Users/yoonmoon/git/learn-airflow/airflow1/py_env/lib/python3.11/site-packages/airflow/example_dags/example_dynamic_task_mapping.py
[2024-11-13T20:08:22.939+1100] {logging_mixin.py:190} INFO - [2024-11-13T20:08:22.939+1100] {dag.py:3239} INFO - Sync 1 DAGs
[2024-11-13T20:08:22.943+1100] {logging_mixin.py:190} INFO - [2024-11-13T20:08:22.943+1100] {dag.py:4180} INFO - Setting next_dagrun for example_dynamic_task_mapping to None, run_after=None
[2024-11-13T20:08:22.949+1100] {processor.py:208} INFO - Processing /Users/yoonmoon/git/learn-airflow/airflow1/py_env/lib/python3.11/site-packages/airflow/example_dags/example_dynamic_task_mapping.py took 0.088 seconds
[2024-11-13T20:10:44.828+1100] {processor.py:186} INFO - Started process (PID=68848) to work on /Users/yoonmoon/git/learn-airflow/airflow1/py_env/lib/python3.11/site-packages/airflow/example_dags/example_dynamic_task_mapping.py
[2024-11-13T20:10:44.829+1100] {processor.py:914} INFO - Processing file /Users/yoonmoon/git/learn-airflow/airflow1/py_env/lib/python3.11/site-packages/airflow/example_dags/example_dynamic_task_mapping.py for tasks to queue
[2024-11-13T20:10:44.829+1100] {logging_mixin.py:190} INFO - [2024-11-13T20:10:44.829+1100] {dagbag.py:588} INFO - Filling up the DagBag from /Users/yoonmoon/git/learn-airflow/airflow1/py_env/lib/python3.11/site-packages/airflow/example_dags/example_dynamic_task_mapping.py
[2024-11-13T20:10:44.843+1100] {processor.py:925} INFO - DAG(s) 'example_dynamic_task_mapping' retrieved from /Users/yoonmoon/git/learn-airflow/airflow1/py_env/lib/python3.11/site-packages/airflow/example_dags/example_dynamic_task_mapping.py
[2024-11-13T20:10:44.903+1100] {logging_mixin.py:190} INFO - [2024-11-13T20:10:44.903+1100] {dag.py:3239} INFO - Sync 1 DAGs
[2024-11-13T20:10:44.907+1100] {logging_mixin.py:190} INFO - [2024-11-13T20:10:44.907+1100] {dag.py:4180} INFO - Setting next_dagrun for example_dynamic_task_mapping to None, run_after=None
[2024-11-13T20:10:44.914+1100] {processor.py:208} INFO - Processing /Users/yoonmoon/git/learn-airflow/airflow1/py_env/lib/python3.11/site-packages/airflow/example_dags/example_dynamic_task_mapping.py took 0.088 seconds
[2024-11-13T20:12:58.483+1100] {processor.py:186} INFO - Started process (PID=69100) to work on /Users/yoonmoon/git/learn-airflow/airflow1/py_env/lib/python3.11/site-packages/airflow/example_dags/example_dynamic_task_mapping.py
[2024-11-13T20:12:58.485+1100] {processor.py:914} INFO - Processing file /Users/yoonmoon/git/learn-airflow/airflow1/py_env/lib/python3.11/site-packages/airflow/example_dags/example_dynamic_task_mapping.py for tasks to queue
[2024-11-13T20:12:58.485+1100] {logging_mixin.py:190} INFO - [2024-11-13T20:12:58.485+1100] {dagbag.py:588} INFO - Filling up the DagBag from /Users/yoonmoon/git/learn-airflow/airflow1/py_env/lib/python3.11/site-packages/airflow/example_dags/example_dynamic_task_mapping.py
[2024-11-13T20:12:58.498+1100] {processor.py:925} INFO - DAG(s) 'example_dynamic_task_mapping' retrieved from /Users/yoonmoon/git/learn-airflow/airflow1/py_env/lib/python3.11/site-packages/airflow/example_dags/example_dynamic_task_mapping.py
[2024-11-13T20:12:58.558+1100] {logging_mixin.py:190} INFO - [2024-11-13T20:12:58.558+1100] {dag.py:3239} INFO - Sync 1 DAGs
[2024-11-13T20:12:58.562+1100] {logging_mixin.py:190} INFO - [2024-11-13T20:12:58.562+1100] {dag.py:4180} INFO - Setting next_dagrun for example_dynamic_task_mapping to None, run_after=None
[2024-11-13T20:12:58.569+1100] {processor.py:208} INFO - Processing /Users/yoonmoon/git/learn-airflow/airflow1/py_env/lib/python3.11/site-packages/airflow/example_dags/example_dynamic_task_mapping.py took 0.088 seconds
[2024-11-13T20:15:18.106+1100] {processor.py:186} INFO - Started process (PID=69349) to work on /Users/yoonmoon/git/learn-airflow/airflow1/py_env/lib/python3.11/site-packages/airflow/example_dags/example_dynamic_task_mapping.py
[2024-11-13T20:15:18.107+1100] {processor.py:914} INFO - Processing file /Users/yoonmoon/git/learn-airflow/airflow1/py_env/lib/python3.11/site-packages/airflow/example_dags/example_dynamic_task_mapping.py for tasks to queue
[2024-11-13T20:15:18.107+1100] {logging_mixin.py:190} INFO - [2024-11-13T20:15:18.107+1100] {dagbag.py:588} INFO - Filling up the DagBag from /Users/yoonmoon/git/learn-airflow/airflow1/py_env/lib/python3.11/site-packages/airflow/example_dags/example_dynamic_task_mapping.py
[2024-11-13T20:15:18.122+1100] {processor.py:925} INFO - DAG(s) 'example_dynamic_task_mapping' retrieved from /Users/yoonmoon/git/learn-airflow/airflow1/py_env/lib/python3.11/site-packages/airflow/example_dags/example_dynamic_task_mapping.py
[2024-11-13T20:15:18.187+1100] {logging_mixin.py:190} INFO - [2024-11-13T20:15:18.187+1100] {dag.py:3239} INFO - Sync 1 DAGs
[2024-11-13T20:15:18.191+1100] {logging_mixin.py:190} INFO - [2024-11-13T20:15:18.191+1100] {dag.py:4180} INFO - Setting next_dagrun for example_dynamic_task_mapping to None, run_after=None
[2024-11-13T20:15:18.198+1100] {processor.py:208} INFO - Processing /Users/yoonmoon/git/learn-airflow/airflow1/py_env/lib/python3.11/site-packages/airflow/example_dags/example_dynamic_task_mapping.py took 0.096 seconds
[2024-11-13T20:17:34.955+1100] {processor.py:186} INFO - Started process (PID=69593) to work on /Users/yoonmoon/git/learn-airflow/airflow1/py_env/lib/python3.11/site-packages/airflow/example_dags/example_dynamic_task_mapping.py
[2024-11-13T20:17:34.956+1100] {processor.py:914} INFO - Processing file /Users/yoonmoon/git/learn-airflow/airflow1/py_env/lib/python3.11/site-packages/airflow/example_dags/example_dynamic_task_mapping.py for tasks to queue
[2024-11-13T20:17:34.957+1100] {logging_mixin.py:190} INFO - [2024-11-13T20:17:34.956+1100] {dagbag.py:588} INFO - Filling up the DagBag from /Users/yoonmoon/git/learn-airflow/airflow1/py_env/lib/python3.11/site-packages/airflow/example_dags/example_dynamic_task_mapping.py
[2024-11-13T20:17:34.970+1100] {processor.py:925} INFO - DAG(s) 'example_dynamic_task_mapping' retrieved from /Users/yoonmoon/git/learn-airflow/airflow1/py_env/lib/python3.11/site-packages/airflow/example_dags/example_dynamic_task_mapping.py
[2024-11-13T20:17:35.031+1100] {logging_mixin.py:190} INFO - [2024-11-13T20:17:35.031+1100] {dag.py:3239} INFO - Sync 1 DAGs
[2024-11-13T20:17:35.035+1100] {logging_mixin.py:190} INFO - [2024-11-13T20:17:35.035+1100] {dag.py:4180} INFO - Setting next_dagrun for example_dynamic_task_mapping to None, run_after=None
[2024-11-13T20:17:35.042+1100] {processor.py:208} INFO - Processing /Users/yoonmoon/git/learn-airflow/airflow1/py_env/lib/python3.11/site-packages/airflow/example_dags/example_dynamic_task_mapping.py took 0.088 seconds
[2024-11-13T20:19:55.481+1100] {processor.py:186} INFO - Started process (PID=69928) to work on /Users/yoonmoon/git/learn-airflow/airflow1/py_env/lib/python3.11/site-packages/airflow/example_dags/example_dynamic_task_mapping.py
[2024-11-13T20:19:55.482+1100] {processor.py:914} INFO - Processing file /Users/yoonmoon/git/learn-airflow/airflow1/py_env/lib/python3.11/site-packages/airflow/example_dags/example_dynamic_task_mapping.py for tasks to queue
[2024-11-13T20:19:55.483+1100] {logging_mixin.py:190} INFO - [2024-11-13T20:19:55.483+1100] {dagbag.py:588} INFO - Filling up the DagBag from /Users/yoonmoon/git/learn-airflow/airflow1/py_env/lib/python3.11/site-packages/airflow/example_dags/example_dynamic_task_mapping.py
[2024-11-13T20:19:55.497+1100] {processor.py:925} INFO - DAG(s) 'example_dynamic_task_mapping' retrieved from /Users/yoonmoon/git/learn-airflow/airflow1/py_env/lib/python3.11/site-packages/airflow/example_dags/example_dynamic_task_mapping.py
[2024-11-13T20:19:55.559+1100] {logging_mixin.py:190} INFO - [2024-11-13T20:19:55.559+1100] {dag.py:3239} INFO - Sync 1 DAGs
[2024-11-13T20:19:55.563+1100] {logging_mixin.py:190} INFO - [2024-11-13T20:19:55.563+1100] {dag.py:4180} INFO - Setting next_dagrun for example_dynamic_task_mapping to None, run_after=None
[2024-11-13T20:19:55.569+1100] {processor.py:208} INFO - Processing /Users/yoonmoon/git/learn-airflow/airflow1/py_env/lib/python3.11/site-packages/airflow/example_dags/example_dynamic_task_mapping.py took 0.091 seconds
[2024-11-13T20:22:12.369+1100] {processor.py:186} INFO - Started process (PID=70242) to work on /Users/yoonmoon/git/learn-airflow/airflow1/py_env/lib/python3.11/site-packages/airflow/example_dags/example_dynamic_task_mapping.py
[2024-11-13T20:22:12.370+1100] {processor.py:914} INFO - Processing file /Users/yoonmoon/git/learn-airflow/airflow1/py_env/lib/python3.11/site-packages/airflow/example_dags/example_dynamic_task_mapping.py for tasks to queue
[2024-11-13T20:22:12.371+1100] {logging_mixin.py:190} INFO - [2024-11-13T20:22:12.371+1100] {dagbag.py:588} INFO - Filling up the DagBag from /Users/yoonmoon/git/learn-airflow/airflow1/py_env/lib/python3.11/site-packages/airflow/example_dags/example_dynamic_task_mapping.py
[2024-11-13T20:22:12.384+1100] {processor.py:925} INFO - DAG(s) 'example_dynamic_task_mapping' retrieved from /Users/yoonmoon/git/learn-airflow/airflow1/py_env/lib/python3.11/site-packages/airflow/example_dags/example_dynamic_task_mapping.py
[2024-11-13T20:22:12.442+1100] {logging_mixin.py:190} INFO - [2024-11-13T20:22:12.442+1100] {dag.py:3239} INFO - Sync 1 DAGs
[2024-11-13T20:22:12.446+1100] {logging_mixin.py:190} INFO - [2024-11-13T20:22:12.446+1100] {dag.py:4180} INFO - Setting next_dagrun for example_dynamic_task_mapping to None, run_after=None
[2024-11-13T20:22:12.453+1100] {processor.py:208} INFO - Processing /Users/yoonmoon/git/learn-airflow/airflow1/py_env/lib/python3.11/site-packages/airflow/example_dags/example_dynamic_task_mapping.py took 0.087 seconds
[2024-11-13T20:24:24.927+1100] {processor.py:186} INFO - Started process (PID=70497) to work on /Users/yoonmoon/git/learn-airflow/airflow1/py_env/lib/python3.11/site-packages/airflow/example_dags/example_dynamic_task_mapping.py
[2024-11-13T20:24:24.928+1100] {processor.py:914} INFO - Processing file /Users/yoonmoon/git/learn-airflow/airflow1/py_env/lib/python3.11/site-packages/airflow/example_dags/example_dynamic_task_mapping.py for tasks to queue
[2024-11-13T20:24:24.929+1100] {logging_mixin.py:190} INFO - [2024-11-13T20:24:24.929+1100] {dagbag.py:588} INFO - Filling up the DagBag from /Users/yoonmoon/git/learn-airflow/airflow1/py_env/lib/python3.11/site-packages/airflow/example_dags/example_dynamic_task_mapping.py
[2024-11-13T20:24:24.944+1100] {processor.py:925} INFO - DAG(s) 'example_dynamic_task_mapping' retrieved from /Users/yoonmoon/git/learn-airflow/airflow1/py_env/lib/python3.11/site-packages/airflow/example_dags/example_dynamic_task_mapping.py
[2024-11-13T20:24:25.002+1100] {logging_mixin.py:190} INFO - [2024-11-13T20:24:25.002+1100] {dag.py:3239} INFO - Sync 1 DAGs
[2024-11-13T20:24:25.006+1100] {logging_mixin.py:190} INFO - [2024-11-13T20:24:25.005+1100] {dag.py:4180} INFO - Setting next_dagrun for example_dynamic_task_mapping to None, run_after=None
[2024-11-13T20:24:25.012+1100] {processor.py:208} INFO - Processing /Users/yoonmoon/git/learn-airflow/airflow1/py_env/lib/python3.11/site-packages/airflow/example_dags/example_dynamic_task_mapping.py took 0.088 seconds
[2024-11-13T20:26:41.221+1100] {processor.py:186} INFO - Started process (PID=70773) to work on /Users/yoonmoon/git/learn-airflow/airflow1/py_env/lib/python3.11/site-packages/airflow/example_dags/example_dynamic_task_mapping.py
[2024-11-13T20:26:41.223+1100] {processor.py:914} INFO - Processing file /Users/yoonmoon/git/learn-airflow/airflow1/py_env/lib/python3.11/site-packages/airflow/example_dags/example_dynamic_task_mapping.py for tasks to queue
[2024-11-13T20:26:41.223+1100] {logging_mixin.py:190} INFO - [2024-11-13T20:26:41.223+1100] {dagbag.py:588} INFO - Filling up the DagBag from /Users/yoonmoon/git/learn-airflow/airflow1/py_env/lib/python3.11/site-packages/airflow/example_dags/example_dynamic_task_mapping.py
[2024-11-13T20:26:41.237+1100] {processor.py:925} INFO - DAG(s) 'example_dynamic_task_mapping' retrieved from /Users/yoonmoon/git/learn-airflow/airflow1/py_env/lib/python3.11/site-packages/airflow/example_dags/example_dynamic_task_mapping.py
[2024-11-13T20:26:41.295+1100] {logging_mixin.py:190} INFO - [2024-11-13T20:26:41.295+1100] {dag.py:3239} INFO - Sync 1 DAGs
[2024-11-13T20:26:41.299+1100] {logging_mixin.py:190} INFO - [2024-11-13T20:26:41.299+1100] {dag.py:4180} INFO - Setting next_dagrun for example_dynamic_task_mapping to None, run_after=None
[2024-11-13T20:26:41.306+1100] {processor.py:208} INFO - Processing /Users/yoonmoon/git/learn-airflow/airflow1/py_env/lib/python3.11/site-packages/airflow/example_dags/example_dynamic_task_mapping.py took 0.088 seconds
[2024-11-13T20:28:58.047+1100] {processor.py:186} INFO - Started process (PID=71053) to work on /Users/yoonmoon/git/learn-airflow/airflow1/py_env/lib/python3.11/site-packages/airflow/example_dags/example_dynamic_task_mapping.py
[2024-11-13T20:28:58.047+1100] {processor.py:914} INFO - Processing file /Users/yoonmoon/git/learn-airflow/airflow1/py_env/lib/python3.11/site-packages/airflow/example_dags/example_dynamic_task_mapping.py for tasks to queue
[2024-11-13T20:28:58.048+1100] {logging_mixin.py:190} INFO - [2024-11-13T20:28:58.048+1100] {dagbag.py:588} INFO - Filling up the DagBag from /Users/yoonmoon/git/learn-airflow/airflow1/py_env/lib/python3.11/site-packages/airflow/example_dags/example_dynamic_task_mapping.py
[2024-11-13T20:28:58.061+1100] {processor.py:925} INFO - DAG(s) 'example_dynamic_task_mapping' retrieved from /Users/yoonmoon/git/learn-airflow/airflow1/py_env/lib/python3.11/site-packages/airflow/example_dags/example_dynamic_task_mapping.py
[2024-11-13T20:28:58.119+1100] {logging_mixin.py:190} INFO - [2024-11-13T20:28:58.119+1100] {dag.py:3239} INFO - Sync 1 DAGs
[2024-11-13T20:28:58.123+1100] {logging_mixin.py:190} INFO - [2024-11-13T20:28:58.123+1100] {dag.py:4180} INFO - Setting next_dagrun for example_dynamic_task_mapping to None, run_after=None
[2024-11-13T20:28:58.129+1100] {processor.py:208} INFO - Processing /Users/yoonmoon/git/learn-airflow/airflow1/py_env/lib/python3.11/site-packages/airflow/example_dags/example_dynamic_task_mapping.py took 0.085 seconds
[2024-11-13T20:31:15.695+1100] {processor.py:186} INFO - Started process (PID=71303) to work on /Users/yoonmoon/git/learn-airflow/airflow1/py_env/lib/python3.11/site-packages/airflow/example_dags/example_dynamic_task_mapping.py
[2024-11-13T20:31:15.695+1100] {processor.py:914} INFO - Processing file /Users/yoonmoon/git/learn-airflow/airflow1/py_env/lib/python3.11/site-packages/airflow/example_dags/example_dynamic_task_mapping.py for tasks to queue
[2024-11-13T20:31:15.696+1100] {logging_mixin.py:190} INFO - [2024-11-13T20:31:15.696+1100] {dagbag.py:588} INFO - Filling up the DagBag from /Users/yoonmoon/git/learn-airflow/airflow1/py_env/lib/python3.11/site-packages/airflow/example_dags/example_dynamic_task_mapping.py
[2024-11-13T20:31:15.710+1100] {processor.py:925} INFO - DAG(s) 'example_dynamic_task_mapping' retrieved from /Users/yoonmoon/git/learn-airflow/airflow1/py_env/lib/python3.11/site-packages/airflow/example_dags/example_dynamic_task_mapping.py
[2024-11-13T20:31:15.770+1100] {logging_mixin.py:190} INFO - [2024-11-13T20:31:15.770+1100] {dag.py:3239} INFO - Sync 1 DAGs
[2024-11-13T20:31:15.774+1100] {logging_mixin.py:190} INFO - [2024-11-13T20:31:15.774+1100] {dag.py:4180} INFO - Setting next_dagrun for example_dynamic_task_mapping to None, run_after=None
[2024-11-13T20:31:15.781+1100] {processor.py:208} INFO - Processing /Users/yoonmoon/git/learn-airflow/airflow1/py_env/lib/python3.11/site-packages/airflow/example_dags/example_dynamic_task_mapping.py took 0.089 seconds
[2024-11-13T20:33:37.436+1100] {processor.py:186} INFO - Started process (PID=71559) to work on /Users/yoonmoon/git/learn-airflow/airflow1/py_env/lib/python3.11/site-packages/airflow/example_dags/example_dynamic_task_mapping.py
[2024-11-13T20:33:37.437+1100] {processor.py:914} INFO - Processing file /Users/yoonmoon/git/learn-airflow/airflow1/py_env/lib/python3.11/site-packages/airflow/example_dags/example_dynamic_task_mapping.py for tasks to queue
[2024-11-13T20:33:37.438+1100] {logging_mixin.py:190} INFO - [2024-11-13T20:33:37.437+1100] {dagbag.py:588} INFO - Filling up the DagBag from /Users/yoonmoon/git/learn-airflow/airflow1/py_env/lib/python3.11/site-packages/airflow/example_dags/example_dynamic_task_mapping.py
[2024-11-13T20:33:37.452+1100] {processor.py:925} INFO - DAG(s) 'example_dynamic_task_mapping' retrieved from /Users/yoonmoon/git/learn-airflow/airflow1/py_env/lib/python3.11/site-packages/airflow/example_dags/example_dynamic_task_mapping.py
[2024-11-13T20:33:37.510+1100] {logging_mixin.py:190} INFO - [2024-11-13T20:33:37.510+1100] {dag.py:3239} INFO - Sync 1 DAGs
[2024-11-13T20:33:37.514+1100] {logging_mixin.py:190} INFO - [2024-11-13T20:33:37.514+1100] {dag.py:4180} INFO - Setting next_dagrun for example_dynamic_task_mapping to None, run_after=None
[2024-11-13T20:33:37.520+1100] {processor.py:208} INFO - Processing /Users/yoonmoon/git/learn-airflow/airflow1/py_env/lib/python3.11/site-packages/airflow/example_dags/example_dynamic_task_mapping.py took 0.086 seconds
[2024-11-13T20:35:58.002+1100] {processor.py:186} INFO - Started process (PID=71831) to work on /Users/yoonmoon/git/learn-airflow/airflow1/py_env/lib/python3.11/site-packages/airflow/example_dags/example_dynamic_task_mapping.py
[2024-11-13T20:35:58.003+1100] {processor.py:914} INFO - Processing file /Users/yoonmoon/git/learn-airflow/airflow1/py_env/lib/python3.11/site-packages/airflow/example_dags/example_dynamic_task_mapping.py for tasks to queue
[2024-11-13T20:35:58.004+1100] {logging_mixin.py:190} INFO - [2024-11-13T20:35:58.004+1100] {dagbag.py:588} INFO - Filling up the DagBag from /Users/yoonmoon/git/learn-airflow/airflow1/py_env/lib/python3.11/site-packages/airflow/example_dags/example_dynamic_task_mapping.py
[2024-11-13T20:35:58.020+1100] {processor.py:925} INFO - DAG(s) 'example_dynamic_task_mapping' retrieved from /Users/yoonmoon/git/learn-airflow/airflow1/py_env/lib/python3.11/site-packages/airflow/example_dags/example_dynamic_task_mapping.py
[2024-11-13T20:35:58.079+1100] {logging_mixin.py:190} INFO - [2024-11-13T20:35:58.079+1100] {dag.py:3239} INFO - Sync 1 DAGs
[2024-11-13T20:35:58.083+1100] {logging_mixin.py:190} INFO - [2024-11-13T20:35:58.083+1100] {dag.py:4180} INFO - Setting next_dagrun for example_dynamic_task_mapping to None, run_after=None
[2024-11-13T20:35:58.090+1100] {processor.py:208} INFO - Processing /Users/yoonmoon/git/learn-airflow/airflow1/py_env/lib/python3.11/site-packages/airflow/example_dags/example_dynamic_task_mapping.py took 0.091 seconds
[2024-11-13T20:38:15.887+1100] {processor.py:186} INFO - Started process (PID=72130) to work on /Users/yoonmoon/git/learn-airflow/airflow1/py_env/lib/python3.11/site-packages/airflow/example_dags/example_dynamic_task_mapping.py
[2024-11-13T20:38:15.888+1100] {processor.py:914} INFO - Processing file /Users/yoonmoon/git/learn-airflow/airflow1/py_env/lib/python3.11/site-packages/airflow/example_dags/example_dynamic_task_mapping.py for tasks to queue
[2024-11-13T20:38:15.889+1100] {logging_mixin.py:190} INFO - [2024-11-13T20:38:15.889+1100] {dagbag.py:588} INFO - Filling up the DagBag from /Users/yoonmoon/git/learn-airflow/airflow1/py_env/lib/python3.11/site-packages/airflow/example_dags/example_dynamic_task_mapping.py
[2024-11-13T20:38:15.903+1100] {processor.py:925} INFO - DAG(s) 'example_dynamic_task_mapping' retrieved from /Users/yoonmoon/git/learn-airflow/airflow1/py_env/lib/python3.11/site-packages/airflow/example_dags/example_dynamic_task_mapping.py
[2024-11-13T20:38:15.967+1100] {logging_mixin.py:190} INFO - [2024-11-13T20:38:15.966+1100] {dag.py:3239} INFO - Sync 1 DAGs
[2024-11-13T20:38:15.971+1100] {logging_mixin.py:190} INFO - [2024-11-13T20:38:15.971+1100] {dag.py:4180} INFO - Setting next_dagrun for example_dynamic_task_mapping to None, run_after=None
[2024-11-13T20:38:15.977+1100] {processor.py:208} INFO - Processing /Users/yoonmoon/git/learn-airflow/airflow1/py_env/lib/python3.11/site-packages/airflow/example_dags/example_dynamic_task_mapping.py took 0.093 seconds
[2024-11-13T20:40:34.444+1100] {processor.py:186} INFO - Started process (PID=72386) to work on /Users/yoonmoon/git/learn-airflow/airflow1/py_env/lib/python3.11/site-packages/airflow/example_dags/example_dynamic_task_mapping.py
[2024-11-13T20:40:34.445+1100] {processor.py:914} INFO - Processing file /Users/yoonmoon/git/learn-airflow/airflow1/py_env/lib/python3.11/site-packages/airflow/example_dags/example_dynamic_task_mapping.py for tasks to queue
[2024-11-13T20:40:34.445+1100] {logging_mixin.py:190} INFO - [2024-11-13T20:40:34.445+1100] {dagbag.py:588} INFO - Filling up the DagBag from /Users/yoonmoon/git/learn-airflow/airflow1/py_env/lib/python3.11/site-packages/airflow/example_dags/example_dynamic_task_mapping.py
[2024-11-13T20:40:34.459+1100] {processor.py:925} INFO - DAG(s) 'example_dynamic_task_mapping' retrieved from /Users/yoonmoon/git/learn-airflow/airflow1/py_env/lib/python3.11/site-packages/airflow/example_dags/example_dynamic_task_mapping.py
[2024-11-13T20:40:34.517+1100] {logging_mixin.py:190} INFO - [2024-11-13T20:40:34.517+1100] {dag.py:3239} INFO - Sync 1 DAGs
[2024-11-13T20:40:34.522+1100] {logging_mixin.py:190} INFO - [2024-11-13T20:40:34.522+1100] {dag.py:4180} INFO - Setting next_dagrun for example_dynamic_task_mapping to None, run_after=None
[2024-11-13T20:40:34.528+1100] {processor.py:208} INFO - Processing /Users/yoonmoon/git/learn-airflow/airflow1/py_env/lib/python3.11/site-packages/airflow/example_dags/example_dynamic_task_mapping.py took 0.087 seconds
[2024-11-13T20:42:54.691+1100] {processor.py:186} INFO - Started process (PID=72648) to work on /Users/yoonmoon/git/learn-airflow/airflow1/py_env/lib/python3.11/site-packages/airflow/example_dags/example_dynamic_task_mapping.py
[2024-11-13T20:42:54.693+1100] {processor.py:914} INFO - Processing file /Users/yoonmoon/git/learn-airflow/airflow1/py_env/lib/python3.11/site-packages/airflow/example_dags/example_dynamic_task_mapping.py for tasks to queue
[2024-11-13T20:42:54.694+1100] {logging_mixin.py:190} INFO - [2024-11-13T20:42:54.693+1100] {dagbag.py:588} INFO - Filling up the DagBag from /Users/yoonmoon/git/learn-airflow/airflow1/py_env/lib/python3.11/site-packages/airflow/example_dags/example_dynamic_task_mapping.py
[2024-11-13T20:42:54.706+1100] {processor.py:925} INFO - DAG(s) 'example_dynamic_task_mapping' retrieved from /Users/yoonmoon/git/learn-airflow/airflow1/py_env/lib/python3.11/site-packages/airflow/example_dags/example_dynamic_task_mapping.py
[2024-11-13T20:42:54.764+1100] {logging_mixin.py:190} INFO - [2024-11-13T20:42:54.763+1100] {dag.py:3239} INFO - Sync 1 DAGs
[2024-11-13T20:42:54.767+1100] {logging_mixin.py:190} INFO - [2024-11-13T20:42:54.767+1100] {dag.py:4180} INFO - Setting next_dagrun for example_dynamic_task_mapping to None, run_after=None
[2024-11-13T20:42:54.774+1100] {processor.py:208} INFO - Processing /Users/yoonmoon/git/learn-airflow/airflow1/py_env/lib/python3.11/site-packages/airflow/example_dags/example_dynamic_task_mapping.py took 0.085 seconds
[2024-11-13T20:45:13.534+1100] {processor.py:186} INFO - Started process (PID=72921) to work on /Users/yoonmoon/git/learn-airflow/airflow1/py_env/lib/python3.11/site-packages/airflow/example_dags/example_dynamic_task_mapping.py
[2024-11-13T20:45:13.535+1100] {processor.py:914} INFO - Processing file /Users/yoonmoon/git/learn-airflow/airflow1/py_env/lib/python3.11/site-packages/airflow/example_dags/example_dynamic_task_mapping.py for tasks to queue
[2024-11-13T20:45:13.536+1100] {logging_mixin.py:190} INFO - [2024-11-13T20:45:13.535+1100] {dagbag.py:588} INFO - Filling up the DagBag from /Users/yoonmoon/git/learn-airflow/airflow1/py_env/lib/python3.11/site-packages/airflow/example_dags/example_dynamic_task_mapping.py
[2024-11-13T20:45:13.549+1100] {processor.py:925} INFO - DAG(s) 'example_dynamic_task_mapping' retrieved from /Users/yoonmoon/git/learn-airflow/airflow1/py_env/lib/python3.11/site-packages/airflow/example_dags/example_dynamic_task_mapping.py
[2024-11-13T20:45:13.612+1100] {logging_mixin.py:190} INFO - [2024-11-13T20:45:13.611+1100] {dag.py:3239} INFO - Sync 1 DAGs
[2024-11-13T20:45:13.616+1100] {logging_mixin.py:190} INFO - [2024-11-13T20:45:13.616+1100] {dag.py:4180} INFO - Setting next_dagrun for example_dynamic_task_mapping to None, run_after=None
[2024-11-13T20:45:13.623+1100] {processor.py:208} INFO - Processing /Users/yoonmoon/git/learn-airflow/airflow1/py_env/lib/python3.11/site-packages/airflow/example_dags/example_dynamic_task_mapping.py took 0.091 seconds
[2024-11-13T20:47:35.088+1100] {processor.py:186} INFO - Started process (PID=73189) to work on /Users/yoonmoon/git/learn-airflow/airflow1/py_env/lib/python3.11/site-packages/airflow/example_dags/example_dynamic_task_mapping.py
[2024-11-13T20:47:35.090+1100] {processor.py:914} INFO - Processing file /Users/yoonmoon/git/learn-airflow/airflow1/py_env/lib/python3.11/site-packages/airflow/example_dags/example_dynamic_task_mapping.py for tasks to queue
[2024-11-13T20:47:35.090+1100] {logging_mixin.py:190} INFO - [2024-11-13T20:47:35.090+1100] {dagbag.py:588} INFO - Filling up the DagBag from /Users/yoonmoon/git/learn-airflow/airflow1/py_env/lib/python3.11/site-packages/airflow/example_dags/example_dynamic_task_mapping.py
[2024-11-13T20:47:35.103+1100] {processor.py:925} INFO - DAG(s) 'example_dynamic_task_mapping' retrieved from /Users/yoonmoon/git/learn-airflow/airflow1/py_env/lib/python3.11/site-packages/airflow/example_dags/example_dynamic_task_mapping.py
[2024-11-13T20:47:35.163+1100] {logging_mixin.py:190} INFO - [2024-11-13T20:47:35.163+1100] {dag.py:3239} INFO - Sync 1 DAGs
[2024-11-13T20:47:35.167+1100] {logging_mixin.py:190} INFO - [2024-11-13T20:47:35.167+1100] {dag.py:4180} INFO - Setting next_dagrun for example_dynamic_task_mapping to None, run_after=None
[2024-11-13T20:47:35.173+1100] {processor.py:208} INFO - Processing /Users/yoonmoon/git/learn-airflow/airflow1/py_env/lib/python3.11/site-packages/airflow/example_dags/example_dynamic_task_mapping.py took 0.088 seconds
[2024-11-13T20:50:02.378+1100] {processor.py:186} INFO - Started process (PID=73462) to work on /Users/yoonmoon/git/learn-airflow/airflow1/py_env/lib/python3.11/site-packages/airflow/example_dags/example_dynamic_task_mapping.py
[2024-11-13T20:50:02.379+1100] {processor.py:914} INFO - Processing file /Users/yoonmoon/git/learn-airflow/airflow1/py_env/lib/python3.11/site-packages/airflow/example_dags/example_dynamic_task_mapping.py for tasks to queue
[2024-11-13T20:50:02.379+1100] {logging_mixin.py:190} INFO - [2024-11-13T20:50:02.379+1100] {dagbag.py:588} INFO - Filling up the DagBag from /Users/yoonmoon/git/learn-airflow/airflow1/py_env/lib/python3.11/site-packages/airflow/example_dags/example_dynamic_task_mapping.py
[2024-11-13T20:50:02.396+1100] {processor.py:925} INFO - DAG(s) 'example_dynamic_task_mapping' retrieved from /Users/yoonmoon/git/learn-airflow/airflow1/py_env/lib/python3.11/site-packages/airflow/example_dags/example_dynamic_task_mapping.py
[2024-11-13T20:50:02.462+1100] {logging_mixin.py:190} INFO - [2024-11-13T20:50:02.461+1100] {dag.py:3239} INFO - Sync 1 DAGs
[2024-11-13T20:50:02.466+1100] {logging_mixin.py:190} INFO - [2024-11-13T20:50:02.466+1100] {dag.py:4180} INFO - Setting next_dagrun for example_dynamic_task_mapping to None, run_after=None
[2024-11-13T20:50:02.475+1100] {processor.py:208} INFO - Processing /Users/yoonmoon/git/learn-airflow/airflow1/py_env/lib/python3.11/site-packages/airflow/example_dags/example_dynamic_task_mapping.py took 0.100 seconds
