[2024-11-13T19:30:01.501+1100] {processor.py:186} INFO - Started process (PID=63796) to work on /Users/yoonmoon/git/learn-airflow/airflow1/py_env/lib/python3.11/site-packages/airflow/example_dags/example_dataset_alias_with_no_taskflow.py
[2024-11-13T19:30:01.501+1100] {processor.py:914} INFO - Processing file /Users/yoonmoon/git/learn-airflow/airflow1/py_env/lib/python3.11/site-packages/airflow/example_dags/example_dataset_alias_with_no_taskflow.py for tasks to queue
[2024-11-13T19:30:01.502+1100] {logging_mixin.py:190} INFO - [2024-11-13T19:30:01.502+1100] {dagbag.py:588} INFO - Filling up the DagBag from /Users/yoonmoon/git/learn-airflow/airflow1/py_env/lib/python3.11/site-packages/airflow/example_dags/example_dataset_alias_with_no_taskflow.py
[2024-11-13T19:30:01.578+1100] {processor.py:925} INFO - DAG(s) 'dataset_alias_example_alias_producer_with_no_taskflow', 'dataset_s3_bucket_producer_with_no_taskflow', 'dataset_alias_example_alias_consumer_with_no_taskflow', 'dataset_s3_bucket_consumer_with_no_taskflow' retrieved from /Users/yoonmoon/git/learn-airflow/airflow1/py_env/lib/python3.11/site-packages/airflow/example_dags/example_dataset_alias_with_no_taskflow.py
[2024-11-13T19:30:01.614+1100] {logging_mixin.py:190} INFO - [2024-11-13T19:30:01.614+1100] {override.py:1911} INFO - Created Permission View: can delete on DAG:dataset_alias_example_alias_producer_with_no_taskflow
[2024-11-13T19:30:01.617+1100] {logging_mixin.py:190} INFO - [2024-11-13T19:30:01.617+1100] {override.py:1911} INFO - Created Permission View: can edit on DAG:dataset_alias_example_alias_producer_with_no_taskflow
[2024-11-13T19:30:01.619+1100] {logging_mixin.py:190} INFO - [2024-11-13T19:30:01.619+1100] {override.py:1911} INFO - Created Permission View: can read on DAG:dataset_alias_example_alias_producer_with_no_taskflow
[2024-11-13T19:30:01.622+1100] {logging_mixin.py:190} INFO - [2024-11-13T19:30:01.621+1100] {override.py:1911} INFO - Created Permission View: can delete on DAG Run:dataset_alias_example_alias_producer_with_no_taskflow
[2024-11-13T19:30:01.624+1100] {logging_mixin.py:190} INFO - [2024-11-13T19:30:01.623+1100] {override.py:1911} INFO - Created Permission View: menu access on DAG Run:dataset_alias_example_alias_producer_with_no_taskflow
[2024-11-13T19:30:01.625+1100] {logging_mixin.py:190} INFO - [2024-11-13T19:30:01.625+1100] {override.py:1911} INFO - Created Permission View: can create on DAG Run:dataset_alias_example_alias_producer_with_no_taskflow
[2024-11-13T19:30:01.627+1100] {logging_mixin.py:190} INFO - [2024-11-13T19:30:01.627+1100] {override.py:1911} INFO - Created Permission View: can read on DAG Run:dataset_alias_example_alias_producer_with_no_taskflow
[2024-11-13T19:30:01.631+1100] {logging_mixin.py:190} INFO - [2024-11-13T19:30:01.631+1100] {override.py:1911} INFO - Created Permission View: can delete on DAG:dataset_s3_bucket_producer_with_no_taskflow
[2024-11-13T19:30:01.633+1100] {logging_mixin.py:190} INFO - [2024-11-13T19:30:01.633+1100] {override.py:1911} INFO - Created Permission View: can edit on DAG:dataset_s3_bucket_producer_with_no_taskflow
[2024-11-13T19:30:01.634+1100] {logging_mixin.py:190} INFO - [2024-11-13T19:30:01.634+1100] {override.py:1911} INFO - Created Permission View: can read on DAG:dataset_s3_bucket_producer_with_no_taskflow
[2024-11-13T19:30:01.637+1100] {logging_mixin.py:190} INFO - [2024-11-13T19:30:01.637+1100] {override.py:1911} INFO - Created Permission View: can delete on DAG Run:dataset_s3_bucket_producer_with_no_taskflow
[2024-11-13T19:30:01.638+1100] {logging_mixin.py:190} INFO - [2024-11-13T19:30:01.638+1100] {override.py:1911} INFO - Created Permission View: menu access on DAG Run:dataset_s3_bucket_producer_with_no_taskflow
[2024-11-13T19:30:01.640+1100] {logging_mixin.py:190} INFO - [2024-11-13T19:30:01.640+1100] {override.py:1911} INFO - Created Permission View: can create on DAG Run:dataset_s3_bucket_producer_with_no_taskflow
[2024-11-13T19:30:01.642+1100] {logging_mixin.py:190} INFO - [2024-11-13T19:30:01.642+1100] {override.py:1911} INFO - Created Permission View: can read on DAG Run:dataset_s3_bucket_producer_with_no_taskflow
[2024-11-13T19:30:01.646+1100] {logging_mixin.py:190} INFO - [2024-11-13T19:30:01.646+1100] {override.py:1911} INFO - Created Permission View: can delete on DAG:dataset_alias_example_alias_consumer_with_no_taskflow
[2024-11-13T19:30:01.647+1100] {logging_mixin.py:190} INFO - [2024-11-13T19:30:01.647+1100] {override.py:1911} INFO - Created Permission View: can edit on DAG:dataset_alias_example_alias_consumer_with_no_taskflow
[2024-11-13T19:30:01.649+1100] {logging_mixin.py:190} INFO - [2024-11-13T19:30:01.649+1100] {override.py:1911} INFO - Created Permission View: can read on DAG:dataset_alias_example_alias_consumer_with_no_taskflow
[2024-11-13T19:30:01.651+1100] {logging_mixin.py:190} INFO - [2024-11-13T19:30:01.651+1100] {override.py:1911} INFO - Created Permission View: can delete on DAG Run:dataset_alias_example_alias_consumer_with_no_taskflow
[2024-11-13T19:30:01.653+1100] {logging_mixin.py:190} INFO - [2024-11-13T19:30:01.653+1100] {override.py:1911} INFO - Created Permission View: menu access on DAG Run:dataset_alias_example_alias_consumer_with_no_taskflow
[2024-11-13T19:30:01.655+1100] {logging_mixin.py:190} INFO - [2024-11-13T19:30:01.655+1100] {override.py:1911} INFO - Created Permission View: can create on DAG Run:dataset_alias_example_alias_consumer_with_no_taskflow
[2024-11-13T19:30:01.656+1100] {logging_mixin.py:190} INFO - [2024-11-13T19:30:01.656+1100] {override.py:1911} INFO - Created Permission View: can read on DAG Run:dataset_alias_example_alias_consumer_with_no_taskflow
[2024-11-13T19:30:01.660+1100] {logging_mixin.py:190} INFO - [2024-11-13T19:30:01.660+1100] {override.py:1911} INFO - Created Permission View: can delete on DAG:dataset_s3_bucket_consumer_with_no_taskflow
[2024-11-13T19:30:01.662+1100] {logging_mixin.py:190} INFO - [2024-11-13T19:30:01.662+1100] {override.py:1911} INFO - Created Permission View: can edit on DAG:dataset_s3_bucket_consumer_with_no_taskflow
[2024-11-13T19:30:01.663+1100] {logging_mixin.py:190} INFO - [2024-11-13T19:30:01.663+1100] {override.py:1911} INFO - Created Permission View: can read on DAG:dataset_s3_bucket_consumer_with_no_taskflow
[2024-11-13T19:30:01.666+1100] {logging_mixin.py:190} INFO - [2024-11-13T19:30:01.666+1100] {override.py:1911} INFO - Created Permission View: can delete on DAG Run:dataset_s3_bucket_consumer_with_no_taskflow
[2024-11-13T19:30:01.667+1100] {logging_mixin.py:190} INFO - [2024-11-13T19:30:01.667+1100] {override.py:1911} INFO - Created Permission View: menu access on DAG Run:dataset_s3_bucket_consumer_with_no_taskflow
[2024-11-13T19:30:01.669+1100] {logging_mixin.py:190} INFO - [2024-11-13T19:30:01.669+1100] {override.py:1911} INFO - Created Permission View: can create on DAG Run:dataset_s3_bucket_consumer_with_no_taskflow
[2024-11-13T19:30:01.671+1100] {logging_mixin.py:190} INFO - [2024-11-13T19:30:01.671+1100] {override.py:1911} INFO - Created Permission View: can read on DAG Run:dataset_s3_bucket_consumer_with_no_taskflow
[2024-11-13T19:30:01.671+1100] {logging_mixin.py:190} INFO - [2024-11-13T19:30:01.671+1100] {dag.py:3239} INFO - Sync 4 DAGs
[2024-11-13T19:30:01.675+1100] {logging_mixin.py:190} INFO - [2024-11-13T19:30:01.675+1100] {dag.py:3262} INFO - Creating ORM DAG for dataset_alias_example_alias_consumer_with_no_taskflow
[2024-11-13T19:30:01.675+1100] {logging_mixin.py:190} INFO - [2024-11-13T19:30:01.675+1100] {dag.py:3262} INFO - Creating ORM DAG for dataset_s3_bucket_consumer_with_no_taskflow
[2024-11-13T19:30:01.675+1100] {logging_mixin.py:190} INFO - [2024-11-13T19:30:01.675+1100] {dag.py:3262} INFO - Creating ORM DAG for dataset_s3_bucket_producer_with_no_taskflow
[2024-11-13T19:30:01.675+1100] {logging_mixin.py:190} INFO - [2024-11-13T19:30:01.675+1100] {dag.py:3262} INFO - Creating ORM DAG for dataset_alias_example_alias_producer_with_no_taskflow
[2024-11-13T19:30:01.678+1100] {logging_mixin.py:190} INFO - [2024-11-13T19:30:01.678+1100] {dag.py:4180} INFO - Setting next_dagrun for dataset_alias_example_alias_consumer_with_no_taskflow to None, run_after=None
[2024-11-13T19:30:01.678+1100] {logging_mixin.py:190} INFO - [2024-11-13T19:30:01.678+1100] {dag.py:4180} INFO - Setting next_dagrun for dataset_alias_example_alias_producer_with_no_taskflow to None, run_after=None
[2024-11-13T19:30:01.678+1100] {logging_mixin.py:190} INFO - [2024-11-13T19:30:01.678+1100] {dag.py:4180} INFO - Setting next_dagrun for dataset_s3_bucket_consumer_with_no_taskflow to None, run_after=None
[2024-11-13T19:30:01.678+1100] {logging_mixin.py:190} INFO - [2024-11-13T19:30:01.678+1100] {dag.py:4180} INFO - Setting next_dagrun for dataset_s3_bucket_producer_with_no_taskflow to None, run_after=None
[2024-11-13T19:30:01.683+1100] {logging_mixin.py:190} INFO - [2024-11-13T19:30:01.683+1100] {workday.py:41} WARNING - Could not import pandas. Holidays will not be considered.
[2024-11-13T19:30:01.688+1100] {processor.py:208} INFO - Processing /Users/yoonmoon/git/learn-airflow/airflow1/py_env/lib/python3.11/site-packages/airflow/example_dags/example_dataset_alias_with_no_taskflow.py took 0.190 seconds
[2024-11-13T19:32:22.745+1100] {processor.py:186} INFO - Started process (PID=64173) to work on /Users/yoonmoon/git/learn-airflow/airflow1/py_env/lib/python3.11/site-packages/airflow/example_dags/example_dataset_alias_with_no_taskflow.py
[2024-11-13T19:32:22.745+1100] {processor.py:914} INFO - Processing file /Users/yoonmoon/git/learn-airflow/airflow1/py_env/lib/python3.11/site-packages/airflow/example_dags/example_dataset_alias_with_no_taskflow.py for tasks to queue
[2024-11-13T19:32:22.746+1100] {logging_mixin.py:190} INFO - [2024-11-13T19:32:22.746+1100] {dagbag.py:588} INFO - Filling up the DagBag from /Users/yoonmoon/git/learn-airflow/airflow1/py_env/lib/python3.11/site-packages/airflow/example_dags/example_dataset_alias_with_no_taskflow.py
[2024-11-13T19:32:22.824+1100] {processor.py:925} INFO - DAG(s) 'dataset_s3_bucket_producer_with_no_taskflow', 'dataset_s3_bucket_consumer_with_no_taskflow', 'dataset_alias_example_alias_producer_with_no_taskflow', 'dataset_alias_example_alias_consumer_with_no_taskflow' retrieved from /Users/yoonmoon/git/learn-airflow/airflow1/py_env/lib/python3.11/site-packages/airflow/example_dags/example_dataset_alias_with_no_taskflow.py
[2024-11-13T19:32:22.831+1100] {logging_mixin.py:190} INFO - [2024-11-13T19:32:22.831+1100] {dag.py:3239} INFO - Sync 4 DAGs
[2024-11-13T19:32:22.837+1100] {logging_mixin.py:190} INFO - [2024-11-13T19:32:22.837+1100] {dag.py:4180} INFO - Setting next_dagrun for dataset_alias_example_alias_consumer_with_no_taskflow to None, run_after=None
[2024-11-13T19:32:22.838+1100] {logging_mixin.py:190} INFO - [2024-11-13T19:32:22.838+1100] {dag.py:4180} INFO - Setting next_dagrun for dataset_alias_example_alias_producer_with_no_taskflow to None, run_after=None
[2024-11-13T19:32:22.838+1100] {logging_mixin.py:190} INFO - [2024-11-13T19:32:22.838+1100] {dag.py:4180} INFO - Setting next_dagrun for dataset_s3_bucket_consumer_with_no_taskflow to None, run_after=None
[2024-11-13T19:32:22.839+1100] {logging_mixin.py:190} INFO - [2024-11-13T19:32:22.839+1100] {dag.py:4180} INFO - Setting next_dagrun for dataset_s3_bucket_producer_with_no_taskflow to None, run_after=None
[2024-11-13T19:32:22.846+1100] {processor.py:208} INFO - Processing /Users/yoonmoon/git/learn-airflow/airflow1/py_env/lib/python3.11/site-packages/airflow/example_dags/example_dataset_alias_with_no_taskflow.py took 0.103 seconds
[2024-11-13T19:34:45.316+1100] {processor.py:186} INFO - Started process (PID=64664) to work on /Users/yoonmoon/git/learn-airflow/airflow1/py_env/lib/python3.11/site-packages/airflow/example_dags/example_dataset_alias_with_no_taskflow.py
[2024-11-13T19:34:45.317+1100] {processor.py:914} INFO - Processing file /Users/yoonmoon/git/learn-airflow/airflow1/py_env/lib/python3.11/site-packages/airflow/example_dags/example_dataset_alias_with_no_taskflow.py for tasks to queue
[2024-11-13T19:34:45.318+1100] {logging_mixin.py:190} INFO - [2024-11-13T19:34:45.317+1100] {dagbag.py:588} INFO - Filling up the DagBag from /Users/yoonmoon/git/learn-airflow/airflow1/py_env/lib/python3.11/site-packages/airflow/example_dags/example_dataset_alias_with_no_taskflow.py
[2024-11-13T19:34:45.400+1100] {processor.py:925} INFO - DAG(s) 'dataset_alias_example_alias_consumer_with_no_taskflow', 'dataset_s3_bucket_consumer_with_no_taskflow', 'dataset_s3_bucket_producer_with_no_taskflow', 'dataset_alias_example_alias_producer_with_no_taskflow' retrieved from /Users/yoonmoon/git/learn-airflow/airflow1/py_env/lib/python3.11/site-packages/airflow/example_dags/example_dataset_alias_with_no_taskflow.py
[2024-11-13T19:34:45.408+1100] {logging_mixin.py:190} INFO - [2024-11-13T19:34:45.408+1100] {dag.py:3239} INFO - Sync 4 DAGs
[2024-11-13T19:34:45.415+1100] {logging_mixin.py:190} INFO - [2024-11-13T19:34:45.415+1100] {dag.py:4180} INFO - Setting next_dagrun for dataset_alias_example_alias_consumer_with_no_taskflow to None, run_after=None
[2024-11-13T19:34:45.415+1100] {logging_mixin.py:190} INFO - [2024-11-13T19:34:45.415+1100] {dag.py:4180} INFO - Setting next_dagrun for dataset_alias_example_alias_producer_with_no_taskflow to None, run_after=None
[2024-11-13T19:34:45.416+1100] {logging_mixin.py:190} INFO - [2024-11-13T19:34:45.416+1100] {dag.py:4180} INFO - Setting next_dagrun for dataset_s3_bucket_consumer_with_no_taskflow to None, run_after=None
[2024-11-13T19:34:45.416+1100] {logging_mixin.py:190} INFO - [2024-11-13T19:34:45.416+1100] {dag.py:4180} INFO - Setting next_dagrun for dataset_s3_bucket_producer_with_no_taskflow to None, run_after=None
[2024-11-13T19:34:45.423+1100] {processor.py:208} INFO - Processing /Users/yoonmoon/git/learn-airflow/airflow1/py_env/lib/python3.11/site-packages/airflow/example_dags/example_dataset_alias_with_no_taskflow.py took 0.110 seconds
[2024-11-13T19:36:37.233+1100] {processor.py:186} INFO - Started process (PID=64909) to work on /Users/yoonmoon/git/learn-airflow/airflow1/py_env/lib/python3.11/site-packages/airflow/example_dags/example_dataset_alias_with_no_taskflow.py
[2024-11-13T19:36:37.234+1100] {processor.py:914} INFO - Processing file /Users/yoonmoon/git/learn-airflow/airflow1/py_env/lib/python3.11/site-packages/airflow/example_dags/example_dataset_alias_with_no_taskflow.py for tasks to queue
[2024-11-13T19:36:37.235+1100] {logging_mixin.py:190} INFO - [2024-11-13T19:36:37.235+1100] {dagbag.py:588} INFO - Filling up the DagBag from /Users/yoonmoon/git/learn-airflow/airflow1/py_env/lib/python3.11/site-packages/airflow/example_dags/example_dataset_alias_with_no_taskflow.py
[2024-11-13T19:36:37.309+1100] {processor.py:925} INFO - DAG(s) 'dataset_alias_example_alias_consumer_with_no_taskflow', 'dataset_s3_bucket_producer_with_no_taskflow', 'dataset_s3_bucket_consumer_with_no_taskflow', 'dataset_alias_example_alias_producer_with_no_taskflow' retrieved from /Users/yoonmoon/git/learn-airflow/airflow1/py_env/lib/python3.11/site-packages/airflow/example_dags/example_dataset_alias_with_no_taskflow.py
[2024-11-13T19:36:37.317+1100] {logging_mixin.py:190} INFO - [2024-11-13T19:36:37.317+1100] {dag.py:3239} INFO - Sync 4 DAGs
[2024-11-13T19:36:37.323+1100] {logging_mixin.py:190} INFO - [2024-11-13T19:36:37.323+1100] {dag.py:4180} INFO - Setting next_dagrun for dataset_alias_example_alias_consumer_with_no_taskflow to None, run_after=None
[2024-11-13T19:36:37.324+1100] {logging_mixin.py:190} INFO - [2024-11-13T19:36:37.324+1100] {dag.py:4180} INFO - Setting next_dagrun for dataset_alias_example_alias_producer_with_no_taskflow to None, run_after=None
[2024-11-13T19:36:37.324+1100] {logging_mixin.py:190} INFO - [2024-11-13T19:36:37.324+1100] {dag.py:4180} INFO - Setting next_dagrun for dataset_s3_bucket_consumer_with_no_taskflow to None, run_after=None
[2024-11-13T19:36:37.325+1100] {logging_mixin.py:190} INFO - [2024-11-13T19:36:37.325+1100] {dag.py:4180} INFO - Setting next_dagrun for dataset_s3_bucket_producer_with_no_taskflow to None, run_after=None
[2024-11-13T19:36:37.331+1100] {processor.py:208} INFO - Processing /Users/yoonmoon/git/learn-airflow/airflow1/py_env/lib/python3.11/site-packages/airflow/example_dags/example_dataset_alias_with_no_taskflow.py took 0.101 seconds
[2024-11-13T19:38:53.955+1100] {processor.py:186} INFO - Started process (PID=65187) to work on /Users/yoonmoon/git/learn-airflow/airflow1/py_env/lib/python3.11/site-packages/airflow/example_dags/example_dataset_alias_with_no_taskflow.py
[2024-11-13T19:38:53.955+1100] {processor.py:914} INFO - Processing file /Users/yoonmoon/git/learn-airflow/airflow1/py_env/lib/python3.11/site-packages/airflow/example_dags/example_dataset_alias_with_no_taskflow.py for tasks to queue
[2024-11-13T19:38:53.956+1100] {logging_mixin.py:190} INFO - [2024-11-13T19:38:53.956+1100] {dagbag.py:588} INFO - Filling up the DagBag from /Users/yoonmoon/git/learn-airflow/airflow1/py_env/lib/python3.11/site-packages/airflow/example_dags/example_dataset_alias_with_no_taskflow.py
[2024-11-13T19:38:54.031+1100] {processor.py:925} INFO - DAG(s) 'dataset_alias_example_alias_producer_with_no_taskflow', 'dataset_s3_bucket_producer_with_no_taskflow', 'dataset_s3_bucket_consumer_with_no_taskflow', 'dataset_alias_example_alias_consumer_with_no_taskflow' retrieved from /Users/yoonmoon/git/learn-airflow/airflow1/py_env/lib/python3.11/site-packages/airflow/example_dags/example_dataset_alias_with_no_taskflow.py
[2024-11-13T19:38:54.039+1100] {logging_mixin.py:190} INFO - [2024-11-13T19:38:54.039+1100] {dag.py:3239} INFO - Sync 4 DAGs
[2024-11-13T19:38:54.045+1100] {logging_mixin.py:190} INFO - [2024-11-13T19:38:54.045+1100] {dag.py:4180} INFO - Setting next_dagrun for dataset_alias_example_alias_consumer_with_no_taskflow to None, run_after=None
[2024-11-13T19:38:54.046+1100] {logging_mixin.py:190} INFO - [2024-11-13T19:38:54.046+1100] {dag.py:4180} INFO - Setting next_dagrun for dataset_alias_example_alias_producer_with_no_taskflow to None, run_after=None
[2024-11-13T19:38:54.046+1100] {logging_mixin.py:190} INFO - [2024-11-13T19:38:54.046+1100] {dag.py:4180} INFO - Setting next_dagrun for dataset_s3_bucket_consumer_with_no_taskflow to None, run_after=None
[2024-11-13T19:38:54.046+1100] {logging_mixin.py:190} INFO - [2024-11-13T19:38:54.046+1100] {dag.py:4180} INFO - Setting next_dagrun for dataset_s3_bucket_producer_with_no_taskflow to None, run_after=None
[2024-11-13T19:38:54.053+1100] {processor.py:208} INFO - Processing /Users/yoonmoon/git/learn-airflow/airflow1/py_env/lib/python3.11/site-packages/airflow/example_dags/example_dataset_alias_with_no_taskflow.py took 0.101 seconds
[2024-11-13T19:41:11.523+1100] {processor.py:186} INFO - Started process (PID=65485) to work on /Users/yoonmoon/git/learn-airflow/airflow1/py_env/lib/python3.11/site-packages/airflow/example_dags/example_dataset_alias_with_no_taskflow.py
[2024-11-13T19:41:11.524+1100] {processor.py:914} INFO - Processing file /Users/yoonmoon/git/learn-airflow/airflow1/py_env/lib/python3.11/site-packages/airflow/example_dags/example_dataset_alias_with_no_taskflow.py for tasks to queue
[2024-11-13T19:41:11.524+1100] {logging_mixin.py:190} INFO - [2024-11-13T19:41:11.524+1100] {dagbag.py:588} INFO - Filling up the DagBag from /Users/yoonmoon/git/learn-airflow/airflow1/py_env/lib/python3.11/site-packages/airflow/example_dags/example_dataset_alias_with_no_taskflow.py
[2024-11-13T19:41:11.599+1100] {processor.py:925} INFO - DAG(s) 'dataset_alias_example_alias_producer_with_no_taskflow', 'dataset_alias_example_alias_consumer_with_no_taskflow', 'dataset_s3_bucket_producer_with_no_taskflow', 'dataset_s3_bucket_consumer_with_no_taskflow' retrieved from /Users/yoonmoon/git/learn-airflow/airflow1/py_env/lib/python3.11/site-packages/airflow/example_dags/example_dataset_alias_with_no_taskflow.py
[2024-11-13T19:41:11.607+1100] {logging_mixin.py:190} INFO - [2024-11-13T19:41:11.607+1100] {dag.py:3239} INFO - Sync 4 DAGs
[2024-11-13T19:41:11.613+1100] {logging_mixin.py:190} INFO - [2024-11-13T19:41:11.613+1100] {dag.py:4180} INFO - Setting next_dagrun for dataset_alias_example_alias_consumer_with_no_taskflow to None, run_after=None
[2024-11-13T19:41:11.614+1100] {logging_mixin.py:190} INFO - [2024-11-13T19:41:11.614+1100] {dag.py:4180} INFO - Setting next_dagrun for dataset_alias_example_alias_producer_with_no_taskflow to None, run_after=None
[2024-11-13T19:41:11.614+1100] {logging_mixin.py:190} INFO - [2024-11-13T19:41:11.614+1100] {dag.py:4180} INFO - Setting next_dagrun for dataset_s3_bucket_consumer_with_no_taskflow to None, run_after=None
[2024-11-13T19:41:11.615+1100] {logging_mixin.py:190} INFO - [2024-11-13T19:41:11.615+1100] {dag.py:4180} INFO - Setting next_dagrun for dataset_s3_bucket_producer_with_no_taskflow to None, run_after=None
[2024-11-13T19:41:11.621+1100] {processor.py:208} INFO - Processing /Users/yoonmoon/git/learn-airflow/airflow1/py_env/lib/python3.11/site-packages/airflow/example_dags/example_dataset_alias_with_no_taskflow.py took 0.101 seconds
[2024-11-13T19:43:30.890+1100] {processor.py:186} INFO - Started process (PID=65743) to work on /Users/yoonmoon/git/learn-airflow/airflow1/py_env/lib/python3.11/site-packages/airflow/example_dags/example_dataset_alias_with_no_taskflow.py
[2024-11-13T19:43:30.891+1100] {processor.py:914} INFO - Processing file /Users/yoonmoon/git/learn-airflow/airflow1/py_env/lib/python3.11/site-packages/airflow/example_dags/example_dataset_alias_with_no_taskflow.py for tasks to queue
[2024-11-13T19:43:30.891+1100] {logging_mixin.py:190} INFO - [2024-11-13T19:43:30.891+1100] {dagbag.py:588} INFO - Filling up the DagBag from /Users/yoonmoon/git/learn-airflow/airflow1/py_env/lib/python3.11/site-packages/airflow/example_dags/example_dataset_alias_with_no_taskflow.py
[2024-11-13T19:43:30.966+1100] {processor.py:925} INFO - DAG(s) 'dataset_alias_example_alias_producer_with_no_taskflow', 'dataset_s3_bucket_producer_with_no_taskflow', 'dataset_s3_bucket_consumer_with_no_taskflow', 'dataset_alias_example_alias_consumer_with_no_taskflow' retrieved from /Users/yoonmoon/git/learn-airflow/airflow1/py_env/lib/python3.11/site-packages/airflow/example_dags/example_dataset_alias_with_no_taskflow.py
[2024-11-13T19:43:30.974+1100] {logging_mixin.py:190} INFO - [2024-11-13T19:43:30.974+1100] {dag.py:3239} INFO - Sync 4 DAGs
[2024-11-13T19:43:30.980+1100] {logging_mixin.py:190} INFO - [2024-11-13T19:43:30.980+1100] {dag.py:4180} INFO - Setting next_dagrun for dataset_alias_example_alias_consumer_with_no_taskflow to None, run_after=None
[2024-11-13T19:43:30.981+1100] {logging_mixin.py:190} INFO - [2024-11-13T19:43:30.981+1100] {dag.py:4180} INFO - Setting next_dagrun for dataset_alias_example_alias_producer_with_no_taskflow to None, run_after=None
[2024-11-13T19:43:30.981+1100] {logging_mixin.py:190} INFO - [2024-11-13T19:43:30.981+1100] {dag.py:4180} INFO - Setting next_dagrun for dataset_s3_bucket_consumer_with_no_taskflow to None, run_after=None
[2024-11-13T19:43:30.981+1100] {logging_mixin.py:190} INFO - [2024-11-13T19:43:30.981+1100] {dag.py:4180} INFO - Setting next_dagrun for dataset_s3_bucket_producer_with_no_taskflow to None, run_after=None
[2024-11-13T19:43:30.988+1100] {processor.py:208} INFO - Processing /Users/yoonmoon/git/learn-airflow/airflow1/py_env/lib/python3.11/site-packages/airflow/example_dags/example_dataset_alias_with_no_taskflow.py took 0.100 seconds
[2024-11-13T19:45:45.432+1100] {processor.py:186} INFO - Started process (PID=66012) to work on /Users/yoonmoon/git/learn-airflow/airflow1/py_env/lib/python3.11/site-packages/airflow/example_dags/example_dataset_alias_with_no_taskflow.py
[2024-11-13T19:45:45.434+1100] {processor.py:914} INFO - Processing file /Users/yoonmoon/git/learn-airflow/airflow1/py_env/lib/python3.11/site-packages/airflow/example_dags/example_dataset_alias_with_no_taskflow.py for tasks to queue
[2024-11-13T19:45:45.434+1100] {logging_mixin.py:190} INFO - [2024-11-13T19:45:45.434+1100] {dagbag.py:588} INFO - Filling up the DagBag from /Users/yoonmoon/git/learn-airflow/airflow1/py_env/lib/python3.11/site-packages/airflow/example_dags/example_dataset_alias_with_no_taskflow.py
[2024-11-13T19:45:45.508+1100] {processor.py:925} INFO - DAG(s) 'dataset_s3_bucket_consumer_with_no_taskflow', 'dataset_s3_bucket_producer_with_no_taskflow', 'dataset_alias_example_alias_producer_with_no_taskflow', 'dataset_alias_example_alias_consumer_with_no_taskflow' retrieved from /Users/yoonmoon/git/learn-airflow/airflow1/py_env/lib/python3.11/site-packages/airflow/example_dags/example_dataset_alias_with_no_taskflow.py
[2024-11-13T19:45:45.516+1100] {logging_mixin.py:190} INFO - [2024-11-13T19:45:45.516+1100] {dag.py:3239} INFO - Sync 4 DAGs
[2024-11-13T19:45:45.522+1100] {logging_mixin.py:190} INFO - [2024-11-13T19:45:45.522+1100] {dag.py:4180} INFO - Setting next_dagrun for dataset_alias_example_alias_consumer_with_no_taskflow to None, run_after=None
[2024-11-13T19:45:45.523+1100] {logging_mixin.py:190} INFO - [2024-11-13T19:45:45.522+1100] {dag.py:4180} INFO - Setting next_dagrun for dataset_alias_example_alias_producer_with_no_taskflow to None, run_after=None
[2024-11-13T19:45:45.523+1100] {logging_mixin.py:190} INFO - [2024-11-13T19:45:45.523+1100] {dag.py:4180} INFO - Setting next_dagrun for dataset_s3_bucket_consumer_with_no_taskflow to None, run_after=None
[2024-11-13T19:45:45.523+1100] {logging_mixin.py:190} INFO - [2024-11-13T19:45:45.523+1100] {dag.py:4180} INFO - Setting next_dagrun for dataset_s3_bucket_producer_with_no_taskflow to None, run_after=None
[2024-11-13T19:45:45.530+1100] {processor.py:208} INFO - Processing /Users/yoonmoon/git/learn-airflow/airflow1/py_env/lib/python3.11/site-packages/airflow/example_dags/example_dataset_alias_with_no_taskflow.py took 0.100 seconds
[2024-11-13T19:47:57.017+1100] {processor.py:186} INFO - Started process (PID=66258) to work on /Users/yoonmoon/git/learn-airflow/airflow1/py_env/lib/python3.11/site-packages/airflow/example_dags/example_dataset_alias_with_no_taskflow.py
[2024-11-13T19:47:57.018+1100] {processor.py:914} INFO - Processing file /Users/yoonmoon/git/learn-airflow/airflow1/py_env/lib/python3.11/site-packages/airflow/example_dags/example_dataset_alias_with_no_taskflow.py for tasks to queue
[2024-11-13T19:47:57.019+1100] {logging_mixin.py:190} INFO - [2024-11-13T19:47:57.019+1100] {dagbag.py:588} INFO - Filling up the DagBag from /Users/yoonmoon/git/learn-airflow/airflow1/py_env/lib/python3.11/site-packages/airflow/example_dags/example_dataset_alias_with_no_taskflow.py
[2024-11-13T19:47:57.092+1100] {processor.py:925} INFO - DAG(s) 'dataset_alias_example_alias_producer_with_no_taskflow', 'dataset_s3_bucket_producer_with_no_taskflow', 'dataset_alias_example_alias_consumer_with_no_taskflow', 'dataset_s3_bucket_consumer_with_no_taskflow' retrieved from /Users/yoonmoon/git/learn-airflow/airflow1/py_env/lib/python3.11/site-packages/airflow/example_dags/example_dataset_alias_with_no_taskflow.py
[2024-11-13T19:47:57.099+1100] {logging_mixin.py:190} INFO - [2024-11-13T19:47:57.099+1100] {dag.py:3239} INFO - Sync 4 DAGs
[2024-11-13T19:47:57.106+1100] {logging_mixin.py:190} INFO - [2024-11-13T19:47:57.105+1100] {dag.py:4180} INFO - Setting next_dagrun for dataset_alias_example_alias_consumer_with_no_taskflow to None, run_after=None
[2024-11-13T19:47:57.106+1100] {logging_mixin.py:190} INFO - [2024-11-13T19:47:57.106+1100] {dag.py:4180} INFO - Setting next_dagrun for dataset_alias_example_alias_producer_with_no_taskflow to None, run_after=None
[2024-11-13T19:47:57.107+1100] {logging_mixin.py:190} INFO - [2024-11-13T19:47:57.106+1100] {dag.py:4180} INFO - Setting next_dagrun for dataset_s3_bucket_consumer_with_no_taskflow to None, run_after=None
[2024-11-13T19:47:57.107+1100] {logging_mixin.py:190} INFO - [2024-11-13T19:47:57.107+1100] {dag.py:4180} INFO - Setting next_dagrun for dataset_s3_bucket_producer_with_no_taskflow to None, run_after=None
[2024-11-13T19:47:57.113+1100] {processor.py:208} INFO - Processing /Users/yoonmoon/git/learn-airflow/airflow1/py_env/lib/python3.11/site-packages/airflow/example_dags/example_dataset_alias_with_no_taskflow.py took 0.099 seconds
[2024-11-13T19:50:05.805+1100] {processor.py:186} INFO - Started process (PID=66494) to work on /Users/yoonmoon/git/learn-airflow/airflow1/py_env/lib/python3.11/site-packages/airflow/example_dags/example_dataset_alias_with_no_taskflow.py
[2024-11-13T19:50:05.806+1100] {processor.py:914} INFO - Processing file /Users/yoonmoon/git/learn-airflow/airflow1/py_env/lib/python3.11/site-packages/airflow/example_dags/example_dataset_alias_with_no_taskflow.py for tasks to queue
[2024-11-13T19:50:05.807+1100] {logging_mixin.py:190} INFO - [2024-11-13T19:50:05.807+1100] {dagbag.py:588} INFO - Filling up the DagBag from /Users/yoonmoon/git/learn-airflow/airflow1/py_env/lib/python3.11/site-packages/airflow/example_dags/example_dataset_alias_with_no_taskflow.py
[2024-11-13T19:50:05.882+1100] {processor.py:925} INFO - DAG(s) 'dataset_alias_example_alias_producer_with_no_taskflow', 'dataset_s3_bucket_consumer_with_no_taskflow', 'dataset_alias_example_alias_consumer_with_no_taskflow', 'dataset_s3_bucket_producer_with_no_taskflow' retrieved from /Users/yoonmoon/git/learn-airflow/airflow1/py_env/lib/python3.11/site-packages/airflow/example_dags/example_dataset_alias_with_no_taskflow.py
[2024-11-13T19:50:05.890+1100] {logging_mixin.py:190} INFO - [2024-11-13T19:50:05.890+1100] {dag.py:3239} INFO - Sync 4 DAGs
[2024-11-13T19:50:05.896+1100] {logging_mixin.py:190} INFO - [2024-11-13T19:50:05.896+1100] {dag.py:4180} INFO - Setting next_dagrun for dataset_alias_example_alias_consumer_with_no_taskflow to None, run_after=None
[2024-11-13T19:50:05.897+1100] {logging_mixin.py:190} INFO - [2024-11-13T19:50:05.897+1100] {dag.py:4180} INFO - Setting next_dagrun for dataset_alias_example_alias_producer_with_no_taskflow to None, run_after=None
[2024-11-13T19:50:05.897+1100] {logging_mixin.py:190} INFO - [2024-11-13T19:50:05.897+1100] {dag.py:4180} INFO - Setting next_dagrun for dataset_s3_bucket_consumer_with_no_taskflow to None, run_after=None
[2024-11-13T19:50:05.897+1100] {logging_mixin.py:190} INFO - [2024-11-13T19:50:05.897+1100] {dag.py:4180} INFO - Setting next_dagrun for dataset_s3_bucket_producer_with_no_taskflow to None, run_after=None
[2024-11-13T19:50:05.904+1100] {processor.py:208} INFO - Processing /Users/yoonmoon/git/learn-airflow/airflow1/py_env/lib/python3.11/site-packages/airflow/example_dags/example_dataset_alias_with_no_taskflow.py took 0.101 seconds
[2024-11-13T19:52:25.295+1100] {processor.py:186} INFO - Started process (PID=66744) to work on /Users/yoonmoon/git/learn-airflow/airflow1/py_env/lib/python3.11/site-packages/airflow/example_dags/example_dataset_alias_with_no_taskflow.py
[2024-11-13T19:52:25.297+1100] {processor.py:914} INFO - Processing file /Users/yoonmoon/git/learn-airflow/airflow1/py_env/lib/python3.11/site-packages/airflow/example_dags/example_dataset_alias_with_no_taskflow.py for tasks to queue
[2024-11-13T19:52:25.297+1100] {logging_mixin.py:190} INFO - [2024-11-13T19:52:25.297+1100] {dagbag.py:588} INFO - Filling up the DagBag from /Users/yoonmoon/git/learn-airflow/airflow1/py_env/lib/python3.11/site-packages/airflow/example_dags/example_dataset_alias_with_no_taskflow.py
[2024-11-13T19:52:25.374+1100] {processor.py:925} INFO - DAG(s) 'dataset_alias_example_alias_producer_with_no_taskflow', 'dataset_s3_bucket_producer_with_no_taskflow', 'dataset_s3_bucket_consumer_with_no_taskflow', 'dataset_alias_example_alias_consumer_with_no_taskflow' retrieved from /Users/yoonmoon/git/learn-airflow/airflow1/py_env/lib/python3.11/site-packages/airflow/example_dags/example_dataset_alias_with_no_taskflow.py
[2024-11-13T19:52:25.382+1100] {logging_mixin.py:190} INFO - [2024-11-13T19:52:25.381+1100] {dag.py:3239} INFO - Sync 4 DAGs
[2024-11-13T19:52:25.388+1100] {logging_mixin.py:190} INFO - [2024-11-13T19:52:25.388+1100] {dag.py:4180} INFO - Setting next_dagrun for dataset_alias_example_alias_consumer_with_no_taskflow to None, run_after=None
[2024-11-13T19:52:25.388+1100] {logging_mixin.py:190} INFO - [2024-11-13T19:52:25.388+1100] {dag.py:4180} INFO - Setting next_dagrun for dataset_alias_example_alias_producer_with_no_taskflow to None, run_after=None
[2024-11-13T19:52:25.389+1100] {logging_mixin.py:190} INFO - [2024-11-13T19:52:25.389+1100] {dag.py:4180} INFO - Setting next_dagrun for dataset_s3_bucket_consumer_with_no_taskflow to None, run_after=None
[2024-11-13T19:52:25.389+1100] {logging_mixin.py:190} INFO - [2024-11-13T19:52:25.389+1100] {dag.py:4180} INFO - Setting next_dagrun for dataset_s3_bucket_producer_with_no_taskflow to None, run_after=None
[2024-11-13T19:52:25.395+1100] {processor.py:208} INFO - Processing /Users/yoonmoon/git/learn-airflow/airflow1/py_env/lib/python3.11/site-packages/airflow/example_dags/example_dataset_alias_with_no_taskflow.py took 0.102 seconds
[2024-11-13T19:54:45.170+1100] {processor.py:186} INFO - Started process (PID=67021) to work on /Users/yoonmoon/git/learn-airflow/airflow1/py_env/lib/python3.11/site-packages/airflow/example_dags/example_dataset_alias_with_no_taskflow.py
[2024-11-13T19:54:45.170+1100] {processor.py:914} INFO - Processing file /Users/yoonmoon/git/learn-airflow/airflow1/py_env/lib/python3.11/site-packages/airflow/example_dags/example_dataset_alias_with_no_taskflow.py for tasks to queue
[2024-11-13T19:54:45.171+1100] {logging_mixin.py:190} INFO - [2024-11-13T19:54:45.171+1100] {dagbag.py:588} INFO - Filling up the DagBag from /Users/yoonmoon/git/learn-airflow/airflow1/py_env/lib/python3.11/site-packages/airflow/example_dags/example_dataset_alias_with_no_taskflow.py
[2024-11-13T19:54:45.245+1100] {processor.py:925} INFO - DAG(s) 'dataset_s3_bucket_producer_with_no_taskflow', 'dataset_alias_example_alias_producer_with_no_taskflow', 'dataset_s3_bucket_consumer_with_no_taskflow', 'dataset_alias_example_alias_consumer_with_no_taskflow' retrieved from /Users/yoonmoon/git/learn-airflow/airflow1/py_env/lib/python3.11/site-packages/airflow/example_dags/example_dataset_alias_with_no_taskflow.py
[2024-11-13T19:54:45.253+1100] {logging_mixin.py:190} INFO - [2024-11-13T19:54:45.253+1100] {dag.py:3239} INFO - Sync 4 DAGs
[2024-11-13T19:54:45.259+1100] {logging_mixin.py:190} INFO - [2024-11-13T19:54:45.259+1100] {dag.py:4180} INFO - Setting next_dagrun for dataset_alias_example_alias_consumer_with_no_taskflow to None, run_after=None
[2024-11-13T19:54:45.260+1100] {logging_mixin.py:190} INFO - [2024-11-13T19:54:45.260+1100] {dag.py:4180} INFO - Setting next_dagrun for dataset_alias_example_alias_producer_with_no_taskflow to None, run_after=None
[2024-11-13T19:54:45.260+1100] {logging_mixin.py:190} INFO - [2024-11-13T19:54:45.260+1100] {dag.py:4180} INFO - Setting next_dagrun for dataset_s3_bucket_consumer_with_no_taskflow to None, run_after=None
[2024-11-13T19:54:45.260+1100] {logging_mixin.py:190} INFO - [2024-11-13T19:54:45.260+1100] {dag.py:4180} INFO - Setting next_dagrun for dataset_s3_bucket_producer_with_no_taskflow to None, run_after=None
[2024-11-13T19:54:45.267+1100] {processor.py:208} INFO - Processing /Users/yoonmoon/git/learn-airflow/airflow1/py_env/lib/python3.11/site-packages/airflow/example_dags/example_dataset_alias_with_no_taskflow.py took 0.099 seconds
[2024-11-13T19:57:05.064+1100] {processor.py:186} INFO - Started process (PID=67284) to work on /Users/yoonmoon/git/learn-airflow/airflow1/py_env/lib/python3.11/site-packages/airflow/example_dags/example_dataset_alias_with_no_taskflow.py
[2024-11-13T19:57:05.065+1100] {processor.py:914} INFO - Processing file /Users/yoonmoon/git/learn-airflow/airflow1/py_env/lib/python3.11/site-packages/airflow/example_dags/example_dataset_alias_with_no_taskflow.py for tasks to queue
[2024-11-13T19:57:05.066+1100] {logging_mixin.py:190} INFO - [2024-11-13T19:57:05.066+1100] {dagbag.py:588} INFO - Filling up the DagBag from /Users/yoonmoon/git/learn-airflow/airflow1/py_env/lib/python3.11/site-packages/airflow/example_dags/example_dataset_alias_with_no_taskflow.py
[2024-11-13T19:57:05.143+1100] {processor.py:925} INFO - DAG(s) 'dataset_alias_example_alias_consumer_with_no_taskflow', 'dataset_s3_bucket_producer_with_no_taskflow', 'dataset_alias_example_alias_producer_with_no_taskflow', 'dataset_s3_bucket_consumer_with_no_taskflow' retrieved from /Users/yoonmoon/git/learn-airflow/airflow1/py_env/lib/python3.11/site-packages/airflow/example_dags/example_dataset_alias_with_no_taskflow.py
[2024-11-13T19:57:05.151+1100] {logging_mixin.py:190} INFO - [2024-11-13T19:57:05.150+1100] {dag.py:3239} INFO - Sync 4 DAGs
[2024-11-13T19:57:05.157+1100] {logging_mixin.py:190} INFO - [2024-11-13T19:57:05.157+1100] {dag.py:4180} INFO - Setting next_dagrun for dataset_alias_example_alias_consumer_with_no_taskflow to None, run_after=None
[2024-11-13T19:57:05.158+1100] {logging_mixin.py:190} INFO - [2024-11-13T19:57:05.158+1100] {dag.py:4180} INFO - Setting next_dagrun for dataset_alias_example_alias_producer_with_no_taskflow to None, run_after=None
[2024-11-13T19:57:05.158+1100] {logging_mixin.py:190} INFO - [2024-11-13T19:57:05.158+1100] {dag.py:4180} INFO - Setting next_dagrun for dataset_s3_bucket_consumer_with_no_taskflow to None, run_after=None
[2024-11-13T19:57:05.159+1100] {logging_mixin.py:190} INFO - [2024-11-13T19:57:05.158+1100] {dag.py:4180} INFO - Setting next_dagrun for dataset_s3_bucket_producer_with_no_taskflow to None, run_after=None
[2024-11-13T19:57:05.165+1100] {processor.py:208} INFO - Processing /Users/yoonmoon/git/learn-airflow/airflow1/py_env/lib/python3.11/site-packages/airflow/example_dags/example_dataset_alias_with_no_taskflow.py took 0.104 seconds
[2024-11-13T19:59:17.803+1100] {processor.py:186} INFO - Started process (PID=67529) to work on /Users/yoonmoon/git/learn-airflow/airflow1/py_env/lib/python3.11/site-packages/airflow/example_dags/example_dataset_alias_with_no_taskflow.py
[2024-11-13T19:59:17.804+1100] {processor.py:914} INFO - Processing file /Users/yoonmoon/git/learn-airflow/airflow1/py_env/lib/python3.11/site-packages/airflow/example_dags/example_dataset_alias_with_no_taskflow.py for tasks to queue
[2024-11-13T19:59:17.805+1100] {logging_mixin.py:190} INFO - [2024-11-13T19:59:17.805+1100] {dagbag.py:588} INFO - Filling up the DagBag from /Users/yoonmoon/git/learn-airflow/airflow1/py_env/lib/python3.11/site-packages/airflow/example_dags/example_dataset_alias_with_no_taskflow.py
[2024-11-13T19:59:17.880+1100] {processor.py:925} INFO - DAG(s) 'dataset_alias_example_alias_producer_with_no_taskflow', 'dataset_s3_bucket_producer_with_no_taskflow', 'dataset_s3_bucket_consumer_with_no_taskflow', 'dataset_alias_example_alias_consumer_with_no_taskflow' retrieved from /Users/yoonmoon/git/learn-airflow/airflow1/py_env/lib/python3.11/site-packages/airflow/example_dags/example_dataset_alias_with_no_taskflow.py
[2024-11-13T19:59:17.888+1100] {logging_mixin.py:190} INFO - [2024-11-13T19:59:17.888+1100] {dag.py:3239} INFO - Sync 4 DAGs
[2024-11-13T19:59:17.894+1100] {logging_mixin.py:190} INFO - [2024-11-13T19:59:17.894+1100] {dag.py:4180} INFO - Setting next_dagrun for dataset_alias_example_alias_consumer_with_no_taskflow to None, run_after=None
[2024-11-13T19:59:17.895+1100] {logging_mixin.py:190} INFO - [2024-11-13T19:59:17.895+1100] {dag.py:4180} INFO - Setting next_dagrun for dataset_alias_example_alias_producer_with_no_taskflow to None, run_after=None
[2024-11-13T19:59:17.895+1100] {logging_mixin.py:190} INFO - [2024-11-13T19:59:17.895+1100] {dag.py:4180} INFO - Setting next_dagrun for dataset_s3_bucket_consumer_with_no_taskflow to None, run_after=None
[2024-11-13T19:59:17.895+1100] {logging_mixin.py:190} INFO - [2024-11-13T19:59:17.895+1100] {dag.py:4180} INFO - Setting next_dagrun for dataset_s3_bucket_producer_with_no_taskflow to None, run_after=None
[2024-11-13T19:59:17.902+1100] {processor.py:208} INFO - Processing /Users/yoonmoon/git/learn-airflow/airflow1/py_env/lib/python3.11/site-packages/airflow/example_dags/example_dataset_alias_with_no_taskflow.py took 0.101 seconds
[2024-11-13T20:01:33.496+1100] {processor.py:186} INFO - Started process (PID=67774) to work on /Users/yoonmoon/git/learn-airflow/airflow1/py_env/lib/python3.11/site-packages/airflow/example_dags/example_dataset_alias_with_no_taskflow.py
[2024-11-13T20:01:33.500+1100] {processor.py:914} INFO - Processing file /Users/yoonmoon/git/learn-airflow/airflow1/py_env/lib/python3.11/site-packages/airflow/example_dags/example_dataset_alias_with_no_taskflow.py for tasks to queue
[2024-11-13T20:01:33.500+1100] {logging_mixin.py:190} INFO - [2024-11-13T20:01:33.500+1100] {dagbag.py:588} INFO - Filling up the DagBag from /Users/yoonmoon/git/learn-airflow/airflow1/py_env/lib/python3.11/site-packages/airflow/example_dags/example_dataset_alias_with_no_taskflow.py
[2024-11-13T20:01:33.577+1100] {processor.py:925} INFO - DAG(s) 'dataset_s3_bucket_consumer_with_no_taskflow', 'dataset_alias_example_alias_producer_with_no_taskflow', 'dataset_alias_example_alias_consumer_with_no_taskflow', 'dataset_s3_bucket_producer_with_no_taskflow' retrieved from /Users/yoonmoon/git/learn-airflow/airflow1/py_env/lib/python3.11/site-packages/airflow/example_dags/example_dataset_alias_with_no_taskflow.py
[2024-11-13T20:01:33.584+1100] {logging_mixin.py:190} INFO - [2024-11-13T20:01:33.584+1100] {dag.py:3239} INFO - Sync 4 DAGs
[2024-11-13T20:01:33.591+1100] {logging_mixin.py:190} INFO - [2024-11-13T20:01:33.591+1100] {dag.py:4180} INFO - Setting next_dagrun for dataset_alias_example_alias_consumer_with_no_taskflow to None, run_after=None
[2024-11-13T20:01:33.592+1100] {logging_mixin.py:190} INFO - [2024-11-13T20:01:33.592+1100] {dag.py:4180} INFO - Setting next_dagrun for dataset_alias_example_alias_producer_with_no_taskflow to None, run_after=None
[2024-11-13T20:01:33.592+1100] {logging_mixin.py:190} INFO - [2024-11-13T20:01:33.592+1100] {dag.py:4180} INFO - Setting next_dagrun for dataset_s3_bucket_consumer_with_no_taskflow to None, run_after=None
[2024-11-13T20:01:33.592+1100] {logging_mixin.py:190} INFO - [2024-11-13T20:01:33.592+1100] {dag.py:4180} INFO - Setting next_dagrun for dataset_s3_bucket_producer_with_no_taskflow to None, run_after=None
[2024-11-13T20:01:33.600+1100] {processor.py:208} INFO - Processing /Users/yoonmoon/git/learn-airflow/airflow1/py_env/lib/python3.11/site-packages/airflow/example_dags/example_dataset_alias_with_no_taskflow.py took 0.106 seconds
[2024-11-13T20:03:50.144+1100] {processor.py:186} INFO - Started process (PID=68018) to work on /Users/yoonmoon/git/learn-airflow/airflow1/py_env/lib/python3.11/site-packages/airflow/example_dags/example_dataset_alias_with_no_taskflow.py
[2024-11-13T20:03:50.145+1100] {processor.py:914} INFO - Processing file /Users/yoonmoon/git/learn-airflow/airflow1/py_env/lib/python3.11/site-packages/airflow/example_dags/example_dataset_alias_with_no_taskflow.py for tasks to queue
[2024-11-13T20:03:50.146+1100] {logging_mixin.py:190} INFO - [2024-11-13T20:03:50.146+1100] {dagbag.py:588} INFO - Filling up the DagBag from /Users/yoonmoon/git/learn-airflow/airflow1/py_env/lib/python3.11/site-packages/airflow/example_dags/example_dataset_alias_with_no_taskflow.py
[2024-11-13T20:03:50.221+1100] {processor.py:925} INFO - DAG(s) 'dataset_alias_example_alias_producer_with_no_taskflow', 'dataset_alias_example_alias_consumer_with_no_taskflow', 'dataset_s3_bucket_consumer_with_no_taskflow', 'dataset_s3_bucket_producer_with_no_taskflow' retrieved from /Users/yoonmoon/git/learn-airflow/airflow1/py_env/lib/python3.11/site-packages/airflow/example_dags/example_dataset_alias_with_no_taskflow.py
[2024-11-13T20:03:50.229+1100] {logging_mixin.py:190} INFO - [2024-11-13T20:03:50.229+1100] {dag.py:3239} INFO - Sync 4 DAGs
[2024-11-13T20:03:50.235+1100] {logging_mixin.py:190} INFO - [2024-11-13T20:03:50.235+1100] {dag.py:4180} INFO - Setting next_dagrun for dataset_alias_example_alias_consumer_with_no_taskflow to None, run_after=None
[2024-11-13T20:03:50.236+1100] {logging_mixin.py:190} INFO - [2024-11-13T20:03:50.236+1100] {dag.py:4180} INFO - Setting next_dagrun for dataset_alias_example_alias_producer_with_no_taskflow to None, run_after=None
[2024-11-13T20:03:50.236+1100] {logging_mixin.py:190} INFO - [2024-11-13T20:03:50.236+1100] {dag.py:4180} INFO - Setting next_dagrun for dataset_s3_bucket_consumer_with_no_taskflow to None, run_after=None
[2024-11-13T20:03:50.236+1100] {logging_mixin.py:190} INFO - [2024-11-13T20:03:50.236+1100] {dag.py:4180} INFO - Setting next_dagrun for dataset_s3_bucket_producer_with_no_taskflow to None, run_after=None
[2024-11-13T20:03:50.243+1100] {processor.py:208} INFO - Processing /Users/yoonmoon/git/learn-airflow/airflow1/py_env/lib/python3.11/site-packages/airflow/example_dags/example_dataset_alias_with_no_taskflow.py took 0.101 seconds
[2024-11-13T20:06:08.486+1100] {processor.py:186} INFO - Started process (PID=68299) to work on /Users/yoonmoon/git/learn-airflow/airflow1/py_env/lib/python3.11/site-packages/airflow/example_dags/example_dataset_alias_with_no_taskflow.py
[2024-11-13T20:06:08.487+1100] {processor.py:914} INFO - Processing file /Users/yoonmoon/git/learn-airflow/airflow1/py_env/lib/python3.11/site-packages/airflow/example_dags/example_dataset_alias_with_no_taskflow.py for tasks to queue
[2024-11-13T20:06:08.488+1100] {logging_mixin.py:190} INFO - [2024-11-13T20:06:08.488+1100] {dagbag.py:588} INFO - Filling up the DagBag from /Users/yoonmoon/git/learn-airflow/airflow1/py_env/lib/python3.11/site-packages/airflow/example_dags/example_dataset_alias_with_no_taskflow.py
[2024-11-13T20:06:08.563+1100] {processor.py:925} INFO - DAG(s) 'dataset_alias_example_alias_consumer_with_no_taskflow', 'dataset_s3_bucket_consumer_with_no_taskflow', 'dataset_alias_example_alias_producer_with_no_taskflow', 'dataset_s3_bucket_producer_with_no_taskflow' retrieved from /Users/yoonmoon/git/learn-airflow/airflow1/py_env/lib/python3.11/site-packages/airflow/example_dags/example_dataset_alias_with_no_taskflow.py
[2024-11-13T20:06:08.571+1100] {logging_mixin.py:190} INFO - [2024-11-13T20:06:08.571+1100] {dag.py:3239} INFO - Sync 4 DAGs
[2024-11-13T20:06:08.578+1100] {logging_mixin.py:190} INFO - [2024-11-13T20:06:08.578+1100] {dag.py:4180} INFO - Setting next_dagrun for dataset_alias_example_alias_consumer_with_no_taskflow to None, run_after=None
[2024-11-13T20:06:08.578+1100] {logging_mixin.py:190} INFO - [2024-11-13T20:06:08.578+1100] {dag.py:4180} INFO - Setting next_dagrun for dataset_alias_example_alias_producer_with_no_taskflow to None, run_after=None
[2024-11-13T20:06:08.579+1100] {logging_mixin.py:190} INFO - [2024-11-13T20:06:08.579+1100] {dag.py:4180} INFO - Setting next_dagrun for dataset_s3_bucket_consumer_with_no_taskflow to None, run_after=None
[2024-11-13T20:06:08.579+1100] {logging_mixin.py:190} INFO - [2024-11-13T20:06:08.579+1100] {dag.py:4180} INFO - Setting next_dagrun for dataset_s3_bucket_producer_with_no_taskflow to None, run_after=None
[2024-11-13T20:06:08.587+1100] {processor.py:208} INFO - Processing /Users/yoonmoon/git/learn-airflow/airflow1/py_env/lib/python3.11/site-packages/airflow/example_dags/example_dataset_alias_with_no_taskflow.py took 0.103 seconds
[2024-11-13T20:08:28.479+1100] {processor.py:186} INFO - Started process (PID=68573) to work on /Users/yoonmoon/git/learn-airflow/airflow1/py_env/lib/python3.11/site-packages/airflow/example_dags/example_dataset_alias_with_no_taskflow.py
[2024-11-13T20:08:28.479+1100] {processor.py:914} INFO - Processing file /Users/yoonmoon/git/learn-airflow/airflow1/py_env/lib/python3.11/site-packages/airflow/example_dags/example_dataset_alias_with_no_taskflow.py for tasks to queue
[2024-11-13T20:08:28.480+1100] {logging_mixin.py:190} INFO - [2024-11-13T20:08:28.480+1100] {dagbag.py:588} INFO - Filling up the DagBag from /Users/yoonmoon/git/learn-airflow/airflow1/py_env/lib/python3.11/site-packages/airflow/example_dags/example_dataset_alias_with_no_taskflow.py
[2024-11-13T20:08:28.556+1100] {processor.py:925} INFO - DAG(s) 'dataset_s3_bucket_consumer_with_no_taskflow', 'dataset_alias_example_alias_consumer_with_no_taskflow', 'dataset_s3_bucket_producer_with_no_taskflow', 'dataset_alias_example_alias_producer_with_no_taskflow' retrieved from /Users/yoonmoon/git/learn-airflow/airflow1/py_env/lib/python3.11/site-packages/airflow/example_dags/example_dataset_alias_with_no_taskflow.py
[2024-11-13T20:08:28.564+1100] {logging_mixin.py:190} INFO - [2024-11-13T20:08:28.564+1100] {dag.py:3239} INFO - Sync 4 DAGs
[2024-11-13T20:08:28.571+1100] {logging_mixin.py:190} INFO - [2024-11-13T20:08:28.571+1100] {dag.py:4180} INFO - Setting next_dagrun for dataset_alias_example_alias_consumer_with_no_taskflow to None, run_after=None
[2024-11-13T20:08:28.571+1100] {logging_mixin.py:190} INFO - [2024-11-13T20:08:28.571+1100] {dag.py:4180} INFO - Setting next_dagrun for dataset_alias_example_alias_producer_with_no_taskflow to None, run_after=None
[2024-11-13T20:08:28.572+1100] {logging_mixin.py:190} INFO - [2024-11-13T20:08:28.572+1100] {dag.py:4180} INFO - Setting next_dagrun for dataset_s3_bucket_consumer_with_no_taskflow to None, run_after=None
[2024-11-13T20:08:28.572+1100] {logging_mixin.py:190} INFO - [2024-11-13T20:08:28.572+1100] {dag.py:4180} INFO - Setting next_dagrun for dataset_s3_bucket_producer_with_no_taskflow to None, run_after=None
[2024-11-13T20:08:28.579+1100] {processor.py:208} INFO - Processing /Users/yoonmoon/git/learn-airflow/airflow1/py_env/lib/python3.11/site-packages/airflow/example_dags/example_dataset_alias_with_no_taskflow.py took 0.102 seconds
[2024-11-13T20:10:49.781+1100] {processor.py:186} INFO - Started process (PID=68856) to work on /Users/yoonmoon/git/learn-airflow/airflow1/py_env/lib/python3.11/site-packages/airflow/example_dags/example_dataset_alias_with_no_taskflow.py
[2024-11-13T20:10:49.782+1100] {processor.py:914} INFO - Processing file /Users/yoonmoon/git/learn-airflow/airflow1/py_env/lib/python3.11/site-packages/airflow/example_dags/example_dataset_alias_with_no_taskflow.py for tasks to queue
[2024-11-13T20:10:49.782+1100] {logging_mixin.py:190} INFO - [2024-11-13T20:10:49.782+1100] {dagbag.py:588} INFO - Filling up the DagBag from /Users/yoonmoon/git/learn-airflow/airflow1/py_env/lib/python3.11/site-packages/airflow/example_dags/example_dataset_alias_with_no_taskflow.py
[2024-11-13T20:10:49.859+1100] {processor.py:925} INFO - DAG(s) 'dataset_s3_bucket_consumer_with_no_taskflow', 'dataset_alias_example_alias_consumer_with_no_taskflow', 'dataset_alias_example_alias_producer_with_no_taskflow', 'dataset_s3_bucket_producer_with_no_taskflow' retrieved from /Users/yoonmoon/git/learn-airflow/airflow1/py_env/lib/python3.11/site-packages/airflow/example_dags/example_dataset_alias_with_no_taskflow.py
[2024-11-13T20:10:49.867+1100] {logging_mixin.py:190} INFO - [2024-11-13T20:10:49.867+1100] {dag.py:3239} INFO - Sync 4 DAGs
[2024-11-13T20:10:49.874+1100] {logging_mixin.py:190} INFO - [2024-11-13T20:10:49.874+1100] {dag.py:4180} INFO - Setting next_dagrun for dataset_alias_example_alias_consumer_with_no_taskflow to None, run_after=None
[2024-11-13T20:10:49.875+1100] {logging_mixin.py:190} INFO - [2024-11-13T20:10:49.875+1100] {dag.py:4180} INFO - Setting next_dagrun for dataset_alias_example_alias_producer_with_no_taskflow to None, run_after=None
[2024-11-13T20:10:49.875+1100] {logging_mixin.py:190} INFO - [2024-11-13T20:10:49.875+1100] {dag.py:4180} INFO - Setting next_dagrun for dataset_s3_bucket_consumer_with_no_taskflow to None, run_after=None
[2024-11-13T20:10:49.875+1100] {logging_mixin.py:190} INFO - [2024-11-13T20:10:49.875+1100] {dag.py:4180} INFO - Setting next_dagrun for dataset_s3_bucket_producer_with_no_taskflow to None, run_after=None
[2024-11-13T20:10:49.883+1100] {processor.py:208} INFO - Processing /Users/yoonmoon/git/learn-airflow/airflow1/py_env/lib/python3.11/site-packages/airflow/example_dags/example_dataset_alias_with_no_taskflow.py took 0.104 seconds
[2024-11-13T20:13:04.079+1100] {processor.py:186} INFO - Started process (PID=69108) to work on /Users/yoonmoon/git/learn-airflow/airflow1/py_env/lib/python3.11/site-packages/airflow/example_dags/example_dataset_alias_with_no_taskflow.py
[2024-11-13T20:13:04.080+1100] {processor.py:914} INFO - Processing file /Users/yoonmoon/git/learn-airflow/airflow1/py_env/lib/python3.11/site-packages/airflow/example_dags/example_dataset_alias_with_no_taskflow.py for tasks to queue
[2024-11-13T20:13:04.081+1100] {logging_mixin.py:190} INFO - [2024-11-13T20:13:04.081+1100] {dagbag.py:588} INFO - Filling up the DagBag from /Users/yoonmoon/git/learn-airflow/airflow1/py_env/lib/python3.11/site-packages/airflow/example_dags/example_dataset_alias_with_no_taskflow.py
[2024-11-13T20:13:04.159+1100] {processor.py:925} INFO - DAG(s) 'dataset_alias_example_alias_producer_with_no_taskflow', 'dataset_alias_example_alias_consumer_with_no_taskflow', 'dataset_s3_bucket_producer_with_no_taskflow', 'dataset_s3_bucket_consumer_with_no_taskflow' retrieved from /Users/yoonmoon/git/learn-airflow/airflow1/py_env/lib/python3.11/site-packages/airflow/example_dags/example_dataset_alias_with_no_taskflow.py
[2024-11-13T20:13:04.167+1100] {logging_mixin.py:190} INFO - [2024-11-13T20:13:04.167+1100] {dag.py:3239} INFO - Sync 4 DAGs
[2024-11-13T20:13:04.173+1100] {logging_mixin.py:190} INFO - [2024-11-13T20:13:04.173+1100] {dag.py:4180} INFO - Setting next_dagrun for dataset_alias_example_alias_consumer_with_no_taskflow to None, run_after=None
[2024-11-13T20:13:04.174+1100] {logging_mixin.py:190} INFO - [2024-11-13T20:13:04.174+1100] {dag.py:4180} INFO - Setting next_dagrun for dataset_alias_example_alias_producer_with_no_taskflow to None, run_after=None
[2024-11-13T20:13:04.174+1100] {logging_mixin.py:190} INFO - [2024-11-13T20:13:04.174+1100] {dag.py:4180} INFO - Setting next_dagrun for dataset_s3_bucket_consumer_with_no_taskflow to None, run_after=None
[2024-11-13T20:13:04.175+1100] {logging_mixin.py:190} INFO - [2024-11-13T20:13:04.175+1100] {dag.py:4180} INFO - Setting next_dagrun for dataset_s3_bucket_producer_with_no_taskflow to None, run_after=None
[2024-11-13T20:13:04.181+1100] {processor.py:208} INFO - Processing /Users/yoonmoon/git/learn-airflow/airflow1/py_env/lib/python3.11/site-packages/airflow/example_dags/example_dataset_alias_with_no_taskflow.py took 0.105 seconds
[2024-11-13T20:15:22.897+1100] {processor.py:186} INFO - Started process (PID=69357) to work on /Users/yoonmoon/git/learn-airflow/airflow1/py_env/lib/python3.11/site-packages/airflow/example_dags/example_dataset_alias_with_no_taskflow.py
[2024-11-13T20:15:22.897+1100] {processor.py:914} INFO - Processing file /Users/yoonmoon/git/learn-airflow/airflow1/py_env/lib/python3.11/site-packages/airflow/example_dags/example_dataset_alias_with_no_taskflow.py for tasks to queue
[2024-11-13T20:15:22.898+1100] {logging_mixin.py:190} INFO - [2024-11-13T20:15:22.898+1100] {dagbag.py:588} INFO - Filling up the DagBag from /Users/yoonmoon/git/learn-airflow/airflow1/py_env/lib/python3.11/site-packages/airflow/example_dags/example_dataset_alias_with_no_taskflow.py
[2024-11-13T20:15:22.974+1100] {processor.py:925} INFO - DAG(s) 'dataset_s3_bucket_producer_with_no_taskflow', 'dataset_alias_example_alias_producer_with_no_taskflow', 'dataset_s3_bucket_consumer_with_no_taskflow', 'dataset_alias_example_alias_consumer_with_no_taskflow' retrieved from /Users/yoonmoon/git/learn-airflow/airflow1/py_env/lib/python3.11/site-packages/airflow/example_dags/example_dataset_alias_with_no_taskflow.py
[2024-11-13T20:15:22.982+1100] {logging_mixin.py:190} INFO - [2024-11-13T20:15:22.982+1100] {dag.py:3239} INFO - Sync 4 DAGs
[2024-11-13T20:15:22.989+1100] {logging_mixin.py:190} INFO - [2024-11-13T20:15:22.988+1100] {dag.py:4180} INFO - Setting next_dagrun for dataset_alias_example_alias_consumer_with_no_taskflow to None, run_after=None
[2024-11-13T20:15:22.989+1100] {logging_mixin.py:190} INFO - [2024-11-13T20:15:22.989+1100] {dag.py:4180} INFO - Setting next_dagrun for dataset_alias_example_alias_producer_with_no_taskflow to None, run_after=None
[2024-11-13T20:15:22.990+1100] {logging_mixin.py:190} INFO - [2024-11-13T20:15:22.990+1100] {dag.py:4180} INFO - Setting next_dagrun for dataset_s3_bucket_consumer_with_no_taskflow to None, run_after=None
[2024-11-13T20:15:22.990+1100] {logging_mixin.py:190} INFO - [2024-11-13T20:15:22.990+1100] {dag.py:4180} INFO - Setting next_dagrun for dataset_s3_bucket_producer_with_no_taskflow to None, run_after=None
[2024-11-13T20:15:22.997+1100] {processor.py:208} INFO - Processing /Users/yoonmoon/git/learn-airflow/airflow1/py_env/lib/python3.11/site-packages/airflow/example_dags/example_dataset_alias_with_no_taskflow.py took 0.103 seconds
[2024-11-13T20:17:39.789+1100] {processor.py:186} INFO - Started process (PID=69608) to work on /Users/yoonmoon/git/learn-airflow/airflow1/py_env/lib/python3.11/site-packages/airflow/example_dags/example_dataset_alias_with_no_taskflow.py
[2024-11-13T20:17:39.790+1100] {processor.py:914} INFO - Processing file /Users/yoonmoon/git/learn-airflow/airflow1/py_env/lib/python3.11/site-packages/airflow/example_dags/example_dataset_alias_with_no_taskflow.py for tasks to queue
[2024-11-13T20:17:39.791+1100] {logging_mixin.py:190} INFO - [2024-11-13T20:17:39.791+1100] {dagbag.py:588} INFO - Filling up the DagBag from /Users/yoonmoon/git/learn-airflow/airflow1/py_env/lib/python3.11/site-packages/airflow/example_dags/example_dataset_alias_with_no_taskflow.py
[2024-11-13T20:17:39.872+1100] {processor.py:925} INFO - DAG(s) 'dataset_s3_bucket_producer_with_no_taskflow', 'dataset_s3_bucket_consumer_with_no_taskflow', 'dataset_alias_example_alias_consumer_with_no_taskflow', 'dataset_alias_example_alias_producer_with_no_taskflow' retrieved from /Users/yoonmoon/git/learn-airflow/airflow1/py_env/lib/python3.11/site-packages/airflow/example_dags/example_dataset_alias_with_no_taskflow.py
[2024-11-13T20:17:39.881+1100] {logging_mixin.py:190} INFO - [2024-11-13T20:17:39.880+1100] {dag.py:3239} INFO - Sync 4 DAGs
[2024-11-13T20:17:39.887+1100] {logging_mixin.py:190} INFO - [2024-11-13T20:17:39.887+1100] {dag.py:4180} INFO - Setting next_dagrun for dataset_alias_example_alias_consumer_with_no_taskflow to None, run_after=None
[2024-11-13T20:17:39.887+1100] {logging_mixin.py:190} INFO - [2024-11-13T20:17:39.887+1100] {dag.py:4180} INFO - Setting next_dagrun for dataset_alias_example_alias_producer_with_no_taskflow to None, run_after=None
[2024-11-13T20:17:39.888+1100] {logging_mixin.py:190} INFO - [2024-11-13T20:17:39.888+1100] {dag.py:4180} INFO - Setting next_dagrun for dataset_s3_bucket_consumer_with_no_taskflow to None, run_after=None
[2024-11-13T20:17:39.888+1100] {logging_mixin.py:190} INFO - [2024-11-13T20:17:39.888+1100] {dag.py:4180} INFO - Setting next_dagrun for dataset_s3_bucket_producer_with_no_taskflow to None, run_after=None
[2024-11-13T20:17:39.894+1100] {processor.py:208} INFO - Processing /Users/yoonmoon/git/learn-airflow/airflow1/py_env/lib/python3.11/site-packages/airflow/example_dags/example_dataset_alias_with_no_taskflow.py took 0.108 seconds
[2024-11-13T20:20:01.094+1100] {processor.py:186} INFO - Started process (PID=69936) to work on /Users/yoonmoon/git/learn-airflow/airflow1/py_env/lib/python3.11/site-packages/airflow/example_dags/example_dataset_alias_with_no_taskflow.py
[2024-11-13T20:20:01.096+1100] {processor.py:914} INFO - Processing file /Users/yoonmoon/git/learn-airflow/airflow1/py_env/lib/python3.11/site-packages/airflow/example_dags/example_dataset_alias_with_no_taskflow.py for tasks to queue
[2024-11-13T20:20:01.096+1100] {logging_mixin.py:190} INFO - [2024-11-13T20:20:01.096+1100] {dagbag.py:588} INFO - Filling up the DagBag from /Users/yoonmoon/git/learn-airflow/airflow1/py_env/lib/python3.11/site-packages/airflow/example_dags/example_dataset_alias_with_no_taskflow.py
[2024-11-13T20:20:01.175+1100] {processor.py:925} INFO - DAG(s) 'dataset_s3_bucket_producer_with_no_taskflow', 'dataset_s3_bucket_consumer_with_no_taskflow', 'dataset_alias_example_alias_producer_with_no_taskflow', 'dataset_alias_example_alias_consumer_with_no_taskflow' retrieved from /Users/yoonmoon/git/learn-airflow/airflow1/py_env/lib/python3.11/site-packages/airflow/example_dags/example_dataset_alias_with_no_taskflow.py
[2024-11-13T20:20:01.184+1100] {logging_mixin.py:190} INFO - [2024-11-13T20:20:01.183+1100] {dag.py:3239} INFO - Sync 4 DAGs
[2024-11-13T20:20:01.190+1100] {logging_mixin.py:190} INFO - [2024-11-13T20:20:01.190+1100] {dag.py:4180} INFO - Setting next_dagrun for dataset_alias_example_alias_consumer_with_no_taskflow to None, run_after=None
[2024-11-13T20:20:01.190+1100] {logging_mixin.py:190} INFO - [2024-11-13T20:20:01.190+1100] {dag.py:4180} INFO - Setting next_dagrun for dataset_alias_example_alias_producer_with_no_taskflow to None, run_after=None
[2024-11-13T20:20:01.191+1100] {logging_mixin.py:190} INFO - [2024-11-13T20:20:01.191+1100] {dag.py:4180} INFO - Setting next_dagrun for dataset_s3_bucket_consumer_with_no_taskflow to None, run_after=None
[2024-11-13T20:20:01.191+1100] {logging_mixin.py:190} INFO - [2024-11-13T20:20:01.191+1100] {dag.py:4180} INFO - Setting next_dagrun for dataset_s3_bucket_producer_with_no_taskflow to None, run_after=None
[2024-11-13T20:20:01.198+1100] {processor.py:208} INFO - Processing /Users/yoonmoon/git/learn-airflow/airflow1/py_env/lib/python3.11/site-packages/airflow/example_dags/example_dataset_alias_with_no_taskflow.py took 0.106 seconds
[2024-11-13T20:22:17.987+1100] {processor.py:186} INFO - Started process (PID=70252) to work on /Users/yoonmoon/git/learn-airflow/airflow1/py_env/lib/python3.11/site-packages/airflow/example_dags/example_dataset_alias_with_no_taskflow.py
[2024-11-13T20:22:17.991+1100] {processor.py:914} INFO - Processing file /Users/yoonmoon/git/learn-airflow/airflow1/py_env/lib/python3.11/site-packages/airflow/example_dags/example_dataset_alias_with_no_taskflow.py for tasks to queue
[2024-11-13T20:22:17.992+1100] {logging_mixin.py:190} INFO - [2024-11-13T20:22:17.992+1100] {dagbag.py:588} INFO - Filling up the DagBag from /Users/yoonmoon/git/learn-airflow/airflow1/py_env/lib/python3.11/site-packages/airflow/example_dags/example_dataset_alias_with_no_taskflow.py
[2024-11-13T20:22:18.089+1100] {processor.py:925} INFO - DAG(s) 'dataset_alias_example_alias_consumer_with_no_taskflow', 'dataset_s3_bucket_consumer_with_no_taskflow', 'dataset_s3_bucket_producer_with_no_taskflow', 'dataset_alias_example_alias_producer_with_no_taskflow' retrieved from /Users/yoonmoon/git/learn-airflow/airflow1/py_env/lib/python3.11/site-packages/airflow/example_dags/example_dataset_alias_with_no_taskflow.py
[2024-11-13T20:22:18.098+1100] {logging_mixin.py:190} INFO - [2024-11-13T20:22:18.098+1100] {dag.py:3239} INFO - Sync 4 DAGs
[2024-11-13T20:22:18.105+1100] {logging_mixin.py:190} INFO - [2024-11-13T20:22:18.105+1100] {dag.py:4180} INFO - Setting next_dagrun for dataset_alias_example_alias_consumer_with_no_taskflow to None, run_after=None
[2024-11-13T20:22:18.106+1100] {logging_mixin.py:190} INFO - [2024-11-13T20:22:18.106+1100] {dag.py:4180} INFO - Setting next_dagrun for dataset_alias_example_alias_producer_with_no_taskflow to None, run_after=None
[2024-11-13T20:22:18.106+1100] {logging_mixin.py:190} INFO - [2024-11-13T20:22:18.106+1100] {dag.py:4180} INFO - Setting next_dagrun for dataset_s3_bucket_consumer_with_no_taskflow to None, run_after=None
[2024-11-13T20:22:18.107+1100] {logging_mixin.py:190} INFO - [2024-11-13T20:22:18.107+1100] {dag.py:4180} INFO - Setting next_dagrun for dataset_s3_bucket_producer_with_no_taskflow to None, run_after=None
[2024-11-13T20:22:18.116+1100] {processor.py:208} INFO - Processing /Users/yoonmoon/git/learn-airflow/airflow1/py_env/lib/python3.11/site-packages/airflow/example_dags/example_dataset_alias_with_no_taskflow.py took 0.131 seconds
[2024-11-13T20:24:30.425+1100] {processor.py:186} INFO - Started process (PID=70507) to work on /Users/yoonmoon/git/learn-airflow/airflow1/py_env/lib/python3.11/site-packages/airflow/example_dags/example_dataset_alias_with_no_taskflow.py
[2024-11-13T20:24:30.427+1100] {processor.py:914} INFO - Processing file /Users/yoonmoon/git/learn-airflow/airflow1/py_env/lib/python3.11/site-packages/airflow/example_dags/example_dataset_alias_with_no_taskflow.py for tasks to queue
[2024-11-13T20:24:30.427+1100] {logging_mixin.py:190} INFO - [2024-11-13T20:24:30.427+1100] {dagbag.py:588} INFO - Filling up the DagBag from /Users/yoonmoon/git/learn-airflow/airflow1/py_env/lib/python3.11/site-packages/airflow/example_dags/example_dataset_alias_with_no_taskflow.py
[2024-11-13T20:24:30.501+1100] {processor.py:925} INFO - DAG(s) 'dataset_s3_bucket_consumer_with_no_taskflow', 'dataset_alias_example_alias_consumer_with_no_taskflow', 'dataset_alias_example_alias_producer_with_no_taskflow', 'dataset_s3_bucket_producer_with_no_taskflow' retrieved from /Users/yoonmoon/git/learn-airflow/airflow1/py_env/lib/python3.11/site-packages/airflow/example_dags/example_dataset_alias_with_no_taskflow.py
[2024-11-13T20:24:30.509+1100] {logging_mixin.py:190} INFO - [2024-11-13T20:24:30.508+1100] {dag.py:3239} INFO - Sync 4 DAGs
[2024-11-13T20:24:30.515+1100] {logging_mixin.py:190} INFO - [2024-11-13T20:24:30.515+1100] {dag.py:4180} INFO - Setting next_dagrun for dataset_alias_example_alias_consumer_with_no_taskflow to None, run_after=None
[2024-11-13T20:24:30.516+1100] {logging_mixin.py:190} INFO - [2024-11-13T20:24:30.515+1100] {dag.py:4180} INFO - Setting next_dagrun for dataset_alias_example_alias_producer_with_no_taskflow to None, run_after=None
[2024-11-13T20:24:30.516+1100] {logging_mixin.py:190} INFO - [2024-11-13T20:24:30.516+1100] {dag.py:4180} INFO - Setting next_dagrun for dataset_s3_bucket_consumer_with_no_taskflow to None, run_after=None
[2024-11-13T20:24:30.516+1100] {logging_mixin.py:190} INFO - [2024-11-13T20:24:30.516+1100] {dag.py:4180} INFO - Setting next_dagrun for dataset_s3_bucket_producer_with_no_taskflow to None, run_after=None
[2024-11-13T20:24:30.523+1100] {processor.py:208} INFO - Processing /Users/yoonmoon/git/learn-airflow/airflow1/py_env/lib/python3.11/site-packages/airflow/example_dags/example_dataset_alias_with_no_taskflow.py took 0.099 seconds
[2024-11-13T20:26:46.722+1100] {processor.py:186} INFO - Started process (PID=70784) to work on /Users/yoonmoon/git/learn-airflow/airflow1/py_env/lib/python3.11/site-packages/airflow/example_dags/example_dataset_alias_with_no_taskflow.py
[2024-11-13T20:26:46.725+1100] {processor.py:914} INFO - Processing file /Users/yoonmoon/git/learn-airflow/airflow1/py_env/lib/python3.11/site-packages/airflow/example_dags/example_dataset_alias_with_no_taskflow.py for tasks to queue
[2024-11-13T20:26:46.725+1100] {logging_mixin.py:190} INFO - [2024-11-13T20:26:46.725+1100] {dagbag.py:588} INFO - Filling up the DagBag from /Users/yoonmoon/git/learn-airflow/airflow1/py_env/lib/python3.11/site-packages/airflow/example_dags/example_dataset_alias_with_no_taskflow.py
[2024-11-13T20:26:46.802+1100] {processor.py:925} INFO - DAG(s) 'dataset_alias_example_alias_consumer_with_no_taskflow', 'dataset_s3_bucket_consumer_with_no_taskflow', 'dataset_alias_example_alias_producer_with_no_taskflow', 'dataset_s3_bucket_producer_with_no_taskflow' retrieved from /Users/yoonmoon/git/learn-airflow/airflow1/py_env/lib/python3.11/site-packages/airflow/example_dags/example_dataset_alias_with_no_taskflow.py
[2024-11-13T20:26:46.810+1100] {logging_mixin.py:190} INFO - [2024-11-13T20:26:46.810+1100] {dag.py:3239} INFO - Sync 4 DAGs
[2024-11-13T20:26:46.816+1100] {logging_mixin.py:190} INFO - [2024-11-13T20:26:46.816+1100] {dag.py:4180} INFO - Setting next_dagrun for dataset_alias_example_alias_consumer_with_no_taskflow to None, run_after=None
[2024-11-13T20:26:46.817+1100] {logging_mixin.py:190} INFO - [2024-11-13T20:26:46.816+1100] {dag.py:4180} INFO - Setting next_dagrun for dataset_alias_example_alias_producer_with_no_taskflow to None, run_after=None
[2024-11-13T20:26:46.817+1100] {logging_mixin.py:190} INFO - [2024-11-13T20:26:46.817+1100] {dag.py:4180} INFO - Setting next_dagrun for dataset_s3_bucket_consumer_with_no_taskflow to None, run_after=None
[2024-11-13T20:26:46.817+1100] {logging_mixin.py:190} INFO - [2024-11-13T20:26:46.817+1100] {dag.py:4180} INFO - Setting next_dagrun for dataset_s3_bucket_producer_with_no_taskflow to None, run_after=None
[2024-11-13T20:26:46.824+1100] {processor.py:208} INFO - Processing /Users/yoonmoon/git/learn-airflow/airflow1/py_env/lib/python3.11/site-packages/airflow/example_dags/example_dataset_alias_with_no_taskflow.py took 0.104 seconds
[2024-11-13T20:29:02.702+1100] {processor.py:186} INFO - Started process (PID=71062) to work on /Users/yoonmoon/git/learn-airflow/airflow1/py_env/lib/python3.11/site-packages/airflow/example_dags/example_dataset_alias_with_no_taskflow.py
[2024-11-13T20:29:02.704+1100] {processor.py:914} INFO - Processing file /Users/yoonmoon/git/learn-airflow/airflow1/py_env/lib/python3.11/site-packages/airflow/example_dags/example_dataset_alias_with_no_taskflow.py for tasks to queue
[2024-11-13T20:29:02.704+1100] {logging_mixin.py:190} INFO - [2024-11-13T20:29:02.704+1100] {dagbag.py:588} INFO - Filling up the DagBag from /Users/yoonmoon/git/learn-airflow/airflow1/py_env/lib/python3.11/site-packages/airflow/example_dags/example_dataset_alias_with_no_taskflow.py
[2024-11-13T20:29:02.780+1100] {processor.py:925} INFO - DAG(s) 'dataset_s3_bucket_consumer_with_no_taskflow', 'dataset_alias_example_alias_producer_with_no_taskflow', 'dataset_alias_example_alias_consumer_with_no_taskflow', 'dataset_s3_bucket_producer_with_no_taskflow' retrieved from /Users/yoonmoon/git/learn-airflow/airflow1/py_env/lib/python3.11/site-packages/airflow/example_dags/example_dataset_alias_with_no_taskflow.py
[2024-11-13T20:29:02.788+1100] {logging_mixin.py:190} INFO - [2024-11-13T20:29:02.787+1100] {dag.py:3239} INFO - Sync 4 DAGs
[2024-11-13T20:29:02.794+1100] {logging_mixin.py:190} INFO - [2024-11-13T20:29:02.794+1100] {dag.py:4180} INFO - Setting next_dagrun for dataset_alias_example_alias_consumer_with_no_taskflow to None, run_after=None
[2024-11-13T20:29:02.794+1100] {logging_mixin.py:190} INFO - [2024-11-13T20:29:02.794+1100] {dag.py:4180} INFO - Setting next_dagrun for dataset_alias_example_alias_producer_with_no_taskflow to None, run_after=None
[2024-11-13T20:29:02.795+1100] {logging_mixin.py:190} INFO - [2024-11-13T20:29:02.795+1100] {dag.py:4180} INFO - Setting next_dagrun for dataset_s3_bucket_consumer_with_no_taskflow to None, run_after=None
[2024-11-13T20:29:02.795+1100] {logging_mixin.py:190} INFO - [2024-11-13T20:29:02.795+1100] {dag.py:4180} INFO - Setting next_dagrun for dataset_s3_bucket_producer_with_no_taskflow to None, run_after=None
[2024-11-13T20:29:02.801+1100] {processor.py:208} INFO - Processing /Users/yoonmoon/git/learn-airflow/airflow1/py_env/lib/python3.11/site-packages/airflow/example_dags/example_dataset_alias_with_no_taskflow.py took 0.101 seconds
[2024-11-13T20:31:20.161+1100] {processor.py:186} INFO - Started process (PID=71311) to work on /Users/yoonmoon/git/learn-airflow/airflow1/py_env/lib/python3.11/site-packages/airflow/example_dags/example_dataset_alias_with_no_taskflow.py
[2024-11-13T20:31:20.161+1100] {processor.py:914} INFO - Processing file /Users/yoonmoon/git/learn-airflow/airflow1/py_env/lib/python3.11/site-packages/airflow/example_dags/example_dataset_alias_with_no_taskflow.py for tasks to queue
[2024-11-13T20:31:20.162+1100] {logging_mixin.py:190} INFO - [2024-11-13T20:31:20.162+1100] {dagbag.py:588} INFO - Filling up the DagBag from /Users/yoonmoon/git/learn-airflow/airflow1/py_env/lib/python3.11/site-packages/airflow/example_dags/example_dataset_alias_with_no_taskflow.py
[2024-11-13T20:31:20.236+1100] {processor.py:925} INFO - DAG(s) 'dataset_s3_bucket_consumer_with_no_taskflow', 'dataset_alias_example_alias_consumer_with_no_taskflow', 'dataset_alias_example_alias_producer_with_no_taskflow', 'dataset_s3_bucket_producer_with_no_taskflow' retrieved from /Users/yoonmoon/git/learn-airflow/airflow1/py_env/lib/python3.11/site-packages/airflow/example_dags/example_dataset_alias_with_no_taskflow.py
[2024-11-13T20:31:20.244+1100] {logging_mixin.py:190} INFO - [2024-11-13T20:31:20.244+1100] {dag.py:3239} INFO - Sync 4 DAGs
[2024-11-13T20:31:20.250+1100] {logging_mixin.py:190} INFO - [2024-11-13T20:31:20.250+1100] {dag.py:4180} INFO - Setting next_dagrun for dataset_alias_example_alias_consumer_with_no_taskflow to None, run_after=None
[2024-11-13T20:31:20.251+1100] {logging_mixin.py:190} INFO - [2024-11-13T20:31:20.251+1100] {dag.py:4180} INFO - Setting next_dagrun for dataset_alias_example_alias_producer_with_no_taskflow to None, run_after=None
[2024-11-13T20:31:20.251+1100] {logging_mixin.py:190} INFO - [2024-11-13T20:31:20.251+1100] {dag.py:4180} INFO - Setting next_dagrun for dataset_s3_bucket_consumer_with_no_taskflow to None, run_after=None
[2024-11-13T20:31:20.251+1100] {logging_mixin.py:190} INFO - [2024-11-13T20:31:20.251+1100] {dag.py:4180} INFO - Setting next_dagrun for dataset_s3_bucket_producer_with_no_taskflow to None, run_after=None
[2024-11-13T20:31:20.258+1100] {processor.py:208} INFO - Processing /Users/yoonmoon/git/learn-airflow/airflow1/py_env/lib/python3.11/site-packages/airflow/example_dags/example_dataset_alias_with_no_taskflow.py took 0.100 seconds
[2024-11-13T20:33:42.991+1100] {processor.py:186} INFO - Started process (PID=71569) to work on /Users/yoonmoon/git/learn-airflow/airflow1/py_env/lib/python3.11/site-packages/airflow/example_dags/example_dataset_alias_with_no_taskflow.py
[2024-11-13T20:33:42.991+1100] {processor.py:914} INFO - Processing file /Users/yoonmoon/git/learn-airflow/airflow1/py_env/lib/python3.11/site-packages/airflow/example_dags/example_dataset_alias_with_no_taskflow.py for tasks to queue
[2024-11-13T20:33:42.992+1100] {logging_mixin.py:190} INFO - [2024-11-13T20:33:42.992+1100] {dagbag.py:588} INFO - Filling up the DagBag from /Users/yoonmoon/git/learn-airflow/airflow1/py_env/lib/python3.11/site-packages/airflow/example_dags/example_dataset_alias_with_no_taskflow.py
[2024-11-13T20:33:43.067+1100] {processor.py:925} INFO - DAG(s) 'dataset_alias_example_alias_consumer_with_no_taskflow', 'dataset_s3_bucket_consumer_with_no_taskflow', 'dataset_s3_bucket_producer_with_no_taskflow', 'dataset_alias_example_alias_producer_with_no_taskflow' retrieved from /Users/yoonmoon/git/learn-airflow/airflow1/py_env/lib/python3.11/site-packages/airflow/example_dags/example_dataset_alias_with_no_taskflow.py
[2024-11-13T20:33:43.075+1100] {logging_mixin.py:190} INFO - [2024-11-13T20:33:43.075+1100] {dag.py:3239} INFO - Sync 4 DAGs
[2024-11-13T20:33:43.081+1100] {logging_mixin.py:190} INFO - [2024-11-13T20:33:43.081+1100] {dag.py:4180} INFO - Setting next_dagrun for dataset_alias_example_alias_consumer_with_no_taskflow to None, run_after=None
[2024-11-13T20:33:43.082+1100] {logging_mixin.py:190} INFO - [2024-11-13T20:33:43.082+1100] {dag.py:4180} INFO - Setting next_dagrun for dataset_alias_example_alias_producer_with_no_taskflow to None, run_after=None
[2024-11-13T20:33:43.082+1100] {logging_mixin.py:190} INFO - [2024-11-13T20:33:43.082+1100] {dag.py:4180} INFO - Setting next_dagrun for dataset_s3_bucket_consumer_with_no_taskflow to None, run_after=None
[2024-11-13T20:33:43.082+1100] {logging_mixin.py:190} INFO - [2024-11-13T20:33:43.082+1100] {dag.py:4180} INFO - Setting next_dagrun for dataset_s3_bucket_producer_with_no_taskflow to None, run_after=None
[2024-11-13T20:33:43.089+1100] {processor.py:208} INFO - Processing /Users/yoonmoon/git/learn-airflow/airflow1/py_env/lib/python3.11/site-packages/airflow/example_dags/example_dataset_alias_with_no_taskflow.py took 0.101 seconds
[2024-11-13T20:36:02.739+1100] {processor.py:186} INFO - Started process (PID=71839) to work on /Users/yoonmoon/git/learn-airflow/airflow1/py_env/lib/python3.11/site-packages/airflow/example_dags/example_dataset_alias_with_no_taskflow.py
[2024-11-13T20:36:02.740+1100] {processor.py:914} INFO - Processing file /Users/yoonmoon/git/learn-airflow/airflow1/py_env/lib/python3.11/site-packages/airflow/example_dags/example_dataset_alias_with_no_taskflow.py for tasks to queue
[2024-11-13T20:36:02.741+1100] {logging_mixin.py:190} INFO - [2024-11-13T20:36:02.740+1100] {dagbag.py:588} INFO - Filling up the DagBag from /Users/yoonmoon/git/learn-airflow/airflow1/py_env/lib/python3.11/site-packages/airflow/example_dags/example_dataset_alias_with_no_taskflow.py
[2024-11-13T20:36:02.819+1100] {processor.py:925} INFO - DAG(s) 'dataset_alias_example_alias_consumer_with_no_taskflow', 'dataset_alias_example_alias_producer_with_no_taskflow', 'dataset_s3_bucket_consumer_with_no_taskflow', 'dataset_s3_bucket_producer_with_no_taskflow' retrieved from /Users/yoonmoon/git/learn-airflow/airflow1/py_env/lib/python3.11/site-packages/airflow/example_dags/example_dataset_alias_with_no_taskflow.py
[2024-11-13T20:36:02.827+1100] {logging_mixin.py:190} INFO - [2024-11-13T20:36:02.827+1100] {dag.py:3239} INFO - Sync 4 DAGs
[2024-11-13T20:36:02.833+1100] {logging_mixin.py:190} INFO - [2024-11-13T20:36:02.833+1100] {dag.py:4180} INFO - Setting next_dagrun for dataset_alias_example_alias_consumer_with_no_taskflow to None, run_after=None
[2024-11-13T20:36:02.834+1100] {logging_mixin.py:190} INFO - [2024-11-13T20:36:02.834+1100] {dag.py:4180} INFO - Setting next_dagrun for dataset_alias_example_alias_producer_with_no_taskflow to None, run_after=None
[2024-11-13T20:36:02.834+1100] {logging_mixin.py:190} INFO - [2024-11-13T20:36:02.834+1100] {dag.py:4180} INFO - Setting next_dagrun for dataset_s3_bucket_consumer_with_no_taskflow to None, run_after=None
[2024-11-13T20:36:02.834+1100] {logging_mixin.py:190} INFO - [2024-11-13T20:36:02.834+1100] {dag.py:4180} INFO - Setting next_dagrun for dataset_s3_bucket_producer_with_no_taskflow to None, run_after=None
[2024-11-13T20:36:02.841+1100] {processor.py:208} INFO - Processing /Users/yoonmoon/git/learn-airflow/airflow1/py_env/lib/python3.11/site-packages/airflow/example_dags/example_dataset_alias_with_no_taskflow.py took 0.104 seconds
[2024-11-13T20:38:20.031+1100] {processor.py:186} INFO - Started process (PID=72140) to work on /Users/yoonmoon/git/learn-airflow/airflow1/py_env/lib/python3.11/site-packages/airflow/example_dags/example_dataset_alias_with_no_taskflow.py
[2024-11-13T20:38:20.032+1100] {processor.py:914} INFO - Processing file /Users/yoonmoon/git/learn-airflow/airflow1/py_env/lib/python3.11/site-packages/airflow/example_dags/example_dataset_alias_with_no_taskflow.py for tasks to queue
[2024-11-13T20:38:20.033+1100] {logging_mixin.py:190} INFO - [2024-11-13T20:38:20.033+1100] {dagbag.py:588} INFO - Filling up the DagBag from /Users/yoonmoon/git/learn-airflow/airflow1/py_env/lib/python3.11/site-packages/airflow/example_dags/example_dataset_alias_with_no_taskflow.py
[2024-11-13T20:38:20.110+1100] {processor.py:925} INFO - DAG(s) 'dataset_alias_example_alias_consumer_with_no_taskflow', 'dataset_s3_bucket_producer_with_no_taskflow', 'dataset_s3_bucket_consumer_with_no_taskflow', 'dataset_alias_example_alias_producer_with_no_taskflow' retrieved from /Users/yoonmoon/git/learn-airflow/airflow1/py_env/lib/python3.11/site-packages/airflow/example_dags/example_dataset_alias_with_no_taskflow.py
[2024-11-13T20:38:20.117+1100] {logging_mixin.py:190} INFO - [2024-11-13T20:38:20.117+1100] {dag.py:3239} INFO - Sync 4 DAGs
[2024-11-13T20:38:20.124+1100] {logging_mixin.py:190} INFO - [2024-11-13T20:38:20.124+1100] {dag.py:4180} INFO - Setting next_dagrun for dataset_alias_example_alias_consumer_with_no_taskflow to None, run_after=None
[2024-11-13T20:38:20.124+1100] {logging_mixin.py:190} INFO - [2024-11-13T20:38:20.124+1100] {dag.py:4180} INFO - Setting next_dagrun for dataset_alias_example_alias_producer_with_no_taskflow to None, run_after=None
[2024-11-13T20:38:20.125+1100] {logging_mixin.py:190} INFO - [2024-11-13T20:38:20.125+1100] {dag.py:4180} INFO - Setting next_dagrun for dataset_s3_bucket_consumer_with_no_taskflow to None, run_after=None
[2024-11-13T20:38:20.125+1100] {logging_mixin.py:190} INFO - [2024-11-13T20:38:20.125+1100] {dag.py:4180} INFO - Setting next_dagrun for dataset_s3_bucket_producer_with_no_taskflow to None, run_after=None
[2024-11-13T20:38:20.132+1100] {processor.py:208} INFO - Processing /Users/yoonmoon/git/learn-airflow/airflow1/py_env/lib/python3.11/site-packages/airflow/example_dags/example_dataset_alias_with_no_taskflow.py took 0.103 seconds
[2024-11-13T20:40:39.515+1100] {processor.py:186} INFO - Started process (PID=72396) to work on /Users/yoonmoon/git/learn-airflow/airflow1/py_env/lib/python3.11/site-packages/airflow/example_dags/example_dataset_alias_with_no_taskflow.py
[2024-11-13T20:40:39.517+1100] {processor.py:914} INFO - Processing file /Users/yoonmoon/git/learn-airflow/airflow1/py_env/lib/python3.11/site-packages/airflow/example_dags/example_dataset_alias_with_no_taskflow.py for tasks to queue
[2024-11-13T20:40:39.517+1100] {logging_mixin.py:190} INFO - [2024-11-13T20:40:39.517+1100] {dagbag.py:588} INFO - Filling up the DagBag from /Users/yoonmoon/git/learn-airflow/airflow1/py_env/lib/python3.11/site-packages/airflow/example_dags/example_dataset_alias_with_no_taskflow.py
[2024-11-13T20:40:39.592+1100] {processor.py:925} INFO - DAG(s) 'dataset_s3_bucket_consumer_with_no_taskflow', 'dataset_alias_example_alias_producer_with_no_taskflow', 'dataset_alias_example_alias_consumer_with_no_taskflow', 'dataset_s3_bucket_producer_with_no_taskflow' retrieved from /Users/yoonmoon/git/learn-airflow/airflow1/py_env/lib/python3.11/site-packages/airflow/example_dags/example_dataset_alias_with_no_taskflow.py
[2024-11-13T20:40:39.600+1100] {logging_mixin.py:190} INFO - [2024-11-13T20:40:39.600+1100] {dag.py:3239} INFO - Sync 4 DAGs
[2024-11-13T20:40:39.606+1100] {logging_mixin.py:190} INFO - [2024-11-13T20:40:39.606+1100] {dag.py:4180} INFO - Setting next_dagrun for dataset_alias_example_alias_consumer_with_no_taskflow to None, run_after=None
[2024-11-13T20:40:39.607+1100] {logging_mixin.py:190} INFO - [2024-11-13T20:40:39.607+1100] {dag.py:4180} INFO - Setting next_dagrun for dataset_alias_example_alias_producer_with_no_taskflow to None, run_after=None
[2024-11-13T20:40:39.607+1100] {logging_mixin.py:190} INFO - [2024-11-13T20:40:39.607+1100] {dag.py:4180} INFO - Setting next_dagrun for dataset_s3_bucket_consumer_with_no_taskflow to None, run_after=None
[2024-11-13T20:40:39.608+1100] {logging_mixin.py:190} INFO - [2024-11-13T20:40:39.608+1100] {dag.py:4180} INFO - Setting next_dagrun for dataset_s3_bucket_producer_with_no_taskflow to None, run_after=None
[2024-11-13T20:40:39.614+1100] {processor.py:208} INFO - Processing /Users/yoonmoon/git/learn-airflow/airflow1/py_env/lib/python3.11/site-packages/airflow/example_dags/example_dataset_alias_with_no_taskflow.py took 0.101 seconds
[2024-11-13T20:43:00.047+1100] {processor.py:186} INFO - Started process (PID=72658) to work on /Users/yoonmoon/git/learn-airflow/airflow1/py_env/lib/python3.11/site-packages/airflow/example_dags/example_dataset_alias_with_no_taskflow.py
[2024-11-13T20:43:00.049+1100] {processor.py:914} INFO - Processing file /Users/yoonmoon/git/learn-airflow/airflow1/py_env/lib/python3.11/site-packages/airflow/example_dags/example_dataset_alias_with_no_taskflow.py for tasks to queue
[2024-11-13T20:43:00.049+1100] {logging_mixin.py:190} INFO - [2024-11-13T20:43:00.049+1100] {dagbag.py:588} INFO - Filling up the DagBag from /Users/yoonmoon/git/learn-airflow/airflow1/py_env/lib/python3.11/site-packages/airflow/example_dags/example_dataset_alias_with_no_taskflow.py
[2024-11-13T20:43:00.123+1100] {processor.py:925} INFO - DAG(s) 'dataset_alias_example_alias_consumer_with_no_taskflow', 'dataset_alias_example_alias_producer_with_no_taskflow', 'dataset_s3_bucket_consumer_with_no_taskflow', 'dataset_s3_bucket_producer_with_no_taskflow' retrieved from /Users/yoonmoon/git/learn-airflow/airflow1/py_env/lib/python3.11/site-packages/airflow/example_dags/example_dataset_alias_with_no_taskflow.py
[2024-11-13T20:43:00.131+1100] {logging_mixin.py:190} INFO - [2024-11-13T20:43:00.130+1100] {dag.py:3239} INFO - Sync 4 DAGs
[2024-11-13T20:43:00.137+1100] {logging_mixin.py:190} INFO - [2024-11-13T20:43:00.137+1100] {dag.py:4180} INFO - Setting next_dagrun for dataset_alias_example_alias_consumer_with_no_taskflow to None, run_after=None
[2024-11-13T20:43:00.137+1100] {logging_mixin.py:190} INFO - [2024-11-13T20:43:00.137+1100] {dag.py:4180} INFO - Setting next_dagrun for dataset_alias_example_alias_producer_with_no_taskflow to None, run_after=None
[2024-11-13T20:43:00.138+1100] {logging_mixin.py:190} INFO - [2024-11-13T20:43:00.138+1100] {dag.py:4180} INFO - Setting next_dagrun for dataset_s3_bucket_consumer_with_no_taskflow to None, run_after=None
[2024-11-13T20:43:00.138+1100] {logging_mixin.py:190} INFO - [2024-11-13T20:43:00.138+1100] {dag.py:4180} INFO - Setting next_dagrun for dataset_s3_bucket_producer_with_no_taskflow to None, run_after=None
[2024-11-13T20:43:00.145+1100] {processor.py:208} INFO - Processing /Users/yoonmoon/git/learn-airflow/airflow1/py_env/lib/python3.11/site-packages/airflow/example_dags/example_dataset_alias_with_no_taskflow.py took 0.100 seconds
[2024-11-13T20:45:19.124+1100] {processor.py:186} INFO - Started process (PID=72931) to work on /Users/yoonmoon/git/learn-airflow/airflow1/py_env/lib/python3.11/site-packages/airflow/example_dags/example_dataset_alias_with_no_taskflow.py
[2024-11-13T20:45:19.125+1100] {processor.py:914} INFO - Processing file /Users/yoonmoon/git/learn-airflow/airflow1/py_env/lib/python3.11/site-packages/airflow/example_dags/example_dataset_alias_with_no_taskflow.py for tasks to queue
[2024-11-13T20:45:19.126+1100] {logging_mixin.py:190} INFO - [2024-11-13T20:45:19.126+1100] {dagbag.py:588} INFO - Filling up the DagBag from /Users/yoonmoon/git/learn-airflow/airflow1/py_env/lib/python3.11/site-packages/airflow/example_dags/example_dataset_alias_with_no_taskflow.py
[2024-11-13T20:45:19.203+1100] {processor.py:925} INFO - DAG(s) 'dataset_alias_example_alias_consumer_with_no_taskflow', 'dataset_s3_bucket_consumer_with_no_taskflow', 'dataset_s3_bucket_producer_with_no_taskflow', 'dataset_alias_example_alias_producer_with_no_taskflow' retrieved from /Users/yoonmoon/git/learn-airflow/airflow1/py_env/lib/python3.11/site-packages/airflow/example_dags/example_dataset_alias_with_no_taskflow.py
[2024-11-13T20:45:19.210+1100] {logging_mixin.py:190} INFO - [2024-11-13T20:45:19.210+1100] {dag.py:3239} INFO - Sync 4 DAGs
[2024-11-13T20:45:19.217+1100] {logging_mixin.py:190} INFO - [2024-11-13T20:45:19.217+1100] {dag.py:4180} INFO - Setting next_dagrun for dataset_alias_example_alias_consumer_with_no_taskflow to None, run_after=None
[2024-11-13T20:45:19.217+1100] {logging_mixin.py:190} INFO - [2024-11-13T20:45:19.217+1100] {dag.py:4180} INFO - Setting next_dagrun for dataset_alias_example_alias_producer_with_no_taskflow to None, run_after=None
[2024-11-13T20:45:19.218+1100] {logging_mixin.py:190} INFO - [2024-11-13T20:45:19.218+1100] {dag.py:4180} INFO - Setting next_dagrun for dataset_s3_bucket_consumer_with_no_taskflow to None, run_after=None
[2024-11-13T20:45:19.218+1100] {logging_mixin.py:190} INFO - [2024-11-13T20:45:19.218+1100] {dag.py:4180} INFO - Setting next_dagrun for dataset_s3_bucket_producer_with_no_taskflow to None, run_after=None
[2024-11-13T20:45:19.225+1100] {processor.py:208} INFO - Processing /Users/yoonmoon/git/learn-airflow/airflow1/py_env/lib/python3.11/site-packages/airflow/example_dags/example_dataset_alias_with_no_taskflow.py took 0.103 seconds
[2024-11-13T20:47:40.503+1100] {processor.py:186} INFO - Started process (PID=73199) to work on /Users/yoonmoon/git/learn-airflow/airflow1/py_env/lib/python3.11/site-packages/airflow/example_dags/example_dataset_alias_with_no_taskflow.py
[2024-11-13T20:47:40.504+1100] {processor.py:914} INFO - Processing file /Users/yoonmoon/git/learn-airflow/airflow1/py_env/lib/python3.11/site-packages/airflow/example_dags/example_dataset_alias_with_no_taskflow.py for tasks to queue
[2024-11-13T20:47:40.505+1100] {logging_mixin.py:190} INFO - [2024-11-13T20:47:40.504+1100] {dagbag.py:588} INFO - Filling up the DagBag from /Users/yoonmoon/git/learn-airflow/airflow1/py_env/lib/python3.11/site-packages/airflow/example_dags/example_dataset_alias_with_no_taskflow.py
[2024-11-13T20:47:40.583+1100] {processor.py:925} INFO - DAG(s) 'dataset_s3_bucket_consumer_with_no_taskflow', 'dataset_alias_example_alias_consumer_with_no_taskflow', 'dataset_alias_example_alias_producer_with_no_taskflow', 'dataset_s3_bucket_producer_with_no_taskflow' retrieved from /Users/yoonmoon/git/learn-airflow/airflow1/py_env/lib/python3.11/site-packages/airflow/example_dags/example_dataset_alias_with_no_taskflow.py
[2024-11-13T20:47:40.591+1100] {logging_mixin.py:190} INFO - [2024-11-13T20:47:40.591+1100] {dag.py:3239} INFO - Sync 4 DAGs
[2024-11-13T20:47:40.598+1100] {logging_mixin.py:190} INFO - [2024-11-13T20:47:40.597+1100] {dag.py:4180} INFO - Setting next_dagrun for dataset_alias_example_alias_consumer_with_no_taskflow to None, run_after=None
[2024-11-13T20:47:40.598+1100] {logging_mixin.py:190} INFO - [2024-11-13T20:47:40.598+1100] {dag.py:4180} INFO - Setting next_dagrun for dataset_alias_example_alias_producer_with_no_taskflow to None, run_after=None
[2024-11-13T20:47:40.599+1100] {logging_mixin.py:190} INFO - [2024-11-13T20:47:40.599+1100] {dag.py:4180} INFO - Setting next_dagrun for dataset_s3_bucket_consumer_with_no_taskflow to None, run_after=None
[2024-11-13T20:47:40.599+1100] {logging_mixin.py:190} INFO - [2024-11-13T20:47:40.599+1100] {dag.py:4180} INFO - Setting next_dagrun for dataset_s3_bucket_producer_with_no_taskflow to None, run_after=None
[2024-11-13T20:47:40.606+1100] {processor.py:208} INFO - Processing /Users/yoonmoon/git/learn-airflow/airflow1/py_env/lib/python3.11/site-packages/airflow/example_dags/example_dataset_alias_with_no_taskflow.py took 0.105 seconds
[2024-11-13T20:50:07.592+1100] {processor.py:186} INFO - Started process (PID=73474) to work on /Users/yoonmoon/git/learn-airflow/airflow1/py_env/lib/python3.11/site-packages/airflow/example_dags/example_dataset_alias_with_no_taskflow.py
[2024-11-13T20:50:07.594+1100] {processor.py:914} INFO - Processing file /Users/yoonmoon/git/learn-airflow/airflow1/py_env/lib/python3.11/site-packages/airflow/example_dags/example_dataset_alias_with_no_taskflow.py for tasks to queue
[2024-11-13T20:50:07.594+1100] {logging_mixin.py:190} INFO - [2024-11-13T20:50:07.594+1100] {dagbag.py:588} INFO - Filling up the DagBag from /Users/yoonmoon/git/learn-airflow/airflow1/py_env/lib/python3.11/site-packages/airflow/example_dags/example_dataset_alias_with_no_taskflow.py
[2024-11-13T20:50:07.670+1100] {processor.py:925} INFO - DAG(s) 'dataset_s3_bucket_consumer_with_no_taskflow', 'dataset_alias_example_alias_producer_with_no_taskflow', 'dataset_s3_bucket_producer_with_no_taskflow', 'dataset_alias_example_alias_consumer_with_no_taskflow' retrieved from /Users/yoonmoon/git/learn-airflow/airflow1/py_env/lib/python3.11/site-packages/airflow/example_dags/example_dataset_alias_with_no_taskflow.py
[2024-11-13T20:50:07.679+1100] {logging_mixin.py:190} INFO - [2024-11-13T20:50:07.678+1100] {dag.py:3239} INFO - Sync 4 DAGs
[2024-11-13T20:50:07.685+1100] {logging_mixin.py:190} INFO - [2024-11-13T20:50:07.685+1100] {dag.py:4180} INFO - Setting next_dagrun for dataset_alias_example_alias_consumer_with_no_taskflow to None, run_after=None
[2024-11-13T20:50:07.686+1100] {logging_mixin.py:190} INFO - [2024-11-13T20:50:07.686+1100] {dag.py:4180} INFO - Setting next_dagrun for dataset_alias_example_alias_producer_with_no_taskflow to None, run_after=None
[2024-11-13T20:50:07.686+1100] {logging_mixin.py:190} INFO - [2024-11-13T20:50:07.686+1100] {dag.py:4180} INFO - Setting next_dagrun for dataset_s3_bucket_consumer_with_no_taskflow to None, run_after=None
[2024-11-13T20:50:07.686+1100] {logging_mixin.py:190} INFO - [2024-11-13T20:50:07.686+1100] {dag.py:4180} INFO - Setting next_dagrun for dataset_s3_bucket_producer_with_no_taskflow to None, run_after=None
[2024-11-13T20:50:07.693+1100] {processor.py:208} INFO - Processing /Users/yoonmoon/git/learn-airflow/airflow1/py_env/lib/python3.11/site-packages/airflow/example_dags/example_dataset_alias_with_no_taskflow.py took 0.103 seconds
