[2024-11-13T19:29:31.922+1100] {processor.py:186} INFO - Started process (PID=63743) to work on /Users/yoonmoon/git/learn-airflow/airflow1/py_env/lib/python3.11/site-packages/airflow/example_dags/example_python_decorator.py
[2024-11-13T19:29:31.922+1100] {processor.py:914} INFO - Processing file /Users/yoonmoon/git/learn-airflow/airflow1/py_env/lib/python3.11/site-packages/airflow/example_dags/example_python_decorator.py for tasks to queue
[2024-11-13T19:29:31.922+1100] {logging_mixin.py:190} INFO - [2024-11-13T19:29:31.922+1100] {dagbag.py:588} INFO - Filling up the DagBag from /Users/yoonmoon/git/learn-airflow/airflow1/py_env/lib/python3.11/site-packages/airflow/example_dags/example_python_decorator.py
[2024-11-13T19:29:31.937+1100] {logging_mixin.py:190} INFO - [2024-11-13T19:29:31.937+1100] {example_python_decorator.py:80} WARNING - The virtalenv_python example task requires virtualenv, please install it.
[2024-11-13T19:29:31.938+1100] {processor.py:925} INFO - DAG(s) 'example_python_decorator' retrieved from /Users/yoonmoon/git/learn-airflow/airflow1/py_env/lib/python3.11/site-packages/airflow/example_dags/example_python_decorator.py
[2024-11-13T19:29:32.031+1100] {logging_mixin.py:190} INFO - [2024-11-13T19:29:32.031+1100] {override.py:1911} INFO - Created Permission View: can read on DAG:example_python_decorator
[2024-11-13T19:29:32.034+1100] {logging_mixin.py:190} INFO - [2024-11-13T19:29:32.034+1100] {override.py:1911} INFO - Created Permission View: can delete on DAG:example_python_decorator
[2024-11-13T19:29:32.036+1100] {logging_mixin.py:190} INFO - [2024-11-13T19:29:32.036+1100] {override.py:1911} INFO - Created Permission View: can edit on DAG:example_python_decorator
[2024-11-13T19:29:32.039+1100] {logging_mixin.py:190} INFO - [2024-11-13T19:29:32.039+1100] {override.py:1911} INFO - Created Permission View: can read on DAG Run:example_python_decorator
[2024-11-13T19:29:32.041+1100] {logging_mixin.py:190} INFO - [2024-11-13T19:29:32.041+1100] {override.py:1911} INFO - Created Permission View: menu access on DAG Run:example_python_decorator
[2024-11-13T19:29:32.043+1100] {logging_mixin.py:190} INFO - [2024-11-13T19:29:32.043+1100] {override.py:1911} INFO - Created Permission View: can delete on DAG Run:example_python_decorator
[2024-11-13T19:29:32.045+1100] {logging_mixin.py:190} INFO - [2024-11-13T19:29:32.045+1100] {override.py:1911} INFO - Created Permission View: can create on DAG Run:example_python_decorator
[2024-11-13T19:29:32.045+1100] {logging_mixin.py:190} INFO - [2024-11-13T19:29:32.045+1100] {dag.py:3239} INFO - Sync 1 DAGs
[2024-11-13T19:29:32.049+1100] {logging_mixin.py:190} INFO - [2024-11-13T19:29:32.049+1100] {dag.py:3262} INFO - Creating ORM DAG for example_python_decorator
[2024-11-13T19:29:32.049+1100] {logging_mixin.py:190} INFO - [2024-11-13T19:29:32.049+1100] {dag.py:4180} INFO - Setting next_dagrun for example_python_decorator to None, run_after=None
[2024-11-13T19:29:32.055+1100] {processor.py:208} INFO - Processing /Users/yoonmoon/git/learn-airflow/airflow1/py_env/lib/python3.11/site-packages/airflow/example_dags/example_python_decorator.py took 0.136 seconds
[2024-11-13T19:31:13.436+1100] {processor.py:186} INFO - Started process (PID=63957) to work on /Users/yoonmoon/git/learn-airflow/airflow1/py_env/lib/python3.11/site-packages/airflow/example_dags/example_python_decorator.py
[2024-11-13T19:31:13.437+1100] {processor.py:914} INFO - Processing file /Users/yoonmoon/git/learn-airflow/airflow1/py_env/lib/python3.11/site-packages/airflow/example_dags/example_python_decorator.py for tasks to queue
[2024-11-13T19:31:13.438+1100] {logging_mixin.py:190} INFO - [2024-11-13T19:31:13.437+1100] {dagbag.py:588} INFO - Filling up the DagBag from /Users/yoonmoon/git/learn-airflow/airflow1/py_env/lib/python3.11/site-packages/airflow/example_dags/example_python_decorator.py
[2024-11-13T19:31:13.451+1100] {logging_mixin.py:190} INFO - [2024-11-13T19:31:13.451+1100] {example_python_decorator.py:80} WARNING - The virtalenv_python example task requires virtualenv, please install it.
[2024-11-13T19:31:13.451+1100] {processor.py:925} INFO - DAG(s) 'example_python_decorator' retrieved from /Users/yoonmoon/git/learn-airflow/airflow1/py_env/lib/python3.11/site-packages/airflow/example_dags/example_python_decorator.py
[2024-11-13T19:31:13.510+1100] {logging_mixin.py:190} INFO - [2024-11-13T19:31:13.509+1100] {dag.py:3239} INFO - Sync 1 DAGs
[2024-11-13T19:31:13.513+1100] {logging_mixin.py:190} INFO - [2024-11-13T19:31:13.513+1100] {dag.py:4180} INFO - Setting next_dagrun for example_python_decorator to None, run_after=None
[2024-11-13T19:31:13.520+1100] {processor.py:208} INFO - Processing /Users/yoonmoon/git/learn-airflow/airflow1/py_env/lib/python3.11/site-packages/airflow/example_dags/example_python_decorator.py took 0.086 seconds
[2024-11-13T19:33:33.218+1100] {processor.py:186} INFO - Started process (PID=64348) to work on /Users/yoonmoon/git/learn-airflow/airflow1/py_env/lib/python3.11/site-packages/airflow/example_dags/example_python_decorator.py
[2024-11-13T19:33:33.219+1100] {processor.py:914} INFO - Processing file /Users/yoonmoon/git/learn-airflow/airflow1/py_env/lib/python3.11/site-packages/airflow/example_dags/example_python_decorator.py for tasks to queue
[2024-11-13T19:33:33.219+1100] {logging_mixin.py:190} INFO - [2024-11-13T19:33:33.219+1100] {dagbag.py:588} INFO - Filling up the DagBag from /Users/yoonmoon/git/learn-airflow/airflow1/py_env/lib/python3.11/site-packages/airflow/example_dags/example_python_decorator.py
[2024-11-13T19:33:33.235+1100] {logging_mixin.py:190} INFO - [2024-11-13T19:33:33.235+1100] {example_python_decorator.py:80} WARNING - The virtalenv_python example task requires virtualenv, please install it.
[2024-11-13T19:33:33.236+1100] {processor.py:925} INFO - DAG(s) 'example_python_decorator' retrieved from /Users/yoonmoon/git/learn-airflow/airflow1/py_env/lib/python3.11/site-packages/airflow/example_dags/example_python_decorator.py
[2024-11-13T19:33:33.297+1100] {logging_mixin.py:190} INFO - [2024-11-13T19:33:33.297+1100] {dag.py:3239} INFO - Sync 1 DAGs
[2024-11-13T19:33:33.302+1100] {logging_mixin.py:190} INFO - [2024-11-13T19:33:33.302+1100] {dag.py:4180} INFO - Setting next_dagrun for example_python_decorator to None, run_after=None
[2024-11-13T19:33:33.309+1100] {processor.py:208} INFO - Processing /Users/yoonmoon/git/learn-airflow/airflow1/py_env/lib/python3.11/site-packages/airflow/example_dags/example_python_decorator.py took 0.095 seconds
[2024-11-13T19:36:09.880+1100] {processor.py:186} INFO - Started process (PID=64845) to work on /Users/yoonmoon/git/learn-airflow/airflow1/py_env/lib/python3.11/site-packages/airflow/example_dags/example_python_decorator.py
[2024-11-13T19:36:09.881+1100] {processor.py:914} INFO - Processing file /Users/yoonmoon/git/learn-airflow/airflow1/py_env/lib/python3.11/site-packages/airflow/example_dags/example_python_decorator.py for tasks to queue
[2024-11-13T19:36:09.882+1100] {logging_mixin.py:190} INFO - [2024-11-13T19:36:09.882+1100] {dagbag.py:588} INFO - Filling up the DagBag from /Users/yoonmoon/git/learn-airflow/airflow1/py_env/lib/python3.11/site-packages/airflow/example_dags/example_python_decorator.py
[2024-11-13T19:36:09.895+1100] {logging_mixin.py:190} INFO - [2024-11-13T19:36:09.895+1100] {example_python_decorator.py:80} WARNING - The virtalenv_python example task requires virtualenv, please install it.
[2024-11-13T19:36:09.896+1100] {processor.py:925} INFO - DAG(s) 'example_python_decorator' retrieved from /Users/yoonmoon/git/learn-airflow/airflow1/py_env/lib/python3.11/site-packages/airflow/example_dags/example_python_decorator.py
[2024-11-13T19:36:09.953+1100] {logging_mixin.py:190} INFO - [2024-11-13T19:36:09.953+1100] {dag.py:3239} INFO - Sync 1 DAGs
[2024-11-13T19:36:09.957+1100] {logging_mixin.py:190} INFO - [2024-11-13T19:36:09.957+1100] {dag.py:4180} INFO - Setting next_dagrun for example_python_decorator to None, run_after=None
[2024-11-13T19:36:09.964+1100] {processor.py:208} INFO - Processing /Users/yoonmoon/git/learn-airflow/airflow1/py_env/lib/python3.11/site-packages/airflow/example_dags/example_python_decorator.py took 0.086 seconds
[2024-11-13T19:37:33.657+1100] {processor.py:186} INFO - Started process (PID=65019) to work on /Users/yoonmoon/git/learn-airflow/airflow1/py_env/lib/python3.11/site-packages/airflow/example_dags/example_python_decorator.py
[2024-11-13T19:37:33.658+1100] {processor.py:914} INFO - Processing file /Users/yoonmoon/git/learn-airflow/airflow1/py_env/lib/python3.11/site-packages/airflow/example_dags/example_python_decorator.py for tasks to queue
[2024-11-13T19:37:33.659+1100] {logging_mixin.py:190} INFO - [2024-11-13T19:37:33.658+1100] {dagbag.py:588} INFO - Filling up the DagBag from /Users/yoonmoon/git/learn-airflow/airflow1/py_env/lib/python3.11/site-packages/airflow/example_dags/example_python_decorator.py
[2024-11-13T19:37:33.672+1100] {logging_mixin.py:190} INFO - [2024-11-13T19:37:33.672+1100] {example_python_decorator.py:80} WARNING - The virtalenv_python example task requires virtualenv, please install it.
[2024-11-13T19:37:33.673+1100] {processor.py:925} INFO - DAG(s) 'example_python_decorator' retrieved from /Users/yoonmoon/git/learn-airflow/airflow1/py_env/lib/python3.11/site-packages/airflow/example_dags/example_python_decorator.py
[2024-11-13T19:37:33.732+1100] {logging_mixin.py:190} INFO - [2024-11-13T19:37:33.732+1100] {dag.py:3239} INFO - Sync 1 DAGs
[2024-11-13T19:37:33.736+1100] {logging_mixin.py:190} INFO - [2024-11-13T19:37:33.736+1100] {dag.py:4180} INFO - Setting next_dagrun for example_python_decorator to None, run_after=None
[2024-11-13T19:37:33.742+1100] {processor.py:208} INFO - Processing /Users/yoonmoon/git/learn-airflow/airflow1/py_env/lib/python3.11/site-packages/airflow/example_dags/example_python_decorator.py took 0.087 seconds
[2024-11-13T19:39:49.461+1100] {processor.py:186} INFO - Started process (PID=65290) to work on /Users/yoonmoon/git/learn-airflow/airflow1/py_env/lib/python3.11/site-packages/airflow/example_dags/example_python_decorator.py
[2024-11-13T19:39:49.462+1100] {processor.py:914} INFO - Processing file /Users/yoonmoon/git/learn-airflow/airflow1/py_env/lib/python3.11/site-packages/airflow/example_dags/example_python_decorator.py for tasks to queue
[2024-11-13T19:39:49.462+1100] {logging_mixin.py:190} INFO - [2024-11-13T19:39:49.462+1100] {dagbag.py:588} INFO - Filling up the DagBag from /Users/yoonmoon/git/learn-airflow/airflow1/py_env/lib/python3.11/site-packages/airflow/example_dags/example_python_decorator.py
[2024-11-13T19:39:49.476+1100] {logging_mixin.py:190} INFO - [2024-11-13T19:39:49.476+1100] {example_python_decorator.py:80} WARNING - The virtalenv_python example task requires virtualenv, please install it.
[2024-11-13T19:39:49.477+1100] {processor.py:925} INFO - DAG(s) 'example_python_decorator' retrieved from /Users/yoonmoon/git/learn-airflow/airflow1/py_env/lib/python3.11/site-packages/airflow/example_dags/example_python_decorator.py
[2024-11-13T19:39:49.535+1100] {logging_mixin.py:190} INFO - [2024-11-13T19:39:49.535+1100] {dag.py:3239} INFO - Sync 1 DAGs
[2024-11-13T19:39:49.539+1100] {logging_mixin.py:190} INFO - [2024-11-13T19:39:49.539+1100] {dag.py:4180} INFO - Setting next_dagrun for example_python_decorator to None, run_after=None
[2024-11-13T19:39:49.545+1100] {processor.py:208} INFO - Processing /Users/yoonmoon/git/learn-airflow/airflow1/py_env/lib/python3.11/site-packages/airflow/example_dags/example_python_decorator.py took 0.087 seconds
[2024-11-13T19:42:07.954+1100] {processor.py:186} INFO - Started process (PID=65590) to work on /Users/yoonmoon/git/learn-airflow/airflow1/py_env/lib/python3.11/site-packages/airflow/example_dags/example_python_decorator.py
[2024-11-13T19:42:07.955+1100] {processor.py:914} INFO - Processing file /Users/yoonmoon/git/learn-airflow/airflow1/py_env/lib/python3.11/site-packages/airflow/example_dags/example_python_decorator.py for tasks to queue
[2024-11-13T19:42:07.956+1100] {logging_mixin.py:190} INFO - [2024-11-13T19:42:07.955+1100] {dagbag.py:588} INFO - Filling up the DagBag from /Users/yoonmoon/git/learn-airflow/airflow1/py_env/lib/python3.11/site-packages/airflow/example_dags/example_python_decorator.py
[2024-11-13T19:42:07.970+1100] {logging_mixin.py:190} INFO - [2024-11-13T19:42:07.970+1100] {example_python_decorator.py:80} WARNING - The virtalenv_python example task requires virtualenv, please install it.
[2024-11-13T19:42:07.971+1100] {processor.py:925} INFO - DAG(s) 'example_python_decorator' retrieved from /Users/yoonmoon/git/learn-airflow/airflow1/py_env/lib/python3.11/site-packages/airflow/example_dags/example_python_decorator.py
[2024-11-13T19:42:08.029+1100] {logging_mixin.py:190} INFO - [2024-11-13T19:42:08.029+1100] {dag.py:3239} INFO - Sync 1 DAGs
[2024-11-13T19:42:08.033+1100] {logging_mixin.py:190} INFO - [2024-11-13T19:42:08.033+1100] {dag.py:4180} INFO - Setting next_dagrun for example_python_decorator to None, run_after=None
[2024-11-13T19:42:08.039+1100] {processor.py:208} INFO - Processing /Users/yoonmoon/git/learn-airflow/airflow1/py_env/lib/python3.11/site-packages/airflow/example_dags/example_python_decorator.py took 0.088 seconds
[2024-11-13T19:44:26.229+1100] {processor.py:186} INFO - Started process (PID=65860) to work on /Users/yoonmoon/git/learn-airflow/airflow1/py_env/lib/python3.11/site-packages/airflow/example_dags/example_python_decorator.py
[2024-11-13T19:44:26.230+1100] {processor.py:914} INFO - Processing file /Users/yoonmoon/git/learn-airflow/airflow1/py_env/lib/python3.11/site-packages/airflow/example_dags/example_python_decorator.py for tasks to queue
[2024-11-13T19:44:26.231+1100] {logging_mixin.py:190} INFO - [2024-11-13T19:44:26.230+1100] {dagbag.py:588} INFO - Filling up the DagBag from /Users/yoonmoon/git/learn-airflow/airflow1/py_env/lib/python3.11/site-packages/airflow/example_dags/example_python_decorator.py
[2024-11-13T19:44:26.243+1100] {logging_mixin.py:190} INFO - [2024-11-13T19:44:26.243+1100] {example_python_decorator.py:80} WARNING - The virtalenv_python example task requires virtualenv, please install it.
[2024-11-13T19:44:26.244+1100] {processor.py:925} INFO - DAG(s) 'example_python_decorator' retrieved from /Users/yoonmoon/git/learn-airflow/airflow1/py_env/lib/python3.11/site-packages/airflow/example_dags/example_python_decorator.py
[2024-11-13T19:44:26.301+1100] {logging_mixin.py:190} INFO - [2024-11-13T19:44:26.301+1100] {dag.py:3239} INFO - Sync 1 DAGs
[2024-11-13T19:44:26.305+1100] {logging_mixin.py:190} INFO - [2024-11-13T19:44:26.305+1100] {dag.py:4180} INFO - Setting next_dagrun for example_python_decorator to None, run_after=None
[2024-11-13T19:44:26.312+1100] {processor.py:208} INFO - Processing /Users/yoonmoon/git/learn-airflow/airflow1/py_env/lib/python3.11/site-packages/airflow/example_dags/example_python_decorator.py took 0.086 seconds
[2024-11-13T19:46:36.900+1100] {processor.py:186} INFO - Started process (PID=66110) to work on /Users/yoonmoon/git/learn-airflow/airflow1/py_env/lib/python3.11/site-packages/airflow/example_dags/example_python_decorator.py
[2024-11-13T19:46:36.900+1100] {processor.py:914} INFO - Processing file /Users/yoonmoon/git/learn-airflow/airflow1/py_env/lib/python3.11/site-packages/airflow/example_dags/example_python_decorator.py for tasks to queue
[2024-11-13T19:46:36.901+1100] {logging_mixin.py:190} INFO - [2024-11-13T19:46:36.901+1100] {dagbag.py:588} INFO - Filling up the DagBag from /Users/yoonmoon/git/learn-airflow/airflow1/py_env/lib/python3.11/site-packages/airflow/example_dags/example_python_decorator.py
[2024-11-13T19:46:36.914+1100] {logging_mixin.py:190} INFO - [2024-11-13T19:46:36.914+1100] {example_python_decorator.py:80} WARNING - The virtalenv_python example task requires virtualenv, please install it.
[2024-11-13T19:46:36.915+1100] {processor.py:925} INFO - DAG(s) 'example_python_decorator' retrieved from /Users/yoonmoon/git/learn-airflow/airflow1/py_env/lib/python3.11/site-packages/airflow/example_dags/example_python_decorator.py
[2024-11-13T19:46:36.973+1100] {logging_mixin.py:190} INFO - [2024-11-13T19:46:36.973+1100] {dag.py:3239} INFO - Sync 1 DAGs
[2024-11-13T19:46:36.977+1100] {logging_mixin.py:190} INFO - [2024-11-13T19:46:36.977+1100] {dag.py:4180} INFO - Setting next_dagrun for example_python_decorator to None, run_after=None
[2024-11-13T19:46:36.984+1100] {processor.py:208} INFO - Processing /Users/yoonmoon/git/learn-airflow/airflow1/py_env/lib/python3.11/site-packages/airflow/example_dags/example_python_decorator.py took 0.086 seconds
[2024-11-13T19:48:49.417+1100] {processor.py:186} INFO - Started process (PID=66354) to work on /Users/yoonmoon/git/learn-airflow/airflow1/py_env/lib/python3.11/site-packages/airflow/example_dags/example_python_decorator.py
[2024-11-13T19:48:49.418+1100] {processor.py:914} INFO - Processing file /Users/yoonmoon/git/learn-airflow/airflow1/py_env/lib/python3.11/site-packages/airflow/example_dags/example_python_decorator.py for tasks to queue
[2024-11-13T19:48:49.418+1100] {logging_mixin.py:190} INFO - [2024-11-13T19:48:49.418+1100] {dagbag.py:588} INFO - Filling up the DagBag from /Users/yoonmoon/git/learn-airflow/airflow1/py_env/lib/python3.11/site-packages/airflow/example_dags/example_python_decorator.py
[2024-11-13T19:48:49.432+1100] {logging_mixin.py:190} INFO - [2024-11-13T19:48:49.432+1100] {example_python_decorator.py:80} WARNING - The virtalenv_python example task requires virtualenv, please install it.
[2024-11-13T19:48:49.433+1100] {processor.py:925} INFO - DAG(s) 'example_python_decorator' retrieved from /Users/yoonmoon/git/learn-airflow/airflow1/py_env/lib/python3.11/site-packages/airflow/example_dags/example_python_decorator.py
[2024-11-13T19:48:49.491+1100] {logging_mixin.py:190} INFO - [2024-11-13T19:48:49.491+1100] {dag.py:3239} INFO - Sync 1 DAGs
[2024-11-13T19:48:49.495+1100] {logging_mixin.py:190} INFO - [2024-11-13T19:48:49.495+1100] {dag.py:4180} INFO - Setting next_dagrun for example_python_decorator to None, run_after=None
[2024-11-13T19:48:49.501+1100] {processor.py:208} INFO - Processing /Users/yoonmoon/git/learn-airflow/airflow1/py_env/lib/python3.11/site-packages/airflow/example_dags/example_python_decorator.py took 0.087 seconds
[2024-11-13T19:50:59.553+1100] {processor.py:186} INFO - Started process (PID=66592) to work on /Users/yoonmoon/git/learn-airflow/airflow1/py_env/lib/python3.11/site-packages/airflow/example_dags/example_python_decorator.py
[2024-11-13T19:50:59.554+1100] {processor.py:914} INFO - Processing file /Users/yoonmoon/git/learn-airflow/airflow1/py_env/lib/python3.11/site-packages/airflow/example_dags/example_python_decorator.py for tasks to queue
[2024-11-13T19:50:59.554+1100] {logging_mixin.py:190} INFO - [2024-11-13T19:50:59.554+1100] {dagbag.py:588} INFO - Filling up the DagBag from /Users/yoonmoon/git/learn-airflow/airflow1/py_env/lib/python3.11/site-packages/airflow/example_dags/example_python_decorator.py
[2024-11-13T19:50:59.567+1100] {logging_mixin.py:190} INFO - [2024-11-13T19:50:59.567+1100] {example_python_decorator.py:80} WARNING - The virtalenv_python example task requires virtualenv, please install it.
[2024-11-13T19:50:59.568+1100] {processor.py:925} INFO - DAG(s) 'example_python_decorator' retrieved from /Users/yoonmoon/git/learn-airflow/airflow1/py_env/lib/python3.11/site-packages/airflow/example_dags/example_python_decorator.py
[2024-11-13T19:50:59.626+1100] {logging_mixin.py:190} INFO - [2024-11-13T19:50:59.626+1100] {dag.py:3239} INFO - Sync 1 DAGs
[2024-11-13T19:50:59.630+1100] {logging_mixin.py:190} INFO - [2024-11-13T19:50:59.630+1100] {dag.py:4180} INFO - Setting next_dagrun for example_python_decorator to None, run_after=None
[2024-11-13T19:50:59.636+1100] {processor.py:208} INFO - Processing /Users/yoonmoon/git/learn-airflow/airflow1/py_env/lib/python3.11/site-packages/airflow/example_dags/example_python_decorator.py took 0.085 seconds
[2024-11-13T19:53:18.869+1100] {processor.py:186} INFO - Started process (PID=66840) to work on /Users/yoonmoon/git/learn-airflow/airflow1/py_env/lib/python3.11/site-packages/airflow/example_dags/example_python_decorator.py
[2024-11-13T19:53:18.870+1100] {processor.py:914} INFO - Processing file /Users/yoonmoon/git/learn-airflow/airflow1/py_env/lib/python3.11/site-packages/airflow/example_dags/example_python_decorator.py for tasks to queue
[2024-11-13T19:53:18.870+1100] {logging_mixin.py:190} INFO - [2024-11-13T19:53:18.870+1100] {dagbag.py:588} INFO - Filling up the DagBag from /Users/yoonmoon/git/learn-airflow/airflow1/py_env/lib/python3.11/site-packages/airflow/example_dags/example_python_decorator.py
[2024-11-13T19:53:18.884+1100] {logging_mixin.py:190} INFO - [2024-11-13T19:53:18.884+1100] {example_python_decorator.py:80} WARNING - The virtalenv_python example task requires virtualenv, please install it.
[2024-11-13T19:53:18.885+1100] {processor.py:925} INFO - DAG(s) 'example_python_decorator' retrieved from /Users/yoonmoon/git/learn-airflow/airflow1/py_env/lib/python3.11/site-packages/airflow/example_dags/example_python_decorator.py
[2024-11-13T19:53:18.942+1100] {logging_mixin.py:190} INFO - [2024-11-13T19:53:18.942+1100] {dag.py:3239} INFO - Sync 1 DAGs
[2024-11-13T19:53:18.946+1100] {logging_mixin.py:190} INFO - [2024-11-13T19:53:18.946+1100] {dag.py:4180} INFO - Setting next_dagrun for example_python_decorator to None, run_after=None
[2024-11-13T19:53:18.952+1100] {processor.py:208} INFO - Processing /Users/yoonmoon/git/learn-airflow/airflow1/py_env/lib/python3.11/site-packages/airflow/example_dags/example_python_decorator.py took 0.086 seconds
[2024-11-13T19:55:40.899+1100] {processor.py:186} INFO - Started process (PID=67131) to work on /Users/yoonmoon/git/learn-airflow/airflow1/py_env/lib/python3.11/site-packages/airflow/example_dags/example_python_decorator.py
[2024-11-13T19:55:40.900+1100] {processor.py:914} INFO - Processing file /Users/yoonmoon/git/learn-airflow/airflow1/py_env/lib/python3.11/site-packages/airflow/example_dags/example_python_decorator.py for tasks to queue
[2024-11-13T19:55:40.900+1100] {logging_mixin.py:190} INFO - [2024-11-13T19:55:40.900+1100] {dagbag.py:588} INFO - Filling up the DagBag from /Users/yoonmoon/git/learn-airflow/airflow1/py_env/lib/python3.11/site-packages/airflow/example_dags/example_python_decorator.py
[2024-11-13T19:55:40.913+1100] {logging_mixin.py:190} INFO - [2024-11-13T19:55:40.913+1100] {example_python_decorator.py:80} WARNING - The virtalenv_python example task requires virtualenv, please install it.
[2024-11-13T19:55:40.914+1100] {processor.py:925} INFO - DAG(s) 'example_python_decorator' retrieved from /Users/yoonmoon/git/learn-airflow/airflow1/py_env/lib/python3.11/site-packages/airflow/example_dags/example_python_decorator.py
[2024-11-13T19:55:40.972+1100] {logging_mixin.py:190} INFO - [2024-11-13T19:55:40.972+1100] {dag.py:3239} INFO - Sync 1 DAGs
[2024-11-13T19:55:40.976+1100] {logging_mixin.py:190} INFO - [2024-11-13T19:55:40.976+1100] {dag.py:4180} INFO - Setting next_dagrun for example_python_decorator to None, run_after=None
[2024-11-13T19:55:40.982+1100] {processor.py:208} INFO - Processing /Users/yoonmoon/git/learn-airflow/airflow1/py_env/lib/python3.11/site-packages/airflow/example_dags/example_python_decorator.py took 0.086 seconds
[2024-11-13T19:57:57.266+1100] {processor.py:186} INFO - Started process (PID=67381) to work on /Users/yoonmoon/git/learn-airflow/airflow1/py_env/lib/python3.11/site-packages/airflow/example_dags/example_python_decorator.py
[2024-11-13T19:57:57.267+1100] {processor.py:914} INFO - Processing file /Users/yoonmoon/git/learn-airflow/airflow1/py_env/lib/python3.11/site-packages/airflow/example_dags/example_python_decorator.py for tasks to queue
[2024-11-13T19:57:57.267+1100] {logging_mixin.py:190} INFO - [2024-11-13T19:57:57.267+1100] {dagbag.py:588} INFO - Filling up the DagBag from /Users/yoonmoon/git/learn-airflow/airflow1/py_env/lib/python3.11/site-packages/airflow/example_dags/example_python_decorator.py
[2024-11-13T19:57:57.280+1100] {logging_mixin.py:190} INFO - [2024-11-13T19:57:57.280+1100] {example_python_decorator.py:80} WARNING - The virtalenv_python example task requires virtualenv, please install it.
[2024-11-13T19:57:57.281+1100] {processor.py:925} INFO - DAG(s) 'example_python_decorator' retrieved from /Users/yoonmoon/git/learn-airflow/airflow1/py_env/lib/python3.11/site-packages/airflow/example_dags/example_python_decorator.py
[2024-11-13T19:57:57.339+1100] {logging_mixin.py:190} INFO - [2024-11-13T19:57:57.339+1100] {dag.py:3239} INFO - Sync 1 DAGs
[2024-11-13T19:57:57.343+1100] {logging_mixin.py:190} INFO - [2024-11-13T19:57:57.343+1100] {dag.py:4180} INFO - Setting next_dagrun for example_python_decorator to None, run_after=None
[2024-11-13T19:57:57.350+1100] {processor.py:208} INFO - Processing /Users/yoonmoon/git/learn-airflow/airflow1/py_env/lib/python3.11/site-packages/airflow/example_dags/example_python_decorator.py took 0.086 seconds
[2024-11-13T20:00:13.434+1100] {processor.py:186} INFO - Started process (PID=67627) to work on /Users/yoonmoon/git/learn-airflow/airflow1/py_env/lib/python3.11/site-packages/airflow/example_dags/example_python_decorator.py
[2024-11-13T20:00:13.435+1100] {processor.py:914} INFO - Processing file /Users/yoonmoon/git/learn-airflow/airflow1/py_env/lib/python3.11/site-packages/airflow/example_dags/example_python_decorator.py for tasks to queue
[2024-11-13T20:00:13.436+1100] {logging_mixin.py:190} INFO - [2024-11-13T20:00:13.435+1100] {dagbag.py:588} INFO - Filling up the DagBag from /Users/yoonmoon/git/learn-airflow/airflow1/py_env/lib/python3.11/site-packages/airflow/example_dags/example_python_decorator.py
[2024-11-13T20:00:13.449+1100] {logging_mixin.py:190} INFO - [2024-11-13T20:00:13.449+1100] {example_python_decorator.py:80} WARNING - The virtalenv_python example task requires virtualenv, please install it.
[2024-11-13T20:00:13.450+1100] {processor.py:925} INFO - DAG(s) 'example_python_decorator' retrieved from /Users/yoonmoon/git/learn-airflow/airflow1/py_env/lib/python3.11/site-packages/airflow/example_dags/example_python_decorator.py
[2024-11-13T20:00:13.511+1100] {logging_mixin.py:190} INFO - [2024-11-13T20:00:13.511+1100] {dag.py:3239} INFO - Sync 1 DAGs
[2024-11-13T20:00:13.516+1100] {logging_mixin.py:190} INFO - [2024-11-13T20:00:13.515+1100] {dag.py:4180} INFO - Setting next_dagrun for example_python_decorator to None, run_after=None
[2024-11-13T20:00:13.523+1100] {processor.py:208} INFO - Processing /Users/yoonmoon/git/learn-airflow/airflow1/py_env/lib/python3.11/site-packages/airflow/example_dags/example_python_decorator.py took 0.091 seconds
[2024-11-13T20:02:28.939+1100] {processor.py:186} INFO - Started process (PID=67873) to work on /Users/yoonmoon/git/learn-airflow/airflow1/py_env/lib/python3.11/site-packages/airflow/example_dags/example_python_decorator.py
[2024-11-13T20:02:28.940+1100] {processor.py:914} INFO - Processing file /Users/yoonmoon/git/learn-airflow/airflow1/py_env/lib/python3.11/site-packages/airflow/example_dags/example_python_decorator.py for tasks to queue
[2024-11-13T20:02:28.940+1100] {logging_mixin.py:190} INFO - [2024-11-13T20:02:28.940+1100] {dagbag.py:588} INFO - Filling up the DagBag from /Users/yoonmoon/git/learn-airflow/airflow1/py_env/lib/python3.11/site-packages/airflow/example_dags/example_python_decorator.py
[2024-11-13T20:02:28.954+1100] {logging_mixin.py:190} INFO - [2024-11-13T20:02:28.953+1100] {example_python_decorator.py:80} WARNING - The virtalenv_python example task requires virtualenv, please install it.
[2024-11-13T20:02:28.954+1100] {processor.py:925} INFO - DAG(s) 'example_python_decorator' retrieved from /Users/yoonmoon/git/learn-airflow/airflow1/py_env/lib/python3.11/site-packages/airflow/example_dags/example_python_decorator.py
[2024-11-13T20:02:29.013+1100] {logging_mixin.py:190} INFO - [2024-11-13T20:02:29.012+1100] {dag.py:3239} INFO - Sync 1 DAGs
[2024-11-13T20:02:29.016+1100] {logging_mixin.py:190} INFO - [2024-11-13T20:02:29.016+1100] {dag.py:4180} INFO - Setting next_dagrun for example_python_decorator to None, run_after=None
[2024-11-13T20:02:29.024+1100] {processor.py:208} INFO - Processing /Users/yoonmoon/git/learn-airflow/airflow1/py_env/lib/python3.11/site-packages/airflow/example_dags/example_python_decorator.py took 0.087 seconds
[2024-11-13T20:04:42.789+1100] {processor.py:186} INFO - Started process (PID=68115) to work on /Users/yoonmoon/git/learn-airflow/airflow1/py_env/lib/python3.11/site-packages/airflow/example_dags/example_python_decorator.py
[2024-11-13T20:04:42.789+1100] {processor.py:914} INFO - Processing file /Users/yoonmoon/git/learn-airflow/airflow1/py_env/lib/python3.11/site-packages/airflow/example_dags/example_python_decorator.py for tasks to queue
[2024-11-13T20:04:42.790+1100] {logging_mixin.py:190} INFO - [2024-11-13T20:04:42.790+1100] {dagbag.py:588} INFO - Filling up the DagBag from /Users/yoonmoon/git/learn-airflow/airflow1/py_env/lib/python3.11/site-packages/airflow/example_dags/example_python_decorator.py
[2024-11-13T20:04:42.803+1100] {logging_mixin.py:190} INFO - [2024-11-13T20:04:42.803+1100] {example_python_decorator.py:80} WARNING - The virtalenv_python example task requires virtualenv, please install it.
[2024-11-13T20:04:42.804+1100] {processor.py:925} INFO - DAG(s) 'example_python_decorator' retrieved from /Users/yoonmoon/git/learn-airflow/airflow1/py_env/lib/python3.11/site-packages/airflow/example_dags/example_python_decorator.py
[2024-11-13T20:04:42.863+1100] {logging_mixin.py:190} INFO - [2024-11-13T20:04:42.863+1100] {dag.py:3239} INFO - Sync 1 DAGs
[2024-11-13T20:04:42.867+1100] {logging_mixin.py:190} INFO - [2024-11-13T20:04:42.867+1100] {dag.py:4180} INFO - Setting next_dagrun for example_python_decorator to None, run_after=None
[2024-11-13T20:04:42.873+1100] {processor.py:208} INFO - Processing /Users/yoonmoon/git/learn-airflow/airflow1/py_env/lib/python3.11/site-packages/airflow/example_dags/example_python_decorator.py took 0.087 seconds
[2024-11-13T20:07:05.195+1100] {processor.py:186} INFO - Started process (PID=68412) to work on /Users/yoonmoon/git/learn-airflow/airflow1/py_env/lib/python3.11/site-packages/airflow/example_dags/example_python_decorator.py
[2024-11-13T20:07:05.196+1100] {processor.py:914} INFO - Processing file /Users/yoonmoon/git/learn-airflow/airflow1/py_env/lib/python3.11/site-packages/airflow/example_dags/example_python_decorator.py for tasks to queue
[2024-11-13T20:07:05.196+1100] {logging_mixin.py:190} INFO - [2024-11-13T20:07:05.196+1100] {dagbag.py:588} INFO - Filling up the DagBag from /Users/yoonmoon/git/learn-airflow/airflow1/py_env/lib/python3.11/site-packages/airflow/example_dags/example_python_decorator.py
[2024-11-13T20:07:05.210+1100] {logging_mixin.py:190} INFO - [2024-11-13T20:07:05.210+1100] {example_python_decorator.py:80} WARNING - The virtalenv_python example task requires virtualenv, please install it.
[2024-11-13T20:07:05.211+1100] {processor.py:925} INFO - DAG(s) 'example_python_decorator' retrieved from /Users/yoonmoon/git/learn-airflow/airflow1/py_env/lib/python3.11/site-packages/airflow/example_dags/example_python_decorator.py
[2024-11-13T20:07:05.272+1100] {logging_mixin.py:190} INFO - [2024-11-13T20:07:05.272+1100] {dag.py:3239} INFO - Sync 1 DAGs
[2024-11-13T20:07:05.276+1100] {logging_mixin.py:190} INFO - [2024-11-13T20:07:05.276+1100] {dag.py:4180} INFO - Setting next_dagrun for example_python_decorator to None, run_after=None
[2024-11-13T20:07:05.283+1100] {processor.py:208} INFO - Processing /Users/yoonmoon/git/learn-airflow/airflow1/py_env/lib/python3.11/site-packages/airflow/example_dags/example_python_decorator.py took 0.090 seconds
[2024-11-13T20:09:26.006+1100] {processor.py:186} INFO - Started process (PID=68681) to work on /Users/yoonmoon/git/learn-airflow/airflow1/py_env/lib/python3.11/site-packages/airflow/example_dags/example_python_decorator.py
[2024-11-13T20:09:26.007+1100] {processor.py:914} INFO - Processing file /Users/yoonmoon/git/learn-airflow/airflow1/py_env/lib/python3.11/site-packages/airflow/example_dags/example_python_decorator.py for tasks to queue
[2024-11-13T20:09:26.008+1100] {logging_mixin.py:190} INFO - [2024-11-13T20:09:26.007+1100] {dagbag.py:588} INFO - Filling up the DagBag from /Users/yoonmoon/git/learn-airflow/airflow1/py_env/lib/python3.11/site-packages/airflow/example_dags/example_python_decorator.py
[2024-11-13T20:09:26.020+1100] {logging_mixin.py:190} INFO - [2024-11-13T20:09:26.020+1100] {example_python_decorator.py:80} WARNING - The virtalenv_python example task requires virtualenv, please install it.
[2024-11-13T20:09:26.021+1100] {processor.py:925} INFO - DAG(s) 'example_python_decorator' retrieved from /Users/yoonmoon/git/learn-airflow/airflow1/py_env/lib/python3.11/site-packages/airflow/example_dags/example_python_decorator.py
[2024-11-13T20:09:26.084+1100] {logging_mixin.py:190} INFO - [2024-11-13T20:09:26.084+1100] {dag.py:3239} INFO - Sync 1 DAGs
[2024-11-13T20:09:26.088+1100] {logging_mixin.py:190} INFO - [2024-11-13T20:09:26.088+1100] {dag.py:4180} INFO - Setting next_dagrun for example_python_decorator to None, run_after=None
[2024-11-13T20:09:26.094+1100] {processor.py:208} INFO - Processing /Users/yoonmoon/git/learn-airflow/airflow1/py_env/lib/python3.11/site-packages/airflow/example_dags/example_python_decorator.py took 0.091 seconds
[2024-11-13T20:11:43.063+1100] {processor.py:186} INFO - Started process (PID=68950) to work on /Users/yoonmoon/git/learn-airflow/airflow1/py_env/lib/python3.11/site-packages/airflow/example_dags/example_python_decorator.py
[2024-11-13T20:11:43.064+1100] {processor.py:914} INFO - Processing file /Users/yoonmoon/git/learn-airflow/airflow1/py_env/lib/python3.11/site-packages/airflow/example_dags/example_python_decorator.py for tasks to queue
[2024-11-13T20:11:43.065+1100] {logging_mixin.py:190} INFO - [2024-11-13T20:11:43.064+1100] {dagbag.py:588} INFO - Filling up the DagBag from /Users/yoonmoon/git/learn-airflow/airflow1/py_env/lib/python3.11/site-packages/airflow/example_dags/example_python_decorator.py
[2024-11-13T20:11:43.078+1100] {logging_mixin.py:190} INFO - [2024-11-13T20:11:43.078+1100] {example_python_decorator.py:80} WARNING - The virtalenv_python example task requires virtualenv, please install it.
[2024-11-13T20:11:43.079+1100] {processor.py:925} INFO - DAG(s) 'example_python_decorator' retrieved from /Users/yoonmoon/git/learn-airflow/airflow1/py_env/lib/python3.11/site-packages/airflow/example_dags/example_python_decorator.py
[2024-11-13T20:11:43.140+1100] {logging_mixin.py:190} INFO - [2024-11-13T20:11:43.140+1100] {dag.py:3239} INFO - Sync 1 DAGs
[2024-11-13T20:11:43.144+1100] {logging_mixin.py:190} INFO - [2024-11-13T20:11:43.144+1100] {dag.py:4180} INFO - Setting next_dagrun for example_python_decorator to None, run_after=None
[2024-11-13T20:11:43.151+1100] {processor.py:208} INFO - Processing /Users/yoonmoon/git/learn-airflow/airflow1/py_env/lib/python3.11/site-packages/airflow/example_dags/example_python_decorator.py took 0.089 seconds
[2024-11-13T20:13:58.696+1100] {processor.py:186} INFO - Started process (PID=69207) to work on /Users/yoonmoon/git/learn-airflow/airflow1/py_env/lib/python3.11/site-packages/airflow/example_dags/example_python_decorator.py
[2024-11-13T20:13:58.697+1100] {processor.py:914} INFO - Processing file /Users/yoonmoon/git/learn-airflow/airflow1/py_env/lib/python3.11/site-packages/airflow/example_dags/example_python_decorator.py for tasks to queue
[2024-11-13T20:13:58.697+1100] {logging_mixin.py:190} INFO - [2024-11-13T20:13:58.697+1100] {dagbag.py:588} INFO - Filling up the DagBag from /Users/yoonmoon/git/learn-airflow/airflow1/py_env/lib/python3.11/site-packages/airflow/example_dags/example_python_decorator.py
[2024-11-13T20:13:58.711+1100] {logging_mixin.py:190} INFO - [2024-11-13T20:13:58.710+1100] {example_python_decorator.py:80} WARNING - The virtalenv_python example task requires virtualenv, please install it.
[2024-11-13T20:13:58.711+1100] {processor.py:925} INFO - DAG(s) 'example_python_decorator' retrieved from /Users/yoonmoon/git/learn-airflow/airflow1/py_env/lib/python3.11/site-packages/airflow/example_dags/example_python_decorator.py
[2024-11-13T20:13:58.773+1100] {logging_mixin.py:190} INFO - [2024-11-13T20:13:58.773+1100] {dag.py:3239} INFO - Sync 1 DAGs
[2024-11-13T20:13:58.777+1100] {logging_mixin.py:190} INFO - [2024-11-13T20:13:58.777+1100] {dag.py:4180} INFO - Setting next_dagrun for example_python_decorator to None, run_after=None
[2024-11-13T20:13:58.785+1100] {processor.py:208} INFO - Processing /Users/yoonmoon/git/learn-airflow/airflow1/py_env/lib/python3.11/site-packages/airflow/example_dags/example_python_decorator.py took 0.091 seconds
[2024-11-13T20:16:18.103+1100] {processor.py:186} INFO - Started process (PID=69456) to work on /Users/yoonmoon/git/learn-airflow/airflow1/py_env/lib/python3.11/site-packages/airflow/example_dags/example_python_decorator.py
[2024-11-13T20:16:18.104+1100] {processor.py:914} INFO - Processing file /Users/yoonmoon/git/learn-airflow/airflow1/py_env/lib/python3.11/site-packages/airflow/example_dags/example_python_decorator.py for tasks to queue
[2024-11-13T20:16:18.105+1100] {logging_mixin.py:190} INFO - [2024-11-13T20:16:18.105+1100] {dagbag.py:588} INFO - Filling up the DagBag from /Users/yoonmoon/git/learn-airflow/airflow1/py_env/lib/python3.11/site-packages/airflow/example_dags/example_python_decorator.py
[2024-11-13T20:16:18.119+1100] {logging_mixin.py:190} INFO - [2024-11-13T20:16:18.119+1100] {example_python_decorator.py:80} WARNING - The virtalenv_python example task requires virtualenv, please install it.
[2024-11-13T20:16:18.121+1100] {processor.py:925} INFO - DAG(s) 'example_python_decorator' retrieved from /Users/yoonmoon/git/learn-airflow/airflow1/py_env/lib/python3.11/site-packages/airflow/example_dags/example_python_decorator.py
[2024-11-13T20:16:18.184+1100] {logging_mixin.py:190} INFO - [2024-11-13T20:16:18.184+1100] {dag.py:3239} INFO - Sync 1 DAGs
[2024-11-13T20:16:18.188+1100] {logging_mixin.py:190} INFO - [2024-11-13T20:16:18.188+1100] {dag.py:4180} INFO - Setting next_dagrun for example_python_decorator to None, run_after=None
[2024-11-13T20:16:18.196+1100] {processor.py:208} INFO - Processing /Users/yoonmoon/git/learn-airflow/airflow1/py_env/lib/python3.11/site-packages/airflow/example_dags/example_python_decorator.py took 0.095 seconds
[2024-11-13T20:18:36.519+1100] {processor.py:186} INFO - Started process (PID=69720) to work on /Users/yoonmoon/git/learn-airflow/airflow1/py_env/lib/python3.11/site-packages/airflow/example_dags/example_python_decorator.py
[2024-11-13T20:18:36.521+1100] {processor.py:914} INFO - Processing file /Users/yoonmoon/git/learn-airflow/airflow1/py_env/lib/python3.11/site-packages/airflow/example_dags/example_python_decorator.py for tasks to queue
[2024-11-13T20:18:36.521+1100] {logging_mixin.py:190} INFO - [2024-11-13T20:18:36.521+1100] {dagbag.py:588} INFO - Filling up the DagBag from /Users/yoonmoon/git/learn-airflow/airflow1/py_env/lib/python3.11/site-packages/airflow/example_dags/example_python_decorator.py
[2024-11-13T20:18:36.535+1100] {logging_mixin.py:190} INFO - [2024-11-13T20:18:36.535+1100] {example_python_decorator.py:80} WARNING - The virtalenv_python example task requires virtualenv, please install it.
[2024-11-13T20:18:36.536+1100] {processor.py:925} INFO - DAG(s) 'example_python_decorator' retrieved from /Users/yoonmoon/git/learn-airflow/airflow1/py_env/lib/python3.11/site-packages/airflow/example_dags/example_python_decorator.py
[2024-11-13T20:18:36.594+1100] {logging_mixin.py:190} INFO - [2024-11-13T20:18:36.594+1100] {dag.py:3239} INFO - Sync 1 DAGs
[2024-11-13T20:18:36.598+1100] {logging_mixin.py:190} INFO - [2024-11-13T20:18:36.597+1100] {dag.py:4180} INFO - Setting next_dagrun for example_python_decorator to None, run_after=None
[2024-11-13T20:18:36.604+1100] {processor.py:208} INFO - Processing /Users/yoonmoon/git/learn-airflow/airflow1/py_env/lib/python3.11/site-packages/airflow/example_dags/example_python_decorator.py took 0.087 seconds
[2024-11-13T20:20:57.009+1100] {processor.py:186} INFO - Started process (PID=70085) to work on /Users/yoonmoon/git/learn-airflow/airflow1/py_env/lib/python3.11/site-packages/airflow/example_dags/example_python_decorator.py
[2024-11-13T20:20:57.010+1100] {processor.py:914} INFO - Processing file /Users/yoonmoon/git/learn-airflow/airflow1/py_env/lib/python3.11/site-packages/airflow/example_dags/example_python_decorator.py for tasks to queue
[2024-11-13T20:20:57.010+1100] {logging_mixin.py:190} INFO - [2024-11-13T20:20:57.010+1100] {dagbag.py:588} INFO - Filling up the DagBag from /Users/yoonmoon/git/learn-airflow/airflow1/py_env/lib/python3.11/site-packages/airflow/example_dags/example_python_decorator.py
[2024-11-13T20:20:57.023+1100] {logging_mixin.py:190} INFO - [2024-11-13T20:20:57.023+1100] {example_python_decorator.py:80} WARNING - The virtalenv_python example task requires virtualenv, please install it.
[2024-11-13T20:20:57.024+1100] {processor.py:925} INFO - DAG(s) 'example_python_decorator' retrieved from /Users/yoonmoon/git/learn-airflow/airflow1/py_env/lib/python3.11/site-packages/airflow/example_dags/example_python_decorator.py
[2024-11-13T20:20:57.085+1100] {logging_mixin.py:190} INFO - [2024-11-13T20:20:57.085+1100] {dag.py:3239} INFO - Sync 1 DAGs
[2024-11-13T20:20:57.089+1100] {logging_mixin.py:190} INFO - [2024-11-13T20:20:57.089+1100] {dag.py:4180} INFO - Setting next_dagrun for example_python_decorator to None, run_after=None
[2024-11-13T20:20:57.096+1100] {processor.py:208} INFO - Processing /Users/yoonmoon/git/learn-airflow/airflow1/py_env/lib/python3.11/site-packages/airflow/example_dags/example_python_decorator.py took 0.090 seconds
[2024-11-13T20:23:09.598+1100] {processor.py:186} INFO - Started process (PID=70351) to work on /Users/yoonmoon/git/learn-airflow/airflow1/py_env/lib/python3.11/site-packages/airflow/example_dags/example_python_decorator.py
[2024-11-13T20:23:09.600+1100] {processor.py:914} INFO - Processing file /Users/yoonmoon/git/learn-airflow/airflow1/py_env/lib/python3.11/site-packages/airflow/example_dags/example_python_decorator.py for tasks to queue
[2024-11-13T20:23:09.600+1100] {logging_mixin.py:190} INFO - [2024-11-13T20:23:09.600+1100] {dagbag.py:588} INFO - Filling up the DagBag from /Users/yoonmoon/git/learn-airflow/airflow1/py_env/lib/python3.11/site-packages/airflow/example_dags/example_python_decorator.py
[2024-11-13T20:23:09.614+1100] {logging_mixin.py:190} INFO - [2024-11-13T20:23:09.614+1100] {example_python_decorator.py:80} WARNING - The virtalenv_python example task requires virtualenv, please install it.
[2024-11-13T20:23:09.614+1100] {processor.py:925} INFO - DAG(s) 'example_python_decorator' retrieved from /Users/yoonmoon/git/learn-airflow/airflow1/py_env/lib/python3.11/site-packages/airflow/example_dags/example_python_decorator.py
[2024-11-13T20:23:09.672+1100] {logging_mixin.py:190} INFO - [2024-11-13T20:23:09.672+1100] {dag.py:3239} INFO - Sync 1 DAGs
[2024-11-13T20:23:09.676+1100] {logging_mixin.py:190} INFO - [2024-11-13T20:23:09.676+1100] {dag.py:4180} INFO - Setting next_dagrun for example_python_decorator to None, run_after=None
[2024-11-13T20:23:09.683+1100] {processor.py:208} INFO - Processing /Users/yoonmoon/git/learn-airflow/airflow1/py_env/lib/python3.11/site-packages/airflow/example_dags/example_python_decorator.py took 0.087 seconds
[2024-11-13T20:25:23.954+1100] {processor.py:186} INFO - Started process (PID=70609) to work on /Users/yoonmoon/git/learn-airflow/airflow1/py_env/lib/python3.11/site-packages/airflow/example_dags/example_python_decorator.py
[2024-11-13T20:25:23.954+1100] {processor.py:914} INFO - Processing file /Users/yoonmoon/git/learn-airflow/airflow1/py_env/lib/python3.11/site-packages/airflow/example_dags/example_python_decorator.py for tasks to queue
[2024-11-13T20:25:23.955+1100] {logging_mixin.py:190} INFO - [2024-11-13T20:25:23.955+1100] {dagbag.py:588} INFO - Filling up the DagBag from /Users/yoonmoon/git/learn-airflow/airflow1/py_env/lib/python3.11/site-packages/airflow/example_dags/example_python_decorator.py
[2024-11-13T20:25:23.969+1100] {logging_mixin.py:190} INFO - [2024-11-13T20:25:23.969+1100] {example_python_decorator.py:80} WARNING - The virtalenv_python example task requires virtualenv, please install it.
[2024-11-13T20:25:23.970+1100] {processor.py:925} INFO - DAG(s) 'example_python_decorator' retrieved from /Users/yoonmoon/git/learn-airflow/airflow1/py_env/lib/python3.11/site-packages/airflow/example_dags/example_python_decorator.py
[2024-11-13T20:25:24.030+1100] {logging_mixin.py:190} INFO - [2024-11-13T20:25:24.030+1100] {dag.py:3239} INFO - Sync 1 DAGs
[2024-11-13T20:25:24.034+1100] {logging_mixin.py:190} INFO - [2024-11-13T20:25:24.034+1100] {dag.py:4180} INFO - Setting next_dagrun for example_python_decorator to None, run_after=None
[2024-11-13T20:25:24.041+1100] {processor.py:208} INFO - Processing /Users/yoonmoon/git/learn-airflow/airflow1/py_env/lib/python3.11/site-packages/airflow/example_dags/example_python_decorator.py took 0.090 seconds
[2024-11-13T20:27:43.973+1100] {processor.py:186} INFO - Started process (PID=70892) to work on /Users/yoonmoon/git/learn-airflow/airflow1/py_env/lib/python3.11/site-packages/airflow/example_dags/example_python_decorator.py
[2024-11-13T20:27:43.974+1100] {processor.py:914} INFO - Processing file /Users/yoonmoon/git/learn-airflow/airflow1/py_env/lib/python3.11/site-packages/airflow/example_dags/example_python_decorator.py for tasks to queue
[2024-11-13T20:27:43.975+1100] {logging_mixin.py:190} INFO - [2024-11-13T20:27:43.975+1100] {dagbag.py:588} INFO - Filling up the DagBag from /Users/yoonmoon/git/learn-airflow/airflow1/py_env/lib/python3.11/site-packages/airflow/example_dags/example_python_decorator.py
[2024-11-13T20:27:43.988+1100] {logging_mixin.py:190} INFO - [2024-11-13T20:27:43.988+1100] {example_python_decorator.py:80} WARNING - The virtalenv_python example task requires virtualenv, please install it.
[2024-11-13T20:27:43.989+1100] {processor.py:925} INFO - DAG(s) 'example_python_decorator' retrieved from /Users/yoonmoon/git/learn-airflow/airflow1/py_env/lib/python3.11/site-packages/airflow/example_dags/example_python_decorator.py
[2024-11-13T20:27:44.047+1100] {logging_mixin.py:190} INFO - [2024-11-13T20:27:44.047+1100] {dag.py:3239} INFO - Sync 1 DAGs
[2024-11-13T20:27:44.051+1100] {logging_mixin.py:190} INFO - [2024-11-13T20:27:44.051+1100] {dag.py:4180} INFO - Setting next_dagrun for example_python_decorator to None, run_after=None
[2024-11-13T20:27:44.058+1100] {processor.py:208} INFO - Processing /Users/yoonmoon/git/learn-airflow/airflow1/py_env/lib/python3.11/site-packages/airflow/example_dags/example_python_decorator.py took 0.087 seconds
[2024-11-13T20:29:55.829+1100] {processor.py:186} INFO - Started process (PID=71161) to work on /Users/yoonmoon/git/learn-airflow/airflow1/py_env/lib/python3.11/site-packages/airflow/example_dags/example_python_decorator.py
[2024-11-13T20:29:55.830+1100] {processor.py:914} INFO - Processing file /Users/yoonmoon/git/learn-airflow/airflow1/py_env/lib/python3.11/site-packages/airflow/example_dags/example_python_decorator.py for tasks to queue
[2024-11-13T20:29:55.830+1100] {logging_mixin.py:190} INFO - [2024-11-13T20:29:55.830+1100] {dagbag.py:588} INFO - Filling up the DagBag from /Users/yoonmoon/git/learn-airflow/airflow1/py_env/lib/python3.11/site-packages/airflow/example_dags/example_python_decorator.py
[2024-11-13T20:29:55.843+1100] {logging_mixin.py:190} INFO - [2024-11-13T20:29:55.843+1100] {example_python_decorator.py:80} WARNING - The virtalenv_python example task requires virtualenv, please install it.
[2024-11-13T20:29:55.844+1100] {processor.py:925} INFO - DAG(s) 'example_python_decorator' retrieved from /Users/yoonmoon/git/learn-airflow/airflow1/py_env/lib/python3.11/site-packages/airflow/example_dags/example_python_decorator.py
[2024-11-13T20:29:55.902+1100] {logging_mixin.py:190} INFO - [2024-11-13T20:29:55.902+1100] {dag.py:3239} INFO - Sync 1 DAGs
[2024-11-13T20:29:55.906+1100] {logging_mixin.py:190} INFO - [2024-11-13T20:29:55.905+1100] {dag.py:4180} INFO - Setting next_dagrun for example_python_decorator to None, run_after=None
[2024-11-13T20:29:55.912+1100] {processor.py:208} INFO - Processing /Users/yoonmoon/git/learn-airflow/airflow1/py_env/lib/python3.11/site-packages/airflow/example_dags/example_python_decorator.py took 0.085 seconds
[2024-11-13T20:32:16.499+1100] {processor.py:186} INFO - Started process (PID=71415) to work on /Users/yoonmoon/git/learn-airflow/airflow1/py_env/lib/python3.11/site-packages/airflow/example_dags/example_python_decorator.py
[2024-11-13T20:32:16.499+1100] {processor.py:914} INFO - Processing file /Users/yoonmoon/git/learn-airflow/airflow1/py_env/lib/python3.11/site-packages/airflow/example_dags/example_python_decorator.py for tasks to queue
[2024-11-13T20:32:16.500+1100] {logging_mixin.py:190} INFO - [2024-11-13T20:32:16.500+1100] {dagbag.py:588} INFO - Filling up the DagBag from /Users/yoonmoon/git/learn-airflow/airflow1/py_env/lib/python3.11/site-packages/airflow/example_dags/example_python_decorator.py
[2024-11-13T20:32:16.514+1100] {logging_mixin.py:190} INFO - [2024-11-13T20:32:16.513+1100] {example_python_decorator.py:80} WARNING - The virtalenv_python example task requires virtualenv, please install it.
[2024-11-13T20:32:16.514+1100] {processor.py:925} INFO - DAG(s) 'example_python_decorator' retrieved from /Users/yoonmoon/git/learn-airflow/airflow1/py_env/lib/python3.11/site-packages/airflow/example_dags/example_python_decorator.py
[2024-11-13T20:32:16.573+1100] {logging_mixin.py:190} INFO - [2024-11-13T20:32:16.573+1100] {dag.py:3239} INFO - Sync 1 DAGs
[2024-11-13T20:32:16.577+1100] {logging_mixin.py:190} INFO - [2024-11-13T20:32:16.577+1100] {dag.py:4180} INFO - Setting next_dagrun for example_python_decorator to None, run_after=None
[2024-11-13T20:32:16.585+1100] {processor.py:208} INFO - Processing /Users/yoonmoon/git/learn-airflow/airflow1/py_env/lib/python3.11/site-packages/airflow/example_dags/example_python_decorator.py took 0.088 seconds
[2024-11-13T20:34:38.109+1100] {processor.py:186} INFO - Started process (PID=71675) to work on /Users/yoonmoon/git/learn-airflow/airflow1/py_env/lib/python3.11/site-packages/airflow/example_dags/example_python_decorator.py
[2024-11-13T20:34:38.110+1100] {processor.py:914} INFO - Processing file /Users/yoonmoon/git/learn-airflow/airflow1/py_env/lib/python3.11/site-packages/airflow/example_dags/example_python_decorator.py for tasks to queue
[2024-11-13T20:34:38.111+1100] {logging_mixin.py:190} INFO - [2024-11-13T20:34:38.111+1100] {dagbag.py:588} INFO - Filling up the DagBag from /Users/yoonmoon/git/learn-airflow/airflow1/py_env/lib/python3.11/site-packages/airflow/example_dags/example_python_decorator.py
[2024-11-13T20:34:38.124+1100] {logging_mixin.py:190} INFO - [2024-11-13T20:34:38.123+1100] {example_python_decorator.py:80} WARNING - The virtalenv_python example task requires virtualenv, please install it.
[2024-11-13T20:34:38.124+1100] {processor.py:925} INFO - DAG(s) 'example_python_decorator' retrieved from /Users/yoonmoon/git/learn-airflow/airflow1/py_env/lib/python3.11/site-packages/airflow/example_dags/example_python_decorator.py
[2024-11-13T20:34:38.185+1100] {logging_mixin.py:190} INFO - [2024-11-13T20:34:38.185+1100] {dag.py:3239} INFO - Sync 1 DAGs
[2024-11-13T20:34:38.189+1100] {logging_mixin.py:190} INFO - [2024-11-13T20:34:38.189+1100] {dag.py:4180} INFO - Setting next_dagrun for example_python_decorator to None, run_after=None
[2024-11-13T20:34:38.195+1100] {processor.py:208} INFO - Processing /Users/yoonmoon/git/learn-airflow/airflow1/py_env/lib/python3.11/site-packages/airflow/example_dags/example_python_decorator.py took 0.089 seconds
[2024-11-13T20:36:56.758+1100] {processor.py:186} INFO - Started process (PID=71958) to work on /Users/yoonmoon/git/learn-airflow/airflow1/py_env/lib/python3.11/site-packages/airflow/example_dags/example_python_decorator.py
[2024-11-13T20:36:56.758+1100] {processor.py:914} INFO - Processing file /Users/yoonmoon/git/learn-airflow/airflow1/py_env/lib/python3.11/site-packages/airflow/example_dags/example_python_decorator.py for tasks to queue
[2024-11-13T20:36:56.759+1100] {logging_mixin.py:190} INFO - [2024-11-13T20:36:56.759+1100] {dagbag.py:588} INFO - Filling up the DagBag from /Users/yoonmoon/git/learn-airflow/airflow1/py_env/lib/python3.11/site-packages/airflow/example_dags/example_python_decorator.py
[2024-11-13T20:36:56.772+1100] {logging_mixin.py:190} INFO - [2024-11-13T20:36:56.772+1100] {example_python_decorator.py:80} WARNING - The virtalenv_python example task requires virtualenv, please install it.
[2024-11-13T20:36:56.773+1100] {processor.py:925} INFO - DAG(s) 'example_python_decorator' retrieved from /Users/yoonmoon/git/learn-airflow/airflow1/py_env/lib/python3.11/site-packages/airflow/example_dags/example_python_decorator.py
[2024-11-13T20:36:56.842+1100] {logging_mixin.py:190} INFO - [2024-11-13T20:36:56.842+1100] {dag.py:3239} INFO - Sync 1 DAGs
[2024-11-13T20:36:56.847+1100] {logging_mixin.py:190} INFO - [2024-11-13T20:36:56.847+1100] {dag.py:4180} INFO - Setting next_dagrun for example_python_decorator to None, run_after=None
[2024-11-13T20:36:56.855+1100] {processor.py:208} INFO - Processing /Users/yoonmoon/git/learn-airflow/airflow1/py_env/lib/python3.11/site-packages/airflow/example_dags/example_python_decorator.py took 0.100 seconds
[2024-11-13T20:39:13.955+1100] {processor.py:186} INFO - Started process (PID=72244) to work on /Users/yoonmoon/git/learn-airflow/airflow1/py_env/lib/python3.11/site-packages/airflow/example_dags/example_python_decorator.py
[2024-11-13T20:39:13.956+1100] {processor.py:914} INFO - Processing file /Users/yoonmoon/git/learn-airflow/airflow1/py_env/lib/python3.11/site-packages/airflow/example_dags/example_python_decorator.py for tasks to queue
[2024-11-13T20:39:13.956+1100] {logging_mixin.py:190} INFO - [2024-11-13T20:39:13.956+1100] {dagbag.py:588} INFO - Filling up the DagBag from /Users/yoonmoon/git/learn-airflow/airflow1/py_env/lib/python3.11/site-packages/airflow/example_dags/example_python_decorator.py
[2024-11-13T20:39:13.969+1100] {logging_mixin.py:190} INFO - [2024-11-13T20:39:13.969+1100] {example_python_decorator.py:80} WARNING - The virtalenv_python example task requires virtualenv, please install it.
[2024-11-13T20:39:13.970+1100] {processor.py:925} INFO - DAG(s) 'example_python_decorator' retrieved from /Users/yoonmoon/git/learn-airflow/airflow1/py_env/lib/python3.11/site-packages/airflow/example_dags/example_python_decorator.py
[2024-11-13T20:39:14.029+1100] {logging_mixin.py:190} INFO - [2024-11-13T20:39:14.029+1100] {dag.py:3239} INFO - Sync 1 DAGs
[2024-11-13T20:39:14.033+1100] {logging_mixin.py:190} INFO - [2024-11-13T20:39:14.033+1100] {dag.py:4180} INFO - Setting next_dagrun for example_python_decorator to None, run_after=None
[2024-11-13T20:39:14.040+1100] {processor.py:208} INFO - Processing /Users/yoonmoon/git/learn-airflow/airflow1/py_env/lib/python3.11/site-packages/airflow/example_dags/example_python_decorator.py took 0.087 seconds
[2024-11-13T20:41:35.153+1100] {processor.py:186} INFO - Started process (PID=72502) to work on /Users/yoonmoon/git/learn-airflow/airflow1/py_env/lib/python3.11/site-packages/airflow/example_dags/example_python_decorator.py
[2024-11-13T20:41:35.153+1100] {processor.py:914} INFO - Processing file /Users/yoonmoon/git/learn-airflow/airflow1/py_env/lib/python3.11/site-packages/airflow/example_dags/example_python_decorator.py for tasks to queue
[2024-11-13T20:41:35.154+1100] {logging_mixin.py:190} INFO - [2024-11-13T20:41:35.154+1100] {dagbag.py:588} INFO - Filling up the DagBag from /Users/yoonmoon/git/learn-airflow/airflow1/py_env/lib/python3.11/site-packages/airflow/example_dags/example_python_decorator.py
[2024-11-13T20:41:35.168+1100] {logging_mixin.py:190} INFO - [2024-11-13T20:41:35.168+1100] {example_python_decorator.py:80} WARNING - The virtalenv_python example task requires virtualenv, please install it.
[2024-11-13T20:41:35.168+1100] {processor.py:925} INFO - DAG(s) 'example_python_decorator' retrieved from /Users/yoonmoon/git/learn-airflow/airflow1/py_env/lib/python3.11/site-packages/airflow/example_dags/example_python_decorator.py
[2024-11-13T20:41:35.227+1100] {logging_mixin.py:190} INFO - [2024-11-13T20:41:35.227+1100] {dag.py:3239} INFO - Sync 1 DAGs
[2024-11-13T20:41:35.231+1100] {logging_mixin.py:190} INFO - [2024-11-13T20:41:35.231+1100] {dag.py:4180} INFO - Setting next_dagrun for example_python_decorator to None, run_after=None
[2024-11-13T20:41:35.237+1100] {processor.py:208} INFO - Processing /Users/yoonmoon/git/learn-airflow/airflow1/py_env/lib/python3.11/site-packages/airflow/example_dags/example_python_decorator.py took 0.087 seconds
[2024-11-13T20:43:50.118+1100] {processor.py:186} INFO - Started process (PID=72752) to work on /Users/yoonmoon/git/learn-airflow/airflow1/py_env/lib/python3.11/site-packages/airflow/example_dags/example_python_decorator.py
[2024-11-13T20:43:50.119+1100] {processor.py:914} INFO - Processing file /Users/yoonmoon/git/learn-airflow/airflow1/py_env/lib/python3.11/site-packages/airflow/example_dags/example_python_decorator.py for tasks to queue
[2024-11-13T20:43:50.120+1100] {logging_mixin.py:190} INFO - [2024-11-13T20:43:50.120+1100] {dagbag.py:588} INFO - Filling up the DagBag from /Users/yoonmoon/git/learn-airflow/airflow1/py_env/lib/python3.11/site-packages/airflow/example_dags/example_python_decorator.py
[2024-11-13T20:43:50.135+1100] {logging_mixin.py:190} INFO - [2024-11-13T20:43:50.134+1100] {example_python_decorator.py:80} WARNING - The virtalenv_python example task requires virtualenv, please install it.
[2024-11-13T20:43:50.135+1100] {processor.py:925} INFO - DAG(s) 'example_python_decorator' retrieved from /Users/yoonmoon/git/learn-airflow/airflow1/py_env/lib/python3.11/site-packages/airflow/example_dags/example_python_decorator.py
[2024-11-13T20:43:50.195+1100] {logging_mixin.py:190} INFO - [2024-11-13T20:43:50.195+1100] {dag.py:3239} INFO - Sync 1 DAGs
[2024-11-13T20:43:50.199+1100] {logging_mixin.py:190} INFO - [2024-11-13T20:43:50.198+1100] {dag.py:4180} INFO - Setting next_dagrun for example_python_decorator to None, run_after=None
[2024-11-13T20:43:50.205+1100] {processor.py:208} INFO - Processing /Users/yoonmoon/git/learn-airflow/airflow1/py_env/lib/python3.11/site-packages/airflow/example_dags/example_python_decorator.py took 0.090 seconds
[2024-11-13T20:46:14.646+1100] {processor.py:186} INFO - Started process (PID=73027) to work on /Users/yoonmoon/git/learn-airflow/airflow1/py_env/lib/python3.11/site-packages/airflow/example_dags/example_python_decorator.py
[2024-11-13T20:46:14.647+1100] {processor.py:914} INFO - Processing file /Users/yoonmoon/git/learn-airflow/airflow1/py_env/lib/python3.11/site-packages/airflow/example_dags/example_python_decorator.py for tasks to queue
[2024-11-13T20:46:14.648+1100] {logging_mixin.py:190} INFO - [2024-11-13T20:46:14.648+1100] {dagbag.py:588} INFO - Filling up the DagBag from /Users/yoonmoon/git/learn-airflow/airflow1/py_env/lib/python3.11/site-packages/airflow/example_dags/example_python_decorator.py
[2024-11-13T20:46:14.662+1100] {logging_mixin.py:190} INFO - [2024-11-13T20:46:14.662+1100] {example_python_decorator.py:80} WARNING - The virtalenv_python example task requires virtualenv, please install it.
[2024-11-13T20:46:14.663+1100] {processor.py:925} INFO - DAG(s) 'example_python_decorator' retrieved from /Users/yoonmoon/git/learn-airflow/airflow1/py_env/lib/python3.11/site-packages/airflow/example_dags/example_python_decorator.py
[2024-11-13T20:46:14.723+1100] {logging_mixin.py:190} INFO - [2024-11-13T20:46:14.723+1100] {dag.py:3239} INFO - Sync 1 DAGs
[2024-11-13T20:46:14.727+1100] {logging_mixin.py:190} INFO - [2024-11-13T20:46:14.727+1100] {dag.py:4180} INFO - Setting next_dagrun for example_python_decorator to None, run_after=None
[2024-11-13T20:46:14.734+1100] {processor.py:208} INFO - Processing /Users/yoonmoon/git/learn-airflow/airflow1/py_env/lib/python3.11/site-packages/airflow/example_dags/example_python_decorator.py took 0.090 seconds
[2024-11-13T20:48:37.218+1100] {processor.py:186} INFO - Started process (PID=73312) to work on /Users/yoonmoon/git/learn-airflow/airflow1/py_env/lib/python3.11/site-packages/airflow/example_dags/example_python_decorator.py
[2024-11-13T20:48:37.219+1100] {processor.py:914} INFO - Processing file /Users/yoonmoon/git/learn-airflow/airflow1/py_env/lib/python3.11/site-packages/airflow/example_dags/example_python_decorator.py for tasks to queue
[2024-11-13T20:48:37.220+1100] {logging_mixin.py:190} INFO - [2024-11-13T20:48:37.220+1100] {dagbag.py:588} INFO - Filling up the DagBag from /Users/yoonmoon/git/learn-airflow/airflow1/py_env/lib/python3.11/site-packages/airflow/example_dags/example_python_decorator.py
[2024-11-13T20:48:37.235+1100] {logging_mixin.py:190} INFO - [2024-11-13T20:48:37.235+1100] {example_python_decorator.py:80} WARNING - The virtalenv_python example task requires virtualenv, please install it.
[2024-11-13T20:48:37.236+1100] {processor.py:925} INFO - DAG(s) 'example_python_decorator' retrieved from /Users/yoonmoon/git/learn-airflow/airflow1/py_env/lib/python3.11/site-packages/airflow/example_dags/example_python_decorator.py
[2024-11-13T20:48:37.297+1100] {logging_mixin.py:190} INFO - [2024-11-13T20:48:37.297+1100] {dag.py:3239} INFO - Sync 1 DAGs
[2024-11-13T20:48:37.301+1100] {logging_mixin.py:190} INFO - [2024-11-13T20:48:37.301+1100] {dag.py:4180} INFO - Setting next_dagrun for example_python_decorator to None, run_after=None
[2024-11-13T20:48:37.308+1100] {processor.py:208} INFO - Processing /Users/yoonmoon/git/learn-airflow/airflow1/py_env/lib/python3.11/site-packages/airflow/example_dags/example_python_decorator.py took 0.092 seconds
[2024-11-13T20:51:02.899+1100] {processor.py:186} INFO - Started process (PID=73578) to work on /Users/yoonmoon/git/learn-airflow/airflow1/py_env/lib/python3.11/site-packages/airflow/example_dags/example_python_decorator.py
[2024-11-13T20:51:02.900+1100] {processor.py:914} INFO - Processing file /Users/yoonmoon/git/learn-airflow/airflow1/py_env/lib/python3.11/site-packages/airflow/example_dags/example_python_decorator.py for tasks to queue
[2024-11-13T20:51:02.901+1100] {logging_mixin.py:190} INFO - [2024-11-13T20:51:02.901+1100] {dagbag.py:588} INFO - Filling up the DagBag from /Users/yoonmoon/git/learn-airflow/airflow1/py_env/lib/python3.11/site-packages/airflow/example_dags/example_python_decorator.py
[2024-11-13T20:51:02.914+1100] {logging_mixin.py:190} INFO - [2024-11-13T20:51:02.914+1100] {example_python_decorator.py:80} WARNING - The virtalenv_python example task requires virtualenv, please install it.
[2024-11-13T20:51:02.915+1100] {processor.py:925} INFO - DAG(s) 'example_python_decorator' retrieved from /Users/yoonmoon/git/learn-airflow/airflow1/py_env/lib/python3.11/site-packages/airflow/example_dags/example_python_decorator.py
[2024-11-13T20:51:02.973+1100] {logging_mixin.py:190} INFO - [2024-11-13T20:51:02.973+1100] {dag.py:3239} INFO - Sync 1 DAGs
[2024-11-13T20:51:02.977+1100] {logging_mixin.py:190} INFO - [2024-11-13T20:51:02.977+1100] {dag.py:4180} INFO - Setting next_dagrun for example_python_decorator to None, run_after=None
[2024-11-13T20:51:02.984+1100] {processor.py:208} INFO - Processing /Users/yoonmoon/git/learn-airflow/airflow1/py_env/lib/python3.11/site-packages/airflow/example_dags/example_python_decorator.py took 0.087 seconds
