[2024-11-13T19:30:19.112+1100] {processor.py:186} INFO - Started process (PID=63841) to work on /Users/yoonmoon/git/learn-airflow/airflow1/py_env/lib/python3.11/site-packages/airflow/example_dags/example_bash_operator.py
[2024-11-13T19:30:19.112+1100] {processor.py:914} INFO - Processing file /Users/yoonmoon/git/learn-airflow/airflow1/py_env/lib/python3.11/site-packages/airflow/example_dags/example_bash_operator.py for tasks to queue
[2024-11-13T19:30:19.113+1100] {logging_mixin.py:190} INFO - [2024-11-13T19:30:19.113+1100] {dagbag.py:588} INFO - Filling up the DagBag from /Users/yoonmoon/git/learn-airflow/airflow1/py_env/lib/python3.11/site-packages/airflow/example_dags/example_bash_operator.py
[2024-11-13T19:30:19.120+1100] {processor.py:925} INFO - DAG(s) 'example_bash_operator' retrieved from /Users/yoonmoon/git/learn-airflow/airflow1/py_env/lib/python3.11/site-packages/airflow/example_dags/example_bash_operator.py
[2024-11-13T19:30:19.212+1100] {logging_mixin.py:190} INFO - [2024-11-13T19:30:19.211+1100] {override.py:1911} INFO - Created Permission View: can read on DAG:example_bash_operator
[2024-11-13T19:30:19.215+1100] {logging_mixin.py:190} INFO - [2024-11-13T19:30:19.215+1100] {override.py:1911} INFO - Created Permission View: can edit on DAG:example_bash_operator
[2024-11-13T19:30:19.217+1100] {logging_mixin.py:190} INFO - [2024-11-13T19:30:19.217+1100] {override.py:1911} INFO - Created Permission View: can delete on DAG:example_bash_operator
[2024-11-13T19:30:19.219+1100] {logging_mixin.py:190} INFO - [2024-11-13T19:30:19.219+1100] {override.py:1911} INFO - Created Permission View: menu access on DAG Run:example_bash_operator
[2024-11-13T19:30:19.221+1100] {logging_mixin.py:190} INFO - [2024-11-13T19:30:19.221+1100] {override.py:1911} INFO - Created Permission View: can read on DAG Run:example_bash_operator
[2024-11-13T19:30:19.223+1100] {logging_mixin.py:190} INFO - [2024-11-13T19:30:19.223+1100] {override.py:1911} INFO - Created Permission View: can create on DAG Run:example_bash_operator
[2024-11-13T19:30:19.225+1100] {logging_mixin.py:190} INFO - [2024-11-13T19:30:19.225+1100] {override.py:1911} INFO - Created Permission View: can delete on DAG Run:example_bash_operator
[2024-11-13T19:30:19.225+1100] {logging_mixin.py:190} INFO - [2024-11-13T19:30:19.225+1100] {dag.py:3239} INFO - Sync 1 DAGs
[2024-11-13T19:30:19.230+1100] {logging_mixin.py:190} INFO - [2024-11-13T19:30:19.230+1100] {dag.py:3262} INFO - Creating ORM DAG for example_bash_operator
[2024-11-13T19:30:19.233+1100] {logging_mixin.py:190} INFO - [2024-11-13T19:30:19.232+1100] {dag.py:4180} INFO - Setting next_dagrun for example_bash_operator to 2024-11-12 00:00:00+00:00, run_after=2024-11-13 00:00:00+00:00
[2024-11-13T19:30:19.238+1100] {processor.py:208} INFO - Processing /Users/yoonmoon/git/learn-airflow/airflow1/py_env/lib/python3.11/site-packages/airflow/example_dags/example_bash_operator.py took 0.129 seconds
[2024-11-13T19:32:39.033+1100] {processor.py:186} INFO - Started process (PID=64207) to work on /Users/yoonmoon/git/learn-airflow/airflow1/py_env/lib/python3.11/site-packages/airflow/example_dags/example_bash_operator.py
[2024-11-13T19:32:39.034+1100] {processor.py:914} INFO - Processing file /Users/yoonmoon/git/learn-airflow/airflow1/py_env/lib/python3.11/site-packages/airflow/example_dags/example_bash_operator.py for tasks to queue
[2024-11-13T19:32:39.035+1100] {logging_mixin.py:190} INFO - [2024-11-13T19:32:39.035+1100] {dagbag.py:588} INFO - Filling up the DagBag from /Users/yoonmoon/git/learn-airflow/airflow1/py_env/lib/python3.11/site-packages/airflow/example_dags/example_bash_operator.py
[2024-11-13T19:32:39.040+1100] {processor.py:925} INFO - DAG(s) 'example_bash_operator' retrieved from /Users/yoonmoon/git/learn-airflow/airflow1/py_env/lib/python3.11/site-packages/airflow/example_dags/example_bash_operator.py
[2024-11-13T19:32:39.107+1100] {logging_mixin.py:190} INFO - [2024-11-13T19:32:39.106+1100] {dag.py:3239} INFO - Sync 1 DAGs
[2024-11-13T19:32:39.114+1100] {logging_mixin.py:190} INFO - [2024-11-13T19:32:39.114+1100] {dag.py:4180} INFO - Setting next_dagrun for example_bash_operator to 2024-11-12 00:00:00+00:00, run_after=2024-11-13 00:00:00+00:00
[2024-11-13T19:32:39.121+1100] {processor.py:208} INFO - Processing /Users/yoonmoon/git/learn-airflow/airflow1/py_env/lib/python3.11/site-packages/airflow/example_dags/example_bash_operator.py took 0.090 seconds
[2024-11-13T19:35:17.444+1100] {processor.py:186} INFO - Started process (PID=64743) to work on /Users/yoonmoon/git/learn-airflow/airflow1/py_env/lib/python3.11/site-packages/airflow/example_dags/example_bash_operator.py
[2024-11-13T19:35:17.446+1100] {processor.py:914} INFO - Processing file /Users/yoonmoon/git/learn-airflow/airflow1/py_env/lib/python3.11/site-packages/airflow/example_dags/example_bash_operator.py for tasks to queue
[2024-11-13T19:35:17.446+1100] {logging_mixin.py:190} INFO - [2024-11-13T19:35:17.446+1100] {dagbag.py:588} INFO - Filling up the DagBag from /Users/yoonmoon/git/learn-airflow/airflow1/py_env/lib/python3.11/site-packages/airflow/example_dags/example_bash_operator.py
[2024-11-13T19:35:17.451+1100] {processor.py:925} INFO - DAG(s) 'example_bash_operator' retrieved from /Users/yoonmoon/git/learn-airflow/airflow1/py_env/lib/python3.11/site-packages/airflow/example_dags/example_bash_operator.py
[2024-11-13T19:35:17.513+1100] {logging_mixin.py:190} INFO - [2024-11-13T19:35:17.512+1100] {dag.py:3239} INFO - Sync 1 DAGs
[2024-11-13T19:35:17.519+1100] {logging_mixin.py:190} INFO - [2024-11-13T19:35:17.518+1100] {dag.py:4180} INFO - Setting next_dagrun for example_bash_operator to 2024-11-12 00:00:00+00:00, run_after=2024-11-13 00:00:00+00:00
[2024-11-13T19:35:17.525+1100] {processor.py:208} INFO - Processing /Users/yoonmoon/git/learn-airflow/airflow1/py_env/lib/python3.11/site-packages/airflow/example_dags/example_bash_operator.py took 0.083 seconds
[2024-11-13T19:37:48.257+1100] {processor.py:186} INFO - Started process (PID=65045) to work on /Users/yoonmoon/git/learn-airflow/airflow1/py_env/lib/python3.11/site-packages/airflow/example_dags/example_bash_operator.py
[2024-11-13T19:37:48.258+1100] {processor.py:914} INFO - Processing file /Users/yoonmoon/git/learn-airflow/airflow1/py_env/lib/python3.11/site-packages/airflow/example_dags/example_bash_operator.py for tasks to queue
[2024-11-13T19:37:48.258+1100] {logging_mixin.py:190} INFO - [2024-11-13T19:37:48.258+1100] {dagbag.py:588} INFO - Filling up the DagBag from /Users/yoonmoon/git/learn-airflow/airflow1/py_env/lib/python3.11/site-packages/airflow/example_dags/example_bash_operator.py
[2024-11-13T19:37:48.265+1100] {processor.py:925} INFO - DAG(s) 'example_bash_operator' retrieved from /Users/yoonmoon/git/learn-airflow/airflow1/py_env/lib/python3.11/site-packages/airflow/example_dags/example_bash_operator.py
[2024-11-13T19:37:48.330+1100] {logging_mixin.py:190} INFO - [2024-11-13T19:37:48.329+1100] {dag.py:3239} INFO - Sync 1 DAGs
[2024-11-13T19:37:48.336+1100] {logging_mixin.py:190} INFO - [2024-11-13T19:37:48.336+1100] {dag.py:4180} INFO - Setting next_dagrun for example_bash_operator to 2024-11-12 00:00:00+00:00, run_after=2024-11-13 00:00:00+00:00
[2024-11-13T19:37:48.343+1100] {processor.py:208} INFO - Processing /Users/yoonmoon/git/learn-airflow/airflow1/py_env/lib/python3.11/site-packages/airflow/example_dags/example_bash_operator.py took 0.088 seconds
[2024-11-13T19:40:03.621+1100] {processor.py:186} INFO - Started process (PID=65317) to work on /Users/yoonmoon/git/learn-airflow/airflow1/py_env/lib/python3.11/site-packages/airflow/example_dags/example_bash_operator.py
[2024-11-13T19:40:03.622+1100] {processor.py:914} INFO - Processing file /Users/yoonmoon/git/learn-airflow/airflow1/py_env/lib/python3.11/site-packages/airflow/example_dags/example_bash_operator.py for tasks to queue
[2024-11-13T19:40:03.623+1100] {logging_mixin.py:190} INFO - [2024-11-13T19:40:03.623+1100] {dagbag.py:588} INFO - Filling up the DagBag from /Users/yoonmoon/git/learn-airflow/airflow1/py_env/lib/python3.11/site-packages/airflow/example_dags/example_bash_operator.py
[2024-11-13T19:40:03.628+1100] {processor.py:925} INFO - DAG(s) 'example_bash_operator' retrieved from /Users/yoonmoon/git/learn-airflow/airflow1/py_env/lib/python3.11/site-packages/airflow/example_dags/example_bash_operator.py
[2024-11-13T19:40:03.692+1100] {logging_mixin.py:190} INFO - [2024-11-13T19:40:03.692+1100] {dag.py:3239} INFO - Sync 1 DAGs
[2024-11-13T19:40:03.699+1100] {logging_mixin.py:190} INFO - [2024-11-13T19:40:03.699+1100] {dag.py:4180} INFO - Setting next_dagrun for example_bash_operator to 2024-11-12 00:00:00+00:00, run_after=2024-11-13 00:00:00+00:00
[2024-11-13T19:40:03.705+1100] {processor.py:208} INFO - Processing /Users/yoonmoon/git/learn-airflow/airflow1/py_env/lib/python3.11/site-packages/airflow/example_dags/example_bash_operator.py took 0.086 seconds
[2024-11-13T19:42:23.815+1100] {processor.py:186} INFO - Started process (PID=65620) to work on /Users/yoonmoon/git/learn-airflow/airflow1/py_env/lib/python3.11/site-packages/airflow/example_dags/example_bash_operator.py
[2024-11-13T19:42:23.817+1100] {processor.py:914} INFO - Processing file /Users/yoonmoon/git/learn-airflow/airflow1/py_env/lib/python3.11/site-packages/airflow/example_dags/example_bash_operator.py for tasks to queue
[2024-11-13T19:42:23.817+1100] {logging_mixin.py:190} INFO - [2024-11-13T19:42:23.817+1100] {dagbag.py:588} INFO - Filling up the DagBag from /Users/yoonmoon/git/learn-airflow/airflow1/py_env/lib/python3.11/site-packages/airflow/example_dags/example_bash_operator.py
[2024-11-13T19:42:23.822+1100] {processor.py:925} INFO - DAG(s) 'example_bash_operator' retrieved from /Users/yoonmoon/git/learn-airflow/airflow1/py_env/lib/python3.11/site-packages/airflow/example_dags/example_bash_operator.py
[2024-11-13T19:42:23.884+1100] {logging_mixin.py:190} INFO - [2024-11-13T19:42:23.883+1100] {dag.py:3239} INFO - Sync 1 DAGs
[2024-11-13T19:42:23.889+1100] {logging_mixin.py:190} INFO - [2024-11-13T19:42:23.889+1100] {dag.py:4180} INFO - Setting next_dagrun for example_bash_operator to 2024-11-12 00:00:00+00:00, run_after=2024-11-13 00:00:00+00:00
[2024-11-13T19:42:23.896+1100] {processor.py:208} INFO - Processing /Users/yoonmoon/git/learn-airflow/airflow1/py_env/lib/python3.11/site-packages/airflow/example_dags/example_bash_operator.py took 0.082 seconds
[2024-11-13T19:44:40.607+1100] {processor.py:186} INFO - Started process (PID=65887) to work on /Users/yoonmoon/git/learn-airflow/airflow1/py_env/lib/python3.11/site-packages/airflow/example_dags/example_bash_operator.py
[2024-11-13T19:44:40.609+1100] {processor.py:914} INFO - Processing file /Users/yoonmoon/git/learn-airflow/airflow1/py_env/lib/python3.11/site-packages/airflow/example_dags/example_bash_operator.py for tasks to queue
[2024-11-13T19:44:40.609+1100] {logging_mixin.py:190} INFO - [2024-11-13T19:44:40.609+1100] {dagbag.py:588} INFO - Filling up the DagBag from /Users/yoonmoon/git/learn-airflow/airflow1/py_env/lib/python3.11/site-packages/airflow/example_dags/example_bash_operator.py
[2024-11-13T19:44:40.614+1100] {processor.py:925} INFO - DAG(s) 'example_bash_operator' retrieved from /Users/yoonmoon/git/learn-airflow/airflow1/py_env/lib/python3.11/site-packages/airflow/example_dags/example_bash_operator.py
[2024-11-13T19:44:40.675+1100] {logging_mixin.py:190} INFO - [2024-11-13T19:44:40.675+1100] {dag.py:3239} INFO - Sync 1 DAGs
[2024-11-13T19:44:40.681+1100] {logging_mixin.py:190} INFO - [2024-11-13T19:44:40.681+1100] {dag.py:4180} INFO - Setting next_dagrun for example_bash_operator to 2024-11-12 00:00:00+00:00, run_after=2024-11-13 00:00:00+00:00
[2024-11-13T19:44:40.688+1100] {processor.py:208} INFO - Processing /Users/yoonmoon/git/learn-airflow/airflow1/py_env/lib/python3.11/site-packages/airflow/example_dags/example_bash_operator.py took 0.083 seconds
[2024-11-13T19:46:51.399+1100] {processor.py:186} INFO - Started process (PID=66136) to work on /Users/yoonmoon/git/learn-airflow/airflow1/py_env/lib/python3.11/site-packages/airflow/example_dags/example_bash_operator.py
[2024-11-13T19:46:51.400+1100] {processor.py:914} INFO - Processing file /Users/yoonmoon/git/learn-airflow/airflow1/py_env/lib/python3.11/site-packages/airflow/example_dags/example_bash_operator.py for tasks to queue
[2024-11-13T19:46:51.401+1100] {logging_mixin.py:190} INFO - [2024-11-13T19:46:51.401+1100] {dagbag.py:588} INFO - Filling up the DagBag from /Users/yoonmoon/git/learn-airflow/airflow1/py_env/lib/python3.11/site-packages/airflow/example_dags/example_bash_operator.py
[2024-11-13T19:46:51.406+1100] {processor.py:925} INFO - DAG(s) 'example_bash_operator' retrieved from /Users/yoonmoon/git/learn-airflow/airflow1/py_env/lib/python3.11/site-packages/airflow/example_dags/example_bash_operator.py
[2024-11-13T19:46:51.467+1100] {logging_mixin.py:190} INFO - [2024-11-13T19:46:51.467+1100] {dag.py:3239} INFO - Sync 1 DAGs
[2024-11-13T19:46:51.472+1100] {logging_mixin.py:190} INFO - [2024-11-13T19:46:51.472+1100] {dag.py:4180} INFO - Setting next_dagrun for example_bash_operator to 2024-11-12 00:00:00+00:00, run_after=2024-11-13 00:00:00+00:00
[2024-11-13T19:46:51.479+1100] {processor.py:208} INFO - Processing /Users/yoonmoon/git/learn-airflow/airflow1/py_env/lib/python3.11/site-packages/airflow/example_dags/example_bash_operator.py took 0.082 seconds
[2024-11-13T19:49:03.533+1100] {processor.py:186} INFO - Started process (PID=66378) to work on /Users/yoonmoon/git/learn-airflow/airflow1/py_env/lib/python3.11/site-packages/airflow/example_dags/example_bash_operator.py
[2024-11-13T19:49:03.534+1100] {processor.py:914} INFO - Processing file /Users/yoonmoon/git/learn-airflow/airflow1/py_env/lib/python3.11/site-packages/airflow/example_dags/example_bash_operator.py for tasks to queue
[2024-11-13T19:49:03.534+1100] {logging_mixin.py:190} INFO - [2024-11-13T19:49:03.534+1100] {dagbag.py:588} INFO - Filling up the DagBag from /Users/yoonmoon/git/learn-airflow/airflow1/py_env/lib/python3.11/site-packages/airflow/example_dags/example_bash_operator.py
[2024-11-13T19:49:03.540+1100] {processor.py:925} INFO - DAG(s) 'example_bash_operator' retrieved from /Users/yoonmoon/git/learn-airflow/airflow1/py_env/lib/python3.11/site-packages/airflow/example_dags/example_bash_operator.py
[2024-11-13T19:49:03.601+1100] {logging_mixin.py:190} INFO - [2024-11-13T19:49:03.601+1100] {dag.py:3239} INFO - Sync 1 DAGs
[2024-11-13T19:49:03.607+1100] {logging_mixin.py:190} INFO - [2024-11-13T19:49:03.607+1100] {dag.py:4180} INFO - Setting next_dagrun for example_bash_operator to 2024-11-12 00:00:00+00:00, run_after=2024-11-13 00:00:00+00:00
[2024-11-13T19:49:03.614+1100] {processor.py:208} INFO - Processing /Users/yoonmoon/git/learn-airflow/airflow1/py_env/lib/python3.11/site-packages/airflow/example_dags/example_bash_operator.py took 0.083 seconds
[2024-11-13T19:51:15.937+1100] {processor.py:186} INFO - Started process (PID=66620) to work on /Users/yoonmoon/git/learn-airflow/airflow1/py_env/lib/python3.11/site-packages/airflow/example_dags/example_bash_operator.py
[2024-11-13T19:51:15.939+1100] {processor.py:914} INFO - Processing file /Users/yoonmoon/git/learn-airflow/airflow1/py_env/lib/python3.11/site-packages/airflow/example_dags/example_bash_operator.py for tasks to queue
[2024-11-13T19:51:15.939+1100] {logging_mixin.py:190} INFO - [2024-11-13T19:51:15.939+1100] {dagbag.py:588} INFO - Filling up the DagBag from /Users/yoonmoon/git/learn-airflow/airflow1/py_env/lib/python3.11/site-packages/airflow/example_dags/example_bash_operator.py
[2024-11-13T19:51:15.944+1100] {processor.py:925} INFO - DAG(s) 'example_bash_operator' retrieved from /Users/yoonmoon/git/learn-airflow/airflow1/py_env/lib/python3.11/site-packages/airflow/example_dags/example_bash_operator.py
[2024-11-13T19:51:16.005+1100] {logging_mixin.py:190} INFO - [2024-11-13T19:51:16.005+1100] {dag.py:3239} INFO - Sync 1 DAGs
[2024-11-13T19:51:16.011+1100] {logging_mixin.py:190} INFO - [2024-11-13T19:51:16.011+1100] {dag.py:4180} INFO - Setting next_dagrun for example_bash_operator to 2024-11-12 00:00:00+00:00, run_after=2024-11-13 00:00:00+00:00
[2024-11-13T19:51:16.018+1100] {processor.py:208} INFO - Processing /Users/yoonmoon/git/learn-airflow/airflow1/py_env/lib/python3.11/site-packages/airflow/example_dags/example_bash_operator.py took 0.082 seconds
[2024-11-13T19:53:34.725+1100] {processor.py:186} INFO - Started process (PID=66877) to work on /Users/yoonmoon/git/learn-airflow/airflow1/py_env/lib/python3.11/site-packages/airflow/example_dags/example_bash_operator.py
[2024-11-13T19:53:34.726+1100] {processor.py:914} INFO - Processing file /Users/yoonmoon/git/learn-airflow/airflow1/py_env/lib/python3.11/site-packages/airflow/example_dags/example_bash_operator.py for tasks to queue
[2024-11-13T19:53:34.726+1100] {logging_mixin.py:190} INFO - [2024-11-13T19:53:34.726+1100] {dagbag.py:588} INFO - Filling up the DagBag from /Users/yoonmoon/git/learn-airflow/airflow1/py_env/lib/python3.11/site-packages/airflow/example_dags/example_bash_operator.py
[2024-11-13T19:53:34.732+1100] {processor.py:925} INFO - DAG(s) 'example_bash_operator' retrieved from /Users/yoonmoon/git/learn-airflow/airflow1/py_env/lib/python3.11/site-packages/airflow/example_dags/example_bash_operator.py
[2024-11-13T19:53:34.793+1100] {logging_mixin.py:190} INFO - [2024-11-13T19:53:34.793+1100] {dag.py:3239} INFO - Sync 1 DAGs
[2024-11-13T19:53:34.799+1100] {logging_mixin.py:190} INFO - [2024-11-13T19:53:34.799+1100] {dag.py:4180} INFO - Setting next_dagrun for example_bash_operator to 2024-11-12 00:00:00+00:00, run_after=2024-11-13 00:00:00+00:00
[2024-11-13T19:53:34.806+1100] {processor.py:208} INFO - Processing /Users/yoonmoon/git/learn-airflow/airflow1/py_env/lib/python3.11/site-packages/airflow/example_dags/example_bash_operator.py took 0.083 seconds
[2024-11-13T19:55:56.893+1100] {processor.py:186} INFO - Started process (PID=67159) to work on /Users/yoonmoon/git/learn-airflow/airflow1/py_env/lib/python3.11/site-packages/airflow/example_dags/example_bash_operator.py
[2024-11-13T19:55:56.894+1100] {processor.py:914} INFO - Processing file /Users/yoonmoon/git/learn-airflow/airflow1/py_env/lib/python3.11/site-packages/airflow/example_dags/example_bash_operator.py for tasks to queue
[2024-11-13T19:55:56.894+1100] {logging_mixin.py:190} INFO - [2024-11-13T19:55:56.894+1100] {dagbag.py:588} INFO - Filling up the DagBag from /Users/yoonmoon/git/learn-airflow/airflow1/py_env/lib/python3.11/site-packages/airflow/example_dags/example_bash_operator.py
[2024-11-13T19:55:56.899+1100] {processor.py:925} INFO - DAG(s) 'example_bash_operator' retrieved from /Users/yoonmoon/git/learn-airflow/airflow1/py_env/lib/python3.11/site-packages/airflow/example_dags/example_bash_operator.py
[2024-11-13T19:55:56.961+1100] {logging_mixin.py:190} INFO - [2024-11-13T19:55:56.961+1100] {dag.py:3239} INFO - Sync 1 DAGs
[2024-11-13T19:55:56.968+1100] {logging_mixin.py:190} INFO - [2024-11-13T19:55:56.968+1100] {dag.py:4180} INFO - Setting next_dagrun for example_bash_operator to 2024-11-12 00:00:00+00:00, run_after=2024-11-13 00:00:00+00:00
[2024-11-13T19:55:56.974+1100] {processor.py:208} INFO - Processing /Users/yoonmoon/git/learn-airflow/airflow1/py_env/lib/python3.11/site-packages/airflow/example_dags/example_bash_operator.py took 0.083 seconds
[2024-11-13T19:58:12.704+1100] {processor.py:186} INFO - Started process (PID=67407) to work on /Users/yoonmoon/git/learn-airflow/airflow1/py_env/lib/python3.11/site-packages/airflow/example_dags/example_bash_operator.py
[2024-11-13T19:58:12.705+1100] {processor.py:914} INFO - Processing file /Users/yoonmoon/git/learn-airflow/airflow1/py_env/lib/python3.11/site-packages/airflow/example_dags/example_bash_operator.py for tasks to queue
[2024-11-13T19:58:12.706+1100] {logging_mixin.py:190} INFO - [2024-11-13T19:58:12.706+1100] {dagbag.py:588} INFO - Filling up the DagBag from /Users/yoonmoon/git/learn-airflow/airflow1/py_env/lib/python3.11/site-packages/airflow/example_dags/example_bash_operator.py
[2024-11-13T19:58:12.711+1100] {processor.py:925} INFO - DAG(s) 'example_bash_operator' retrieved from /Users/yoonmoon/git/learn-airflow/airflow1/py_env/lib/python3.11/site-packages/airflow/example_dags/example_bash_operator.py
[2024-11-13T19:58:12.772+1100] {logging_mixin.py:190} INFO - [2024-11-13T19:58:12.772+1100] {dag.py:3239} INFO - Sync 1 DAGs
[2024-11-13T19:58:12.778+1100] {logging_mixin.py:190} INFO - [2024-11-13T19:58:12.778+1100] {dag.py:4180} INFO - Setting next_dagrun for example_bash_operator to 2024-11-12 00:00:00+00:00, run_after=2024-11-13 00:00:00+00:00
[2024-11-13T19:58:12.784+1100] {processor.py:208} INFO - Processing /Users/yoonmoon/git/learn-airflow/airflow1/py_env/lib/python3.11/site-packages/airflow/example_dags/example_bash_operator.py took 0.082 seconds
[2024-11-13T20:00:29.356+1100] {processor.py:186} INFO - Started process (PID=67655) to work on /Users/yoonmoon/git/learn-airflow/airflow1/py_env/lib/python3.11/site-packages/airflow/example_dags/example_bash_operator.py
[2024-11-13T20:00:29.357+1100] {processor.py:914} INFO - Processing file /Users/yoonmoon/git/learn-airflow/airflow1/py_env/lib/python3.11/site-packages/airflow/example_dags/example_bash_operator.py for tasks to queue
[2024-11-13T20:00:29.358+1100] {logging_mixin.py:190} INFO - [2024-11-13T20:00:29.358+1100] {dagbag.py:588} INFO - Filling up the DagBag from /Users/yoonmoon/git/learn-airflow/airflow1/py_env/lib/python3.11/site-packages/airflow/example_dags/example_bash_operator.py
[2024-11-13T20:00:29.362+1100] {processor.py:925} INFO - DAG(s) 'example_bash_operator' retrieved from /Users/yoonmoon/git/learn-airflow/airflow1/py_env/lib/python3.11/site-packages/airflow/example_dags/example_bash_operator.py
[2024-11-13T20:00:29.424+1100] {logging_mixin.py:190} INFO - [2024-11-13T20:00:29.423+1100] {dag.py:3239} INFO - Sync 1 DAGs
[2024-11-13T20:00:29.430+1100] {logging_mixin.py:190} INFO - [2024-11-13T20:00:29.430+1100] {dag.py:4180} INFO - Setting next_dagrun for example_bash_operator to 2024-11-12 00:00:00+00:00, run_after=2024-11-13 00:00:00+00:00
[2024-11-13T20:00:29.437+1100] {processor.py:208} INFO - Processing /Users/yoonmoon/git/learn-airflow/airflow1/py_env/lib/python3.11/site-packages/airflow/example_dags/example_bash_operator.py took 0.083 seconds
[2024-11-13T20:02:44.321+1100] {processor.py:186} INFO - Started process (PID=67900) to work on /Users/yoonmoon/git/learn-airflow/airflow1/py_env/lib/python3.11/site-packages/airflow/example_dags/example_bash_operator.py
[2024-11-13T20:02:44.322+1100] {processor.py:914} INFO - Processing file /Users/yoonmoon/git/learn-airflow/airflow1/py_env/lib/python3.11/site-packages/airflow/example_dags/example_bash_operator.py for tasks to queue
[2024-11-13T20:02:44.323+1100] {logging_mixin.py:190} INFO - [2024-11-13T20:02:44.323+1100] {dagbag.py:588} INFO - Filling up the DagBag from /Users/yoonmoon/git/learn-airflow/airflow1/py_env/lib/python3.11/site-packages/airflow/example_dags/example_bash_operator.py
[2024-11-13T20:02:44.328+1100] {processor.py:925} INFO - DAG(s) 'example_bash_operator' retrieved from /Users/yoonmoon/git/learn-airflow/airflow1/py_env/lib/python3.11/site-packages/airflow/example_dags/example_bash_operator.py
[2024-11-13T20:02:44.388+1100] {logging_mixin.py:190} INFO - [2024-11-13T20:02:44.388+1100] {dag.py:3239} INFO - Sync 1 DAGs
[2024-11-13T20:02:44.394+1100] {logging_mixin.py:190} INFO - [2024-11-13T20:02:44.394+1100] {dag.py:4180} INFO - Setting next_dagrun for example_bash_operator to 2024-11-12 00:00:00+00:00, run_after=2024-11-13 00:00:00+00:00
[2024-11-13T20:02:44.400+1100] {processor.py:208} INFO - Processing /Users/yoonmoon/git/learn-airflow/airflow1/py_env/lib/python3.11/site-packages/airflow/example_dags/example_bash_operator.py took 0.081 seconds
[2024-11-13T20:04:58.954+1100] {processor.py:186} INFO - Started process (PID=68143) to work on /Users/yoonmoon/git/learn-airflow/airflow1/py_env/lib/python3.11/site-packages/airflow/example_dags/example_bash_operator.py
[2024-11-13T20:04:58.956+1100] {processor.py:914} INFO - Processing file /Users/yoonmoon/git/learn-airflow/airflow1/py_env/lib/python3.11/site-packages/airflow/example_dags/example_bash_operator.py for tasks to queue
[2024-11-13T20:04:58.956+1100] {logging_mixin.py:190} INFO - [2024-11-13T20:04:58.956+1100] {dagbag.py:588} INFO - Filling up the DagBag from /Users/yoonmoon/git/learn-airflow/airflow1/py_env/lib/python3.11/site-packages/airflow/example_dags/example_bash_operator.py
[2024-11-13T20:04:58.961+1100] {processor.py:925} INFO - DAG(s) 'example_bash_operator' retrieved from /Users/yoonmoon/git/learn-airflow/airflow1/py_env/lib/python3.11/site-packages/airflow/example_dags/example_bash_operator.py
[2024-11-13T20:04:59.022+1100] {logging_mixin.py:190} INFO - [2024-11-13T20:04:59.022+1100] {dag.py:3239} INFO - Sync 1 DAGs
[2024-11-13T20:04:59.028+1100] {logging_mixin.py:190} INFO - [2024-11-13T20:04:59.028+1100] {dag.py:4180} INFO - Setting next_dagrun for example_bash_operator to 2024-11-12 00:00:00+00:00, run_after=2024-11-13 00:00:00+00:00
[2024-11-13T20:04:59.034+1100] {processor.py:208} INFO - Processing /Users/yoonmoon/git/learn-airflow/airflow1/py_env/lib/python3.11/site-packages/airflow/example_dags/example_bash_operator.py took 0.082 seconds
[2024-11-13T20:07:19.830+1100] {processor.py:186} INFO - Started process (PID=68442) to work on /Users/yoonmoon/git/learn-airflow/airflow1/py_env/lib/python3.11/site-packages/airflow/example_dags/example_bash_operator.py
[2024-11-13T20:07:19.831+1100] {processor.py:914} INFO - Processing file /Users/yoonmoon/git/learn-airflow/airflow1/py_env/lib/python3.11/site-packages/airflow/example_dags/example_bash_operator.py for tasks to queue
[2024-11-13T20:07:19.832+1100] {logging_mixin.py:190} INFO - [2024-11-13T20:07:19.832+1100] {dagbag.py:588} INFO - Filling up the DagBag from /Users/yoonmoon/git/learn-airflow/airflow1/py_env/lib/python3.11/site-packages/airflow/example_dags/example_bash_operator.py
[2024-11-13T20:07:19.837+1100] {processor.py:925} INFO - DAG(s) 'example_bash_operator' retrieved from /Users/yoonmoon/git/learn-airflow/airflow1/py_env/lib/python3.11/site-packages/airflow/example_dags/example_bash_operator.py
[2024-11-13T20:07:19.900+1100] {logging_mixin.py:190} INFO - [2024-11-13T20:07:19.900+1100] {dag.py:3239} INFO - Sync 1 DAGs
[2024-11-13T20:07:19.906+1100] {logging_mixin.py:190} INFO - [2024-11-13T20:07:19.906+1100] {dag.py:4180} INFO - Setting next_dagrun for example_bash_operator to 2024-11-12 00:00:00+00:00, run_after=2024-11-13 00:00:00+00:00
[2024-11-13T20:07:19.912+1100] {processor.py:208} INFO - Processing /Users/yoonmoon/git/learn-airflow/airflow1/py_env/lib/python3.11/site-packages/airflow/example_dags/example_bash_operator.py took 0.085 seconds
[2024-11-13T20:09:42.357+1100] {processor.py:186} INFO - Started process (PID=68707) to work on /Users/yoonmoon/git/learn-airflow/airflow1/py_env/lib/python3.11/site-packages/airflow/example_dags/example_bash_operator.py
[2024-11-13T20:09:42.359+1100] {processor.py:914} INFO - Processing file /Users/yoonmoon/git/learn-airflow/airflow1/py_env/lib/python3.11/site-packages/airflow/example_dags/example_bash_operator.py for tasks to queue
[2024-11-13T20:09:42.359+1100] {logging_mixin.py:190} INFO - [2024-11-13T20:09:42.359+1100] {dagbag.py:588} INFO - Filling up the DagBag from /Users/yoonmoon/git/learn-airflow/airflow1/py_env/lib/python3.11/site-packages/airflow/example_dags/example_bash_operator.py
[2024-11-13T20:09:42.364+1100] {processor.py:925} INFO - DAG(s) 'example_bash_operator' retrieved from /Users/yoonmoon/git/learn-airflow/airflow1/py_env/lib/python3.11/site-packages/airflow/example_dags/example_bash_operator.py
[2024-11-13T20:09:42.430+1100] {logging_mixin.py:190} INFO - [2024-11-13T20:09:42.430+1100] {dag.py:3239} INFO - Sync 1 DAGs
[2024-11-13T20:09:42.436+1100] {logging_mixin.py:190} INFO - [2024-11-13T20:09:42.436+1100] {dag.py:4180} INFO - Setting next_dagrun for example_bash_operator to 2024-11-12 00:00:00+00:00, run_after=2024-11-13 00:00:00+00:00
[2024-11-13T20:09:42.443+1100] {processor.py:208} INFO - Processing /Users/yoonmoon/git/learn-airflow/airflow1/py_env/lib/python3.11/site-packages/airflow/example_dags/example_bash_operator.py took 0.088 seconds
[2024-11-13T20:11:57.369+1100] {processor.py:186} INFO - Started process (PID=68986) to work on /Users/yoonmoon/git/learn-airflow/airflow1/py_env/lib/python3.11/site-packages/airflow/example_dags/example_bash_operator.py
[2024-11-13T20:11:57.369+1100] {processor.py:914} INFO - Processing file /Users/yoonmoon/git/learn-airflow/airflow1/py_env/lib/python3.11/site-packages/airflow/example_dags/example_bash_operator.py for tasks to queue
[2024-11-13T20:11:57.370+1100] {logging_mixin.py:190} INFO - [2024-11-13T20:11:57.370+1100] {dagbag.py:588} INFO - Filling up the DagBag from /Users/yoonmoon/git/learn-airflow/airflow1/py_env/lib/python3.11/site-packages/airflow/example_dags/example_bash_operator.py
[2024-11-13T20:11:57.375+1100] {processor.py:925} INFO - DAG(s) 'example_bash_operator' retrieved from /Users/yoonmoon/git/learn-airflow/airflow1/py_env/lib/python3.11/site-packages/airflow/example_dags/example_bash_operator.py
[2024-11-13T20:11:57.440+1100] {logging_mixin.py:190} INFO - [2024-11-13T20:11:57.440+1100] {dag.py:3239} INFO - Sync 1 DAGs
[2024-11-13T20:11:57.446+1100] {logging_mixin.py:190} INFO - [2024-11-13T20:11:57.446+1100] {dag.py:4180} INFO - Setting next_dagrun for example_bash_operator to 2024-11-12 00:00:00+00:00, run_after=2024-11-13 00:00:00+00:00
[2024-11-13T20:11:57.453+1100] {processor.py:208} INFO - Processing /Users/yoonmoon/git/learn-airflow/airflow1/py_env/lib/python3.11/site-packages/airflow/example_dags/example_bash_operator.py took 0.086 seconds
[2024-11-13T20:14:13.784+1100] {processor.py:186} INFO - Started process (PID=69233) to work on /Users/yoonmoon/git/learn-airflow/airflow1/py_env/lib/python3.11/site-packages/airflow/example_dags/example_bash_operator.py
[2024-11-13T20:14:13.785+1100] {processor.py:914} INFO - Processing file /Users/yoonmoon/git/learn-airflow/airflow1/py_env/lib/python3.11/site-packages/airflow/example_dags/example_bash_operator.py for tasks to queue
[2024-11-13T20:14:13.786+1100] {logging_mixin.py:190} INFO - [2024-11-13T20:14:13.786+1100] {dagbag.py:588} INFO - Filling up the DagBag from /Users/yoonmoon/git/learn-airflow/airflow1/py_env/lib/python3.11/site-packages/airflow/example_dags/example_bash_operator.py
[2024-11-13T20:14:13.791+1100] {processor.py:925} INFO - DAG(s) 'example_bash_operator' retrieved from /Users/yoonmoon/git/learn-airflow/airflow1/py_env/lib/python3.11/site-packages/airflow/example_dags/example_bash_operator.py
[2024-11-13T20:14:13.853+1100] {logging_mixin.py:190} INFO - [2024-11-13T20:14:13.853+1100] {dag.py:3239} INFO - Sync 1 DAGs
[2024-11-13T20:14:13.859+1100] {logging_mixin.py:190} INFO - [2024-11-13T20:14:13.859+1100] {dag.py:4180} INFO - Setting next_dagrun for example_bash_operator to 2024-11-12 00:00:00+00:00, run_after=2024-11-13 00:00:00+00:00
[2024-11-13T20:14:13.866+1100] {processor.py:208} INFO - Processing /Users/yoonmoon/git/learn-airflow/airflow1/py_env/lib/python3.11/site-packages/airflow/example_dags/example_bash_operator.py took 0.084 seconds
[2024-11-13T20:16:33.217+1100] {processor.py:186} INFO - Started process (PID=69482) to work on /Users/yoonmoon/git/learn-airflow/airflow1/py_env/lib/python3.11/site-packages/airflow/example_dags/example_bash_operator.py
[2024-11-13T20:16:33.218+1100] {processor.py:914} INFO - Processing file /Users/yoonmoon/git/learn-airflow/airflow1/py_env/lib/python3.11/site-packages/airflow/example_dags/example_bash_operator.py for tasks to queue
[2024-11-13T20:16:33.218+1100] {logging_mixin.py:190} INFO - [2024-11-13T20:16:33.218+1100] {dagbag.py:588} INFO - Filling up the DagBag from /Users/yoonmoon/git/learn-airflow/airflow1/py_env/lib/python3.11/site-packages/airflow/example_dags/example_bash_operator.py
[2024-11-13T20:16:33.224+1100] {processor.py:925} INFO - DAG(s) 'example_bash_operator' retrieved from /Users/yoonmoon/git/learn-airflow/airflow1/py_env/lib/python3.11/site-packages/airflow/example_dags/example_bash_operator.py
[2024-11-13T20:16:33.290+1100] {logging_mixin.py:190} INFO - [2024-11-13T20:16:33.290+1100] {dag.py:3239} INFO - Sync 1 DAGs
[2024-11-13T20:16:33.296+1100] {logging_mixin.py:190} INFO - [2024-11-13T20:16:33.296+1100] {dag.py:4180} INFO - Setting next_dagrun for example_bash_operator to 2024-11-12 00:00:00+00:00, run_after=2024-11-13 00:00:00+00:00
[2024-11-13T20:16:33.303+1100] {processor.py:208} INFO - Processing /Users/yoonmoon/git/learn-airflow/airflow1/py_env/lib/python3.11/site-packages/airflow/example_dags/example_bash_operator.py took 0.088 seconds
[2024-11-13T20:18:52.500+1100] {processor.py:186} INFO - Started process (PID=69754) to work on /Users/yoonmoon/git/learn-airflow/airflow1/py_env/lib/python3.11/site-packages/airflow/example_dags/example_bash_operator.py
[2024-11-13T20:18:52.501+1100] {processor.py:914} INFO - Processing file /Users/yoonmoon/git/learn-airflow/airflow1/py_env/lib/python3.11/site-packages/airflow/example_dags/example_bash_operator.py for tasks to queue
[2024-11-13T20:18:52.502+1100] {logging_mixin.py:190} INFO - [2024-11-13T20:18:52.502+1100] {dagbag.py:588} INFO - Filling up the DagBag from /Users/yoonmoon/git/learn-airflow/airflow1/py_env/lib/python3.11/site-packages/airflow/example_dags/example_bash_operator.py
[2024-11-13T20:18:52.508+1100] {processor.py:925} INFO - DAG(s) 'example_bash_operator' retrieved from /Users/yoonmoon/git/learn-airflow/airflow1/py_env/lib/python3.11/site-packages/airflow/example_dags/example_bash_operator.py
[2024-11-13T20:18:52.571+1100] {logging_mixin.py:190} INFO - [2024-11-13T20:18:52.571+1100] {dag.py:3239} INFO - Sync 1 DAGs
[2024-11-13T20:18:52.579+1100] {logging_mixin.py:190} INFO - [2024-11-13T20:18:52.578+1100] {dag.py:4180} INFO - Setting next_dagrun for example_bash_operator to 2024-11-12 00:00:00+00:00, run_after=2024-11-13 00:00:00+00:00
[2024-11-13T20:18:52.585+1100] {processor.py:208} INFO - Processing /Users/yoonmoon/git/learn-airflow/airflow1/py_env/lib/python3.11/site-packages/airflow/example_dags/example_bash_operator.py took 0.088 seconds
[2024-11-13T20:21:11.705+1100] {processor.py:186} INFO - Started process (PID=70129) to work on /Users/yoonmoon/git/learn-airflow/airflow1/py_env/lib/python3.11/site-packages/airflow/example_dags/example_bash_operator.py
[2024-11-13T20:21:11.706+1100] {processor.py:914} INFO - Processing file /Users/yoonmoon/git/learn-airflow/airflow1/py_env/lib/python3.11/site-packages/airflow/example_dags/example_bash_operator.py for tasks to queue
[2024-11-13T20:21:11.707+1100] {logging_mixin.py:190} INFO - [2024-11-13T20:21:11.707+1100] {dagbag.py:588} INFO - Filling up the DagBag from /Users/yoonmoon/git/learn-airflow/airflow1/py_env/lib/python3.11/site-packages/airflow/example_dags/example_bash_operator.py
[2024-11-13T20:21:11.712+1100] {processor.py:925} INFO - DAG(s) 'example_bash_operator' retrieved from /Users/yoonmoon/git/learn-airflow/airflow1/py_env/lib/python3.11/site-packages/airflow/example_dags/example_bash_operator.py
[2024-11-13T20:21:11.775+1100] {logging_mixin.py:190} INFO - [2024-11-13T20:21:11.775+1100] {dag.py:3239} INFO - Sync 1 DAGs
[2024-11-13T20:21:11.781+1100] {logging_mixin.py:190} INFO - [2024-11-13T20:21:11.781+1100] {dag.py:4180} INFO - Setting next_dagrun for example_bash_operator to 2024-11-12 00:00:00+00:00, run_after=2024-11-13 00:00:00+00:00
[2024-11-13T20:21:11.787+1100] {processor.py:208} INFO - Processing /Users/yoonmoon/git/learn-airflow/airflow1/py_env/lib/python3.11/site-packages/airflow/example_dags/example_bash_operator.py took 0.084 seconds
[2024-11-13T20:23:23.683+1100] {processor.py:186} INFO - Started process (PID=70386) to work on /Users/yoonmoon/git/learn-airflow/airflow1/py_env/lib/python3.11/site-packages/airflow/example_dags/example_bash_operator.py
[2024-11-13T20:23:23.684+1100] {processor.py:914} INFO - Processing file /Users/yoonmoon/git/learn-airflow/airflow1/py_env/lib/python3.11/site-packages/airflow/example_dags/example_bash_operator.py for tasks to queue
[2024-11-13T20:23:23.685+1100] {logging_mixin.py:190} INFO - [2024-11-13T20:23:23.685+1100] {dagbag.py:588} INFO - Filling up the DagBag from /Users/yoonmoon/git/learn-airflow/airflow1/py_env/lib/python3.11/site-packages/airflow/example_dags/example_bash_operator.py
[2024-11-13T20:23:23.691+1100] {processor.py:925} INFO - DAG(s) 'example_bash_operator' retrieved from /Users/yoonmoon/git/learn-airflow/airflow1/py_env/lib/python3.11/site-packages/airflow/example_dags/example_bash_operator.py
[2024-11-13T20:23:23.753+1100] {logging_mixin.py:190} INFO - [2024-11-13T20:23:23.753+1100] {dag.py:3239} INFO - Sync 1 DAGs
[2024-11-13T20:23:23.760+1100] {logging_mixin.py:190} INFO - [2024-11-13T20:23:23.760+1100] {dag.py:4180} INFO - Setting next_dagrun for example_bash_operator to 2024-11-12 00:00:00+00:00, run_after=2024-11-13 00:00:00+00:00
[2024-11-13T20:23:23.767+1100] {processor.py:208} INFO - Processing /Users/yoonmoon/git/learn-airflow/airflow1/py_env/lib/python3.11/site-packages/airflow/example_dags/example_bash_operator.py took 0.087 seconds
[2024-11-13T20:25:39.791+1100] {processor.py:186} INFO - Started process (PID=70637) to work on /Users/yoonmoon/git/learn-airflow/airflow1/py_env/lib/python3.11/site-packages/airflow/example_dags/example_bash_operator.py
[2024-11-13T20:25:39.793+1100] {processor.py:914} INFO - Processing file /Users/yoonmoon/git/learn-airflow/airflow1/py_env/lib/python3.11/site-packages/airflow/example_dags/example_bash_operator.py for tasks to queue
[2024-11-13T20:25:39.793+1100] {logging_mixin.py:190} INFO - [2024-11-13T20:25:39.793+1100] {dagbag.py:588} INFO - Filling up the DagBag from /Users/yoonmoon/git/learn-airflow/airflow1/py_env/lib/python3.11/site-packages/airflow/example_dags/example_bash_operator.py
[2024-11-13T20:25:39.799+1100] {processor.py:925} INFO - DAG(s) 'example_bash_operator' retrieved from /Users/yoonmoon/git/learn-airflow/airflow1/py_env/lib/python3.11/site-packages/airflow/example_dags/example_bash_operator.py
[2024-11-13T20:25:39.861+1100] {logging_mixin.py:190} INFO - [2024-11-13T20:25:39.861+1100] {dag.py:3239} INFO - Sync 1 DAGs
[2024-11-13T20:25:39.867+1100] {logging_mixin.py:190} INFO - [2024-11-13T20:25:39.867+1100] {dag.py:4180} INFO - Setting next_dagrun for example_bash_operator to 2024-11-12 00:00:00+00:00, run_after=2024-11-13 00:00:00+00:00
[2024-11-13T20:25:39.873+1100] {processor.py:208} INFO - Processing /Users/yoonmoon/git/learn-airflow/airflow1/py_env/lib/python3.11/site-packages/airflow/example_dags/example_bash_operator.py took 0.084 seconds
[2024-11-13T20:28:00.330+1100] {processor.py:186} INFO - Started process (PID=70922) to work on /Users/yoonmoon/git/learn-airflow/airflow1/py_env/lib/python3.11/site-packages/airflow/example_dags/example_bash_operator.py
[2024-11-13T20:28:00.331+1100] {processor.py:914} INFO - Processing file /Users/yoonmoon/git/learn-airflow/airflow1/py_env/lib/python3.11/site-packages/airflow/example_dags/example_bash_operator.py for tasks to queue
[2024-11-13T20:28:00.331+1100] {logging_mixin.py:190} INFO - [2024-11-13T20:28:00.331+1100] {dagbag.py:588} INFO - Filling up the DagBag from /Users/yoonmoon/git/learn-airflow/airflow1/py_env/lib/python3.11/site-packages/airflow/example_dags/example_bash_operator.py
[2024-11-13T20:28:00.337+1100] {processor.py:925} INFO - DAG(s) 'example_bash_operator' retrieved from /Users/yoonmoon/git/learn-airflow/airflow1/py_env/lib/python3.11/site-packages/airflow/example_dags/example_bash_operator.py
[2024-11-13T20:28:00.398+1100] {logging_mixin.py:190} INFO - [2024-11-13T20:28:00.398+1100] {dag.py:3239} INFO - Sync 1 DAGs
[2024-11-13T20:28:00.405+1100] {logging_mixin.py:190} INFO - [2024-11-13T20:28:00.405+1100] {dag.py:4180} INFO - Setting next_dagrun for example_bash_operator to 2024-11-12 00:00:00+00:00, run_after=2024-11-13 00:00:00+00:00
[2024-11-13T20:28:00.411+1100] {processor.py:208} INFO - Processing /Users/yoonmoon/git/learn-airflow/airflow1/py_env/lib/python3.11/site-packages/airflow/example_dags/example_bash_operator.py took 0.084 seconds
[2024-11-13T20:30:12.180+1100] {processor.py:186} INFO - Started process (PID=71188) to work on /Users/yoonmoon/git/learn-airflow/airflow1/py_env/lib/python3.11/site-packages/airflow/example_dags/example_bash_operator.py
[2024-11-13T20:30:12.181+1100] {processor.py:914} INFO - Processing file /Users/yoonmoon/git/learn-airflow/airflow1/py_env/lib/python3.11/site-packages/airflow/example_dags/example_bash_operator.py for tasks to queue
[2024-11-13T20:30:12.182+1100] {logging_mixin.py:190} INFO - [2024-11-13T20:30:12.182+1100] {dagbag.py:588} INFO - Filling up the DagBag from /Users/yoonmoon/git/learn-airflow/airflow1/py_env/lib/python3.11/site-packages/airflow/example_dags/example_bash_operator.py
[2024-11-13T20:30:12.187+1100] {processor.py:925} INFO - DAG(s) 'example_bash_operator' retrieved from /Users/yoonmoon/git/learn-airflow/airflow1/py_env/lib/python3.11/site-packages/airflow/example_dags/example_bash_operator.py
[2024-11-13T20:30:12.248+1100] {logging_mixin.py:190} INFO - [2024-11-13T20:30:12.248+1100] {dag.py:3239} INFO - Sync 1 DAGs
[2024-11-13T20:30:12.254+1100] {logging_mixin.py:190} INFO - [2024-11-13T20:30:12.254+1100] {dag.py:4180} INFO - Setting next_dagrun for example_bash_operator to 2024-11-12 00:00:00+00:00, run_after=2024-11-13 00:00:00+00:00
[2024-11-13T20:30:12.260+1100] {processor.py:208} INFO - Processing /Users/yoonmoon/git/learn-airflow/airflow1/py_env/lib/python3.11/site-packages/airflow/example_dags/example_bash_operator.py took 0.083 seconds
[2024-11-13T20:32:32.392+1100] {processor.py:186} INFO - Started process (PID=71441) to work on /Users/yoonmoon/git/learn-airflow/airflow1/py_env/lib/python3.11/site-packages/airflow/example_dags/example_bash_operator.py
[2024-11-13T20:32:32.393+1100] {processor.py:914} INFO - Processing file /Users/yoonmoon/git/learn-airflow/airflow1/py_env/lib/python3.11/site-packages/airflow/example_dags/example_bash_operator.py for tasks to queue
[2024-11-13T20:32:32.394+1100] {logging_mixin.py:190} INFO - [2024-11-13T20:32:32.393+1100] {dagbag.py:588} INFO - Filling up the DagBag from /Users/yoonmoon/git/learn-airflow/airflow1/py_env/lib/python3.11/site-packages/airflow/example_dags/example_bash_operator.py
[2024-11-13T20:32:32.399+1100] {processor.py:925} INFO - DAG(s) 'example_bash_operator' retrieved from /Users/yoonmoon/git/learn-airflow/airflow1/py_env/lib/python3.11/site-packages/airflow/example_dags/example_bash_operator.py
[2024-11-13T20:32:32.463+1100] {logging_mixin.py:190} INFO - [2024-11-13T20:32:32.463+1100] {dag.py:3239} INFO - Sync 1 DAGs
[2024-11-13T20:32:32.469+1100] {logging_mixin.py:190} INFO - [2024-11-13T20:32:32.469+1100] {dag.py:4180} INFO - Setting next_dagrun for example_bash_operator to 2024-11-12 00:00:00+00:00, run_after=2024-11-13 00:00:00+00:00
[2024-11-13T20:32:32.476+1100] {processor.py:208} INFO - Processing /Users/yoonmoon/git/learn-airflow/airflow1/py_env/lib/python3.11/site-packages/airflow/example_dags/example_bash_operator.py took 0.086 seconds
[2024-11-13T20:34:54.626+1100] {processor.py:186} INFO - Started process (PID=71705) to work on /Users/yoonmoon/git/learn-airflow/airflow1/py_env/lib/python3.11/site-packages/airflow/example_dags/example_bash_operator.py
[2024-11-13T20:34:54.627+1100] {processor.py:914} INFO - Processing file /Users/yoonmoon/git/learn-airflow/airflow1/py_env/lib/python3.11/site-packages/airflow/example_dags/example_bash_operator.py for tasks to queue
[2024-11-13T20:34:54.628+1100] {logging_mixin.py:190} INFO - [2024-11-13T20:34:54.628+1100] {dagbag.py:588} INFO - Filling up the DagBag from /Users/yoonmoon/git/learn-airflow/airflow1/py_env/lib/python3.11/site-packages/airflow/example_dags/example_bash_operator.py
[2024-11-13T20:34:54.634+1100] {processor.py:925} INFO - DAG(s) 'example_bash_operator' retrieved from /Users/yoonmoon/git/learn-airflow/airflow1/py_env/lib/python3.11/site-packages/airflow/example_dags/example_bash_operator.py
[2024-11-13T20:34:54.696+1100] {logging_mixin.py:190} INFO - [2024-11-13T20:34:54.696+1100] {dag.py:3239} INFO - Sync 1 DAGs
[2024-11-13T20:34:54.703+1100] {logging_mixin.py:190} INFO - [2024-11-13T20:34:54.702+1100] {dag.py:4180} INFO - Setting next_dagrun for example_bash_operator to 2024-11-12 00:00:00+00:00, run_after=2024-11-13 00:00:00+00:00
[2024-11-13T20:34:54.709+1100] {processor.py:208} INFO - Processing /Users/yoonmoon/git/learn-airflow/airflow1/py_env/lib/python3.11/site-packages/airflow/example_dags/example_bash_operator.py took 0.085 seconds
[2024-11-13T20:37:12.613+1100] {processor.py:186} INFO - Started process (PID=71992) to work on /Users/yoonmoon/git/learn-airflow/airflow1/py_env/lib/python3.11/site-packages/airflow/example_dags/example_bash_operator.py
[2024-11-13T20:37:12.615+1100] {processor.py:914} INFO - Processing file /Users/yoonmoon/git/learn-airflow/airflow1/py_env/lib/python3.11/site-packages/airflow/example_dags/example_bash_operator.py for tasks to queue
[2024-11-13T20:37:12.616+1100] {logging_mixin.py:190} INFO - [2024-11-13T20:37:12.615+1100] {dagbag.py:588} INFO - Filling up the DagBag from /Users/yoonmoon/git/learn-airflow/airflow1/py_env/lib/python3.11/site-packages/airflow/example_dags/example_bash_operator.py
[2024-11-13T20:37:12.621+1100] {processor.py:925} INFO - DAG(s) 'example_bash_operator' retrieved from /Users/yoonmoon/git/learn-airflow/airflow1/py_env/lib/python3.11/site-packages/airflow/example_dags/example_bash_operator.py
[2024-11-13T20:37:12.682+1100] {logging_mixin.py:190} INFO - [2024-11-13T20:37:12.682+1100] {dag.py:3239} INFO - Sync 1 DAGs
[2024-11-13T20:37:12.688+1100] {logging_mixin.py:190} INFO - [2024-11-13T20:37:12.688+1100] {dag.py:4180} INFO - Setting next_dagrun for example_bash_operator to 2024-11-12 00:00:00+00:00, run_after=2024-11-13 00:00:00+00:00
[2024-11-13T20:37:12.694+1100] {processor.py:208} INFO - Processing /Users/yoonmoon/git/learn-airflow/airflow1/py_env/lib/python3.11/site-packages/airflow/example_dags/example_bash_operator.py took 0.083 seconds
[2024-11-13T20:39:29.978+1100] {processor.py:186} INFO - Started process (PID=72273) to work on /Users/yoonmoon/git/learn-airflow/airflow1/py_env/lib/python3.11/site-packages/airflow/example_dags/example_bash_operator.py
[2024-11-13T20:39:29.979+1100] {processor.py:914} INFO - Processing file /Users/yoonmoon/git/learn-airflow/airflow1/py_env/lib/python3.11/site-packages/airflow/example_dags/example_bash_operator.py for tasks to queue
[2024-11-13T20:39:29.980+1100] {logging_mixin.py:190} INFO - [2024-11-13T20:39:29.980+1100] {dagbag.py:588} INFO - Filling up the DagBag from /Users/yoonmoon/git/learn-airflow/airflow1/py_env/lib/python3.11/site-packages/airflow/example_dags/example_bash_operator.py
[2024-11-13T20:39:29.985+1100] {processor.py:925} INFO - DAG(s) 'example_bash_operator' retrieved from /Users/yoonmoon/git/learn-airflow/airflow1/py_env/lib/python3.11/site-packages/airflow/example_dags/example_bash_operator.py
[2024-11-13T20:39:30.045+1100] {logging_mixin.py:190} INFO - [2024-11-13T20:39:30.045+1100] {dag.py:3239} INFO - Sync 1 DAGs
[2024-11-13T20:39:30.051+1100] {logging_mixin.py:190} INFO - [2024-11-13T20:39:30.051+1100] {dag.py:4180} INFO - Setting next_dagrun for example_bash_operator to 2024-11-12 00:00:00+00:00, run_after=2024-11-13 00:00:00+00:00
[2024-11-13T20:39:30.058+1100] {processor.py:208} INFO - Processing /Users/yoonmoon/git/learn-airflow/airflow1/py_env/lib/python3.11/site-packages/airflow/example_dags/example_bash_operator.py took 0.083 seconds
[2024-11-13T20:41:51.975+1100] {processor.py:186} INFO - Started process (PID=72532) to work on /Users/yoonmoon/git/learn-airflow/airflow1/py_env/lib/python3.11/site-packages/airflow/example_dags/example_bash_operator.py
[2024-11-13T20:41:51.976+1100] {processor.py:914} INFO - Processing file /Users/yoonmoon/git/learn-airflow/airflow1/py_env/lib/python3.11/site-packages/airflow/example_dags/example_bash_operator.py for tasks to queue
[2024-11-13T20:41:51.977+1100] {logging_mixin.py:190} INFO - [2024-11-13T20:41:51.976+1100] {dagbag.py:588} INFO - Filling up the DagBag from /Users/yoonmoon/git/learn-airflow/airflow1/py_env/lib/python3.11/site-packages/airflow/example_dags/example_bash_operator.py
[2024-11-13T20:41:51.981+1100] {processor.py:925} INFO - DAG(s) 'example_bash_operator' retrieved from /Users/yoonmoon/git/learn-airflow/airflow1/py_env/lib/python3.11/site-packages/airflow/example_dags/example_bash_operator.py
[2024-11-13T20:41:52.042+1100] {logging_mixin.py:190} INFO - [2024-11-13T20:41:52.042+1100] {dag.py:3239} INFO - Sync 1 DAGs
[2024-11-13T20:41:52.048+1100] {logging_mixin.py:190} INFO - [2024-11-13T20:41:52.048+1100] {dag.py:4180} INFO - Setting next_dagrun for example_bash_operator to 2024-11-12 00:00:00+00:00, run_after=2024-11-13 00:00:00+00:00
[2024-11-13T20:41:52.055+1100] {processor.py:208} INFO - Processing /Users/yoonmoon/git/learn-airflow/airflow1/py_env/lib/python3.11/site-packages/airflow/example_dags/example_bash_operator.py took 0.082 seconds
[2024-11-13T20:44:07.124+1100] {processor.py:186} INFO - Started process (PID=72787) to work on /Users/yoonmoon/git/learn-airflow/airflow1/py_env/lib/python3.11/site-packages/airflow/example_dags/example_bash_operator.py
[2024-11-13T20:44:07.125+1100] {processor.py:914} INFO - Processing file /Users/yoonmoon/git/learn-airflow/airflow1/py_env/lib/python3.11/site-packages/airflow/example_dags/example_bash_operator.py for tasks to queue
[2024-11-13T20:44:07.126+1100] {logging_mixin.py:190} INFO - [2024-11-13T20:44:07.126+1100] {dagbag.py:588} INFO - Filling up the DagBag from /Users/yoonmoon/git/learn-airflow/airflow1/py_env/lib/python3.11/site-packages/airflow/example_dags/example_bash_operator.py
[2024-11-13T20:44:07.133+1100] {processor.py:925} INFO - DAG(s) 'example_bash_operator' retrieved from /Users/yoonmoon/git/learn-airflow/airflow1/py_env/lib/python3.11/site-packages/airflow/example_dags/example_bash_operator.py
[2024-11-13T20:44:07.199+1100] {logging_mixin.py:190} INFO - [2024-11-13T20:44:07.199+1100] {dag.py:3239} INFO - Sync 1 DAGs
[2024-11-13T20:44:07.206+1100] {logging_mixin.py:190} INFO - [2024-11-13T20:44:07.206+1100] {dag.py:4180} INFO - Setting next_dagrun for example_bash_operator to 2024-11-12 00:00:00+00:00, run_after=2024-11-13 00:00:00+00:00
[2024-11-13T20:44:07.212+1100] {processor.py:208} INFO - Processing /Users/yoonmoon/git/learn-airflow/airflow1/py_env/lib/python3.11/site-packages/airflow/example_dags/example_bash_operator.py took 0.091 seconds
[2024-11-13T20:46:32.371+1100] {processor.py:186} INFO - Started process (PID=73057) to work on /Users/yoonmoon/git/learn-airflow/airflow1/py_env/lib/python3.11/site-packages/airflow/example_dags/example_bash_operator.py
[2024-11-13T20:46:32.372+1100] {processor.py:914} INFO - Processing file /Users/yoonmoon/git/learn-airflow/airflow1/py_env/lib/python3.11/site-packages/airflow/example_dags/example_bash_operator.py for tasks to queue
[2024-11-13T20:46:32.372+1100] {logging_mixin.py:190} INFO - [2024-11-13T20:46:32.372+1100] {dagbag.py:588} INFO - Filling up the DagBag from /Users/yoonmoon/git/learn-airflow/airflow1/py_env/lib/python3.11/site-packages/airflow/example_dags/example_bash_operator.py
[2024-11-13T20:46:32.378+1100] {processor.py:925} INFO - DAG(s) 'example_bash_operator' retrieved from /Users/yoonmoon/git/learn-airflow/airflow1/py_env/lib/python3.11/site-packages/airflow/example_dags/example_bash_operator.py
[2024-11-13T20:46:32.441+1100] {logging_mixin.py:190} INFO - [2024-11-13T20:46:32.441+1100] {dag.py:3239} INFO - Sync 1 DAGs
[2024-11-13T20:46:32.448+1100] {logging_mixin.py:190} INFO - [2024-11-13T20:46:32.448+1100] {dag.py:4180} INFO - Setting next_dagrun for example_bash_operator to 2024-11-12 00:00:00+00:00, run_after=2024-11-13 00:00:00+00:00
[2024-11-13T20:46:32.455+1100] {processor.py:208} INFO - Processing /Users/yoonmoon/git/learn-airflow/airflow1/py_env/lib/python3.11/site-packages/airflow/example_dags/example_bash_operator.py took 0.086 seconds
[2024-11-13T20:48:54.899+1100] {processor.py:186} INFO - Started process (PID=73343) to work on /Users/yoonmoon/git/learn-airflow/airflow1/py_env/lib/python3.11/site-packages/airflow/example_dags/example_bash_operator.py
[2024-11-13T20:48:54.900+1100] {processor.py:914} INFO - Processing file /Users/yoonmoon/git/learn-airflow/airflow1/py_env/lib/python3.11/site-packages/airflow/example_dags/example_bash_operator.py for tasks to queue
[2024-11-13T20:48:54.901+1100] {logging_mixin.py:190} INFO - [2024-11-13T20:48:54.901+1100] {dagbag.py:588} INFO - Filling up the DagBag from /Users/yoonmoon/git/learn-airflow/airflow1/py_env/lib/python3.11/site-packages/airflow/example_dags/example_bash_operator.py
[2024-11-13T20:48:54.906+1100] {processor.py:925} INFO - DAG(s) 'example_bash_operator' retrieved from /Users/yoonmoon/git/learn-airflow/airflow1/py_env/lib/python3.11/site-packages/airflow/example_dags/example_bash_operator.py
[2024-11-13T20:48:54.978+1100] {logging_mixin.py:190} INFO - [2024-11-13T20:48:54.977+1100] {dag.py:3239} INFO - Sync 1 DAGs
[2024-11-13T20:48:54.985+1100] {logging_mixin.py:190} INFO - [2024-11-13T20:48:54.985+1100] {dag.py:4180} INFO - Setting next_dagrun for example_bash_operator to 2024-11-12 00:00:00+00:00, run_after=2024-11-13 00:00:00+00:00
[2024-11-13T20:48:54.991+1100] {processor.py:208} INFO - Processing /Users/yoonmoon/git/learn-airflow/airflow1/py_env/lib/python3.11/site-packages/airflow/example_dags/example_bash_operator.py took 0.094 seconds
[2024-11-13T20:51:19.997+1100] {processor.py:186} INFO - Started process (PID=73610) to work on /Users/yoonmoon/git/learn-airflow/airflow1/py_env/lib/python3.11/site-packages/airflow/example_dags/example_bash_operator.py
[2024-11-13T20:51:19.998+1100] {processor.py:914} INFO - Processing file /Users/yoonmoon/git/learn-airflow/airflow1/py_env/lib/python3.11/site-packages/airflow/example_dags/example_bash_operator.py for tasks to queue
[2024-11-13T20:51:19.999+1100] {logging_mixin.py:190} INFO - [2024-11-13T20:51:19.999+1100] {dagbag.py:588} INFO - Filling up the DagBag from /Users/yoonmoon/git/learn-airflow/airflow1/py_env/lib/python3.11/site-packages/airflow/example_dags/example_bash_operator.py
[2024-11-13T20:51:20.004+1100] {processor.py:925} INFO - DAG(s) 'example_bash_operator' retrieved from /Users/yoonmoon/git/learn-airflow/airflow1/py_env/lib/python3.11/site-packages/airflow/example_dags/example_bash_operator.py
[2024-11-13T20:51:20.067+1100] {logging_mixin.py:190} INFO - [2024-11-13T20:51:20.067+1100] {dag.py:3239} INFO - Sync 1 DAGs
[2024-11-13T20:51:20.073+1100] {logging_mixin.py:190} INFO - [2024-11-13T20:51:20.073+1100] {dag.py:4180} INFO - Setting next_dagrun for example_bash_operator to 2024-11-12 00:00:00+00:00, run_after=2024-11-13 00:00:00+00:00
[2024-11-13T20:51:20.080+1100] {processor.py:208} INFO - Processing /Users/yoonmoon/git/learn-airflow/airflow1/py_env/lib/python3.11/site-packages/airflow/example_dags/example_bash_operator.py took 0.085 seconds
