[2024-11-13T19:29:51.679+1100] {processor.py:186} INFO - Started process (PID=63780) to work on /Users/yoonmoon/git/learn-airflow/airflow1/py_env/lib/python3.11/site-packages/airflow/example_dags/example_external_task_marker_dag.py
[2024-11-13T19:29:51.679+1100] {processor.py:914} INFO - Processing file /Users/yoonmoon/git/learn-airflow/airflow1/py_env/lib/python3.11/site-packages/airflow/example_dags/example_external_task_marker_dag.py for tasks to queue
[2024-11-13T19:29:51.680+1100] {logging_mixin.py:190} INFO - [2024-11-13T19:29:51.679+1100] {dagbag.py:588} INFO - Filling up the DagBag from /Users/yoonmoon/git/learn-airflow/airflow1/py_env/lib/python3.11/site-packages/airflow/example_dags/example_external_task_marker_dag.py
[2024-11-13T19:29:51.686+1100] {processor.py:925} INFO - DAG(s) 'example_external_task_marker_parent', 'example_external_task_marker_child' retrieved from /Users/yoonmoon/git/learn-airflow/airflow1/py_env/lib/python3.11/site-packages/airflow/example_dags/example_external_task_marker_dag.py
[2024-11-13T19:29:51.793+1100] {logging_mixin.py:190} INFO - [2024-11-13T19:29:51.793+1100] {override.py:1911} INFO - Created Permission View: can read on DAG:example_external_task_marker_parent
[2024-11-13T19:29:51.797+1100] {logging_mixin.py:190} INFO - [2024-11-13T19:29:51.797+1100] {override.py:1911} INFO - Created Permission View: can edit on DAG:example_external_task_marker_parent
[2024-11-13T19:29:51.799+1100] {logging_mixin.py:190} INFO - [2024-11-13T19:29:51.799+1100] {override.py:1911} INFO - Created Permission View: can delete on DAG:example_external_task_marker_parent
[2024-11-13T19:29:51.803+1100] {logging_mixin.py:190} INFO - [2024-11-13T19:29:51.803+1100] {override.py:1911} INFO - Created Permission View: can read on DAG Run:example_external_task_marker_parent
[2024-11-13T19:29:51.805+1100] {logging_mixin.py:190} INFO - [2024-11-13T19:29:51.805+1100] {override.py:1911} INFO - Created Permission View: menu access on DAG Run:example_external_task_marker_parent
[2024-11-13T19:29:51.808+1100] {logging_mixin.py:190} INFO - [2024-11-13T19:29:51.808+1100] {override.py:1911} INFO - Created Permission View: can create on DAG Run:example_external_task_marker_parent
[2024-11-13T19:29:51.810+1100] {logging_mixin.py:190} INFO - [2024-11-13T19:29:51.810+1100] {override.py:1911} INFO - Created Permission View: can delete on DAG Run:example_external_task_marker_parent
[2024-11-13T19:29:51.813+1100] {logging_mixin.py:190} INFO - [2024-11-13T19:29:51.813+1100] {workday.py:41} WARNING - Could not import pandas. Holidays will not be considered.
[2024-11-13T19:29:51.820+1100] {logging_mixin.py:190} INFO - [2024-11-13T19:29:51.820+1100] {override.py:1911} INFO - Created Permission View: can read on DAG:example_external_task_marker_child
[2024-11-13T19:29:51.823+1100] {logging_mixin.py:190} INFO - [2024-11-13T19:29:51.822+1100] {override.py:1911} INFO - Created Permission View: can edit on DAG:example_external_task_marker_child
[2024-11-13T19:29:51.825+1100] {logging_mixin.py:190} INFO - [2024-11-13T19:29:51.824+1100] {override.py:1911} INFO - Created Permission View: can delete on DAG:example_external_task_marker_child
[2024-11-13T19:29:51.828+1100] {logging_mixin.py:190} INFO - [2024-11-13T19:29:51.828+1100] {override.py:1911} INFO - Created Permission View: can read on DAG Run:example_external_task_marker_child
[2024-11-13T19:29:51.830+1100] {logging_mixin.py:190} INFO - [2024-11-13T19:29:51.830+1100] {override.py:1911} INFO - Created Permission View: menu access on DAG Run:example_external_task_marker_child
[2024-11-13T19:29:51.832+1100] {logging_mixin.py:190} INFO - [2024-11-13T19:29:51.832+1100] {override.py:1911} INFO - Created Permission View: can create on DAG Run:example_external_task_marker_child
[2024-11-13T19:29:51.834+1100] {logging_mixin.py:190} INFO - [2024-11-13T19:29:51.834+1100] {override.py:1911} INFO - Created Permission View: can delete on DAG Run:example_external_task_marker_child
[2024-11-13T19:29:51.835+1100] {logging_mixin.py:190} INFO - [2024-11-13T19:29:51.834+1100] {dag.py:3239} INFO - Sync 2 DAGs
[2024-11-13T19:29:51.840+1100] {logging_mixin.py:190} INFO - [2024-11-13T19:29:51.840+1100] {dag.py:3262} INFO - Creating ORM DAG for example_external_task_marker_child
[2024-11-13T19:29:51.840+1100] {logging_mixin.py:190} INFO - [2024-11-13T19:29:51.840+1100] {dag.py:3262} INFO - Creating ORM DAG for example_external_task_marker_parent
[2024-11-13T19:29:51.840+1100] {logging_mixin.py:190} INFO - [2024-11-13T19:29:51.840+1100] {dag.py:4180} INFO - Setting next_dagrun for example_external_task_marker_child to None, run_after=None
[2024-11-13T19:29:51.840+1100] {logging_mixin.py:190} INFO - [2024-11-13T19:29:51.840+1100] {dag.py:4180} INFO - Setting next_dagrun for example_external_task_marker_parent to None, run_after=None
[2024-11-13T19:29:51.847+1100] {processor.py:208} INFO - Processing /Users/yoonmoon/git/learn-airflow/airflow1/py_env/lib/python3.11/site-packages/airflow/example_dags/example_external_task_marker_dag.py took 0.171 seconds
[2024-11-13T19:31:31.806+1100] {processor.py:186} INFO - Started process (PID=63987) to work on /Users/yoonmoon/git/learn-airflow/airflow1/py_env/lib/python3.11/site-packages/airflow/example_dags/example_external_task_marker_dag.py
[2024-11-13T19:31:31.807+1100] {processor.py:914} INFO - Processing file /Users/yoonmoon/git/learn-airflow/airflow1/py_env/lib/python3.11/site-packages/airflow/example_dags/example_external_task_marker_dag.py for tasks to queue
[2024-11-13T19:31:31.808+1100] {logging_mixin.py:190} INFO - [2024-11-13T19:31:31.808+1100] {dagbag.py:588} INFO - Filling up the DagBag from /Users/yoonmoon/git/learn-airflow/airflow1/py_env/lib/python3.11/site-packages/airflow/example_dags/example_external_task_marker_dag.py
[2024-11-13T19:31:31.813+1100] {processor.py:925} INFO - DAG(s) 'example_external_task_marker_parent', 'example_external_task_marker_child' retrieved from /Users/yoonmoon/git/learn-airflow/airflow1/py_env/lib/python3.11/site-packages/airflow/example_dags/example_external_task_marker_dag.py
[2024-11-13T19:31:31.873+1100] {logging_mixin.py:190} INFO - [2024-11-13T19:31:31.873+1100] {workday.py:41} WARNING - Could not import pandas. Holidays will not be considered.
[2024-11-13T19:31:31.877+1100] {logging_mixin.py:190} INFO - [2024-11-13T19:31:31.877+1100] {dag.py:3239} INFO - Sync 2 DAGs
[2024-11-13T19:31:31.880+1100] {logging_mixin.py:190} INFO - [2024-11-13T19:31:31.880+1100] {dag.py:4180} INFO - Setting next_dagrun for example_external_task_marker_child to None, run_after=None
[2024-11-13T19:31:31.881+1100] {logging_mixin.py:190} INFO - [2024-11-13T19:31:31.881+1100] {dag.py:4180} INFO - Setting next_dagrun for example_external_task_marker_parent to None, run_after=None
[2024-11-13T19:31:31.887+1100] {processor.py:208} INFO - Processing /Users/yoonmoon/git/learn-airflow/airflow1/py_env/lib/python3.11/site-packages/airflow/example_dags/example_external_task_marker_dag.py took 0.083 seconds
[2024-11-13T19:33:53.951+1100] {processor.py:186} INFO - Started process (PID=64458) to work on /Users/yoonmoon/git/learn-airflow/airflow1/py_env/lib/python3.11/site-packages/airflow/example_dags/example_external_task_marker_dag.py
[2024-11-13T19:33:53.952+1100] {processor.py:914} INFO - Processing file /Users/yoonmoon/git/learn-airflow/airflow1/py_env/lib/python3.11/site-packages/airflow/example_dags/example_external_task_marker_dag.py for tasks to queue
[2024-11-13T19:33:53.953+1100] {logging_mixin.py:190} INFO - [2024-11-13T19:33:53.953+1100] {dagbag.py:588} INFO - Filling up the DagBag from /Users/yoonmoon/git/learn-airflow/airflow1/py_env/lib/python3.11/site-packages/airflow/example_dags/example_external_task_marker_dag.py
[2024-11-13T19:33:53.958+1100] {processor.py:925} INFO - DAG(s) 'example_external_task_marker_child', 'example_external_task_marker_parent' retrieved from /Users/yoonmoon/git/learn-airflow/airflow1/py_env/lib/python3.11/site-packages/airflow/example_dags/example_external_task_marker_dag.py
[2024-11-13T19:33:54.015+1100] {logging_mixin.py:190} INFO - [2024-11-13T19:33:54.015+1100] {workday.py:41} WARNING - Could not import pandas. Holidays will not be considered.
[2024-11-13T19:33:54.021+1100] {logging_mixin.py:190} INFO - [2024-11-13T19:33:54.021+1100] {dag.py:3239} INFO - Sync 2 DAGs
[2024-11-13T19:33:54.024+1100] {logging_mixin.py:190} INFO - [2024-11-13T19:33:54.024+1100] {dag.py:4180} INFO - Setting next_dagrun for example_external_task_marker_child to None, run_after=None
[2024-11-13T19:33:54.025+1100] {logging_mixin.py:190} INFO - [2024-11-13T19:33:54.025+1100] {dag.py:4180} INFO - Setting next_dagrun for example_external_task_marker_parent to None, run_after=None
[2024-11-13T19:33:54.031+1100] {processor.py:208} INFO - Processing /Users/yoonmoon/git/learn-airflow/airflow1/py_env/lib/python3.11/site-packages/airflow/example_dags/example_external_task_marker_dag.py took 0.081 seconds
[2024-11-13T19:36:29.547+1100] {processor.py:186} INFO - Started process (PID=64888) to work on /Users/yoonmoon/git/learn-airflow/airflow1/py_env/lib/python3.11/site-packages/airflow/example_dags/example_external_task_marker_dag.py
[2024-11-13T19:36:29.549+1100] {processor.py:914} INFO - Processing file /Users/yoonmoon/git/learn-airflow/airflow1/py_env/lib/python3.11/site-packages/airflow/example_dags/example_external_task_marker_dag.py for tasks to queue
[2024-11-13T19:36:29.549+1100] {logging_mixin.py:190} INFO - [2024-11-13T19:36:29.549+1100] {dagbag.py:588} INFO - Filling up the DagBag from /Users/yoonmoon/git/learn-airflow/airflow1/py_env/lib/python3.11/site-packages/airflow/example_dags/example_external_task_marker_dag.py
[2024-11-13T19:36:29.554+1100] {processor.py:925} INFO - DAG(s) 'example_external_task_marker_parent', 'example_external_task_marker_child' retrieved from /Users/yoonmoon/git/learn-airflow/airflow1/py_env/lib/python3.11/site-packages/airflow/example_dags/example_external_task_marker_dag.py
[2024-11-13T19:36:29.617+1100] {logging_mixin.py:190} INFO - [2024-11-13T19:36:29.617+1100] {workday.py:41} WARNING - Could not import pandas. Holidays will not be considered.
[2024-11-13T19:36:29.621+1100] {logging_mixin.py:190} INFO - [2024-11-13T19:36:29.621+1100] {dag.py:3239} INFO - Sync 2 DAGs
[2024-11-13T19:36:29.624+1100] {logging_mixin.py:190} INFO - [2024-11-13T19:36:29.624+1100] {dag.py:4180} INFO - Setting next_dagrun for example_external_task_marker_child to None, run_after=None
[2024-11-13T19:36:29.626+1100] {logging_mixin.py:190} INFO - [2024-11-13T19:36:29.626+1100] {dag.py:4180} INFO - Setting next_dagrun for example_external_task_marker_parent to None, run_after=None
[2024-11-13T19:36:29.633+1100] {processor.py:208} INFO - Processing /Users/yoonmoon/git/learn-airflow/airflow1/py_env/lib/python3.11/site-packages/airflow/example_dags/example_external_task_marker_dag.py took 0.089 seconds
[2024-11-13T19:38:45.526+1100] {processor.py:186} INFO - Started process (PID=65171) to work on /Users/yoonmoon/git/learn-airflow/airflow1/py_env/lib/python3.11/site-packages/airflow/example_dags/example_external_task_marker_dag.py
[2024-11-13T19:38:45.528+1100] {processor.py:914} INFO - Processing file /Users/yoonmoon/git/learn-airflow/airflow1/py_env/lib/python3.11/site-packages/airflow/example_dags/example_external_task_marker_dag.py for tasks to queue
[2024-11-13T19:38:45.528+1100] {logging_mixin.py:190} INFO - [2024-11-13T19:38:45.528+1100] {dagbag.py:588} INFO - Filling up the DagBag from /Users/yoonmoon/git/learn-airflow/airflow1/py_env/lib/python3.11/site-packages/airflow/example_dags/example_external_task_marker_dag.py
[2024-11-13T19:38:45.533+1100] {processor.py:925} INFO - DAG(s) 'example_external_task_marker_parent', 'example_external_task_marker_child' retrieved from /Users/yoonmoon/git/learn-airflow/airflow1/py_env/lib/python3.11/site-packages/airflow/example_dags/example_external_task_marker_dag.py
[2024-11-13T19:38:45.589+1100] {logging_mixin.py:190} INFO - [2024-11-13T19:38:45.589+1100] {workday.py:41} WARNING - Could not import pandas. Holidays will not be considered.
[2024-11-13T19:38:45.592+1100] {logging_mixin.py:190} INFO - [2024-11-13T19:38:45.592+1100] {dag.py:3239} INFO - Sync 2 DAGs
[2024-11-13T19:38:45.595+1100] {logging_mixin.py:190} INFO - [2024-11-13T19:38:45.595+1100] {dag.py:4180} INFO - Setting next_dagrun for example_external_task_marker_child to None, run_after=None
[2024-11-13T19:38:45.596+1100] {logging_mixin.py:190} INFO - [2024-11-13T19:38:45.596+1100] {dag.py:4180} INFO - Setting next_dagrun for example_external_task_marker_parent to None, run_after=None
[2024-11-13T19:38:45.602+1100] {processor.py:208} INFO - Processing /Users/yoonmoon/git/learn-airflow/airflow1/py_env/lib/python3.11/site-packages/airflow/example_dags/example_external_task_marker_dag.py took 0.078 seconds
[2024-11-13T19:41:02.572+1100] {processor.py:186} INFO - Started process (PID=65469) to work on /Users/yoonmoon/git/learn-airflow/airflow1/py_env/lib/python3.11/site-packages/airflow/example_dags/example_external_task_marker_dag.py
[2024-11-13T19:41:02.574+1100] {processor.py:914} INFO - Processing file /Users/yoonmoon/git/learn-airflow/airflow1/py_env/lib/python3.11/site-packages/airflow/example_dags/example_external_task_marker_dag.py for tasks to queue
[2024-11-13T19:41:02.574+1100] {logging_mixin.py:190} INFO - [2024-11-13T19:41:02.574+1100] {dagbag.py:588} INFO - Filling up the DagBag from /Users/yoonmoon/git/learn-airflow/airflow1/py_env/lib/python3.11/site-packages/airflow/example_dags/example_external_task_marker_dag.py
[2024-11-13T19:41:02.579+1100] {processor.py:925} INFO - DAG(s) 'example_external_task_marker_child', 'example_external_task_marker_parent' retrieved from /Users/yoonmoon/git/learn-airflow/airflow1/py_env/lib/python3.11/site-packages/airflow/example_dags/example_external_task_marker_dag.py
[2024-11-13T19:41:02.636+1100] {logging_mixin.py:190} INFO - [2024-11-13T19:41:02.636+1100] {workday.py:41} WARNING - Could not import pandas. Holidays will not be considered.
[2024-11-13T19:41:02.642+1100] {logging_mixin.py:190} INFO - [2024-11-13T19:41:02.642+1100] {dag.py:3239} INFO - Sync 2 DAGs
[2024-11-13T19:41:02.646+1100] {logging_mixin.py:190} INFO - [2024-11-13T19:41:02.645+1100] {dag.py:4180} INFO - Setting next_dagrun for example_external_task_marker_child to None, run_after=None
[2024-11-13T19:41:02.647+1100] {logging_mixin.py:190} INFO - [2024-11-13T19:41:02.646+1100] {dag.py:4180} INFO - Setting next_dagrun for example_external_task_marker_parent to None, run_after=None
[2024-11-13T19:41:02.652+1100] {processor.py:208} INFO - Processing /Users/yoonmoon/git/learn-airflow/airflow1/py_env/lib/python3.11/site-packages/airflow/example_dags/example_external_task_marker_dag.py took 0.082 seconds
[2024-11-13T19:43:21.701+1100] {processor.py:186} INFO - Started process (PID=65726) to work on /Users/yoonmoon/git/learn-airflow/airflow1/py_env/lib/python3.11/site-packages/airflow/example_dags/example_external_task_marker_dag.py
[2024-11-13T19:43:21.703+1100] {processor.py:914} INFO - Processing file /Users/yoonmoon/git/learn-airflow/airflow1/py_env/lib/python3.11/site-packages/airflow/example_dags/example_external_task_marker_dag.py for tasks to queue
[2024-11-13T19:43:21.703+1100] {logging_mixin.py:190} INFO - [2024-11-13T19:43:21.703+1100] {dagbag.py:588} INFO - Filling up the DagBag from /Users/yoonmoon/git/learn-airflow/airflow1/py_env/lib/python3.11/site-packages/airflow/example_dags/example_external_task_marker_dag.py
[2024-11-13T19:43:21.708+1100] {processor.py:925} INFO - DAG(s) 'example_external_task_marker_child', 'example_external_task_marker_parent' retrieved from /Users/yoonmoon/git/learn-airflow/airflow1/py_env/lib/python3.11/site-packages/airflow/example_dags/example_external_task_marker_dag.py
[2024-11-13T19:43:21.765+1100] {logging_mixin.py:190} INFO - [2024-11-13T19:43:21.765+1100] {workday.py:41} WARNING - Could not import pandas. Holidays will not be considered.
[2024-11-13T19:43:21.771+1100] {logging_mixin.py:190} INFO - [2024-11-13T19:43:21.771+1100] {dag.py:3239} INFO - Sync 2 DAGs
[2024-11-13T19:43:21.774+1100] {logging_mixin.py:190} INFO - [2024-11-13T19:43:21.774+1100] {dag.py:4180} INFO - Setting next_dagrun for example_external_task_marker_child to None, run_after=None
[2024-11-13T19:43:21.775+1100] {logging_mixin.py:190} INFO - [2024-11-13T19:43:21.775+1100] {dag.py:4180} INFO - Setting next_dagrun for example_external_task_marker_parent to None, run_after=None
[2024-11-13T19:43:21.781+1100] {processor.py:208} INFO - Processing /Users/yoonmoon/git/learn-airflow/airflow1/py_env/lib/python3.11/site-packages/airflow/example_dags/example_external_task_marker_dag.py took 0.082 seconds
[2024-11-13T19:45:38.278+1100] {processor.py:186} INFO - Started process (PID=65996) to work on /Users/yoonmoon/git/learn-airflow/airflow1/py_env/lib/python3.11/site-packages/airflow/example_dags/example_external_task_marker_dag.py
[2024-11-13T19:45:38.279+1100] {processor.py:914} INFO - Processing file /Users/yoonmoon/git/learn-airflow/airflow1/py_env/lib/python3.11/site-packages/airflow/example_dags/example_external_task_marker_dag.py for tasks to queue
[2024-11-13T19:45:38.280+1100] {logging_mixin.py:190} INFO - [2024-11-13T19:45:38.279+1100] {dagbag.py:588} INFO - Filling up the DagBag from /Users/yoonmoon/git/learn-airflow/airflow1/py_env/lib/python3.11/site-packages/airflow/example_dags/example_external_task_marker_dag.py
[2024-11-13T19:45:38.285+1100] {processor.py:925} INFO - DAG(s) 'example_external_task_marker_parent', 'example_external_task_marker_child' retrieved from /Users/yoonmoon/git/learn-airflow/airflow1/py_env/lib/python3.11/site-packages/airflow/example_dags/example_external_task_marker_dag.py
[2024-11-13T19:45:38.342+1100] {logging_mixin.py:190} INFO - [2024-11-13T19:45:38.342+1100] {workday.py:41} WARNING - Could not import pandas. Holidays will not be considered.
[2024-11-13T19:45:38.346+1100] {logging_mixin.py:190} INFO - [2024-11-13T19:45:38.345+1100] {dag.py:3239} INFO - Sync 2 DAGs
[2024-11-13T19:45:38.349+1100] {logging_mixin.py:190} INFO - [2024-11-13T19:45:38.349+1100] {dag.py:4180} INFO - Setting next_dagrun for example_external_task_marker_child to None, run_after=None
[2024-11-13T19:45:38.350+1100] {logging_mixin.py:190} INFO - [2024-11-13T19:45:38.350+1100] {dag.py:4180} INFO - Setting next_dagrun for example_external_task_marker_parent to None, run_after=None
[2024-11-13T19:45:38.356+1100] {processor.py:208} INFO - Processing /Users/yoonmoon/git/learn-airflow/airflow1/py_env/lib/python3.11/site-packages/airflow/example_dags/example_external_task_marker_dag.py took 0.080 seconds
[2024-11-13T19:47:48.579+1100] {processor.py:186} INFO - Started process (PID=66242) to work on /Users/yoonmoon/git/learn-airflow/airflow1/py_env/lib/python3.11/site-packages/airflow/example_dags/example_external_task_marker_dag.py
[2024-11-13T19:47:48.580+1100] {processor.py:914} INFO - Processing file /Users/yoonmoon/git/learn-airflow/airflow1/py_env/lib/python3.11/site-packages/airflow/example_dags/example_external_task_marker_dag.py for tasks to queue
[2024-11-13T19:47:48.580+1100] {logging_mixin.py:190} INFO - [2024-11-13T19:47:48.580+1100] {dagbag.py:588} INFO - Filling up the DagBag from /Users/yoonmoon/git/learn-airflow/airflow1/py_env/lib/python3.11/site-packages/airflow/example_dags/example_external_task_marker_dag.py
[2024-11-13T19:47:48.585+1100] {processor.py:925} INFO - DAG(s) 'example_external_task_marker_parent', 'example_external_task_marker_child' retrieved from /Users/yoonmoon/git/learn-airflow/airflow1/py_env/lib/python3.11/site-packages/airflow/example_dags/example_external_task_marker_dag.py
[2024-11-13T19:47:48.644+1100] {logging_mixin.py:190} INFO - [2024-11-13T19:47:48.644+1100] {workday.py:41} WARNING - Could not import pandas. Holidays will not be considered.
[2024-11-13T19:47:48.647+1100] {logging_mixin.py:190} INFO - [2024-11-13T19:47:48.647+1100] {dag.py:3239} INFO - Sync 2 DAGs
[2024-11-13T19:47:48.651+1100] {logging_mixin.py:190} INFO - [2024-11-13T19:47:48.650+1100] {dag.py:4180} INFO - Setting next_dagrun for example_external_task_marker_child to None, run_after=None
[2024-11-13T19:47:48.652+1100] {logging_mixin.py:190} INFO - [2024-11-13T19:47:48.651+1100] {dag.py:4180} INFO - Setting next_dagrun for example_external_task_marker_parent to None, run_after=None
[2024-11-13T19:47:48.658+1100] {processor.py:208} INFO - Processing /Users/yoonmoon/git/learn-airflow/airflow1/py_env/lib/python3.11/site-packages/airflow/example_dags/example_external_task_marker_dag.py took 0.081 seconds
[2024-11-13T19:49:56.635+1100] {processor.py:186} INFO - Started process (PID=66478) to work on /Users/yoonmoon/git/learn-airflow/airflow1/py_env/lib/python3.11/site-packages/airflow/example_dags/example_external_task_marker_dag.py
[2024-11-13T19:49:56.636+1100] {processor.py:914} INFO - Processing file /Users/yoonmoon/git/learn-airflow/airflow1/py_env/lib/python3.11/site-packages/airflow/example_dags/example_external_task_marker_dag.py for tasks to queue
[2024-11-13T19:49:56.637+1100] {logging_mixin.py:190} INFO - [2024-11-13T19:49:56.637+1100] {dagbag.py:588} INFO - Filling up the DagBag from /Users/yoonmoon/git/learn-airflow/airflow1/py_env/lib/python3.11/site-packages/airflow/example_dags/example_external_task_marker_dag.py
[2024-11-13T19:49:56.642+1100] {processor.py:925} INFO - DAG(s) 'example_external_task_marker_parent', 'example_external_task_marker_child' retrieved from /Users/yoonmoon/git/learn-airflow/airflow1/py_env/lib/python3.11/site-packages/airflow/example_dags/example_external_task_marker_dag.py
[2024-11-13T19:49:56.700+1100] {logging_mixin.py:190} INFO - [2024-11-13T19:49:56.699+1100] {workday.py:41} WARNING - Could not import pandas. Holidays will not be considered.
[2024-11-13T19:49:56.703+1100] {logging_mixin.py:190} INFO - [2024-11-13T19:49:56.703+1100] {dag.py:3239} INFO - Sync 2 DAGs
[2024-11-13T19:49:56.707+1100] {logging_mixin.py:190} INFO - [2024-11-13T19:49:56.706+1100] {dag.py:4180} INFO - Setting next_dagrun for example_external_task_marker_child to None, run_after=None
[2024-11-13T19:49:56.707+1100] {logging_mixin.py:190} INFO - [2024-11-13T19:49:56.707+1100] {dag.py:4180} INFO - Setting next_dagrun for example_external_task_marker_parent to None, run_after=None
[2024-11-13T19:49:56.714+1100] {processor.py:208} INFO - Processing /Users/yoonmoon/git/learn-airflow/airflow1/py_env/lib/python3.11/site-packages/airflow/example_dags/example_external_task_marker_dag.py took 0.081 seconds
[2024-11-13T19:52:16.128+1100] {processor.py:186} INFO - Started process (PID=66728) to work on /Users/yoonmoon/git/learn-airflow/airflow1/py_env/lib/python3.11/site-packages/airflow/example_dags/example_external_task_marker_dag.py
[2024-11-13T19:52:16.129+1100] {processor.py:914} INFO - Processing file /Users/yoonmoon/git/learn-airflow/airflow1/py_env/lib/python3.11/site-packages/airflow/example_dags/example_external_task_marker_dag.py for tasks to queue
[2024-11-13T19:52:16.130+1100] {logging_mixin.py:190} INFO - [2024-11-13T19:52:16.129+1100] {dagbag.py:588} INFO - Filling up the DagBag from /Users/yoonmoon/git/learn-airflow/airflow1/py_env/lib/python3.11/site-packages/airflow/example_dags/example_external_task_marker_dag.py
[2024-11-13T19:52:16.135+1100] {processor.py:925} INFO - DAG(s) 'example_external_task_marker_parent', 'example_external_task_marker_child' retrieved from /Users/yoonmoon/git/learn-airflow/airflow1/py_env/lib/python3.11/site-packages/airflow/example_dags/example_external_task_marker_dag.py
[2024-11-13T19:52:16.194+1100] {logging_mixin.py:190} INFO - [2024-11-13T19:52:16.194+1100] {workday.py:41} WARNING - Could not import pandas. Holidays will not be considered.
[2024-11-13T19:52:16.197+1100] {logging_mixin.py:190} INFO - [2024-11-13T19:52:16.197+1100] {dag.py:3239} INFO - Sync 2 DAGs
[2024-11-13T19:52:16.201+1100] {logging_mixin.py:190} INFO - [2024-11-13T19:52:16.201+1100] {dag.py:4180} INFO - Setting next_dagrun for example_external_task_marker_child to None, run_after=None
[2024-11-13T19:52:16.202+1100] {logging_mixin.py:190} INFO - [2024-11-13T19:52:16.202+1100] {dag.py:4180} INFO - Setting next_dagrun for example_external_task_marker_parent to None, run_after=None
[2024-11-13T19:52:16.207+1100] {processor.py:208} INFO - Processing /Users/yoonmoon/git/learn-airflow/airflow1/py_env/lib/python3.11/site-packages/airflow/example_dags/example_external_task_marker_dag.py took 0.082 seconds
[2024-11-13T19:54:36.049+1100] {processor.py:186} INFO - Started process (PID=67005) to work on /Users/yoonmoon/git/learn-airflow/airflow1/py_env/lib/python3.11/site-packages/airflow/example_dags/example_external_task_marker_dag.py
[2024-11-13T19:54:36.050+1100] {processor.py:914} INFO - Processing file /Users/yoonmoon/git/learn-airflow/airflow1/py_env/lib/python3.11/site-packages/airflow/example_dags/example_external_task_marker_dag.py for tasks to queue
[2024-11-13T19:54:36.051+1100] {logging_mixin.py:190} INFO - [2024-11-13T19:54:36.051+1100] {dagbag.py:588} INFO - Filling up the DagBag from /Users/yoonmoon/git/learn-airflow/airflow1/py_env/lib/python3.11/site-packages/airflow/example_dags/example_external_task_marker_dag.py
[2024-11-13T19:54:36.056+1100] {processor.py:925} INFO - DAG(s) 'example_external_task_marker_child', 'example_external_task_marker_parent' retrieved from /Users/yoonmoon/git/learn-airflow/airflow1/py_env/lib/python3.11/site-packages/airflow/example_dags/example_external_task_marker_dag.py
[2024-11-13T19:54:36.115+1100] {logging_mixin.py:190} INFO - [2024-11-13T19:54:36.114+1100] {workday.py:41} WARNING - Could not import pandas. Holidays will not be considered.
[2024-11-13T19:54:36.120+1100] {logging_mixin.py:190} INFO - [2024-11-13T19:54:36.120+1100] {dag.py:3239} INFO - Sync 2 DAGs
[2024-11-13T19:54:36.124+1100] {logging_mixin.py:190} INFO - [2024-11-13T19:54:36.124+1100] {dag.py:4180} INFO - Setting next_dagrun for example_external_task_marker_child to None, run_after=None
[2024-11-13T19:54:36.125+1100] {logging_mixin.py:190} INFO - [2024-11-13T19:54:36.125+1100] {dag.py:4180} INFO - Setting next_dagrun for example_external_task_marker_parent to None, run_after=None
[2024-11-13T19:54:36.130+1100] {processor.py:208} INFO - Processing /Users/yoonmoon/git/learn-airflow/airflow1/py_env/lib/python3.11/site-packages/airflow/example_dags/example_external_task_marker_dag.py took 0.083 seconds
[2024-11-13T19:56:55.875+1100] {processor.py:186} INFO - Started process (PID=67268) to work on /Users/yoonmoon/git/learn-airflow/airflow1/py_env/lib/python3.11/site-packages/airflow/example_dags/example_external_task_marker_dag.py
[2024-11-13T19:56:55.877+1100] {processor.py:914} INFO - Processing file /Users/yoonmoon/git/learn-airflow/airflow1/py_env/lib/python3.11/site-packages/airflow/example_dags/example_external_task_marker_dag.py for tasks to queue
[2024-11-13T19:56:55.877+1100] {logging_mixin.py:190} INFO - [2024-11-13T19:56:55.877+1100] {dagbag.py:588} INFO - Filling up the DagBag from /Users/yoonmoon/git/learn-airflow/airflow1/py_env/lib/python3.11/site-packages/airflow/example_dags/example_external_task_marker_dag.py
[2024-11-13T19:56:55.882+1100] {processor.py:925} INFO - DAG(s) 'example_external_task_marker_parent', 'example_external_task_marker_child' retrieved from /Users/yoonmoon/git/learn-airflow/airflow1/py_env/lib/python3.11/site-packages/airflow/example_dags/example_external_task_marker_dag.py
[2024-11-13T19:56:55.939+1100] {logging_mixin.py:190} INFO - [2024-11-13T19:56:55.939+1100] {workday.py:41} WARNING - Could not import pandas. Holidays will not be considered.
[2024-11-13T19:56:55.943+1100] {logging_mixin.py:190} INFO - [2024-11-13T19:56:55.943+1100] {dag.py:3239} INFO - Sync 2 DAGs
[2024-11-13T19:56:55.946+1100] {logging_mixin.py:190} INFO - [2024-11-13T19:56:55.946+1100] {dag.py:4180} INFO - Setting next_dagrun for example_external_task_marker_child to None, run_after=None
[2024-11-13T19:56:55.947+1100] {logging_mixin.py:190} INFO - [2024-11-13T19:56:55.947+1100] {dag.py:4180} INFO - Setting next_dagrun for example_external_task_marker_parent to None, run_after=None
[2024-11-13T19:56:55.953+1100] {processor.py:208} INFO - Processing /Users/yoonmoon/git/learn-airflow/airflow1/py_env/lib/python3.11/site-packages/airflow/example_dags/example_external_task_marker_dag.py took 0.081 seconds
[2024-11-13T19:59:09.281+1100] {processor.py:186} INFO - Started process (PID=67510) to work on /Users/yoonmoon/git/learn-airflow/airflow1/py_env/lib/python3.11/site-packages/airflow/example_dags/example_external_task_marker_dag.py
[2024-11-13T19:59:09.282+1100] {processor.py:914} INFO - Processing file /Users/yoonmoon/git/learn-airflow/airflow1/py_env/lib/python3.11/site-packages/airflow/example_dags/example_external_task_marker_dag.py for tasks to queue
[2024-11-13T19:59:09.283+1100] {logging_mixin.py:190} INFO - [2024-11-13T19:59:09.282+1100] {dagbag.py:588} INFO - Filling up the DagBag from /Users/yoonmoon/git/learn-airflow/airflow1/py_env/lib/python3.11/site-packages/airflow/example_dags/example_external_task_marker_dag.py
[2024-11-13T19:59:09.288+1100] {processor.py:925} INFO - DAG(s) 'example_external_task_marker_child', 'example_external_task_marker_parent' retrieved from /Users/yoonmoon/git/learn-airflow/airflow1/py_env/lib/python3.11/site-packages/airflow/example_dags/example_external_task_marker_dag.py
[2024-11-13T19:59:09.347+1100] {logging_mixin.py:190} INFO - [2024-11-13T19:59:09.347+1100] {workday.py:41} WARNING - Could not import pandas. Holidays will not be considered.
[2024-11-13T19:59:09.353+1100] {logging_mixin.py:190} INFO - [2024-11-13T19:59:09.352+1100] {dag.py:3239} INFO - Sync 2 DAGs
[2024-11-13T19:59:09.356+1100] {logging_mixin.py:190} INFO - [2024-11-13T19:59:09.356+1100] {dag.py:4180} INFO - Setting next_dagrun for example_external_task_marker_child to None, run_after=None
[2024-11-13T19:59:09.357+1100] {logging_mixin.py:190} INFO - [2024-11-13T19:59:09.357+1100] {dag.py:4180} INFO - Setting next_dagrun for example_external_task_marker_parent to None, run_after=None
[2024-11-13T19:59:09.363+1100] {processor.py:208} INFO - Processing /Users/yoonmoon/git/learn-airflow/airflow1/py_env/lib/python3.11/site-packages/airflow/example_dags/example_external_task_marker_dag.py took 0.084 seconds
[2024-11-13T20:01:24.810+1100] {processor.py:186} INFO - Started process (PID=67760) to work on /Users/yoonmoon/git/learn-airflow/airflow1/py_env/lib/python3.11/site-packages/airflow/example_dags/example_external_task_marker_dag.py
[2024-11-13T20:01:24.811+1100] {processor.py:914} INFO - Processing file /Users/yoonmoon/git/learn-airflow/airflow1/py_env/lib/python3.11/site-packages/airflow/example_dags/example_external_task_marker_dag.py for tasks to queue
[2024-11-13T20:01:24.811+1100] {logging_mixin.py:190} INFO - [2024-11-13T20:01:24.811+1100] {dagbag.py:588} INFO - Filling up the DagBag from /Users/yoonmoon/git/learn-airflow/airflow1/py_env/lib/python3.11/site-packages/airflow/example_dags/example_external_task_marker_dag.py
[2024-11-13T20:01:24.816+1100] {processor.py:925} INFO - DAG(s) 'example_external_task_marker_child', 'example_external_task_marker_parent' retrieved from /Users/yoonmoon/git/learn-airflow/airflow1/py_env/lib/python3.11/site-packages/airflow/example_dags/example_external_task_marker_dag.py
[2024-11-13T20:01:24.872+1100] {logging_mixin.py:190} INFO - [2024-11-13T20:01:24.872+1100] {workday.py:41} WARNING - Could not import pandas. Holidays will not be considered.
[2024-11-13T20:01:24.878+1100] {logging_mixin.py:190} INFO - [2024-11-13T20:01:24.878+1100] {dag.py:3239} INFO - Sync 2 DAGs
[2024-11-13T20:01:24.882+1100] {logging_mixin.py:190} INFO - [2024-11-13T20:01:24.882+1100] {dag.py:4180} INFO - Setting next_dagrun for example_external_task_marker_child to None, run_after=None
[2024-11-13T20:01:24.883+1100] {logging_mixin.py:190} INFO - [2024-11-13T20:01:24.883+1100] {dag.py:4180} INFO - Setting next_dagrun for example_external_task_marker_parent to None, run_after=None
[2024-11-13T20:01:24.889+1100] {processor.py:208} INFO - Processing /Users/yoonmoon/git/learn-airflow/airflow1/py_env/lib/python3.11/site-packages/airflow/example_dags/example_external_task_marker_dag.py took 0.081 seconds
[2024-11-13T20:03:42.465+1100] {processor.py:186} INFO - Started process (PID=68004) to work on /Users/yoonmoon/git/learn-airflow/airflow1/py_env/lib/python3.11/site-packages/airflow/example_dags/example_external_task_marker_dag.py
[2024-11-13T20:03:42.467+1100] {processor.py:914} INFO - Processing file /Users/yoonmoon/git/learn-airflow/airflow1/py_env/lib/python3.11/site-packages/airflow/example_dags/example_external_task_marker_dag.py for tasks to queue
[2024-11-13T20:03:42.467+1100] {logging_mixin.py:190} INFO - [2024-11-13T20:03:42.467+1100] {dagbag.py:588} INFO - Filling up the DagBag from /Users/yoonmoon/git/learn-airflow/airflow1/py_env/lib/python3.11/site-packages/airflow/example_dags/example_external_task_marker_dag.py
[2024-11-13T20:03:42.472+1100] {processor.py:925} INFO - DAG(s) 'example_external_task_marker_child', 'example_external_task_marker_parent' retrieved from /Users/yoonmoon/git/learn-airflow/airflow1/py_env/lib/python3.11/site-packages/airflow/example_dags/example_external_task_marker_dag.py
[2024-11-13T20:03:42.529+1100] {logging_mixin.py:190} INFO - [2024-11-13T20:03:42.529+1100] {workday.py:41} WARNING - Could not import pandas. Holidays will not be considered.
[2024-11-13T20:03:42.535+1100] {logging_mixin.py:190} INFO - [2024-11-13T20:03:42.535+1100] {dag.py:3239} INFO - Sync 2 DAGs
[2024-11-13T20:03:42.538+1100] {logging_mixin.py:190} INFO - [2024-11-13T20:03:42.538+1100] {dag.py:4180} INFO - Setting next_dagrun for example_external_task_marker_child to None, run_after=None
[2024-11-13T20:03:42.539+1100] {logging_mixin.py:190} INFO - [2024-11-13T20:03:42.539+1100] {dag.py:4180} INFO - Setting next_dagrun for example_external_task_marker_parent to None, run_after=None
[2024-11-13T20:03:42.545+1100] {processor.py:208} INFO - Processing /Users/yoonmoon/git/learn-airflow/airflow1/py_env/lib/python3.11/site-packages/airflow/example_dags/example_external_task_marker_dag.py took 0.081 seconds
[2024-11-13T20:06:00.502+1100] {processor.py:186} INFO - Started process (PID=68278) to work on /Users/yoonmoon/git/learn-airflow/airflow1/py_env/lib/python3.11/site-packages/airflow/example_dags/example_external_task_marker_dag.py
[2024-11-13T20:06:00.503+1100] {processor.py:914} INFO - Processing file /Users/yoonmoon/git/learn-airflow/airflow1/py_env/lib/python3.11/site-packages/airflow/example_dags/example_external_task_marker_dag.py for tasks to queue
[2024-11-13T20:06:00.503+1100] {logging_mixin.py:190} INFO - [2024-11-13T20:06:00.503+1100] {dagbag.py:588} INFO - Filling up the DagBag from /Users/yoonmoon/git/learn-airflow/airflow1/py_env/lib/python3.11/site-packages/airflow/example_dags/example_external_task_marker_dag.py
[2024-11-13T20:06:00.508+1100] {processor.py:925} INFO - DAG(s) 'example_external_task_marker_parent', 'example_external_task_marker_child' retrieved from /Users/yoonmoon/git/learn-airflow/airflow1/py_env/lib/python3.11/site-packages/airflow/example_dags/example_external_task_marker_dag.py
[2024-11-13T20:06:00.570+1100] {logging_mixin.py:190} INFO - [2024-11-13T20:06:00.570+1100] {workday.py:41} WARNING - Could not import pandas. Holidays will not be considered.
[2024-11-13T20:06:00.573+1100] {logging_mixin.py:190} INFO - [2024-11-13T20:06:00.573+1100] {dag.py:3239} INFO - Sync 2 DAGs
[2024-11-13T20:06:00.577+1100] {logging_mixin.py:190} INFO - [2024-11-13T20:06:00.577+1100] {dag.py:4180} INFO - Setting next_dagrun for example_external_task_marker_child to None, run_after=None
[2024-11-13T20:06:00.579+1100] {logging_mixin.py:190} INFO - [2024-11-13T20:06:00.579+1100] {dag.py:4180} INFO - Setting next_dagrun for example_external_task_marker_parent to None, run_after=None
[2024-11-13T20:06:00.585+1100] {processor.py:208} INFO - Processing /Users/yoonmoon/git/learn-airflow/airflow1/py_env/lib/python3.11/site-packages/airflow/example_dags/example_external_task_marker_dag.py took 0.085 seconds
[2024-11-13T20:08:19.520+1100] {processor.py:186} INFO - Started process (PID=68557) to work on /Users/yoonmoon/git/learn-airflow/airflow1/py_env/lib/python3.11/site-packages/airflow/example_dags/example_external_task_marker_dag.py
[2024-11-13T20:08:19.522+1100] {processor.py:914} INFO - Processing file /Users/yoonmoon/git/learn-airflow/airflow1/py_env/lib/python3.11/site-packages/airflow/example_dags/example_external_task_marker_dag.py for tasks to queue
[2024-11-13T20:08:19.522+1100] {logging_mixin.py:190} INFO - [2024-11-13T20:08:19.522+1100] {dagbag.py:588} INFO - Filling up the DagBag from /Users/yoonmoon/git/learn-airflow/airflow1/py_env/lib/python3.11/site-packages/airflow/example_dags/example_external_task_marker_dag.py
[2024-11-13T20:08:19.527+1100] {processor.py:925} INFO - DAG(s) 'example_external_task_marker_child', 'example_external_task_marker_parent' retrieved from /Users/yoonmoon/git/learn-airflow/airflow1/py_env/lib/python3.11/site-packages/airflow/example_dags/example_external_task_marker_dag.py
[2024-11-13T20:08:19.585+1100] {logging_mixin.py:190} INFO - [2024-11-13T20:08:19.585+1100] {workday.py:41} WARNING - Could not import pandas. Holidays will not be considered.
[2024-11-13T20:08:19.590+1100] {logging_mixin.py:190} INFO - [2024-11-13T20:08:19.590+1100] {dag.py:3239} INFO - Sync 2 DAGs
[2024-11-13T20:08:19.594+1100] {logging_mixin.py:190} INFO - [2024-11-13T20:08:19.594+1100] {dag.py:4180} INFO - Setting next_dagrun for example_external_task_marker_child to None, run_after=None
[2024-11-13T20:08:19.595+1100] {logging_mixin.py:190} INFO - [2024-11-13T20:08:19.595+1100] {dag.py:4180} INFO - Setting next_dagrun for example_external_task_marker_parent to None, run_after=None
[2024-11-13T20:08:19.601+1100] {processor.py:208} INFO - Processing /Users/yoonmoon/git/learn-airflow/airflow1/py_env/lib/python3.11/site-packages/airflow/example_dags/example_external_task_marker_dag.py took 0.083 seconds
[2024-11-13T20:10:41.911+1100] {processor.py:186} INFO - Started process (PID=68842) to work on /Users/yoonmoon/git/learn-airflow/airflow1/py_env/lib/python3.11/site-packages/airflow/example_dags/example_external_task_marker_dag.py
[2024-11-13T20:10:41.912+1100] {processor.py:914} INFO - Processing file /Users/yoonmoon/git/learn-airflow/airflow1/py_env/lib/python3.11/site-packages/airflow/example_dags/example_external_task_marker_dag.py for tasks to queue
[2024-11-13T20:10:41.912+1100] {logging_mixin.py:190} INFO - [2024-11-13T20:10:41.912+1100] {dagbag.py:588} INFO - Filling up the DagBag from /Users/yoonmoon/git/learn-airflow/airflow1/py_env/lib/python3.11/site-packages/airflow/example_dags/example_external_task_marker_dag.py
[2024-11-13T20:10:41.917+1100] {processor.py:925} INFO - DAG(s) 'example_external_task_marker_parent', 'example_external_task_marker_child' retrieved from /Users/yoonmoon/git/learn-airflow/airflow1/py_env/lib/python3.11/site-packages/airflow/example_dags/example_external_task_marker_dag.py
[2024-11-13T20:10:41.977+1100] {logging_mixin.py:190} INFO - [2024-11-13T20:10:41.977+1100] {workday.py:41} WARNING - Could not import pandas. Holidays will not be considered.
[2024-11-13T20:10:41.981+1100] {logging_mixin.py:190} INFO - [2024-11-13T20:10:41.981+1100] {dag.py:3239} INFO - Sync 2 DAGs
[2024-11-13T20:10:41.984+1100] {logging_mixin.py:190} INFO - [2024-11-13T20:10:41.984+1100] {dag.py:4180} INFO - Setting next_dagrun for example_external_task_marker_child to None, run_after=None
[2024-11-13T20:10:41.985+1100] {logging_mixin.py:190} INFO - [2024-11-13T20:10:41.985+1100] {dag.py:4180} INFO - Setting next_dagrun for example_external_task_marker_parent to None, run_after=None
[2024-11-13T20:10:41.991+1100] {processor.py:208} INFO - Processing /Users/yoonmoon/git/learn-airflow/airflow1/py_env/lib/python3.11/site-packages/airflow/example_dags/example_external_task_marker_dag.py took 0.082 seconds
[2024-11-13T20:12:55.212+1100] {processor.py:186} INFO - Started process (PID=69094) to work on /Users/yoonmoon/git/learn-airflow/airflow1/py_env/lib/python3.11/site-packages/airflow/example_dags/example_external_task_marker_dag.py
[2024-11-13T20:12:55.213+1100] {processor.py:914} INFO - Processing file /Users/yoonmoon/git/learn-airflow/airflow1/py_env/lib/python3.11/site-packages/airflow/example_dags/example_external_task_marker_dag.py for tasks to queue
[2024-11-13T20:12:55.214+1100] {logging_mixin.py:190} INFO - [2024-11-13T20:12:55.214+1100] {dagbag.py:588} INFO - Filling up the DagBag from /Users/yoonmoon/git/learn-airflow/airflow1/py_env/lib/python3.11/site-packages/airflow/example_dags/example_external_task_marker_dag.py
[2024-11-13T20:12:55.219+1100] {processor.py:925} INFO - DAG(s) 'example_external_task_marker_parent', 'example_external_task_marker_child' retrieved from /Users/yoonmoon/git/learn-airflow/airflow1/py_env/lib/python3.11/site-packages/airflow/example_dags/example_external_task_marker_dag.py
[2024-11-13T20:12:55.278+1100] {logging_mixin.py:190} INFO - [2024-11-13T20:12:55.278+1100] {workday.py:41} WARNING - Could not import pandas. Holidays will not be considered.
[2024-11-13T20:12:55.281+1100] {logging_mixin.py:190} INFO - [2024-11-13T20:12:55.281+1100] {dag.py:3239} INFO - Sync 2 DAGs
[2024-11-13T20:12:55.285+1100] {logging_mixin.py:190} INFO - [2024-11-13T20:12:55.285+1100] {dag.py:4180} INFO - Setting next_dagrun for example_external_task_marker_child to None, run_after=None
[2024-11-13T20:12:55.286+1100] {logging_mixin.py:190} INFO - [2024-11-13T20:12:55.286+1100] {dag.py:4180} INFO - Setting next_dagrun for example_external_task_marker_parent to None, run_after=None
[2024-11-13T20:12:55.291+1100] {processor.py:208} INFO - Processing /Users/yoonmoon/git/learn-airflow/airflow1/py_env/lib/python3.11/site-packages/airflow/example_dags/example_external_task_marker_dag.py took 0.082 seconds
[2024-11-13T20:15:15.181+1100] {processor.py:186} INFO - Started process (PID=69343) to work on /Users/yoonmoon/git/learn-airflow/airflow1/py_env/lib/python3.11/site-packages/airflow/example_dags/example_external_task_marker_dag.py
[2024-11-13T20:15:15.182+1100] {processor.py:914} INFO - Processing file /Users/yoonmoon/git/learn-airflow/airflow1/py_env/lib/python3.11/site-packages/airflow/example_dags/example_external_task_marker_dag.py for tasks to queue
[2024-11-13T20:15:15.183+1100] {logging_mixin.py:190} INFO - [2024-11-13T20:15:15.183+1100] {dagbag.py:588} INFO - Filling up the DagBag from /Users/yoonmoon/git/learn-airflow/airflow1/py_env/lib/python3.11/site-packages/airflow/example_dags/example_external_task_marker_dag.py
[2024-11-13T20:15:15.188+1100] {processor.py:925} INFO - DAG(s) 'example_external_task_marker_parent', 'example_external_task_marker_child' retrieved from /Users/yoonmoon/git/learn-airflow/airflow1/py_env/lib/python3.11/site-packages/airflow/example_dags/example_external_task_marker_dag.py
[2024-11-13T20:15:15.248+1100] {logging_mixin.py:190} INFO - [2024-11-13T20:15:15.248+1100] {workday.py:41} WARNING - Could not import pandas. Holidays will not be considered.
[2024-11-13T20:15:15.252+1100] {logging_mixin.py:190} INFO - [2024-11-13T20:15:15.252+1100] {dag.py:3239} INFO - Sync 2 DAGs
[2024-11-13T20:15:15.256+1100] {logging_mixin.py:190} INFO - [2024-11-13T20:15:15.256+1100] {dag.py:4180} INFO - Setting next_dagrun for example_external_task_marker_child to None, run_after=None
[2024-11-13T20:15:15.257+1100] {logging_mixin.py:190} INFO - [2024-11-13T20:15:15.256+1100] {dag.py:4180} INFO - Setting next_dagrun for example_external_task_marker_parent to None, run_after=None
[2024-11-13T20:15:15.262+1100] {processor.py:208} INFO - Processing /Users/yoonmoon/git/learn-airflow/airflow1/py_env/lib/python3.11/site-packages/airflow/example_dags/example_external_task_marker_dag.py took 0.083 seconds
[2024-11-13T20:17:32.054+1100] {processor.py:186} INFO - Started process (PID=69589) to work on /Users/yoonmoon/git/learn-airflow/airflow1/py_env/lib/python3.11/site-packages/airflow/example_dags/example_external_task_marker_dag.py
[2024-11-13T20:17:32.056+1100] {processor.py:914} INFO - Processing file /Users/yoonmoon/git/learn-airflow/airflow1/py_env/lib/python3.11/site-packages/airflow/example_dags/example_external_task_marker_dag.py for tasks to queue
[2024-11-13T20:17:32.056+1100] {logging_mixin.py:190} INFO - [2024-11-13T20:17:32.056+1100] {dagbag.py:588} INFO - Filling up the DagBag from /Users/yoonmoon/git/learn-airflow/airflow1/py_env/lib/python3.11/site-packages/airflow/example_dags/example_external_task_marker_dag.py
[2024-11-13T20:17:32.061+1100] {processor.py:925} INFO - DAG(s) 'example_external_task_marker_parent', 'example_external_task_marker_child' retrieved from /Users/yoonmoon/git/learn-airflow/airflow1/py_env/lib/python3.11/site-packages/airflow/example_dags/example_external_task_marker_dag.py
[2024-11-13T20:17:32.122+1100] {logging_mixin.py:190} INFO - [2024-11-13T20:17:32.121+1100] {workday.py:41} WARNING - Could not import pandas. Holidays will not be considered.
[2024-11-13T20:17:32.125+1100] {logging_mixin.py:190} INFO - [2024-11-13T20:17:32.125+1100] {dag.py:3239} INFO - Sync 2 DAGs
[2024-11-13T20:17:32.128+1100] {logging_mixin.py:190} INFO - [2024-11-13T20:17:32.128+1100] {dag.py:4180} INFO - Setting next_dagrun for example_external_task_marker_child to None, run_after=None
[2024-11-13T20:17:32.129+1100] {logging_mixin.py:190} INFO - [2024-11-13T20:17:32.129+1100] {dag.py:4180} INFO - Setting next_dagrun for example_external_task_marker_parent to None, run_after=None
[2024-11-13T20:17:32.135+1100] {processor.py:208} INFO - Processing /Users/yoonmoon/git/learn-airflow/airflow1/py_env/lib/python3.11/site-packages/airflow/example_dags/example_external_task_marker_dag.py took 0.083 seconds
[2024-11-13T20:19:52.328+1100] {processor.py:186} INFO - Started process (PID=69922) to work on /Users/yoonmoon/git/learn-airflow/airflow1/py_env/lib/python3.11/site-packages/airflow/example_dags/example_external_task_marker_dag.py
[2024-11-13T20:19:52.329+1100] {processor.py:914} INFO - Processing file /Users/yoonmoon/git/learn-airflow/airflow1/py_env/lib/python3.11/site-packages/airflow/example_dags/example_external_task_marker_dag.py for tasks to queue
[2024-11-13T20:19:52.330+1100] {logging_mixin.py:190} INFO - [2024-11-13T20:19:52.329+1100] {dagbag.py:588} INFO - Filling up the DagBag from /Users/yoonmoon/git/learn-airflow/airflow1/py_env/lib/python3.11/site-packages/airflow/example_dags/example_external_task_marker_dag.py
[2024-11-13T20:19:52.334+1100] {processor.py:925} INFO - DAG(s) 'example_external_task_marker_parent', 'example_external_task_marker_child' retrieved from /Users/yoonmoon/git/learn-airflow/airflow1/py_env/lib/python3.11/site-packages/airflow/example_dags/example_external_task_marker_dag.py
[2024-11-13T20:19:52.393+1100] {logging_mixin.py:190} INFO - [2024-11-13T20:19:52.393+1100] {workday.py:41} WARNING - Could not import pandas. Holidays will not be considered.
[2024-11-13T20:19:52.397+1100] {logging_mixin.py:190} INFO - [2024-11-13T20:19:52.397+1100] {dag.py:3239} INFO - Sync 2 DAGs
[2024-11-13T20:19:52.400+1100] {logging_mixin.py:190} INFO - [2024-11-13T20:19:52.400+1100] {dag.py:4180} INFO - Setting next_dagrun for example_external_task_marker_child to None, run_after=None
[2024-11-13T20:19:52.401+1100] {logging_mixin.py:190} INFO - [2024-11-13T20:19:52.401+1100] {dag.py:4180} INFO - Setting next_dagrun for example_external_task_marker_parent to None, run_after=None
[2024-11-13T20:19:52.406+1100] {processor.py:208} INFO - Processing /Users/yoonmoon/git/learn-airflow/airflow1/py_env/lib/python3.11/site-packages/airflow/example_dags/example_external_task_marker_dag.py took 0.081 seconds
[2024-11-13T20:22:08.745+1100] {processor.py:186} INFO - Started process (PID=70236) to work on /Users/yoonmoon/git/learn-airflow/airflow1/py_env/lib/python3.11/site-packages/airflow/example_dags/example_external_task_marker_dag.py
[2024-11-13T20:22:08.746+1100] {processor.py:914} INFO - Processing file /Users/yoonmoon/git/learn-airflow/airflow1/py_env/lib/python3.11/site-packages/airflow/example_dags/example_external_task_marker_dag.py for tasks to queue
[2024-11-13T20:22:08.747+1100] {logging_mixin.py:190} INFO - [2024-11-13T20:22:08.747+1100] {dagbag.py:588} INFO - Filling up the DagBag from /Users/yoonmoon/git/learn-airflow/airflow1/py_env/lib/python3.11/site-packages/airflow/example_dags/example_external_task_marker_dag.py
[2024-11-13T20:22:08.752+1100] {processor.py:925} INFO - DAG(s) 'example_external_task_marker_child', 'example_external_task_marker_parent' retrieved from /Users/yoonmoon/git/learn-airflow/airflow1/py_env/lib/python3.11/site-packages/airflow/example_dags/example_external_task_marker_dag.py
[2024-11-13T20:22:08.808+1100] {logging_mixin.py:190} INFO - [2024-11-13T20:22:08.808+1100] {workday.py:41} WARNING - Could not import pandas. Holidays will not be considered.
[2024-11-13T20:22:08.814+1100] {logging_mixin.py:190} INFO - [2024-11-13T20:22:08.814+1100] {dag.py:3239} INFO - Sync 2 DAGs
[2024-11-13T20:22:08.817+1100] {logging_mixin.py:190} INFO - [2024-11-13T20:22:08.817+1100] {dag.py:4180} INFO - Setting next_dagrun for example_external_task_marker_child to None, run_after=None
[2024-11-13T20:22:08.818+1100] {logging_mixin.py:190} INFO - [2024-11-13T20:22:08.818+1100] {dag.py:4180} INFO - Setting next_dagrun for example_external_task_marker_parent to None, run_after=None
[2024-11-13T20:22:08.824+1100] {processor.py:208} INFO - Processing /Users/yoonmoon/git/learn-airflow/airflow1/py_env/lib/python3.11/site-packages/airflow/example_dags/example_external_task_marker_dag.py took 0.081 seconds
[2024-11-13T20:24:21.244+1100] {processor.py:186} INFO - Started process (PID=70491) to work on /Users/yoonmoon/git/learn-airflow/airflow1/py_env/lib/python3.11/site-packages/airflow/example_dags/example_external_task_marker_dag.py
[2024-11-13T20:24:21.244+1100] {processor.py:914} INFO - Processing file /Users/yoonmoon/git/learn-airflow/airflow1/py_env/lib/python3.11/site-packages/airflow/example_dags/example_external_task_marker_dag.py for tasks to queue
[2024-11-13T20:24:21.245+1100] {logging_mixin.py:190} INFO - [2024-11-13T20:24:21.245+1100] {dagbag.py:588} INFO - Filling up the DagBag from /Users/yoonmoon/git/learn-airflow/airflow1/py_env/lib/python3.11/site-packages/airflow/example_dags/example_external_task_marker_dag.py
[2024-11-13T20:24:21.250+1100] {processor.py:925} INFO - DAG(s) 'example_external_task_marker_parent', 'example_external_task_marker_child' retrieved from /Users/yoonmoon/git/learn-airflow/airflow1/py_env/lib/python3.11/site-packages/airflow/example_dags/example_external_task_marker_dag.py
[2024-11-13T20:24:21.315+1100] {logging_mixin.py:190} INFO - [2024-11-13T20:24:21.315+1100] {workday.py:41} WARNING - Could not import pandas. Holidays will not be considered.
[2024-11-13T20:24:21.319+1100] {logging_mixin.py:190} INFO - [2024-11-13T20:24:21.319+1100] {dag.py:3239} INFO - Sync 2 DAGs
[2024-11-13T20:24:21.324+1100] {logging_mixin.py:190} INFO - [2024-11-13T20:24:21.323+1100] {dag.py:4180} INFO - Setting next_dagrun for example_external_task_marker_child to None, run_after=None
[2024-11-13T20:24:21.325+1100] {logging_mixin.py:190} INFO - [2024-11-13T20:24:21.325+1100] {dag.py:4180} INFO - Setting next_dagrun for example_external_task_marker_parent to None, run_after=None
[2024-11-13T20:24:21.331+1100] {processor.py:208} INFO - Processing /Users/yoonmoon/git/learn-airflow/airflow1/py_env/lib/python3.11/site-packages/airflow/example_dags/example_external_task_marker_dag.py took 0.090 seconds
[2024-11-13T20:26:37.540+1100] {processor.py:186} INFO - Started process (PID=70767) to work on /Users/yoonmoon/git/learn-airflow/airflow1/py_env/lib/python3.11/site-packages/airflow/example_dags/example_external_task_marker_dag.py
[2024-11-13T20:26:37.541+1100] {processor.py:914} INFO - Processing file /Users/yoonmoon/git/learn-airflow/airflow1/py_env/lib/python3.11/site-packages/airflow/example_dags/example_external_task_marker_dag.py for tasks to queue
[2024-11-13T20:26:37.542+1100] {logging_mixin.py:190} INFO - [2024-11-13T20:26:37.542+1100] {dagbag.py:588} INFO - Filling up the DagBag from /Users/yoonmoon/git/learn-airflow/airflow1/py_env/lib/python3.11/site-packages/airflow/example_dags/example_external_task_marker_dag.py
[2024-11-13T20:26:37.547+1100] {processor.py:925} INFO - DAG(s) 'example_external_task_marker_parent', 'example_external_task_marker_child' retrieved from /Users/yoonmoon/git/learn-airflow/airflow1/py_env/lib/python3.11/site-packages/airflow/example_dags/example_external_task_marker_dag.py
[2024-11-13T20:26:37.608+1100] {logging_mixin.py:190} INFO - [2024-11-13T20:26:37.608+1100] {workday.py:41} WARNING - Could not import pandas. Holidays will not be considered.
[2024-11-13T20:26:37.612+1100] {logging_mixin.py:190} INFO - [2024-11-13T20:26:37.612+1100] {dag.py:3239} INFO - Sync 2 DAGs
[2024-11-13T20:26:37.615+1100] {logging_mixin.py:190} INFO - [2024-11-13T20:26:37.615+1100] {dag.py:4180} INFO - Setting next_dagrun for example_external_task_marker_child to None, run_after=None
[2024-11-13T20:26:37.616+1100] {logging_mixin.py:190} INFO - [2024-11-13T20:26:37.616+1100] {dag.py:4180} INFO - Setting next_dagrun for example_external_task_marker_parent to None, run_after=None
[2024-11-13T20:26:37.622+1100] {processor.py:208} INFO - Processing /Users/yoonmoon/git/learn-airflow/airflow1/py_env/lib/python3.11/site-packages/airflow/example_dags/example_external_task_marker_dag.py took 0.084 seconds
[2024-11-13T20:28:54.519+1100] {processor.py:186} INFO - Started process (PID=71045) to work on /Users/yoonmoon/git/learn-airflow/airflow1/py_env/lib/python3.11/site-packages/airflow/example_dags/example_external_task_marker_dag.py
[2024-11-13T20:28:54.521+1100] {processor.py:914} INFO - Processing file /Users/yoonmoon/git/learn-airflow/airflow1/py_env/lib/python3.11/site-packages/airflow/example_dags/example_external_task_marker_dag.py for tasks to queue
[2024-11-13T20:28:54.521+1100] {logging_mixin.py:190} INFO - [2024-11-13T20:28:54.521+1100] {dagbag.py:588} INFO - Filling up the DagBag from /Users/yoonmoon/git/learn-airflow/airflow1/py_env/lib/python3.11/site-packages/airflow/example_dags/example_external_task_marker_dag.py
[2024-11-13T20:28:54.526+1100] {processor.py:925} INFO - DAG(s) 'example_external_task_marker_parent', 'example_external_task_marker_child' retrieved from /Users/yoonmoon/git/learn-airflow/airflow1/py_env/lib/python3.11/site-packages/airflow/example_dags/example_external_task_marker_dag.py
[2024-11-13T20:28:54.584+1100] {logging_mixin.py:190} INFO - [2024-11-13T20:28:54.584+1100] {workday.py:41} WARNING - Could not import pandas. Holidays will not be considered.
[2024-11-13T20:28:54.588+1100] {logging_mixin.py:190} INFO - [2024-11-13T20:28:54.587+1100] {dag.py:3239} INFO - Sync 2 DAGs
[2024-11-13T20:28:54.591+1100] {logging_mixin.py:190} INFO - [2024-11-13T20:28:54.591+1100] {dag.py:4180} INFO - Setting next_dagrun for example_external_task_marker_child to None, run_after=None
[2024-11-13T20:28:54.592+1100] {logging_mixin.py:190} INFO - [2024-11-13T20:28:54.592+1100] {dag.py:4180} INFO - Setting next_dagrun for example_external_task_marker_parent to None, run_after=None
[2024-11-13T20:28:54.598+1100] {processor.py:208} INFO - Processing /Users/yoonmoon/git/learn-airflow/airflow1/py_env/lib/python3.11/site-packages/airflow/example_dags/example_external_task_marker_dag.py took 0.081 seconds
[2024-11-13T20:31:12.050+1100] {processor.py:186} INFO - Started process (PID=71295) to work on /Users/yoonmoon/git/learn-airflow/airflow1/py_env/lib/python3.11/site-packages/airflow/example_dags/example_external_task_marker_dag.py
[2024-11-13T20:31:12.052+1100] {processor.py:914} INFO - Processing file /Users/yoonmoon/git/learn-airflow/airflow1/py_env/lib/python3.11/site-packages/airflow/example_dags/example_external_task_marker_dag.py for tasks to queue
[2024-11-13T20:31:12.052+1100] {logging_mixin.py:190} INFO - [2024-11-13T20:31:12.052+1100] {dagbag.py:588} INFO - Filling up the DagBag from /Users/yoonmoon/git/learn-airflow/airflow1/py_env/lib/python3.11/site-packages/airflow/example_dags/example_external_task_marker_dag.py
[2024-11-13T20:31:12.057+1100] {processor.py:925} INFO - DAG(s) 'example_external_task_marker_child', 'example_external_task_marker_parent' retrieved from /Users/yoonmoon/git/learn-airflow/airflow1/py_env/lib/python3.11/site-packages/airflow/example_dags/example_external_task_marker_dag.py
[2024-11-13T20:31:12.115+1100] {logging_mixin.py:190} INFO - [2024-11-13T20:31:12.115+1100] {workday.py:41} WARNING - Could not import pandas. Holidays will not be considered.
[2024-11-13T20:31:12.121+1100] {logging_mixin.py:190} INFO - [2024-11-13T20:31:12.121+1100] {dag.py:3239} INFO - Sync 2 DAGs
[2024-11-13T20:31:12.125+1100] {logging_mixin.py:190} INFO - [2024-11-13T20:31:12.124+1100] {dag.py:4180} INFO - Setting next_dagrun for example_external_task_marker_child to None, run_after=None
[2024-11-13T20:31:12.125+1100] {logging_mixin.py:190} INFO - [2024-11-13T20:31:12.125+1100] {dag.py:4180} INFO - Setting next_dagrun for example_external_task_marker_parent to None, run_after=None
[2024-11-13T20:31:12.131+1100] {processor.py:208} INFO - Processing /Users/yoonmoon/git/learn-airflow/airflow1/py_env/lib/python3.11/site-packages/airflow/example_dags/example_external_task_marker_dag.py took 0.083 seconds
[2024-11-13T20:33:33.719+1100] {processor.py:186} INFO - Started process (PID=71552) to work on /Users/yoonmoon/git/learn-airflow/airflow1/py_env/lib/python3.11/site-packages/airflow/example_dags/example_external_task_marker_dag.py
[2024-11-13T20:33:33.720+1100] {processor.py:914} INFO - Processing file /Users/yoonmoon/git/learn-airflow/airflow1/py_env/lib/python3.11/site-packages/airflow/example_dags/example_external_task_marker_dag.py for tasks to queue
[2024-11-13T20:33:33.720+1100] {logging_mixin.py:190} INFO - [2024-11-13T20:33:33.720+1100] {dagbag.py:588} INFO - Filling up the DagBag from /Users/yoonmoon/git/learn-airflow/airflow1/py_env/lib/python3.11/site-packages/airflow/example_dags/example_external_task_marker_dag.py
[2024-11-13T20:33:33.726+1100] {processor.py:925} INFO - DAG(s) 'example_external_task_marker_child', 'example_external_task_marker_parent' retrieved from /Users/yoonmoon/git/learn-airflow/airflow1/py_env/lib/python3.11/site-packages/airflow/example_dags/example_external_task_marker_dag.py
[2024-11-13T20:33:33.784+1100] {logging_mixin.py:190} INFO - [2024-11-13T20:33:33.784+1100] {workday.py:41} WARNING - Could not import pandas. Holidays will not be considered.
[2024-11-13T20:33:33.790+1100] {logging_mixin.py:190} INFO - [2024-11-13T20:33:33.790+1100] {dag.py:3239} INFO - Sync 2 DAGs
[2024-11-13T20:33:33.794+1100] {logging_mixin.py:190} INFO - [2024-11-13T20:33:33.794+1100] {dag.py:4180} INFO - Setting next_dagrun for example_external_task_marker_child to None, run_after=None
[2024-11-13T20:33:33.795+1100] {logging_mixin.py:190} INFO - [2024-11-13T20:33:33.795+1100] {dag.py:4180} INFO - Setting next_dagrun for example_external_task_marker_parent to None, run_after=None
[2024-11-13T20:33:33.801+1100] {processor.py:208} INFO - Processing /Users/yoonmoon/git/learn-airflow/airflow1/py_env/lib/python3.11/site-packages/airflow/example_dags/example_external_task_marker_dag.py took 0.084 seconds
[2024-11-13T20:35:54.322+1100] {processor.py:186} INFO - Started process (PID=71823) to work on /Users/yoonmoon/git/learn-airflow/airflow1/py_env/lib/python3.11/site-packages/airflow/example_dags/example_external_task_marker_dag.py
[2024-11-13T20:35:54.323+1100] {processor.py:914} INFO - Processing file /Users/yoonmoon/git/learn-airflow/airflow1/py_env/lib/python3.11/site-packages/airflow/example_dags/example_external_task_marker_dag.py for tasks to queue
[2024-11-13T20:35:54.324+1100] {logging_mixin.py:190} INFO - [2024-11-13T20:35:54.323+1100] {dagbag.py:588} INFO - Filling up the DagBag from /Users/yoonmoon/git/learn-airflow/airflow1/py_env/lib/python3.11/site-packages/airflow/example_dags/example_external_task_marker_dag.py
[2024-11-13T20:35:54.329+1100] {processor.py:925} INFO - DAG(s) 'example_external_task_marker_child', 'example_external_task_marker_parent' retrieved from /Users/yoonmoon/git/learn-airflow/airflow1/py_env/lib/python3.11/site-packages/airflow/example_dags/example_external_task_marker_dag.py
[2024-11-13T20:35:54.385+1100] {logging_mixin.py:190} INFO - [2024-11-13T20:35:54.385+1100] {workday.py:41} WARNING - Could not import pandas. Holidays will not be considered.
[2024-11-13T20:35:54.391+1100] {logging_mixin.py:190} INFO - [2024-11-13T20:35:54.391+1100] {dag.py:3239} INFO - Sync 2 DAGs
[2024-11-13T20:35:54.394+1100] {logging_mixin.py:190} INFO - [2024-11-13T20:35:54.394+1100] {dag.py:4180} INFO - Setting next_dagrun for example_external_task_marker_child to None, run_after=None
[2024-11-13T20:35:54.395+1100] {logging_mixin.py:190} INFO - [2024-11-13T20:35:54.395+1100] {dag.py:4180} INFO - Setting next_dagrun for example_external_task_marker_parent to None, run_after=None
[2024-11-13T20:35:54.401+1100] {processor.py:208} INFO - Processing /Users/yoonmoon/git/learn-airflow/airflow1/py_env/lib/python3.11/site-packages/airflow/example_dags/example_external_task_marker_dag.py took 0.081 seconds
[2024-11-13T20:38:12.882+1100] {processor.py:186} INFO - Started process (PID=72124) to work on /Users/yoonmoon/git/learn-airflow/airflow1/py_env/lib/python3.11/site-packages/airflow/example_dags/example_external_task_marker_dag.py
[2024-11-13T20:38:12.884+1100] {processor.py:914} INFO - Processing file /Users/yoonmoon/git/learn-airflow/airflow1/py_env/lib/python3.11/site-packages/airflow/example_dags/example_external_task_marker_dag.py for tasks to queue
[2024-11-13T20:38:12.884+1100] {logging_mixin.py:190} INFO - [2024-11-13T20:38:12.884+1100] {dagbag.py:588} INFO - Filling up the DagBag from /Users/yoonmoon/git/learn-airflow/airflow1/py_env/lib/python3.11/site-packages/airflow/example_dags/example_external_task_marker_dag.py
[2024-11-13T20:38:12.889+1100] {processor.py:925} INFO - DAG(s) 'example_external_task_marker_child', 'example_external_task_marker_parent' retrieved from /Users/yoonmoon/git/learn-airflow/airflow1/py_env/lib/python3.11/site-packages/airflow/example_dags/example_external_task_marker_dag.py
[2024-11-13T20:38:12.946+1100] {logging_mixin.py:190} INFO - [2024-11-13T20:38:12.946+1100] {workday.py:41} WARNING - Could not import pandas. Holidays will not be considered.
[2024-11-13T20:38:12.952+1100] {logging_mixin.py:190} INFO - [2024-11-13T20:38:12.951+1100] {dag.py:3239} INFO - Sync 2 DAGs
[2024-11-13T20:38:12.955+1100] {logging_mixin.py:190} INFO - [2024-11-13T20:38:12.955+1100] {dag.py:4180} INFO - Setting next_dagrun for example_external_task_marker_child to None, run_after=None
[2024-11-13T20:38:12.956+1100] {logging_mixin.py:190} INFO - [2024-11-13T20:38:12.956+1100] {dag.py:4180} INFO - Setting next_dagrun for example_external_task_marker_parent to None, run_after=None
[2024-11-13T20:38:12.962+1100] {processor.py:208} INFO - Processing /Users/yoonmoon/git/learn-airflow/airflow1/py_env/lib/python3.11/site-packages/airflow/example_dags/example_external_task_marker_dag.py took 0.081 seconds
[2024-11-13T20:40:30.764+1100] {processor.py:186} INFO - Started process (PID=72380) to work on /Users/yoonmoon/git/learn-airflow/airflow1/py_env/lib/python3.11/site-packages/airflow/example_dags/example_external_task_marker_dag.py
[2024-11-13T20:40:30.765+1100] {processor.py:914} INFO - Processing file /Users/yoonmoon/git/learn-airflow/airflow1/py_env/lib/python3.11/site-packages/airflow/example_dags/example_external_task_marker_dag.py for tasks to queue
[2024-11-13T20:40:30.766+1100] {logging_mixin.py:190} INFO - [2024-11-13T20:40:30.766+1100] {dagbag.py:588} INFO - Filling up the DagBag from /Users/yoonmoon/git/learn-airflow/airflow1/py_env/lib/python3.11/site-packages/airflow/example_dags/example_external_task_marker_dag.py
[2024-11-13T20:40:30.771+1100] {processor.py:925} INFO - DAG(s) 'example_external_task_marker_child', 'example_external_task_marker_parent' retrieved from /Users/yoonmoon/git/learn-airflow/airflow1/py_env/lib/python3.11/site-packages/airflow/example_dags/example_external_task_marker_dag.py
[2024-11-13T20:40:30.827+1100] {logging_mixin.py:190} INFO - [2024-11-13T20:40:30.827+1100] {workday.py:41} WARNING - Could not import pandas. Holidays will not be considered.
[2024-11-13T20:40:30.833+1100] {logging_mixin.py:190} INFO - [2024-11-13T20:40:30.833+1100] {dag.py:3239} INFO - Sync 2 DAGs
[2024-11-13T20:40:30.837+1100] {logging_mixin.py:190} INFO - [2024-11-13T20:40:30.837+1100] {dag.py:4180} INFO - Setting next_dagrun for example_external_task_marker_child to None, run_after=None
[2024-11-13T20:40:30.838+1100] {logging_mixin.py:190} INFO - [2024-11-13T20:40:30.838+1100] {dag.py:4180} INFO - Setting next_dagrun for example_external_task_marker_parent to None, run_after=None
[2024-11-13T20:40:30.844+1100] {processor.py:208} INFO - Processing /Users/yoonmoon/git/learn-airflow/airflow1/py_env/lib/python3.11/site-packages/airflow/example_dags/example_external_task_marker_dag.py took 0.082 seconds
[2024-11-13T20:42:51.076+1100] {processor.py:186} INFO - Started process (PID=72642) to work on /Users/yoonmoon/git/learn-airflow/airflow1/py_env/lib/python3.11/site-packages/airflow/example_dags/example_external_task_marker_dag.py
[2024-11-13T20:42:51.078+1100] {processor.py:914} INFO - Processing file /Users/yoonmoon/git/learn-airflow/airflow1/py_env/lib/python3.11/site-packages/airflow/example_dags/example_external_task_marker_dag.py for tasks to queue
[2024-11-13T20:42:51.078+1100] {logging_mixin.py:190} INFO - [2024-11-13T20:42:51.078+1100] {dagbag.py:588} INFO - Filling up the DagBag from /Users/yoonmoon/git/learn-airflow/airflow1/py_env/lib/python3.11/site-packages/airflow/example_dags/example_external_task_marker_dag.py
[2024-11-13T20:42:51.084+1100] {processor.py:925} INFO - DAG(s) 'example_external_task_marker_child', 'example_external_task_marker_parent' retrieved from /Users/yoonmoon/git/learn-airflow/airflow1/py_env/lib/python3.11/site-packages/airflow/example_dags/example_external_task_marker_dag.py
[2024-11-13T20:42:51.141+1100] {logging_mixin.py:190} INFO - [2024-11-13T20:42:51.140+1100] {workday.py:41} WARNING - Could not import pandas. Holidays will not be considered.
[2024-11-13T20:42:51.146+1100] {logging_mixin.py:190} INFO - [2024-11-13T20:42:51.146+1100] {dag.py:3239} INFO - Sync 2 DAGs
[2024-11-13T20:42:51.150+1100] {logging_mixin.py:190} INFO - [2024-11-13T20:42:51.150+1100] {dag.py:4180} INFO - Setting next_dagrun for example_external_task_marker_child to None, run_after=None
[2024-11-13T20:42:51.151+1100] {logging_mixin.py:190} INFO - [2024-11-13T20:42:51.151+1100] {dag.py:4180} INFO - Setting next_dagrun for example_external_task_marker_parent to None, run_after=None
[2024-11-13T20:42:51.157+1100] {processor.py:208} INFO - Processing /Users/yoonmoon/git/learn-airflow/airflow1/py_env/lib/python3.11/site-packages/airflow/example_dags/example_external_task_marker_dag.py took 0.083 seconds
[2024-11-13T20:45:09.881+1100] {processor.py:186} INFO - Started process (PID=72914) to work on /Users/yoonmoon/git/learn-airflow/airflow1/py_env/lib/python3.11/site-packages/airflow/example_dags/example_external_task_marker_dag.py
[2024-11-13T20:45:09.882+1100] {processor.py:914} INFO - Processing file /Users/yoonmoon/git/learn-airflow/airflow1/py_env/lib/python3.11/site-packages/airflow/example_dags/example_external_task_marker_dag.py for tasks to queue
[2024-11-13T20:45:09.883+1100] {logging_mixin.py:190} INFO - [2024-11-13T20:45:09.882+1100] {dagbag.py:588} INFO - Filling up the DagBag from /Users/yoonmoon/git/learn-airflow/airflow1/py_env/lib/python3.11/site-packages/airflow/example_dags/example_external_task_marker_dag.py
[2024-11-13T20:45:09.888+1100] {processor.py:925} INFO - DAG(s) 'example_external_task_marker_parent', 'example_external_task_marker_child' retrieved from /Users/yoonmoon/git/learn-airflow/airflow1/py_env/lib/python3.11/site-packages/airflow/example_dags/example_external_task_marker_dag.py
[2024-11-13T20:45:09.950+1100] {logging_mixin.py:190} INFO - [2024-11-13T20:45:09.950+1100] {workday.py:41} WARNING - Could not import pandas. Holidays will not be considered.
[2024-11-13T20:45:09.954+1100] {logging_mixin.py:190} INFO - [2024-11-13T20:45:09.954+1100] {dag.py:3239} INFO - Sync 2 DAGs
[2024-11-13T20:45:09.958+1100] {logging_mixin.py:190} INFO - [2024-11-13T20:45:09.958+1100] {dag.py:4180} INFO - Setting next_dagrun for example_external_task_marker_child to None, run_after=None
[2024-11-13T20:45:09.959+1100] {logging_mixin.py:190} INFO - [2024-11-13T20:45:09.959+1100] {dag.py:4180} INFO - Setting next_dagrun for example_external_task_marker_parent to None, run_after=None
[2024-11-13T20:45:09.964+1100] {processor.py:208} INFO - Processing /Users/yoonmoon/git/learn-airflow/airflow1/py_env/lib/python3.11/site-packages/airflow/example_dags/example_external_task_marker_dag.py took 0.086 seconds
[2024-11-13T20:47:31.411+1100] {processor.py:186} INFO - Started process (PID=73183) to work on /Users/yoonmoon/git/learn-airflow/airflow1/py_env/lib/python3.11/site-packages/airflow/example_dags/example_external_task_marker_dag.py
[2024-11-13T20:47:31.413+1100] {processor.py:914} INFO - Processing file /Users/yoonmoon/git/learn-airflow/airflow1/py_env/lib/python3.11/site-packages/airflow/example_dags/example_external_task_marker_dag.py for tasks to queue
[2024-11-13T20:47:31.413+1100] {logging_mixin.py:190} INFO - [2024-11-13T20:47:31.413+1100] {dagbag.py:588} INFO - Filling up the DagBag from /Users/yoonmoon/git/learn-airflow/airflow1/py_env/lib/python3.11/site-packages/airflow/example_dags/example_external_task_marker_dag.py
[2024-11-13T20:47:31.418+1100] {processor.py:925} INFO - DAG(s) 'example_external_task_marker_parent', 'example_external_task_marker_child' retrieved from /Users/yoonmoon/git/learn-airflow/airflow1/py_env/lib/python3.11/site-packages/airflow/example_dags/example_external_task_marker_dag.py
[2024-11-13T20:47:31.479+1100] {logging_mixin.py:190} INFO - [2024-11-13T20:47:31.479+1100] {workday.py:41} WARNING - Could not import pandas. Holidays will not be considered.
[2024-11-13T20:47:31.483+1100] {logging_mixin.py:190} INFO - [2024-11-13T20:47:31.483+1100] {dag.py:3239} INFO - Sync 2 DAGs
[2024-11-13T20:47:31.486+1100] {logging_mixin.py:190} INFO - [2024-11-13T20:47:31.486+1100] {dag.py:4180} INFO - Setting next_dagrun for example_external_task_marker_child to None, run_after=None
[2024-11-13T20:47:31.487+1100] {logging_mixin.py:190} INFO - [2024-11-13T20:47:31.487+1100] {dag.py:4180} INFO - Setting next_dagrun for example_external_task_marker_parent to None, run_after=None
[2024-11-13T20:47:31.493+1100] {processor.py:208} INFO - Processing /Users/yoonmoon/git/learn-airflow/airflow1/py_env/lib/python3.11/site-packages/airflow/example_dags/example_external_task_marker_dag.py took 0.084 seconds
[2024-11-13T20:49:58.553+1100] {processor.py:186} INFO - Started process (PID=73456) to work on /Users/yoonmoon/git/learn-airflow/airflow1/py_env/lib/python3.11/site-packages/airflow/example_dags/example_external_task_marker_dag.py
[2024-11-13T20:49:58.554+1100] {processor.py:914} INFO - Processing file /Users/yoonmoon/git/learn-airflow/airflow1/py_env/lib/python3.11/site-packages/airflow/example_dags/example_external_task_marker_dag.py for tasks to queue
[2024-11-13T20:49:58.555+1100] {logging_mixin.py:190} INFO - [2024-11-13T20:49:58.555+1100] {dagbag.py:588} INFO - Filling up the DagBag from /Users/yoonmoon/git/learn-airflow/airflow1/py_env/lib/python3.11/site-packages/airflow/example_dags/example_external_task_marker_dag.py
[2024-11-13T20:49:58.561+1100] {processor.py:925} INFO - DAG(s) 'example_external_task_marker_parent', 'example_external_task_marker_child' retrieved from /Users/yoonmoon/git/learn-airflow/airflow1/py_env/lib/python3.11/site-packages/airflow/example_dags/example_external_task_marker_dag.py
[2024-11-13T20:49:58.625+1100] {logging_mixin.py:190} INFO - [2024-11-13T20:49:58.625+1100] {workday.py:41} WARNING - Could not import pandas. Holidays will not be considered.
[2024-11-13T20:49:58.629+1100] {logging_mixin.py:190} INFO - [2024-11-13T20:49:58.629+1100] {dag.py:3239} INFO - Sync 2 DAGs
[2024-11-13T20:49:58.633+1100] {logging_mixin.py:190} INFO - [2024-11-13T20:49:58.633+1100] {dag.py:4180} INFO - Setting next_dagrun for example_external_task_marker_child to None, run_after=None
[2024-11-13T20:49:58.634+1100] {logging_mixin.py:190} INFO - [2024-11-13T20:49:58.634+1100] {dag.py:4180} INFO - Setting next_dagrun for example_external_task_marker_parent to None, run_after=None
[2024-11-13T20:49:58.640+1100] {processor.py:208} INFO - Processing /Users/yoonmoon/git/learn-airflow/airflow1/py_env/lib/python3.11/site-packages/airflow/example_dags/example_external_task_marker_dag.py took 0.089 seconds
