[2024-11-13T19:29:41.747+1100] {processor.py:186} INFO - Started process (PID=63759) to work on /Users/yoonmoon/git/learn-airflow/airflow1/py_env/lib/python3.11/site-packages/airflow/example_dags/example_nested_branch_dag.py
[2024-11-13T19:29:41.747+1100] {processor.py:914} INFO - Processing file /Users/yoonmoon/git/learn-airflow/airflow1/py_env/lib/python3.11/site-packages/airflow/example_dags/example_nested_branch_dag.py for tasks to queue
[2024-11-13T19:29:41.748+1100] {logging_mixin.py:190} INFO - [2024-11-13T19:29:41.748+1100] {dagbag.py:588} INFO - Filling up the DagBag from /Users/yoonmoon/git/learn-airflow/airflow1/py_env/lib/python3.11/site-packages/airflow/example_dags/example_nested_branch_dag.py
[2024-11-13T19:29:41.762+1100] {processor.py:925} INFO - DAG(s) 'example_nested_branch_dag' retrieved from /Users/yoonmoon/git/learn-airflow/airflow1/py_env/lib/python3.11/site-packages/airflow/example_dags/example_nested_branch_dag.py
[2024-11-13T19:29:41.851+1100] {logging_mixin.py:190} INFO - [2024-11-13T19:29:41.851+1100] {override.py:1911} INFO - Created Permission View: can read on DAG:example_nested_branch_dag
[2024-11-13T19:29:41.854+1100] {logging_mixin.py:190} INFO - [2024-11-13T19:29:41.854+1100] {override.py:1911} INFO - Created Permission View: can delete on DAG:example_nested_branch_dag
[2024-11-13T19:29:41.856+1100] {logging_mixin.py:190} INFO - [2024-11-13T19:29:41.856+1100] {override.py:1911} INFO - Created Permission View: can edit on DAG:example_nested_branch_dag
[2024-11-13T19:29:41.859+1100] {logging_mixin.py:190} INFO - [2024-11-13T19:29:41.859+1100] {override.py:1911} INFO - Created Permission View: can read on DAG Run:example_nested_branch_dag
[2024-11-13T19:29:41.861+1100] {logging_mixin.py:190} INFO - [2024-11-13T19:29:41.861+1100] {override.py:1911} INFO - Created Permission View: can create on DAG Run:example_nested_branch_dag
[2024-11-13T19:29:41.863+1100] {logging_mixin.py:190} INFO - [2024-11-13T19:29:41.862+1100] {override.py:1911} INFO - Created Permission View: can delete on DAG Run:example_nested_branch_dag
[2024-11-13T19:29:41.864+1100] {logging_mixin.py:190} INFO - [2024-11-13T19:29:41.864+1100] {override.py:1911} INFO - Created Permission View: menu access on DAG Run:example_nested_branch_dag
[2024-11-13T19:29:41.864+1100] {logging_mixin.py:190} INFO - [2024-11-13T19:29:41.864+1100] {dag.py:3239} INFO - Sync 1 DAGs
[2024-11-13T19:29:41.868+1100] {logging_mixin.py:190} INFO - [2024-11-13T19:29:41.868+1100] {dag.py:3262} INFO - Creating ORM DAG for example_nested_branch_dag
[2024-11-13T19:29:41.871+1100] {logging_mixin.py:190} INFO - [2024-11-13T19:29:41.871+1100] {dag.py:4180} INFO - Setting next_dagrun for example_nested_branch_dag to 2024-11-12 00:00:00+00:00, run_after=2024-11-13 00:00:00+00:00
[2024-11-13T19:29:41.877+1100] {processor.py:208} INFO - Processing /Users/yoonmoon/git/learn-airflow/airflow1/py_env/lib/python3.11/site-packages/airflow/example_dags/example_nested_branch_dag.py took 0.132 seconds
[2024-11-13T19:31:22.297+1100] {processor.py:186} INFO - Started process (PID=63969) to work on /Users/yoonmoon/git/learn-airflow/airflow1/py_env/lib/python3.11/site-packages/airflow/example_dags/example_nested_branch_dag.py
[2024-11-13T19:31:22.297+1100] {processor.py:914} INFO - Processing file /Users/yoonmoon/git/learn-airflow/airflow1/py_env/lib/python3.11/site-packages/airflow/example_dags/example_nested_branch_dag.py for tasks to queue
[2024-11-13T19:31:22.298+1100] {logging_mixin.py:190} INFO - [2024-11-13T19:31:22.298+1100] {dagbag.py:588} INFO - Filling up the DagBag from /Users/yoonmoon/git/learn-airflow/airflow1/py_env/lib/python3.11/site-packages/airflow/example_dags/example_nested_branch_dag.py
[2024-11-13T19:31:22.312+1100] {processor.py:925} INFO - DAG(s) 'example_nested_branch_dag' retrieved from /Users/yoonmoon/git/learn-airflow/airflow1/py_env/lib/python3.11/site-packages/airflow/example_dags/example_nested_branch_dag.py
[2024-11-13T19:31:22.371+1100] {logging_mixin.py:190} INFO - [2024-11-13T19:31:22.371+1100] {dag.py:3239} INFO - Sync 1 DAGs
[2024-11-13T19:31:22.378+1100] {logging_mixin.py:190} INFO - [2024-11-13T19:31:22.378+1100] {dag.py:4180} INFO - Setting next_dagrun for example_nested_branch_dag to 2024-11-12 00:00:00+00:00, run_after=2024-11-13 00:00:00+00:00
[2024-11-13T19:31:22.384+1100] {processor.py:208} INFO - Processing /Users/yoonmoon/git/learn-airflow/airflow1/py_env/lib/python3.11/site-packages/airflow/example_dags/example_nested_branch_dag.py took 0.090 seconds
[2024-11-13T19:33:42.860+1100] {processor.py:186} INFO - Started process (PID=64386) to work on /Users/yoonmoon/git/learn-airflow/airflow1/py_env/lib/python3.11/site-packages/airflow/example_dags/example_nested_branch_dag.py
[2024-11-13T19:33:42.861+1100] {processor.py:914} INFO - Processing file /Users/yoonmoon/git/learn-airflow/airflow1/py_env/lib/python3.11/site-packages/airflow/example_dags/example_nested_branch_dag.py for tasks to queue
[2024-11-13T19:33:42.861+1100] {logging_mixin.py:190} INFO - [2024-11-13T19:33:42.861+1100] {dagbag.py:588} INFO - Filling up the DagBag from /Users/yoonmoon/git/learn-airflow/airflow1/py_env/lib/python3.11/site-packages/airflow/example_dags/example_nested_branch_dag.py
[2024-11-13T19:33:42.876+1100] {processor.py:925} INFO - DAG(s) 'example_nested_branch_dag' retrieved from /Users/yoonmoon/git/learn-airflow/airflow1/py_env/lib/python3.11/site-packages/airflow/example_dags/example_nested_branch_dag.py
[2024-11-13T19:33:42.937+1100] {logging_mixin.py:190} INFO - [2024-11-13T19:33:42.937+1100] {dag.py:3239} INFO - Sync 1 DAGs
[2024-11-13T19:33:42.945+1100] {logging_mixin.py:190} INFO - [2024-11-13T19:33:42.945+1100] {dag.py:4180} INFO - Setting next_dagrun for example_nested_branch_dag to 2024-11-12 00:00:00+00:00, run_after=2024-11-13 00:00:00+00:00
[2024-11-13T19:33:42.952+1100] {processor.py:208} INFO - Processing /Users/yoonmoon/git/learn-airflow/airflow1/py_env/lib/python3.11/site-packages/airflow/example_dags/example_nested_branch_dag.py took 0.094 seconds
[2024-11-13T19:36:18.573+1100] {processor.py:186} INFO - Started process (PID=64864) to work on /Users/yoonmoon/git/learn-airflow/airflow1/py_env/lib/python3.11/site-packages/airflow/example_dags/example_nested_branch_dag.py
[2024-11-13T19:36:18.574+1100] {processor.py:914} INFO - Processing file /Users/yoonmoon/git/learn-airflow/airflow1/py_env/lib/python3.11/site-packages/airflow/example_dags/example_nested_branch_dag.py for tasks to queue
[2024-11-13T19:36:18.575+1100] {logging_mixin.py:190} INFO - [2024-11-13T19:36:18.575+1100] {dagbag.py:588} INFO - Filling up the DagBag from /Users/yoonmoon/git/learn-airflow/airflow1/py_env/lib/python3.11/site-packages/airflow/example_dags/example_nested_branch_dag.py
[2024-11-13T19:36:18.590+1100] {processor.py:925} INFO - DAG(s) 'example_nested_branch_dag' retrieved from /Users/yoonmoon/git/learn-airflow/airflow1/py_env/lib/python3.11/site-packages/airflow/example_dags/example_nested_branch_dag.py
[2024-11-13T19:36:18.649+1100] {logging_mixin.py:190} INFO - [2024-11-13T19:36:18.649+1100] {dag.py:3239} INFO - Sync 1 DAGs
[2024-11-13T19:36:18.655+1100] {logging_mixin.py:190} INFO - [2024-11-13T19:36:18.655+1100] {dag.py:4180} INFO - Setting next_dagrun for example_nested_branch_dag to 2024-11-12 00:00:00+00:00, run_after=2024-11-13 00:00:00+00:00
[2024-11-13T19:36:18.662+1100] {processor.py:208} INFO - Processing /Users/yoonmoon/git/learn-airflow/airflow1/py_env/lib/python3.11/site-packages/airflow/example_dags/example_nested_branch_dag.py took 0.091 seconds
[2024-11-13T19:38:37.035+1100] {processor.py:186} INFO - Started process (PID=65153) to work on /Users/yoonmoon/git/learn-airflow/airflow1/py_env/lib/python3.11/site-packages/airflow/example_dags/example_nested_branch_dag.py
[2024-11-13T19:38:37.035+1100] {processor.py:914} INFO - Processing file /Users/yoonmoon/git/learn-airflow/airflow1/py_env/lib/python3.11/site-packages/airflow/example_dags/example_nested_branch_dag.py for tasks to queue
[2024-11-13T19:38:37.036+1100] {logging_mixin.py:190} INFO - [2024-11-13T19:38:37.036+1100] {dagbag.py:588} INFO - Filling up the DagBag from /Users/yoonmoon/git/learn-airflow/airflow1/py_env/lib/python3.11/site-packages/airflow/example_dags/example_nested_branch_dag.py
[2024-11-13T19:38:37.050+1100] {processor.py:925} INFO - DAG(s) 'example_nested_branch_dag' retrieved from /Users/yoonmoon/git/learn-airflow/airflow1/py_env/lib/python3.11/site-packages/airflow/example_dags/example_nested_branch_dag.py
[2024-11-13T19:38:37.108+1100] {logging_mixin.py:190} INFO - [2024-11-13T19:38:37.108+1100] {dag.py:3239} INFO - Sync 1 DAGs
[2024-11-13T19:38:37.115+1100] {logging_mixin.py:190} INFO - [2024-11-13T19:38:37.115+1100] {dag.py:4180} INFO - Setting next_dagrun for example_nested_branch_dag to 2024-11-12 00:00:00+00:00, run_after=2024-11-13 00:00:00+00:00
[2024-11-13T19:38:37.122+1100] {processor.py:208} INFO - Processing /Users/yoonmoon/git/learn-airflow/airflow1/py_env/lib/python3.11/site-packages/airflow/example_dags/example_nested_branch_dag.py took 0.090 seconds
[2024-11-13T19:40:51.768+1100] {processor.py:186} INFO - Started process (PID=65442) to work on /Users/yoonmoon/git/learn-airflow/airflow1/py_env/lib/python3.11/site-packages/airflow/example_dags/example_nested_branch_dag.py
[2024-11-13T19:40:51.769+1100] {processor.py:914} INFO - Processing file /Users/yoonmoon/git/learn-airflow/airflow1/py_env/lib/python3.11/site-packages/airflow/example_dags/example_nested_branch_dag.py for tasks to queue
[2024-11-13T19:40:51.769+1100] {logging_mixin.py:190} INFO - [2024-11-13T19:40:51.769+1100] {dagbag.py:588} INFO - Filling up the DagBag from /Users/yoonmoon/git/learn-airflow/airflow1/py_env/lib/python3.11/site-packages/airflow/example_dags/example_nested_branch_dag.py
[2024-11-13T19:40:51.783+1100] {processor.py:925} INFO - DAG(s) 'example_nested_branch_dag' retrieved from /Users/yoonmoon/git/learn-airflow/airflow1/py_env/lib/python3.11/site-packages/airflow/example_dags/example_nested_branch_dag.py
[2024-11-13T19:40:51.842+1100] {logging_mixin.py:190} INFO - [2024-11-13T19:40:51.842+1100] {dag.py:3239} INFO - Sync 1 DAGs
[2024-11-13T19:40:51.848+1100] {logging_mixin.py:190} INFO - [2024-11-13T19:40:51.848+1100] {dag.py:4180} INFO - Setting next_dagrun for example_nested_branch_dag to 2024-11-12 00:00:00+00:00, run_after=2024-11-13 00:00:00+00:00
[2024-11-13T19:40:51.855+1100] {processor.py:208} INFO - Processing /Users/yoonmoon/git/learn-airflow/airflow1/py_env/lib/python3.11/site-packages/airflow/example_dags/example_nested_branch_dag.py took 0.089 seconds
[2024-11-13T19:43:10.960+1100] {processor.py:186} INFO - Started process (PID=65708) to work on /Users/yoonmoon/git/learn-airflow/airflow1/py_env/lib/python3.11/site-packages/airflow/example_dags/example_nested_branch_dag.py
[2024-11-13T19:43:10.961+1100] {processor.py:914} INFO - Processing file /Users/yoonmoon/git/learn-airflow/airflow1/py_env/lib/python3.11/site-packages/airflow/example_dags/example_nested_branch_dag.py for tasks to queue
[2024-11-13T19:43:10.962+1100] {logging_mixin.py:190} INFO - [2024-11-13T19:43:10.961+1100] {dagbag.py:588} INFO - Filling up the DagBag from /Users/yoonmoon/git/learn-airflow/airflow1/py_env/lib/python3.11/site-packages/airflow/example_dags/example_nested_branch_dag.py
[2024-11-13T19:43:10.976+1100] {processor.py:925} INFO - DAG(s) 'example_nested_branch_dag' retrieved from /Users/yoonmoon/git/learn-airflow/airflow1/py_env/lib/python3.11/site-packages/airflow/example_dags/example_nested_branch_dag.py
[2024-11-13T19:43:11.034+1100] {logging_mixin.py:190} INFO - [2024-11-13T19:43:11.034+1100] {dag.py:3239} INFO - Sync 1 DAGs
[2024-11-13T19:43:11.042+1100] {logging_mixin.py:190} INFO - [2024-11-13T19:43:11.042+1100] {dag.py:4180} INFO - Setting next_dagrun for example_nested_branch_dag to 2024-11-12 00:00:00+00:00, run_after=2024-11-13 00:00:00+00:00
[2024-11-13T19:43:11.048+1100] {processor.py:208} INFO - Processing /Users/yoonmoon/git/learn-airflow/airflow1/py_env/lib/python3.11/site-packages/airflow/example_dags/example_nested_branch_dag.py took 0.090 seconds
[2024-11-13T19:45:27.426+1100] {processor.py:186} INFO - Started process (PID=65978) to work on /Users/yoonmoon/git/learn-airflow/airflow1/py_env/lib/python3.11/site-packages/airflow/example_dags/example_nested_branch_dag.py
[2024-11-13T19:45:27.426+1100] {processor.py:914} INFO - Processing file /Users/yoonmoon/git/learn-airflow/airflow1/py_env/lib/python3.11/site-packages/airflow/example_dags/example_nested_branch_dag.py for tasks to queue
[2024-11-13T19:45:27.427+1100] {logging_mixin.py:190} INFO - [2024-11-13T19:45:27.427+1100] {dagbag.py:588} INFO - Filling up the DagBag from /Users/yoonmoon/git/learn-airflow/airflow1/py_env/lib/python3.11/site-packages/airflow/example_dags/example_nested_branch_dag.py
[2024-11-13T19:45:27.441+1100] {processor.py:925} INFO - DAG(s) 'example_nested_branch_dag' retrieved from /Users/yoonmoon/git/learn-airflow/airflow1/py_env/lib/python3.11/site-packages/airflow/example_dags/example_nested_branch_dag.py
[2024-11-13T19:45:27.500+1100] {logging_mixin.py:190} INFO - [2024-11-13T19:45:27.500+1100] {dag.py:3239} INFO - Sync 1 DAGs
[2024-11-13T19:45:27.506+1100] {logging_mixin.py:190} INFO - [2024-11-13T19:45:27.506+1100] {dag.py:4180} INFO - Setting next_dagrun for example_nested_branch_dag to 2024-11-12 00:00:00+00:00, run_after=2024-11-13 00:00:00+00:00
[2024-11-13T19:45:27.512+1100] {processor.py:208} INFO - Processing /Users/yoonmoon/git/learn-airflow/airflow1/py_env/lib/python3.11/site-packages/airflow/example_dags/example_nested_branch_dag.py took 0.089 seconds
[2024-11-13T19:47:39.140+1100] {processor.py:186} INFO - Started process (PID=66226) to work on /Users/yoonmoon/git/learn-airflow/airflow1/py_env/lib/python3.11/site-packages/airflow/example_dags/example_nested_branch_dag.py
[2024-11-13T19:47:39.141+1100] {processor.py:914} INFO - Processing file /Users/yoonmoon/git/learn-airflow/airflow1/py_env/lib/python3.11/site-packages/airflow/example_dags/example_nested_branch_dag.py for tasks to queue
[2024-11-13T19:47:39.142+1100] {logging_mixin.py:190} INFO - [2024-11-13T19:47:39.142+1100] {dagbag.py:588} INFO - Filling up the DagBag from /Users/yoonmoon/git/learn-airflow/airflow1/py_env/lib/python3.11/site-packages/airflow/example_dags/example_nested_branch_dag.py
[2024-11-13T19:47:39.156+1100] {processor.py:925} INFO - DAG(s) 'example_nested_branch_dag' retrieved from /Users/yoonmoon/git/learn-airflow/airflow1/py_env/lib/python3.11/site-packages/airflow/example_dags/example_nested_branch_dag.py
[2024-11-13T19:47:39.214+1100] {logging_mixin.py:190} INFO - [2024-11-13T19:47:39.214+1100] {dag.py:3239} INFO - Sync 1 DAGs
[2024-11-13T19:47:39.221+1100] {logging_mixin.py:190} INFO - [2024-11-13T19:47:39.221+1100] {dag.py:4180} INFO - Setting next_dagrun for example_nested_branch_dag to 2024-11-12 00:00:00+00:00, run_after=2024-11-13 00:00:00+00:00
[2024-11-13T19:47:39.228+1100] {processor.py:208} INFO - Processing /Users/yoonmoon/git/learn-airflow/airflow1/py_env/lib/python3.11/site-packages/airflow/example_dags/example_nested_branch_dag.py took 0.090 seconds
[2024-11-13T19:49:47.111+1100] {processor.py:186} INFO - Started process (PID=66460) to work on /Users/yoonmoon/git/learn-airflow/airflow1/py_env/lib/python3.11/site-packages/airflow/example_dags/example_nested_branch_dag.py
[2024-11-13T19:49:47.111+1100] {processor.py:914} INFO - Processing file /Users/yoonmoon/git/learn-airflow/airflow1/py_env/lib/python3.11/site-packages/airflow/example_dags/example_nested_branch_dag.py for tasks to queue
[2024-11-13T19:49:47.112+1100] {logging_mixin.py:190} INFO - [2024-11-13T19:49:47.112+1100] {dagbag.py:588} INFO - Filling up the DagBag from /Users/yoonmoon/git/learn-airflow/airflow1/py_env/lib/python3.11/site-packages/airflow/example_dags/example_nested_branch_dag.py
[2024-11-13T19:49:47.126+1100] {processor.py:925} INFO - DAG(s) 'example_nested_branch_dag' retrieved from /Users/yoonmoon/git/learn-airflow/airflow1/py_env/lib/python3.11/site-packages/airflow/example_dags/example_nested_branch_dag.py
[2024-11-13T19:49:47.184+1100] {logging_mixin.py:190} INFO - [2024-11-13T19:49:47.184+1100] {dag.py:3239} INFO - Sync 1 DAGs
[2024-11-13T19:49:47.191+1100] {logging_mixin.py:190} INFO - [2024-11-13T19:49:47.191+1100] {dag.py:4180} INFO - Setting next_dagrun for example_nested_branch_dag to 2024-11-12 00:00:00+00:00, run_after=2024-11-13 00:00:00+00:00
[2024-11-13T19:49:47.197+1100] {processor.py:208} INFO - Processing /Users/yoonmoon/git/learn-airflow/airflow1/py_env/lib/python3.11/site-packages/airflow/example_dags/example_nested_branch_dag.py took 0.088 seconds
[2024-11-13T19:52:05.549+1100] {processor.py:186} INFO - Started process (PID=66709) to work on /Users/yoonmoon/git/learn-airflow/airflow1/py_env/lib/python3.11/site-packages/airflow/example_dags/example_nested_branch_dag.py
[2024-11-13T19:52:05.550+1100] {processor.py:914} INFO - Processing file /Users/yoonmoon/git/learn-airflow/airflow1/py_env/lib/python3.11/site-packages/airflow/example_dags/example_nested_branch_dag.py for tasks to queue
[2024-11-13T19:52:05.550+1100] {logging_mixin.py:190} INFO - [2024-11-13T19:52:05.550+1100] {dagbag.py:588} INFO - Filling up the DagBag from /Users/yoonmoon/git/learn-airflow/airflow1/py_env/lib/python3.11/site-packages/airflow/example_dags/example_nested_branch_dag.py
[2024-11-13T19:52:05.565+1100] {processor.py:925} INFO - DAG(s) 'example_nested_branch_dag' retrieved from /Users/yoonmoon/git/learn-airflow/airflow1/py_env/lib/python3.11/site-packages/airflow/example_dags/example_nested_branch_dag.py
[2024-11-13T19:52:05.625+1100] {logging_mixin.py:190} INFO - [2024-11-13T19:52:05.625+1100] {dag.py:3239} INFO - Sync 1 DAGs
[2024-11-13T19:52:05.632+1100] {logging_mixin.py:190} INFO - [2024-11-13T19:52:05.632+1100] {dag.py:4180} INFO - Setting next_dagrun for example_nested_branch_dag to 2024-11-12 00:00:00+00:00, run_after=2024-11-13 00:00:00+00:00
[2024-11-13T19:52:05.639+1100] {processor.py:208} INFO - Processing /Users/yoonmoon/git/learn-airflow/airflow1/py_env/lib/python3.11/site-packages/airflow/example_dags/example_nested_branch_dag.py took 0.092 seconds
[2024-11-13T19:54:25.837+1100] {processor.py:186} INFO - Started process (PID=66987) to work on /Users/yoonmoon/git/learn-airflow/airflow1/py_env/lib/python3.11/site-packages/airflow/example_dags/example_nested_branch_dag.py
[2024-11-13T19:54:25.838+1100] {processor.py:914} INFO - Processing file /Users/yoonmoon/git/learn-airflow/airflow1/py_env/lib/python3.11/site-packages/airflow/example_dags/example_nested_branch_dag.py for tasks to queue
[2024-11-13T19:54:25.838+1100] {logging_mixin.py:190} INFO - [2024-11-13T19:54:25.838+1100] {dagbag.py:588} INFO - Filling up the DagBag from /Users/yoonmoon/git/learn-airflow/airflow1/py_env/lib/python3.11/site-packages/airflow/example_dags/example_nested_branch_dag.py
[2024-11-13T19:54:25.852+1100] {processor.py:925} INFO - DAG(s) 'example_nested_branch_dag' retrieved from /Users/yoonmoon/git/learn-airflow/airflow1/py_env/lib/python3.11/site-packages/airflow/example_dags/example_nested_branch_dag.py
[2024-11-13T19:54:25.911+1100] {logging_mixin.py:190} INFO - [2024-11-13T19:54:25.911+1100] {dag.py:3239} INFO - Sync 1 DAGs
[2024-11-13T19:54:25.917+1100] {logging_mixin.py:190} INFO - [2024-11-13T19:54:25.917+1100] {dag.py:4180} INFO - Setting next_dagrun for example_nested_branch_dag to 2024-11-12 00:00:00+00:00, run_after=2024-11-13 00:00:00+00:00
[2024-11-13T19:54:25.924+1100] {processor.py:208} INFO - Processing /Users/yoonmoon/git/learn-airflow/airflow1/py_env/lib/python3.11/site-packages/airflow/example_dags/example_nested_branch_dag.py took 0.089 seconds
[2024-11-13T19:56:45.485+1100] {processor.py:186} INFO - Started process (PID=67250) to work on /Users/yoonmoon/git/learn-airflow/airflow1/py_env/lib/python3.11/site-packages/airflow/example_dags/example_nested_branch_dag.py
[2024-11-13T19:56:45.485+1100] {processor.py:914} INFO - Processing file /Users/yoonmoon/git/learn-airflow/airflow1/py_env/lib/python3.11/site-packages/airflow/example_dags/example_nested_branch_dag.py for tasks to queue
[2024-11-13T19:56:45.486+1100] {logging_mixin.py:190} INFO - [2024-11-13T19:56:45.486+1100] {dagbag.py:588} INFO - Filling up the DagBag from /Users/yoonmoon/git/learn-airflow/airflow1/py_env/lib/python3.11/site-packages/airflow/example_dags/example_nested_branch_dag.py
[2024-11-13T19:56:45.500+1100] {processor.py:925} INFO - DAG(s) 'example_nested_branch_dag' retrieved from /Users/yoonmoon/git/learn-airflow/airflow1/py_env/lib/python3.11/site-packages/airflow/example_dags/example_nested_branch_dag.py
[2024-11-13T19:56:45.558+1100] {logging_mixin.py:190} INFO - [2024-11-13T19:56:45.558+1100] {dag.py:3239} INFO - Sync 1 DAGs
[2024-11-13T19:56:45.564+1100] {logging_mixin.py:190} INFO - [2024-11-13T19:56:45.564+1100] {dag.py:4180} INFO - Setting next_dagrun for example_nested_branch_dag to 2024-11-12 00:00:00+00:00, run_after=2024-11-13 00:00:00+00:00
[2024-11-13T19:56:45.570+1100] {processor.py:208} INFO - Processing /Users/yoonmoon/git/learn-airflow/airflow1/py_env/lib/python3.11/site-packages/airflow/example_dags/example_nested_branch_dag.py took 0.088 seconds
[2024-11-13T19:58:58.455+1100] {processor.py:186} INFO - Started process (PID=67492) to work on /Users/yoonmoon/git/learn-airflow/airflow1/py_env/lib/python3.11/site-packages/airflow/example_dags/example_nested_branch_dag.py
[2024-11-13T19:58:58.456+1100] {processor.py:914} INFO - Processing file /Users/yoonmoon/git/learn-airflow/airflow1/py_env/lib/python3.11/site-packages/airflow/example_dags/example_nested_branch_dag.py for tasks to queue
[2024-11-13T19:58:58.456+1100] {logging_mixin.py:190} INFO - [2024-11-13T19:58:58.456+1100] {dagbag.py:588} INFO - Filling up the DagBag from /Users/yoonmoon/git/learn-airflow/airflow1/py_env/lib/python3.11/site-packages/airflow/example_dags/example_nested_branch_dag.py
[2024-11-13T19:58:58.470+1100] {processor.py:925} INFO - DAG(s) 'example_nested_branch_dag' retrieved from /Users/yoonmoon/git/learn-airflow/airflow1/py_env/lib/python3.11/site-packages/airflow/example_dags/example_nested_branch_dag.py
[2024-11-13T19:58:58.528+1100] {logging_mixin.py:190} INFO - [2024-11-13T19:58:58.528+1100] {dag.py:3239} INFO - Sync 1 DAGs
[2024-11-13T19:58:58.535+1100] {logging_mixin.py:190} INFO - [2024-11-13T19:58:58.534+1100] {dag.py:4180} INFO - Setting next_dagrun for example_nested_branch_dag to 2024-11-12 00:00:00+00:00, run_after=2024-11-13 00:00:00+00:00
[2024-11-13T19:58:58.541+1100] {processor.py:208} INFO - Processing /Users/yoonmoon/git/learn-airflow/airflow1/py_env/lib/python3.11/site-packages/airflow/example_dags/example_nested_branch_dag.py took 0.088 seconds
[2024-11-13T20:01:14.827+1100] {processor.py:186} INFO - Started process (PID=67742) to work on /Users/yoonmoon/git/learn-airflow/airflow1/py_env/lib/python3.11/site-packages/airflow/example_dags/example_nested_branch_dag.py
[2024-11-13T20:01:14.827+1100] {processor.py:914} INFO - Processing file /Users/yoonmoon/git/learn-airflow/airflow1/py_env/lib/python3.11/site-packages/airflow/example_dags/example_nested_branch_dag.py for tasks to queue
[2024-11-13T20:01:14.828+1100] {logging_mixin.py:190} INFO - [2024-11-13T20:01:14.828+1100] {dagbag.py:588} INFO - Filling up the DagBag from /Users/yoonmoon/git/learn-airflow/airflow1/py_env/lib/python3.11/site-packages/airflow/example_dags/example_nested_branch_dag.py
[2024-11-13T20:01:14.842+1100] {processor.py:925} INFO - DAG(s) 'example_nested_branch_dag' retrieved from /Users/yoonmoon/git/learn-airflow/airflow1/py_env/lib/python3.11/site-packages/airflow/example_dags/example_nested_branch_dag.py
[2024-11-13T20:01:14.902+1100] {logging_mixin.py:190} INFO - [2024-11-13T20:01:14.902+1100] {dag.py:3239} INFO - Sync 1 DAGs
[2024-11-13T20:01:14.908+1100] {logging_mixin.py:190} INFO - [2024-11-13T20:01:14.908+1100] {dag.py:4180} INFO - Setting next_dagrun for example_nested_branch_dag to 2024-11-12 00:00:00+00:00, run_after=2024-11-13 00:00:00+00:00
[2024-11-13T20:01:14.914+1100] {processor.py:208} INFO - Processing /Users/yoonmoon/git/learn-airflow/airflow1/py_env/lib/python3.11/site-packages/airflow/example_dags/example_nested_branch_dag.py took 0.090 seconds
[2024-11-13T20:03:31.623+1100] {processor.py:186} INFO - Started process (PID=67986) to work on /Users/yoonmoon/git/learn-airflow/airflow1/py_env/lib/python3.11/site-packages/airflow/example_dags/example_nested_branch_dag.py
[2024-11-13T20:03:31.623+1100] {processor.py:914} INFO - Processing file /Users/yoonmoon/git/learn-airflow/airflow1/py_env/lib/python3.11/site-packages/airflow/example_dags/example_nested_branch_dag.py for tasks to queue
[2024-11-13T20:03:31.624+1100] {logging_mixin.py:190} INFO - [2024-11-13T20:03:31.624+1100] {dagbag.py:588} INFO - Filling up the DagBag from /Users/yoonmoon/git/learn-airflow/airflow1/py_env/lib/python3.11/site-packages/airflow/example_dags/example_nested_branch_dag.py
[2024-11-13T20:03:31.638+1100] {processor.py:925} INFO - DAG(s) 'example_nested_branch_dag' retrieved from /Users/yoonmoon/git/learn-airflow/airflow1/py_env/lib/python3.11/site-packages/airflow/example_dags/example_nested_branch_dag.py
[2024-11-13T20:03:31.696+1100] {logging_mixin.py:190} INFO - [2024-11-13T20:03:31.696+1100] {dag.py:3239} INFO - Sync 1 DAGs
[2024-11-13T20:03:31.703+1100] {logging_mixin.py:190} INFO - [2024-11-13T20:03:31.703+1100] {dag.py:4180} INFO - Setting next_dagrun for example_nested_branch_dag to 2024-11-12 00:00:00+00:00, run_after=2024-11-13 00:00:00+00:00
[2024-11-13T20:03:31.710+1100] {processor.py:208} INFO - Processing /Users/yoonmoon/git/learn-airflow/airflow1/py_env/lib/python3.11/site-packages/airflow/example_dags/example_nested_branch_dag.py took 0.089 seconds
[2024-11-13T20:05:49.632+1100] {processor.py:186} INFO - Started process (PID=68260) to work on /Users/yoonmoon/git/learn-airflow/airflow1/py_env/lib/python3.11/site-packages/airflow/example_dags/example_nested_branch_dag.py
[2024-11-13T20:05:49.633+1100] {processor.py:914} INFO - Processing file /Users/yoonmoon/git/learn-airflow/airflow1/py_env/lib/python3.11/site-packages/airflow/example_dags/example_nested_branch_dag.py for tasks to queue
[2024-11-13T20:05:49.633+1100] {logging_mixin.py:190} INFO - [2024-11-13T20:05:49.633+1100] {dagbag.py:588} INFO - Filling up the DagBag from /Users/yoonmoon/git/learn-airflow/airflow1/py_env/lib/python3.11/site-packages/airflow/example_dags/example_nested_branch_dag.py
[2024-11-13T20:05:49.647+1100] {processor.py:925} INFO - DAG(s) 'example_nested_branch_dag' retrieved from /Users/yoonmoon/git/learn-airflow/airflow1/py_env/lib/python3.11/site-packages/airflow/example_dags/example_nested_branch_dag.py
[2024-11-13T20:05:49.707+1100] {logging_mixin.py:190} INFO - [2024-11-13T20:05:49.707+1100] {dag.py:3239} INFO - Sync 1 DAGs
[2024-11-13T20:05:49.715+1100] {logging_mixin.py:190} INFO - [2024-11-13T20:05:49.715+1100] {dag.py:4180} INFO - Setting next_dagrun for example_nested_branch_dag to 2024-11-12 00:00:00+00:00, run_after=2024-11-13 00:00:00+00:00
[2024-11-13T20:05:49.722+1100] {processor.py:208} INFO - Processing /Users/yoonmoon/git/learn-airflow/airflow1/py_env/lib/python3.11/site-packages/airflow/example_dags/example_nested_branch_dag.py took 0.092 seconds
[2024-11-13T20:08:09.240+1100] {processor.py:186} INFO - Started process (PID=68531) to work on /Users/yoonmoon/git/learn-airflow/airflow1/py_env/lib/python3.11/site-packages/airflow/example_dags/example_nested_branch_dag.py
[2024-11-13T20:08:09.241+1100] {processor.py:914} INFO - Processing file /Users/yoonmoon/git/learn-airflow/airflow1/py_env/lib/python3.11/site-packages/airflow/example_dags/example_nested_branch_dag.py for tasks to queue
[2024-11-13T20:08:09.242+1100] {logging_mixin.py:190} INFO - [2024-11-13T20:08:09.241+1100] {dagbag.py:588} INFO - Filling up the DagBag from /Users/yoonmoon/git/learn-airflow/airflow1/py_env/lib/python3.11/site-packages/airflow/example_dags/example_nested_branch_dag.py
[2024-11-13T20:08:09.257+1100] {processor.py:925} INFO - DAG(s) 'example_nested_branch_dag' retrieved from /Users/yoonmoon/git/learn-airflow/airflow1/py_env/lib/python3.11/site-packages/airflow/example_dags/example_nested_branch_dag.py
[2024-11-13T20:08:09.322+1100] {logging_mixin.py:190} INFO - [2024-11-13T20:08:09.321+1100] {dag.py:3239} INFO - Sync 1 DAGs
[2024-11-13T20:08:09.329+1100] {logging_mixin.py:190} INFO - [2024-11-13T20:08:09.329+1100] {dag.py:4180} INFO - Setting next_dagrun for example_nested_branch_dag to 2024-11-12 00:00:00+00:00, run_after=2024-11-13 00:00:00+00:00
[2024-11-13T20:08:09.336+1100] {processor.py:208} INFO - Processing /Users/yoonmoon/git/learn-airflow/airflow1/py_env/lib/python3.11/site-packages/airflow/example_dags/example_nested_branch_dag.py took 0.098 seconds
[2024-11-13T20:10:32.575+1100] {processor.py:186} INFO - Started process (PID=68824) to work on /Users/yoonmoon/git/learn-airflow/airflow1/py_env/lib/python3.11/site-packages/airflow/example_dags/example_nested_branch_dag.py
[2024-11-13T20:10:32.576+1100] {processor.py:914} INFO - Processing file /Users/yoonmoon/git/learn-airflow/airflow1/py_env/lib/python3.11/site-packages/airflow/example_dags/example_nested_branch_dag.py for tasks to queue
[2024-11-13T20:10:32.576+1100] {logging_mixin.py:190} INFO - [2024-11-13T20:10:32.576+1100] {dagbag.py:588} INFO - Filling up the DagBag from /Users/yoonmoon/git/learn-airflow/airflow1/py_env/lib/python3.11/site-packages/airflow/example_dags/example_nested_branch_dag.py
[2024-11-13T20:10:32.591+1100] {processor.py:925} INFO - DAG(s) 'example_nested_branch_dag' retrieved from /Users/yoonmoon/git/learn-airflow/airflow1/py_env/lib/python3.11/site-packages/airflow/example_dags/example_nested_branch_dag.py
[2024-11-13T20:10:32.651+1100] {logging_mixin.py:190} INFO - [2024-11-13T20:10:32.651+1100] {dag.py:3239} INFO - Sync 1 DAGs
[2024-11-13T20:10:32.658+1100] {logging_mixin.py:190} INFO - [2024-11-13T20:10:32.657+1100] {dag.py:4180} INFO - Setting next_dagrun for example_nested_branch_dag to 2024-11-12 00:00:00+00:00, run_after=2024-11-13 00:00:00+00:00
[2024-11-13T20:10:32.664+1100] {processor.py:208} INFO - Processing /Users/yoonmoon/git/learn-airflow/airflow1/py_env/lib/python3.11/site-packages/airflow/example_dags/example_nested_branch_dag.py took 0.091 seconds
[2024-11-13T20:12:45.789+1100] {processor.py:186} INFO - Started process (PID=69075) to work on /Users/yoonmoon/git/learn-airflow/airflow1/py_env/lib/python3.11/site-packages/airflow/example_dags/example_nested_branch_dag.py
[2024-11-13T20:12:45.789+1100] {processor.py:914} INFO - Processing file /Users/yoonmoon/git/learn-airflow/airflow1/py_env/lib/python3.11/site-packages/airflow/example_dags/example_nested_branch_dag.py for tasks to queue
[2024-11-13T20:12:45.790+1100] {logging_mixin.py:190} INFO - [2024-11-13T20:12:45.790+1100] {dagbag.py:588} INFO - Filling up the DagBag from /Users/yoonmoon/git/learn-airflow/airflow1/py_env/lib/python3.11/site-packages/airflow/example_dags/example_nested_branch_dag.py
[2024-11-13T20:12:45.804+1100] {processor.py:925} INFO - DAG(s) 'example_nested_branch_dag' retrieved from /Users/yoonmoon/git/learn-airflow/airflow1/py_env/lib/python3.11/site-packages/airflow/example_dags/example_nested_branch_dag.py
[2024-11-13T20:12:45.866+1100] {logging_mixin.py:190} INFO - [2024-11-13T20:12:45.866+1100] {dag.py:3239} INFO - Sync 1 DAGs
[2024-11-13T20:12:45.872+1100] {logging_mixin.py:190} INFO - [2024-11-13T20:12:45.872+1100] {dag.py:4180} INFO - Setting next_dagrun for example_nested_branch_dag to 2024-11-12 00:00:00+00:00, run_after=2024-11-13 00:00:00+00:00
[2024-11-13T20:12:45.879+1100] {processor.py:208} INFO - Processing /Users/yoonmoon/git/learn-airflow/airflow1/py_env/lib/python3.11/site-packages/airflow/example_dags/example_nested_branch_dag.py took 0.092 seconds
[2024-11-13T20:15:05.358+1100] {processor.py:186} INFO - Started process (PID=69324) to work on /Users/yoonmoon/git/learn-airflow/airflow1/py_env/lib/python3.11/site-packages/airflow/example_dags/example_nested_branch_dag.py
[2024-11-13T20:15:05.359+1100] {processor.py:914} INFO - Processing file /Users/yoonmoon/git/learn-airflow/airflow1/py_env/lib/python3.11/site-packages/airflow/example_dags/example_nested_branch_dag.py for tasks to queue
[2024-11-13T20:15:05.359+1100] {logging_mixin.py:190} INFO - [2024-11-13T20:15:05.359+1100] {dagbag.py:588} INFO - Filling up the DagBag from /Users/yoonmoon/git/learn-airflow/airflow1/py_env/lib/python3.11/site-packages/airflow/example_dags/example_nested_branch_dag.py
[2024-11-13T20:15:05.374+1100] {processor.py:925} INFO - DAG(s) 'example_nested_branch_dag' retrieved from /Users/yoonmoon/git/learn-airflow/airflow1/py_env/lib/python3.11/site-packages/airflow/example_dags/example_nested_branch_dag.py
[2024-11-13T20:15:05.437+1100] {logging_mixin.py:190} INFO - [2024-11-13T20:15:05.437+1100] {dag.py:3239} INFO - Sync 1 DAGs
[2024-11-13T20:15:05.444+1100] {logging_mixin.py:190} INFO - [2024-11-13T20:15:05.444+1100] {dag.py:4180} INFO - Setting next_dagrun for example_nested_branch_dag to 2024-11-12 00:00:00+00:00, run_after=2024-11-13 00:00:00+00:00
[2024-11-13T20:15:05.451+1100] {processor.py:208} INFO - Processing /Users/yoonmoon/git/learn-airflow/airflow1/py_env/lib/python3.11/site-packages/airflow/example_dags/example_nested_branch_dag.py took 0.095 seconds
[2024-11-13T20:17:20.948+1100] {processor.py:186} INFO - Started process (PID=69569) to work on /Users/yoonmoon/git/learn-airflow/airflow1/py_env/lib/python3.11/site-packages/airflow/example_dags/example_nested_branch_dag.py
[2024-11-13T20:17:20.948+1100] {processor.py:914} INFO - Processing file /Users/yoonmoon/git/learn-airflow/airflow1/py_env/lib/python3.11/site-packages/airflow/example_dags/example_nested_branch_dag.py for tasks to queue
[2024-11-13T20:17:20.949+1100] {logging_mixin.py:190} INFO - [2024-11-13T20:17:20.949+1100] {dagbag.py:588} INFO - Filling up the DagBag from /Users/yoonmoon/git/learn-airflow/airflow1/py_env/lib/python3.11/site-packages/airflow/example_dags/example_nested_branch_dag.py
[2024-11-13T20:17:20.964+1100] {processor.py:925} INFO - DAG(s) 'example_nested_branch_dag' retrieved from /Users/yoonmoon/git/learn-airflow/airflow1/py_env/lib/python3.11/site-packages/airflow/example_dags/example_nested_branch_dag.py
[2024-11-13T20:17:21.027+1100] {logging_mixin.py:190} INFO - [2024-11-13T20:17:21.027+1100] {dag.py:3239} INFO - Sync 1 DAGs
[2024-11-13T20:17:21.034+1100] {logging_mixin.py:190} INFO - [2024-11-13T20:17:21.034+1100] {dag.py:4180} INFO - Setting next_dagrun for example_nested_branch_dag to 2024-11-12 00:00:00+00:00, run_after=2024-11-13 00:00:00+00:00
[2024-11-13T20:17:21.041+1100] {processor.py:208} INFO - Processing /Users/yoonmoon/git/learn-airflow/airflow1/py_env/lib/python3.11/site-packages/airflow/example_dags/example_nested_branch_dag.py took 0.095 seconds
[2024-11-13T20:19:41.491+1100] {processor.py:186} INFO - Started process (PID=69902) to work on /Users/yoonmoon/git/learn-airflow/airflow1/py_env/lib/python3.11/site-packages/airflow/example_dags/example_nested_branch_dag.py
[2024-11-13T20:19:41.491+1100] {processor.py:914} INFO - Processing file /Users/yoonmoon/git/learn-airflow/airflow1/py_env/lib/python3.11/site-packages/airflow/example_dags/example_nested_branch_dag.py for tasks to queue
[2024-11-13T20:19:41.492+1100] {logging_mixin.py:190} INFO - [2024-11-13T20:19:41.492+1100] {dagbag.py:588} INFO - Filling up the DagBag from /Users/yoonmoon/git/learn-airflow/airflow1/py_env/lib/python3.11/site-packages/airflow/example_dags/example_nested_branch_dag.py
[2024-11-13T20:19:41.506+1100] {processor.py:925} INFO - DAG(s) 'example_nested_branch_dag' retrieved from /Users/yoonmoon/git/learn-airflow/airflow1/py_env/lib/python3.11/site-packages/airflow/example_dags/example_nested_branch_dag.py
[2024-11-13T20:19:41.569+1100] {logging_mixin.py:190} INFO - [2024-11-13T20:19:41.569+1100] {dag.py:3239} INFO - Sync 1 DAGs
[2024-11-13T20:19:41.576+1100] {logging_mixin.py:190} INFO - [2024-11-13T20:19:41.576+1100] {dag.py:4180} INFO - Setting next_dagrun for example_nested_branch_dag to 2024-11-12 00:00:00+00:00, run_after=2024-11-13 00:00:00+00:00
[2024-11-13T20:19:41.582+1100] {processor.py:208} INFO - Processing /Users/yoonmoon/git/learn-airflow/airflow1/py_env/lib/python3.11/site-packages/airflow/example_dags/example_nested_branch_dag.py took 0.095 seconds
[2024-11-13T20:21:59.249+1100] {processor.py:186} INFO - Started process (PID=70218) to work on /Users/yoonmoon/git/learn-airflow/airflow1/py_env/lib/python3.11/site-packages/airflow/example_dags/example_nested_branch_dag.py
[2024-11-13T20:21:59.250+1100] {processor.py:914} INFO - Processing file /Users/yoonmoon/git/learn-airflow/airflow1/py_env/lib/python3.11/site-packages/airflow/example_dags/example_nested_branch_dag.py for tasks to queue
[2024-11-13T20:21:59.251+1100] {logging_mixin.py:190} INFO - [2024-11-13T20:21:59.251+1100] {dagbag.py:588} INFO - Filling up the DagBag from /Users/yoonmoon/git/learn-airflow/airflow1/py_env/lib/python3.11/site-packages/airflow/example_dags/example_nested_branch_dag.py
[2024-11-13T20:21:59.265+1100] {processor.py:925} INFO - DAG(s) 'example_nested_branch_dag' retrieved from /Users/yoonmoon/git/learn-airflow/airflow1/py_env/lib/python3.11/site-packages/airflow/example_dags/example_nested_branch_dag.py
[2024-11-13T20:21:59.326+1100] {logging_mixin.py:190} INFO - [2024-11-13T20:21:59.326+1100] {dag.py:3239} INFO - Sync 1 DAGs
[2024-11-13T20:21:59.333+1100] {logging_mixin.py:190} INFO - [2024-11-13T20:21:59.333+1100] {dag.py:4180} INFO - Setting next_dagrun for example_nested_branch_dag to 2024-11-12 00:00:00+00:00, run_after=2024-11-13 00:00:00+00:00
[2024-11-13T20:21:59.341+1100] {processor.py:208} INFO - Processing /Users/yoonmoon/git/learn-airflow/airflow1/py_env/lib/python3.11/site-packages/airflow/example_dags/example_nested_branch_dag.py took 0.094 seconds
[2024-11-13T20:24:10.693+1100] {processor.py:186} INFO - Started process (PID=70473) to work on /Users/yoonmoon/git/learn-airflow/airflow1/py_env/lib/python3.11/site-packages/airflow/example_dags/example_nested_branch_dag.py
[2024-11-13T20:24:10.694+1100] {processor.py:914} INFO - Processing file /Users/yoonmoon/git/learn-airflow/airflow1/py_env/lib/python3.11/site-packages/airflow/example_dags/example_nested_branch_dag.py for tasks to queue
[2024-11-13T20:24:10.694+1100] {logging_mixin.py:190} INFO - [2024-11-13T20:24:10.694+1100] {dagbag.py:588} INFO - Filling up the DagBag from /Users/yoonmoon/git/learn-airflow/airflow1/py_env/lib/python3.11/site-packages/airflow/example_dags/example_nested_branch_dag.py
[2024-11-13T20:24:10.709+1100] {processor.py:925} INFO - DAG(s) 'example_nested_branch_dag' retrieved from /Users/yoonmoon/git/learn-airflow/airflow1/py_env/lib/python3.11/site-packages/airflow/example_dags/example_nested_branch_dag.py
[2024-11-13T20:24:10.770+1100] {logging_mixin.py:190} INFO - [2024-11-13T20:24:10.770+1100] {dag.py:3239} INFO - Sync 1 DAGs
[2024-11-13T20:24:10.777+1100] {logging_mixin.py:190} INFO - [2024-11-13T20:24:10.776+1100] {dag.py:4180} INFO - Setting next_dagrun for example_nested_branch_dag to 2024-11-12 00:00:00+00:00, run_after=2024-11-13 00:00:00+00:00
[2024-11-13T20:24:10.784+1100] {processor.py:208} INFO - Processing /Users/yoonmoon/git/learn-airflow/airflow1/py_env/lib/python3.11/site-packages/airflow/example_dags/example_nested_branch_dag.py took 0.093 seconds
[2024-11-13T20:26:27.163+1100] {processor.py:186} INFO - Started process (PID=70741) to work on /Users/yoonmoon/git/learn-airflow/airflow1/py_env/lib/python3.11/site-packages/airflow/example_dags/example_nested_branch_dag.py
[2024-11-13T20:26:27.164+1100] {processor.py:914} INFO - Processing file /Users/yoonmoon/git/learn-airflow/airflow1/py_env/lib/python3.11/site-packages/airflow/example_dags/example_nested_branch_dag.py for tasks to queue
[2024-11-13T20:26:27.164+1100] {logging_mixin.py:190} INFO - [2024-11-13T20:26:27.164+1100] {dagbag.py:588} INFO - Filling up the DagBag from /Users/yoonmoon/git/learn-airflow/airflow1/py_env/lib/python3.11/site-packages/airflow/example_dags/example_nested_branch_dag.py
[2024-11-13T20:26:27.178+1100] {processor.py:925} INFO - DAG(s) 'example_nested_branch_dag' retrieved from /Users/yoonmoon/git/learn-airflow/airflow1/py_env/lib/python3.11/site-packages/airflow/example_dags/example_nested_branch_dag.py
[2024-11-13T20:26:27.237+1100] {logging_mixin.py:190} INFO - [2024-11-13T20:26:27.237+1100] {dag.py:3239} INFO - Sync 1 DAGs
[2024-11-13T20:26:27.245+1100] {logging_mixin.py:190} INFO - [2024-11-13T20:26:27.245+1100] {dag.py:4180} INFO - Setting next_dagrun for example_nested_branch_dag to 2024-11-12 00:00:00+00:00, run_after=2024-11-13 00:00:00+00:00
[2024-11-13T20:26:27.251+1100] {processor.py:208} INFO - Processing /Users/yoonmoon/git/learn-airflow/airflow1/py_env/lib/python3.11/site-packages/airflow/example_dags/example_nested_branch_dag.py took 0.092 seconds
[2024-11-13T20:28:45.646+1100] {processor.py:186} INFO - Started process (PID=71029) to work on /Users/yoonmoon/git/learn-airflow/airflow1/py_env/lib/python3.11/site-packages/airflow/example_dags/example_nested_branch_dag.py
[2024-11-13T20:28:45.647+1100] {processor.py:914} INFO - Processing file /Users/yoonmoon/git/learn-airflow/airflow1/py_env/lib/python3.11/site-packages/airflow/example_dags/example_nested_branch_dag.py for tasks to queue
[2024-11-13T20:28:45.647+1100] {logging_mixin.py:190} INFO - [2024-11-13T20:28:45.647+1100] {dagbag.py:588} INFO - Filling up the DagBag from /Users/yoonmoon/git/learn-airflow/airflow1/py_env/lib/python3.11/site-packages/airflow/example_dags/example_nested_branch_dag.py
[2024-11-13T20:28:45.661+1100] {processor.py:925} INFO - DAG(s) 'example_nested_branch_dag' retrieved from /Users/yoonmoon/git/learn-airflow/airflow1/py_env/lib/python3.11/site-packages/airflow/example_dags/example_nested_branch_dag.py
[2024-11-13T20:28:45.722+1100] {logging_mixin.py:190} INFO - [2024-11-13T20:28:45.722+1100] {dag.py:3239} INFO - Sync 1 DAGs
[2024-11-13T20:28:45.730+1100] {logging_mixin.py:190} INFO - [2024-11-13T20:28:45.730+1100] {dag.py:4180} INFO - Setting next_dagrun for example_nested_branch_dag to 2024-11-12 00:00:00+00:00, run_after=2024-11-13 00:00:00+00:00
[2024-11-13T20:28:45.738+1100] {processor.py:208} INFO - Processing /Users/yoonmoon/git/learn-airflow/airflow1/py_env/lib/python3.11/site-packages/airflow/example_dags/example_nested_branch_dag.py took 0.094 seconds
[2024-11-13T20:31:02.546+1100] {processor.py:186} INFO - Started process (PID=71279) to work on /Users/yoonmoon/git/learn-airflow/airflow1/py_env/lib/python3.11/site-packages/airflow/example_dags/example_nested_branch_dag.py
[2024-11-13T20:31:02.547+1100] {processor.py:914} INFO - Processing file /Users/yoonmoon/git/learn-airflow/airflow1/py_env/lib/python3.11/site-packages/airflow/example_dags/example_nested_branch_dag.py for tasks to queue
[2024-11-13T20:31:02.548+1100] {logging_mixin.py:190} INFO - [2024-11-13T20:31:02.548+1100] {dagbag.py:588} INFO - Filling up the DagBag from /Users/yoonmoon/git/learn-airflow/airflow1/py_env/lib/python3.11/site-packages/airflow/example_dags/example_nested_branch_dag.py
[2024-11-13T20:31:02.562+1100] {processor.py:925} INFO - DAG(s) 'example_nested_branch_dag' retrieved from /Users/yoonmoon/git/learn-airflow/airflow1/py_env/lib/python3.11/site-packages/airflow/example_dags/example_nested_branch_dag.py
[2024-11-13T20:31:02.623+1100] {logging_mixin.py:190} INFO - [2024-11-13T20:31:02.623+1100] {dag.py:3239} INFO - Sync 1 DAGs
[2024-11-13T20:31:02.630+1100] {logging_mixin.py:190} INFO - [2024-11-13T20:31:02.630+1100] {dag.py:4180} INFO - Setting next_dagrun for example_nested_branch_dag to 2024-11-12 00:00:00+00:00, run_after=2024-11-13 00:00:00+00:00
[2024-11-13T20:31:02.637+1100] {processor.py:208} INFO - Processing /Users/yoonmoon/git/learn-airflow/airflow1/py_env/lib/python3.11/site-packages/airflow/example_dags/example_nested_branch_dag.py took 0.093 seconds
[2024-11-13T20:33:23.010+1100] {processor.py:186} INFO - Started process (PID=71534) to work on /Users/yoonmoon/git/learn-airflow/airflow1/py_env/lib/python3.11/site-packages/airflow/example_dags/example_nested_branch_dag.py
[2024-11-13T20:33:23.011+1100] {processor.py:914} INFO - Processing file /Users/yoonmoon/git/learn-airflow/airflow1/py_env/lib/python3.11/site-packages/airflow/example_dags/example_nested_branch_dag.py for tasks to queue
[2024-11-13T20:33:23.012+1100] {logging_mixin.py:190} INFO - [2024-11-13T20:33:23.012+1100] {dagbag.py:588} INFO - Filling up the DagBag from /Users/yoonmoon/git/learn-airflow/airflow1/py_env/lib/python3.11/site-packages/airflow/example_dags/example_nested_branch_dag.py
[2024-11-13T20:33:23.026+1100] {processor.py:925} INFO - DAG(s) 'example_nested_branch_dag' retrieved from /Users/yoonmoon/git/learn-airflow/airflow1/py_env/lib/python3.11/site-packages/airflow/example_dags/example_nested_branch_dag.py
[2024-11-13T20:33:23.085+1100] {logging_mixin.py:190} INFO - [2024-11-13T20:33:23.085+1100] {dag.py:3239} INFO - Sync 1 DAGs
[2024-11-13T20:33:23.091+1100] {logging_mixin.py:190} INFO - [2024-11-13T20:33:23.091+1100] {dag.py:4180} INFO - Setting next_dagrun for example_nested_branch_dag to 2024-11-12 00:00:00+00:00, run_after=2024-11-13 00:00:00+00:00
[2024-11-13T20:33:23.098+1100] {processor.py:208} INFO - Processing /Users/yoonmoon/git/learn-airflow/airflow1/py_env/lib/python3.11/site-packages/airflow/example_dags/example_nested_branch_dag.py took 0.089 seconds
[2024-11-13T20:35:44.795+1100] {processor.py:186} INFO - Started process (PID=71805) to work on /Users/yoonmoon/git/learn-airflow/airflow1/py_env/lib/python3.11/site-packages/airflow/example_dags/example_nested_branch_dag.py
[2024-11-13T20:35:44.796+1100] {processor.py:914} INFO - Processing file /Users/yoonmoon/git/learn-airflow/airflow1/py_env/lib/python3.11/site-packages/airflow/example_dags/example_nested_branch_dag.py for tasks to queue
[2024-11-13T20:35:44.796+1100] {logging_mixin.py:190} INFO - [2024-11-13T20:35:44.796+1100] {dagbag.py:588} INFO - Filling up the DagBag from /Users/yoonmoon/git/learn-airflow/airflow1/py_env/lib/python3.11/site-packages/airflow/example_dags/example_nested_branch_dag.py
[2024-11-13T20:35:44.811+1100] {processor.py:925} INFO - DAG(s) 'example_nested_branch_dag' retrieved from /Users/yoonmoon/git/learn-airflow/airflow1/py_env/lib/python3.11/site-packages/airflow/example_dags/example_nested_branch_dag.py
[2024-11-13T20:35:44.870+1100] {logging_mixin.py:190} INFO - [2024-11-13T20:35:44.870+1100] {dag.py:3239} INFO - Sync 1 DAGs
[2024-11-13T20:35:44.877+1100] {logging_mixin.py:190} INFO - [2024-11-13T20:35:44.877+1100] {dag.py:4180} INFO - Setting next_dagrun for example_nested_branch_dag to 2024-11-12 00:00:00+00:00, run_after=2024-11-13 00:00:00+00:00
[2024-11-13T20:35:44.883+1100] {processor.py:208} INFO - Processing /Users/yoonmoon/git/learn-airflow/airflow1/py_env/lib/python3.11/site-packages/airflow/example_dags/example_nested_branch_dag.py took 0.090 seconds
[2024-11-13T20:38:01.521+1100] {processor.py:186} INFO - Started process (PID=72099) to work on /Users/yoonmoon/git/learn-airflow/airflow1/py_env/lib/python3.11/site-packages/airflow/example_dags/example_nested_branch_dag.py
[2024-11-13T20:38:01.521+1100] {processor.py:914} INFO - Processing file /Users/yoonmoon/git/learn-airflow/airflow1/py_env/lib/python3.11/site-packages/airflow/example_dags/example_nested_branch_dag.py for tasks to queue
[2024-11-13T20:38:01.522+1100] {logging_mixin.py:190} INFO - [2024-11-13T20:38:01.522+1100] {dagbag.py:588} INFO - Filling up the DagBag from /Users/yoonmoon/git/learn-airflow/airflow1/py_env/lib/python3.11/site-packages/airflow/example_dags/example_nested_branch_dag.py
[2024-11-13T20:38:01.537+1100] {processor.py:925} INFO - DAG(s) 'example_nested_branch_dag' retrieved from /Users/yoonmoon/git/learn-airflow/airflow1/py_env/lib/python3.11/site-packages/airflow/example_dags/example_nested_branch_dag.py
[2024-11-13T20:38:01.595+1100] {logging_mixin.py:190} INFO - [2024-11-13T20:38:01.595+1100] {dag.py:3239} INFO - Sync 1 DAGs
[2024-11-13T20:38:01.603+1100] {logging_mixin.py:190} INFO - [2024-11-13T20:38:01.602+1100] {dag.py:4180} INFO - Setting next_dagrun for example_nested_branch_dag to 2024-11-12 00:00:00+00:00, run_after=2024-11-13 00:00:00+00:00
[2024-11-13T20:38:01.609+1100] {processor.py:208} INFO - Processing /Users/yoonmoon/git/learn-airflow/airflow1/py_env/lib/python3.11/site-packages/airflow/example_dags/example_nested_branch_dag.py took 0.090 seconds
[2024-11-13T20:40:20.015+1100] {processor.py:186} INFO - Started process (PID=72362) to work on /Users/yoonmoon/git/learn-airflow/airflow1/py_env/lib/python3.11/site-packages/airflow/example_dags/example_nested_branch_dag.py
[2024-11-13T20:40:20.016+1100] {processor.py:914} INFO - Processing file /Users/yoonmoon/git/learn-airflow/airflow1/py_env/lib/python3.11/site-packages/airflow/example_dags/example_nested_branch_dag.py for tasks to queue
[2024-11-13T20:40:20.017+1100] {logging_mixin.py:190} INFO - [2024-11-13T20:40:20.017+1100] {dagbag.py:588} INFO - Filling up the DagBag from /Users/yoonmoon/git/learn-airflow/airflow1/py_env/lib/python3.11/site-packages/airflow/example_dags/example_nested_branch_dag.py
[2024-11-13T20:40:20.031+1100] {processor.py:925} INFO - DAG(s) 'example_nested_branch_dag' retrieved from /Users/yoonmoon/git/learn-airflow/airflow1/py_env/lib/python3.11/site-packages/airflow/example_dags/example_nested_branch_dag.py
[2024-11-13T20:40:20.092+1100] {logging_mixin.py:190} INFO - [2024-11-13T20:40:20.092+1100] {dag.py:3239} INFO - Sync 1 DAGs
[2024-11-13T20:40:20.099+1100] {logging_mixin.py:190} INFO - [2024-11-13T20:40:20.099+1100] {dag.py:4180} INFO - Setting next_dagrun for example_nested_branch_dag to 2024-11-12 00:00:00+00:00, run_after=2024-11-13 00:00:00+00:00
[2024-11-13T20:40:20.105+1100] {processor.py:208} INFO - Processing /Users/yoonmoon/git/learn-airflow/airflow1/py_env/lib/python3.11/site-packages/airflow/example_dags/example_nested_branch_dag.py took 0.092 seconds
[2024-11-13T20:42:41.559+1100] {processor.py:186} INFO - Started process (PID=72624) to work on /Users/yoonmoon/git/learn-airflow/airflow1/py_env/lib/python3.11/site-packages/airflow/example_dags/example_nested_branch_dag.py
[2024-11-13T20:42:41.560+1100] {processor.py:914} INFO - Processing file /Users/yoonmoon/git/learn-airflow/airflow1/py_env/lib/python3.11/site-packages/airflow/example_dags/example_nested_branch_dag.py for tasks to queue
[2024-11-13T20:42:41.561+1100] {logging_mixin.py:190} INFO - [2024-11-13T20:42:41.561+1100] {dagbag.py:588} INFO - Filling up the DagBag from /Users/yoonmoon/git/learn-airflow/airflow1/py_env/lib/python3.11/site-packages/airflow/example_dags/example_nested_branch_dag.py
[2024-11-13T20:42:41.575+1100] {processor.py:925} INFO - DAG(s) 'example_nested_branch_dag' retrieved from /Users/yoonmoon/git/learn-airflow/airflow1/py_env/lib/python3.11/site-packages/airflow/example_dags/example_nested_branch_dag.py
[2024-11-13T20:42:41.633+1100] {logging_mixin.py:190} INFO - [2024-11-13T20:42:41.633+1100] {dag.py:3239} INFO - Sync 1 DAGs
[2024-11-13T20:42:41.639+1100] {logging_mixin.py:190} INFO - [2024-11-13T20:42:41.639+1100] {dag.py:4180} INFO - Setting next_dagrun for example_nested_branch_dag to 2024-11-12 00:00:00+00:00, run_after=2024-11-13 00:00:00+00:00
[2024-11-13T20:42:41.647+1100] {processor.py:208} INFO - Processing /Users/yoonmoon/git/learn-airflow/airflow1/py_env/lib/python3.11/site-packages/airflow/example_dags/example_nested_branch_dag.py took 0.091 seconds
[2024-11-13T20:45:00.231+1100] {processor.py:186} INFO - Started process (PID=72896) to work on /Users/yoonmoon/git/learn-airflow/airflow1/py_env/lib/python3.11/site-packages/airflow/example_dags/example_nested_branch_dag.py
[2024-11-13T20:45:00.232+1100] {processor.py:914} INFO - Processing file /Users/yoonmoon/git/learn-airflow/airflow1/py_env/lib/python3.11/site-packages/airflow/example_dags/example_nested_branch_dag.py for tasks to queue
[2024-11-13T20:45:00.233+1100] {logging_mixin.py:190} INFO - [2024-11-13T20:45:00.233+1100] {dagbag.py:588} INFO - Filling up the DagBag from /Users/yoonmoon/git/learn-airflow/airflow1/py_env/lib/python3.11/site-packages/airflow/example_dags/example_nested_branch_dag.py
[2024-11-13T20:45:00.251+1100] {processor.py:925} INFO - DAG(s) 'example_nested_branch_dag' retrieved from /Users/yoonmoon/git/learn-airflow/airflow1/py_env/lib/python3.11/site-packages/airflow/example_dags/example_nested_branch_dag.py
[2024-11-13T20:45:00.317+1100] {logging_mixin.py:190} INFO - [2024-11-13T20:45:00.316+1100] {dag.py:3239} INFO - Sync 1 DAGs
[2024-11-13T20:45:00.325+1100] {logging_mixin.py:190} INFO - [2024-11-13T20:45:00.325+1100] {dag.py:4180} INFO - Setting next_dagrun for example_nested_branch_dag to 2024-11-12 00:00:00+00:00, run_after=2024-11-13 00:00:00+00:00
[2024-11-13T20:45:00.335+1100] {processor.py:208} INFO - Processing /Users/yoonmoon/git/learn-airflow/airflow1/py_env/lib/python3.11/site-packages/airflow/example_dags/example_nested_branch_dag.py took 0.106 seconds
[2024-11-13T20:47:21.259+1100] {processor.py:186} INFO - Started process (PID=73163) to work on /Users/yoonmoon/git/learn-airflow/airflow1/py_env/lib/python3.11/site-packages/airflow/example_dags/example_nested_branch_dag.py
[2024-11-13T20:47:21.261+1100] {processor.py:914} INFO - Processing file /Users/yoonmoon/git/learn-airflow/airflow1/py_env/lib/python3.11/site-packages/airflow/example_dags/example_nested_branch_dag.py for tasks to queue
[2024-11-13T20:47:21.261+1100] {logging_mixin.py:190} INFO - [2024-11-13T20:47:21.261+1100] {dagbag.py:588} INFO - Filling up the DagBag from /Users/yoonmoon/git/learn-airflow/airflow1/py_env/lib/python3.11/site-packages/airflow/example_dags/example_nested_branch_dag.py
[2024-11-13T20:47:21.286+1100] {processor.py:925} INFO - DAG(s) 'example_nested_branch_dag' retrieved from /Users/yoonmoon/git/learn-airflow/airflow1/py_env/lib/python3.11/site-packages/airflow/example_dags/example_nested_branch_dag.py
[2024-11-13T20:47:21.349+1100] {logging_mixin.py:190} INFO - [2024-11-13T20:47:21.349+1100] {dag.py:3239} INFO - Sync 1 DAGs
[2024-11-13T20:47:21.356+1100] {logging_mixin.py:190} INFO - [2024-11-13T20:47:21.356+1100] {dag.py:4180} INFO - Setting next_dagrun for example_nested_branch_dag to 2024-11-12 00:00:00+00:00, run_after=2024-11-13 00:00:00+00:00
[2024-11-13T20:47:21.363+1100] {processor.py:208} INFO - Processing /Users/yoonmoon/git/learn-airflow/airflow1/py_env/lib/python3.11/site-packages/airflow/example_dags/example_nested_branch_dag.py took 0.107 seconds
[2024-11-13T20:49:47.250+1100] {processor.py:186} INFO - Started process (PID=73437) to work on /Users/yoonmoon/git/learn-airflow/airflow1/py_env/lib/python3.11/site-packages/airflow/example_dags/example_nested_branch_dag.py
[2024-11-13T20:49:47.250+1100] {processor.py:914} INFO - Processing file /Users/yoonmoon/git/learn-airflow/airflow1/py_env/lib/python3.11/site-packages/airflow/example_dags/example_nested_branch_dag.py for tasks to queue
[2024-11-13T20:49:47.251+1100] {logging_mixin.py:190} INFO - [2024-11-13T20:49:47.251+1100] {dagbag.py:588} INFO - Filling up the DagBag from /Users/yoonmoon/git/learn-airflow/airflow1/py_env/lib/python3.11/site-packages/airflow/example_dags/example_nested_branch_dag.py
[2024-11-13T20:49:47.266+1100] {processor.py:925} INFO - DAG(s) 'example_nested_branch_dag' retrieved from /Users/yoonmoon/git/learn-airflow/airflow1/py_env/lib/python3.11/site-packages/airflow/example_dags/example_nested_branch_dag.py
[2024-11-13T20:49:47.331+1100] {logging_mixin.py:190} INFO - [2024-11-13T20:49:47.331+1100] {dag.py:3239} INFO - Sync 1 DAGs
[2024-11-13T20:49:47.339+1100] {logging_mixin.py:190} INFO - [2024-11-13T20:49:47.339+1100] {dag.py:4180} INFO - Setting next_dagrun for example_nested_branch_dag to 2024-11-12 00:00:00+00:00, run_after=2024-11-13 00:00:00+00:00
[2024-11-13T20:49:47.345+1100] {processor.py:208} INFO - Processing /Users/yoonmoon/git/learn-airflow/airflow1/py_env/lib/python3.11/site-packages/airflow/example_dags/example_nested_branch_dag.py took 0.098 seconds
