[2024-11-13T19:30:13.309+1100] {processor.py:186} INFO - Started process (PID=63821) to work on /Users/yoonmoon/git/learn-airflow/airflow1/py_env/lib/python3.11/site-packages/airflow/example_dags/example_branch_labels.py
[2024-11-13T19:30:13.310+1100] {processor.py:914} INFO - Processing file /Users/yoonmoon/git/learn-airflow/airflow1/py_env/lib/python3.11/site-packages/airflow/example_dags/example_branch_labels.py for tasks to queue
[2024-11-13T19:30:13.311+1100] {logging_mixin.py:190} INFO - [2024-11-13T19:30:13.311+1100] {dagbag.py:588} INFO - Filling up the DagBag from /Users/yoonmoon/git/learn-airflow/airflow1/py_env/lib/python3.11/site-packages/airflow/example_dags/example_branch_labels.py
[2024-11-13T19:30:13.316+1100] {processor.py:925} INFO - DAG(s) 'example_branch_labels' retrieved from /Users/yoonmoon/git/learn-airflow/airflow1/py_env/lib/python3.11/site-packages/airflow/example_dags/example_branch_labels.py
[2024-11-13T19:30:13.414+1100] {logging_mixin.py:190} INFO - [2024-11-13T19:30:13.414+1100] {override.py:1911} INFO - Created Permission View: can edit on DAG:example_branch_labels
[2024-11-13T19:30:13.417+1100] {logging_mixin.py:190} INFO - [2024-11-13T19:30:13.417+1100] {override.py:1911} INFO - Created Permission View: can delete on DAG:example_branch_labels
[2024-11-13T19:30:13.419+1100] {logging_mixin.py:190} INFO - [2024-11-13T19:30:13.419+1100] {override.py:1911} INFO - Created Permission View: can read on DAG:example_branch_labels
[2024-11-13T19:30:13.422+1100] {logging_mixin.py:190} INFO - [2024-11-13T19:30:13.422+1100] {override.py:1911} INFO - Created Permission View: can create on DAG Run:example_branch_labels
[2024-11-13T19:30:13.424+1100] {logging_mixin.py:190} INFO - [2024-11-13T19:30:13.423+1100] {override.py:1911} INFO - Created Permission View: can delete on DAG Run:example_branch_labels
[2024-11-13T19:30:13.425+1100] {logging_mixin.py:190} INFO - [2024-11-13T19:30:13.425+1100] {override.py:1911} INFO - Created Permission View: can read on DAG Run:example_branch_labels
[2024-11-13T19:30:13.427+1100] {logging_mixin.py:190} INFO - [2024-11-13T19:30:13.427+1100] {override.py:1911} INFO - Created Permission View: menu access on DAG Run:example_branch_labels
[2024-11-13T19:30:13.427+1100] {logging_mixin.py:190} INFO - [2024-11-13T19:30:13.427+1100] {dag.py:3239} INFO - Sync 1 DAGs
[2024-11-13T19:30:13.432+1100] {logging_mixin.py:190} INFO - [2024-11-13T19:30:13.432+1100] {dag.py:3262} INFO - Creating ORM DAG for example_branch_labels
[2024-11-13T19:30:13.435+1100] {logging_mixin.py:190} INFO - [2024-11-13T19:30:13.435+1100] {dag.py:4180} INFO - Setting next_dagrun for example_branch_labels to 2024-11-12 00:00:00+00:00, run_after=2024-11-13 00:00:00+00:00
[2024-11-13T19:30:13.440+1100] {processor.py:208} INFO - Processing /Users/yoonmoon/git/learn-airflow/airflow1/py_env/lib/python3.11/site-packages/airflow/example_dags/example_branch_labels.py took 0.134 seconds
[2024-11-13T19:32:35.060+1100] {processor.py:186} INFO - Started process (PID=64197) to work on /Users/yoonmoon/git/learn-airflow/airflow1/py_env/lib/python3.11/site-packages/airflow/example_dags/example_branch_labels.py
[2024-11-13T19:32:35.061+1100] {processor.py:914} INFO - Processing file /Users/yoonmoon/git/learn-airflow/airflow1/py_env/lib/python3.11/site-packages/airflow/example_dags/example_branch_labels.py for tasks to queue
[2024-11-13T19:32:35.062+1100] {logging_mixin.py:190} INFO - [2024-11-13T19:32:35.061+1100] {dagbag.py:588} INFO - Filling up the DagBag from /Users/yoonmoon/git/learn-airflow/airflow1/py_env/lib/python3.11/site-packages/airflow/example_dags/example_branch_labels.py
[2024-11-13T19:32:35.065+1100] {processor.py:925} INFO - DAG(s) 'example_branch_labels' retrieved from /Users/yoonmoon/git/learn-airflow/airflow1/py_env/lib/python3.11/site-packages/airflow/example_dags/example_branch_labels.py
[2024-11-13T19:32:35.128+1100] {logging_mixin.py:190} INFO - [2024-11-13T19:32:35.128+1100] {dag.py:3239} INFO - Sync 1 DAGs
[2024-11-13T19:32:35.134+1100] {logging_mixin.py:190} INFO - [2024-11-13T19:32:35.134+1100] {dag.py:4180} INFO - Setting next_dagrun for example_branch_labels to 2024-11-12 00:00:00+00:00, run_after=2024-11-13 00:00:00+00:00
[2024-11-13T19:32:35.141+1100] {processor.py:208} INFO - Processing /Users/yoonmoon/git/learn-airflow/airflow1/py_env/lib/python3.11/site-packages/airflow/example_dags/example_branch_labels.py took 0.083 seconds
[2024-11-13T19:34:57.227+1100] {processor.py:186} INFO - Started process (PID=64684) to work on /Users/yoonmoon/git/learn-airflow/airflow1/py_env/lib/python3.11/site-packages/airflow/example_dags/example_branch_labels.py
[2024-11-13T19:34:57.228+1100] {processor.py:914} INFO - Processing file /Users/yoonmoon/git/learn-airflow/airflow1/py_env/lib/python3.11/site-packages/airflow/example_dags/example_branch_labels.py for tasks to queue
[2024-11-13T19:34:57.229+1100] {logging_mixin.py:190} INFO - [2024-11-13T19:34:57.228+1100] {dagbag.py:588} INFO - Filling up the DagBag from /Users/yoonmoon/git/learn-airflow/airflow1/py_env/lib/python3.11/site-packages/airflow/example_dags/example_branch_labels.py
[2024-11-13T19:34:57.233+1100] {processor.py:925} INFO - DAG(s) 'example_branch_labels' retrieved from /Users/yoonmoon/git/learn-airflow/airflow1/py_env/lib/python3.11/site-packages/airflow/example_dags/example_branch_labels.py
[2024-11-13T19:34:57.298+1100] {logging_mixin.py:190} INFO - [2024-11-13T19:34:57.298+1100] {dag.py:3239} INFO - Sync 1 DAGs
[2024-11-13T19:34:57.305+1100] {logging_mixin.py:190} INFO - [2024-11-13T19:34:57.305+1100] {dag.py:4180} INFO - Setting next_dagrun for example_branch_labels to 2024-11-12 00:00:00+00:00, run_after=2024-11-13 00:00:00+00:00
[2024-11-13T19:34:57.311+1100] {processor.py:208} INFO - Processing /Users/yoonmoon/git/learn-airflow/airflow1/py_env/lib/python3.11/site-packages/airflow/example_dags/example_branch_labels.py took 0.087 seconds
[2024-11-13T19:37:42.964+1100] {processor.py:186} INFO - Started process (PID=65031) to work on /Users/yoonmoon/git/learn-airflow/airflow1/py_env/lib/python3.11/site-packages/airflow/example_dags/example_branch_labels.py
[2024-11-13T19:37:42.965+1100] {processor.py:914} INFO - Processing file /Users/yoonmoon/git/learn-airflow/airflow1/py_env/lib/python3.11/site-packages/airflow/example_dags/example_branch_labels.py for tasks to queue
[2024-11-13T19:37:42.965+1100] {logging_mixin.py:190} INFO - [2024-11-13T19:37:42.965+1100] {dagbag.py:588} INFO - Filling up the DagBag from /Users/yoonmoon/git/learn-airflow/airflow1/py_env/lib/python3.11/site-packages/airflow/example_dags/example_branch_labels.py
[2024-11-13T19:37:42.969+1100] {processor.py:925} INFO - DAG(s) 'example_branch_labels' retrieved from /Users/yoonmoon/git/learn-airflow/airflow1/py_env/lib/python3.11/site-packages/airflow/example_dags/example_branch_labels.py
[2024-11-13T19:37:43.034+1100] {logging_mixin.py:190} INFO - [2024-11-13T19:37:43.034+1100] {dag.py:3239} INFO - Sync 1 DAGs
[2024-11-13T19:37:43.041+1100] {logging_mixin.py:190} INFO - [2024-11-13T19:37:43.041+1100] {dag.py:4180} INFO - Setting next_dagrun for example_branch_labels to 2024-11-12 00:00:00+00:00, run_after=2024-11-13 00:00:00+00:00
[2024-11-13T19:37:43.047+1100] {processor.py:208} INFO - Processing /Users/yoonmoon/git/learn-airflow/airflow1/py_env/lib/python3.11/site-packages/airflow/example_dags/example_branch_labels.py took 0.085 seconds
[2024-11-13T19:39:58.134+1100] {processor.py:186} INFO - Started process (PID=65304) to work on /Users/yoonmoon/git/learn-airflow/airflow1/py_env/lib/python3.11/site-packages/airflow/example_dags/example_branch_labels.py
[2024-11-13T19:39:58.135+1100] {processor.py:914} INFO - Processing file /Users/yoonmoon/git/learn-airflow/airflow1/py_env/lib/python3.11/site-packages/airflow/example_dags/example_branch_labels.py for tasks to queue
[2024-11-13T19:39:58.136+1100] {logging_mixin.py:190} INFO - [2024-11-13T19:39:58.135+1100] {dagbag.py:588} INFO - Filling up the DagBag from /Users/yoonmoon/git/learn-airflow/airflow1/py_env/lib/python3.11/site-packages/airflow/example_dags/example_branch_labels.py
[2024-11-13T19:39:58.139+1100] {processor.py:925} INFO - DAG(s) 'example_branch_labels' retrieved from /Users/yoonmoon/git/learn-airflow/airflow1/py_env/lib/python3.11/site-packages/airflow/example_dags/example_branch_labels.py
[2024-11-13T19:39:58.197+1100] {logging_mixin.py:190} INFO - [2024-11-13T19:39:58.197+1100] {dag.py:3239} INFO - Sync 1 DAGs
[2024-11-13T19:39:58.203+1100] {logging_mixin.py:190} INFO - [2024-11-13T19:39:58.203+1100] {dag.py:4180} INFO - Setting next_dagrun for example_branch_labels to 2024-11-12 00:00:00+00:00, run_after=2024-11-13 00:00:00+00:00
[2024-11-13T19:39:58.210+1100] {processor.py:208} INFO - Processing /Users/yoonmoon/git/learn-airflow/airflow1/py_env/lib/python3.11/site-packages/airflow/example_dags/example_branch_labels.py took 0.078 seconds
[2024-11-13T19:42:18.374+1100] {processor.py:186} INFO - Started process (PID=65608) to work on /Users/yoonmoon/git/learn-airflow/airflow1/py_env/lib/python3.11/site-packages/airflow/example_dags/example_branch_labels.py
[2024-11-13T19:42:18.375+1100] {processor.py:914} INFO - Processing file /Users/yoonmoon/git/learn-airflow/airflow1/py_env/lib/python3.11/site-packages/airflow/example_dags/example_branch_labels.py for tasks to queue
[2024-11-13T19:42:18.376+1100] {logging_mixin.py:190} INFO - [2024-11-13T19:42:18.376+1100] {dagbag.py:588} INFO - Filling up the DagBag from /Users/yoonmoon/git/learn-airflow/airflow1/py_env/lib/python3.11/site-packages/airflow/example_dags/example_branch_labels.py
[2024-11-13T19:42:18.380+1100] {processor.py:925} INFO - DAG(s) 'example_branch_labels' retrieved from /Users/yoonmoon/git/learn-airflow/airflow1/py_env/lib/python3.11/site-packages/airflow/example_dags/example_branch_labels.py
[2024-11-13T19:42:18.439+1100] {logging_mixin.py:190} INFO - [2024-11-13T19:42:18.438+1100] {dag.py:3239} INFO - Sync 1 DAGs
[2024-11-13T19:42:18.444+1100] {logging_mixin.py:190} INFO - [2024-11-13T19:42:18.444+1100] {dag.py:4180} INFO - Setting next_dagrun for example_branch_labels to 2024-11-12 00:00:00+00:00, run_after=2024-11-13 00:00:00+00:00
[2024-11-13T19:42:18.451+1100] {processor.py:208} INFO - Processing /Users/yoonmoon/git/learn-airflow/airflow1/py_env/lib/python3.11/site-packages/airflow/example_dags/example_branch_labels.py took 0.079 seconds
[2024-11-13T19:44:36.563+1100] {processor.py:186} INFO - Started process (PID=65878) to work on /Users/yoonmoon/git/learn-airflow/airflow1/py_env/lib/python3.11/site-packages/airflow/example_dags/example_branch_labels.py
[2024-11-13T19:44:36.564+1100] {processor.py:914} INFO - Processing file /Users/yoonmoon/git/learn-airflow/airflow1/py_env/lib/python3.11/site-packages/airflow/example_dags/example_branch_labels.py for tasks to queue
[2024-11-13T19:44:36.565+1100] {logging_mixin.py:190} INFO - [2024-11-13T19:44:36.565+1100] {dagbag.py:588} INFO - Filling up the DagBag from /Users/yoonmoon/git/learn-airflow/airflow1/py_env/lib/python3.11/site-packages/airflow/example_dags/example_branch_labels.py
[2024-11-13T19:44:36.569+1100] {processor.py:925} INFO - DAG(s) 'example_branch_labels' retrieved from /Users/yoonmoon/git/learn-airflow/airflow1/py_env/lib/python3.11/site-packages/airflow/example_dags/example_branch_labels.py
[2024-11-13T19:44:36.631+1100] {logging_mixin.py:190} INFO - [2024-11-13T19:44:36.631+1100] {dag.py:3239} INFO - Sync 1 DAGs
[2024-11-13T19:44:36.638+1100] {logging_mixin.py:190} INFO - [2024-11-13T19:44:36.637+1100] {dag.py:4180} INFO - Setting next_dagrun for example_branch_labels to 2024-11-12 00:00:00+00:00, run_after=2024-11-13 00:00:00+00:00
[2024-11-13T19:44:36.644+1100] {processor.py:208} INFO - Processing /Users/yoonmoon/git/learn-airflow/airflow1/py_env/lib/python3.11/site-packages/airflow/example_dags/example_branch_labels.py took 0.083 seconds
[2024-11-13T19:46:46.385+1100] {processor.py:186} INFO - Started process (PID=66128) to work on /Users/yoonmoon/git/learn-airflow/airflow1/py_env/lib/python3.11/site-packages/airflow/example_dags/example_branch_labels.py
[2024-11-13T19:46:46.386+1100] {processor.py:914} INFO - Processing file /Users/yoonmoon/git/learn-airflow/airflow1/py_env/lib/python3.11/site-packages/airflow/example_dags/example_branch_labels.py for tasks to queue
[2024-11-13T19:46:46.387+1100] {logging_mixin.py:190} INFO - [2024-11-13T19:46:46.386+1100] {dagbag.py:588} INFO - Filling up the DagBag from /Users/yoonmoon/git/learn-airflow/airflow1/py_env/lib/python3.11/site-packages/airflow/example_dags/example_branch_labels.py
[2024-11-13T19:46:46.390+1100] {processor.py:925} INFO - DAG(s) 'example_branch_labels' retrieved from /Users/yoonmoon/git/learn-airflow/airflow1/py_env/lib/python3.11/site-packages/airflow/example_dags/example_branch_labels.py
[2024-11-13T19:46:46.450+1100] {logging_mixin.py:190} INFO - [2024-11-13T19:46:46.450+1100] {dag.py:3239} INFO - Sync 1 DAGs
[2024-11-13T19:46:46.456+1100] {logging_mixin.py:190} INFO - [2024-11-13T19:46:46.456+1100] {dag.py:4180} INFO - Setting next_dagrun for example_branch_labels to 2024-11-12 00:00:00+00:00, run_after=2024-11-13 00:00:00+00:00
[2024-11-13T19:46:46.462+1100] {processor.py:208} INFO - Processing /Users/yoonmoon/git/learn-airflow/airflow1/py_env/lib/python3.11/site-packages/airflow/example_dags/example_branch_labels.py took 0.080 seconds
[2024-11-13T19:48:58.915+1100] {processor.py:186} INFO - Started process (PID=66370) to work on /Users/yoonmoon/git/learn-airflow/airflow1/py_env/lib/python3.11/site-packages/airflow/example_dags/example_branch_labels.py
[2024-11-13T19:48:58.917+1100] {processor.py:914} INFO - Processing file /Users/yoonmoon/git/learn-airflow/airflow1/py_env/lib/python3.11/site-packages/airflow/example_dags/example_branch_labels.py for tasks to queue
[2024-11-13T19:48:58.917+1100] {logging_mixin.py:190} INFO - [2024-11-13T19:48:58.917+1100] {dagbag.py:588} INFO - Filling up the DagBag from /Users/yoonmoon/git/learn-airflow/airflow1/py_env/lib/python3.11/site-packages/airflow/example_dags/example_branch_labels.py
[2024-11-13T19:48:58.921+1100] {processor.py:925} INFO - DAG(s) 'example_branch_labels' retrieved from /Users/yoonmoon/git/learn-airflow/airflow1/py_env/lib/python3.11/site-packages/airflow/example_dags/example_branch_labels.py
[2024-11-13T19:48:58.980+1100] {logging_mixin.py:190} INFO - [2024-11-13T19:48:58.980+1100] {dag.py:3239} INFO - Sync 1 DAGs
[2024-11-13T19:48:58.986+1100] {logging_mixin.py:190} INFO - [2024-11-13T19:48:58.986+1100] {dag.py:4180} INFO - Setting next_dagrun for example_branch_labels to 2024-11-12 00:00:00+00:00, run_after=2024-11-13 00:00:00+00:00
[2024-11-13T19:48:58.993+1100] {processor.py:208} INFO - Processing /Users/yoonmoon/git/learn-airflow/airflow1/py_env/lib/python3.11/site-packages/airflow/example_dags/example_branch_labels.py took 0.080 seconds
[2024-11-13T19:51:10.480+1100] {processor.py:186} INFO - Started process (PID=66610) to work on /Users/yoonmoon/git/learn-airflow/airflow1/py_env/lib/python3.11/site-packages/airflow/example_dags/example_branch_labels.py
[2024-11-13T19:51:10.482+1100] {processor.py:914} INFO - Processing file /Users/yoonmoon/git/learn-airflow/airflow1/py_env/lib/python3.11/site-packages/airflow/example_dags/example_branch_labels.py for tasks to queue
[2024-11-13T19:51:10.482+1100] {logging_mixin.py:190} INFO - [2024-11-13T19:51:10.482+1100] {dagbag.py:588} INFO - Filling up the DagBag from /Users/yoonmoon/git/learn-airflow/airflow1/py_env/lib/python3.11/site-packages/airflow/example_dags/example_branch_labels.py
[2024-11-13T19:51:10.486+1100] {processor.py:925} INFO - DAG(s) 'example_branch_labels' retrieved from /Users/yoonmoon/git/learn-airflow/airflow1/py_env/lib/python3.11/site-packages/airflow/example_dags/example_branch_labels.py
[2024-11-13T19:51:10.545+1100] {logging_mixin.py:190} INFO - [2024-11-13T19:51:10.545+1100] {dag.py:3239} INFO - Sync 1 DAGs
[2024-11-13T19:51:10.551+1100] {logging_mixin.py:190} INFO - [2024-11-13T19:51:10.551+1100] {dag.py:4180} INFO - Setting next_dagrun for example_branch_labels to 2024-11-12 00:00:00+00:00, run_after=2024-11-13 00:00:00+00:00
[2024-11-13T19:51:10.557+1100] {processor.py:208} INFO - Processing /Users/yoonmoon/git/learn-airflow/airflow1/py_env/lib/python3.11/site-packages/airflow/example_dags/example_branch_labels.py took 0.079 seconds
[2024-11-13T19:53:29.366+1100] {processor.py:186} INFO - Started process (PID=66865) to work on /Users/yoonmoon/git/learn-airflow/airflow1/py_env/lib/python3.11/site-packages/airflow/example_dags/example_branch_labels.py
[2024-11-13T19:53:29.367+1100] {processor.py:914} INFO - Processing file /Users/yoonmoon/git/learn-airflow/airflow1/py_env/lib/python3.11/site-packages/airflow/example_dags/example_branch_labels.py for tasks to queue
[2024-11-13T19:53:29.368+1100] {logging_mixin.py:190} INFO - [2024-11-13T19:53:29.367+1100] {dagbag.py:588} INFO - Filling up the DagBag from /Users/yoonmoon/git/learn-airflow/airflow1/py_env/lib/python3.11/site-packages/airflow/example_dags/example_branch_labels.py
[2024-11-13T19:53:29.372+1100] {processor.py:925} INFO - DAG(s) 'example_branch_labels' retrieved from /Users/yoonmoon/git/learn-airflow/airflow1/py_env/lib/python3.11/site-packages/airflow/example_dags/example_branch_labels.py
[2024-11-13T19:53:29.431+1100] {logging_mixin.py:190} INFO - [2024-11-13T19:53:29.431+1100] {dag.py:3239} INFO - Sync 1 DAGs
[2024-11-13T19:53:29.437+1100] {logging_mixin.py:190} INFO - [2024-11-13T19:53:29.437+1100] {dag.py:4180} INFO - Setting next_dagrun for example_branch_labels to 2024-11-12 00:00:00+00:00, run_after=2024-11-13 00:00:00+00:00
[2024-11-13T19:53:29.444+1100] {processor.py:208} INFO - Processing /Users/yoonmoon/git/learn-airflow/airflow1/py_env/lib/python3.11/site-packages/airflow/example_dags/example_branch_labels.py took 0.080 seconds
[2024-11-13T19:55:51.411+1100] {processor.py:186} INFO - Started process (PID=67149) to work on /Users/yoonmoon/git/learn-airflow/airflow1/py_env/lib/python3.11/site-packages/airflow/example_dags/example_branch_labels.py
[2024-11-13T19:55:51.412+1100] {processor.py:914} INFO - Processing file /Users/yoonmoon/git/learn-airflow/airflow1/py_env/lib/python3.11/site-packages/airflow/example_dags/example_branch_labels.py for tasks to queue
[2024-11-13T19:55:51.413+1100] {logging_mixin.py:190} INFO - [2024-11-13T19:55:51.413+1100] {dagbag.py:588} INFO - Filling up the DagBag from /Users/yoonmoon/git/learn-airflow/airflow1/py_env/lib/python3.11/site-packages/airflow/example_dags/example_branch_labels.py
[2024-11-13T19:55:51.417+1100] {processor.py:925} INFO - DAG(s) 'example_branch_labels' retrieved from /Users/yoonmoon/git/learn-airflow/airflow1/py_env/lib/python3.11/site-packages/airflow/example_dags/example_branch_labels.py
[2024-11-13T19:55:51.476+1100] {logging_mixin.py:190} INFO - [2024-11-13T19:55:51.476+1100] {dag.py:3239} INFO - Sync 1 DAGs
[2024-11-13T19:55:51.482+1100] {logging_mixin.py:190} INFO - [2024-11-13T19:55:51.482+1100] {dag.py:4180} INFO - Setting next_dagrun for example_branch_labels to 2024-11-12 00:00:00+00:00, run_after=2024-11-13 00:00:00+00:00
[2024-11-13T19:55:51.488+1100] {processor.py:208} INFO - Processing /Users/yoonmoon/git/learn-airflow/airflow1/py_env/lib/python3.11/site-packages/airflow/example_dags/example_branch_labels.py took 0.080 seconds
[2024-11-13T19:58:07.262+1100] {processor.py:186} INFO - Started process (PID=67399) to work on /Users/yoonmoon/git/learn-airflow/airflow1/py_env/lib/python3.11/site-packages/airflow/example_dags/example_branch_labels.py
[2024-11-13T19:58:07.263+1100] {processor.py:914} INFO - Processing file /Users/yoonmoon/git/learn-airflow/airflow1/py_env/lib/python3.11/site-packages/airflow/example_dags/example_branch_labels.py for tasks to queue
[2024-11-13T19:58:07.264+1100] {logging_mixin.py:190} INFO - [2024-11-13T19:58:07.264+1100] {dagbag.py:588} INFO - Filling up the DagBag from /Users/yoonmoon/git/learn-airflow/airflow1/py_env/lib/python3.11/site-packages/airflow/example_dags/example_branch_labels.py
[2024-11-13T19:58:07.268+1100] {processor.py:925} INFO - DAG(s) 'example_branch_labels' retrieved from /Users/yoonmoon/git/learn-airflow/airflow1/py_env/lib/python3.11/site-packages/airflow/example_dags/example_branch_labels.py
[2024-11-13T19:58:07.326+1100] {logging_mixin.py:190} INFO - [2024-11-13T19:58:07.326+1100] {dag.py:3239} INFO - Sync 1 DAGs
[2024-11-13T19:58:07.332+1100] {logging_mixin.py:190} INFO - [2024-11-13T19:58:07.332+1100] {dag.py:4180} INFO - Setting next_dagrun for example_branch_labels to 2024-11-12 00:00:00+00:00, run_after=2024-11-13 00:00:00+00:00
[2024-11-13T19:58:07.339+1100] {processor.py:208} INFO - Processing /Users/yoonmoon/git/learn-airflow/airflow1/py_env/lib/python3.11/site-packages/airflow/example_dags/example_branch_labels.py took 0.079 seconds
[2024-11-13T20:00:23.987+1100] {processor.py:186} INFO - Started process (PID=67645) to work on /Users/yoonmoon/git/learn-airflow/airflow1/py_env/lib/python3.11/site-packages/airflow/example_dags/example_branch_labels.py
[2024-11-13T20:00:23.988+1100] {processor.py:914} INFO - Processing file /Users/yoonmoon/git/learn-airflow/airflow1/py_env/lib/python3.11/site-packages/airflow/example_dags/example_branch_labels.py for tasks to queue
[2024-11-13T20:00:23.989+1100] {logging_mixin.py:190} INFO - [2024-11-13T20:00:23.989+1100] {dagbag.py:588} INFO - Filling up the DagBag from /Users/yoonmoon/git/learn-airflow/airflow1/py_env/lib/python3.11/site-packages/airflow/example_dags/example_branch_labels.py
[2024-11-13T20:00:23.993+1100] {processor.py:925} INFO - DAG(s) 'example_branch_labels' retrieved from /Users/yoonmoon/git/learn-airflow/airflow1/py_env/lib/python3.11/site-packages/airflow/example_dags/example_branch_labels.py
[2024-11-13T20:00:24.052+1100] {logging_mixin.py:190} INFO - [2024-11-13T20:00:24.052+1100] {dag.py:3239} INFO - Sync 1 DAGs
[2024-11-13T20:00:24.058+1100] {logging_mixin.py:190} INFO - [2024-11-13T20:00:24.058+1100] {dag.py:4180} INFO - Setting next_dagrun for example_branch_labels to 2024-11-12 00:00:00+00:00, run_after=2024-11-13 00:00:00+00:00
[2024-11-13T20:00:24.065+1100] {processor.py:208} INFO - Processing /Users/yoonmoon/git/learn-airflow/airflow1/py_env/lib/python3.11/site-packages/airflow/example_dags/example_branch_labels.py took 0.080 seconds
[2024-11-13T20:02:38.976+1100] {processor.py:186} INFO - Started process (PID=67892) to work on /Users/yoonmoon/git/learn-airflow/airflow1/py_env/lib/python3.11/site-packages/airflow/example_dags/example_branch_labels.py
[2024-11-13T20:02:38.977+1100] {processor.py:914} INFO - Processing file /Users/yoonmoon/git/learn-airflow/airflow1/py_env/lib/python3.11/site-packages/airflow/example_dags/example_branch_labels.py for tasks to queue
[2024-11-13T20:02:38.977+1100] {logging_mixin.py:190} INFO - [2024-11-13T20:02:38.977+1100] {dagbag.py:588} INFO - Filling up the DagBag from /Users/yoonmoon/git/learn-airflow/airflow1/py_env/lib/python3.11/site-packages/airflow/example_dags/example_branch_labels.py
[2024-11-13T20:02:38.981+1100] {processor.py:925} INFO - DAG(s) 'example_branch_labels' retrieved from /Users/yoonmoon/git/learn-airflow/airflow1/py_env/lib/python3.11/site-packages/airflow/example_dags/example_branch_labels.py
[2024-11-13T20:02:39.040+1100] {logging_mixin.py:190} INFO - [2024-11-13T20:02:39.040+1100] {dag.py:3239} INFO - Sync 1 DAGs
[2024-11-13T20:02:39.046+1100] {logging_mixin.py:190} INFO - [2024-11-13T20:02:39.046+1100] {dag.py:4180} INFO - Setting next_dagrun for example_branch_labels to 2024-11-12 00:00:00+00:00, run_after=2024-11-13 00:00:00+00:00
[2024-11-13T20:02:39.052+1100] {processor.py:208} INFO - Processing /Users/yoonmoon/git/learn-airflow/airflow1/py_env/lib/python3.11/site-packages/airflow/example_dags/example_branch_labels.py took 0.079 seconds
[2024-11-13T20:04:53.470+1100] {processor.py:186} INFO - Started process (PID=68133) to work on /Users/yoonmoon/git/learn-airflow/airflow1/py_env/lib/python3.11/site-packages/airflow/example_dags/example_branch_labels.py
[2024-11-13T20:04:53.471+1100] {processor.py:914} INFO - Processing file /Users/yoonmoon/git/learn-airflow/airflow1/py_env/lib/python3.11/site-packages/airflow/example_dags/example_branch_labels.py for tasks to queue
[2024-11-13T20:04:53.472+1100] {logging_mixin.py:190} INFO - [2024-11-13T20:04:53.471+1100] {dagbag.py:588} INFO - Filling up the DagBag from /Users/yoonmoon/git/learn-airflow/airflow1/py_env/lib/python3.11/site-packages/airflow/example_dags/example_branch_labels.py
[2024-11-13T20:04:53.476+1100] {processor.py:925} INFO - DAG(s) 'example_branch_labels' retrieved from /Users/yoonmoon/git/learn-airflow/airflow1/py_env/lib/python3.11/site-packages/airflow/example_dags/example_branch_labels.py
[2024-11-13T20:04:53.535+1100] {logging_mixin.py:190} INFO - [2024-11-13T20:04:53.534+1100] {dag.py:3239} INFO - Sync 1 DAGs
[2024-11-13T20:04:53.541+1100] {logging_mixin.py:190} INFO - [2024-11-13T20:04:53.540+1100] {dag.py:4180} INFO - Setting next_dagrun for example_branch_labels to 2024-11-12 00:00:00+00:00, run_after=2024-11-13 00:00:00+00:00
[2024-11-13T20:04:53.547+1100] {processor.py:208} INFO - Processing /Users/yoonmoon/git/learn-airflow/airflow1/py_env/lib/python3.11/site-packages/airflow/example_dags/example_branch_labels.py took 0.079 seconds
[2024-11-13T20:07:14.675+1100] {processor.py:186} INFO - Started process (PID=68434) to work on /Users/yoonmoon/git/learn-airflow/airflow1/py_env/lib/python3.11/site-packages/airflow/example_dags/example_branch_labels.py
[2024-11-13T20:07:14.676+1100] {processor.py:914} INFO - Processing file /Users/yoonmoon/git/learn-airflow/airflow1/py_env/lib/python3.11/site-packages/airflow/example_dags/example_branch_labels.py for tasks to queue
[2024-11-13T20:07:14.676+1100] {logging_mixin.py:190} INFO - [2024-11-13T20:07:14.676+1100] {dagbag.py:588} INFO - Filling up the DagBag from /Users/yoonmoon/git/learn-airflow/airflow1/py_env/lib/python3.11/site-packages/airflow/example_dags/example_branch_labels.py
[2024-11-13T20:07:14.680+1100] {processor.py:925} INFO - DAG(s) 'example_branch_labels' retrieved from /Users/yoonmoon/git/learn-airflow/airflow1/py_env/lib/python3.11/site-packages/airflow/example_dags/example_branch_labels.py
[2024-11-13T20:07:14.742+1100] {logging_mixin.py:190} INFO - [2024-11-13T20:07:14.742+1100] {dag.py:3239} INFO - Sync 1 DAGs
[2024-11-13T20:07:14.749+1100] {logging_mixin.py:190} INFO - [2024-11-13T20:07:14.749+1100] {dag.py:4180} INFO - Setting next_dagrun for example_branch_labels to 2024-11-12 00:00:00+00:00, run_after=2024-11-13 00:00:00+00:00
[2024-11-13T20:07:14.755+1100] {processor.py:208} INFO - Processing /Users/yoonmoon/git/learn-airflow/airflow1/py_env/lib/python3.11/site-packages/airflow/example_dags/example_branch_labels.py took 0.082 seconds
[2024-11-13T20:09:36.838+1100] {processor.py:186} INFO - Started process (PID=68699) to work on /Users/yoonmoon/git/learn-airflow/airflow1/py_env/lib/python3.11/site-packages/airflow/example_dags/example_branch_labels.py
[2024-11-13T20:09:36.839+1100] {processor.py:914} INFO - Processing file /Users/yoonmoon/git/learn-airflow/airflow1/py_env/lib/python3.11/site-packages/airflow/example_dags/example_branch_labels.py for tasks to queue
[2024-11-13T20:09:36.840+1100] {logging_mixin.py:190} INFO - [2024-11-13T20:09:36.840+1100] {dagbag.py:588} INFO - Filling up the DagBag from /Users/yoonmoon/git/learn-airflow/airflow1/py_env/lib/python3.11/site-packages/airflow/example_dags/example_branch_labels.py
[2024-11-13T20:09:36.843+1100] {processor.py:925} INFO - DAG(s) 'example_branch_labels' retrieved from /Users/yoonmoon/git/learn-airflow/airflow1/py_env/lib/python3.11/site-packages/airflow/example_dags/example_branch_labels.py
[2024-11-13T20:09:36.905+1100] {logging_mixin.py:190} INFO - [2024-11-13T20:09:36.905+1100] {dag.py:3239} INFO - Sync 1 DAGs
[2024-11-13T20:09:36.911+1100] {logging_mixin.py:190} INFO - [2024-11-13T20:09:36.911+1100] {dag.py:4180} INFO - Setting next_dagrun for example_branch_labels to 2024-11-12 00:00:00+00:00, run_after=2024-11-13 00:00:00+00:00
[2024-11-13T20:09:36.917+1100] {processor.py:208} INFO - Processing /Users/yoonmoon/git/learn-airflow/airflow1/py_env/lib/python3.11/site-packages/airflow/example_dags/example_branch_labels.py took 0.082 seconds
[2024-11-13T20:11:52.337+1100] {processor.py:186} INFO - Started process (PID=68975) to work on /Users/yoonmoon/git/learn-airflow/airflow1/py_env/lib/python3.11/site-packages/airflow/example_dags/example_branch_labels.py
[2024-11-13T20:11:52.337+1100] {processor.py:914} INFO - Processing file /Users/yoonmoon/git/learn-airflow/airflow1/py_env/lib/python3.11/site-packages/airflow/example_dags/example_branch_labels.py for tasks to queue
[2024-11-13T20:11:52.338+1100] {logging_mixin.py:190} INFO - [2024-11-13T20:11:52.338+1100] {dagbag.py:588} INFO - Filling up the DagBag from /Users/yoonmoon/git/learn-airflow/airflow1/py_env/lib/python3.11/site-packages/airflow/example_dags/example_branch_labels.py
[2024-11-13T20:11:52.341+1100] {processor.py:925} INFO - DAG(s) 'example_branch_labels' retrieved from /Users/yoonmoon/git/learn-airflow/airflow1/py_env/lib/python3.11/site-packages/airflow/example_dags/example_branch_labels.py
[2024-11-13T20:11:52.404+1100] {logging_mixin.py:190} INFO - [2024-11-13T20:11:52.404+1100] {dag.py:3239} INFO - Sync 1 DAGs
[2024-11-13T20:11:52.411+1100] {logging_mixin.py:190} INFO - [2024-11-13T20:11:52.411+1100] {dag.py:4180} INFO - Setting next_dagrun for example_branch_labels to 2024-11-12 00:00:00+00:00, run_after=2024-11-13 00:00:00+00:00
[2024-11-13T20:11:52.417+1100] {processor.py:208} INFO - Processing /Users/yoonmoon/git/learn-airflow/airflow1/py_env/lib/python3.11/site-packages/airflow/example_dags/example_branch_labels.py took 0.083 seconds
[2024-11-13T20:14:09.789+1100] {processor.py:186} INFO - Started process (PID=69225) to work on /Users/yoonmoon/git/learn-airflow/airflow1/py_env/lib/python3.11/site-packages/airflow/example_dags/example_branch_labels.py
[2024-11-13T20:14:09.789+1100] {processor.py:914} INFO - Processing file /Users/yoonmoon/git/learn-airflow/airflow1/py_env/lib/python3.11/site-packages/airflow/example_dags/example_branch_labels.py for tasks to queue
[2024-11-13T20:14:09.790+1100] {logging_mixin.py:190} INFO - [2024-11-13T20:14:09.790+1100] {dagbag.py:588} INFO - Filling up the DagBag from /Users/yoonmoon/git/learn-airflow/airflow1/py_env/lib/python3.11/site-packages/airflow/example_dags/example_branch_labels.py
[2024-11-13T20:14:09.794+1100] {processor.py:925} INFO - DAG(s) 'example_branch_labels' retrieved from /Users/yoonmoon/git/learn-airflow/airflow1/py_env/lib/python3.11/site-packages/airflow/example_dags/example_branch_labels.py
[2024-11-13T20:14:09.855+1100] {logging_mixin.py:190} INFO - [2024-11-13T20:14:09.855+1100] {dag.py:3239} INFO - Sync 1 DAGs
[2024-11-13T20:14:09.861+1100] {logging_mixin.py:190} INFO - [2024-11-13T20:14:09.861+1100] {dag.py:4180} INFO - Setting next_dagrun for example_branch_labels to 2024-11-12 00:00:00+00:00, run_after=2024-11-13 00:00:00+00:00
[2024-11-13T20:14:09.868+1100] {processor.py:208} INFO - Processing /Users/yoonmoon/git/learn-airflow/airflow1/py_env/lib/python3.11/site-packages/airflow/example_dags/example_branch_labels.py took 0.081 seconds
[2024-11-13T20:16:29.171+1100] {processor.py:186} INFO - Started process (PID=69474) to work on /Users/yoonmoon/git/learn-airflow/airflow1/py_env/lib/python3.11/site-packages/airflow/example_dags/example_branch_labels.py
[2024-11-13T20:16:29.172+1100] {processor.py:914} INFO - Processing file /Users/yoonmoon/git/learn-airflow/airflow1/py_env/lib/python3.11/site-packages/airflow/example_dags/example_branch_labels.py for tasks to queue
[2024-11-13T20:16:29.173+1100] {logging_mixin.py:190} INFO - [2024-11-13T20:16:29.173+1100] {dagbag.py:588} INFO - Filling up the DagBag from /Users/yoonmoon/git/learn-airflow/airflow1/py_env/lib/python3.11/site-packages/airflow/example_dags/example_branch_labels.py
[2024-11-13T20:16:29.177+1100] {processor.py:925} INFO - DAG(s) 'example_branch_labels' retrieved from /Users/yoonmoon/git/learn-airflow/airflow1/py_env/lib/python3.11/site-packages/airflow/example_dags/example_branch_labels.py
[2024-11-13T20:16:29.238+1100] {logging_mixin.py:190} INFO - [2024-11-13T20:16:29.238+1100] {dag.py:3239} INFO - Sync 1 DAGs
[2024-11-13T20:16:29.245+1100] {logging_mixin.py:190} INFO - [2024-11-13T20:16:29.245+1100] {dag.py:4180} INFO - Setting next_dagrun for example_branch_labels to 2024-11-12 00:00:00+00:00, run_after=2024-11-13 00:00:00+00:00
[2024-11-13T20:16:29.251+1100] {processor.py:208} INFO - Processing /Users/yoonmoon/git/learn-airflow/airflow1/py_env/lib/python3.11/site-packages/airflow/example_dags/example_branch_labels.py took 0.083 seconds
[2024-11-13T20:18:47.695+1100] {processor.py:186} INFO - Started process (PID=69745) to work on /Users/yoonmoon/git/learn-airflow/airflow1/py_env/lib/python3.11/site-packages/airflow/example_dags/example_branch_labels.py
[2024-11-13T20:18:47.696+1100] {processor.py:914} INFO - Processing file /Users/yoonmoon/git/learn-airflow/airflow1/py_env/lib/python3.11/site-packages/airflow/example_dags/example_branch_labels.py for tasks to queue
[2024-11-13T20:18:47.696+1100] {logging_mixin.py:190} INFO - [2024-11-13T20:18:47.696+1100] {dagbag.py:588} INFO - Filling up the DagBag from /Users/yoonmoon/git/learn-airflow/airflow1/py_env/lib/python3.11/site-packages/airflow/example_dags/example_branch_labels.py
[2024-11-13T20:18:47.700+1100] {processor.py:925} INFO - DAG(s) 'example_branch_labels' retrieved from /Users/yoonmoon/git/learn-airflow/airflow1/py_env/lib/python3.11/site-packages/airflow/example_dags/example_branch_labels.py
[2024-11-13T20:18:47.763+1100] {logging_mixin.py:190} INFO - [2024-11-13T20:18:47.762+1100] {dag.py:3239} INFO - Sync 1 DAGs
[2024-11-13T20:18:47.769+1100] {logging_mixin.py:190} INFO - [2024-11-13T20:18:47.769+1100] {dag.py:4180} INFO - Setting next_dagrun for example_branch_labels to 2024-11-12 00:00:00+00:00, run_after=2024-11-13 00:00:00+00:00
[2024-11-13T20:18:47.776+1100] {processor.py:208} INFO - Processing /Users/yoonmoon/git/learn-airflow/airflow1/py_env/lib/python3.11/site-packages/airflow/example_dags/example_branch_labels.py took 0.084 seconds
[2024-11-13T20:21:06.633+1100] {processor.py:186} INFO - Started process (PID=70116) to work on /Users/yoonmoon/git/learn-airflow/airflow1/py_env/lib/python3.11/site-packages/airflow/example_dags/example_branch_labels.py
[2024-11-13T20:21:06.634+1100] {processor.py:914} INFO - Processing file /Users/yoonmoon/git/learn-airflow/airflow1/py_env/lib/python3.11/site-packages/airflow/example_dags/example_branch_labels.py for tasks to queue
[2024-11-13T20:21:06.634+1100] {logging_mixin.py:190} INFO - [2024-11-13T20:21:06.634+1100] {dagbag.py:588} INFO - Filling up the DagBag from /Users/yoonmoon/git/learn-airflow/airflow1/py_env/lib/python3.11/site-packages/airflow/example_dags/example_branch_labels.py
[2024-11-13T20:21:06.638+1100] {processor.py:925} INFO - DAG(s) 'example_branch_labels' retrieved from /Users/yoonmoon/git/learn-airflow/airflow1/py_env/lib/python3.11/site-packages/airflow/example_dags/example_branch_labels.py
[2024-11-13T20:21:06.698+1100] {logging_mixin.py:190} INFO - [2024-11-13T20:21:06.698+1100] {dag.py:3239} INFO - Sync 1 DAGs
[2024-11-13T20:21:06.704+1100] {logging_mixin.py:190} INFO - [2024-11-13T20:21:06.704+1100] {dag.py:4180} INFO - Setting next_dagrun for example_branch_labels to 2024-11-12 00:00:00+00:00, run_after=2024-11-13 00:00:00+00:00
[2024-11-13T20:21:06.710+1100] {processor.py:208} INFO - Processing /Users/yoonmoon/git/learn-airflow/airflow1/py_env/lib/python3.11/site-packages/airflow/example_dags/example_branch_labels.py took 0.080 seconds
[2024-11-13T20:23:18.169+1100] {processor.py:186} INFO - Started process (PID=70369) to work on /Users/yoonmoon/git/learn-airflow/airflow1/py_env/lib/python3.11/site-packages/airflow/example_dags/example_branch_labels.py
[2024-11-13T20:23:18.170+1100] {processor.py:914} INFO - Processing file /Users/yoonmoon/git/learn-airflow/airflow1/py_env/lib/python3.11/site-packages/airflow/example_dags/example_branch_labels.py for tasks to queue
[2024-11-13T20:23:18.170+1100] {logging_mixin.py:190} INFO - [2024-11-13T20:23:18.170+1100] {dagbag.py:588} INFO - Filling up the DagBag from /Users/yoonmoon/git/learn-airflow/airflow1/py_env/lib/python3.11/site-packages/airflow/example_dags/example_branch_labels.py
[2024-11-13T20:23:18.174+1100] {processor.py:925} INFO - DAG(s) 'example_branch_labels' retrieved from /Users/yoonmoon/git/learn-airflow/airflow1/py_env/lib/python3.11/site-packages/airflow/example_dags/example_branch_labels.py
[2024-11-13T20:23:18.234+1100] {logging_mixin.py:190} INFO - [2024-11-13T20:23:18.233+1100] {dag.py:3239} INFO - Sync 1 DAGs
[2024-11-13T20:23:18.241+1100] {logging_mixin.py:190} INFO - [2024-11-13T20:23:18.241+1100] {dag.py:4180} INFO - Setting next_dagrun for example_branch_labels to 2024-11-12 00:00:00+00:00, run_after=2024-11-13 00:00:00+00:00
[2024-11-13T20:23:18.247+1100] {processor.py:208} INFO - Processing /Users/yoonmoon/git/learn-airflow/airflow1/py_env/lib/python3.11/site-packages/airflow/example_dags/example_branch_labels.py took 0.080 seconds
[2024-11-13T20:25:34.626+1100] {processor.py:186} INFO - Started process (PID=70627) to work on /Users/yoonmoon/git/learn-airflow/airflow1/py_env/lib/python3.11/site-packages/airflow/example_dags/example_branch_labels.py
[2024-11-13T20:25:34.628+1100] {processor.py:914} INFO - Processing file /Users/yoonmoon/git/learn-airflow/airflow1/py_env/lib/python3.11/site-packages/airflow/example_dags/example_branch_labels.py for tasks to queue
[2024-11-13T20:25:34.628+1100] {logging_mixin.py:190} INFO - [2024-11-13T20:25:34.628+1100] {dagbag.py:588} INFO - Filling up the DagBag from /Users/yoonmoon/git/learn-airflow/airflow1/py_env/lib/python3.11/site-packages/airflow/example_dags/example_branch_labels.py
[2024-11-13T20:25:34.632+1100] {processor.py:925} INFO - DAG(s) 'example_branch_labels' retrieved from /Users/yoonmoon/git/learn-airflow/airflow1/py_env/lib/python3.11/site-packages/airflow/example_dags/example_branch_labels.py
[2024-11-13T20:25:34.691+1100] {logging_mixin.py:190} INFO - [2024-11-13T20:25:34.690+1100] {dag.py:3239} INFO - Sync 1 DAGs
[2024-11-13T20:25:34.697+1100] {logging_mixin.py:190} INFO - [2024-11-13T20:25:34.696+1100] {dag.py:4180} INFO - Setting next_dagrun for example_branch_labels to 2024-11-12 00:00:00+00:00, run_after=2024-11-13 00:00:00+00:00
[2024-11-13T20:25:34.703+1100] {processor.py:208} INFO - Processing /Users/yoonmoon/git/learn-airflow/airflow1/py_env/lib/python3.11/site-packages/airflow/example_dags/example_branch_labels.py took 0.079 seconds
[2024-11-13T20:27:54.750+1100] {processor.py:186} INFO - Started process (PID=70910) to work on /Users/yoonmoon/git/learn-airflow/airflow1/py_env/lib/python3.11/site-packages/airflow/example_dags/example_branch_labels.py
[2024-11-13T20:27:54.751+1100] {processor.py:914} INFO - Processing file /Users/yoonmoon/git/learn-airflow/airflow1/py_env/lib/python3.11/site-packages/airflow/example_dags/example_branch_labels.py for tasks to queue
[2024-11-13T20:27:54.752+1100] {logging_mixin.py:190} INFO - [2024-11-13T20:27:54.752+1100] {dagbag.py:588} INFO - Filling up the DagBag from /Users/yoonmoon/git/learn-airflow/airflow1/py_env/lib/python3.11/site-packages/airflow/example_dags/example_branch_labels.py
[2024-11-13T20:27:54.755+1100] {processor.py:925} INFO - DAG(s) 'example_branch_labels' retrieved from /Users/yoonmoon/git/learn-airflow/airflow1/py_env/lib/python3.11/site-packages/airflow/example_dags/example_branch_labels.py
[2024-11-13T20:27:54.814+1100] {logging_mixin.py:190} INFO - [2024-11-13T20:27:54.814+1100] {dag.py:3239} INFO - Sync 1 DAGs
[2024-11-13T20:27:54.821+1100] {logging_mixin.py:190} INFO - [2024-11-13T20:27:54.821+1100] {dag.py:4180} INFO - Setting next_dagrun for example_branch_labels to 2024-11-12 00:00:00+00:00, run_after=2024-11-13 00:00:00+00:00
[2024-11-13T20:27:54.827+1100] {processor.py:208} INFO - Processing /Users/yoonmoon/git/learn-airflow/airflow1/py_env/lib/python3.11/site-packages/airflow/example_dags/example_branch_labels.py took 0.080 seconds
[2024-11-13T20:30:06.914+1100] {processor.py:186} INFO - Started process (PID=71180) to work on /Users/yoonmoon/git/learn-airflow/airflow1/py_env/lib/python3.11/site-packages/airflow/example_dags/example_branch_labels.py
[2024-11-13T20:30:06.915+1100] {processor.py:914} INFO - Processing file /Users/yoonmoon/git/learn-airflow/airflow1/py_env/lib/python3.11/site-packages/airflow/example_dags/example_branch_labels.py for tasks to queue
[2024-11-13T20:30:06.916+1100] {logging_mixin.py:190} INFO - [2024-11-13T20:30:06.916+1100] {dagbag.py:588} INFO - Filling up the DagBag from /Users/yoonmoon/git/learn-airflow/airflow1/py_env/lib/python3.11/site-packages/airflow/example_dags/example_branch_labels.py
[2024-11-13T20:30:06.920+1100] {processor.py:925} INFO - DAG(s) 'example_branch_labels' retrieved from /Users/yoonmoon/git/learn-airflow/airflow1/py_env/lib/python3.11/site-packages/airflow/example_dags/example_branch_labels.py
[2024-11-13T20:30:06.979+1100] {logging_mixin.py:190} INFO - [2024-11-13T20:30:06.979+1100] {dag.py:3239} INFO - Sync 1 DAGs
[2024-11-13T20:30:06.986+1100] {logging_mixin.py:190} INFO - [2024-11-13T20:30:06.986+1100] {dag.py:4180} INFO - Setting next_dagrun for example_branch_labels to 2024-11-12 00:00:00+00:00, run_after=2024-11-13 00:00:00+00:00
[2024-11-13T20:30:06.992+1100] {processor.py:208} INFO - Processing /Users/yoonmoon/git/learn-airflow/airflow1/py_env/lib/python3.11/site-packages/airflow/example_dags/example_branch_labels.py took 0.080 seconds
[2024-11-13T20:32:27.247+1100] {processor.py:186} INFO - Started process (PID=71433) to work on /Users/yoonmoon/git/learn-airflow/airflow1/py_env/lib/python3.11/site-packages/airflow/example_dags/example_branch_labels.py
[2024-11-13T20:32:27.248+1100] {processor.py:914} INFO - Processing file /Users/yoonmoon/git/learn-airflow/airflow1/py_env/lib/python3.11/site-packages/airflow/example_dags/example_branch_labels.py for tasks to queue
[2024-11-13T20:32:27.249+1100] {logging_mixin.py:190} INFO - [2024-11-13T20:32:27.248+1100] {dagbag.py:588} INFO - Filling up the DagBag from /Users/yoonmoon/git/learn-airflow/airflow1/py_env/lib/python3.11/site-packages/airflow/example_dags/example_branch_labels.py
[2024-11-13T20:32:27.253+1100] {processor.py:925} INFO - DAG(s) 'example_branch_labels' retrieved from /Users/yoonmoon/git/learn-airflow/airflow1/py_env/lib/python3.11/site-packages/airflow/example_dags/example_branch_labels.py
[2024-11-13T20:32:27.313+1100] {logging_mixin.py:190} INFO - [2024-11-13T20:32:27.312+1100] {dag.py:3239} INFO - Sync 1 DAGs
[2024-11-13T20:32:27.318+1100] {logging_mixin.py:190} INFO - [2024-11-13T20:32:27.318+1100] {dag.py:4180} INFO - Setting next_dagrun for example_branch_labels to 2024-11-12 00:00:00+00:00, run_after=2024-11-13 00:00:00+00:00
[2024-11-13T20:32:27.324+1100] {processor.py:208} INFO - Processing /Users/yoonmoon/git/learn-airflow/airflow1/py_env/lib/python3.11/site-packages/airflow/example_dags/example_branch_labels.py took 0.079 seconds
[2024-11-13T20:34:49.141+1100] {processor.py:186} INFO - Started process (PID=71693) to work on /Users/yoonmoon/git/learn-airflow/airflow1/py_env/lib/python3.11/site-packages/airflow/example_dags/example_branch_labels.py
[2024-11-13T20:34:49.141+1100] {processor.py:914} INFO - Processing file /Users/yoonmoon/git/learn-airflow/airflow1/py_env/lib/python3.11/site-packages/airflow/example_dags/example_branch_labels.py for tasks to queue
[2024-11-13T20:34:49.142+1100] {logging_mixin.py:190} INFO - [2024-11-13T20:34:49.142+1100] {dagbag.py:588} INFO - Filling up the DagBag from /Users/yoonmoon/git/learn-airflow/airflow1/py_env/lib/python3.11/site-packages/airflow/example_dags/example_branch_labels.py
[2024-11-13T20:34:49.146+1100] {processor.py:925} INFO - DAG(s) 'example_branch_labels' retrieved from /Users/yoonmoon/git/learn-airflow/airflow1/py_env/lib/python3.11/site-packages/airflow/example_dags/example_branch_labels.py
[2024-11-13T20:34:49.206+1100] {logging_mixin.py:190} INFO - [2024-11-13T20:34:49.206+1100] {dag.py:3239} INFO - Sync 1 DAGs
[2024-11-13T20:34:49.213+1100] {logging_mixin.py:190} INFO - [2024-11-13T20:34:49.213+1100] {dag.py:4180} INFO - Setting next_dagrun for example_branch_labels to 2024-11-12 00:00:00+00:00, run_after=2024-11-13 00:00:00+00:00
[2024-11-13T20:34:49.219+1100] {processor.py:208} INFO - Processing /Users/yoonmoon/git/learn-airflow/airflow1/py_env/lib/python3.11/site-packages/airflow/example_dags/example_branch_labels.py took 0.080 seconds
[2024-11-13T20:37:07.887+1100] {processor.py:186} INFO - Started process (PID=71984) to work on /Users/yoonmoon/git/learn-airflow/airflow1/py_env/lib/python3.11/site-packages/airflow/example_dags/example_branch_labels.py
[2024-11-13T20:37:07.889+1100] {processor.py:914} INFO - Processing file /Users/yoonmoon/git/learn-airflow/airflow1/py_env/lib/python3.11/site-packages/airflow/example_dags/example_branch_labels.py for tasks to queue
[2024-11-13T20:37:07.890+1100] {logging_mixin.py:190} INFO - [2024-11-13T20:37:07.889+1100] {dagbag.py:588} INFO - Filling up the DagBag from /Users/yoonmoon/git/learn-airflow/airflow1/py_env/lib/python3.11/site-packages/airflow/example_dags/example_branch_labels.py
[2024-11-13T20:37:07.893+1100] {processor.py:925} INFO - DAG(s) 'example_branch_labels' retrieved from /Users/yoonmoon/git/learn-airflow/airflow1/py_env/lib/python3.11/site-packages/airflow/example_dags/example_branch_labels.py
[2024-11-13T20:37:07.954+1100] {logging_mixin.py:190} INFO - [2024-11-13T20:37:07.954+1100] {dag.py:3239} INFO - Sync 1 DAGs
[2024-11-13T20:37:07.961+1100] {logging_mixin.py:190} INFO - [2024-11-13T20:37:07.961+1100] {dag.py:4180} INFO - Setting next_dagrun for example_branch_labels to 2024-11-12 00:00:00+00:00, run_after=2024-11-13 00:00:00+00:00
[2024-11-13T20:37:07.967+1100] {processor.py:208} INFO - Processing /Users/yoonmoon/git/learn-airflow/airflow1/py_env/lib/python3.11/site-packages/airflow/example_dags/example_branch_labels.py took 0.082 seconds
[2024-11-13T20:39:24.481+1100] {processor.py:186} INFO - Started process (PID=72263) to work on /Users/yoonmoon/git/learn-airflow/airflow1/py_env/lib/python3.11/site-packages/airflow/example_dags/example_branch_labels.py
[2024-11-13T20:39:24.483+1100] {processor.py:914} INFO - Processing file /Users/yoonmoon/git/learn-airflow/airflow1/py_env/lib/python3.11/site-packages/airflow/example_dags/example_branch_labels.py for tasks to queue
[2024-11-13T20:39:24.484+1100] {logging_mixin.py:190} INFO - [2024-11-13T20:39:24.483+1100] {dagbag.py:588} INFO - Filling up the DagBag from /Users/yoonmoon/git/learn-airflow/airflow1/py_env/lib/python3.11/site-packages/airflow/example_dags/example_branch_labels.py
[2024-11-13T20:39:24.487+1100] {processor.py:925} INFO - DAG(s) 'example_branch_labels' retrieved from /Users/yoonmoon/git/learn-airflow/airflow1/py_env/lib/python3.11/site-packages/airflow/example_dags/example_branch_labels.py
[2024-11-13T20:39:24.547+1100] {logging_mixin.py:190} INFO - [2024-11-13T20:39:24.547+1100] {dag.py:3239} INFO - Sync 1 DAGs
[2024-11-13T20:39:24.553+1100] {logging_mixin.py:190} INFO - [2024-11-13T20:39:24.553+1100] {dag.py:4180} INFO - Setting next_dagrun for example_branch_labels to 2024-11-12 00:00:00+00:00, run_after=2024-11-13 00:00:00+00:00
[2024-11-13T20:39:24.559+1100] {processor.py:208} INFO - Processing /Users/yoonmoon/git/learn-airflow/airflow1/py_env/lib/python3.11/site-packages/airflow/example_dags/example_branch_labels.py took 0.080 seconds
[2024-11-13T20:41:46.490+1100] {processor.py:186} INFO - Started process (PID=72524) to work on /Users/yoonmoon/git/learn-airflow/airflow1/py_env/lib/python3.11/site-packages/airflow/example_dags/example_branch_labels.py
[2024-11-13T20:41:46.490+1100] {processor.py:914} INFO - Processing file /Users/yoonmoon/git/learn-airflow/airflow1/py_env/lib/python3.11/site-packages/airflow/example_dags/example_branch_labels.py for tasks to queue
[2024-11-13T20:41:46.491+1100] {logging_mixin.py:190} INFO - [2024-11-13T20:41:46.491+1100] {dagbag.py:588} INFO - Filling up the DagBag from /Users/yoonmoon/git/learn-airflow/airflow1/py_env/lib/python3.11/site-packages/airflow/example_dags/example_branch_labels.py
[2024-11-13T20:41:46.495+1100] {processor.py:925} INFO - DAG(s) 'example_branch_labels' retrieved from /Users/yoonmoon/git/learn-airflow/airflow1/py_env/lib/python3.11/site-packages/airflow/example_dags/example_branch_labels.py
[2024-11-13T20:41:46.555+1100] {logging_mixin.py:190} INFO - [2024-11-13T20:41:46.554+1100] {dag.py:3239} INFO - Sync 1 DAGs
[2024-11-13T20:41:46.564+1100] {logging_mixin.py:190} INFO - [2024-11-13T20:41:46.564+1100] {dag.py:4180} INFO - Setting next_dagrun for example_branch_labels to 2024-11-12 00:00:00+00:00, run_after=2024-11-13 00:00:00+00:00
[2024-11-13T20:41:46.571+1100] {processor.py:208} INFO - Processing /Users/yoonmoon/git/learn-airflow/airflow1/py_env/lib/python3.11/site-packages/airflow/example_dags/example_branch_labels.py took 0.083 seconds
[2024-11-13T20:44:01.516+1100] {processor.py:186} INFO - Started process (PID=72775) to work on /Users/yoonmoon/git/learn-airflow/airflow1/py_env/lib/python3.11/site-packages/airflow/example_dags/example_branch_labels.py
[2024-11-13T20:44:01.516+1100] {processor.py:914} INFO - Processing file /Users/yoonmoon/git/learn-airflow/airflow1/py_env/lib/python3.11/site-packages/airflow/example_dags/example_branch_labels.py for tasks to queue
[2024-11-13T20:44:01.517+1100] {logging_mixin.py:190} INFO - [2024-11-13T20:44:01.517+1100] {dagbag.py:588} INFO - Filling up the DagBag from /Users/yoonmoon/git/learn-airflow/airflow1/py_env/lib/python3.11/site-packages/airflow/example_dags/example_branch_labels.py
[2024-11-13T20:44:01.520+1100] {processor.py:925} INFO - DAG(s) 'example_branch_labels' retrieved from /Users/yoonmoon/git/learn-airflow/airflow1/py_env/lib/python3.11/site-packages/airflow/example_dags/example_branch_labels.py
[2024-11-13T20:44:01.579+1100] {logging_mixin.py:190} INFO - [2024-11-13T20:44:01.579+1100] {dag.py:3239} INFO - Sync 1 DAGs
[2024-11-13T20:44:01.586+1100] {logging_mixin.py:190} INFO - [2024-11-13T20:44:01.586+1100] {dag.py:4180} INFO - Setting next_dagrun for example_branch_labels to 2024-11-12 00:00:00+00:00, run_after=2024-11-13 00:00:00+00:00
[2024-11-13T20:44:01.592+1100] {processor.py:208} INFO - Processing /Users/yoonmoon/git/learn-airflow/airflow1/py_env/lib/python3.11/site-packages/airflow/example_dags/example_branch_labels.py took 0.079 seconds
[2024-11-13T20:46:26.855+1100] {processor.py:186} INFO - Started process (PID=73049) to work on /Users/yoonmoon/git/learn-airflow/airflow1/py_env/lib/python3.11/site-packages/airflow/example_dags/example_branch_labels.py
[2024-11-13T20:46:26.856+1100] {processor.py:914} INFO - Processing file /Users/yoonmoon/git/learn-airflow/airflow1/py_env/lib/python3.11/site-packages/airflow/example_dags/example_branch_labels.py for tasks to queue
[2024-11-13T20:46:26.857+1100] {logging_mixin.py:190} INFO - [2024-11-13T20:46:26.856+1100] {dagbag.py:588} INFO - Filling up the DagBag from /Users/yoonmoon/git/learn-airflow/airflow1/py_env/lib/python3.11/site-packages/airflow/example_dags/example_branch_labels.py
[2024-11-13T20:46:26.860+1100] {processor.py:925} INFO - DAG(s) 'example_branch_labels' retrieved from /Users/yoonmoon/git/learn-airflow/airflow1/py_env/lib/python3.11/site-packages/airflow/example_dags/example_branch_labels.py
[2024-11-13T20:46:26.924+1100] {logging_mixin.py:190} INFO - [2024-11-13T20:46:26.923+1100] {dag.py:3239} INFO - Sync 1 DAGs
[2024-11-13T20:46:26.931+1100] {logging_mixin.py:190} INFO - [2024-11-13T20:46:26.931+1100] {dag.py:4180} INFO - Setting next_dagrun for example_branch_labels to 2024-11-12 00:00:00+00:00, run_after=2024-11-13 00:00:00+00:00
[2024-11-13T20:46:26.937+1100] {processor.py:208} INFO - Processing /Users/yoonmoon/git/learn-airflow/airflow1/py_env/lib/python3.11/site-packages/airflow/example_dags/example_branch_labels.py took 0.085 seconds
[2024-11-13T20:48:49.104+1100] {processor.py:186} INFO - Started process (PID=73334) to work on /Users/yoonmoon/git/learn-airflow/airflow1/py_env/lib/python3.11/site-packages/airflow/example_dags/example_branch_labels.py
[2024-11-13T20:48:49.104+1100] {processor.py:914} INFO - Processing file /Users/yoonmoon/git/learn-airflow/airflow1/py_env/lib/python3.11/site-packages/airflow/example_dags/example_branch_labels.py for tasks to queue
[2024-11-13T20:48:49.105+1100] {logging_mixin.py:190} INFO - [2024-11-13T20:48:49.105+1100] {dagbag.py:588} INFO - Filling up the DagBag from /Users/yoonmoon/git/learn-airflow/airflow1/py_env/lib/python3.11/site-packages/airflow/example_dags/example_branch_labels.py
[2024-11-13T20:48:49.110+1100] {processor.py:925} INFO - DAG(s) 'example_branch_labels' retrieved from /Users/yoonmoon/git/learn-airflow/airflow1/py_env/lib/python3.11/site-packages/airflow/example_dags/example_branch_labels.py
[2024-11-13T20:48:49.177+1100] {logging_mixin.py:190} INFO - [2024-11-13T20:48:49.177+1100] {dag.py:3239} INFO - Sync 1 DAGs
[2024-11-13T20:48:49.184+1100] {logging_mixin.py:190} INFO - [2024-11-13T20:48:49.184+1100] {dag.py:4180} INFO - Setting next_dagrun for example_branch_labels to 2024-11-12 00:00:00+00:00, run_after=2024-11-13 00:00:00+00:00
[2024-11-13T20:48:49.191+1100] {processor.py:208} INFO - Processing /Users/yoonmoon/git/learn-airflow/airflow1/py_env/lib/python3.11/site-packages/airflow/example_dags/example_branch_labels.py took 0.091 seconds
[2024-11-13T20:51:14.460+1100] {processor.py:186} INFO - Started process (PID=73600) to work on /Users/yoonmoon/git/learn-airflow/airflow1/py_env/lib/python3.11/site-packages/airflow/example_dags/example_branch_labels.py
[2024-11-13T20:51:14.461+1100] {processor.py:914} INFO - Processing file /Users/yoonmoon/git/learn-airflow/airflow1/py_env/lib/python3.11/site-packages/airflow/example_dags/example_branch_labels.py for tasks to queue
[2024-11-13T20:51:14.462+1100] {logging_mixin.py:190} INFO - [2024-11-13T20:51:14.461+1100] {dagbag.py:588} INFO - Filling up the DagBag from /Users/yoonmoon/git/learn-airflow/airflow1/py_env/lib/python3.11/site-packages/airflow/example_dags/example_branch_labels.py
[2024-11-13T20:51:14.466+1100] {processor.py:925} INFO - DAG(s) 'example_branch_labels' retrieved from /Users/yoonmoon/git/learn-airflow/airflow1/py_env/lib/python3.11/site-packages/airflow/example_dags/example_branch_labels.py
[2024-11-13T20:51:14.530+1100] {logging_mixin.py:190} INFO - [2024-11-13T20:51:14.529+1100] {dag.py:3239} INFO - Sync 1 DAGs
[2024-11-13T20:51:14.536+1100] {logging_mixin.py:190} INFO - [2024-11-13T20:51:14.536+1100] {dag.py:4180} INFO - Setting next_dagrun for example_branch_labels to 2024-11-12 00:00:00+00:00, run_after=2024-11-13 00:00:00+00:00
[2024-11-13T20:51:14.543+1100] {processor.py:208} INFO - Processing /Users/yoonmoon/git/learn-airflow/airflow1/py_env/lib/python3.11/site-packages/airflow/example_dags/example_branch_labels.py took 0.085 seconds
