[2024-11-13T19:30:03.560+1100] {processor.py:186} INFO - Started process (PID=63802) to work on /Users/yoonmoon/git/learn-airflow/airflow1/py_env/lib/python3.11/site-packages/airflow/example_dags/example_dataset_alias.py
[2024-11-13T19:30:03.561+1100] {processor.py:914} INFO - Processing file /Users/yoonmoon/git/learn-airflow/airflow1/py_env/lib/python3.11/site-packages/airflow/example_dags/example_dataset_alias.py for tasks to queue
[2024-11-13T19:30:03.561+1100] {logging_mixin.py:190} INFO - [2024-11-13T19:30:03.561+1100] {dagbag.py:588} INFO - Filling up the DagBag from /Users/yoonmoon/git/learn-airflow/airflow1/py_env/lib/python3.11/site-packages/airflow/example_dags/example_dataset_alias.py
[2024-11-13T19:30:03.645+1100] {processor.py:925} INFO - DAG(s) 'dataset_s3_bucket_producer', 'dataset_alias_example_alias_producer', 'dataset_alias_example_alias_consumer', 'dataset_s3_bucket_consumer' retrieved from /Users/yoonmoon/git/learn-airflow/airflow1/py_env/lib/python3.11/site-packages/airflow/example_dags/example_dataset_alias.py
[2024-11-13T19:30:03.680+1100] {logging_mixin.py:190} INFO - [2024-11-13T19:30:03.679+1100] {override.py:1911} INFO - Created Permission View: can read on DAG:dataset_s3_bucket_producer
[2024-11-13T19:30:03.683+1100] {logging_mixin.py:190} INFO - [2024-11-13T19:30:03.683+1100] {override.py:1911} INFO - Created Permission View: can edit on DAG:dataset_s3_bucket_producer
[2024-11-13T19:30:03.685+1100] {logging_mixin.py:190} INFO - [2024-11-13T19:30:03.685+1100] {override.py:1911} INFO - Created Permission View: can delete on DAG:dataset_s3_bucket_producer
[2024-11-13T19:30:03.688+1100] {logging_mixin.py:190} INFO - [2024-11-13T19:30:03.688+1100] {override.py:1911} INFO - Created Permission View: can read on DAG Run:dataset_s3_bucket_producer
[2024-11-13T19:30:03.690+1100] {logging_mixin.py:190} INFO - [2024-11-13T19:30:03.690+1100] {override.py:1911} INFO - Created Permission View: menu access on DAG Run:dataset_s3_bucket_producer
[2024-11-13T19:30:03.692+1100] {logging_mixin.py:190} INFO - [2024-11-13T19:30:03.692+1100] {override.py:1911} INFO - Created Permission View: can delete on DAG Run:dataset_s3_bucket_producer
[2024-11-13T19:30:03.695+1100] {logging_mixin.py:190} INFO - [2024-11-13T19:30:03.695+1100] {override.py:1911} INFO - Created Permission View: can create on DAG Run:dataset_s3_bucket_producer
[2024-11-13T19:30:03.700+1100] {logging_mixin.py:190} INFO - [2024-11-13T19:30:03.700+1100] {override.py:1911} INFO - Created Permission View: can read on DAG:dataset_alias_example_alias_producer
[2024-11-13T19:30:03.702+1100] {logging_mixin.py:190} INFO - [2024-11-13T19:30:03.702+1100] {override.py:1911} INFO - Created Permission View: can edit on DAG:dataset_alias_example_alias_producer
[2024-11-13T19:30:03.704+1100] {logging_mixin.py:190} INFO - [2024-11-13T19:30:03.704+1100] {override.py:1911} INFO - Created Permission View: can delete on DAG:dataset_alias_example_alias_producer
[2024-11-13T19:30:03.708+1100] {logging_mixin.py:190} INFO - [2024-11-13T19:30:03.708+1100] {override.py:1911} INFO - Created Permission View: can read on DAG Run:dataset_alias_example_alias_producer
[2024-11-13T19:30:03.710+1100] {logging_mixin.py:190} INFO - [2024-11-13T19:30:03.710+1100] {override.py:1911} INFO - Created Permission View: menu access on DAG Run:dataset_alias_example_alias_producer
[2024-11-13T19:30:03.712+1100] {logging_mixin.py:190} INFO - [2024-11-13T19:30:03.712+1100] {override.py:1911} INFO - Created Permission View: can delete on DAG Run:dataset_alias_example_alias_producer
[2024-11-13T19:30:03.714+1100] {logging_mixin.py:190} INFO - [2024-11-13T19:30:03.714+1100] {override.py:1911} INFO - Created Permission View: can create on DAG Run:dataset_alias_example_alias_producer
[2024-11-13T19:30:03.718+1100] {logging_mixin.py:190} INFO - [2024-11-13T19:30:03.718+1100] {override.py:1911} INFO - Created Permission View: can read on DAG:dataset_alias_example_alias_consumer
[2024-11-13T19:30:03.720+1100] {logging_mixin.py:190} INFO - [2024-11-13T19:30:03.720+1100] {override.py:1911} INFO - Created Permission View: can edit on DAG:dataset_alias_example_alias_consumer
[2024-11-13T19:30:03.722+1100] {logging_mixin.py:190} INFO - [2024-11-13T19:30:03.722+1100] {override.py:1911} INFO - Created Permission View: can delete on DAG:dataset_alias_example_alias_consumer
[2024-11-13T19:30:03.725+1100] {logging_mixin.py:190} INFO - [2024-11-13T19:30:03.725+1100] {override.py:1911} INFO - Created Permission View: can read on DAG Run:dataset_alias_example_alias_consumer
[2024-11-13T19:30:03.727+1100] {logging_mixin.py:190} INFO - [2024-11-13T19:30:03.727+1100] {override.py:1911} INFO - Created Permission View: menu access on DAG Run:dataset_alias_example_alias_consumer
[2024-11-13T19:30:03.729+1100] {logging_mixin.py:190} INFO - [2024-11-13T19:30:03.729+1100] {override.py:1911} INFO - Created Permission View: can delete on DAG Run:dataset_alias_example_alias_consumer
[2024-11-13T19:30:03.731+1100] {logging_mixin.py:190} INFO - [2024-11-13T19:30:03.730+1100] {override.py:1911} INFO - Created Permission View: can create on DAG Run:dataset_alias_example_alias_consumer
[2024-11-13T19:30:03.735+1100] {logging_mixin.py:190} INFO - [2024-11-13T19:30:03.735+1100] {override.py:1911} INFO - Created Permission View: can read on DAG:dataset_s3_bucket_consumer
[2024-11-13T19:30:03.737+1100] {logging_mixin.py:190} INFO - [2024-11-13T19:30:03.737+1100] {override.py:1911} INFO - Created Permission View: can edit on DAG:dataset_s3_bucket_consumer
[2024-11-13T19:30:03.740+1100] {logging_mixin.py:190} INFO - [2024-11-13T19:30:03.739+1100] {override.py:1911} INFO - Created Permission View: can delete on DAG:dataset_s3_bucket_consumer
[2024-11-13T19:30:03.743+1100] {logging_mixin.py:190} INFO - [2024-11-13T19:30:03.743+1100] {override.py:1911} INFO - Created Permission View: can read on DAG Run:dataset_s3_bucket_consumer
[2024-11-13T19:30:03.744+1100] {logging_mixin.py:190} INFO - [2024-11-13T19:30:03.744+1100] {override.py:1911} INFO - Created Permission View: menu access on DAG Run:dataset_s3_bucket_consumer
[2024-11-13T19:30:03.746+1100] {logging_mixin.py:190} INFO - [2024-11-13T19:30:03.746+1100] {override.py:1911} INFO - Created Permission View: can delete on DAG Run:dataset_s3_bucket_consumer
[2024-11-13T19:30:03.748+1100] {logging_mixin.py:190} INFO - [2024-11-13T19:30:03.748+1100] {override.py:1911} INFO - Created Permission View: can create on DAG Run:dataset_s3_bucket_consumer
[2024-11-13T19:30:03.748+1100] {logging_mixin.py:190} INFO - [2024-11-13T19:30:03.748+1100] {dag.py:3239} INFO - Sync 4 DAGs
[2024-11-13T19:30:03.752+1100] {logging_mixin.py:190} INFO - [2024-11-13T19:30:03.752+1100] {dag.py:3262} INFO - Creating ORM DAG for dataset_s3_bucket_producer
[2024-11-13T19:30:03.753+1100] {logging_mixin.py:190} INFO - [2024-11-13T19:30:03.753+1100] {dag.py:3262} INFO - Creating ORM DAG for dataset_s3_bucket_consumer
[2024-11-13T19:30:03.753+1100] {logging_mixin.py:190} INFO - [2024-11-13T19:30:03.753+1100] {dag.py:3262} INFO - Creating ORM DAG for dataset_alias_example_alias_consumer
[2024-11-13T19:30:03.753+1100] {logging_mixin.py:190} INFO - [2024-11-13T19:30:03.753+1100] {dag.py:3262} INFO - Creating ORM DAG for dataset_alias_example_alias_producer
[2024-11-13T19:30:03.756+1100] {logging_mixin.py:190} INFO - [2024-11-13T19:30:03.756+1100] {dag.py:4180} INFO - Setting next_dagrun for dataset_alias_example_alias_consumer to None, run_after=None
[2024-11-13T19:30:03.757+1100] {logging_mixin.py:190} INFO - [2024-11-13T19:30:03.757+1100] {dag.py:4180} INFO - Setting next_dagrun for dataset_alias_example_alias_producer to None, run_after=None
[2024-11-13T19:30:03.757+1100] {logging_mixin.py:190} INFO - [2024-11-13T19:30:03.757+1100] {dag.py:4180} INFO - Setting next_dagrun for dataset_s3_bucket_consumer to None, run_after=None
[2024-11-13T19:30:03.757+1100] {logging_mixin.py:190} INFO - [2024-11-13T19:30:03.757+1100] {dag.py:4180} INFO - Setting next_dagrun for dataset_s3_bucket_producer to None, run_after=None
[2024-11-13T19:30:03.762+1100] {logging_mixin.py:190} INFO - [2024-11-13T19:30:03.762+1100] {workday.py:41} WARNING - Could not import pandas. Holidays will not be considered.
[2024-11-13T19:30:03.768+1100] {processor.py:208} INFO - Processing /Users/yoonmoon/git/learn-airflow/airflow1/py_env/lib/python3.11/site-packages/airflow/example_dags/example_dataset_alias.py took 0.210 seconds
[2024-11-13T19:32:24.667+1100] {processor.py:186} INFO - Started process (PID=64179) to work on /Users/yoonmoon/git/learn-airflow/airflow1/py_env/lib/python3.11/site-packages/airflow/example_dags/example_dataset_alias.py
[2024-11-13T19:32:24.668+1100] {processor.py:914} INFO - Processing file /Users/yoonmoon/git/learn-airflow/airflow1/py_env/lib/python3.11/site-packages/airflow/example_dags/example_dataset_alias.py for tasks to queue
[2024-11-13T19:32:24.668+1100] {logging_mixin.py:190} INFO - [2024-11-13T19:32:24.668+1100] {dagbag.py:588} INFO - Filling up the DagBag from /Users/yoonmoon/git/learn-airflow/airflow1/py_env/lib/python3.11/site-packages/airflow/example_dags/example_dataset_alias.py
[2024-11-13T19:32:24.749+1100] {processor.py:925} INFO - DAG(s) 'dataset_alias_example_alias_producer', 'dataset_alias_example_alias_consumer', 'dataset_s3_bucket_producer', 'dataset_s3_bucket_consumer' retrieved from /Users/yoonmoon/git/learn-airflow/airflow1/py_env/lib/python3.11/site-packages/airflow/example_dags/example_dataset_alias.py
[2024-11-13T19:32:24.757+1100] {logging_mixin.py:190} INFO - [2024-11-13T19:32:24.757+1100] {dag.py:3239} INFO - Sync 4 DAGs
[2024-11-13T19:32:24.763+1100] {logging_mixin.py:190} INFO - [2024-11-13T19:32:24.763+1100] {dag.py:4180} INFO - Setting next_dagrun for dataset_alias_example_alias_consumer to None, run_after=None
[2024-11-13T19:32:24.764+1100] {logging_mixin.py:190} INFO - [2024-11-13T19:32:24.764+1100] {dag.py:4180} INFO - Setting next_dagrun for dataset_alias_example_alias_producer to None, run_after=None
[2024-11-13T19:32:24.765+1100] {logging_mixin.py:190} INFO - [2024-11-13T19:32:24.765+1100] {dag.py:4180} INFO - Setting next_dagrun for dataset_s3_bucket_consumer to None, run_after=None
[2024-11-13T19:32:24.765+1100] {logging_mixin.py:190} INFO - [2024-11-13T19:32:24.765+1100] {dag.py:4180} INFO - Setting next_dagrun for dataset_s3_bucket_producer to None, run_after=None
[2024-11-13T19:32:24.774+1100] {processor.py:208} INFO - Processing /Users/yoonmoon/git/learn-airflow/airflow1/py_env/lib/python3.11/site-packages/airflow/example_dags/example_dataset_alias.py took 0.109 seconds
[2024-11-13T19:34:47.297+1100] {processor.py:186} INFO - Started process (PID=64666) to work on /Users/yoonmoon/git/learn-airflow/airflow1/py_env/lib/python3.11/site-packages/airflow/example_dags/example_dataset_alias.py
[2024-11-13T19:34:47.298+1100] {processor.py:914} INFO - Processing file /Users/yoonmoon/git/learn-airflow/airflow1/py_env/lib/python3.11/site-packages/airflow/example_dags/example_dataset_alias.py for tasks to queue
[2024-11-13T19:34:47.299+1100] {logging_mixin.py:190} INFO - [2024-11-13T19:34:47.299+1100] {dagbag.py:588} INFO - Filling up the DagBag from /Users/yoonmoon/git/learn-airflow/airflow1/py_env/lib/python3.11/site-packages/airflow/example_dags/example_dataset_alias.py
[2024-11-13T19:34:47.393+1100] {processor.py:925} INFO - DAG(s) 'dataset_alias_example_alias_producer', 'dataset_s3_bucket_consumer', 'dataset_alias_example_alias_consumer', 'dataset_s3_bucket_producer' retrieved from /Users/yoonmoon/git/learn-airflow/airflow1/py_env/lib/python3.11/site-packages/airflow/example_dags/example_dataset_alias.py
[2024-11-13T19:34:47.404+1100] {logging_mixin.py:190} INFO - [2024-11-13T19:34:47.403+1100] {dag.py:3239} INFO - Sync 4 DAGs
[2024-11-13T19:34:47.410+1100] {logging_mixin.py:190} INFO - [2024-11-13T19:34:47.410+1100] {dag.py:4180} INFO - Setting next_dagrun for dataset_alias_example_alias_consumer to None, run_after=None
[2024-11-13T19:34:47.411+1100] {logging_mixin.py:190} INFO - [2024-11-13T19:34:47.411+1100] {dag.py:4180} INFO - Setting next_dagrun for dataset_alias_example_alias_producer to None, run_after=None
[2024-11-13T19:34:47.411+1100] {logging_mixin.py:190} INFO - [2024-11-13T19:34:47.411+1100] {dag.py:4180} INFO - Setting next_dagrun for dataset_s3_bucket_consumer to None, run_after=None
[2024-11-13T19:34:47.412+1100] {logging_mixin.py:190} INFO - [2024-11-13T19:34:47.412+1100] {dag.py:4180} INFO - Setting next_dagrun for dataset_s3_bucket_producer to None, run_after=None
[2024-11-13T19:34:47.420+1100] {processor.py:208} INFO - Processing /Users/yoonmoon/git/learn-airflow/airflow1/py_env/lib/python3.11/site-packages/airflow/example_dags/example_dataset_alias.py took 0.126 seconds
[2024-11-13T19:36:39.062+1100] {processor.py:186} INFO - Started process (PID=64914) to work on /Users/yoonmoon/git/learn-airflow/airflow1/py_env/lib/python3.11/site-packages/airflow/example_dags/example_dataset_alias.py
[2024-11-13T19:36:39.064+1100] {processor.py:914} INFO - Processing file /Users/yoonmoon/git/learn-airflow/airflow1/py_env/lib/python3.11/site-packages/airflow/example_dags/example_dataset_alias.py for tasks to queue
[2024-11-13T19:36:39.064+1100] {logging_mixin.py:190} INFO - [2024-11-13T19:36:39.064+1100] {dagbag.py:588} INFO - Filling up the DagBag from /Users/yoonmoon/git/learn-airflow/airflow1/py_env/lib/python3.11/site-packages/airflow/example_dags/example_dataset_alias.py
[2024-11-13T19:36:39.142+1100] {processor.py:925} INFO - DAG(s) 'dataset_alias_example_alias_consumer', 'dataset_s3_bucket_producer', 'dataset_s3_bucket_consumer', 'dataset_alias_example_alias_producer' retrieved from /Users/yoonmoon/git/learn-airflow/airflow1/py_env/lib/python3.11/site-packages/airflow/example_dags/example_dataset_alias.py
[2024-11-13T19:36:39.150+1100] {logging_mixin.py:190} INFO - [2024-11-13T19:36:39.150+1100] {dag.py:3239} INFO - Sync 4 DAGs
[2024-11-13T19:36:39.156+1100] {logging_mixin.py:190} INFO - [2024-11-13T19:36:39.156+1100] {dag.py:4180} INFO - Setting next_dagrun for dataset_alias_example_alias_consumer to None, run_after=None
[2024-11-13T19:36:39.157+1100] {logging_mixin.py:190} INFO - [2024-11-13T19:36:39.156+1100] {dag.py:4180} INFO - Setting next_dagrun for dataset_alias_example_alias_producer to None, run_after=None
[2024-11-13T19:36:39.157+1100] {logging_mixin.py:190} INFO - [2024-11-13T19:36:39.157+1100] {dag.py:4180} INFO - Setting next_dagrun for dataset_s3_bucket_consumer to None, run_after=None
[2024-11-13T19:36:39.157+1100] {logging_mixin.py:190} INFO - [2024-11-13T19:36:39.157+1100] {dag.py:4180} INFO - Setting next_dagrun for dataset_s3_bucket_producer to None, run_after=None
[2024-11-13T19:36:39.164+1100] {processor.py:208} INFO - Processing /Users/yoonmoon/git/learn-airflow/airflow1/py_env/lib/python3.11/site-packages/airflow/example_dags/example_dataset_alias.py took 0.104 seconds
[2024-11-13T19:38:55.811+1100] {processor.py:186} INFO - Started process (PID=65194) to work on /Users/yoonmoon/git/learn-airflow/airflow1/py_env/lib/python3.11/site-packages/airflow/example_dags/example_dataset_alias.py
[2024-11-13T19:38:55.812+1100] {processor.py:914} INFO - Processing file /Users/yoonmoon/git/learn-airflow/airflow1/py_env/lib/python3.11/site-packages/airflow/example_dags/example_dataset_alias.py for tasks to queue
[2024-11-13T19:38:55.813+1100] {logging_mixin.py:190} INFO - [2024-11-13T19:38:55.813+1100] {dagbag.py:588} INFO - Filling up the DagBag from /Users/yoonmoon/git/learn-airflow/airflow1/py_env/lib/python3.11/site-packages/airflow/example_dags/example_dataset_alias.py
[2024-11-13T19:38:55.892+1100] {processor.py:925} INFO - DAG(s) 'dataset_alias_example_alias_producer', 'dataset_s3_bucket_consumer', 'dataset_s3_bucket_producer', 'dataset_alias_example_alias_consumer' retrieved from /Users/yoonmoon/git/learn-airflow/airflow1/py_env/lib/python3.11/site-packages/airflow/example_dags/example_dataset_alias.py
[2024-11-13T19:38:55.901+1100] {logging_mixin.py:190} INFO - [2024-11-13T19:38:55.901+1100] {dag.py:3239} INFO - Sync 4 DAGs
[2024-11-13T19:38:55.906+1100] {logging_mixin.py:190} INFO - [2024-11-13T19:38:55.906+1100] {dag.py:4180} INFO - Setting next_dagrun for dataset_alias_example_alias_consumer to None, run_after=None
[2024-11-13T19:38:55.907+1100] {logging_mixin.py:190} INFO - [2024-11-13T19:38:55.907+1100] {dag.py:4180} INFO - Setting next_dagrun for dataset_alias_example_alias_producer to None, run_after=None
[2024-11-13T19:38:55.907+1100] {logging_mixin.py:190} INFO - [2024-11-13T19:38:55.907+1100] {dag.py:4180} INFO - Setting next_dagrun for dataset_s3_bucket_consumer to None, run_after=None
[2024-11-13T19:38:55.908+1100] {logging_mixin.py:190} INFO - [2024-11-13T19:38:55.908+1100] {dag.py:4180} INFO - Setting next_dagrun for dataset_s3_bucket_producer to None, run_after=None
[2024-11-13T19:38:55.915+1100] {processor.py:208} INFO - Processing /Users/yoonmoon/git/learn-airflow/airflow1/py_env/lib/python3.11/site-packages/airflow/example_dags/example_dataset_alias.py took 0.106 seconds
[2024-11-13T19:41:12.842+1100] {processor.py:186} INFO - Started process (PID=65487) to work on /Users/yoonmoon/git/learn-airflow/airflow1/py_env/lib/python3.11/site-packages/airflow/example_dags/example_dataset_alias.py
[2024-11-13T19:41:12.843+1100] {processor.py:914} INFO - Processing file /Users/yoonmoon/git/learn-airflow/airflow1/py_env/lib/python3.11/site-packages/airflow/example_dags/example_dataset_alias.py for tasks to queue
[2024-11-13T19:41:12.844+1100] {logging_mixin.py:190} INFO - [2024-11-13T19:41:12.843+1100] {dagbag.py:588} INFO - Filling up the DagBag from /Users/yoonmoon/git/learn-airflow/airflow1/py_env/lib/python3.11/site-packages/airflow/example_dags/example_dataset_alias.py
[2024-11-13T19:41:12.926+1100] {processor.py:925} INFO - DAG(s) 'dataset_s3_bucket_consumer', 'dataset_s3_bucket_producer', 'dataset_alias_example_alias_producer', 'dataset_alias_example_alias_consumer' retrieved from /Users/yoonmoon/git/learn-airflow/airflow1/py_env/lib/python3.11/site-packages/airflow/example_dags/example_dataset_alias.py
[2024-11-13T19:41:12.935+1100] {logging_mixin.py:190} INFO - [2024-11-13T19:41:12.935+1100] {dag.py:3239} INFO - Sync 4 DAGs
[2024-11-13T19:41:12.940+1100] {logging_mixin.py:190} INFO - [2024-11-13T19:41:12.940+1100] {dag.py:4180} INFO - Setting next_dagrun for dataset_alias_example_alias_consumer to None, run_after=None
[2024-11-13T19:41:12.941+1100] {logging_mixin.py:190} INFO - [2024-11-13T19:41:12.941+1100] {dag.py:4180} INFO - Setting next_dagrun for dataset_alias_example_alias_producer to None, run_after=None
[2024-11-13T19:41:12.941+1100] {logging_mixin.py:190} INFO - [2024-11-13T19:41:12.941+1100] {dag.py:4180} INFO - Setting next_dagrun for dataset_s3_bucket_consumer to None, run_after=None
[2024-11-13T19:41:12.942+1100] {logging_mixin.py:190} INFO - [2024-11-13T19:41:12.942+1100] {dag.py:4180} INFO - Setting next_dagrun for dataset_s3_bucket_producer to None, run_after=None
[2024-11-13T19:41:12.949+1100] {processor.py:208} INFO - Processing /Users/yoonmoon/git/learn-airflow/airflow1/py_env/lib/python3.11/site-packages/airflow/example_dags/example_dataset_alias.py took 0.109 seconds
[2024-11-13T19:43:32.738+1100] {processor.py:186} INFO - Started process (PID=65745) to work on /Users/yoonmoon/git/learn-airflow/airflow1/py_env/lib/python3.11/site-packages/airflow/example_dags/example_dataset_alias.py
[2024-11-13T19:43:32.738+1100] {processor.py:914} INFO - Processing file /Users/yoonmoon/git/learn-airflow/airflow1/py_env/lib/python3.11/site-packages/airflow/example_dags/example_dataset_alias.py for tasks to queue
[2024-11-13T19:43:32.739+1100] {logging_mixin.py:190} INFO - [2024-11-13T19:43:32.739+1100] {dagbag.py:588} INFO - Filling up the DagBag from /Users/yoonmoon/git/learn-airflow/airflow1/py_env/lib/python3.11/site-packages/airflow/example_dags/example_dataset_alias.py
[2024-11-13T19:43:32.817+1100] {processor.py:925} INFO - DAG(s) 'dataset_s3_bucket_consumer', 'dataset_alias_example_alias_producer', 'dataset_alias_example_alias_consumer', 'dataset_s3_bucket_producer' retrieved from /Users/yoonmoon/git/learn-airflow/airflow1/py_env/lib/python3.11/site-packages/airflow/example_dags/example_dataset_alias.py
[2024-11-13T19:43:32.826+1100] {logging_mixin.py:190} INFO - [2024-11-13T19:43:32.826+1100] {dag.py:3239} INFO - Sync 4 DAGs
[2024-11-13T19:43:32.832+1100] {logging_mixin.py:190} INFO - [2024-11-13T19:43:32.831+1100] {dag.py:4180} INFO - Setting next_dagrun for dataset_alias_example_alias_consumer to None, run_after=None
[2024-11-13T19:43:32.832+1100] {logging_mixin.py:190} INFO - [2024-11-13T19:43:32.832+1100] {dag.py:4180} INFO - Setting next_dagrun for dataset_alias_example_alias_producer to None, run_after=None
[2024-11-13T19:43:32.833+1100] {logging_mixin.py:190} INFO - [2024-11-13T19:43:32.833+1100] {dag.py:4180} INFO - Setting next_dagrun for dataset_s3_bucket_consumer to None, run_after=None
[2024-11-13T19:43:32.833+1100] {logging_mixin.py:190} INFO - [2024-11-13T19:43:32.833+1100] {dag.py:4180} INFO - Setting next_dagrun for dataset_s3_bucket_producer to None, run_after=None
[2024-11-13T19:43:32.840+1100] {processor.py:208} INFO - Processing /Users/yoonmoon/git/learn-airflow/airflow1/py_env/lib/python3.11/site-packages/airflow/example_dags/example_dataset_alias.py took 0.105 seconds
[2024-11-13T19:45:46.893+1100] {processor.py:186} INFO - Started process (PID=66014) to work on /Users/yoonmoon/git/learn-airflow/airflow1/py_env/lib/python3.11/site-packages/airflow/example_dags/example_dataset_alias.py
[2024-11-13T19:45:46.894+1100] {processor.py:914} INFO - Processing file /Users/yoonmoon/git/learn-airflow/airflow1/py_env/lib/python3.11/site-packages/airflow/example_dags/example_dataset_alias.py for tasks to queue
[2024-11-13T19:45:46.895+1100] {logging_mixin.py:190} INFO - [2024-11-13T19:45:46.895+1100] {dagbag.py:588} INFO - Filling up the DagBag from /Users/yoonmoon/git/learn-airflow/airflow1/py_env/lib/python3.11/site-packages/airflow/example_dags/example_dataset_alias.py
[2024-11-13T19:45:46.973+1100] {processor.py:925} INFO - DAG(s) 'dataset_alias_example_alias_producer', 'dataset_alias_example_alias_consumer', 'dataset_s3_bucket_consumer', 'dataset_s3_bucket_producer' retrieved from /Users/yoonmoon/git/learn-airflow/airflow1/py_env/lib/python3.11/site-packages/airflow/example_dags/example_dataset_alias.py
[2024-11-13T19:45:46.981+1100] {logging_mixin.py:190} INFO - [2024-11-13T19:45:46.981+1100] {dag.py:3239} INFO - Sync 4 DAGs
[2024-11-13T19:45:46.987+1100] {logging_mixin.py:190} INFO - [2024-11-13T19:45:46.987+1100] {dag.py:4180} INFO - Setting next_dagrun for dataset_alias_example_alias_consumer to None, run_after=None
[2024-11-13T19:45:46.988+1100] {logging_mixin.py:190} INFO - [2024-11-13T19:45:46.988+1100] {dag.py:4180} INFO - Setting next_dagrun for dataset_alias_example_alias_producer to None, run_after=None
[2024-11-13T19:45:46.988+1100] {logging_mixin.py:190} INFO - [2024-11-13T19:45:46.988+1100] {dag.py:4180} INFO - Setting next_dagrun for dataset_s3_bucket_consumer to None, run_after=None
[2024-11-13T19:45:46.988+1100] {logging_mixin.py:190} INFO - [2024-11-13T19:45:46.988+1100] {dag.py:4180} INFO - Setting next_dagrun for dataset_s3_bucket_producer to None, run_after=None
[2024-11-13T19:45:46.995+1100] {processor.py:208} INFO - Processing /Users/yoonmoon/git/learn-airflow/airflow1/py_env/lib/python3.11/site-packages/airflow/example_dags/example_dataset_alias.py took 0.105 seconds
[2024-11-13T19:47:58.077+1100] {processor.py:186} INFO - Started process (PID=66260) to work on /Users/yoonmoon/git/learn-airflow/airflow1/py_env/lib/python3.11/site-packages/airflow/example_dags/example_dataset_alias.py
[2024-11-13T19:47:58.078+1100] {processor.py:914} INFO - Processing file /Users/yoonmoon/git/learn-airflow/airflow1/py_env/lib/python3.11/site-packages/airflow/example_dags/example_dataset_alias.py for tasks to queue
[2024-11-13T19:47:58.078+1100] {logging_mixin.py:190} INFO - [2024-11-13T19:47:58.078+1100] {dagbag.py:588} INFO - Filling up the DagBag from /Users/yoonmoon/git/learn-airflow/airflow1/py_env/lib/python3.11/site-packages/airflow/example_dags/example_dataset_alias.py
[2024-11-13T19:47:58.157+1100] {processor.py:925} INFO - DAG(s) 'dataset_alias_example_alias_producer', 'dataset_alias_example_alias_consumer', 'dataset_s3_bucket_consumer', 'dataset_s3_bucket_producer' retrieved from /Users/yoonmoon/git/learn-airflow/airflow1/py_env/lib/python3.11/site-packages/airflow/example_dags/example_dataset_alias.py
[2024-11-13T19:47:58.166+1100] {logging_mixin.py:190} INFO - [2024-11-13T19:47:58.165+1100] {dag.py:3239} INFO - Sync 4 DAGs
[2024-11-13T19:47:58.171+1100] {logging_mixin.py:190} INFO - [2024-11-13T19:47:58.171+1100] {dag.py:4180} INFO - Setting next_dagrun for dataset_alias_example_alias_consumer to None, run_after=None
[2024-11-13T19:47:58.172+1100] {logging_mixin.py:190} INFO - [2024-11-13T19:47:58.172+1100] {dag.py:4180} INFO - Setting next_dagrun for dataset_alias_example_alias_producer to None, run_after=None
[2024-11-13T19:47:58.172+1100] {logging_mixin.py:190} INFO - [2024-11-13T19:47:58.172+1100] {dag.py:4180} INFO - Setting next_dagrun for dataset_s3_bucket_consumer to None, run_after=None
[2024-11-13T19:47:58.172+1100] {logging_mixin.py:190} INFO - [2024-11-13T19:47:58.172+1100] {dag.py:4180} INFO - Setting next_dagrun for dataset_s3_bucket_producer to None, run_after=None
[2024-11-13T19:47:58.179+1100] {processor.py:208} INFO - Processing /Users/yoonmoon/git/learn-airflow/airflow1/py_env/lib/python3.11/site-packages/airflow/example_dags/example_dataset_alias.py took 0.105 seconds
[2024-11-13T19:50:07.645+1100] {processor.py:186} INFO - Started process (PID=66496) to work on /Users/yoonmoon/git/learn-airflow/airflow1/py_env/lib/python3.11/site-packages/airflow/example_dags/example_dataset_alias.py
[2024-11-13T19:50:07.647+1100] {processor.py:914} INFO - Processing file /Users/yoonmoon/git/learn-airflow/airflow1/py_env/lib/python3.11/site-packages/airflow/example_dags/example_dataset_alias.py for tasks to queue
[2024-11-13T19:50:07.647+1100] {logging_mixin.py:190} INFO - [2024-11-13T19:50:07.647+1100] {dagbag.py:588} INFO - Filling up the DagBag from /Users/yoonmoon/git/learn-airflow/airflow1/py_env/lib/python3.11/site-packages/airflow/example_dags/example_dataset_alias.py
[2024-11-13T19:50:07.728+1100] {processor.py:925} INFO - DAG(s) 'dataset_alias_example_alias_producer', 'dataset_s3_bucket_producer', 'dataset_s3_bucket_consumer', 'dataset_alias_example_alias_consumer' retrieved from /Users/yoonmoon/git/learn-airflow/airflow1/py_env/lib/python3.11/site-packages/airflow/example_dags/example_dataset_alias.py
[2024-11-13T19:50:07.738+1100] {logging_mixin.py:190} INFO - [2024-11-13T19:50:07.737+1100] {dag.py:3239} INFO - Sync 4 DAGs
[2024-11-13T19:50:07.743+1100] {logging_mixin.py:190} INFO - [2024-11-13T19:50:07.743+1100] {dag.py:4180} INFO - Setting next_dagrun for dataset_alias_example_alias_consumer to None, run_after=None
[2024-11-13T19:50:07.744+1100] {logging_mixin.py:190} INFO - [2024-11-13T19:50:07.744+1100] {dag.py:4180} INFO - Setting next_dagrun for dataset_alias_example_alias_producer to None, run_after=None
[2024-11-13T19:50:07.744+1100] {logging_mixin.py:190} INFO - [2024-11-13T19:50:07.744+1100] {dag.py:4180} INFO - Setting next_dagrun for dataset_s3_bucket_consumer to None, run_after=None
[2024-11-13T19:50:07.745+1100] {logging_mixin.py:190} INFO - [2024-11-13T19:50:07.745+1100] {dag.py:4180} INFO - Setting next_dagrun for dataset_s3_bucket_producer to None, run_after=None
[2024-11-13T19:50:07.752+1100] {processor.py:208} INFO - Processing /Users/yoonmoon/git/learn-airflow/airflow1/py_env/lib/python3.11/site-packages/airflow/example_dags/example_dataset_alias.py took 0.109 seconds
[2024-11-13T19:52:26.498+1100] {processor.py:186} INFO - Started process (PID=66746) to work on /Users/yoonmoon/git/learn-airflow/airflow1/py_env/lib/python3.11/site-packages/airflow/example_dags/example_dataset_alias.py
[2024-11-13T19:52:26.499+1100] {processor.py:914} INFO - Processing file /Users/yoonmoon/git/learn-airflow/airflow1/py_env/lib/python3.11/site-packages/airflow/example_dags/example_dataset_alias.py for tasks to queue
[2024-11-13T19:52:26.500+1100] {logging_mixin.py:190} INFO - [2024-11-13T19:52:26.500+1100] {dagbag.py:588} INFO - Filling up the DagBag from /Users/yoonmoon/git/learn-airflow/airflow1/py_env/lib/python3.11/site-packages/airflow/example_dags/example_dataset_alias.py
[2024-11-13T19:52:26.577+1100] {processor.py:925} INFO - DAG(s) 'dataset_alias_example_alias_consumer', 'dataset_alias_example_alias_producer', 'dataset_s3_bucket_consumer', 'dataset_s3_bucket_producer' retrieved from /Users/yoonmoon/git/learn-airflow/airflow1/py_env/lib/python3.11/site-packages/airflow/example_dags/example_dataset_alias.py
[2024-11-13T19:52:26.585+1100] {logging_mixin.py:190} INFO - [2024-11-13T19:52:26.585+1100] {dag.py:3239} INFO - Sync 4 DAGs
[2024-11-13T19:52:26.591+1100] {logging_mixin.py:190} INFO - [2024-11-13T19:52:26.590+1100] {dag.py:4180} INFO - Setting next_dagrun for dataset_alias_example_alias_consumer to None, run_after=None
[2024-11-13T19:52:26.591+1100] {logging_mixin.py:190} INFO - [2024-11-13T19:52:26.591+1100] {dag.py:4180} INFO - Setting next_dagrun for dataset_alias_example_alias_producer to None, run_after=None
[2024-11-13T19:52:26.592+1100] {logging_mixin.py:190} INFO - [2024-11-13T19:52:26.591+1100] {dag.py:4180} INFO - Setting next_dagrun for dataset_s3_bucket_consumer to None, run_after=None
[2024-11-13T19:52:26.592+1100] {logging_mixin.py:190} INFO - [2024-11-13T19:52:26.592+1100] {dag.py:4180} INFO - Setting next_dagrun for dataset_s3_bucket_producer to None, run_after=None
[2024-11-13T19:52:26.599+1100] {processor.py:208} INFO - Processing /Users/yoonmoon/git/learn-airflow/airflow1/py_env/lib/python3.11/site-packages/airflow/example_dags/example_dataset_alias.py took 0.103 seconds
[2024-11-13T19:54:47.007+1100] {processor.py:186} INFO - Started process (PID=67023) to work on /Users/yoonmoon/git/learn-airflow/airflow1/py_env/lib/python3.11/site-packages/airflow/example_dags/example_dataset_alias.py
[2024-11-13T19:54:47.009+1100] {processor.py:914} INFO - Processing file /Users/yoonmoon/git/learn-airflow/airflow1/py_env/lib/python3.11/site-packages/airflow/example_dags/example_dataset_alias.py for tasks to queue
[2024-11-13T19:54:47.009+1100] {logging_mixin.py:190} INFO - [2024-11-13T19:54:47.009+1100] {dagbag.py:588} INFO - Filling up the DagBag from /Users/yoonmoon/git/learn-airflow/airflow1/py_env/lib/python3.11/site-packages/airflow/example_dags/example_dataset_alias.py
[2024-11-13T19:54:47.087+1100] {processor.py:925} INFO - DAG(s) 'dataset_s3_bucket_producer', 'dataset_alias_example_alias_consumer', 'dataset_s3_bucket_consumer', 'dataset_alias_example_alias_producer' retrieved from /Users/yoonmoon/git/learn-airflow/airflow1/py_env/lib/python3.11/site-packages/airflow/example_dags/example_dataset_alias.py
[2024-11-13T19:54:47.095+1100] {logging_mixin.py:190} INFO - [2024-11-13T19:54:47.095+1100] {dag.py:3239} INFO - Sync 4 DAGs
[2024-11-13T19:54:47.101+1100] {logging_mixin.py:190} INFO - [2024-11-13T19:54:47.101+1100] {dag.py:4180} INFO - Setting next_dagrun for dataset_alias_example_alias_consumer to None, run_after=None
[2024-11-13T19:54:47.102+1100] {logging_mixin.py:190} INFO - [2024-11-13T19:54:47.101+1100] {dag.py:4180} INFO - Setting next_dagrun for dataset_alias_example_alias_producer to None, run_after=None
[2024-11-13T19:54:47.102+1100] {logging_mixin.py:190} INFO - [2024-11-13T19:54:47.102+1100] {dag.py:4180} INFO - Setting next_dagrun for dataset_s3_bucket_consumer to None, run_after=None
[2024-11-13T19:54:47.102+1100] {logging_mixin.py:190} INFO - [2024-11-13T19:54:47.102+1100] {dag.py:4180} INFO - Setting next_dagrun for dataset_s3_bucket_producer to None, run_after=None
[2024-11-13T19:54:47.110+1100] {processor.py:208} INFO - Processing /Users/yoonmoon/git/learn-airflow/airflow1/py_env/lib/python3.11/site-packages/airflow/example_dags/example_dataset_alias.py took 0.105 seconds
[2024-11-13T19:57:06.695+1100] {processor.py:186} INFO - Started process (PID=67286) to work on /Users/yoonmoon/git/learn-airflow/airflow1/py_env/lib/python3.11/site-packages/airflow/example_dags/example_dataset_alias.py
[2024-11-13T19:57:06.696+1100] {processor.py:914} INFO - Processing file /Users/yoonmoon/git/learn-airflow/airflow1/py_env/lib/python3.11/site-packages/airflow/example_dags/example_dataset_alias.py for tasks to queue
[2024-11-13T19:57:06.696+1100] {logging_mixin.py:190} INFO - [2024-11-13T19:57:06.696+1100] {dagbag.py:588} INFO - Filling up the DagBag from /Users/yoonmoon/git/learn-airflow/airflow1/py_env/lib/python3.11/site-packages/airflow/example_dags/example_dataset_alias.py
[2024-11-13T19:57:06.776+1100] {processor.py:925} INFO - DAG(s) 'dataset_s3_bucket_producer', 'dataset_alias_example_alias_producer', 'dataset_alias_example_alias_consumer', 'dataset_s3_bucket_consumer' retrieved from /Users/yoonmoon/git/learn-airflow/airflow1/py_env/lib/python3.11/site-packages/airflow/example_dags/example_dataset_alias.py
[2024-11-13T19:57:06.785+1100] {logging_mixin.py:190} INFO - [2024-11-13T19:57:06.785+1100] {dag.py:3239} INFO - Sync 4 DAGs
[2024-11-13T19:57:06.790+1100] {logging_mixin.py:190} INFO - [2024-11-13T19:57:06.790+1100] {dag.py:4180} INFO - Setting next_dagrun for dataset_alias_example_alias_consumer to None, run_after=None
[2024-11-13T19:57:06.791+1100] {logging_mixin.py:190} INFO - [2024-11-13T19:57:06.791+1100] {dag.py:4180} INFO - Setting next_dagrun for dataset_alias_example_alias_producer to None, run_after=None
[2024-11-13T19:57:06.791+1100] {logging_mixin.py:190} INFO - [2024-11-13T19:57:06.791+1100] {dag.py:4180} INFO - Setting next_dagrun for dataset_s3_bucket_consumer to None, run_after=None
[2024-11-13T19:57:06.792+1100] {logging_mixin.py:190} INFO - [2024-11-13T19:57:06.792+1100] {dag.py:4180} INFO - Setting next_dagrun for dataset_s3_bucket_producer to None, run_after=None
[2024-11-13T19:57:06.799+1100] {processor.py:208} INFO - Processing /Users/yoonmoon/git/learn-airflow/airflow1/py_env/lib/python3.11/site-packages/airflow/example_dags/example_dataset_alias.py took 0.106 seconds
[2024-11-13T19:59:18.739+1100] {processor.py:186} INFO - Started process (PID=67531) to work on /Users/yoonmoon/git/learn-airflow/airflow1/py_env/lib/python3.11/site-packages/airflow/example_dags/example_dataset_alias.py
[2024-11-13T19:59:18.741+1100] {processor.py:914} INFO - Processing file /Users/yoonmoon/git/learn-airflow/airflow1/py_env/lib/python3.11/site-packages/airflow/example_dags/example_dataset_alias.py for tasks to queue
[2024-11-13T19:59:18.741+1100] {logging_mixin.py:190} INFO - [2024-11-13T19:59:18.741+1100] {dagbag.py:588} INFO - Filling up the DagBag from /Users/yoonmoon/git/learn-airflow/airflow1/py_env/lib/python3.11/site-packages/airflow/example_dags/example_dataset_alias.py
[2024-11-13T19:59:18.821+1100] {processor.py:925} INFO - DAG(s) 'dataset_s3_bucket_producer', 'dataset_s3_bucket_consumer', 'dataset_alias_example_alias_consumer', 'dataset_alias_example_alias_producer' retrieved from /Users/yoonmoon/git/learn-airflow/airflow1/py_env/lib/python3.11/site-packages/airflow/example_dags/example_dataset_alias.py
[2024-11-13T19:59:18.830+1100] {logging_mixin.py:190} INFO - [2024-11-13T19:59:18.829+1100] {dag.py:3239} INFO - Sync 4 DAGs
[2024-11-13T19:59:18.835+1100] {logging_mixin.py:190} INFO - [2024-11-13T19:59:18.835+1100] {dag.py:4180} INFO - Setting next_dagrun for dataset_alias_example_alias_consumer to None, run_after=None
[2024-11-13T19:59:18.836+1100] {logging_mixin.py:190} INFO - [2024-11-13T19:59:18.836+1100] {dag.py:4180} INFO - Setting next_dagrun for dataset_alias_example_alias_producer to None, run_after=None
[2024-11-13T19:59:18.836+1100] {logging_mixin.py:190} INFO - [2024-11-13T19:59:18.836+1100] {dag.py:4180} INFO - Setting next_dagrun for dataset_s3_bucket_consumer to None, run_after=None
[2024-11-13T19:59:18.836+1100] {logging_mixin.py:190} INFO - [2024-11-13T19:59:18.836+1100] {dag.py:4180} INFO - Setting next_dagrun for dataset_s3_bucket_producer to None, run_after=None
[2024-11-13T19:59:18.844+1100] {processor.py:208} INFO - Processing /Users/yoonmoon/git/learn-airflow/airflow1/py_env/lib/python3.11/site-packages/airflow/example_dags/example_dataset_alias.py took 0.107 seconds
[2024-11-13T20:01:35.376+1100] {processor.py:186} INFO - Started process (PID=67780) to work on /Users/yoonmoon/git/learn-airflow/airflow1/py_env/lib/python3.11/site-packages/airflow/example_dags/example_dataset_alias.py
[2024-11-13T20:01:35.377+1100] {processor.py:914} INFO - Processing file /Users/yoonmoon/git/learn-airflow/airflow1/py_env/lib/python3.11/site-packages/airflow/example_dags/example_dataset_alias.py for tasks to queue
[2024-11-13T20:01:35.378+1100] {logging_mixin.py:190} INFO - [2024-11-13T20:01:35.378+1100] {dagbag.py:588} INFO - Filling up the DagBag from /Users/yoonmoon/git/learn-airflow/airflow1/py_env/lib/python3.11/site-packages/airflow/example_dags/example_dataset_alias.py
[2024-11-13T20:01:35.458+1100] {processor.py:925} INFO - DAG(s) 'dataset_alias_example_alias_consumer', 'dataset_alias_example_alias_producer', 'dataset_s3_bucket_producer', 'dataset_s3_bucket_consumer' retrieved from /Users/yoonmoon/git/learn-airflow/airflow1/py_env/lib/python3.11/site-packages/airflow/example_dags/example_dataset_alias.py
[2024-11-13T20:01:35.468+1100] {logging_mixin.py:190} INFO - [2024-11-13T20:01:35.468+1100] {dag.py:3239} INFO - Sync 4 DAGs
[2024-11-13T20:01:35.474+1100] {logging_mixin.py:190} INFO - [2024-11-13T20:01:35.474+1100] {dag.py:4180} INFO - Setting next_dagrun for dataset_alias_example_alias_consumer to None, run_after=None
[2024-11-13T20:01:35.475+1100] {logging_mixin.py:190} INFO - [2024-11-13T20:01:35.475+1100] {dag.py:4180} INFO - Setting next_dagrun for dataset_alias_example_alias_producer to None, run_after=None
[2024-11-13T20:01:35.475+1100] {logging_mixin.py:190} INFO - [2024-11-13T20:01:35.475+1100] {dag.py:4180} INFO - Setting next_dagrun for dataset_s3_bucket_consumer to None, run_after=None
[2024-11-13T20:01:35.475+1100] {logging_mixin.py:190} INFO - [2024-11-13T20:01:35.475+1100] {dag.py:4180} INFO - Setting next_dagrun for dataset_s3_bucket_producer to None, run_after=None
[2024-11-13T20:01:35.482+1100] {processor.py:208} INFO - Processing /Users/yoonmoon/git/learn-airflow/airflow1/py_env/lib/python3.11/site-packages/airflow/example_dags/example_dataset_alias.py took 0.109 seconds
[2024-11-13T20:03:51.470+1100] {processor.py:186} INFO - Started process (PID=68023) to work on /Users/yoonmoon/git/learn-airflow/airflow1/py_env/lib/python3.11/site-packages/airflow/example_dags/example_dataset_alias.py
[2024-11-13T20:03:51.471+1100] {processor.py:914} INFO - Processing file /Users/yoonmoon/git/learn-airflow/airflow1/py_env/lib/python3.11/site-packages/airflow/example_dags/example_dataset_alias.py for tasks to queue
[2024-11-13T20:03:51.472+1100] {logging_mixin.py:190} INFO - [2024-11-13T20:03:51.472+1100] {dagbag.py:588} INFO - Filling up the DagBag from /Users/yoonmoon/git/learn-airflow/airflow1/py_env/lib/python3.11/site-packages/airflow/example_dags/example_dataset_alias.py
[2024-11-13T20:03:51.549+1100] {processor.py:925} INFO - DAG(s) 'dataset_alias_example_alias_consumer', 'dataset_s3_bucket_consumer', 'dataset_alias_example_alias_producer', 'dataset_s3_bucket_producer' retrieved from /Users/yoonmoon/git/learn-airflow/airflow1/py_env/lib/python3.11/site-packages/airflow/example_dags/example_dataset_alias.py
[2024-11-13T20:03:51.557+1100] {logging_mixin.py:190} INFO - [2024-11-13T20:03:51.557+1100] {dag.py:3239} INFO - Sync 4 DAGs
[2024-11-13T20:03:51.563+1100] {logging_mixin.py:190} INFO - [2024-11-13T20:03:51.563+1100] {dag.py:4180} INFO - Setting next_dagrun for dataset_alias_example_alias_consumer to None, run_after=None
[2024-11-13T20:03:51.564+1100] {logging_mixin.py:190} INFO - [2024-11-13T20:03:51.564+1100] {dag.py:4180} INFO - Setting next_dagrun for dataset_alias_example_alias_producer to None, run_after=None
[2024-11-13T20:03:51.564+1100] {logging_mixin.py:190} INFO - [2024-11-13T20:03:51.564+1100] {dag.py:4180} INFO - Setting next_dagrun for dataset_s3_bucket_consumer to None, run_after=None
[2024-11-13T20:03:51.564+1100] {logging_mixin.py:190} INFO - [2024-11-13T20:03:51.564+1100] {dag.py:4180} INFO - Setting next_dagrun for dataset_s3_bucket_producer to None, run_after=None
[2024-11-13T20:03:51.571+1100] {processor.py:208} INFO - Processing /Users/yoonmoon/git/learn-airflow/airflow1/py_env/lib/python3.11/site-packages/airflow/example_dags/example_dataset_alias.py took 0.103 seconds
[2024-11-13T20:06:10.352+1100] {processor.py:186} INFO - Started process (PID=68301) to work on /Users/yoonmoon/git/learn-airflow/airflow1/py_env/lib/python3.11/site-packages/airflow/example_dags/example_dataset_alias.py
[2024-11-13T20:06:10.353+1100] {processor.py:914} INFO - Processing file /Users/yoonmoon/git/learn-airflow/airflow1/py_env/lib/python3.11/site-packages/airflow/example_dags/example_dataset_alias.py for tasks to queue
[2024-11-13T20:06:10.353+1100] {logging_mixin.py:190} INFO - [2024-11-13T20:06:10.353+1100] {dagbag.py:588} INFO - Filling up the DagBag from /Users/yoonmoon/git/learn-airflow/airflow1/py_env/lib/python3.11/site-packages/airflow/example_dags/example_dataset_alias.py
[2024-11-13T20:06:10.434+1100] {processor.py:925} INFO - DAG(s) 'dataset_alias_example_alias_consumer', 'dataset_s3_bucket_producer', 'dataset_alias_example_alias_producer', 'dataset_s3_bucket_consumer' retrieved from /Users/yoonmoon/git/learn-airflow/airflow1/py_env/lib/python3.11/site-packages/airflow/example_dags/example_dataset_alias.py
[2024-11-13T20:06:10.442+1100] {logging_mixin.py:190} INFO - [2024-11-13T20:06:10.442+1100] {dag.py:3239} INFO - Sync 4 DAGs
[2024-11-13T20:06:10.448+1100] {logging_mixin.py:190} INFO - [2024-11-13T20:06:10.448+1100] {dag.py:4180} INFO - Setting next_dagrun for dataset_alias_example_alias_consumer to None, run_after=None
[2024-11-13T20:06:10.449+1100] {logging_mixin.py:190} INFO - [2024-11-13T20:06:10.449+1100] {dag.py:4180} INFO - Setting next_dagrun for dataset_alias_example_alias_producer to None, run_after=None
[2024-11-13T20:06:10.449+1100] {logging_mixin.py:190} INFO - [2024-11-13T20:06:10.449+1100] {dag.py:4180} INFO - Setting next_dagrun for dataset_s3_bucket_consumer to None, run_after=None
[2024-11-13T20:06:10.449+1100] {logging_mixin.py:190} INFO - [2024-11-13T20:06:10.449+1100] {dag.py:4180} INFO - Setting next_dagrun for dataset_s3_bucket_producer to None, run_after=None
[2024-11-13T20:06:10.457+1100] {processor.py:208} INFO - Processing /Users/yoonmoon/git/learn-airflow/airflow1/py_env/lib/python3.11/site-packages/airflow/example_dags/example_dataset_alias.py took 0.107 seconds
[2024-11-13T20:08:30.340+1100] {processor.py:186} INFO - Started process (PID=68575) to work on /Users/yoonmoon/git/learn-airflow/airflow1/py_env/lib/python3.11/site-packages/airflow/example_dags/example_dataset_alias.py
[2024-11-13T20:08:30.340+1100] {processor.py:914} INFO - Processing file /Users/yoonmoon/git/learn-airflow/airflow1/py_env/lib/python3.11/site-packages/airflow/example_dags/example_dataset_alias.py for tasks to queue
[2024-11-13T20:08:30.341+1100] {logging_mixin.py:190} INFO - [2024-11-13T20:08:30.341+1100] {dagbag.py:588} INFO - Filling up the DagBag from /Users/yoonmoon/git/learn-airflow/airflow1/py_env/lib/python3.11/site-packages/airflow/example_dags/example_dataset_alias.py
[2024-11-13T20:08:30.421+1100] {processor.py:925} INFO - DAG(s) 'dataset_alias_example_alias_producer', 'dataset_alias_example_alias_consumer', 'dataset_s3_bucket_producer', 'dataset_s3_bucket_consumer' retrieved from /Users/yoonmoon/git/learn-airflow/airflow1/py_env/lib/python3.11/site-packages/airflow/example_dags/example_dataset_alias.py
[2024-11-13T20:08:30.430+1100] {logging_mixin.py:190} INFO - [2024-11-13T20:08:30.429+1100] {dag.py:3239} INFO - Sync 4 DAGs
[2024-11-13T20:08:30.436+1100] {logging_mixin.py:190} INFO - [2024-11-13T20:08:30.436+1100] {dag.py:4180} INFO - Setting next_dagrun for dataset_alias_example_alias_consumer to None, run_after=None
[2024-11-13T20:08:30.437+1100] {logging_mixin.py:190} INFO - [2024-11-13T20:08:30.436+1100] {dag.py:4180} INFO - Setting next_dagrun for dataset_alias_example_alias_producer to None, run_after=None
[2024-11-13T20:08:30.437+1100] {logging_mixin.py:190} INFO - [2024-11-13T20:08:30.437+1100] {dag.py:4180} INFO - Setting next_dagrun for dataset_s3_bucket_consumer to None, run_after=None
[2024-11-13T20:08:30.437+1100] {logging_mixin.py:190} INFO - [2024-11-13T20:08:30.437+1100] {dag.py:4180} INFO - Setting next_dagrun for dataset_s3_bucket_producer to None, run_after=None
[2024-11-13T20:08:30.445+1100] {processor.py:208} INFO - Processing /Users/yoonmoon/git/learn-airflow/airflow1/py_env/lib/python3.11/site-packages/airflow/example_dags/example_dataset_alias.py took 0.108 seconds
[2024-11-13T20:10:50.654+1100] {processor.py:186} INFO - Started process (PID=68858) to work on /Users/yoonmoon/git/learn-airflow/airflow1/py_env/lib/python3.11/site-packages/airflow/example_dags/example_dataset_alias.py
[2024-11-13T20:10:50.657+1100] {processor.py:914} INFO - Processing file /Users/yoonmoon/git/learn-airflow/airflow1/py_env/lib/python3.11/site-packages/airflow/example_dags/example_dataset_alias.py for tasks to queue
[2024-11-13T20:10:50.658+1100] {logging_mixin.py:190} INFO - [2024-11-13T20:10:50.657+1100] {dagbag.py:588} INFO - Filling up the DagBag from /Users/yoonmoon/git/learn-airflow/airflow1/py_env/lib/python3.11/site-packages/airflow/example_dags/example_dataset_alias.py
[2024-11-13T20:10:50.737+1100] {processor.py:925} INFO - DAG(s) 'dataset_alias_example_alias_producer', 'dataset_alias_example_alias_consumer', 'dataset_s3_bucket_producer', 'dataset_s3_bucket_consumer' retrieved from /Users/yoonmoon/git/learn-airflow/airflow1/py_env/lib/python3.11/site-packages/airflow/example_dags/example_dataset_alias.py
[2024-11-13T20:10:50.746+1100] {logging_mixin.py:190} INFO - [2024-11-13T20:10:50.746+1100] {dag.py:3239} INFO - Sync 4 DAGs
[2024-11-13T20:10:50.752+1100] {logging_mixin.py:190} INFO - [2024-11-13T20:10:50.752+1100] {dag.py:4180} INFO - Setting next_dagrun for dataset_alias_example_alias_consumer to None, run_after=None
[2024-11-13T20:10:50.753+1100] {logging_mixin.py:190} INFO - [2024-11-13T20:10:50.753+1100] {dag.py:4180} INFO - Setting next_dagrun for dataset_alias_example_alias_producer to None, run_after=None
[2024-11-13T20:10:50.753+1100] {logging_mixin.py:190} INFO - [2024-11-13T20:10:50.753+1100] {dag.py:4180} INFO - Setting next_dagrun for dataset_s3_bucket_consumer to None, run_after=None
[2024-11-13T20:10:50.753+1100] {logging_mixin.py:190} INFO - [2024-11-13T20:10:50.753+1100] {dag.py:4180} INFO - Setting next_dagrun for dataset_s3_bucket_producer to None, run_after=None
[2024-11-13T20:10:50.760+1100] {processor.py:208} INFO - Processing /Users/yoonmoon/git/learn-airflow/airflow1/py_env/lib/python3.11/site-packages/airflow/example_dags/example_dataset_alias.py took 0.109 seconds
[2024-11-13T20:13:05.934+1100] {processor.py:186} INFO - Started process (PID=69112) to work on /Users/yoonmoon/git/learn-airflow/airflow1/py_env/lib/python3.11/site-packages/airflow/example_dags/example_dataset_alias.py
[2024-11-13T20:13:05.936+1100] {processor.py:914} INFO - Processing file /Users/yoonmoon/git/learn-airflow/airflow1/py_env/lib/python3.11/site-packages/airflow/example_dags/example_dataset_alias.py for tasks to queue
[2024-11-13T20:13:05.936+1100] {logging_mixin.py:190} INFO - [2024-11-13T20:13:05.936+1100] {dagbag.py:588} INFO - Filling up the DagBag from /Users/yoonmoon/git/learn-airflow/airflow1/py_env/lib/python3.11/site-packages/airflow/example_dags/example_dataset_alias.py
[2024-11-13T20:13:06.030+1100] {processor.py:925} INFO - DAG(s) 'dataset_alias_example_alias_consumer', 'dataset_alias_example_alias_producer', 'dataset_s3_bucket_producer', 'dataset_s3_bucket_consumer' retrieved from /Users/yoonmoon/git/learn-airflow/airflow1/py_env/lib/python3.11/site-packages/airflow/example_dags/example_dataset_alias.py
[2024-11-13T20:13:06.038+1100] {logging_mixin.py:190} INFO - [2024-11-13T20:13:06.038+1100] {dag.py:3239} INFO - Sync 4 DAGs
[2024-11-13T20:13:06.044+1100] {logging_mixin.py:190} INFO - [2024-11-13T20:13:06.044+1100] {dag.py:4180} INFO - Setting next_dagrun for dataset_alias_example_alias_consumer to None, run_after=None
[2024-11-13T20:13:06.045+1100] {logging_mixin.py:190} INFO - [2024-11-13T20:13:06.045+1100] {dag.py:4180} INFO - Setting next_dagrun for dataset_alias_example_alias_producer to None, run_after=None
[2024-11-13T20:13:06.045+1100] {logging_mixin.py:190} INFO - [2024-11-13T20:13:06.045+1100] {dag.py:4180} INFO - Setting next_dagrun for dataset_s3_bucket_consumer to None, run_after=None
[2024-11-13T20:13:06.045+1100] {logging_mixin.py:190} INFO - [2024-11-13T20:13:06.045+1100] {dag.py:4180} INFO - Setting next_dagrun for dataset_s3_bucket_producer to None, run_after=None
[2024-11-13T20:13:06.053+1100] {processor.py:208} INFO - Processing /Users/yoonmoon/git/learn-airflow/airflow1/py_env/lib/python3.11/site-packages/airflow/example_dags/example_dataset_alias.py took 0.121 seconds
[2024-11-13T20:15:24.773+1100] {processor.py:186} INFO - Started process (PID=69359) to work on /Users/yoonmoon/git/learn-airflow/airflow1/py_env/lib/python3.11/site-packages/airflow/example_dags/example_dataset_alias.py
[2024-11-13T20:15:24.774+1100] {processor.py:914} INFO - Processing file /Users/yoonmoon/git/learn-airflow/airflow1/py_env/lib/python3.11/site-packages/airflow/example_dags/example_dataset_alias.py for tasks to queue
[2024-11-13T20:15:24.775+1100] {logging_mixin.py:190} INFO - [2024-11-13T20:15:24.775+1100] {dagbag.py:588} INFO - Filling up the DagBag from /Users/yoonmoon/git/learn-airflow/airflow1/py_env/lib/python3.11/site-packages/airflow/example_dags/example_dataset_alias.py
[2024-11-13T20:15:24.858+1100] {processor.py:925} INFO - DAG(s) 'dataset_alias_example_alias_producer', 'dataset_s3_bucket_producer', 'dataset_alias_example_alias_consumer', 'dataset_s3_bucket_consumer' retrieved from /Users/yoonmoon/git/learn-airflow/airflow1/py_env/lib/python3.11/site-packages/airflow/example_dags/example_dataset_alias.py
[2024-11-13T20:15:24.867+1100] {logging_mixin.py:190} INFO - [2024-11-13T20:15:24.866+1100] {dag.py:3239} INFO - Sync 4 DAGs
[2024-11-13T20:15:24.872+1100] {logging_mixin.py:190} INFO - [2024-11-13T20:15:24.872+1100] {dag.py:4180} INFO - Setting next_dagrun for dataset_alias_example_alias_consumer to None, run_after=None
[2024-11-13T20:15:24.873+1100] {logging_mixin.py:190} INFO - [2024-11-13T20:15:24.873+1100] {dag.py:4180} INFO - Setting next_dagrun for dataset_alias_example_alias_producer to None, run_after=None
[2024-11-13T20:15:24.873+1100] {logging_mixin.py:190} INFO - [2024-11-13T20:15:24.873+1100] {dag.py:4180} INFO - Setting next_dagrun for dataset_s3_bucket_consumer to None, run_after=None
[2024-11-13T20:15:24.874+1100] {logging_mixin.py:190} INFO - [2024-11-13T20:15:24.874+1100] {dag.py:4180} INFO - Setting next_dagrun for dataset_s3_bucket_producer to None, run_after=None
[2024-11-13T20:15:24.881+1100] {processor.py:208} INFO - Processing /Users/yoonmoon/git/learn-airflow/airflow1/py_env/lib/python3.11/site-packages/airflow/example_dags/example_dataset_alias.py took 0.110 seconds
[2024-11-13T20:17:41.654+1100] {processor.py:186} INFO - Started process (PID=69612) to work on /Users/yoonmoon/git/learn-airflow/airflow1/py_env/lib/python3.11/site-packages/airflow/example_dags/example_dataset_alias.py
[2024-11-13T20:17:41.655+1100] {processor.py:914} INFO - Processing file /Users/yoonmoon/git/learn-airflow/airflow1/py_env/lib/python3.11/site-packages/airflow/example_dags/example_dataset_alias.py for tasks to queue
[2024-11-13T20:17:41.655+1100] {logging_mixin.py:190} INFO - [2024-11-13T20:17:41.655+1100] {dagbag.py:588} INFO - Filling up the DagBag from /Users/yoonmoon/git/learn-airflow/airflow1/py_env/lib/python3.11/site-packages/airflow/example_dags/example_dataset_alias.py
[2024-11-13T20:17:41.737+1100] {processor.py:925} INFO - DAG(s) 'dataset_alias_example_alias_consumer', 'dataset_alias_example_alias_producer', 'dataset_s3_bucket_consumer', 'dataset_s3_bucket_producer' retrieved from /Users/yoonmoon/git/learn-airflow/airflow1/py_env/lib/python3.11/site-packages/airflow/example_dags/example_dataset_alias.py
[2024-11-13T20:17:41.745+1100] {logging_mixin.py:190} INFO - [2024-11-13T20:17:41.745+1100] {dag.py:3239} INFO - Sync 4 DAGs
[2024-11-13T20:17:41.751+1100] {logging_mixin.py:190} INFO - [2024-11-13T20:17:41.751+1100] {dag.py:4180} INFO - Setting next_dagrun for dataset_alias_example_alias_consumer to None, run_after=None
[2024-11-13T20:17:41.752+1100] {logging_mixin.py:190} INFO - [2024-11-13T20:17:41.752+1100] {dag.py:4180} INFO - Setting next_dagrun for dataset_alias_example_alias_producer to None, run_after=None
[2024-11-13T20:17:41.752+1100] {logging_mixin.py:190} INFO - [2024-11-13T20:17:41.752+1100] {dag.py:4180} INFO - Setting next_dagrun for dataset_s3_bucket_consumer to None, run_after=None
[2024-11-13T20:17:41.752+1100] {logging_mixin.py:190} INFO - [2024-11-13T20:17:41.752+1100] {dag.py:4180} INFO - Setting next_dagrun for dataset_s3_bucket_producer to None, run_after=None
[2024-11-13T20:17:41.759+1100] {processor.py:208} INFO - Processing /Users/yoonmoon/git/learn-airflow/airflow1/py_env/lib/python3.11/site-packages/airflow/example_dags/example_dataset_alias.py took 0.108 seconds
[2024-11-13T20:20:03.000+1100] {processor.py:186} INFO - Started process (PID=69945) to work on /Users/yoonmoon/git/learn-airflow/airflow1/py_env/lib/python3.11/site-packages/airflow/example_dags/example_dataset_alias.py
[2024-11-13T20:20:03.002+1100] {processor.py:914} INFO - Processing file /Users/yoonmoon/git/learn-airflow/airflow1/py_env/lib/python3.11/site-packages/airflow/example_dags/example_dataset_alias.py for tasks to queue
[2024-11-13T20:20:03.002+1100] {logging_mixin.py:190} INFO - [2024-11-13T20:20:03.002+1100] {dagbag.py:588} INFO - Filling up the DagBag from /Users/yoonmoon/git/learn-airflow/airflow1/py_env/lib/python3.11/site-packages/airflow/example_dags/example_dataset_alias.py
[2024-11-13T20:20:03.083+1100] {processor.py:925} INFO - DAG(s) 'dataset_alias_example_alias_consumer', 'dataset_s3_bucket_consumer', 'dataset_s3_bucket_producer', 'dataset_alias_example_alias_producer' retrieved from /Users/yoonmoon/git/learn-airflow/airflow1/py_env/lib/python3.11/site-packages/airflow/example_dags/example_dataset_alias.py
[2024-11-13T20:20:03.092+1100] {logging_mixin.py:190} INFO - [2024-11-13T20:20:03.092+1100] {dag.py:3239} INFO - Sync 4 DAGs
[2024-11-13T20:20:03.098+1100] {logging_mixin.py:190} INFO - [2024-11-13T20:20:03.098+1100] {dag.py:4180} INFO - Setting next_dagrun for dataset_alias_example_alias_consumer to None, run_after=None
[2024-11-13T20:20:03.099+1100] {logging_mixin.py:190} INFO - [2024-11-13T20:20:03.098+1100] {dag.py:4180} INFO - Setting next_dagrun for dataset_alias_example_alias_producer to None, run_after=None
[2024-11-13T20:20:03.099+1100] {logging_mixin.py:190} INFO - [2024-11-13T20:20:03.099+1100] {dag.py:4180} INFO - Setting next_dagrun for dataset_s3_bucket_consumer to None, run_after=None
[2024-11-13T20:20:03.099+1100] {logging_mixin.py:190} INFO - [2024-11-13T20:20:03.099+1100] {dag.py:4180} INFO - Setting next_dagrun for dataset_s3_bucket_producer to None, run_after=None
[2024-11-13T20:20:03.106+1100] {processor.py:208} INFO - Processing /Users/yoonmoon/git/learn-airflow/airflow1/py_env/lib/python3.11/site-packages/airflow/example_dags/example_dataset_alias.py took 0.108 seconds
[2024-11-13T20:22:19.898+1100] {processor.py:186} INFO - Started process (PID=70255) to work on /Users/yoonmoon/git/learn-airflow/airflow1/py_env/lib/python3.11/site-packages/airflow/example_dags/example_dataset_alias.py
[2024-11-13T20:22:19.899+1100] {processor.py:914} INFO - Processing file /Users/yoonmoon/git/learn-airflow/airflow1/py_env/lib/python3.11/site-packages/airflow/example_dags/example_dataset_alias.py for tasks to queue
[2024-11-13T20:22:19.899+1100] {logging_mixin.py:190} INFO - [2024-11-13T20:22:19.899+1100] {dagbag.py:588} INFO - Filling up the DagBag from /Users/yoonmoon/git/learn-airflow/airflow1/py_env/lib/python3.11/site-packages/airflow/example_dags/example_dataset_alias.py
[2024-11-13T20:22:19.981+1100] {processor.py:925} INFO - DAG(s) 'dataset_s3_bucket_producer', 'dataset_alias_example_alias_consumer', 'dataset_s3_bucket_consumer', 'dataset_alias_example_alias_producer' retrieved from /Users/yoonmoon/git/learn-airflow/airflow1/py_env/lib/python3.11/site-packages/airflow/example_dags/example_dataset_alias.py
[2024-11-13T20:22:19.990+1100] {logging_mixin.py:190} INFO - [2024-11-13T20:22:19.989+1100] {dag.py:3239} INFO - Sync 4 DAGs
[2024-11-13T20:22:19.995+1100] {logging_mixin.py:190} INFO - [2024-11-13T20:22:19.995+1100] {dag.py:4180} INFO - Setting next_dagrun for dataset_alias_example_alias_consumer to None, run_after=None
[2024-11-13T20:22:19.996+1100] {logging_mixin.py:190} INFO - [2024-11-13T20:22:19.996+1100] {dag.py:4180} INFO - Setting next_dagrun for dataset_alias_example_alias_producer to None, run_after=None
[2024-11-13T20:22:19.996+1100] {logging_mixin.py:190} INFO - [2024-11-13T20:22:19.996+1100] {dag.py:4180} INFO - Setting next_dagrun for dataset_s3_bucket_consumer to None, run_after=None
[2024-11-13T20:22:19.996+1100] {logging_mixin.py:190} INFO - [2024-11-13T20:22:19.996+1100] {dag.py:4180} INFO - Setting next_dagrun for dataset_s3_bucket_producer to None, run_after=None
[2024-11-13T20:22:20.003+1100] {processor.py:208} INFO - Processing /Users/yoonmoon/git/learn-airflow/airflow1/py_env/lib/python3.11/site-packages/airflow/example_dags/example_dataset_alias.py took 0.108 seconds
[2024-11-13T20:24:32.061+1100] {processor.py:186} INFO - Started process (PID=70511) to work on /Users/yoonmoon/git/learn-airflow/airflow1/py_env/lib/python3.11/site-packages/airflow/example_dags/example_dataset_alias.py
[2024-11-13T20:24:32.063+1100] {processor.py:914} INFO - Processing file /Users/yoonmoon/git/learn-airflow/airflow1/py_env/lib/python3.11/site-packages/airflow/example_dags/example_dataset_alias.py for tasks to queue
[2024-11-13T20:24:32.063+1100] {logging_mixin.py:190} INFO - [2024-11-13T20:24:32.063+1100] {dagbag.py:588} INFO - Filling up the DagBag from /Users/yoonmoon/git/learn-airflow/airflow1/py_env/lib/python3.11/site-packages/airflow/example_dags/example_dataset_alias.py
[2024-11-13T20:24:32.139+1100] {processor.py:925} INFO - DAG(s) 'dataset_alias_example_alias_consumer', 'dataset_s3_bucket_producer', 'dataset_s3_bucket_consumer', 'dataset_alias_example_alias_producer' retrieved from /Users/yoonmoon/git/learn-airflow/airflow1/py_env/lib/python3.11/site-packages/airflow/example_dags/example_dataset_alias.py
[2024-11-13T20:24:32.147+1100] {logging_mixin.py:190} INFO - [2024-11-13T20:24:32.147+1100] {dag.py:3239} INFO - Sync 4 DAGs
[2024-11-13T20:24:32.153+1100] {logging_mixin.py:190} INFO - [2024-11-13T20:24:32.153+1100] {dag.py:4180} INFO - Setting next_dagrun for dataset_alias_example_alias_consumer to None, run_after=None
[2024-11-13T20:24:32.154+1100] {logging_mixin.py:190} INFO - [2024-11-13T20:24:32.154+1100] {dag.py:4180} INFO - Setting next_dagrun for dataset_alias_example_alias_producer to None, run_after=None
[2024-11-13T20:24:32.154+1100] {logging_mixin.py:190} INFO - [2024-11-13T20:24:32.154+1100] {dag.py:4180} INFO - Setting next_dagrun for dataset_s3_bucket_consumer to None, run_after=None
[2024-11-13T20:24:32.154+1100] {logging_mixin.py:190} INFO - [2024-11-13T20:24:32.154+1100] {dag.py:4180} INFO - Setting next_dagrun for dataset_s3_bucket_producer to None, run_after=None
[2024-11-13T20:24:32.162+1100] {processor.py:208} INFO - Processing /Users/yoonmoon/git/learn-airflow/airflow1/py_env/lib/python3.11/site-packages/airflow/example_dags/example_dataset_alias.py took 0.103 seconds
[2024-11-13T20:26:48.591+1100] {processor.py:186} INFO - Started process (PID=70788) to work on /Users/yoonmoon/git/learn-airflow/airflow1/py_env/lib/python3.11/site-packages/airflow/example_dags/example_dataset_alias.py
[2024-11-13T20:26:48.593+1100] {processor.py:914} INFO - Processing file /Users/yoonmoon/git/learn-airflow/airflow1/py_env/lib/python3.11/site-packages/airflow/example_dags/example_dataset_alias.py for tasks to queue
[2024-11-13T20:26:48.594+1100] {logging_mixin.py:190} INFO - [2024-11-13T20:26:48.594+1100] {dagbag.py:588} INFO - Filling up the DagBag from /Users/yoonmoon/git/learn-airflow/airflow1/py_env/lib/python3.11/site-packages/airflow/example_dags/example_dataset_alias.py
[2024-11-13T20:26:48.674+1100] {processor.py:925} INFO - DAG(s) 'dataset_alias_example_alias_producer', 'dataset_alias_example_alias_consumer', 'dataset_s3_bucket_consumer', 'dataset_s3_bucket_producer' retrieved from /Users/yoonmoon/git/learn-airflow/airflow1/py_env/lib/python3.11/site-packages/airflow/example_dags/example_dataset_alias.py
[2024-11-13T20:26:48.683+1100] {logging_mixin.py:190} INFO - [2024-11-13T20:26:48.682+1100] {dag.py:3239} INFO - Sync 4 DAGs
[2024-11-13T20:26:48.688+1100] {logging_mixin.py:190} INFO - [2024-11-13T20:26:48.688+1100] {dag.py:4180} INFO - Setting next_dagrun for dataset_alias_example_alias_consumer to None, run_after=None
[2024-11-13T20:26:48.689+1100] {logging_mixin.py:190} INFO - [2024-11-13T20:26:48.689+1100] {dag.py:4180} INFO - Setting next_dagrun for dataset_alias_example_alias_producer to None, run_after=None
[2024-11-13T20:26:48.689+1100] {logging_mixin.py:190} INFO - [2024-11-13T20:26:48.689+1100] {dag.py:4180} INFO - Setting next_dagrun for dataset_s3_bucket_consumer to None, run_after=None
[2024-11-13T20:26:48.689+1100] {logging_mixin.py:190} INFO - [2024-11-13T20:26:48.689+1100] {dag.py:4180} INFO - Setting next_dagrun for dataset_s3_bucket_producer to None, run_after=None
[2024-11-13T20:26:48.697+1100] {processor.py:208} INFO - Processing /Users/yoonmoon/git/learn-airflow/airflow1/py_env/lib/python3.11/site-packages/airflow/example_dags/example_dataset_alias.py took 0.108 seconds
[2024-11-13T20:29:03.919+1100] {processor.py:186} INFO - Started process (PID=71064) to work on /Users/yoonmoon/git/learn-airflow/airflow1/py_env/lib/python3.11/site-packages/airflow/example_dags/example_dataset_alias.py
[2024-11-13T20:29:03.920+1100] {processor.py:914} INFO - Processing file /Users/yoonmoon/git/learn-airflow/airflow1/py_env/lib/python3.11/site-packages/airflow/example_dags/example_dataset_alias.py for tasks to queue
[2024-11-13T20:29:03.921+1100] {logging_mixin.py:190} INFO - [2024-11-13T20:29:03.921+1100] {dagbag.py:588} INFO - Filling up the DagBag from /Users/yoonmoon/git/learn-airflow/airflow1/py_env/lib/python3.11/site-packages/airflow/example_dags/example_dataset_alias.py
[2024-11-13T20:29:04.000+1100] {processor.py:925} INFO - DAG(s) 'dataset_alias_example_alias_producer', 'dataset_s3_bucket_consumer', 'dataset_alias_example_alias_consumer', 'dataset_s3_bucket_producer' retrieved from /Users/yoonmoon/git/learn-airflow/airflow1/py_env/lib/python3.11/site-packages/airflow/example_dags/example_dataset_alias.py
[2024-11-13T20:29:04.008+1100] {logging_mixin.py:190} INFO - [2024-11-13T20:29:04.008+1100] {dag.py:3239} INFO - Sync 4 DAGs
[2024-11-13T20:29:04.014+1100] {logging_mixin.py:190} INFO - [2024-11-13T20:29:04.014+1100] {dag.py:4180} INFO - Setting next_dagrun for dataset_alias_example_alias_consumer to None, run_after=None
[2024-11-13T20:29:04.015+1100] {logging_mixin.py:190} INFO - [2024-11-13T20:29:04.014+1100] {dag.py:4180} INFO - Setting next_dagrun for dataset_alias_example_alias_producer to None, run_after=None
[2024-11-13T20:29:04.015+1100] {logging_mixin.py:190} INFO - [2024-11-13T20:29:04.015+1100] {dag.py:4180} INFO - Setting next_dagrun for dataset_s3_bucket_consumer to None, run_after=None
[2024-11-13T20:29:04.015+1100] {logging_mixin.py:190} INFO - [2024-11-13T20:29:04.015+1100] {dag.py:4180} INFO - Setting next_dagrun for dataset_s3_bucket_producer to None, run_after=None
[2024-11-13T20:29:04.022+1100] {processor.py:208} INFO - Processing /Users/yoonmoon/git/learn-airflow/airflow1/py_env/lib/python3.11/site-packages/airflow/example_dags/example_dataset_alias.py took 0.105 seconds
[2024-11-13T20:31:21.537+1100] {processor.py:186} INFO - Started process (PID=71313) to work on /Users/yoonmoon/git/learn-airflow/airflow1/py_env/lib/python3.11/site-packages/airflow/example_dags/example_dataset_alias.py
[2024-11-13T20:31:21.538+1100] {processor.py:914} INFO - Processing file /Users/yoonmoon/git/learn-airflow/airflow1/py_env/lib/python3.11/site-packages/airflow/example_dags/example_dataset_alias.py for tasks to queue
[2024-11-13T20:31:21.538+1100] {logging_mixin.py:190} INFO - [2024-11-13T20:31:21.538+1100] {dagbag.py:588} INFO - Filling up the DagBag from /Users/yoonmoon/git/learn-airflow/airflow1/py_env/lib/python3.11/site-packages/airflow/example_dags/example_dataset_alias.py
[2024-11-13T20:31:21.617+1100] {processor.py:925} INFO - DAG(s) 'dataset_s3_bucket_consumer', 'dataset_alias_example_alias_consumer', 'dataset_s3_bucket_producer', 'dataset_alias_example_alias_producer' retrieved from /Users/yoonmoon/git/learn-airflow/airflow1/py_env/lib/python3.11/site-packages/airflow/example_dags/example_dataset_alias.py
[2024-11-13T20:31:21.626+1100] {logging_mixin.py:190} INFO - [2024-11-13T20:31:21.626+1100] {dag.py:3239} INFO - Sync 4 DAGs
[2024-11-13T20:31:21.631+1100] {logging_mixin.py:190} INFO - [2024-11-13T20:31:21.631+1100] {dag.py:4180} INFO - Setting next_dagrun for dataset_alias_example_alias_consumer to None, run_after=None
[2024-11-13T20:31:21.632+1100] {logging_mixin.py:190} INFO - [2024-11-13T20:31:21.632+1100] {dag.py:4180} INFO - Setting next_dagrun for dataset_alias_example_alias_producer to None, run_after=None
[2024-11-13T20:31:21.633+1100] {logging_mixin.py:190} INFO - [2024-11-13T20:31:21.632+1100] {dag.py:4180} INFO - Setting next_dagrun for dataset_s3_bucket_consumer to None, run_after=None
[2024-11-13T20:31:21.633+1100] {logging_mixin.py:190} INFO - [2024-11-13T20:31:21.633+1100] {dag.py:4180} INFO - Setting next_dagrun for dataset_s3_bucket_producer to None, run_after=None
[2024-11-13T20:31:21.640+1100] {processor.py:208} INFO - Processing /Users/yoonmoon/git/learn-airflow/airflow1/py_env/lib/python3.11/site-packages/airflow/example_dags/example_dataset_alias.py took 0.105 seconds
[2024-11-13T20:33:44.543+1100] {processor.py:186} INFO - Started process (PID=71571) to work on /Users/yoonmoon/git/learn-airflow/airflow1/py_env/lib/python3.11/site-packages/airflow/example_dags/example_dataset_alias.py
[2024-11-13T20:33:44.543+1100] {processor.py:914} INFO - Processing file /Users/yoonmoon/git/learn-airflow/airflow1/py_env/lib/python3.11/site-packages/airflow/example_dags/example_dataset_alias.py for tasks to queue
[2024-11-13T20:33:44.544+1100] {logging_mixin.py:190} INFO - [2024-11-13T20:33:44.544+1100] {dagbag.py:588} INFO - Filling up the DagBag from /Users/yoonmoon/git/learn-airflow/airflow1/py_env/lib/python3.11/site-packages/airflow/example_dags/example_dataset_alias.py
[2024-11-13T20:33:44.622+1100] {processor.py:925} INFO - DAG(s) 'dataset_s3_bucket_producer', 'dataset_s3_bucket_consumer', 'dataset_alias_example_alias_consumer', 'dataset_alias_example_alias_producer' retrieved from /Users/yoonmoon/git/learn-airflow/airflow1/py_env/lib/python3.11/site-packages/airflow/example_dags/example_dataset_alias.py
[2024-11-13T20:33:44.631+1100] {logging_mixin.py:190} INFO - [2024-11-13T20:33:44.631+1100] {dag.py:3239} INFO - Sync 4 DAGs
[2024-11-13T20:33:44.637+1100] {logging_mixin.py:190} INFO - [2024-11-13T20:33:44.636+1100] {dag.py:4180} INFO - Setting next_dagrun for dataset_alias_example_alias_consumer to None, run_after=None
[2024-11-13T20:33:44.637+1100] {logging_mixin.py:190} INFO - [2024-11-13T20:33:44.637+1100] {dag.py:4180} INFO - Setting next_dagrun for dataset_alias_example_alias_producer to None, run_after=None
[2024-11-13T20:33:44.638+1100] {logging_mixin.py:190} INFO - [2024-11-13T20:33:44.638+1100] {dag.py:4180} INFO - Setting next_dagrun for dataset_s3_bucket_consumer to None, run_after=None
[2024-11-13T20:33:44.638+1100] {logging_mixin.py:190} INFO - [2024-11-13T20:33:44.638+1100] {dag.py:4180} INFO - Setting next_dagrun for dataset_s3_bucket_producer to None, run_after=None
[2024-11-13T20:33:44.646+1100] {processor.py:208} INFO - Processing /Users/yoonmoon/git/learn-airflow/airflow1/py_env/lib/python3.11/site-packages/airflow/example_dags/example_dataset_alias.py took 0.105 seconds
[2024-11-13T20:36:04.646+1100] {processor.py:186} INFO - Started process (PID=71845) to work on /Users/yoonmoon/git/learn-airflow/airflow1/py_env/lib/python3.11/site-packages/airflow/example_dags/example_dataset_alias.py
[2024-11-13T20:36:04.647+1100] {processor.py:914} INFO - Processing file /Users/yoonmoon/git/learn-airflow/airflow1/py_env/lib/python3.11/site-packages/airflow/example_dags/example_dataset_alias.py for tasks to queue
[2024-11-13T20:36:04.647+1100] {logging_mixin.py:190} INFO - [2024-11-13T20:36:04.647+1100] {dagbag.py:588} INFO - Filling up the DagBag from /Users/yoonmoon/git/learn-airflow/airflow1/py_env/lib/python3.11/site-packages/airflow/example_dags/example_dataset_alias.py
[2024-11-13T20:36:04.732+1100] {processor.py:925} INFO - DAG(s) 'dataset_s3_bucket_consumer', 'dataset_alias_example_alias_producer', 'dataset_s3_bucket_producer', 'dataset_alias_example_alias_consumer' retrieved from /Users/yoonmoon/git/learn-airflow/airflow1/py_env/lib/python3.11/site-packages/airflow/example_dags/example_dataset_alias.py
[2024-11-13T20:36:04.741+1100] {logging_mixin.py:190} INFO - [2024-11-13T20:36:04.740+1100] {dag.py:3239} INFO - Sync 4 DAGs
[2024-11-13T20:36:04.746+1100] {logging_mixin.py:190} INFO - [2024-11-13T20:36:04.746+1100] {dag.py:4180} INFO - Setting next_dagrun for dataset_alias_example_alias_consumer to None, run_after=None
[2024-11-13T20:36:04.747+1100] {logging_mixin.py:190} INFO - [2024-11-13T20:36:04.747+1100] {dag.py:4180} INFO - Setting next_dagrun for dataset_alias_example_alias_producer to None, run_after=None
[2024-11-13T20:36:04.747+1100] {logging_mixin.py:190} INFO - [2024-11-13T20:36:04.747+1100] {dag.py:4180} INFO - Setting next_dagrun for dataset_s3_bucket_consumer to None, run_after=None
[2024-11-13T20:36:04.747+1100] {logging_mixin.py:190} INFO - [2024-11-13T20:36:04.747+1100] {dag.py:4180} INFO - Setting next_dagrun for dataset_s3_bucket_producer to None, run_after=None
[2024-11-13T20:36:04.754+1100] {processor.py:208} INFO - Processing /Users/yoonmoon/git/learn-airflow/airflow1/py_env/lib/python3.11/site-packages/airflow/example_dags/example_dataset_alias.py took 0.111 seconds
[2024-11-13T20:38:21.815+1100] {processor.py:186} INFO - Started process (PID=72142) to work on /Users/yoonmoon/git/learn-airflow/airflow1/py_env/lib/python3.11/site-packages/airflow/example_dags/example_dataset_alias.py
[2024-11-13T20:38:21.818+1100] {processor.py:914} INFO - Processing file /Users/yoonmoon/git/learn-airflow/airflow1/py_env/lib/python3.11/site-packages/airflow/example_dags/example_dataset_alias.py for tasks to queue
[2024-11-13T20:38:21.819+1100] {logging_mixin.py:190} INFO - [2024-11-13T20:38:21.819+1100] {dagbag.py:588} INFO - Filling up the DagBag from /Users/yoonmoon/git/learn-airflow/airflow1/py_env/lib/python3.11/site-packages/airflow/example_dags/example_dataset_alias.py
[2024-11-13T20:38:21.897+1100] {processor.py:925} INFO - DAG(s) 'dataset_s3_bucket_consumer', 'dataset_alias_example_alias_producer', 'dataset_alias_example_alias_consumer', 'dataset_s3_bucket_producer' retrieved from /Users/yoonmoon/git/learn-airflow/airflow1/py_env/lib/python3.11/site-packages/airflow/example_dags/example_dataset_alias.py
[2024-11-13T20:38:21.906+1100] {logging_mixin.py:190} INFO - [2024-11-13T20:38:21.905+1100] {dag.py:3239} INFO - Sync 4 DAGs
[2024-11-13T20:38:21.911+1100] {logging_mixin.py:190} INFO - [2024-11-13T20:38:21.911+1100] {dag.py:4180} INFO - Setting next_dagrun for dataset_alias_example_alias_consumer to None, run_after=None
[2024-11-13T20:38:21.912+1100] {logging_mixin.py:190} INFO - [2024-11-13T20:38:21.912+1100] {dag.py:4180} INFO - Setting next_dagrun for dataset_alias_example_alias_producer to None, run_after=None
[2024-11-13T20:38:21.912+1100] {logging_mixin.py:190} INFO - [2024-11-13T20:38:21.912+1100] {dag.py:4180} INFO - Setting next_dagrun for dataset_s3_bucket_consumer to None, run_after=None
[2024-11-13T20:38:21.913+1100] {logging_mixin.py:190} INFO - [2024-11-13T20:38:21.913+1100] {dag.py:4180} INFO - Setting next_dagrun for dataset_s3_bucket_producer to None, run_after=None
[2024-11-13T20:38:21.920+1100] {processor.py:208} INFO - Processing /Users/yoonmoon/git/learn-airflow/airflow1/py_env/lib/python3.11/site-packages/airflow/example_dags/example_dataset_alias.py took 0.107 seconds
[2024-11-13T20:40:41.384+1100] {processor.py:186} INFO - Started process (PID=72398) to work on /Users/yoonmoon/git/learn-airflow/airflow1/py_env/lib/python3.11/site-packages/airflow/example_dags/example_dataset_alias.py
[2024-11-13T20:40:41.385+1100] {processor.py:914} INFO - Processing file /Users/yoonmoon/git/learn-airflow/airflow1/py_env/lib/python3.11/site-packages/airflow/example_dags/example_dataset_alias.py for tasks to queue
[2024-11-13T20:40:41.386+1100] {logging_mixin.py:190} INFO - [2024-11-13T20:40:41.386+1100] {dagbag.py:588} INFO - Filling up the DagBag from /Users/yoonmoon/git/learn-airflow/airflow1/py_env/lib/python3.11/site-packages/airflow/example_dags/example_dataset_alias.py
[2024-11-13T20:40:41.465+1100] {processor.py:925} INFO - DAG(s) 'dataset_alias_example_alias_producer', 'dataset_s3_bucket_producer', 'dataset_s3_bucket_consumer', 'dataset_alias_example_alias_consumer' retrieved from /Users/yoonmoon/git/learn-airflow/airflow1/py_env/lib/python3.11/site-packages/airflow/example_dags/example_dataset_alias.py
[2024-11-13T20:40:41.473+1100] {logging_mixin.py:190} INFO - [2024-11-13T20:40:41.473+1100] {dag.py:3239} INFO - Sync 4 DAGs
[2024-11-13T20:40:41.479+1100] {logging_mixin.py:190} INFO - [2024-11-13T20:40:41.479+1100] {dag.py:4180} INFO - Setting next_dagrun for dataset_alias_example_alias_consumer to None, run_after=None
[2024-11-13T20:40:41.480+1100] {logging_mixin.py:190} INFO - [2024-11-13T20:40:41.480+1100] {dag.py:4180} INFO - Setting next_dagrun for dataset_alias_example_alias_producer to None, run_after=None
[2024-11-13T20:40:41.480+1100] {logging_mixin.py:190} INFO - [2024-11-13T20:40:41.480+1100] {dag.py:4180} INFO - Setting next_dagrun for dataset_s3_bucket_consumer to None, run_after=None
[2024-11-13T20:40:41.480+1100] {logging_mixin.py:190} INFO - [2024-11-13T20:40:41.480+1100] {dag.py:4180} INFO - Setting next_dagrun for dataset_s3_bucket_producer to None, run_after=None
[2024-11-13T20:40:41.488+1100] {processor.py:208} INFO - Processing /Users/yoonmoon/git/learn-airflow/airflow1/py_env/lib/python3.11/site-packages/airflow/example_dags/example_dataset_alias.py took 0.105 seconds
[2024-11-13T20:43:01.105+1100] {processor.py:186} INFO - Started process (PID=72660) to work on /Users/yoonmoon/git/learn-airflow/airflow1/py_env/lib/python3.11/site-packages/airflow/example_dags/example_dataset_alias.py
[2024-11-13T20:43:01.106+1100] {processor.py:914} INFO - Processing file /Users/yoonmoon/git/learn-airflow/airflow1/py_env/lib/python3.11/site-packages/airflow/example_dags/example_dataset_alias.py for tasks to queue
[2024-11-13T20:43:01.107+1100] {logging_mixin.py:190} INFO - [2024-11-13T20:43:01.107+1100] {dagbag.py:588} INFO - Filling up the DagBag from /Users/yoonmoon/git/learn-airflow/airflow1/py_env/lib/python3.11/site-packages/airflow/example_dags/example_dataset_alias.py
[2024-11-13T20:43:01.184+1100] {processor.py:925} INFO - DAG(s) 'dataset_alias_example_alias_consumer', 'dataset_alias_example_alias_producer', 'dataset_s3_bucket_consumer', 'dataset_s3_bucket_producer' retrieved from /Users/yoonmoon/git/learn-airflow/airflow1/py_env/lib/python3.11/site-packages/airflow/example_dags/example_dataset_alias.py
[2024-11-13T20:43:01.193+1100] {logging_mixin.py:190} INFO - [2024-11-13T20:43:01.193+1100] {dag.py:3239} INFO - Sync 4 DAGs
[2024-11-13T20:43:01.198+1100] {logging_mixin.py:190} INFO - [2024-11-13T20:43:01.198+1100] {dag.py:4180} INFO - Setting next_dagrun for dataset_alias_example_alias_consumer to None, run_after=None
[2024-11-13T20:43:01.199+1100] {logging_mixin.py:190} INFO - [2024-11-13T20:43:01.199+1100] {dag.py:4180} INFO - Setting next_dagrun for dataset_alias_example_alias_producer to None, run_after=None
[2024-11-13T20:43:01.199+1100] {logging_mixin.py:190} INFO - [2024-11-13T20:43:01.199+1100] {dag.py:4180} INFO - Setting next_dagrun for dataset_s3_bucket_consumer to None, run_after=None
[2024-11-13T20:43:01.200+1100] {logging_mixin.py:190} INFO - [2024-11-13T20:43:01.200+1100] {dag.py:4180} INFO - Setting next_dagrun for dataset_s3_bucket_producer to None, run_after=None
[2024-11-13T20:43:01.207+1100] {processor.py:208} INFO - Processing /Users/yoonmoon/git/learn-airflow/airflow1/py_env/lib/python3.11/site-packages/airflow/example_dags/example_dataset_alias.py took 0.104 seconds
[2024-11-13T20:45:20.982+1100] {processor.py:186} INFO - Started process (PID=72933) to work on /Users/yoonmoon/git/learn-airflow/airflow1/py_env/lib/python3.11/site-packages/airflow/example_dags/example_dataset_alias.py
[2024-11-13T20:45:20.984+1100] {processor.py:914} INFO - Processing file /Users/yoonmoon/git/learn-airflow/airflow1/py_env/lib/python3.11/site-packages/airflow/example_dags/example_dataset_alias.py for tasks to queue
[2024-11-13T20:45:20.984+1100] {logging_mixin.py:190} INFO - [2024-11-13T20:45:20.984+1100] {dagbag.py:588} INFO - Filling up the DagBag from /Users/yoonmoon/git/learn-airflow/airflow1/py_env/lib/python3.11/site-packages/airflow/example_dags/example_dataset_alias.py
[2024-11-13T20:45:21.066+1100] {processor.py:925} INFO - DAG(s) 'dataset_alias_example_alias_consumer', 'dataset_s3_bucket_producer', 'dataset_alias_example_alias_producer', 'dataset_s3_bucket_consumer' retrieved from /Users/yoonmoon/git/learn-airflow/airflow1/py_env/lib/python3.11/site-packages/airflow/example_dags/example_dataset_alias.py
[2024-11-13T20:45:21.074+1100] {logging_mixin.py:190} INFO - [2024-11-13T20:45:21.074+1100] {dag.py:3239} INFO - Sync 4 DAGs
[2024-11-13T20:45:21.080+1100] {logging_mixin.py:190} INFO - [2024-11-13T20:45:21.080+1100] {dag.py:4180} INFO - Setting next_dagrun for dataset_alias_example_alias_consumer to None, run_after=None
[2024-11-13T20:45:21.081+1100] {logging_mixin.py:190} INFO - [2024-11-13T20:45:21.081+1100] {dag.py:4180} INFO - Setting next_dagrun for dataset_alias_example_alias_producer to None, run_after=None
[2024-11-13T20:45:21.081+1100] {logging_mixin.py:190} INFO - [2024-11-13T20:45:21.081+1100] {dag.py:4180} INFO - Setting next_dagrun for dataset_s3_bucket_consumer to None, run_after=None
[2024-11-13T20:45:21.081+1100] {logging_mixin.py:190} INFO - [2024-11-13T20:45:21.081+1100] {dag.py:4180} INFO - Setting next_dagrun for dataset_s3_bucket_producer to None, run_after=None
[2024-11-13T20:45:21.088+1100] {processor.py:208} INFO - Processing /Users/yoonmoon/git/learn-airflow/airflow1/py_env/lib/python3.11/site-packages/airflow/example_dags/example_dataset_alias.py took 0.108 seconds
[2024-11-13T20:47:42.391+1100] {processor.py:186} INFO - Started process (PID=73203) to work on /Users/yoonmoon/git/learn-airflow/airflow1/py_env/lib/python3.11/site-packages/airflow/example_dags/example_dataset_alias.py
[2024-11-13T20:47:42.392+1100] {processor.py:914} INFO - Processing file /Users/yoonmoon/git/learn-airflow/airflow1/py_env/lib/python3.11/site-packages/airflow/example_dags/example_dataset_alias.py for tasks to queue
[2024-11-13T20:47:42.392+1100] {logging_mixin.py:190} INFO - [2024-11-13T20:47:42.392+1100] {dagbag.py:588} INFO - Filling up the DagBag from /Users/yoonmoon/git/learn-airflow/airflow1/py_env/lib/python3.11/site-packages/airflow/example_dags/example_dataset_alias.py
[2024-11-13T20:47:42.471+1100] {processor.py:925} INFO - DAG(s) 'dataset_alias_example_alias_consumer', 'dataset_s3_bucket_consumer', 'dataset_s3_bucket_producer', 'dataset_alias_example_alias_producer' retrieved from /Users/yoonmoon/git/learn-airflow/airflow1/py_env/lib/python3.11/site-packages/airflow/example_dags/example_dataset_alias.py
[2024-11-13T20:47:42.481+1100] {logging_mixin.py:190} INFO - [2024-11-13T20:47:42.480+1100] {dag.py:3239} INFO - Sync 4 DAGs
[2024-11-13T20:47:42.487+1100] {logging_mixin.py:190} INFO - [2024-11-13T20:47:42.487+1100] {dag.py:4180} INFO - Setting next_dagrun for dataset_alias_example_alias_consumer to None, run_after=None
[2024-11-13T20:47:42.487+1100] {logging_mixin.py:190} INFO - [2024-11-13T20:47:42.487+1100] {dag.py:4180} INFO - Setting next_dagrun for dataset_alias_example_alias_producer to None, run_after=None
[2024-11-13T20:47:42.488+1100] {logging_mixin.py:190} INFO - [2024-11-13T20:47:42.488+1100] {dag.py:4180} INFO - Setting next_dagrun for dataset_s3_bucket_consumer to None, run_after=None
[2024-11-13T20:47:42.488+1100] {logging_mixin.py:190} INFO - [2024-11-13T20:47:42.488+1100] {dag.py:4180} INFO - Setting next_dagrun for dataset_s3_bucket_producer to None, run_after=None
[2024-11-13T20:47:42.495+1100] {processor.py:208} INFO - Processing /Users/yoonmoon/git/learn-airflow/airflow1/py_env/lib/python3.11/site-packages/airflow/example_dags/example_dataset_alias.py took 0.107 seconds
[2024-11-13T20:50:09.507+1100] {processor.py:186} INFO - Started process (PID=73479) to work on /Users/yoonmoon/git/learn-airflow/airflow1/py_env/lib/python3.11/site-packages/airflow/example_dags/example_dataset_alias.py
[2024-11-13T20:50:09.508+1100] {processor.py:914} INFO - Processing file /Users/yoonmoon/git/learn-airflow/airflow1/py_env/lib/python3.11/site-packages/airflow/example_dags/example_dataset_alias.py for tasks to queue
[2024-11-13T20:50:09.509+1100] {logging_mixin.py:190} INFO - [2024-11-13T20:50:09.508+1100] {dagbag.py:588} INFO - Filling up the DagBag from /Users/yoonmoon/git/learn-airflow/airflow1/py_env/lib/python3.11/site-packages/airflow/example_dags/example_dataset_alias.py
[2024-11-13T20:50:09.596+1100] {processor.py:925} INFO - DAG(s) 'dataset_s3_bucket_consumer', 'dataset_alias_example_alias_consumer', 'dataset_s3_bucket_producer', 'dataset_alias_example_alias_producer' retrieved from /Users/yoonmoon/git/learn-airflow/airflow1/py_env/lib/python3.11/site-packages/airflow/example_dags/example_dataset_alias.py
[2024-11-13T20:50:09.605+1100] {logging_mixin.py:190} INFO - [2024-11-13T20:50:09.605+1100] {dag.py:3239} INFO - Sync 4 DAGs
[2024-11-13T20:50:09.611+1100] {logging_mixin.py:190} INFO - [2024-11-13T20:50:09.611+1100] {dag.py:4180} INFO - Setting next_dagrun for dataset_alias_example_alias_consumer to None, run_after=None
[2024-11-13T20:50:09.612+1100] {logging_mixin.py:190} INFO - [2024-11-13T20:50:09.612+1100] {dag.py:4180} INFO - Setting next_dagrun for dataset_alias_example_alias_producer to None, run_after=None
[2024-11-13T20:50:09.612+1100] {logging_mixin.py:190} INFO - [2024-11-13T20:50:09.612+1100] {dag.py:4180} INFO - Setting next_dagrun for dataset_s3_bucket_consumer to None, run_after=None
[2024-11-13T20:50:09.613+1100] {logging_mixin.py:190} INFO - [2024-11-13T20:50:09.613+1100] {dag.py:4180} INFO - Setting next_dagrun for dataset_s3_bucket_producer to None, run_after=None
[2024-11-13T20:50:09.620+1100] {processor.py:208} INFO - Processing /Users/yoonmoon/git/learn-airflow/airflow1/py_env/lib/python3.11/site-packages/airflow/example_dags/example_dataset_alias.py took 0.115 seconds
