[2024-11-13T19:29:28.666+1100] {processor.py:186} INFO - Started process (PID=63739) to work on /Users/yoonmoon/git/learn-airflow/airflow1/py_env/lib/python3.11/site-packages/airflow/example_dags/example_sensor_decorator.py
[2024-11-13T19:29:28.668+1100] {processor.py:914} INFO - Processing file /Users/yoonmoon/git/learn-airflow/airflow1/py_env/lib/python3.11/site-packages/airflow/example_dags/example_sensor_decorator.py for tasks to queue
[2024-11-13T19:29:28.668+1100] {logging_mixin.py:190} INFO - [2024-11-13T19:29:28.668+1100] {dagbag.py:588} INFO - Filling up the DagBag from /Users/yoonmoon/git/learn-airflow/airflow1/py_env/lib/python3.11/site-packages/airflow/example_dags/example_sensor_decorator.py
[2024-11-13T19:29:28.682+1100] {processor.py:925} INFO - DAG(s) 'example_sensor_decorator' retrieved from /Users/yoonmoon/git/learn-airflow/airflow1/py_env/lib/python3.11/site-packages/airflow/example_dags/example_sensor_decorator.py
[2024-11-13T19:29:28.739+1100] {logging_mixin.py:190} INFO - [2024-11-13T19:29:28.739+1100] {workday.py:41} WARNING - Could not import pandas. Holidays will not be considered.
[2024-11-13T19:29:28.774+1100] {logging_mixin.py:190} INFO - [2024-11-13T19:29:28.774+1100] {override.py:1911} INFO - Created Permission View: can delete on DAG:example_sensor_decorator
[2024-11-13T19:29:28.777+1100] {logging_mixin.py:190} INFO - [2024-11-13T19:29:28.777+1100] {override.py:1911} INFO - Created Permission View: can edit on DAG:example_sensor_decorator
[2024-11-13T19:29:28.779+1100] {logging_mixin.py:190} INFO - [2024-11-13T19:29:28.779+1100] {override.py:1911} INFO - Created Permission View: can read on DAG:example_sensor_decorator
[2024-11-13T19:29:28.782+1100] {logging_mixin.py:190} INFO - [2024-11-13T19:29:28.782+1100] {override.py:1911} INFO - Created Permission View: can delete on DAG Run:example_sensor_decorator
[2024-11-13T19:29:28.784+1100] {logging_mixin.py:190} INFO - [2024-11-13T19:29:28.783+1100] {override.py:1911} INFO - Created Permission View: menu access on DAG Run:example_sensor_decorator
[2024-11-13T19:29:28.786+1100] {logging_mixin.py:190} INFO - [2024-11-13T19:29:28.786+1100] {override.py:1911} INFO - Created Permission View: can read on DAG Run:example_sensor_decorator
[2024-11-13T19:29:28.787+1100] {logging_mixin.py:190} INFO - [2024-11-13T19:29:28.787+1100] {override.py:1911} INFO - Created Permission View: can create on DAG Run:example_sensor_decorator
[2024-11-13T19:29:28.788+1100] {logging_mixin.py:190} INFO - [2024-11-13T19:29:28.788+1100] {dag.py:3239} INFO - Sync 1 DAGs
[2024-11-13T19:29:28.791+1100] {logging_mixin.py:190} INFO - [2024-11-13T19:29:28.791+1100] {dag.py:3262} INFO - Creating ORM DAG for example_sensor_decorator
[2024-11-13T19:29:28.791+1100] {logging_mixin.py:190} INFO - [2024-11-13T19:29:28.791+1100] {dag.py:4180} INFO - Setting next_dagrun for example_sensor_decorator to None, run_after=None
[2024-11-13T19:29:28.797+1100] {processor.py:208} INFO - Processing /Users/yoonmoon/git/learn-airflow/airflow1/py_env/lib/python3.11/site-packages/airflow/example_dags/example_sensor_decorator.py took 0.133 seconds
[2024-11-13T19:31:09.729+1100] {processor.py:186} INFO - Started process (PID=63949) to work on /Users/yoonmoon/git/learn-airflow/airflow1/py_env/lib/python3.11/site-packages/airflow/example_dags/example_sensor_decorator.py
[2024-11-13T19:31:09.730+1100] {processor.py:914} INFO - Processing file /Users/yoonmoon/git/learn-airflow/airflow1/py_env/lib/python3.11/site-packages/airflow/example_dags/example_sensor_decorator.py for tasks to queue
[2024-11-13T19:31:09.731+1100] {logging_mixin.py:190} INFO - [2024-11-13T19:31:09.731+1100] {dagbag.py:588} INFO - Filling up the DagBag from /Users/yoonmoon/git/learn-airflow/airflow1/py_env/lib/python3.11/site-packages/airflow/example_dags/example_sensor_decorator.py
[2024-11-13T19:31:09.745+1100] {processor.py:925} INFO - DAG(s) 'example_sensor_decorator' retrieved from /Users/yoonmoon/git/learn-airflow/airflow1/py_env/lib/python3.11/site-packages/airflow/example_dags/example_sensor_decorator.py
[2024-11-13T19:31:09.802+1100] {logging_mixin.py:190} INFO - [2024-11-13T19:31:09.802+1100] {workday.py:41} WARNING - Could not import pandas. Holidays will not be considered.
[2024-11-13T19:31:09.808+1100] {logging_mixin.py:190} INFO - [2024-11-13T19:31:09.808+1100] {dag.py:3239} INFO - Sync 1 DAGs
[2024-11-13T19:31:09.812+1100] {logging_mixin.py:190} INFO - [2024-11-13T19:31:09.812+1100] {dag.py:4180} INFO - Setting next_dagrun for example_sensor_decorator to None, run_after=None
[2024-11-13T19:31:09.819+1100] {processor.py:208} INFO - Processing /Users/yoonmoon/git/learn-airflow/airflow1/py_env/lib/python3.11/site-packages/airflow/example_dags/example_sensor_decorator.py took 0.092 seconds
[2024-11-13T19:33:29.225+1100] {processor.py:186} INFO - Started process (PID=64342) to work on /Users/yoonmoon/git/learn-airflow/airflow1/py_env/lib/python3.11/site-packages/airflow/example_dags/example_sensor_decorator.py
[2024-11-13T19:33:29.226+1100] {processor.py:914} INFO - Processing file /Users/yoonmoon/git/learn-airflow/airflow1/py_env/lib/python3.11/site-packages/airflow/example_dags/example_sensor_decorator.py for tasks to queue
[2024-11-13T19:33:29.227+1100] {logging_mixin.py:190} INFO - [2024-11-13T19:33:29.227+1100] {dagbag.py:588} INFO - Filling up the DagBag from /Users/yoonmoon/git/learn-airflow/airflow1/py_env/lib/python3.11/site-packages/airflow/example_dags/example_sensor_decorator.py
[2024-11-13T19:33:29.242+1100] {processor.py:925} INFO - DAG(s) 'example_sensor_decorator' retrieved from /Users/yoonmoon/git/learn-airflow/airflow1/py_env/lib/python3.11/site-packages/airflow/example_dags/example_sensor_decorator.py
[2024-11-13T19:33:29.302+1100] {logging_mixin.py:190} INFO - [2024-11-13T19:33:29.302+1100] {workday.py:41} WARNING - Could not import pandas. Holidays will not be considered.
[2024-11-13T19:33:29.308+1100] {logging_mixin.py:190} INFO - [2024-11-13T19:33:29.308+1100] {dag.py:3239} INFO - Sync 1 DAGs
[2024-11-13T19:33:29.313+1100] {logging_mixin.py:190} INFO - [2024-11-13T19:33:29.313+1100] {dag.py:4180} INFO - Setting next_dagrun for example_sensor_decorator to None, run_after=None
[2024-11-13T19:33:29.320+1100] {processor.py:208} INFO - Processing /Users/yoonmoon/git/learn-airflow/airflow1/py_env/lib/python3.11/site-packages/airflow/example_dags/example_sensor_decorator.py took 0.098 seconds
[2024-11-13T19:36:06.431+1100] {processor.py:186} INFO - Started process (PID=64839) to work on /Users/yoonmoon/git/learn-airflow/airflow1/py_env/lib/python3.11/site-packages/airflow/example_dags/example_sensor_decorator.py
[2024-11-13T19:36:06.432+1100] {processor.py:914} INFO - Processing file /Users/yoonmoon/git/learn-airflow/airflow1/py_env/lib/python3.11/site-packages/airflow/example_dags/example_sensor_decorator.py for tasks to queue
[2024-11-13T19:36:06.432+1100] {logging_mixin.py:190} INFO - [2024-11-13T19:36:06.432+1100] {dagbag.py:588} INFO - Filling up the DagBag from /Users/yoonmoon/git/learn-airflow/airflow1/py_env/lib/python3.11/site-packages/airflow/example_dags/example_sensor_decorator.py
[2024-11-13T19:36:06.446+1100] {processor.py:925} INFO - DAG(s) 'example_sensor_decorator' retrieved from /Users/yoonmoon/git/learn-airflow/airflow1/py_env/lib/python3.11/site-packages/airflow/example_dags/example_sensor_decorator.py
[2024-11-13T19:36:06.502+1100] {logging_mixin.py:190} INFO - [2024-11-13T19:36:06.502+1100] {workday.py:41} WARNING - Could not import pandas. Holidays will not be considered.
[2024-11-13T19:36:06.508+1100] {logging_mixin.py:190} INFO - [2024-11-13T19:36:06.508+1100] {dag.py:3239} INFO - Sync 1 DAGs
[2024-11-13T19:36:06.512+1100] {logging_mixin.py:190} INFO - [2024-11-13T19:36:06.512+1100] {dag.py:4180} INFO - Setting next_dagrun for example_sensor_decorator to None, run_after=None
[2024-11-13T19:36:06.518+1100] {processor.py:208} INFO - Processing /Users/yoonmoon/git/learn-airflow/airflow1/py_env/lib/python3.11/site-packages/airflow/example_dags/example_sensor_decorator.py took 0.089 seconds
[2024-11-13T19:37:30.353+1100] {processor.py:186} INFO - Started process (PID=65010) to work on /Users/yoonmoon/git/learn-airflow/airflow1/py_env/lib/python3.11/site-packages/airflow/example_dags/example_sensor_decorator.py
[2024-11-13T19:37:30.354+1100] {processor.py:914} INFO - Processing file /Users/yoonmoon/git/learn-airflow/airflow1/py_env/lib/python3.11/site-packages/airflow/example_dags/example_sensor_decorator.py for tasks to queue
[2024-11-13T19:37:30.354+1100] {logging_mixin.py:190} INFO - [2024-11-13T19:37:30.354+1100] {dagbag.py:588} INFO - Filling up the DagBag from /Users/yoonmoon/git/learn-airflow/airflow1/py_env/lib/python3.11/site-packages/airflow/example_dags/example_sensor_decorator.py
[2024-11-13T19:37:30.367+1100] {processor.py:925} INFO - DAG(s) 'example_sensor_decorator' retrieved from /Users/yoonmoon/git/learn-airflow/airflow1/py_env/lib/python3.11/site-packages/airflow/example_dags/example_sensor_decorator.py
[2024-11-13T19:37:30.421+1100] {logging_mixin.py:190} INFO - [2024-11-13T19:37:30.421+1100] {workday.py:41} WARNING - Could not import pandas. Holidays will not be considered.
[2024-11-13T19:37:30.427+1100] {logging_mixin.py:190} INFO - [2024-11-13T19:37:30.427+1100] {dag.py:3239} INFO - Sync 1 DAGs
[2024-11-13T19:37:30.431+1100] {logging_mixin.py:190} INFO - [2024-11-13T19:37:30.431+1100] {dag.py:4180} INFO - Setting next_dagrun for example_sensor_decorator to None, run_after=None
[2024-11-13T19:37:30.437+1100] {processor.py:208} INFO - Processing /Users/yoonmoon/git/learn-airflow/airflow1/py_env/lib/python3.11/site-packages/airflow/example_dags/example_sensor_decorator.py took 0.087 seconds
[2024-11-13T19:39:45.807+1100] {processor.py:186} INFO - Started process (PID=65284) to work on /Users/yoonmoon/git/learn-airflow/airflow1/py_env/lib/python3.11/site-packages/airflow/example_dags/example_sensor_decorator.py
[2024-11-13T19:39:45.808+1100] {processor.py:914} INFO - Processing file /Users/yoonmoon/git/learn-airflow/airflow1/py_env/lib/python3.11/site-packages/airflow/example_dags/example_sensor_decorator.py for tasks to queue
[2024-11-13T19:39:45.809+1100] {logging_mixin.py:190} INFO - [2024-11-13T19:39:45.809+1100] {dagbag.py:588} INFO - Filling up the DagBag from /Users/yoonmoon/git/learn-airflow/airflow1/py_env/lib/python3.11/site-packages/airflow/example_dags/example_sensor_decorator.py
[2024-11-13T19:39:45.822+1100] {processor.py:925} INFO - DAG(s) 'example_sensor_decorator' retrieved from /Users/yoonmoon/git/learn-airflow/airflow1/py_env/lib/python3.11/site-packages/airflow/example_dags/example_sensor_decorator.py
[2024-11-13T19:39:45.876+1100] {logging_mixin.py:190} INFO - [2024-11-13T19:39:45.876+1100] {workday.py:41} WARNING - Could not import pandas. Holidays will not be considered.
[2024-11-13T19:39:45.882+1100] {logging_mixin.py:190} INFO - [2024-11-13T19:39:45.882+1100] {dag.py:3239} INFO - Sync 1 DAGs
[2024-11-13T19:39:45.886+1100] {logging_mixin.py:190} INFO - [2024-11-13T19:39:45.886+1100] {dag.py:4180} INFO - Setting next_dagrun for example_sensor_decorator to None, run_after=None
[2024-11-13T19:39:45.893+1100] {processor.py:208} INFO - Processing /Users/yoonmoon/git/learn-airflow/airflow1/py_env/lib/python3.11/site-packages/airflow/example_dags/example_sensor_decorator.py took 0.088 seconds
[2024-11-13T19:42:04.267+1100] {processor.py:186} INFO - Started process (PID=65586) to work on /Users/yoonmoon/git/learn-airflow/airflow1/py_env/lib/python3.11/site-packages/airflow/example_dags/example_sensor_decorator.py
[2024-11-13T19:42:04.268+1100] {processor.py:914} INFO - Processing file /Users/yoonmoon/git/learn-airflow/airflow1/py_env/lib/python3.11/site-packages/airflow/example_dags/example_sensor_decorator.py for tasks to queue
[2024-11-13T19:42:04.268+1100] {logging_mixin.py:190} INFO - [2024-11-13T19:42:04.268+1100] {dagbag.py:588} INFO - Filling up the DagBag from /Users/yoonmoon/git/learn-airflow/airflow1/py_env/lib/python3.11/site-packages/airflow/example_dags/example_sensor_decorator.py
[2024-11-13T19:42:04.282+1100] {processor.py:925} INFO - DAG(s) 'example_sensor_decorator' retrieved from /Users/yoonmoon/git/learn-airflow/airflow1/py_env/lib/python3.11/site-packages/airflow/example_dags/example_sensor_decorator.py
[2024-11-13T19:42:04.337+1100] {logging_mixin.py:190} INFO - [2024-11-13T19:42:04.336+1100] {workday.py:41} WARNING - Could not import pandas. Holidays will not be considered.
[2024-11-13T19:42:04.342+1100] {logging_mixin.py:190} INFO - [2024-11-13T19:42:04.342+1100] {dag.py:3239} INFO - Sync 1 DAGs
[2024-11-13T19:42:04.346+1100] {logging_mixin.py:190} INFO - [2024-11-13T19:42:04.346+1100] {dag.py:4180} INFO - Setting next_dagrun for example_sensor_decorator to None, run_after=None
[2024-11-13T19:42:04.353+1100] {processor.py:208} INFO - Processing /Users/yoonmoon/git/learn-airflow/airflow1/py_env/lib/python3.11/site-packages/airflow/example_dags/example_sensor_decorator.py took 0.088 seconds
[2024-11-13T19:44:22.555+1100] {processor.py:186} INFO - Started process (PID=65852) to work on /Users/yoonmoon/git/learn-airflow/airflow1/py_env/lib/python3.11/site-packages/airflow/example_dags/example_sensor_decorator.py
[2024-11-13T19:44:22.557+1100] {processor.py:914} INFO - Processing file /Users/yoonmoon/git/learn-airflow/airflow1/py_env/lib/python3.11/site-packages/airflow/example_dags/example_sensor_decorator.py for tasks to queue
[2024-11-13T19:44:22.557+1100] {logging_mixin.py:190} INFO - [2024-11-13T19:44:22.557+1100] {dagbag.py:588} INFO - Filling up the DagBag from /Users/yoonmoon/git/learn-airflow/airflow1/py_env/lib/python3.11/site-packages/airflow/example_dags/example_sensor_decorator.py
[2024-11-13T19:44:22.570+1100] {processor.py:925} INFO - DAG(s) 'example_sensor_decorator' retrieved from /Users/yoonmoon/git/learn-airflow/airflow1/py_env/lib/python3.11/site-packages/airflow/example_dags/example_sensor_decorator.py
[2024-11-13T19:44:22.628+1100] {logging_mixin.py:190} INFO - [2024-11-13T19:44:22.628+1100] {workday.py:41} WARNING - Could not import pandas. Holidays will not be considered.
[2024-11-13T19:44:22.634+1100] {logging_mixin.py:190} INFO - [2024-11-13T19:44:22.634+1100] {dag.py:3239} INFO - Sync 1 DAGs
[2024-11-13T19:44:22.638+1100] {logging_mixin.py:190} INFO - [2024-11-13T19:44:22.638+1100] {dag.py:4180} INFO - Setting next_dagrun for example_sensor_decorator to None, run_after=None
[2024-11-13T19:44:22.644+1100] {processor.py:208} INFO - Processing /Users/yoonmoon/git/learn-airflow/airflow1/py_env/lib/python3.11/site-packages/airflow/example_dags/example_sensor_decorator.py took 0.092 seconds
[2024-11-13T19:46:33.235+1100] {processor.py:186} INFO - Started process (PID=66102) to work on /Users/yoonmoon/git/learn-airflow/airflow1/py_env/lib/python3.11/site-packages/airflow/example_dags/example_sensor_decorator.py
[2024-11-13T19:46:33.237+1100] {processor.py:914} INFO - Processing file /Users/yoonmoon/git/learn-airflow/airflow1/py_env/lib/python3.11/site-packages/airflow/example_dags/example_sensor_decorator.py for tasks to queue
[2024-11-13T19:46:33.237+1100] {logging_mixin.py:190} INFO - [2024-11-13T19:46:33.237+1100] {dagbag.py:588} INFO - Filling up the DagBag from /Users/yoonmoon/git/learn-airflow/airflow1/py_env/lib/python3.11/site-packages/airflow/example_dags/example_sensor_decorator.py
[2024-11-13T19:46:33.252+1100] {processor.py:925} INFO - DAG(s) 'example_sensor_decorator' retrieved from /Users/yoonmoon/git/learn-airflow/airflow1/py_env/lib/python3.11/site-packages/airflow/example_dags/example_sensor_decorator.py
[2024-11-13T19:46:33.307+1100] {logging_mixin.py:190} INFO - [2024-11-13T19:46:33.307+1100] {workday.py:41} WARNING - Could not import pandas. Holidays will not be considered.
[2024-11-13T19:46:33.313+1100] {logging_mixin.py:190} INFO - [2024-11-13T19:46:33.313+1100] {dag.py:3239} INFO - Sync 1 DAGs
[2024-11-13T19:46:33.317+1100] {logging_mixin.py:190} INFO - [2024-11-13T19:46:33.317+1100] {dag.py:4180} INFO - Setting next_dagrun for example_sensor_decorator to None, run_after=None
[2024-11-13T19:46:33.324+1100] {processor.py:208} INFO - Processing /Users/yoonmoon/git/learn-airflow/airflow1/py_env/lib/python3.11/site-packages/airflow/example_dags/example_sensor_decorator.py took 0.092 seconds
[2024-11-13T19:48:46.833+1100] {processor.py:186} INFO - Started process (PID=66348) to work on /Users/yoonmoon/git/learn-airflow/airflow1/py_env/lib/python3.11/site-packages/airflow/example_dags/example_sensor_decorator.py
[2024-11-13T19:48:46.834+1100] {processor.py:914} INFO - Processing file /Users/yoonmoon/git/learn-airflow/airflow1/py_env/lib/python3.11/site-packages/airflow/example_dags/example_sensor_decorator.py for tasks to queue
[2024-11-13T19:48:46.835+1100] {logging_mixin.py:190} INFO - [2024-11-13T19:48:46.835+1100] {dagbag.py:588} INFO - Filling up the DagBag from /Users/yoonmoon/git/learn-airflow/airflow1/py_env/lib/python3.11/site-packages/airflow/example_dags/example_sensor_decorator.py
[2024-11-13T19:48:46.848+1100] {processor.py:925} INFO - DAG(s) 'example_sensor_decorator' retrieved from /Users/yoonmoon/git/learn-airflow/airflow1/py_env/lib/python3.11/site-packages/airflow/example_dags/example_sensor_decorator.py
[2024-11-13T19:48:46.903+1100] {logging_mixin.py:190} INFO - [2024-11-13T19:48:46.903+1100] {workday.py:41} WARNING - Could not import pandas. Holidays will not be considered.
[2024-11-13T19:48:46.909+1100] {logging_mixin.py:190} INFO - [2024-11-13T19:48:46.908+1100] {dag.py:3239} INFO - Sync 1 DAGs
[2024-11-13T19:48:46.912+1100] {logging_mixin.py:190} INFO - [2024-11-13T19:48:46.912+1100] {dag.py:4180} INFO - Setting next_dagrun for example_sensor_decorator to None, run_after=None
[2024-11-13T19:48:46.919+1100] {processor.py:208} INFO - Processing /Users/yoonmoon/git/learn-airflow/airflow1/py_env/lib/python3.11/site-packages/airflow/example_dags/example_sensor_decorator.py took 0.088 seconds
[2024-11-13T19:50:55.914+1100] {processor.py:186} INFO - Started process (PID=66586) to work on /Users/yoonmoon/git/learn-airflow/airflow1/py_env/lib/python3.11/site-packages/airflow/example_dags/example_sensor_decorator.py
[2024-11-13T19:50:55.916+1100] {processor.py:914} INFO - Processing file /Users/yoonmoon/git/learn-airflow/airflow1/py_env/lib/python3.11/site-packages/airflow/example_dags/example_sensor_decorator.py for tasks to queue
[2024-11-13T19:50:55.916+1100] {logging_mixin.py:190} INFO - [2024-11-13T19:50:55.916+1100] {dagbag.py:588} INFO - Filling up the DagBag from /Users/yoonmoon/git/learn-airflow/airflow1/py_env/lib/python3.11/site-packages/airflow/example_dags/example_sensor_decorator.py
[2024-11-13T19:50:55.929+1100] {processor.py:925} INFO - DAG(s) 'example_sensor_decorator' retrieved from /Users/yoonmoon/git/learn-airflow/airflow1/py_env/lib/python3.11/site-packages/airflow/example_dags/example_sensor_decorator.py
[2024-11-13T19:50:55.986+1100] {logging_mixin.py:190} INFO - [2024-11-13T19:50:55.986+1100] {workday.py:41} WARNING - Could not import pandas. Holidays will not be considered.
[2024-11-13T19:50:55.991+1100] {logging_mixin.py:190} INFO - [2024-11-13T19:50:55.991+1100] {dag.py:3239} INFO - Sync 1 DAGs
[2024-11-13T19:50:55.995+1100] {logging_mixin.py:190} INFO - [2024-11-13T19:50:55.995+1100] {dag.py:4180} INFO - Setting next_dagrun for example_sensor_decorator to None, run_after=None
[2024-11-13T19:50:56.002+1100] {processor.py:208} INFO - Processing /Users/yoonmoon/git/learn-airflow/airflow1/py_env/lib/python3.11/site-packages/airflow/example_dags/example_sensor_decorator.py took 0.090 seconds
[2024-11-13T19:53:15.751+1100] {processor.py:186} INFO - Started process (PID=66836) to work on /Users/yoonmoon/git/learn-airflow/airflow1/py_env/lib/python3.11/site-packages/airflow/example_dags/example_sensor_decorator.py
[2024-11-13T19:53:15.751+1100] {processor.py:914} INFO - Processing file /Users/yoonmoon/git/learn-airflow/airflow1/py_env/lib/python3.11/site-packages/airflow/example_dags/example_sensor_decorator.py for tasks to queue
[2024-11-13T19:53:15.752+1100] {logging_mixin.py:190} INFO - [2024-11-13T19:53:15.752+1100] {dagbag.py:588} INFO - Filling up the DagBag from /Users/yoonmoon/git/learn-airflow/airflow1/py_env/lib/python3.11/site-packages/airflow/example_dags/example_sensor_decorator.py
[2024-11-13T19:53:15.765+1100] {processor.py:925} INFO - DAG(s) 'example_sensor_decorator' retrieved from /Users/yoonmoon/git/learn-airflow/airflow1/py_env/lib/python3.11/site-packages/airflow/example_dags/example_sensor_decorator.py
[2024-11-13T19:53:15.821+1100] {logging_mixin.py:190} INFO - [2024-11-13T19:53:15.821+1100] {workday.py:41} WARNING - Could not import pandas. Holidays will not be considered.
[2024-11-13T19:53:15.827+1100] {logging_mixin.py:190} INFO - [2024-11-13T19:53:15.827+1100] {dag.py:3239} INFO - Sync 1 DAGs
[2024-11-13T19:53:15.831+1100] {logging_mixin.py:190} INFO - [2024-11-13T19:53:15.831+1100] {dag.py:4180} INFO - Setting next_dagrun for example_sensor_decorator to None, run_after=None
[2024-11-13T19:53:15.837+1100] {processor.py:208} INFO - Processing /Users/yoonmoon/git/learn-airflow/airflow1/py_env/lib/python3.11/site-packages/airflow/example_dags/example_sensor_decorator.py took 0.089 seconds
[2024-11-13T19:55:37.415+1100] {processor.py:186} INFO - Started process (PID=67125) to work on /Users/yoonmoon/git/learn-airflow/airflow1/py_env/lib/python3.11/site-packages/airflow/example_dags/example_sensor_decorator.py
[2024-11-13T19:55:37.417+1100] {processor.py:914} INFO - Processing file /Users/yoonmoon/git/learn-airflow/airflow1/py_env/lib/python3.11/site-packages/airflow/example_dags/example_sensor_decorator.py for tasks to queue
[2024-11-13T19:55:37.417+1100] {logging_mixin.py:190} INFO - [2024-11-13T19:55:37.417+1100] {dagbag.py:588} INFO - Filling up the DagBag from /Users/yoonmoon/git/learn-airflow/airflow1/py_env/lib/python3.11/site-packages/airflow/example_dags/example_sensor_decorator.py
[2024-11-13T19:55:37.431+1100] {processor.py:925} INFO - DAG(s) 'example_sensor_decorator' retrieved from /Users/yoonmoon/git/learn-airflow/airflow1/py_env/lib/python3.11/site-packages/airflow/example_dags/example_sensor_decorator.py
[2024-11-13T19:55:37.485+1100] {logging_mixin.py:190} INFO - [2024-11-13T19:55:37.485+1100] {workday.py:41} WARNING - Could not import pandas. Holidays will not be considered.
[2024-11-13T19:55:37.491+1100] {logging_mixin.py:190} INFO - [2024-11-13T19:55:37.491+1100] {dag.py:3239} INFO - Sync 1 DAGs
[2024-11-13T19:55:37.495+1100] {logging_mixin.py:190} INFO - [2024-11-13T19:55:37.495+1100] {dag.py:4180} INFO - Setting next_dagrun for example_sensor_decorator to None, run_after=None
[2024-11-13T19:55:37.501+1100] {processor.py:208} INFO - Processing /Users/yoonmoon/git/learn-airflow/airflow1/py_env/lib/python3.11/site-packages/airflow/example_dags/example_sensor_decorator.py took 0.088 seconds
[2024-11-13T19:57:54.125+1100] {processor.py:186} INFO - Started process (PID=67373) to work on /Users/yoonmoon/git/learn-airflow/airflow1/py_env/lib/python3.11/site-packages/airflow/example_dags/example_sensor_decorator.py
[2024-11-13T19:57:54.126+1100] {processor.py:914} INFO - Processing file /Users/yoonmoon/git/learn-airflow/airflow1/py_env/lib/python3.11/site-packages/airflow/example_dags/example_sensor_decorator.py for tasks to queue
[2024-11-13T19:57:54.126+1100] {logging_mixin.py:190} INFO - [2024-11-13T19:57:54.126+1100] {dagbag.py:588} INFO - Filling up the DagBag from /Users/yoonmoon/git/learn-airflow/airflow1/py_env/lib/python3.11/site-packages/airflow/example_dags/example_sensor_decorator.py
[2024-11-13T19:57:54.139+1100] {processor.py:925} INFO - DAG(s) 'example_sensor_decorator' retrieved from /Users/yoonmoon/git/learn-airflow/airflow1/py_env/lib/python3.11/site-packages/airflow/example_dags/example_sensor_decorator.py
[2024-11-13T19:57:54.193+1100] {logging_mixin.py:190} INFO - [2024-11-13T19:57:54.193+1100] {workday.py:41} WARNING - Could not import pandas. Holidays will not be considered.
[2024-11-13T19:57:54.199+1100] {logging_mixin.py:190} INFO - [2024-11-13T19:57:54.199+1100] {dag.py:3239} INFO - Sync 1 DAGs
[2024-11-13T19:57:54.203+1100] {logging_mixin.py:190} INFO - [2024-11-13T19:57:54.203+1100] {dag.py:4180} INFO - Setting next_dagrun for example_sensor_decorator to None, run_after=None
[2024-11-13T19:57:54.210+1100] {processor.py:208} INFO - Processing /Users/yoonmoon/git/learn-airflow/airflow1/py_env/lib/python3.11/site-packages/airflow/example_dags/example_sensor_decorator.py took 0.088 seconds
[2024-11-13T20:00:09.795+1100] {processor.py:186} INFO - Started process (PID=67621) to work on /Users/yoonmoon/git/learn-airflow/airflow1/py_env/lib/python3.11/site-packages/airflow/example_dags/example_sensor_decorator.py
[2024-11-13T20:00:09.796+1100] {processor.py:914} INFO - Processing file /Users/yoonmoon/git/learn-airflow/airflow1/py_env/lib/python3.11/site-packages/airflow/example_dags/example_sensor_decorator.py for tasks to queue
[2024-11-13T20:00:09.797+1100] {logging_mixin.py:190} INFO - [2024-11-13T20:00:09.797+1100] {dagbag.py:588} INFO - Filling up the DagBag from /Users/yoonmoon/git/learn-airflow/airflow1/py_env/lib/python3.11/site-packages/airflow/example_dags/example_sensor_decorator.py
[2024-11-13T20:00:09.809+1100] {processor.py:925} INFO - DAG(s) 'example_sensor_decorator' retrieved from /Users/yoonmoon/git/learn-airflow/airflow1/py_env/lib/python3.11/site-packages/airflow/example_dags/example_sensor_decorator.py
[2024-11-13T20:00:09.864+1100] {logging_mixin.py:190} INFO - [2024-11-13T20:00:09.864+1100] {workday.py:41} WARNING - Could not import pandas. Holidays will not be considered.
[2024-11-13T20:00:09.870+1100] {logging_mixin.py:190} INFO - [2024-11-13T20:00:09.870+1100] {dag.py:3239} INFO - Sync 1 DAGs
[2024-11-13T20:00:09.874+1100] {logging_mixin.py:190} INFO - [2024-11-13T20:00:09.874+1100] {dag.py:4180} INFO - Setting next_dagrun for example_sensor_decorator to None, run_after=None
[2024-11-13T20:00:09.880+1100] {processor.py:208} INFO - Processing /Users/yoonmoon/git/learn-airflow/airflow1/py_env/lib/python3.11/site-packages/airflow/example_dags/example_sensor_decorator.py took 0.088 seconds
[2024-11-13T20:02:25.830+1100] {processor.py:186} INFO - Started process (PID=67869) to work on /Users/yoonmoon/git/learn-airflow/airflow1/py_env/lib/python3.11/site-packages/airflow/example_dags/example_sensor_decorator.py
[2024-11-13T20:02:25.831+1100] {processor.py:914} INFO - Processing file /Users/yoonmoon/git/learn-airflow/airflow1/py_env/lib/python3.11/site-packages/airflow/example_dags/example_sensor_decorator.py for tasks to queue
[2024-11-13T20:02:25.831+1100] {logging_mixin.py:190} INFO - [2024-11-13T20:02:25.831+1100] {dagbag.py:588} INFO - Filling up the DagBag from /Users/yoonmoon/git/learn-airflow/airflow1/py_env/lib/python3.11/site-packages/airflow/example_dags/example_sensor_decorator.py
[2024-11-13T20:02:25.846+1100] {processor.py:925} INFO - DAG(s) 'example_sensor_decorator' retrieved from /Users/yoonmoon/git/learn-airflow/airflow1/py_env/lib/python3.11/site-packages/airflow/example_dags/example_sensor_decorator.py
[2024-11-13T20:02:25.903+1100] {logging_mixin.py:190} INFO - [2024-11-13T20:02:25.902+1100] {workday.py:41} WARNING - Could not import pandas. Holidays will not be considered.
[2024-11-13T20:02:25.909+1100] {logging_mixin.py:190} INFO - [2024-11-13T20:02:25.908+1100] {dag.py:3239} INFO - Sync 1 DAGs
[2024-11-13T20:02:25.912+1100] {logging_mixin.py:190} INFO - [2024-11-13T20:02:25.912+1100] {dag.py:4180} INFO - Setting next_dagrun for example_sensor_decorator to None, run_after=None
[2024-11-13T20:02:25.919+1100] {processor.py:208} INFO - Processing /Users/yoonmoon/git/learn-airflow/airflow1/py_env/lib/python3.11/site-packages/airflow/example_dags/example_sensor_decorator.py took 0.092 seconds
[2024-11-13T20:04:39.124+1100] {processor.py:186} INFO - Started process (PID=68109) to work on /Users/yoonmoon/git/learn-airflow/airflow1/py_env/lib/python3.11/site-packages/airflow/example_dags/example_sensor_decorator.py
[2024-11-13T20:04:39.125+1100] {processor.py:914} INFO - Processing file /Users/yoonmoon/git/learn-airflow/airflow1/py_env/lib/python3.11/site-packages/airflow/example_dags/example_sensor_decorator.py for tasks to queue
[2024-11-13T20:04:39.126+1100] {logging_mixin.py:190} INFO - [2024-11-13T20:04:39.126+1100] {dagbag.py:588} INFO - Filling up the DagBag from /Users/yoonmoon/git/learn-airflow/airflow1/py_env/lib/python3.11/site-packages/airflow/example_dags/example_sensor_decorator.py
[2024-11-13T20:04:39.139+1100] {processor.py:925} INFO - DAG(s) 'example_sensor_decorator' retrieved from /Users/yoonmoon/git/learn-airflow/airflow1/py_env/lib/python3.11/site-packages/airflow/example_dags/example_sensor_decorator.py
[2024-11-13T20:04:39.194+1100] {logging_mixin.py:190} INFO - [2024-11-13T20:04:39.194+1100] {workday.py:41} WARNING - Could not import pandas. Holidays will not be considered.
[2024-11-13T20:04:39.200+1100] {logging_mixin.py:190} INFO - [2024-11-13T20:04:39.199+1100] {dag.py:3239} INFO - Sync 1 DAGs
[2024-11-13T20:04:39.203+1100] {logging_mixin.py:190} INFO - [2024-11-13T20:04:39.203+1100] {dag.py:4180} INFO - Setting next_dagrun for example_sensor_decorator to None, run_after=None
[2024-11-13T20:04:39.210+1100] {processor.py:208} INFO - Processing /Users/yoonmoon/git/learn-airflow/airflow1/py_env/lib/python3.11/site-packages/airflow/example_dags/example_sensor_decorator.py took 0.088 seconds
[2024-11-13T20:07:01.836+1100] {processor.py:186} INFO - Started process (PID=68402) to work on /Users/yoonmoon/git/learn-airflow/airflow1/py_env/lib/python3.11/site-packages/airflow/example_dags/example_sensor_decorator.py
[2024-11-13T20:07:01.837+1100] {processor.py:914} INFO - Processing file /Users/yoonmoon/git/learn-airflow/airflow1/py_env/lib/python3.11/site-packages/airflow/example_dags/example_sensor_decorator.py for tasks to queue
[2024-11-13T20:07:01.838+1100] {logging_mixin.py:190} INFO - [2024-11-13T20:07:01.838+1100] {dagbag.py:588} INFO - Filling up the DagBag from /Users/yoonmoon/git/learn-airflow/airflow1/py_env/lib/python3.11/site-packages/airflow/example_dags/example_sensor_decorator.py
[2024-11-13T20:07:01.851+1100] {processor.py:925} INFO - DAG(s) 'example_sensor_decorator' retrieved from /Users/yoonmoon/git/learn-airflow/airflow1/py_env/lib/python3.11/site-packages/airflow/example_dags/example_sensor_decorator.py
[2024-11-13T20:07:01.911+1100] {logging_mixin.py:190} INFO - [2024-11-13T20:07:01.911+1100] {workday.py:41} WARNING - Could not import pandas. Holidays will not be considered.
[2024-11-13T20:07:01.917+1100] {logging_mixin.py:190} INFO - [2024-11-13T20:07:01.917+1100] {dag.py:3239} INFO - Sync 1 DAGs
[2024-11-13T20:07:01.921+1100] {logging_mixin.py:190} INFO - [2024-11-13T20:07:01.921+1100] {dag.py:4180} INFO - Setting next_dagrun for example_sensor_decorator to None, run_after=None
[2024-11-13T20:07:01.928+1100] {processor.py:208} INFO - Processing /Users/yoonmoon/git/learn-airflow/airflow1/py_env/lib/python3.11/site-packages/airflow/example_dags/example_sensor_decorator.py took 0.094 seconds
[2024-11-13T20:09:22.305+1100] {processor.py:186} INFO - Started process (PID=68673) to work on /Users/yoonmoon/git/learn-airflow/airflow1/py_env/lib/python3.11/site-packages/airflow/example_dags/example_sensor_decorator.py
[2024-11-13T20:09:22.306+1100] {processor.py:914} INFO - Processing file /Users/yoonmoon/git/learn-airflow/airflow1/py_env/lib/python3.11/site-packages/airflow/example_dags/example_sensor_decorator.py for tasks to queue
[2024-11-13T20:09:22.306+1100] {logging_mixin.py:190} INFO - [2024-11-13T20:09:22.306+1100] {dagbag.py:588} INFO - Filling up the DagBag from /Users/yoonmoon/git/learn-airflow/airflow1/py_env/lib/python3.11/site-packages/airflow/example_dags/example_sensor_decorator.py
[2024-11-13T20:09:22.320+1100] {processor.py:925} INFO - DAG(s) 'example_sensor_decorator' retrieved from /Users/yoonmoon/git/learn-airflow/airflow1/py_env/lib/python3.11/site-packages/airflow/example_dags/example_sensor_decorator.py
[2024-11-13T20:09:22.377+1100] {logging_mixin.py:190} INFO - [2024-11-13T20:09:22.377+1100] {workday.py:41} WARNING - Could not import pandas. Holidays will not be considered.
[2024-11-13T20:09:22.383+1100] {logging_mixin.py:190} INFO - [2024-11-13T20:09:22.383+1100] {dag.py:3239} INFO - Sync 1 DAGs
[2024-11-13T20:09:22.387+1100] {logging_mixin.py:190} INFO - [2024-11-13T20:09:22.387+1100] {dag.py:4180} INFO - Setting next_dagrun for example_sensor_decorator to None, run_after=None
[2024-11-13T20:09:22.393+1100] {processor.py:208} INFO - Processing /Users/yoonmoon/git/learn-airflow/airflow1/py_env/lib/python3.11/site-packages/airflow/example_dags/example_sensor_decorator.py took 0.090 seconds
[2024-11-13T20:11:39.347+1100] {processor.py:186} INFO - Started process (PID=68944) to work on /Users/yoonmoon/git/learn-airflow/airflow1/py_env/lib/python3.11/site-packages/airflow/example_dags/example_sensor_decorator.py
[2024-11-13T20:11:39.349+1100] {processor.py:914} INFO - Processing file /Users/yoonmoon/git/learn-airflow/airflow1/py_env/lib/python3.11/site-packages/airflow/example_dags/example_sensor_decorator.py for tasks to queue
[2024-11-13T20:11:39.349+1100] {logging_mixin.py:190} INFO - [2024-11-13T20:11:39.349+1100] {dagbag.py:588} INFO - Filling up the DagBag from /Users/yoonmoon/git/learn-airflow/airflow1/py_env/lib/python3.11/site-packages/airflow/example_dags/example_sensor_decorator.py
[2024-11-13T20:11:39.362+1100] {processor.py:925} INFO - DAG(s) 'example_sensor_decorator' retrieved from /Users/yoonmoon/git/learn-airflow/airflow1/py_env/lib/python3.11/site-packages/airflow/example_dags/example_sensor_decorator.py
[2024-11-13T20:11:39.421+1100] {logging_mixin.py:190} INFO - [2024-11-13T20:11:39.421+1100] {workday.py:41} WARNING - Could not import pandas. Holidays will not be considered.
[2024-11-13T20:11:39.427+1100] {logging_mixin.py:190} INFO - [2024-11-13T20:11:39.427+1100] {dag.py:3239} INFO - Sync 1 DAGs
[2024-11-13T20:11:39.431+1100] {logging_mixin.py:190} INFO - [2024-11-13T20:11:39.431+1100] {dag.py:4180} INFO - Setting next_dagrun for example_sensor_decorator to None, run_after=None
[2024-11-13T20:11:39.438+1100] {processor.py:208} INFO - Processing /Users/yoonmoon/git/learn-airflow/airflow1/py_env/lib/python3.11/site-packages/airflow/example_dags/example_sensor_decorator.py took 0.093 seconds
[2024-11-13T20:13:54.976+1100] {processor.py:186} INFO - Started process (PID=69201) to work on /Users/yoonmoon/git/learn-airflow/airflow1/py_env/lib/python3.11/site-packages/airflow/example_dags/example_sensor_decorator.py
[2024-11-13T20:13:54.977+1100] {processor.py:914} INFO - Processing file /Users/yoonmoon/git/learn-airflow/airflow1/py_env/lib/python3.11/site-packages/airflow/example_dags/example_sensor_decorator.py for tasks to queue
[2024-11-13T20:13:54.977+1100] {logging_mixin.py:190} INFO - [2024-11-13T20:13:54.977+1100] {dagbag.py:588} INFO - Filling up the DagBag from /Users/yoonmoon/git/learn-airflow/airflow1/py_env/lib/python3.11/site-packages/airflow/example_dags/example_sensor_decorator.py
[2024-11-13T20:13:54.990+1100] {processor.py:925} INFO - DAG(s) 'example_sensor_decorator' retrieved from /Users/yoonmoon/git/learn-airflow/airflow1/py_env/lib/python3.11/site-packages/airflow/example_dags/example_sensor_decorator.py
[2024-11-13T20:13:55.047+1100] {logging_mixin.py:190} INFO - [2024-11-13T20:13:55.047+1100] {workday.py:41} WARNING - Could not import pandas. Holidays will not be considered.
[2024-11-13T20:13:55.058+1100] {logging_mixin.py:190} INFO - [2024-11-13T20:13:55.058+1100] {dag.py:3239} INFO - Sync 1 DAGs
[2024-11-13T20:13:55.062+1100] {logging_mixin.py:190} INFO - [2024-11-13T20:13:55.062+1100] {dag.py:4180} INFO - Setting next_dagrun for example_sensor_decorator to None, run_after=None
[2024-11-13T20:13:55.070+1100] {processor.py:208} INFO - Processing /Users/yoonmoon/git/learn-airflow/airflow1/py_env/lib/python3.11/site-packages/airflow/example_dags/example_sensor_decorator.py took 0.096 seconds
[2024-11-13T20:16:14.463+1100] {processor.py:186} INFO - Started process (PID=69448) to work on /Users/yoonmoon/git/learn-airflow/airflow1/py_env/lib/python3.11/site-packages/airflow/example_dags/example_sensor_decorator.py
[2024-11-13T20:16:14.465+1100] {processor.py:914} INFO - Processing file /Users/yoonmoon/git/learn-airflow/airflow1/py_env/lib/python3.11/site-packages/airflow/example_dags/example_sensor_decorator.py for tasks to queue
[2024-11-13T20:16:14.465+1100] {logging_mixin.py:190} INFO - [2024-11-13T20:16:14.465+1100] {dagbag.py:588} INFO - Filling up the DagBag from /Users/yoonmoon/git/learn-airflow/airflow1/py_env/lib/python3.11/site-packages/airflow/example_dags/example_sensor_decorator.py
[2024-11-13T20:16:14.479+1100] {processor.py:925} INFO - DAG(s) 'example_sensor_decorator' retrieved from /Users/yoonmoon/git/learn-airflow/airflow1/py_env/lib/python3.11/site-packages/airflow/example_dags/example_sensor_decorator.py
[2024-11-13T20:16:14.544+1100] {logging_mixin.py:190} INFO - [2024-11-13T20:16:14.543+1100] {workday.py:41} WARNING - Could not import pandas. Holidays will not be considered.
[2024-11-13T20:16:14.549+1100] {logging_mixin.py:190} INFO - [2024-11-13T20:16:14.549+1100] {dag.py:3239} INFO - Sync 1 DAGs
[2024-11-13T20:16:14.554+1100] {logging_mixin.py:190} INFO - [2024-11-13T20:16:14.554+1100] {dag.py:4180} INFO - Setting next_dagrun for example_sensor_decorator to None, run_after=None
[2024-11-13T20:16:14.563+1100] {processor.py:208} INFO - Processing /Users/yoonmoon/git/learn-airflow/airflow1/py_env/lib/python3.11/site-packages/airflow/example_dags/example_sensor_decorator.py took 0.102 seconds
[2024-11-13T20:18:32.773+1100] {processor.py:186} INFO - Started process (PID=69714) to work on /Users/yoonmoon/git/learn-airflow/airflow1/py_env/lib/python3.11/site-packages/airflow/example_dags/example_sensor_decorator.py
[2024-11-13T20:18:32.774+1100] {processor.py:914} INFO - Processing file /Users/yoonmoon/git/learn-airflow/airflow1/py_env/lib/python3.11/site-packages/airflow/example_dags/example_sensor_decorator.py for tasks to queue
[2024-11-13T20:18:32.775+1100] {logging_mixin.py:190} INFO - [2024-11-13T20:18:32.774+1100] {dagbag.py:588} INFO - Filling up the DagBag from /Users/yoonmoon/git/learn-airflow/airflow1/py_env/lib/python3.11/site-packages/airflow/example_dags/example_sensor_decorator.py
[2024-11-13T20:18:32.788+1100] {processor.py:925} INFO - DAG(s) 'example_sensor_decorator' retrieved from /Users/yoonmoon/git/learn-airflow/airflow1/py_env/lib/python3.11/site-packages/airflow/example_dags/example_sensor_decorator.py
[2024-11-13T20:18:32.846+1100] {logging_mixin.py:190} INFO - [2024-11-13T20:18:32.845+1100] {workday.py:41} WARNING - Could not import pandas. Holidays will not be considered.
[2024-11-13T20:18:32.852+1100] {logging_mixin.py:190} INFO - [2024-11-13T20:18:32.852+1100] {dag.py:3239} INFO - Sync 1 DAGs
[2024-11-13T20:18:32.857+1100] {logging_mixin.py:190} INFO - [2024-11-13T20:18:32.857+1100] {dag.py:4180} INFO - Setting next_dagrun for example_sensor_decorator to None, run_after=None
[2024-11-13T20:18:32.864+1100] {processor.py:208} INFO - Processing /Users/yoonmoon/git/learn-airflow/airflow1/py_env/lib/python3.11/site-packages/airflow/example_dags/example_sensor_decorator.py took 0.093 seconds
[2024-11-13T20:20:53.327+1100] {processor.py:186} INFO - Started process (PID=70075) to work on /Users/yoonmoon/git/learn-airflow/airflow1/py_env/lib/python3.11/site-packages/airflow/example_dags/example_sensor_decorator.py
[2024-11-13T20:20:53.329+1100] {processor.py:914} INFO - Processing file /Users/yoonmoon/git/learn-airflow/airflow1/py_env/lib/python3.11/site-packages/airflow/example_dags/example_sensor_decorator.py for tasks to queue
[2024-11-13T20:20:53.329+1100] {logging_mixin.py:190} INFO - [2024-11-13T20:20:53.329+1100] {dagbag.py:588} INFO - Filling up the DagBag from /Users/yoonmoon/git/learn-airflow/airflow1/py_env/lib/python3.11/site-packages/airflow/example_dags/example_sensor_decorator.py
[2024-11-13T20:20:53.343+1100] {processor.py:925} INFO - DAG(s) 'example_sensor_decorator' retrieved from /Users/yoonmoon/git/learn-airflow/airflow1/py_env/lib/python3.11/site-packages/airflow/example_dags/example_sensor_decorator.py
[2024-11-13T20:20:53.397+1100] {logging_mixin.py:190} INFO - [2024-11-13T20:20:53.397+1100] {workday.py:41} WARNING - Could not import pandas. Holidays will not be considered.
[2024-11-13T20:20:53.403+1100] {logging_mixin.py:190} INFO - [2024-11-13T20:20:53.403+1100] {dag.py:3239} INFO - Sync 1 DAGs
[2024-11-13T20:20:53.407+1100] {logging_mixin.py:190} INFO - [2024-11-13T20:20:53.406+1100] {dag.py:4180} INFO - Setting next_dagrun for example_sensor_decorator to None, run_after=None
[2024-11-13T20:20:53.414+1100] {processor.py:208} INFO - Processing /Users/yoonmoon/git/learn-airflow/airflow1/py_env/lib/python3.11/site-packages/airflow/example_dags/example_sensor_decorator.py took 0.089 seconds
[2024-11-13T20:23:06.541+1100] {processor.py:186} INFO - Started process (PID=70345) to work on /Users/yoonmoon/git/learn-airflow/airflow1/py_env/lib/python3.11/site-packages/airflow/example_dags/example_sensor_decorator.py
[2024-11-13T20:23:06.542+1100] {processor.py:914} INFO - Processing file /Users/yoonmoon/git/learn-airflow/airflow1/py_env/lib/python3.11/site-packages/airflow/example_dags/example_sensor_decorator.py for tasks to queue
[2024-11-13T20:23:06.543+1100] {logging_mixin.py:190} INFO - [2024-11-13T20:23:06.543+1100] {dagbag.py:588} INFO - Filling up the DagBag from /Users/yoonmoon/git/learn-airflow/airflow1/py_env/lib/python3.11/site-packages/airflow/example_dags/example_sensor_decorator.py
[2024-11-13T20:23:06.558+1100] {processor.py:925} INFO - DAG(s) 'example_sensor_decorator' retrieved from /Users/yoonmoon/git/learn-airflow/airflow1/py_env/lib/python3.11/site-packages/airflow/example_dags/example_sensor_decorator.py
[2024-11-13T20:23:06.612+1100] {logging_mixin.py:190} INFO - [2024-11-13T20:23:06.612+1100] {workday.py:41} WARNING - Could not import pandas. Holidays will not be considered.
[2024-11-13T20:23:06.618+1100] {logging_mixin.py:190} INFO - [2024-11-13T20:23:06.618+1100] {dag.py:3239} INFO - Sync 1 DAGs
[2024-11-13T20:23:06.622+1100] {logging_mixin.py:190} INFO - [2024-11-13T20:23:06.621+1100] {dag.py:4180} INFO - Setting next_dagrun for example_sensor_decorator to None, run_after=None
[2024-11-13T20:23:06.628+1100] {processor.py:208} INFO - Processing /Users/yoonmoon/git/learn-airflow/airflow1/py_env/lib/python3.11/site-packages/airflow/example_dags/example_sensor_decorator.py took 0.090 seconds
[2024-11-13T20:25:20.276+1100] {processor.py:186} INFO - Started process (PID=70602) to work on /Users/yoonmoon/git/learn-airflow/airflow1/py_env/lib/python3.11/site-packages/airflow/example_dags/example_sensor_decorator.py
[2024-11-13T20:25:20.278+1100] {processor.py:914} INFO - Processing file /Users/yoonmoon/git/learn-airflow/airflow1/py_env/lib/python3.11/site-packages/airflow/example_dags/example_sensor_decorator.py for tasks to queue
[2024-11-13T20:25:20.278+1100] {logging_mixin.py:190} INFO - [2024-11-13T20:25:20.278+1100] {dagbag.py:588} INFO - Filling up the DagBag from /Users/yoonmoon/git/learn-airflow/airflow1/py_env/lib/python3.11/site-packages/airflow/example_dags/example_sensor_decorator.py
[2024-11-13T20:25:20.292+1100] {processor.py:925} INFO - DAG(s) 'example_sensor_decorator' retrieved from /Users/yoonmoon/git/learn-airflow/airflow1/py_env/lib/python3.11/site-packages/airflow/example_dags/example_sensor_decorator.py
[2024-11-13T20:25:20.346+1100] {logging_mixin.py:190} INFO - [2024-11-13T20:25:20.346+1100] {workday.py:41} WARNING - Could not import pandas. Holidays will not be considered.
[2024-11-13T20:25:20.352+1100] {logging_mixin.py:190} INFO - [2024-11-13T20:25:20.352+1100] {dag.py:3239} INFO - Sync 1 DAGs
[2024-11-13T20:25:20.356+1100] {logging_mixin.py:190} INFO - [2024-11-13T20:25:20.356+1100] {dag.py:4180} INFO - Setting next_dagrun for example_sensor_decorator to None, run_after=None
[2024-11-13T20:25:20.362+1100] {processor.py:208} INFO - Processing /Users/yoonmoon/git/learn-airflow/airflow1/py_env/lib/python3.11/site-packages/airflow/example_dags/example_sensor_decorator.py took 0.089 seconds
[2024-11-13T20:27:40.533+1100] {processor.py:186} INFO - Started process (PID=70886) to work on /Users/yoonmoon/git/learn-airflow/airflow1/py_env/lib/python3.11/site-packages/airflow/example_dags/example_sensor_decorator.py
[2024-11-13T20:27:40.534+1100] {processor.py:914} INFO - Processing file /Users/yoonmoon/git/learn-airflow/airflow1/py_env/lib/python3.11/site-packages/airflow/example_dags/example_sensor_decorator.py for tasks to queue
[2024-11-13T20:27:40.534+1100] {logging_mixin.py:190} INFO - [2024-11-13T20:27:40.534+1100] {dagbag.py:588} INFO - Filling up the DagBag from /Users/yoonmoon/git/learn-airflow/airflow1/py_env/lib/python3.11/site-packages/airflow/example_dags/example_sensor_decorator.py
[2024-11-13T20:27:40.547+1100] {processor.py:925} INFO - DAG(s) 'example_sensor_decorator' retrieved from /Users/yoonmoon/git/learn-airflow/airflow1/py_env/lib/python3.11/site-packages/airflow/example_dags/example_sensor_decorator.py
[2024-11-13T20:27:40.602+1100] {logging_mixin.py:190} INFO - [2024-11-13T20:27:40.602+1100] {workday.py:41} WARNING - Could not import pandas. Holidays will not be considered.
[2024-11-13T20:27:40.608+1100] {logging_mixin.py:190} INFO - [2024-11-13T20:27:40.608+1100] {dag.py:3239} INFO - Sync 1 DAGs
[2024-11-13T20:27:40.612+1100] {logging_mixin.py:190} INFO - [2024-11-13T20:27:40.612+1100] {dag.py:4180} INFO - Setting next_dagrun for example_sensor_decorator to None, run_after=None
[2024-11-13T20:27:40.618+1100] {processor.py:208} INFO - Processing /Users/yoonmoon/git/learn-airflow/airflow1/py_env/lib/python3.11/site-packages/airflow/example_dags/example_sensor_decorator.py took 0.087 seconds
[2024-11-13T20:29:53.152+1100] {processor.py:186} INFO - Started process (PID=71155) to work on /Users/yoonmoon/git/learn-airflow/airflow1/py_env/lib/python3.11/site-packages/airflow/example_dags/example_sensor_decorator.py
[2024-11-13T20:29:53.153+1100] {processor.py:914} INFO - Processing file /Users/yoonmoon/git/learn-airflow/airflow1/py_env/lib/python3.11/site-packages/airflow/example_dags/example_sensor_decorator.py for tasks to queue
[2024-11-13T20:29:53.153+1100] {logging_mixin.py:190} INFO - [2024-11-13T20:29:53.153+1100] {dagbag.py:588} INFO - Filling up the DagBag from /Users/yoonmoon/git/learn-airflow/airflow1/py_env/lib/python3.11/site-packages/airflow/example_dags/example_sensor_decorator.py
[2024-11-13T20:29:53.168+1100] {processor.py:925} INFO - DAG(s) 'example_sensor_decorator' retrieved from /Users/yoonmoon/git/learn-airflow/airflow1/py_env/lib/python3.11/site-packages/airflow/example_dags/example_sensor_decorator.py
[2024-11-13T20:29:53.223+1100] {logging_mixin.py:190} INFO - [2024-11-13T20:29:53.223+1100] {workday.py:41} WARNING - Could not import pandas. Holidays will not be considered.
[2024-11-13T20:29:53.230+1100] {logging_mixin.py:190} INFO - [2024-11-13T20:29:53.230+1100] {dag.py:3239} INFO - Sync 1 DAGs
[2024-11-13T20:29:53.234+1100] {logging_mixin.py:190} INFO - [2024-11-13T20:29:53.234+1100] {dag.py:4180} INFO - Setting next_dagrun for example_sensor_decorator to None, run_after=None
[2024-11-13T20:29:53.240+1100] {processor.py:208} INFO - Processing /Users/yoonmoon/git/learn-airflow/airflow1/py_env/lib/python3.11/site-packages/airflow/example_dags/example_sensor_decorator.py took 0.090 seconds
[2024-11-13T20:32:12.783+1100] {processor.py:186} INFO - Started process (PID=71405) to work on /Users/yoonmoon/git/learn-airflow/airflow1/py_env/lib/python3.11/site-packages/airflow/example_dags/example_sensor_decorator.py
[2024-11-13T20:32:12.784+1100] {processor.py:914} INFO - Processing file /Users/yoonmoon/git/learn-airflow/airflow1/py_env/lib/python3.11/site-packages/airflow/example_dags/example_sensor_decorator.py for tasks to queue
[2024-11-13T20:32:12.784+1100] {logging_mixin.py:190} INFO - [2024-11-13T20:32:12.784+1100] {dagbag.py:588} INFO - Filling up the DagBag from /Users/yoonmoon/git/learn-airflow/airflow1/py_env/lib/python3.11/site-packages/airflow/example_dags/example_sensor_decorator.py
[2024-11-13T20:32:12.798+1100] {processor.py:925} INFO - DAG(s) 'example_sensor_decorator' retrieved from /Users/yoonmoon/git/learn-airflow/airflow1/py_env/lib/python3.11/site-packages/airflow/example_dags/example_sensor_decorator.py
[2024-11-13T20:32:12.854+1100] {logging_mixin.py:190} INFO - [2024-11-13T20:32:12.854+1100] {workday.py:41} WARNING - Could not import pandas. Holidays will not be considered.
[2024-11-13T20:32:12.860+1100] {logging_mixin.py:190} INFO - [2024-11-13T20:32:12.860+1100] {dag.py:3239} INFO - Sync 1 DAGs
[2024-11-13T20:32:12.864+1100] {logging_mixin.py:190} INFO - [2024-11-13T20:32:12.864+1100] {dag.py:4180} INFO - Setting next_dagrun for example_sensor_decorator to None, run_after=None
[2024-11-13T20:32:12.871+1100] {processor.py:208} INFO - Processing /Users/yoonmoon/git/learn-airflow/airflow1/py_env/lib/python3.11/site-packages/airflow/example_dags/example_sensor_decorator.py took 0.090 seconds
[2024-11-13T20:34:35.231+1100] {processor.py:186} INFO - Started process (PID=71667) to work on /Users/yoonmoon/git/learn-airflow/airflow1/py_env/lib/python3.11/site-packages/airflow/example_dags/example_sensor_decorator.py
[2024-11-13T20:34:35.232+1100] {processor.py:914} INFO - Processing file /Users/yoonmoon/git/learn-airflow/airflow1/py_env/lib/python3.11/site-packages/airflow/example_dags/example_sensor_decorator.py for tasks to queue
[2024-11-13T20:34:35.233+1100] {logging_mixin.py:190} INFO - [2024-11-13T20:34:35.233+1100] {dagbag.py:588} INFO - Filling up the DagBag from /Users/yoonmoon/git/learn-airflow/airflow1/py_env/lib/python3.11/site-packages/airflow/example_dags/example_sensor_decorator.py
[2024-11-13T20:34:35.247+1100] {processor.py:925} INFO - DAG(s) 'example_sensor_decorator' retrieved from /Users/yoonmoon/git/learn-airflow/airflow1/py_env/lib/python3.11/site-packages/airflow/example_dags/example_sensor_decorator.py
[2024-11-13T20:34:35.303+1100] {logging_mixin.py:190} INFO - [2024-11-13T20:34:35.302+1100] {workday.py:41} WARNING - Could not import pandas. Holidays will not be considered.
[2024-11-13T20:34:35.308+1100] {logging_mixin.py:190} INFO - [2024-11-13T20:34:35.308+1100] {dag.py:3239} INFO - Sync 1 DAGs
[2024-11-13T20:34:35.312+1100] {logging_mixin.py:190} INFO - [2024-11-13T20:34:35.312+1100] {dag.py:4180} INFO - Setting next_dagrun for example_sensor_decorator to None, run_after=None
[2024-11-13T20:34:35.318+1100] {processor.py:208} INFO - Processing /Users/yoonmoon/git/learn-airflow/airflow1/py_env/lib/python3.11/site-packages/airflow/example_dags/example_sensor_decorator.py took 0.089 seconds
[2024-11-13T20:36:53.889+1100] {processor.py:186} INFO - Started process (PID=71949) to work on /Users/yoonmoon/git/learn-airflow/airflow1/py_env/lib/python3.11/site-packages/airflow/example_dags/example_sensor_decorator.py
[2024-11-13T20:36:53.889+1100] {processor.py:914} INFO - Processing file /Users/yoonmoon/git/learn-airflow/airflow1/py_env/lib/python3.11/site-packages/airflow/example_dags/example_sensor_decorator.py for tasks to queue
[2024-11-13T20:36:53.890+1100] {logging_mixin.py:190} INFO - [2024-11-13T20:36:53.890+1100] {dagbag.py:588} INFO - Filling up the DagBag from /Users/yoonmoon/git/learn-airflow/airflow1/py_env/lib/python3.11/site-packages/airflow/example_dags/example_sensor_decorator.py
[2024-11-13T20:36:53.903+1100] {processor.py:925} INFO - DAG(s) 'example_sensor_decorator' retrieved from /Users/yoonmoon/git/learn-airflow/airflow1/py_env/lib/python3.11/site-packages/airflow/example_dags/example_sensor_decorator.py
[2024-11-13T20:36:53.958+1100] {logging_mixin.py:190} INFO - [2024-11-13T20:36:53.958+1100] {workday.py:41} WARNING - Could not import pandas. Holidays will not be considered.
[2024-11-13T20:36:53.963+1100] {logging_mixin.py:190} INFO - [2024-11-13T20:36:53.963+1100] {dag.py:3239} INFO - Sync 1 DAGs
[2024-11-13T20:36:53.967+1100] {logging_mixin.py:190} INFO - [2024-11-13T20:36:53.967+1100] {dag.py:4180} INFO - Setting next_dagrun for example_sensor_decorator to None, run_after=None
[2024-11-13T20:36:53.974+1100] {processor.py:208} INFO - Processing /Users/yoonmoon/git/learn-airflow/airflow1/py_env/lib/python3.11/site-packages/airflow/example_dags/example_sensor_decorator.py took 0.088 seconds
[2024-11-13T20:39:10.471+1100] {processor.py:186} INFO - Started process (PID=72238) to work on /Users/yoonmoon/git/learn-airflow/airflow1/py_env/lib/python3.11/site-packages/airflow/example_dags/example_sensor_decorator.py
[2024-11-13T20:39:10.473+1100] {processor.py:914} INFO - Processing file /Users/yoonmoon/git/learn-airflow/airflow1/py_env/lib/python3.11/site-packages/airflow/example_dags/example_sensor_decorator.py for tasks to queue
[2024-11-13T20:39:10.473+1100] {logging_mixin.py:190} INFO - [2024-11-13T20:39:10.473+1100] {dagbag.py:588} INFO - Filling up the DagBag from /Users/yoonmoon/git/learn-airflow/airflow1/py_env/lib/python3.11/site-packages/airflow/example_dags/example_sensor_decorator.py
[2024-11-13T20:39:10.487+1100] {processor.py:925} INFO - DAG(s) 'example_sensor_decorator' retrieved from /Users/yoonmoon/git/learn-airflow/airflow1/py_env/lib/python3.11/site-packages/airflow/example_dags/example_sensor_decorator.py
[2024-11-13T20:39:10.544+1100] {logging_mixin.py:190} INFO - [2024-11-13T20:39:10.543+1100] {workday.py:41} WARNING - Could not import pandas. Holidays will not be considered.
[2024-11-13T20:39:10.549+1100] {logging_mixin.py:190} INFO - [2024-11-13T20:39:10.549+1100] {dag.py:3239} INFO - Sync 1 DAGs
[2024-11-13T20:39:10.553+1100] {logging_mixin.py:190} INFO - [2024-11-13T20:39:10.553+1100] {dag.py:4180} INFO - Setting next_dagrun for example_sensor_decorator to None, run_after=None
[2024-11-13T20:39:10.560+1100] {processor.py:208} INFO - Processing /Users/yoonmoon/git/learn-airflow/airflow1/py_env/lib/python3.11/site-packages/airflow/example_dags/example_sensor_decorator.py took 0.091 seconds
[2024-11-13T20:41:31.457+1100] {processor.py:186} INFO - Started process (PID=72496) to work on /Users/yoonmoon/git/learn-airflow/airflow1/py_env/lib/python3.11/site-packages/airflow/example_dags/example_sensor_decorator.py
[2024-11-13T20:41:31.458+1100] {processor.py:914} INFO - Processing file /Users/yoonmoon/git/learn-airflow/airflow1/py_env/lib/python3.11/site-packages/airflow/example_dags/example_sensor_decorator.py for tasks to queue
[2024-11-13T20:41:31.459+1100] {logging_mixin.py:190} INFO - [2024-11-13T20:41:31.458+1100] {dagbag.py:588} INFO - Filling up the DagBag from /Users/yoonmoon/git/learn-airflow/airflow1/py_env/lib/python3.11/site-packages/airflow/example_dags/example_sensor_decorator.py
[2024-11-13T20:41:31.473+1100] {processor.py:925} INFO - DAG(s) 'example_sensor_decorator' retrieved from /Users/yoonmoon/git/learn-airflow/airflow1/py_env/lib/python3.11/site-packages/airflow/example_dags/example_sensor_decorator.py
[2024-11-13T20:41:31.530+1100] {logging_mixin.py:190} INFO - [2024-11-13T20:41:31.530+1100] {workday.py:41} WARNING - Could not import pandas. Holidays will not be considered.
[2024-11-13T20:41:31.536+1100] {logging_mixin.py:190} INFO - [2024-11-13T20:41:31.535+1100] {dag.py:3239} INFO - Sync 1 DAGs
[2024-11-13T20:41:31.539+1100] {logging_mixin.py:190} INFO - [2024-11-13T20:41:31.539+1100] {dag.py:4180} INFO - Setting next_dagrun for example_sensor_decorator to None, run_after=None
[2024-11-13T20:41:31.546+1100] {processor.py:208} INFO - Processing /Users/yoonmoon/git/learn-airflow/airflow1/py_env/lib/python3.11/site-packages/airflow/example_dags/example_sensor_decorator.py took 0.091 seconds
[2024-11-13T20:43:46.567+1100] {processor.py:186} INFO - Started process (PID=72746) to work on /Users/yoonmoon/git/learn-airflow/airflow1/py_env/lib/python3.11/site-packages/airflow/example_dags/example_sensor_decorator.py
[2024-11-13T20:43:46.568+1100] {processor.py:914} INFO - Processing file /Users/yoonmoon/git/learn-airflow/airflow1/py_env/lib/python3.11/site-packages/airflow/example_dags/example_sensor_decorator.py for tasks to queue
[2024-11-13T20:43:46.569+1100] {logging_mixin.py:190} INFO - [2024-11-13T20:43:46.569+1100] {dagbag.py:588} INFO - Filling up the DagBag from /Users/yoonmoon/git/learn-airflow/airflow1/py_env/lib/python3.11/site-packages/airflow/example_dags/example_sensor_decorator.py
[2024-11-13T20:43:46.585+1100] {processor.py:925} INFO - DAG(s) 'example_sensor_decorator' retrieved from /Users/yoonmoon/git/learn-airflow/airflow1/py_env/lib/python3.11/site-packages/airflow/example_dags/example_sensor_decorator.py
[2024-11-13T20:43:46.645+1100] {logging_mixin.py:190} INFO - [2024-11-13T20:43:46.645+1100] {workday.py:41} WARNING - Could not import pandas. Holidays will not be considered.
[2024-11-13T20:43:46.652+1100] {logging_mixin.py:190} INFO - [2024-11-13T20:43:46.652+1100] {dag.py:3239} INFO - Sync 1 DAGs
[2024-11-13T20:43:46.656+1100] {logging_mixin.py:190} INFO - [2024-11-13T20:43:46.656+1100] {dag.py:4180} INFO - Setting next_dagrun for example_sensor_decorator to None, run_after=None
[2024-11-13T20:43:46.665+1100] {processor.py:208} INFO - Processing /Users/yoonmoon/git/learn-airflow/airflow1/py_env/lib/python3.11/site-packages/airflow/example_dags/example_sensor_decorator.py took 0.101 seconds
[2024-11-13T20:46:10.904+1100] {processor.py:186} INFO - Started process (PID=73021) to work on /Users/yoonmoon/git/learn-airflow/airflow1/py_env/lib/python3.11/site-packages/airflow/example_dags/example_sensor_decorator.py
[2024-11-13T20:46:10.906+1100] {processor.py:914} INFO - Processing file /Users/yoonmoon/git/learn-airflow/airflow1/py_env/lib/python3.11/site-packages/airflow/example_dags/example_sensor_decorator.py for tasks to queue
[2024-11-13T20:46:10.906+1100] {logging_mixin.py:190} INFO - [2024-11-13T20:46:10.906+1100] {dagbag.py:588} INFO - Filling up the DagBag from /Users/yoonmoon/git/learn-airflow/airflow1/py_env/lib/python3.11/site-packages/airflow/example_dags/example_sensor_decorator.py
[2024-11-13T20:46:10.920+1100] {processor.py:925} INFO - DAG(s) 'example_sensor_decorator' retrieved from /Users/yoonmoon/git/learn-airflow/airflow1/py_env/lib/python3.11/site-packages/airflow/example_dags/example_sensor_decorator.py
[2024-11-13T20:46:10.976+1100] {logging_mixin.py:190} INFO - [2024-11-13T20:46:10.976+1100] {workday.py:41} WARNING - Could not import pandas. Holidays will not be considered.
[2024-11-13T20:46:10.982+1100] {logging_mixin.py:190} INFO - [2024-11-13T20:46:10.982+1100] {dag.py:3239} INFO - Sync 1 DAGs
[2024-11-13T20:46:10.986+1100] {logging_mixin.py:190} INFO - [2024-11-13T20:46:10.986+1100] {dag.py:4180} INFO - Setting next_dagrun for example_sensor_decorator to None, run_after=None
[2024-11-13T20:46:10.993+1100] {processor.py:208} INFO - Processing /Users/yoonmoon/git/learn-airflow/airflow1/py_env/lib/python3.11/site-packages/airflow/example_dags/example_sensor_decorator.py took 0.091 seconds
[2024-11-13T20:48:33.471+1100] {processor.py:186} INFO - Started process (PID=73304) to work on /Users/yoonmoon/git/learn-airflow/airflow1/py_env/lib/python3.11/site-packages/airflow/example_dags/example_sensor_decorator.py
[2024-11-13T20:48:33.473+1100] {processor.py:914} INFO - Processing file /Users/yoonmoon/git/learn-airflow/airflow1/py_env/lib/python3.11/site-packages/airflow/example_dags/example_sensor_decorator.py for tasks to queue
[2024-11-13T20:48:33.473+1100] {logging_mixin.py:190} INFO - [2024-11-13T20:48:33.473+1100] {dagbag.py:588} INFO - Filling up the DagBag from /Users/yoonmoon/git/learn-airflow/airflow1/py_env/lib/python3.11/site-packages/airflow/example_dags/example_sensor_decorator.py
[2024-11-13T20:48:33.488+1100] {processor.py:925} INFO - DAG(s) 'example_sensor_decorator' retrieved from /Users/yoonmoon/git/learn-airflow/airflow1/py_env/lib/python3.11/site-packages/airflow/example_dags/example_sensor_decorator.py
[2024-11-13T20:48:33.549+1100] {logging_mixin.py:190} INFO - [2024-11-13T20:48:33.549+1100] {workday.py:41} WARNING - Could not import pandas. Holidays will not be considered.
[2024-11-13T20:48:33.556+1100] {logging_mixin.py:190} INFO - [2024-11-13T20:48:33.556+1100] {dag.py:3239} INFO - Sync 1 DAGs
[2024-11-13T20:48:33.560+1100] {logging_mixin.py:190} INFO - [2024-11-13T20:48:33.560+1100] {dag.py:4180} INFO - Setting next_dagrun for example_sensor_decorator to None, run_after=None
[2024-11-13T20:48:33.568+1100] {processor.py:208} INFO - Processing /Users/yoonmoon/git/learn-airflow/airflow1/py_env/lib/python3.11/site-packages/airflow/example_dags/example_sensor_decorator.py took 0.100 seconds
[2024-11-13T20:50:59.260+1100] {processor.py:186} INFO - Started process (PID=73574) to work on /Users/yoonmoon/git/learn-airflow/airflow1/py_env/lib/python3.11/site-packages/airflow/example_dags/example_sensor_decorator.py
[2024-11-13T20:50:59.262+1100] {processor.py:914} INFO - Processing file /Users/yoonmoon/git/learn-airflow/airflow1/py_env/lib/python3.11/site-packages/airflow/example_dags/example_sensor_decorator.py for tasks to queue
[2024-11-13T20:50:59.263+1100] {logging_mixin.py:190} INFO - [2024-11-13T20:50:59.263+1100] {dagbag.py:588} INFO - Filling up the DagBag from /Users/yoonmoon/git/learn-airflow/airflow1/py_env/lib/python3.11/site-packages/airflow/example_dags/example_sensor_decorator.py
[2024-11-13T20:50:59.276+1100] {processor.py:925} INFO - DAG(s) 'example_sensor_decorator' retrieved from /Users/yoonmoon/git/learn-airflow/airflow1/py_env/lib/python3.11/site-packages/airflow/example_dags/example_sensor_decorator.py
[2024-11-13T20:50:59.331+1100] {logging_mixin.py:190} INFO - [2024-11-13T20:50:59.330+1100] {workday.py:41} WARNING - Could not import pandas. Holidays will not be considered.
[2024-11-13T20:50:59.336+1100] {logging_mixin.py:190} INFO - [2024-11-13T20:50:59.336+1100] {dag.py:3239} INFO - Sync 1 DAGs
[2024-11-13T20:50:59.340+1100] {logging_mixin.py:190} INFO - [2024-11-13T20:50:59.340+1100] {dag.py:4180} INFO - Setting next_dagrun for example_sensor_decorator to None, run_after=None
[2024-11-13T20:50:59.348+1100] {processor.py:208} INFO - Processing /Users/yoonmoon/git/learn-airflow/airflow1/py_env/lib/python3.11/site-packages/airflow/example_dags/example_sensor_decorator.py took 0.091 seconds
