[2024-11-13T19:29:45.673+1100] {processor.py:186} INFO - Started process (PID=63769) to work on /Users/yoonmoon/git/learn-airflow/airflow1/py_env/lib/python3.11/site-packages/airflow/example_dags/example_latest_only.py
[2024-11-13T19:29:45.673+1100] {processor.py:914} INFO - Processing file /Users/yoonmoon/git/learn-airflow/airflow1/py_env/lib/python3.11/site-packages/airflow/example_dags/example_latest_only.py for tasks to queue
[2024-11-13T19:29:45.674+1100] {logging_mixin.py:190} INFO - [2024-11-13T19:29:45.674+1100] {dagbag.py:588} INFO - Filling up the DagBag from /Users/yoonmoon/git/learn-airflow/airflow1/py_env/lib/python3.11/site-packages/airflow/example_dags/example_latest_only.py
[2024-11-13T19:29:45.677+1100] {processor.py:925} INFO - DAG(s) 'latest_only' retrieved from /Users/yoonmoon/git/learn-airflow/airflow1/py_env/lib/python3.11/site-packages/airflow/example_dags/example_latest_only.py
[2024-11-13T19:29:45.770+1100] {logging_mixin.py:190} INFO - [2024-11-13T19:29:45.770+1100] {override.py:1911} INFO - Created Permission View: can read on DAG:latest_only
[2024-11-13T19:29:45.773+1100] {logging_mixin.py:190} INFO - [2024-11-13T19:29:45.773+1100] {override.py:1911} INFO - Created Permission View: can delete on DAG:latest_only
[2024-11-13T19:29:45.775+1100] {logging_mixin.py:190} INFO - [2024-11-13T19:29:45.775+1100] {override.py:1911} INFO - Created Permission View: can edit on DAG:latest_only
[2024-11-13T19:29:45.777+1100] {logging_mixin.py:190} INFO - [2024-11-13T19:29:45.777+1100] {override.py:1911} INFO - Created Permission View: menu access on DAG Run:latest_only
[2024-11-13T19:29:45.779+1100] {logging_mixin.py:190} INFO - [2024-11-13T19:29:45.779+1100] {override.py:1911} INFO - Created Permission View: can read on DAG Run:latest_only
[2024-11-13T19:29:45.781+1100] {logging_mixin.py:190} INFO - [2024-11-13T19:29:45.781+1100] {override.py:1911} INFO - Created Permission View: can delete on DAG Run:latest_only
[2024-11-13T19:29:45.783+1100] {logging_mixin.py:190} INFO - [2024-11-13T19:29:45.783+1100] {override.py:1911} INFO - Created Permission View: can create on DAG Run:latest_only
[2024-11-13T19:29:45.783+1100] {logging_mixin.py:190} INFO - [2024-11-13T19:29:45.783+1100] {dag.py:3239} INFO - Sync 1 DAGs
[2024-11-13T19:29:45.787+1100] {logging_mixin.py:190} INFO - [2024-11-13T19:29:45.787+1100] {dag.py:3262} INFO - Creating ORM DAG for latest_only
[2024-11-13T19:29:45.790+1100] {logging_mixin.py:190} INFO - [2024-11-13T19:29:45.790+1100] {dag.py:4180} INFO - Setting next_dagrun for latest_only to 2024-11-13 04:00:00+00:00, run_after=2024-11-13 08:00:00+00:00
[2024-11-13T19:29:45.795+1100] {processor.py:208} INFO - Processing /Users/yoonmoon/git/learn-airflow/airflow1/py_env/lib/python3.11/site-packages/airflow/example_dags/example_latest_only.py took 0.125 seconds
[2024-11-13T19:31:27.867+1100] {processor.py:186} INFO - Started process (PID=63980) to work on /Users/yoonmoon/git/learn-airflow/airflow1/py_env/lib/python3.11/site-packages/airflow/example_dags/example_latest_only.py
[2024-11-13T19:31:27.868+1100] {processor.py:914} INFO - Processing file /Users/yoonmoon/git/learn-airflow/airflow1/py_env/lib/python3.11/site-packages/airflow/example_dags/example_latest_only.py for tasks to queue
[2024-11-13T19:31:27.868+1100] {logging_mixin.py:190} INFO - [2024-11-13T19:31:27.868+1100] {dagbag.py:588} INFO - Filling up the DagBag from /Users/yoonmoon/git/learn-airflow/airflow1/py_env/lib/python3.11/site-packages/airflow/example_dags/example_latest_only.py
[2024-11-13T19:31:27.871+1100] {processor.py:925} INFO - DAG(s) 'latest_only' retrieved from /Users/yoonmoon/git/learn-airflow/airflow1/py_env/lib/python3.11/site-packages/airflow/example_dags/example_latest_only.py
[2024-11-13T19:31:27.940+1100] {logging_mixin.py:190} INFO - [2024-11-13T19:31:27.940+1100] {dag.py:3239} INFO - Sync 1 DAGs
[2024-11-13T19:31:27.947+1100] {logging_mixin.py:190} INFO - [2024-11-13T19:31:27.947+1100] {dag.py:4180} INFO - Setting next_dagrun for latest_only to 2024-11-13 04:00:00+00:00, run_after=2024-11-13 08:00:00+00:00
[2024-11-13T19:31:27.954+1100] {processor.py:208} INFO - Processing /Users/yoonmoon/git/learn-airflow/airflow1/py_env/lib/python3.11/site-packages/airflow/example_dags/example_latest_only.py took 0.090 seconds
[2024-11-13T19:33:48.466+1100] {processor.py:186} INFO - Started process (PID=64448) to work on /Users/yoonmoon/git/learn-airflow/airflow1/py_env/lib/python3.11/site-packages/airflow/example_dags/example_latest_only.py
[2024-11-13T19:33:48.467+1100] {processor.py:914} INFO - Processing file /Users/yoonmoon/git/learn-airflow/airflow1/py_env/lib/python3.11/site-packages/airflow/example_dags/example_latest_only.py for tasks to queue
[2024-11-13T19:33:48.468+1100] {logging_mixin.py:190} INFO - [2024-11-13T19:33:48.467+1100] {dagbag.py:588} INFO - Filling up the DagBag from /Users/yoonmoon/git/learn-airflow/airflow1/py_env/lib/python3.11/site-packages/airflow/example_dags/example_latest_only.py
[2024-11-13T19:33:48.471+1100] {processor.py:925} INFO - DAG(s) 'latest_only' retrieved from /Users/yoonmoon/git/learn-airflow/airflow1/py_env/lib/python3.11/site-packages/airflow/example_dags/example_latest_only.py
[2024-11-13T19:33:48.530+1100] {logging_mixin.py:190} INFO - [2024-11-13T19:33:48.530+1100] {dag.py:3239} INFO - Sync 1 DAGs
[2024-11-13T19:33:48.537+1100] {logging_mixin.py:190} INFO - [2024-11-13T19:33:48.537+1100] {dag.py:4180} INFO - Setting next_dagrun for latest_only to 2024-11-13 04:00:00+00:00, run_after=2024-11-13 08:00:00+00:00
[2024-11-13T19:33:48.543+1100] {processor.py:208} INFO - Processing /Users/yoonmoon/git/learn-airflow/airflow1/py_env/lib/python3.11/site-packages/airflow/example_dags/example_latest_only.py took 0.079 seconds
[2024-11-13T19:36:24.058+1100] {processor.py:186} INFO - Started process (PID=64878) to work on /Users/yoonmoon/git/learn-airflow/airflow1/py_env/lib/python3.11/site-packages/airflow/example_dags/example_latest_only.py
[2024-11-13T19:36:24.059+1100] {processor.py:914} INFO - Processing file /Users/yoonmoon/git/learn-airflow/airflow1/py_env/lib/python3.11/site-packages/airflow/example_dags/example_latest_only.py for tasks to queue
[2024-11-13T19:36:24.059+1100] {logging_mixin.py:190} INFO - [2024-11-13T19:36:24.059+1100] {dagbag.py:588} INFO - Filling up the DagBag from /Users/yoonmoon/git/learn-airflow/airflow1/py_env/lib/python3.11/site-packages/airflow/example_dags/example_latest_only.py
[2024-11-13T19:36:24.063+1100] {processor.py:925} INFO - DAG(s) 'latest_only' retrieved from /Users/yoonmoon/git/learn-airflow/airflow1/py_env/lib/python3.11/site-packages/airflow/example_dags/example_latest_only.py
[2024-11-13T19:36:24.123+1100] {logging_mixin.py:190} INFO - [2024-11-13T19:36:24.122+1100] {dag.py:3239} INFO - Sync 1 DAGs
[2024-11-13T19:36:24.128+1100] {logging_mixin.py:190} INFO - [2024-11-13T19:36:24.128+1100] {dag.py:4180} INFO - Setting next_dagrun for latest_only to 2024-11-13 04:00:00+00:00, run_after=2024-11-13 08:00:00+00:00
[2024-11-13T19:36:24.135+1100] {processor.py:208} INFO - Processing /Users/yoonmoon/git/learn-airflow/airflow1/py_env/lib/python3.11/site-packages/airflow/example_dags/example_latest_only.py took 0.079 seconds
[2024-11-13T19:38:40.802+1100] {processor.py:186} INFO - Started process (PID=65161) to work on /Users/yoonmoon/git/learn-airflow/airflow1/py_env/lib/python3.11/site-packages/airflow/example_dags/example_latest_only.py
[2024-11-13T19:38:40.803+1100] {processor.py:914} INFO - Processing file /Users/yoonmoon/git/learn-airflow/airflow1/py_env/lib/python3.11/site-packages/airflow/example_dags/example_latest_only.py for tasks to queue
[2024-11-13T19:38:40.803+1100] {logging_mixin.py:190} INFO - [2024-11-13T19:38:40.803+1100] {dagbag.py:588} INFO - Filling up the DagBag from /Users/yoonmoon/git/learn-airflow/airflow1/py_env/lib/python3.11/site-packages/airflow/example_dags/example_latest_only.py
[2024-11-13T19:38:40.806+1100] {processor.py:925} INFO - DAG(s) 'latest_only' retrieved from /Users/yoonmoon/git/learn-airflow/airflow1/py_env/lib/python3.11/site-packages/airflow/example_dags/example_latest_only.py
[2024-11-13T19:38:40.865+1100] {logging_mixin.py:190} INFO - [2024-11-13T19:38:40.865+1100] {dag.py:3239} INFO - Sync 1 DAGs
[2024-11-13T19:38:40.871+1100] {logging_mixin.py:190} INFO - [2024-11-13T19:38:40.871+1100] {dag.py:4180} INFO - Setting next_dagrun for latest_only to 2024-11-13 04:00:00+00:00, run_after=2024-11-13 08:00:00+00:00
[2024-11-13T19:38:40.878+1100] {processor.py:208} INFO - Processing /Users/yoonmoon/git/learn-airflow/airflow1/py_env/lib/python3.11/site-packages/airflow/example_dags/example_latest_only.py took 0.078 seconds
[2024-11-13T19:40:57.020+1100] {processor.py:186} INFO - Started process (PID=65452) to work on /Users/yoonmoon/git/learn-airflow/airflow1/py_env/lib/python3.11/site-packages/airflow/example_dags/example_latest_only.py
[2024-11-13T19:40:57.021+1100] {processor.py:914} INFO - Processing file /Users/yoonmoon/git/learn-airflow/airflow1/py_env/lib/python3.11/site-packages/airflow/example_dags/example_latest_only.py for tasks to queue
[2024-11-13T19:40:57.022+1100] {logging_mixin.py:190} INFO - [2024-11-13T19:40:57.022+1100] {dagbag.py:588} INFO - Filling up the DagBag from /Users/yoonmoon/git/learn-airflow/airflow1/py_env/lib/python3.11/site-packages/airflow/example_dags/example_latest_only.py
[2024-11-13T19:40:57.025+1100] {processor.py:925} INFO - DAG(s) 'latest_only' retrieved from /Users/yoonmoon/git/learn-airflow/airflow1/py_env/lib/python3.11/site-packages/airflow/example_dags/example_latest_only.py
[2024-11-13T19:40:57.084+1100] {logging_mixin.py:190} INFO - [2024-11-13T19:40:57.084+1100] {dag.py:3239} INFO - Sync 1 DAGs
[2024-11-13T19:40:57.089+1100] {logging_mixin.py:190} INFO - [2024-11-13T19:40:57.089+1100] {dag.py:4180} INFO - Setting next_dagrun for latest_only to 2024-11-13 04:00:00+00:00, run_after=2024-11-13 08:00:00+00:00
[2024-11-13T19:40:57.095+1100] {processor.py:208} INFO - Processing /Users/yoonmoon/git/learn-airflow/airflow1/py_env/lib/python3.11/site-packages/airflow/example_dags/example_latest_only.py took 0.077 seconds
[2024-11-13T19:43:16.457+1100] {processor.py:186} INFO - Started process (PID=65718) to work on /Users/yoonmoon/git/learn-airflow/airflow1/py_env/lib/python3.11/site-packages/airflow/example_dags/example_latest_only.py
[2024-11-13T19:43:16.459+1100] {processor.py:914} INFO - Processing file /Users/yoonmoon/git/learn-airflow/airflow1/py_env/lib/python3.11/site-packages/airflow/example_dags/example_latest_only.py for tasks to queue
[2024-11-13T19:43:16.459+1100] {logging_mixin.py:190} INFO - [2024-11-13T19:43:16.459+1100] {dagbag.py:588} INFO - Filling up the DagBag from /Users/yoonmoon/git/learn-airflow/airflow1/py_env/lib/python3.11/site-packages/airflow/example_dags/example_latest_only.py
[2024-11-13T19:43:16.463+1100] {processor.py:925} INFO - DAG(s) 'latest_only' retrieved from /Users/yoonmoon/git/learn-airflow/airflow1/py_env/lib/python3.11/site-packages/airflow/example_dags/example_latest_only.py
[2024-11-13T19:43:16.521+1100] {logging_mixin.py:190} INFO - [2024-11-13T19:43:16.521+1100] {dag.py:3239} INFO - Sync 1 DAGs
[2024-11-13T19:43:16.526+1100] {logging_mixin.py:190} INFO - [2024-11-13T19:43:16.526+1100] {dag.py:4180} INFO - Setting next_dagrun for latest_only to 2024-11-13 04:00:00+00:00, run_after=2024-11-13 08:00:00+00:00
[2024-11-13T19:43:16.533+1100] {processor.py:208} INFO - Processing /Users/yoonmoon/git/learn-airflow/airflow1/py_env/lib/python3.11/site-packages/airflow/example_dags/example_latest_only.py took 0.078 seconds
[2024-11-13T19:45:32.889+1100] {processor.py:186} INFO - Started process (PID=65986) to work on /Users/yoonmoon/git/learn-airflow/airflow1/py_env/lib/python3.11/site-packages/airflow/example_dags/example_latest_only.py
[2024-11-13T19:45:32.890+1100] {processor.py:914} INFO - Processing file /Users/yoonmoon/git/learn-airflow/airflow1/py_env/lib/python3.11/site-packages/airflow/example_dags/example_latest_only.py for tasks to queue
[2024-11-13T19:45:32.891+1100] {logging_mixin.py:190} INFO - [2024-11-13T19:45:32.891+1100] {dagbag.py:588} INFO - Filling up the DagBag from /Users/yoonmoon/git/learn-airflow/airflow1/py_env/lib/python3.11/site-packages/airflow/example_dags/example_latest_only.py
[2024-11-13T19:45:32.894+1100] {processor.py:925} INFO - DAG(s) 'latest_only' retrieved from /Users/yoonmoon/git/learn-airflow/airflow1/py_env/lib/python3.11/site-packages/airflow/example_dags/example_latest_only.py
[2024-11-13T19:45:32.954+1100] {logging_mixin.py:190} INFO - [2024-11-13T19:45:32.953+1100] {dag.py:3239} INFO - Sync 1 DAGs
[2024-11-13T19:45:32.972+1100] {logging_mixin.py:190} INFO - [2024-11-13T19:45:32.971+1100] {dag.py:4180} INFO - Setting next_dagrun for latest_only to 2024-11-13 04:00:00+00:00, run_after=2024-11-13 08:00:00+00:00
[2024-11-13T19:45:32.979+1100] {processor.py:208} INFO - Processing /Users/yoonmoon/git/learn-airflow/airflow1/py_env/lib/python3.11/site-packages/airflow/example_dags/example_latest_only.py took 0.092 seconds
[2024-11-13T19:47:44.338+1100] {processor.py:186} INFO - Started process (PID=66236) to work on /Users/yoonmoon/git/learn-airflow/airflow1/py_env/lib/python3.11/site-packages/airflow/example_dags/example_latest_only.py
[2024-11-13T19:47:44.340+1100] {processor.py:914} INFO - Processing file /Users/yoonmoon/git/learn-airflow/airflow1/py_env/lib/python3.11/site-packages/airflow/example_dags/example_latest_only.py for tasks to queue
[2024-11-13T19:47:44.340+1100] {logging_mixin.py:190} INFO - [2024-11-13T19:47:44.340+1100] {dagbag.py:588} INFO - Filling up the DagBag from /Users/yoonmoon/git/learn-airflow/airflow1/py_env/lib/python3.11/site-packages/airflow/example_dags/example_latest_only.py
[2024-11-13T19:47:44.344+1100] {processor.py:925} INFO - DAG(s) 'latest_only' retrieved from /Users/yoonmoon/git/learn-airflow/airflow1/py_env/lib/python3.11/site-packages/airflow/example_dags/example_latest_only.py
[2024-11-13T19:47:44.408+1100] {logging_mixin.py:190} INFO - [2024-11-13T19:47:44.408+1100] {dag.py:3239} INFO - Sync 1 DAGs
[2024-11-13T19:47:44.414+1100] {logging_mixin.py:190} INFO - [2024-11-13T19:47:44.414+1100] {dag.py:4180} INFO - Setting next_dagrun for latest_only to 2024-11-13 04:00:00+00:00, run_after=2024-11-13 08:00:00+00:00
[2024-11-13T19:47:44.420+1100] {processor.py:208} INFO - Processing /Users/yoonmoon/git/learn-airflow/airflow1/py_env/lib/python3.11/site-packages/airflow/example_dags/example_latest_only.py took 0.084 seconds
[2024-11-13T19:49:51.552+1100] {processor.py:186} INFO - Started process (PID=66468) to work on /Users/yoonmoon/git/learn-airflow/airflow1/py_env/lib/python3.11/site-packages/airflow/example_dags/example_latest_only.py
[2024-11-13T19:49:51.553+1100] {processor.py:914} INFO - Processing file /Users/yoonmoon/git/learn-airflow/airflow1/py_env/lib/python3.11/site-packages/airflow/example_dags/example_latest_only.py for tasks to queue
[2024-11-13T19:49:51.554+1100] {logging_mixin.py:190} INFO - [2024-11-13T19:49:51.554+1100] {dagbag.py:588} INFO - Filling up the DagBag from /Users/yoonmoon/git/learn-airflow/airflow1/py_env/lib/python3.11/site-packages/airflow/example_dags/example_latest_only.py
[2024-11-13T19:49:51.557+1100] {processor.py:925} INFO - DAG(s) 'latest_only' retrieved from /Users/yoonmoon/git/learn-airflow/airflow1/py_env/lib/python3.11/site-packages/airflow/example_dags/example_latest_only.py
[2024-11-13T19:49:51.616+1100] {logging_mixin.py:190} INFO - [2024-11-13T19:49:51.615+1100] {dag.py:3239} INFO - Sync 1 DAGs
[2024-11-13T19:49:51.621+1100] {logging_mixin.py:190} INFO - [2024-11-13T19:49:51.621+1100] {dag.py:4180} INFO - Setting next_dagrun for latest_only to 2024-11-13 04:00:00+00:00, run_after=2024-11-13 08:00:00+00:00
[2024-11-13T19:49:51.628+1100] {processor.py:208} INFO - Processing /Users/yoonmoon/git/learn-airflow/airflow1/py_env/lib/python3.11/site-packages/airflow/example_dags/example_latest_only.py took 0.078 seconds
[2024-11-13T19:52:10.687+1100] {processor.py:186} INFO - Started process (PID=66718) to work on /Users/yoonmoon/git/learn-airflow/airflow1/py_env/lib/python3.11/site-packages/airflow/example_dags/example_latest_only.py
[2024-11-13T19:52:10.689+1100] {processor.py:914} INFO - Processing file /Users/yoonmoon/git/learn-airflow/airflow1/py_env/lib/python3.11/site-packages/airflow/example_dags/example_latest_only.py for tasks to queue
[2024-11-13T19:52:10.689+1100] {logging_mixin.py:190} INFO - [2024-11-13T19:52:10.689+1100] {dagbag.py:588} INFO - Filling up the DagBag from /Users/yoonmoon/git/learn-airflow/airflow1/py_env/lib/python3.11/site-packages/airflow/example_dags/example_latest_only.py
[2024-11-13T19:52:10.692+1100] {processor.py:925} INFO - DAG(s) 'latest_only' retrieved from /Users/yoonmoon/git/learn-airflow/airflow1/py_env/lib/python3.11/site-packages/airflow/example_dags/example_latest_only.py
[2024-11-13T19:52:10.751+1100] {logging_mixin.py:190} INFO - [2024-11-13T19:52:10.751+1100] {dag.py:3239} INFO - Sync 1 DAGs
[2024-11-13T19:52:10.757+1100] {logging_mixin.py:190} INFO - [2024-11-13T19:52:10.757+1100] {dag.py:4180} INFO - Setting next_dagrun for latest_only to 2024-11-13 04:00:00+00:00, run_after=2024-11-13 08:00:00+00:00
[2024-11-13T19:52:10.763+1100] {processor.py:208} INFO - Processing /Users/yoonmoon/git/learn-airflow/airflow1/py_env/lib/python3.11/site-packages/airflow/example_dags/example_latest_only.py took 0.078 seconds
[2024-11-13T19:54:31.003+1100] {processor.py:186} INFO - Started process (PID=66995) to work on /Users/yoonmoon/git/learn-airflow/airflow1/py_env/lib/python3.11/site-packages/airflow/example_dags/example_latest_only.py
[2024-11-13T19:54:31.005+1100] {processor.py:914} INFO - Processing file /Users/yoonmoon/git/learn-airflow/airflow1/py_env/lib/python3.11/site-packages/airflow/example_dags/example_latest_only.py for tasks to queue
[2024-11-13T19:54:31.005+1100] {logging_mixin.py:190} INFO - [2024-11-13T19:54:31.005+1100] {dagbag.py:588} INFO - Filling up the DagBag from /Users/yoonmoon/git/learn-airflow/airflow1/py_env/lib/python3.11/site-packages/airflow/example_dags/example_latest_only.py
[2024-11-13T19:54:31.008+1100] {processor.py:925} INFO - DAG(s) 'latest_only' retrieved from /Users/yoonmoon/git/learn-airflow/airflow1/py_env/lib/python3.11/site-packages/airflow/example_dags/example_latest_only.py
[2024-11-13T19:54:31.067+1100] {logging_mixin.py:190} INFO - [2024-11-13T19:54:31.067+1100] {dag.py:3239} INFO - Sync 1 DAGs
[2024-11-13T19:54:31.073+1100] {logging_mixin.py:190} INFO - [2024-11-13T19:54:31.073+1100] {dag.py:4180} INFO - Setting next_dagrun for latest_only to 2024-11-13 04:00:00+00:00, run_after=2024-11-13 08:00:00+00:00
[2024-11-13T19:54:31.079+1100] {processor.py:208} INFO - Processing /Users/yoonmoon/git/learn-airflow/airflow1/py_env/lib/python3.11/site-packages/airflow/example_dags/example_latest_only.py took 0.078 seconds
[2024-11-13T19:56:50.953+1100] {processor.py:186} INFO - Started process (PID=67258) to work on /Users/yoonmoon/git/learn-airflow/airflow1/py_env/lib/python3.11/site-packages/airflow/example_dags/example_latest_only.py
[2024-11-13T19:56:50.955+1100] {processor.py:914} INFO - Processing file /Users/yoonmoon/git/learn-airflow/airflow1/py_env/lib/python3.11/site-packages/airflow/example_dags/example_latest_only.py for tasks to queue
[2024-11-13T19:56:50.955+1100] {logging_mixin.py:190} INFO - [2024-11-13T19:56:50.955+1100] {dagbag.py:588} INFO - Filling up the DagBag from /Users/yoonmoon/git/learn-airflow/airflow1/py_env/lib/python3.11/site-packages/airflow/example_dags/example_latest_only.py
[2024-11-13T19:56:50.958+1100] {processor.py:925} INFO - DAG(s) 'latest_only' retrieved from /Users/yoonmoon/git/learn-airflow/airflow1/py_env/lib/python3.11/site-packages/airflow/example_dags/example_latest_only.py
[2024-11-13T19:56:51.016+1100] {logging_mixin.py:190} INFO - [2024-11-13T19:56:51.016+1100] {dag.py:3239} INFO - Sync 1 DAGs
[2024-11-13T19:56:51.022+1100] {logging_mixin.py:190} INFO - [2024-11-13T19:56:51.022+1100] {dag.py:4180} INFO - Setting next_dagrun for latest_only to 2024-11-13 04:00:00+00:00, run_after=2024-11-13 08:00:00+00:00
[2024-11-13T19:56:51.028+1100] {processor.py:208} INFO - Processing /Users/yoonmoon/git/learn-airflow/airflow1/py_env/lib/python3.11/site-packages/airflow/example_dags/example_latest_only.py took 0.077 seconds
[2024-11-13T19:59:03.791+1100] {processor.py:186} INFO - Started process (PID=67500) to work on /Users/yoonmoon/git/learn-airflow/airflow1/py_env/lib/python3.11/site-packages/airflow/example_dags/example_latest_only.py
[2024-11-13T19:59:03.791+1100] {processor.py:914} INFO - Processing file /Users/yoonmoon/git/learn-airflow/airflow1/py_env/lib/python3.11/site-packages/airflow/example_dags/example_latest_only.py for tasks to queue
[2024-11-13T19:59:03.792+1100] {logging_mixin.py:190} INFO - [2024-11-13T19:59:03.792+1100] {dagbag.py:588} INFO - Filling up the DagBag from /Users/yoonmoon/git/learn-airflow/airflow1/py_env/lib/python3.11/site-packages/airflow/example_dags/example_latest_only.py
[2024-11-13T19:59:03.795+1100] {processor.py:925} INFO - DAG(s) 'latest_only' retrieved from /Users/yoonmoon/git/learn-airflow/airflow1/py_env/lib/python3.11/site-packages/airflow/example_dags/example_latest_only.py
[2024-11-13T19:59:03.854+1100] {logging_mixin.py:190} INFO - [2024-11-13T19:59:03.854+1100] {dag.py:3239} INFO - Sync 1 DAGs
[2024-11-13T19:59:03.861+1100] {logging_mixin.py:190} INFO - [2024-11-13T19:59:03.861+1100] {dag.py:4180} INFO - Setting next_dagrun for latest_only to 2024-11-13 04:00:00+00:00, run_after=2024-11-13 08:00:00+00:00
[2024-11-13T19:59:03.867+1100] {processor.py:208} INFO - Processing /Users/yoonmoon/git/learn-airflow/airflow1/py_env/lib/python3.11/site-packages/airflow/example_dags/example_latest_only.py took 0.078 seconds
[2024-11-13T20:01:20.298+1100] {processor.py:186} INFO - Started process (PID=67752) to work on /Users/yoonmoon/git/learn-airflow/airflow1/py_env/lib/python3.11/site-packages/airflow/example_dags/example_latest_only.py
[2024-11-13T20:01:20.300+1100] {processor.py:914} INFO - Processing file /Users/yoonmoon/git/learn-airflow/airflow1/py_env/lib/python3.11/site-packages/airflow/example_dags/example_latest_only.py for tasks to queue
[2024-11-13T20:01:20.300+1100] {logging_mixin.py:190} INFO - [2024-11-13T20:01:20.300+1100] {dagbag.py:588} INFO - Filling up the DagBag from /Users/yoonmoon/git/learn-airflow/airflow1/py_env/lib/python3.11/site-packages/airflow/example_dags/example_latest_only.py
[2024-11-13T20:01:20.303+1100] {processor.py:925} INFO - DAG(s) 'latest_only' retrieved from /Users/yoonmoon/git/learn-airflow/airflow1/py_env/lib/python3.11/site-packages/airflow/example_dags/example_latest_only.py
[2024-11-13T20:01:20.362+1100] {logging_mixin.py:190} INFO - [2024-11-13T20:01:20.362+1100] {dag.py:3239} INFO - Sync 1 DAGs
[2024-11-13T20:01:20.368+1100] {logging_mixin.py:190} INFO - [2024-11-13T20:01:20.368+1100] {dag.py:4180} INFO - Setting next_dagrun for latest_only to 2024-11-13 04:00:00+00:00, run_after=2024-11-13 08:00:00+00:00
[2024-11-13T20:01:20.374+1100] {processor.py:208} INFO - Processing /Users/yoonmoon/git/learn-airflow/airflow1/py_env/lib/python3.11/site-packages/airflow/example_dags/example_latest_only.py took 0.078 seconds
[2024-11-13T20:03:37.197+1100] {processor.py:186} INFO - Started process (PID=67996) to work on /Users/yoonmoon/git/learn-airflow/airflow1/py_env/lib/python3.11/site-packages/airflow/example_dags/example_latest_only.py
[2024-11-13T20:03:37.199+1100] {processor.py:914} INFO - Processing file /Users/yoonmoon/git/learn-airflow/airflow1/py_env/lib/python3.11/site-packages/airflow/example_dags/example_latest_only.py for tasks to queue
[2024-11-13T20:03:37.199+1100] {logging_mixin.py:190} INFO - [2024-11-13T20:03:37.199+1100] {dagbag.py:588} INFO - Filling up the DagBag from /Users/yoonmoon/git/learn-airflow/airflow1/py_env/lib/python3.11/site-packages/airflow/example_dags/example_latest_only.py
[2024-11-13T20:03:37.202+1100] {processor.py:925} INFO - DAG(s) 'latest_only' retrieved from /Users/yoonmoon/git/learn-airflow/airflow1/py_env/lib/python3.11/site-packages/airflow/example_dags/example_latest_only.py
[2024-11-13T20:03:37.262+1100] {logging_mixin.py:190} INFO - [2024-11-13T20:03:37.262+1100] {dag.py:3239} INFO - Sync 1 DAGs
[2024-11-13T20:03:37.267+1100] {logging_mixin.py:190} INFO - [2024-11-13T20:03:37.267+1100] {dag.py:4180} INFO - Setting next_dagrun for latest_only to 2024-11-13 04:00:00+00:00, run_after=2024-11-13 08:00:00+00:00
[2024-11-13T20:03:37.274+1100] {processor.py:208} INFO - Processing /Users/yoonmoon/git/learn-airflow/airflow1/py_env/lib/python3.11/site-packages/airflow/example_dags/example_latest_only.py took 0.079 seconds
[2024-11-13T20:05:55.191+1100] {processor.py:186} INFO - Started process (PID=68270) to work on /Users/yoonmoon/git/learn-airflow/airflow1/py_env/lib/python3.11/site-packages/airflow/example_dags/example_latest_only.py
[2024-11-13T20:05:55.192+1100] {processor.py:914} INFO - Processing file /Users/yoonmoon/git/learn-airflow/airflow1/py_env/lib/python3.11/site-packages/airflow/example_dags/example_latest_only.py for tasks to queue
[2024-11-13T20:05:55.193+1100] {logging_mixin.py:190} INFO - [2024-11-13T20:05:55.193+1100] {dagbag.py:588} INFO - Filling up the DagBag from /Users/yoonmoon/git/learn-airflow/airflow1/py_env/lib/python3.11/site-packages/airflow/example_dags/example_latest_only.py
[2024-11-13T20:05:55.196+1100] {processor.py:925} INFO - DAG(s) 'latest_only' retrieved from /Users/yoonmoon/git/learn-airflow/airflow1/py_env/lib/python3.11/site-packages/airflow/example_dags/example_latest_only.py
[2024-11-13T20:05:55.258+1100] {logging_mixin.py:190} INFO - [2024-11-13T20:05:55.258+1100] {dag.py:3239} INFO - Sync 1 DAGs
[2024-11-13T20:05:55.264+1100] {logging_mixin.py:190} INFO - [2024-11-13T20:05:55.264+1100] {dag.py:4180} INFO - Setting next_dagrun for latest_only to 2024-11-13 04:00:00+00:00, run_after=2024-11-13 08:00:00+00:00
[2024-11-13T20:05:55.271+1100] {processor.py:208} INFO - Processing /Users/yoonmoon/git/learn-airflow/airflow1/py_env/lib/python3.11/site-packages/airflow/example_dags/example_latest_only.py took 0.082 seconds
[2024-11-13T20:08:13.881+1100] {processor.py:186} INFO - Started process (PID=68539) to work on /Users/yoonmoon/git/learn-airflow/airflow1/py_env/lib/python3.11/site-packages/airflow/example_dags/example_latest_only.py
[2024-11-13T20:08:13.882+1100] {processor.py:914} INFO - Processing file /Users/yoonmoon/git/learn-airflow/airflow1/py_env/lib/python3.11/site-packages/airflow/example_dags/example_latest_only.py for tasks to queue
[2024-11-13T20:08:13.883+1100] {logging_mixin.py:190} INFO - [2024-11-13T20:08:13.883+1100] {dagbag.py:588} INFO - Filling up the DagBag from /Users/yoonmoon/git/learn-airflow/airflow1/py_env/lib/python3.11/site-packages/airflow/example_dags/example_latest_only.py
[2024-11-13T20:08:13.886+1100] {processor.py:925} INFO - DAG(s) 'latest_only' retrieved from /Users/yoonmoon/git/learn-airflow/airflow1/py_env/lib/python3.11/site-packages/airflow/example_dags/example_latest_only.py
[2024-11-13T20:08:13.947+1100] {logging_mixin.py:190} INFO - [2024-11-13T20:08:13.947+1100] {dag.py:3239} INFO - Sync 1 DAGs
[2024-11-13T20:08:13.953+1100] {logging_mixin.py:190} INFO - [2024-11-13T20:08:13.953+1100] {dag.py:4180} INFO - Setting next_dagrun for latest_only to 2024-11-13 04:00:00+00:00, run_after=2024-11-13 08:00:00+00:00
[2024-11-13T20:08:13.960+1100] {processor.py:208} INFO - Processing /Users/yoonmoon/git/learn-airflow/airflow1/py_env/lib/python3.11/site-packages/airflow/example_dags/example_latest_only.py took 0.081 seconds
[2024-11-13T20:10:37.178+1100] {processor.py:186} INFO - Started process (PID=68834) to work on /Users/yoonmoon/git/learn-airflow/airflow1/py_env/lib/python3.11/site-packages/airflow/example_dags/example_latest_only.py
[2024-11-13T20:10:37.180+1100] {processor.py:914} INFO - Processing file /Users/yoonmoon/git/learn-airflow/airflow1/py_env/lib/python3.11/site-packages/airflow/example_dags/example_latest_only.py for tasks to queue
[2024-11-13T20:10:37.180+1100] {logging_mixin.py:190} INFO - [2024-11-13T20:10:37.180+1100] {dagbag.py:588} INFO - Filling up the DagBag from /Users/yoonmoon/git/learn-airflow/airflow1/py_env/lib/python3.11/site-packages/airflow/example_dags/example_latest_only.py
[2024-11-13T20:10:37.183+1100] {processor.py:925} INFO - DAG(s) 'latest_only' retrieved from /Users/yoonmoon/git/learn-airflow/airflow1/py_env/lib/python3.11/site-packages/airflow/example_dags/example_latest_only.py
[2024-11-13T20:10:37.245+1100] {logging_mixin.py:190} INFO - [2024-11-13T20:10:37.245+1100] {dag.py:3239} INFO - Sync 1 DAGs
[2024-11-13T20:10:37.251+1100] {logging_mixin.py:190} INFO - [2024-11-13T20:10:37.251+1100] {dag.py:4180} INFO - Setting next_dagrun for latest_only to 2024-11-13 04:00:00+00:00, run_after=2024-11-13 08:00:00+00:00
[2024-11-13T20:10:37.257+1100] {processor.py:208} INFO - Processing /Users/yoonmoon/git/learn-airflow/airflow1/py_env/lib/python3.11/site-packages/airflow/example_dags/example_latest_only.py took 0.081 seconds
[2024-11-13T20:12:50.651+1100] {processor.py:186} INFO - Started process (PID=69083) to work on /Users/yoonmoon/git/learn-airflow/airflow1/py_env/lib/python3.11/site-packages/airflow/example_dags/example_latest_only.py
[2024-11-13T20:12:50.652+1100] {processor.py:914} INFO - Processing file /Users/yoonmoon/git/learn-airflow/airflow1/py_env/lib/python3.11/site-packages/airflow/example_dags/example_latest_only.py for tasks to queue
[2024-11-13T20:12:50.653+1100] {logging_mixin.py:190} INFO - [2024-11-13T20:12:50.653+1100] {dagbag.py:588} INFO - Filling up the DagBag from /Users/yoonmoon/git/learn-airflow/airflow1/py_env/lib/python3.11/site-packages/airflow/example_dags/example_latest_only.py
[2024-11-13T20:12:50.656+1100] {processor.py:925} INFO - DAG(s) 'latest_only' retrieved from /Users/yoonmoon/git/learn-airflow/airflow1/py_env/lib/python3.11/site-packages/airflow/example_dags/example_latest_only.py
[2024-11-13T20:12:50.717+1100] {logging_mixin.py:190} INFO - [2024-11-13T20:12:50.717+1100] {dag.py:3239} INFO - Sync 1 DAGs
[2024-11-13T20:12:50.723+1100] {logging_mixin.py:190} INFO - [2024-11-13T20:12:50.723+1100] {dag.py:4180} INFO - Setting next_dagrun for latest_only to 2024-11-13 04:00:00+00:00, run_after=2024-11-13 08:00:00+00:00
[2024-11-13T20:12:50.730+1100] {processor.py:208} INFO - Processing /Users/yoonmoon/git/learn-airflow/airflow1/py_env/lib/python3.11/site-packages/airflow/example_dags/example_latest_only.py took 0.081 seconds
[2024-11-13T20:15:09.656+1100] {processor.py:186} INFO - Started process (PID=69332) to work on /Users/yoonmoon/git/learn-airflow/airflow1/py_env/lib/python3.11/site-packages/airflow/example_dags/example_latest_only.py
[2024-11-13T20:15:09.658+1100] {processor.py:914} INFO - Processing file /Users/yoonmoon/git/learn-airflow/airflow1/py_env/lib/python3.11/site-packages/airflow/example_dags/example_latest_only.py for tasks to queue
[2024-11-13T20:15:09.658+1100] {logging_mixin.py:190} INFO - [2024-11-13T20:15:09.658+1100] {dagbag.py:588} INFO - Filling up the DagBag from /Users/yoonmoon/git/learn-airflow/airflow1/py_env/lib/python3.11/site-packages/airflow/example_dags/example_latest_only.py
[2024-11-13T20:15:09.662+1100] {processor.py:925} INFO - DAG(s) 'latest_only' retrieved from /Users/yoonmoon/git/learn-airflow/airflow1/py_env/lib/python3.11/site-packages/airflow/example_dags/example_latest_only.py
[2024-11-13T20:15:09.723+1100] {logging_mixin.py:190} INFO - [2024-11-13T20:15:09.722+1100] {dag.py:3239} INFO - Sync 1 DAGs
[2024-11-13T20:15:09.728+1100] {logging_mixin.py:190} INFO - [2024-11-13T20:15:09.728+1100] {dag.py:4180} INFO - Setting next_dagrun for latest_only to 2024-11-13 04:00:00+00:00, run_after=2024-11-13 08:00:00+00:00
[2024-11-13T20:15:09.735+1100] {processor.py:208} INFO - Processing /Users/yoonmoon/git/learn-airflow/airflow1/py_env/lib/python3.11/site-packages/airflow/example_dags/example_latest_only.py took 0.081 seconds
[2024-11-13T20:17:26.515+1100] {processor.py:186} INFO - Started process (PID=69579) to work on /Users/yoonmoon/git/learn-airflow/airflow1/py_env/lib/python3.11/site-packages/airflow/example_dags/example_latest_only.py
[2024-11-13T20:17:26.516+1100] {processor.py:914} INFO - Processing file /Users/yoonmoon/git/learn-airflow/airflow1/py_env/lib/python3.11/site-packages/airflow/example_dags/example_latest_only.py for tasks to queue
[2024-11-13T20:17:26.516+1100] {logging_mixin.py:190} INFO - [2024-11-13T20:17:26.516+1100] {dagbag.py:588} INFO - Filling up the DagBag from /Users/yoonmoon/git/learn-airflow/airflow1/py_env/lib/python3.11/site-packages/airflow/example_dags/example_latest_only.py
[2024-11-13T20:17:26.519+1100] {processor.py:925} INFO - DAG(s) 'latest_only' retrieved from /Users/yoonmoon/git/learn-airflow/airflow1/py_env/lib/python3.11/site-packages/airflow/example_dags/example_latest_only.py
[2024-11-13T20:17:26.581+1100] {logging_mixin.py:190} INFO - [2024-11-13T20:17:26.581+1100] {dag.py:3239} INFO - Sync 1 DAGs
[2024-11-13T20:17:26.587+1100] {logging_mixin.py:190} INFO - [2024-11-13T20:17:26.587+1100] {dag.py:4180} INFO - Setting next_dagrun for latest_only to 2024-11-13 04:00:00+00:00, run_after=2024-11-13 08:00:00+00:00
[2024-11-13T20:17:26.593+1100] {processor.py:208} INFO - Processing /Users/yoonmoon/git/learn-airflow/airflow1/py_env/lib/python3.11/site-packages/airflow/example_dags/example_latest_only.py took 0.080 seconds
[2024-11-13T20:19:46.750+1100] {processor.py:186} INFO - Started process (PID=69914) to work on /Users/yoonmoon/git/learn-airflow/airflow1/py_env/lib/python3.11/site-packages/airflow/example_dags/example_latest_only.py
[2024-11-13T20:19:46.750+1100] {processor.py:914} INFO - Processing file /Users/yoonmoon/git/learn-airflow/airflow1/py_env/lib/python3.11/site-packages/airflow/example_dags/example_latest_only.py for tasks to queue
[2024-11-13T20:19:46.751+1100] {logging_mixin.py:190} INFO - [2024-11-13T20:19:46.751+1100] {dagbag.py:588} INFO - Filling up the DagBag from /Users/yoonmoon/git/learn-airflow/airflow1/py_env/lib/python3.11/site-packages/airflow/example_dags/example_latest_only.py
[2024-11-13T20:19:46.754+1100] {processor.py:925} INFO - DAG(s) 'latest_only' retrieved from /Users/yoonmoon/git/learn-airflow/airflow1/py_env/lib/python3.11/site-packages/airflow/example_dags/example_latest_only.py
[2024-11-13T20:19:46.817+1100] {logging_mixin.py:190} INFO - [2024-11-13T20:19:46.816+1100] {dag.py:3239} INFO - Sync 1 DAGs
[2024-11-13T20:19:46.822+1100] {logging_mixin.py:190} INFO - [2024-11-13T20:19:46.822+1100] {dag.py:4180} INFO - Setting next_dagrun for latest_only to 2024-11-13 04:00:00+00:00, run_after=2024-11-13 08:00:00+00:00
[2024-11-13T20:19:46.829+1100] {processor.py:208} INFO - Processing /Users/yoonmoon/git/learn-airflow/airflow1/py_env/lib/python3.11/site-packages/airflow/example_dags/example_latest_only.py took 0.081 seconds
[2024-11-13T20:22:03.731+1100] {processor.py:186} INFO - Started process (PID=70226) to work on /Users/yoonmoon/git/learn-airflow/airflow1/py_env/lib/python3.11/site-packages/airflow/example_dags/example_latest_only.py
[2024-11-13T20:22:03.732+1100] {processor.py:914} INFO - Processing file /Users/yoonmoon/git/learn-airflow/airflow1/py_env/lib/python3.11/site-packages/airflow/example_dags/example_latest_only.py for tasks to queue
[2024-11-13T20:22:03.732+1100] {logging_mixin.py:190} INFO - [2024-11-13T20:22:03.732+1100] {dagbag.py:588} INFO - Filling up the DagBag from /Users/yoonmoon/git/learn-airflow/airflow1/py_env/lib/python3.11/site-packages/airflow/example_dags/example_latest_only.py
[2024-11-13T20:22:03.735+1100] {processor.py:925} INFO - DAG(s) 'latest_only' retrieved from /Users/yoonmoon/git/learn-airflow/airflow1/py_env/lib/python3.11/site-packages/airflow/example_dags/example_latest_only.py
[2024-11-13T20:22:03.794+1100] {logging_mixin.py:190} INFO - [2024-11-13T20:22:03.794+1100] {dag.py:3239} INFO - Sync 1 DAGs
[2024-11-13T20:22:03.800+1100] {logging_mixin.py:190} INFO - [2024-11-13T20:22:03.799+1100] {dag.py:4180} INFO - Setting next_dagrun for latest_only to 2024-11-13 04:00:00+00:00, run_after=2024-11-13 08:00:00+00:00
[2024-11-13T20:22:03.806+1100] {processor.py:208} INFO - Processing /Users/yoonmoon/git/learn-airflow/airflow1/py_env/lib/python3.11/site-packages/airflow/example_dags/example_latest_only.py took 0.077 seconds
[2024-11-13T20:24:15.808+1100] {processor.py:186} INFO - Started process (PID=70483) to work on /Users/yoonmoon/git/learn-airflow/airflow1/py_env/lib/python3.11/site-packages/airflow/example_dags/example_latest_only.py
[2024-11-13T20:24:15.809+1100] {processor.py:914} INFO - Processing file /Users/yoonmoon/git/learn-airflow/airflow1/py_env/lib/python3.11/site-packages/airflow/example_dags/example_latest_only.py for tasks to queue
[2024-11-13T20:24:15.809+1100] {logging_mixin.py:190} INFO - [2024-11-13T20:24:15.809+1100] {dagbag.py:588} INFO - Filling up the DagBag from /Users/yoonmoon/git/learn-airflow/airflow1/py_env/lib/python3.11/site-packages/airflow/example_dags/example_latest_only.py
[2024-11-13T20:24:15.812+1100] {processor.py:925} INFO - DAG(s) 'latest_only' retrieved from /Users/yoonmoon/git/learn-airflow/airflow1/py_env/lib/python3.11/site-packages/airflow/example_dags/example_latest_only.py
[2024-11-13T20:24:15.871+1100] {logging_mixin.py:190} INFO - [2024-11-13T20:24:15.871+1100] {dag.py:3239} INFO - Sync 1 DAGs
[2024-11-13T20:24:15.877+1100] {logging_mixin.py:190} INFO - [2024-11-13T20:24:15.876+1100] {dag.py:4180} INFO - Setting next_dagrun for latest_only to 2024-11-13 04:00:00+00:00, run_after=2024-11-13 08:00:00+00:00
[2024-11-13T20:24:15.884+1100] {processor.py:208} INFO - Processing /Users/yoonmoon/git/learn-airflow/airflow1/py_env/lib/python3.11/site-packages/airflow/example_dags/example_latest_only.py took 0.078 seconds
[2024-11-13T20:26:31.967+1100] {processor.py:186} INFO - Started process (PID=70752) to work on /Users/yoonmoon/git/learn-airflow/airflow1/py_env/lib/python3.11/site-packages/airflow/example_dags/example_latest_only.py
[2024-11-13T20:26:31.968+1100] {processor.py:914} INFO - Processing file /Users/yoonmoon/git/learn-airflow/airflow1/py_env/lib/python3.11/site-packages/airflow/example_dags/example_latest_only.py for tasks to queue
[2024-11-13T20:26:31.969+1100] {logging_mixin.py:190} INFO - [2024-11-13T20:26:31.968+1100] {dagbag.py:588} INFO - Filling up the DagBag from /Users/yoonmoon/git/learn-airflow/airflow1/py_env/lib/python3.11/site-packages/airflow/example_dags/example_latest_only.py
[2024-11-13T20:26:31.972+1100] {processor.py:925} INFO - DAG(s) 'latest_only' retrieved from /Users/yoonmoon/git/learn-airflow/airflow1/py_env/lib/python3.11/site-packages/airflow/example_dags/example_latest_only.py
[2024-11-13T20:26:32.031+1100] {logging_mixin.py:190} INFO - [2024-11-13T20:26:32.031+1100] {dag.py:3239} INFO - Sync 1 DAGs
[2024-11-13T20:26:32.037+1100] {logging_mixin.py:190} INFO - [2024-11-13T20:26:32.037+1100] {dag.py:4180} INFO - Setting next_dagrun for latest_only to 2024-11-13 04:00:00+00:00, run_after=2024-11-13 08:00:00+00:00
[2024-11-13T20:26:32.044+1100] {processor.py:208} INFO - Processing /Users/yoonmoon/git/learn-airflow/airflow1/py_env/lib/python3.11/site-packages/airflow/example_dags/example_latest_only.py took 0.079 seconds
[2024-11-13T20:28:50.067+1100] {processor.py:186} INFO - Started process (PID=71037) to work on /Users/yoonmoon/git/learn-airflow/airflow1/py_env/lib/python3.11/site-packages/airflow/example_dags/example_latest_only.py
[2024-11-13T20:28:50.067+1100] {processor.py:914} INFO - Processing file /Users/yoonmoon/git/learn-airflow/airflow1/py_env/lib/python3.11/site-packages/airflow/example_dags/example_latest_only.py for tasks to queue
[2024-11-13T20:28:50.068+1100] {logging_mixin.py:190} INFO - [2024-11-13T20:28:50.068+1100] {dagbag.py:588} INFO - Filling up the DagBag from /Users/yoonmoon/git/learn-airflow/airflow1/py_env/lib/python3.11/site-packages/airflow/example_dags/example_latest_only.py
[2024-11-13T20:28:50.071+1100] {processor.py:925} INFO - DAG(s) 'latest_only' retrieved from /Users/yoonmoon/git/learn-airflow/airflow1/py_env/lib/python3.11/site-packages/airflow/example_dags/example_latest_only.py
[2024-11-13T20:28:50.131+1100] {logging_mixin.py:190} INFO - [2024-11-13T20:28:50.131+1100] {dag.py:3239} INFO - Sync 1 DAGs
[2024-11-13T20:28:50.137+1100] {logging_mixin.py:190} INFO - [2024-11-13T20:28:50.137+1100] {dag.py:4180} INFO - Setting next_dagrun for latest_only to 2024-11-13 04:00:00+00:00, run_after=2024-11-13 08:00:00+00:00
[2024-11-13T20:28:50.144+1100] {processor.py:208} INFO - Processing /Users/yoonmoon/git/learn-airflow/airflow1/py_env/lib/python3.11/site-packages/airflow/example_dags/example_latest_only.py took 0.079 seconds
[2024-11-13T20:31:07.981+1100] {processor.py:186} INFO - Started process (PID=71289) to work on /Users/yoonmoon/git/learn-airflow/airflow1/py_env/lib/python3.11/site-packages/airflow/example_dags/example_latest_only.py
[2024-11-13T20:31:07.981+1100] {processor.py:914} INFO - Processing file /Users/yoonmoon/git/learn-airflow/airflow1/py_env/lib/python3.11/site-packages/airflow/example_dags/example_latest_only.py for tasks to queue
[2024-11-13T20:31:07.982+1100] {logging_mixin.py:190} INFO - [2024-11-13T20:31:07.982+1100] {dagbag.py:588} INFO - Filling up the DagBag from /Users/yoonmoon/git/learn-airflow/airflow1/py_env/lib/python3.11/site-packages/airflow/example_dags/example_latest_only.py
[2024-11-13T20:31:07.985+1100] {processor.py:925} INFO - DAG(s) 'latest_only' retrieved from /Users/yoonmoon/git/learn-airflow/airflow1/py_env/lib/python3.11/site-packages/airflow/example_dags/example_latest_only.py
[2024-11-13T20:31:08.044+1100] {logging_mixin.py:190} INFO - [2024-11-13T20:31:08.044+1100] {dag.py:3239} INFO - Sync 1 DAGs
[2024-11-13T20:31:08.050+1100] {logging_mixin.py:190} INFO - [2024-11-13T20:31:08.050+1100] {dag.py:4180} INFO - Setting next_dagrun for latest_only to 2024-11-13 04:00:00+00:00, run_after=2024-11-13 08:00:00+00:00
[2024-11-13T20:31:08.056+1100] {processor.py:208} INFO - Processing /Users/yoonmoon/git/learn-airflow/airflow1/py_env/lib/python3.11/site-packages/airflow/example_dags/example_latest_only.py took 0.077 seconds
[2024-11-13T20:33:28.553+1100] {processor.py:186} INFO - Started process (PID=71544) to work on /Users/yoonmoon/git/learn-airflow/airflow1/py_env/lib/python3.11/site-packages/airflow/example_dags/example_latest_only.py
[2024-11-13T20:33:28.554+1100] {processor.py:914} INFO - Processing file /Users/yoonmoon/git/learn-airflow/airflow1/py_env/lib/python3.11/site-packages/airflow/example_dags/example_latest_only.py for tasks to queue
[2024-11-13T20:33:28.555+1100] {logging_mixin.py:190} INFO - [2024-11-13T20:33:28.555+1100] {dagbag.py:588} INFO - Filling up the DagBag from /Users/yoonmoon/git/learn-airflow/airflow1/py_env/lib/python3.11/site-packages/airflow/example_dags/example_latest_only.py
[2024-11-13T20:33:28.558+1100] {processor.py:925} INFO - DAG(s) 'latest_only' retrieved from /Users/yoonmoon/git/learn-airflow/airflow1/py_env/lib/python3.11/site-packages/airflow/example_dags/example_latest_only.py
[2024-11-13T20:33:28.617+1100] {logging_mixin.py:190} INFO - [2024-11-13T20:33:28.617+1100] {dag.py:3239} INFO - Sync 1 DAGs
[2024-11-13T20:33:28.623+1100] {logging_mixin.py:190} INFO - [2024-11-13T20:33:28.623+1100] {dag.py:4180} INFO - Setting next_dagrun for latest_only to 2024-11-13 04:00:00+00:00, run_after=2024-11-13 08:00:00+00:00
[2024-11-13T20:33:28.630+1100] {processor.py:208} INFO - Processing /Users/yoonmoon/git/learn-airflow/airflow1/py_env/lib/python3.11/site-packages/airflow/example_dags/example_latest_only.py took 0.079 seconds
[2024-11-13T20:35:50.364+1100] {processor.py:186} INFO - Started process (PID=71815) to work on /Users/yoonmoon/git/learn-airflow/airflow1/py_env/lib/python3.11/site-packages/airflow/example_dags/example_latest_only.py
[2024-11-13T20:35:50.365+1100] {processor.py:914} INFO - Processing file /Users/yoonmoon/git/learn-airflow/airflow1/py_env/lib/python3.11/site-packages/airflow/example_dags/example_latest_only.py for tasks to queue
[2024-11-13T20:35:50.366+1100] {logging_mixin.py:190} INFO - [2024-11-13T20:35:50.366+1100] {dagbag.py:588} INFO - Filling up the DagBag from /Users/yoonmoon/git/learn-airflow/airflow1/py_env/lib/python3.11/site-packages/airflow/example_dags/example_latest_only.py
[2024-11-13T20:35:50.369+1100] {processor.py:925} INFO - DAG(s) 'latest_only' retrieved from /Users/yoonmoon/git/learn-airflow/airflow1/py_env/lib/python3.11/site-packages/airflow/example_dags/example_latest_only.py
[2024-11-13T20:35:50.429+1100] {logging_mixin.py:190} INFO - [2024-11-13T20:35:50.429+1100] {dag.py:3239} INFO - Sync 1 DAGs
[2024-11-13T20:35:50.435+1100] {logging_mixin.py:190} INFO - [2024-11-13T20:35:50.435+1100] {dag.py:4180} INFO - Setting next_dagrun for latest_only to 2024-11-13 04:00:00+00:00, run_after=2024-11-13 08:00:00+00:00
[2024-11-13T20:35:50.441+1100] {processor.py:208} INFO - Processing /Users/yoonmoon/git/learn-airflow/airflow1/py_env/lib/python3.11/site-packages/airflow/example_dags/example_latest_only.py took 0.080 seconds
[2024-11-13T20:38:07.329+1100] {processor.py:186} INFO - Started process (PID=72110) to work on /Users/yoonmoon/git/learn-airflow/airflow1/py_env/lib/python3.11/site-packages/airflow/example_dags/example_latest_only.py
[2024-11-13T20:38:07.330+1100] {processor.py:914} INFO - Processing file /Users/yoonmoon/git/learn-airflow/airflow1/py_env/lib/python3.11/site-packages/airflow/example_dags/example_latest_only.py for tasks to queue
[2024-11-13T20:38:07.331+1100] {logging_mixin.py:190} INFO - [2024-11-13T20:38:07.331+1100] {dagbag.py:588} INFO - Filling up the DagBag from /Users/yoonmoon/git/learn-airflow/airflow1/py_env/lib/python3.11/site-packages/airflow/example_dags/example_latest_only.py
[2024-11-13T20:38:07.334+1100] {processor.py:925} INFO - DAG(s) 'latest_only' retrieved from /Users/yoonmoon/git/learn-airflow/airflow1/py_env/lib/python3.11/site-packages/airflow/example_dags/example_latest_only.py
[2024-11-13T20:38:07.402+1100] {logging_mixin.py:190} INFO - [2024-11-13T20:38:07.402+1100] {dag.py:3239} INFO - Sync 1 DAGs
[2024-11-13T20:38:07.408+1100] {logging_mixin.py:190} INFO - [2024-11-13T20:38:07.408+1100] {dag.py:4180} INFO - Setting next_dagrun for latest_only to 2024-11-13 04:00:00+00:00, run_after=2024-11-13 08:00:00+00:00
[2024-11-13T20:38:07.415+1100] {processor.py:208} INFO - Processing /Users/yoonmoon/git/learn-airflow/airflow1/py_env/lib/python3.11/site-packages/airflow/example_dags/example_latest_only.py took 0.088 seconds
[2024-11-13T20:40:25.302+1100] {processor.py:186} INFO - Started process (PID=72370) to work on /Users/yoonmoon/git/learn-airflow/airflow1/py_env/lib/python3.11/site-packages/airflow/example_dags/example_latest_only.py
[2024-11-13T20:40:25.303+1100] {processor.py:914} INFO - Processing file /Users/yoonmoon/git/learn-airflow/airflow1/py_env/lib/python3.11/site-packages/airflow/example_dags/example_latest_only.py for tasks to queue
[2024-11-13T20:40:25.304+1100] {logging_mixin.py:190} INFO - [2024-11-13T20:40:25.303+1100] {dagbag.py:588} INFO - Filling up the DagBag from /Users/yoonmoon/git/learn-airflow/airflow1/py_env/lib/python3.11/site-packages/airflow/example_dags/example_latest_only.py
[2024-11-13T20:40:25.307+1100] {processor.py:925} INFO - DAG(s) 'latest_only' retrieved from /Users/yoonmoon/git/learn-airflow/airflow1/py_env/lib/python3.11/site-packages/airflow/example_dags/example_latest_only.py
[2024-11-13T20:40:25.366+1100] {logging_mixin.py:190} INFO - [2024-11-13T20:40:25.366+1100] {dag.py:3239} INFO - Sync 1 DAGs
[2024-11-13T20:40:25.371+1100] {logging_mixin.py:190} INFO - [2024-11-13T20:40:25.371+1100] {dag.py:4180} INFO - Setting next_dagrun for latest_only to 2024-11-13 04:00:00+00:00, run_after=2024-11-13 08:00:00+00:00
[2024-11-13T20:40:25.378+1100] {processor.py:208} INFO - Processing /Users/yoonmoon/git/learn-airflow/airflow1/py_env/lib/python3.11/site-packages/airflow/example_dags/example_latest_only.py took 0.077 seconds
[2024-11-13T20:42:45.544+1100] {processor.py:186} INFO - Started process (PID=72632) to work on /Users/yoonmoon/git/learn-airflow/airflow1/py_env/lib/python3.11/site-packages/airflow/example_dags/example_latest_only.py
[2024-11-13T20:42:45.545+1100] {processor.py:914} INFO - Processing file /Users/yoonmoon/git/learn-airflow/airflow1/py_env/lib/python3.11/site-packages/airflow/example_dags/example_latest_only.py for tasks to queue
[2024-11-13T20:42:45.546+1100] {logging_mixin.py:190} INFO - [2024-11-13T20:42:45.546+1100] {dagbag.py:588} INFO - Filling up the DagBag from /Users/yoonmoon/git/learn-airflow/airflow1/py_env/lib/python3.11/site-packages/airflow/example_dags/example_latest_only.py
[2024-11-13T20:42:45.549+1100] {processor.py:925} INFO - DAG(s) 'latest_only' retrieved from /Users/yoonmoon/git/learn-airflow/airflow1/py_env/lib/python3.11/site-packages/airflow/example_dags/example_latest_only.py
[2024-11-13T20:42:45.612+1100] {logging_mixin.py:190} INFO - [2024-11-13T20:42:45.611+1100] {dag.py:3239} INFO - Sync 1 DAGs
[2024-11-13T20:42:45.618+1100] {logging_mixin.py:190} INFO - [2024-11-13T20:42:45.618+1100] {dag.py:4180} INFO - Setting next_dagrun for latest_only to 2024-11-13 04:00:00+00:00, run_after=2024-11-13 08:00:00+00:00
[2024-11-13T20:42:45.625+1100] {processor.py:208} INFO - Processing /Users/yoonmoon/git/learn-airflow/airflow1/py_env/lib/python3.11/site-packages/airflow/example_dags/example_latest_only.py took 0.083 seconds
[2024-11-13T20:45:05.189+1100] {processor.py:186} INFO - Started process (PID=72904) to work on /Users/yoonmoon/git/learn-airflow/airflow1/py_env/lib/python3.11/site-packages/airflow/example_dags/example_latest_only.py
[2024-11-13T20:45:05.191+1100] {processor.py:914} INFO - Processing file /Users/yoonmoon/git/learn-airflow/airflow1/py_env/lib/python3.11/site-packages/airflow/example_dags/example_latest_only.py for tasks to queue
[2024-11-13T20:45:05.191+1100] {logging_mixin.py:190} INFO - [2024-11-13T20:45:05.191+1100] {dagbag.py:588} INFO - Filling up the DagBag from /Users/yoonmoon/git/learn-airflow/airflow1/py_env/lib/python3.11/site-packages/airflow/example_dags/example_latest_only.py
[2024-11-13T20:45:05.195+1100] {processor.py:925} INFO - DAG(s) 'latest_only' retrieved from /Users/yoonmoon/git/learn-airflow/airflow1/py_env/lib/python3.11/site-packages/airflow/example_dags/example_latest_only.py
[2024-11-13T20:45:05.262+1100] {logging_mixin.py:190} INFO - [2024-11-13T20:45:05.262+1100] {dag.py:3239} INFO - Sync 1 DAGs
[2024-11-13T20:45:05.269+1100] {logging_mixin.py:190} INFO - [2024-11-13T20:45:05.269+1100] {dag.py:4180} INFO - Setting next_dagrun for latest_only to 2024-11-13 04:00:00+00:00, run_after=2024-11-13 08:00:00+00:00
[2024-11-13T20:45:05.277+1100] {processor.py:208} INFO - Processing /Users/yoonmoon/git/learn-airflow/airflow1/py_env/lib/python3.11/site-packages/airflow/example_dags/example_latest_only.py took 0.089 seconds
[2024-11-13T20:47:26.423+1100] {processor.py:186} INFO - Started process (PID=73173) to work on /Users/yoonmoon/git/learn-airflow/airflow1/py_env/lib/python3.11/site-packages/airflow/example_dags/example_latest_only.py
[2024-11-13T20:47:26.424+1100] {processor.py:914} INFO - Processing file /Users/yoonmoon/git/learn-airflow/airflow1/py_env/lib/python3.11/site-packages/airflow/example_dags/example_latest_only.py for tasks to queue
[2024-11-13T20:47:26.424+1100] {logging_mixin.py:190} INFO - [2024-11-13T20:47:26.424+1100] {dagbag.py:588} INFO - Filling up the DagBag from /Users/yoonmoon/git/learn-airflow/airflow1/py_env/lib/python3.11/site-packages/airflow/example_dags/example_latest_only.py
[2024-11-13T20:47:26.427+1100] {processor.py:925} INFO - DAG(s) 'latest_only' retrieved from /Users/yoonmoon/git/learn-airflow/airflow1/py_env/lib/python3.11/site-packages/airflow/example_dags/example_latest_only.py
[2024-11-13T20:47:26.487+1100] {logging_mixin.py:190} INFO - [2024-11-13T20:47:26.487+1100] {dag.py:3239} INFO - Sync 1 DAGs
[2024-11-13T20:47:26.493+1100] {logging_mixin.py:190} INFO - [2024-11-13T20:47:26.493+1100] {dag.py:4180} INFO - Setting next_dagrun for latest_only to 2024-11-13 04:00:00+00:00, run_after=2024-11-13 08:00:00+00:00
[2024-11-13T20:47:26.499+1100] {processor.py:208} INFO - Processing /Users/yoonmoon/git/learn-airflow/airflow1/py_env/lib/python3.11/site-packages/airflow/example_dags/example_latest_only.py took 0.079 seconds
[2024-11-13T20:49:52.830+1100] {processor.py:186} INFO - Started process (PID=73446) to work on /Users/yoonmoon/git/learn-airflow/airflow1/py_env/lib/python3.11/site-packages/airflow/example_dags/example_latest_only.py
[2024-11-13T20:49:52.832+1100] {processor.py:914} INFO - Processing file /Users/yoonmoon/git/learn-airflow/airflow1/py_env/lib/python3.11/site-packages/airflow/example_dags/example_latest_only.py for tasks to queue
[2024-11-13T20:49:52.832+1100] {logging_mixin.py:190} INFO - [2024-11-13T20:49:52.832+1100] {dagbag.py:588} INFO - Filling up the DagBag from /Users/yoonmoon/git/learn-airflow/airflow1/py_env/lib/python3.11/site-packages/airflow/example_dags/example_latest_only.py
[2024-11-13T20:49:52.836+1100] {processor.py:925} INFO - DAG(s) 'latest_only' retrieved from /Users/yoonmoon/git/learn-airflow/airflow1/py_env/lib/python3.11/site-packages/airflow/example_dags/example_latest_only.py
[2024-11-13T20:49:52.896+1100] {logging_mixin.py:190} INFO - [2024-11-13T20:49:52.896+1100] {dag.py:3239} INFO - Sync 1 DAGs
[2024-11-13T20:49:52.902+1100] {logging_mixin.py:190} INFO - [2024-11-13T20:49:52.902+1100] {dag.py:4180} INFO - Setting next_dagrun for latest_only to 2024-11-13 04:00:00+00:00, run_after=2024-11-13 08:00:00+00:00
[2024-11-13T20:49:52.910+1100] {processor.py:208} INFO - Processing /Users/yoonmoon/git/learn-airflow/airflow1/py_env/lib/python3.11/site-packages/airflow/example_dags/example_latest_only.py took 0.082 seconds
