[2024-11-13T19:29:37.836+1100] {processor.py:186} INFO - Started process (PID=63755) to work on /Users/yoonmoon/git/learn-airflow/airflow1/py_env/lib/python3.11/site-packages/airflow/example_dags/example_params_trigger_ui.py
[2024-11-13T19:29:37.837+1100] {processor.py:914} INFO - Processing file /Users/yoonmoon/git/learn-airflow/airflow1/py_env/lib/python3.11/site-packages/airflow/example_dags/example_params_trigger_ui.py for tasks to queue
[2024-11-13T19:29:37.837+1100] {logging_mixin.py:190} INFO - [2024-11-13T19:29:37.837+1100] {dagbag.py:588} INFO - Filling up the DagBag from /Users/yoonmoon/git/learn-airflow/airflow1/py_env/lib/python3.11/site-packages/airflow/example_dags/example_params_trigger_ui.py
[2024-11-13T19:29:37.853+1100] {processor.py:925} INFO - DAG(s) 'example_params_trigger_ui' retrieved from /Users/yoonmoon/git/learn-airflow/airflow1/py_env/lib/python3.11/site-packages/airflow/example_dags/example_params_trigger_ui.py
[2024-11-13T19:29:37.952+1100] {logging_mixin.py:190} INFO - [2024-11-13T19:29:37.952+1100] {override.py:1911} INFO - Created Permission View: can read on DAG:example_params_trigger_ui
[2024-11-13T19:29:37.955+1100] {logging_mixin.py:190} INFO - [2024-11-13T19:29:37.955+1100] {override.py:1911} INFO - Created Permission View: can edit on DAG:example_params_trigger_ui
[2024-11-13T19:29:37.957+1100] {logging_mixin.py:190} INFO - [2024-11-13T19:29:37.957+1100] {override.py:1911} INFO - Created Permission View: can delete on DAG:example_params_trigger_ui
[2024-11-13T19:29:37.959+1100] {logging_mixin.py:190} INFO - [2024-11-13T19:29:37.959+1100] {override.py:1911} INFO - Created Permission View: can read on DAG Run:example_params_trigger_ui
[2024-11-13T19:29:37.961+1100] {logging_mixin.py:190} INFO - [2024-11-13T19:29:37.961+1100] {override.py:1911} INFO - Created Permission View: menu access on DAG Run:example_params_trigger_ui
[2024-11-13T19:29:37.963+1100] {logging_mixin.py:190} INFO - [2024-11-13T19:29:37.963+1100] {override.py:1911} INFO - Created Permission View: can delete on DAG Run:example_params_trigger_ui
[2024-11-13T19:29:37.964+1100] {logging_mixin.py:190} INFO - [2024-11-13T19:29:37.964+1100] {override.py:1911} INFO - Created Permission View: can create on DAG Run:example_params_trigger_ui
[2024-11-13T19:29:37.965+1100] {logging_mixin.py:190} INFO - [2024-11-13T19:29:37.965+1100] {dag.py:3239} INFO - Sync 1 DAGs
[2024-11-13T19:29:37.968+1100] {logging_mixin.py:190} INFO - [2024-11-13T19:29:37.968+1100] {dag.py:3262} INFO - Creating ORM DAG for example_params_trigger_ui
[2024-11-13T19:29:37.968+1100] {logging_mixin.py:190} INFO - [2024-11-13T19:29:37.968+1100] {dag.py:4180} INFO - Setting next_dagrun for example_params_trigger_ui to None, run_after=None
[2024-11-13T19:29:37.974+1100] {processor.py:208} INFO - Processing /Users/yoonmoon/git/learn-airflow/airflow1/py_env/lib/python3.11/site-packages/airflow/example_dags/example_params_trigger_ui.py took 0.139 seconds
[2024-11-13T19:31:18.579+1100] {processor.py:186} INFO - Started process (PID=63965) to work on /Users/yoonmoon/git/learn-airflow/airflow1/py_env/lib/python3.11/site-packages/airflow/example_dags/example_params_trigger_ui.py
[2024-11-13T19:31:18.583+1100] {processor.py:914} INFO - Processing file /Users/yoonmoon/git/learn-airflow/airflow1/py_env/lib/python3.11/site-packages/airflow/example_dags/example_params_trigger_ui.py for tasks to queue
[2024-11-13T19:31:18.583+1100] {logging_mixin.py:190} INFO - [2024-11-13T19:31:18.583+1100] {dagbag.py:588} INFO - Filling up the DagBag from /Users/yoonmoon/git/learn-airflow/airflow1/py_env/lib/python3.11/site-packages/airflow/example_dags/example_params_trigger_ui.py
[2024-11-13T19:31:18.600+1100] {processor.py:925} INFO - DAG(s) 'example_params_trigger_ui' retrieved from /Users/yoonmoon/git/learn-airflow/airflow1/py_env/lib/python3.11/site-packages/airflow/example_dags/example_params_trigger_ui.py
[2024-11-13T19:31:18.667+1100] {logging_mixin.py:190} INFO - [2024-11-13T19:31:18.667+1100] {dag.py:3239} INFO - Sync 1 DAGs
[2024-11-13T19:31:18.671+1100] {logging_mixin.py:190} INFO - [2024-11-13T19:31:18.671+1100] {dag.py:4180} INFO - Setting next_dagrun for example_params_trigger_ui to None, run_after=None
[2024-11-13T19:31:18.677+1100] {processor.py:208} INFO - Processing /Users/yoonmoon/git/learn-airflow/airflow1/py_env/lib/python3.11/site-packages/airflow/example_dags/example_params_trigger_ui.py took 0.100 seconds
[2024-11-13T19:33:38.134+1100] {processor.py:186} INFO - Started process (PID=64358) to work on /Users/yoonmoon/git/learn-airflow/airflow1/py_env/lib/python3.11/site-packages/airflow/example_dags/example_params_trigger_ui.py
[2024-11-13T19:33:38.136+1100] {processor.py:914} INFO - Processing file /Users/yoonmoon/git/learn-airflow/airflow1/py_env/lib/python3.11/site-packages/airflow/example_dags/example_params_trigger_ui.py for tasks to queue
[2024-11-13T19:33:38.136+1100] {logging_mixin.py:190} INFO - [2024-11-13T19:33:38.136+1100] {dagbag.py:588} INFO - Filling up the DagBag from /Users/yoonmoon/git/learn-airflow/airflow1/py_env/lib/python3.11/site-packages/airflow/example_dags/example_params_trigger_ui.py
[2024-11-13T19:33:38.151+1100] {processor.py:925} INFO - DAG(s) 'example_params_trigger_ui' retrieved from /Users/yoonmoon/git/learn-airflow/airflow1/py_env/lib/python3.11/site-packages/airflow/example_dags/example_params_trigger_ui.py
[2024-11-13T19:33:38.221+1100] {logging_mixin.py:190} INFO - [2024-11-13T19:33:38.221+1100] {dag.py:3239} INFO - Sync 1 DAGs
[2024-11-13T19:33:38.226+1100] {logging_mixin.py:190} INFO - [2024-11-13T19:33:38.226+1100] {dag.py:4180} INFO - Setting next_dagrun for example_params_trigger_ui to None, run_after=None
[2024-11-13T19:33:38.233+1100] {processor.py:208} INFO - Processing /Users/yoonmoon/git/learn-airflow/airflow1/py_env/lib/python3.11/site-packages/airflow/example_dags/example_params_trigger_ui.py took 0.102 seconds
[2024-11-13T19:36:14.875+1100] {processor.py:186} INFO - Started process (PID=64855) to work on /Users/yoonmoon/git/learn-airflow/airflow1/py_env/lib/python3.11/site-packages/airflow/example_dags/example_params_trigger_ui.py
[2024-11-13T19:36:14.875+1100] {processor.py:914} INFO - Processing file /Users/yoonmoon/git/learn-airflow/airflow1/py_env/lib/python3.11/site-packages/airflow/example_dags/example_params_trigger_ui.py for tasks to queue
[2024-11-13T19:36:14.876+1100] {logging_mixin.py:190} INFO - [2024-11-13T19:36:14.876+1100] {dagbag.py:588} INFO - Filling up the DagBag from /Users/yoonmoon/git/learn-airflow/airflow1/py_env/lib/python3.11/site-packages/airflow/example_dags/example_params_trigger_ui.py
[2024-11-13T19:36:14.890+1100] {processor.py:925} INFO - DAG(s) 'example_params_trigger_ui' retrieved from /Users/yoonmoon/git/learn-airflow/airflow1/py_env/lib/python3.11/site-packages/airflow/example_dags/example_params_trigger_ui.py
[2024-11-13T19:36:14.954+1100] {logging_mixin.py:190} INFO - [2024-11-13T19:36:14.954+1100] {dag.py:3239} INFO - Sync 1 DAGs
[2024-11-13T19:36:14.958+1100] {logging_mixin.py:190} INFO - [2024-11-13T19:36:14.958+1100] {dag.py:4180} INFO - Setting next_dagrun for example_params_trigger_ui to None, run_after=None
[2024-11-13T19:36:14.965+1100] {processor.py:208} INFO - Processing /Users/yoonmoon/git/learn-airflow/airflow1/py_env/lib/python3.11/site-packages/airflow/example_dags/example_params_trigger_ui.py took 0.092 seconds
[2024-11-13T19:38:33.438+1100] {processor.py:186} INFO - Started process (PID=65148) to work on /Users/yoonmoon/git/learn-airflow/airflow1/py_env/lib/python3.11/site-packages/airflow/example_dags/example_params_trigger_ui.py
[2024-11-13T19:38:33.439+1100] {processor.py:914} INFO - Processing file /Users/yoonmoon/git/learn-airflow/airflow1/py_env/lib/python3.11/site-packages/airflow/example_dags/example_params_trigger_ui.py for tasks to queue
[2024-11-13T19:38:33.440+1100] {logging_mixin.py:190} INFO - [2024-11-13T19:38:33.439+1100] {dagbag.py:588} INFO - Filling up the DagBag from /Users/yoonmoon/git/learn-airflow/airflow1/py_env/lib/python3.11/site-packages/airflow/example_dags/example_params_trigger_ui.py
[2024-11-13T19:38:33.456+1100] {processor.py:925} INFO - DAG(s) 'example_params_trigger_ui' retrieved from /Users/yoonmoon/git/learn-airflow/airflow1/py_env/lib/python3.11/site-packages/airflow/example_dags/example_params_trigger_ui.py
[2024-11-13T19:38:33.521+1100] {logging_mixin.py:190} INFO - [2024-11-13T19:38:33.521+1100] {dag.py:3239} INFO - Sync 1 DAGs
[2024-11-13T19:38:33.525+1100] {logging_mixin.py:190} INFO - [2024-11-13T19:38:33.525+1100] {dag.py:4180} INFO - Setting next_dagrun for example_params_trigger_ui to None, run_after=None
[2024-11-13T19:38:33.532+1100] {processor.py:208} INFO - Processing /Users/yoonmoon/git/learn-airflow/airflow1/py_env/lib/python3.11/site-packages/airflow/example_dags/example_params_trigger_ui.py took 0.096 seconds
[2024-11-13T19:40:48.052+1100] {processor.py:186} INFO - Started process (PID=65436) to work on /Users/yoonmoon/git/learn-airflow/airflow1/py_env/lib/python3.11/site-packages/airflow/example_dags/example_params_trigger_ui.py
[2024-11-13T19:40:48.055+1100] {processor.py:914} INFO - Processing file /Users/yoonmoon/git/learn-airflow/airflow1/py_env/lib/python3.11/site-packages/airflow/example_dags/example_params_trigger_ui.py for tasks to queue
[2024-11-13T19:40:48.056+1100] {logging_mixin.py:190} INFO - [2024-11-13T19:40:48.056+1100] {dagbag.py:588} INFO - Filling up the DagBag from /Users/yoonmoon/git/learn-airflow/airflow1/py_env/lib/python3.11/site-packages/airflow/example_dags/example_params_trigger_ui.py
[2024-11-13T19:40:48.071+1100] {processor.py:925} INFO - DAG(s) 'example_params_trigger_ui' retrieved from /Users/yoonmoon/git/learn-airflow/airflow1/py_env/lib/python3.11/site-packages/airflow/example_dags/example_params_trigger_ui.py
[2024-11-13T19:40:48.141+1100] {logging_mixin.py:190} INFO - [2024-11-13T19:40:48.141+1100] {dag.py:3239} INFO - Sync 1 DAGs
[2024-11-13T19:40:48.145+1100] {logging_mixin.py:190} INFO - [2024-11-13T19:40:48.145+1100] {dag.py:4180} INFO - Setting next_dagrun for example_params_trigger_ui to None, run_after=None
[2024-11-13T19:40:48.152+1100] {processor.py:208} INFO - Processing /Users/yoonmoon/git/learn-airflow/airflow1/py_env/lib/python3.11/site-packages/airflow/example_dags/example_params_trigger_ui.py took 0.103 seconds
[2024-11-13T19:43:08.167+1100] {processor.py:186} INFO - Started process (PID=65702) to work on /Users/yoonmoon/git/learn-airflow/airflow1/py_env/lib/python3.11/site-packages/airflow/example_dags/example_params_trigger_ui.py
[2024-11-13T19:43:08.168+1100] {processor.py:914} INFO - Processing file /Users/yoonmoon/git/learn-airflow/airflow1/py_env/lib/python3.11/site-packages/airflow/example_dags/example_params_trigger_ui.py for tasks to queue
[2024-11-13T19:43:08.168+1100] {logging_mixin.py:190} INFO - [2024-11-13T19:43:08.168+1100] {dagbag.py:588} INFO - Filling up the DagBag from /Users/yoonmoon/git/learn-airflow/airflow1/py_env/lib/python3.11/site-packages/airflow/example_dags/example_params_trigger_ui.py
[2024-11-13T19:43:08.182+1100] {processor.py:925} INFO - DAG(s) 'example_params_trigger_ui' retrieved from /Users/yoonmoon/git/learn-airflow/airflow1/py_env/lib/python3.11/site-packages/airflow/example_dags/example_params_trigger_ui.py
[2024-11-13T19:43:08.251+1100] {logging_mixin.py:190} INFO - [2024-11-13T19:43:08.251+1100] {dag.py:3239} INFO - Sync 1 DAGs
[2024-11-13T19:43:08.256+1100] {logging_mixin.py:190} INFO - [2024-11-13T19:43:08.256+1100] {dag.py:4180} INFO - Setting next_dagrun for example_params_trigger_ui to None, run_after=None
[2024-11-13T19:43:08.262+1100] {processor.py:208} INFO - Processing /Users/yoonmoon/git/learn-airflow/airflow1/py_env/lib/python3.11/site-packages/airflow/example_dags/example_params_trigger_ui.py took 0.098 seconds
[2024-11-13T19:45:23.745+1100] {processor.py:186} INFO - Started process (PID=65974) to work on /Users/yoonmoon/git/learn-airflow/airflow1/py_env/lib/python3.11/site-packages/airflow/example_dags/example_params_trigger_ui.py
[2024-11-13T19:45:23.746+1100] {processor.py:914} INFO - Processing file /Users/yoonmoon/git/learn-airflow/airflow1/py_env/lib/python3.11/site-packages/airflow/example_dags/example_params_trigger_ui.py for tasks to queue
[2024-11-13T19:45:23.747+1100] {logging_mixin.py:190} INFO - [2024-11-13T19:45:23.747+1100] {dagbag.py:588} INFO - Filling up the DagBag from /Users/yoonmoon/git/learn-airflow/airflow1/py_env/lib/python3.11/site-packages/airflow/example_dags/example_params_trigger_ui.py
[2024-11-13T19:45:23.761+1100] {processor.py:925} INFO - DAG(s) 'example_params_trigger_ui' retrieved from /Users/yoonmoon/git/learn-airflow/airflow1/py_env/lib/python3.11/site-packages/airflow/example_dags/example_params_trigger_ui.py
[2024-11-13T19:45:23.827+1100] {logging_mixin.py:190} INFO - [2024-11-13T19:45:23.827+1100] {dag.py:3239} INFO - Sync 1 DAGs
[2024-11-13T19:45:23.831+1100] {logging_mixin.py:190} INFO - [2024-11-13T19:45:23.831+1100] {dag.py:4180} INFO - Setting next_dagrun for example_params_trigger_ui to None, run_after=None
[2024-11-13T19:45:23.837+1100] {processor.py:208} INFO - Processing /Users/yoonmoon/git/learn-airflow/airflow1/py_env/lib/python3.11/site-packages/airflow/example_dags/example_params_trigger_ui.py took 0.094 seconds
[2024-11-13T19:47:35.457+1100] {processor.py:186} INFO - Started process (PID=66220) to work on /Users/yoonmoon/git/learn-airflow/airflow1/py_env/lib/python3.11/site-packages/airflow/example_dags/example_params_trigger_ui.py
[2024-11-13T19:47:35.458+1100] {processor.py:914} INFO - Processing file /Users/yoonmoon/git/learn-airflow/airflow1/py_env/lib/python3.11/site-packages/airflow/example_dags/example_params_trigger_ui.py for tasks to queue
[2024-11-13T19:47:35.459+1100] {logging_mixin.py:190} INFO - [2024-11-13T19:47:35.459+1100] {dagbag.py:588} INFO - Filling up the DagBag from /Users/yoonmoon/git/learn-airflow/airflow1/py_env/lib/python3.11/site-packages/airflow/example_dags/example_params_trigger_ui.py
[2024-11-13T19:47:35.473+1100] {processor.py:925} INFO - DAG(s) 'example_params_trigger_ui' retrieved from /Users/yoonmoon/git/learn-airflow/airflow1/py_env/lib/python3.11/site-packages/airflow/example_dags/example_params_trigger_ui.py
[2024-11-13T19:47:35.536+1100] {logging_mixin.py:190} INFO - [2024-11-13T19:47:35.536+1100] {dag.py:3239} INFO - Sync 1 DAGs
[2024-11-13T19:47:35.540+1100] {logging_mixin.py:190} INFO - [2024-11-13T19:47:35.540+1100] {dag.py:4180} INFO - Setting next_dagrun for example_params_trigger_ui to None, run_after=None
[2024-11-13T19:47:35.547+1100] {processor.py:208} INFO - Processing /Users/yoonmoon/git/learn-airflow/airflow1/py_env/lib/python3.11/site-packages/airflow/example_dags/example_params_trigger_ui.py took 0.092 seconds
[2024-11-13T19:49:43.383+1100] {processor.py:186} INFO - Started process (PID=66452) to work on /Users/yoonmoon/git/learn-airflow/airflow1/py_env/lib/python3.11/site-packages/airflow/example_dags/example_params_trigger_ui.py
[2024-11-13T19:49:43.384+1100] {processor.py:914} INFO - Processing file /Users/yoonmoon/git/learn-airflow/airflow1/py_env/lib/python3.11/site-packages/airflow/example_dags/example_params_trigger_ui.py for tasks to queue
[2024-11-13T19:49:43.385+1100] {logging_mixin.py:190} INFO - [2024-11-13T19:49:43.384+1100] {dagbag.py:588} INFO - Filling up the DagBag from /Users/yoonmoon/git/learn-airflow/airflow1/py_env/lib/python3.11/site-packages/airflow/example_dags/example_params_trigger_ui.py
[2024-11-13T19:49:43.398+1100] {processor.py:925} INFO - DAG(s) 'example_params_trigger_ui' retrieved from /Users/yoonmoon/git/learn-airflow/airflow1/py_env/lib/python3.11/site-packages/airflow/example_dags/example_params_trigger_ui.py
[2024-11-13T19:49:43.463+1100] {logging_mixin.py:190} INFO - [2024-11-13T19:49:43.463+1100] {dag.py:3239} INFO - Sync 1 DAGs
[2024-11-13T19:49:43.467+1100] {logging_mixin.py:190} INFO - [2024-11-13T19:49:43.467+1100] {dag.py:4180} INFO - Setting next_dagrun for example_params_trigger_ui to None, run_after=None
[2024-11-13T19:49:43.474+1100] {processor.py:208} INFO - Processing /Users/yoonmoon/git/learn-airflow/airflow1/py_env/lib/python3.11/site-packages/airflow/example_dags/example_params_trigger_ui.py took 0.093 seconds
[2024-11-13T19:52:01.726+1100] {processor.py:186} INFO - Started process (PID=66701) to work on /Users/yoonmoon/git/learn-airflow/airflow1/py_env/lib/python3.11/site-packages/airflow/example_dags/example_params_trigger_ui.py
[2024-11-13T19:52:01.728+1100] {processor.py:914} INFO - Processing file /Users/yoonmoon/git/learn-airflow/airflow1/py_env/lib/python3.11/site-packages/airflow/example_dags/example_params_trigger_ui.py for tasks to queue
[2024-11-13T19:52:01.728+1100] {logging_mixin.py:190} INFO - [2024-11-13T19:52:01.728+1100] {dagbag.py:588} INFO - Filling up the DagBag from /Users/yoonmoon/git/learn-airflow/airflow1/py_env/lib/python3.11/site-packages/airflow/example_dags/example_params_trigger_ui.py
[2024-11-13T19:52:01.742+1100] {processor.py:925} INFO - DAG(s) 'example_params_trigger_ui' retrieved from /Users/yoonmoon/git/learn-airflow/airflow1/py_env/lib/python3.11/site-packages/airflow/example_dags/example_params_trigger_ui.py
[2024-11-13T19:52:01.806+1100] {logging_mixin.py:190} INFO - [2024-11-13T19:52:01.806+1100] {dag.py:3239} INFO - Sync 1 DAGs
[2024-11-13T19:52:01.810+1100] {logging_mixin.py:190} INFO - [2024-11-13T19:52:01.810+1100] {dag.py:4180} INFO - Setting next_dagrun for example_params_trigger_ui to None, run_after=None
[2024-11-13T19:52:01.816+1100] {processor.py:208} INFO - Processing /Users/yoonmoon/git/learn-airflow/airflow1/py_env/lib/python3.11/site-packages/airflow/example_dags/example_params_trigger_ui.py took 0.093 seconds
[2024-11-13T19:54:22.123+1100] {processor.py:186} INFO - Started process (PID=66979) to work on /Users/yoonmoon/git/learn-airflow/airflow1/py_env/lib/python3.11/site-packages/airflow/example_dags/example_params_trigger_ui.py
[2024-11-13T19:54:22.124+1100] {processor.py:914} INFO - Processing file /Users/yoonmoon/git/learn-airflow/airflow1/py_env/lib/python3.11/site-packages/airflow/example_dags/example_params_trigger_ui.py for tasks to queue
[2024-11-13T19:54:22.125+1100] {logging_mixin.py:190} INFO - [2024-11-13T19:54:22.125+1100] {dagbag.py:588} INFO - Filling up the DagBag from /Users/yoonmoon/git/learn-airflow/airflow1/py_env/lib/python3.11/site-packages/airflow/example_dags/example_params_trigger_ui.py
[2024-11-13T19:54:22.139+1100] {processor.py:925} INFO - DAG(s) 'example_params_trigger_ui' retrieved from /Users/yoonmoon/git/learn-airflow/airflow1/py_env/lib/python3.11/site-packages/airflow/example_dags/example_params_trigger_ui.py
[2024-11-13T19:54:22.203+1100] {logging_mixin.py:190} INFO - [2024-11-13T19:54:22.202+1100] {dag.py:3239} INFO - Sync 1 DAGs
[2024-11-13T19:54:22.207+1100] {logging_mixin.py:190} INFO - [2024-11-13T19:54:22.206+1100] {dag.py:4180} INFO - Setting next_dagrun for example_params_trigger_ui to None, run_after=None
[2024-11-13T19:54:22.214+1100] {processor.py:208} INFO - Processing /Users/yoonmoon/git/learn-airflow/airflow1/py_env/lib/python3.11/site-packages/airflow/example_dags/example_params_trigger_ui.py took 0.094 seconds
[2024-11-13T19:56:41.941+1100] {processor.py:186} INFO - Started process (PID=67242) to work on /Users/yoonmoon/git/learn-airflow/airflow1/py_env/lib/python3.11/site-packages/airflow/example_dags/example_params_trigger_ui.py
[2024-11-13T19:56:41.942+1100] {processor.py:914} INFO - Processing file /Users/yoonmoon/git/learn-airflow/airflow1/py_env/lib/python3.11/site-packages/airflow/example_dags/example_params_trigger_ui.py for tasks to queue
[2024-11-13T19:56:41.943+1100] {logging_mixin.py:190} INFO - [2024-11-13T19:56:41.942+1100] {dagbag.py:588} INFO - Filling up the DagBag from /Users/yoonmoon/git/learn-airflow/airflow1/py_env/lib/python3.11/site-packages/airflow/example_dags/example_params_trigger_ui.py
[2024-11-13T19:56:41.956+1100] {processor.py:925} INFO - DAG(s) 'example_params_trigger_ui' retrieved from /Users/yoonmoon/git/learn-airflow/airflow1/py_env/lib/python3.11/site-packages/airflow/example_dags/example_params_trigger_ui.py
[2024-11-13T19:56:42.020+1100] {logging_mixin.py:190} INFO - [2024-11-13T19:56:42.020+1100] {dag.py:3239} INFO - Sync 1 DAGs
[2024-11-13T19:56:42.024+1100] {logging_mixin.py:190} INFO - [2024-11-13T19:56:42.024+1100] {dag.py:4180} INFO - Setting next_dagrun for example_params_trigger_ui to None, run_after=None
[2024-11-13T19:56:42.031+1100] {processor.py:208} INFO - Processing /Users/yoonmoon/git/learn-airflow/airflow1/py_env/lib/python3.11/site-packages/airflow/example_dags/example_params_trigger_ui.py took 0.092 seconds
[2024-11-13T19:58:54.769+1100] {processor.py:186} INFO - Started process (PID=67486) to work on /Users/yoonmoon/git/learn-airflow/airflow1/py_env/lib/python3.11/site-packages/airflow/example_dags/example_params_trigger_ui.py
[2024-11-13T19:58:54.770+1100] {processor.py:914} INFO - Processing file /Users/yoonmoon/git/learn-airflow/airflow1/py_env/lib/python3.11/site-packages/airflow/example_dags/example_params_trigger_ui.py for tasks to queue
[2024-11-13T19:58:54.771+1100] {logging_mixin.py:190} INFO - [2024-11-13T19:58:54.770+1100] {dagbag.py:588} INFO - Filling up the DagBag from /Users/yoonmoon/git/learn-airflow/airflow1/py_env/lib/python3.11/site-packages/airflow/example_dags/example_params_trigger_ui.py
[2024-11-13T19:58:54.784+1100] {processor.py:925} INFO - DAG(s) 'example_params_trigger_ui' retrieved from /Users/yoonmoon/git/learn-airflow/airflow1/py_env/lib/python3.11/site-packages/airflow/example_dags/example_params_trigger_ui.py
[2024-11-13T19:58:54.848+1100] {logging_mixin.py:190} INFO - [2024-11-13T19:58:54.848+1100] {dag.py:3239} INFO - Sync 1 DAGs
[2024-11-13T19:58:54.852+1100] {logging_mixin.py:190} INFO - [2024-11-13T19:58:54.852+1100] {dag.py:4180} INFO - Setting next_dagrun for example_params_trigger_ui to None, run_after=None
[2024-11-13T19:58:54.859+1100] {processor.py:208} INFO - Processing /Users/yoonmoon/git/learn-airflow/airflow1/py_env/lib/python3.11/site-packages/airflow/example_dags/example_params_trigger_ui.py took 0.092 seconds
[2024-11-13T20:01:12.132+1100] {processor.py:186} INFO - Started process (PID=67736) to work on /Users/yoonmoon/git/learn-airflow/airflow1/py_env/lib/python3.11/site-packages/airflow/example_dags/example_params_trigger_ui.py
[2024-11-13T20:01:12.133+1100] {processor.py:914} INFO - Processing file /Users/yoonmoon/git/learn-airflow/airflow1/py_env/lib/python3.11/site-packages/airflow/example_dags/example_params_trigger_ui.py for tasks to queue
[2024-11-13T20:01:12.134+1100] {logging_mixin.py:190} INFO - [2024-11-13T20:01:12.133+1100] {dagbag.py:588} INFO - Filling up the DagBag from /Users/yoonmoon/git/learn-airflow/airflow1/py_env/lib/python3.11/site-packages/airflow/example_dags/example_params_trigger_ui.py
[2024-11-13T20:01:12.148+1100] {processor.py:925} INFO - DAG(s) 'example_params_trigger_ui' retrieved from /Users/yoonmoon/git/learn-airflow/airflow1/py_env/lib/python3.11/site-packages/airflow/example_dags/example_params_trigger_ui.py
[2024-11-13T20:01:12.212+1100] {logging_mixin.py:190} INFO - [2024-11-13T20:01:12.212+1100] {dag.py:3239} INFO - Sync 1 DAGs
[2024-11-13T20:01:12.216+1100] {logging_mixin.py:190} INFO - [2024-11-13T20:01:12.216+1100] {dag.py:4180} INFO - Setting next_dagrun for example_params_trigger_ui to None, run_after=None
[2024-11-13T20:01:12.223+1100] {processor.py:208} INFO - Processing /Users/yoonmoon/git/learn-airflow/airflow1/py_env/lib/python3.11/site-packages/airflow/example_dags/example_params_trigger_ui.py took 0.093 seconds
[2024-11-13T20:03:27.927+1100] {processor.py:186} INFO - Started process (PID=67980) to work on /Users/yoonmoon/git/learn-airflow/airflow1/py_env/lib/python3.11/site-packages/airflow/example_dags/example_params_trigger_ui.py
[2024-11-13T20:03:27.929+1100] {processor.py:914} INFO - Processing file /Users/yoonmoon/git/learn-airflow/airflow1/py_env/lib/python3.11/site-packages/airflow/example_dags/example_params_trigger_ui.py for tasks to queue
[2024-11-13T20:03:27.929+1100] {logging_mixin.py:190} INFO - [2024-11-13T20:03:27.929+1100] {dagbag.py:588} INFO - Filling up the DagBag from /Users/yoonmoon/git/learn-airflow/airflow1/py_env/lib/python3.11/site-packages/airflow/example_dags/example_params_trigger_ui.py
[2024-11-13T20:03:27.944+1100] {processor.py:925} INFO - DAG(s) 'example_params_trigger_ui' retrieved from /Users/yoonmoon/git/learn-airflow/airflow1/py_env/lib/python3.11/site-packages/airflow/example_dags/example_params_trigger_ui.py
[2024-11-13T20:03:28.008+1100] {logging_mixin.py:190} INFO - [2024-11-13T20:03:28.008+1100] {dag.py:3239} INFO - Sync 1 DAGs
[2024-11-13T20:03:28.012+1100] {logging_mixin.py:190} INFO - [2024-11-13T20:03:28.012+1100] {dag.py:4180} INFO - Setting next_dagrun for example_params_trigger_ui to None, run_after=None
[2024-11-13T20:03:28.019+1100] {processor.py:208} INFO - Processing /Users/yoonmoon/git/learn-airflow/airflow1/py_env/lib/python3.11/site-packages/airflow/example_dags/example_params_trigger_ui.py took 0.093 seconds
[2024-11-13T20:05:46.254+1100] {processor.py:186} INFO - Started process (PID=68256) to work on /Users/yoonmoon/git/learn-airflow/airflow1/py_env/lib/python3.11/site-packages/airflow/example_dags/example_params_trigger_ui.py
[2024-11-13T20:05:46.256+1100] {processor.py:914} INFO - Processing file /Users/yoonmoon/git/learn-airflow/airflow1/py_env/lib/python3.11/site-packages/airflow/example_dags/example_params_trigger_ui.py for tasks to queue
[2024-11-13T20:05:46.256+1100] {logging_mixin.py:190} INFO - [2024-11-13T20:05:46.256+1100] {dagbag.py:588} INFO - Filling up the DagBag from /Users/yoonmoon/git/learn-airflow/airflow1/py_env/lib/python3.11/site-packages/airflow/example_dags/example_params_trigger_ui.py
[2024-11-13T20:05:46.272+1100] {processor.py:925} INFO - DAG(s) 'example_params_trigger_ui' retrieved from /Users/yoonmoon/git/learn-airflow/airflow1/py_env/lib/python3.11/site-packages/airflow/example_dags/example_params_trigger_ui.py
[2024-11-13T20:05:46.340+1100] {logging_mixin.py:190} INFO - [2024-11-13T20:05:46.340+1100] {dag.py:3239} INFO - Sync 1 DAGs
[2024-11-13T20:05:46.345+1100] {logging_mixin.py:190} INFO - [2024-11-13T20:05:46.345+1100] {dag.py:4180} INFO - Setting next_dagrun for example_params_trigger_ui to None, run_after=None
[2024-11-13T20:05:46.352+1100] {processor.py:208} INFO - Processing /Users/yoonmoon/git/learn-airflow/airflow1/py_env/lib/python3.11/site-packages/airflow/example_dags/example_params_trigger_ui.py took 0.100 seconds
[2024-11-13T20:08:06.481+1100] {processor.py:186} INFO - Started process (PID=68527) to work on /Users/yoonmoon/git/learn-airflow/airflow1/py_env/lib/python3.11/site-packages/airflow/example_dags/example_params_trigger_ui.py
[2024-11-13T20:08:06.482+1100] {processor.py:914} INFO - Processing file /Users/yoonmoon/git/learn-airflow/airflow1/py_env/lib/python3.11/site-packages/airflow/example_dags/example_params_trigger_ui.py for tasks to queue
[2024-11-13T20:08:06.483+1100] {logging_mixin.py:190} INFO - [2024-11-13T20:08:06.483+1100] {dagbag.py:588} INFO - Filling up the DagBag from /Users/yoonmoon/git/learn-airflow/airflow1/py_env/lib/python3.11/site-packages/airflow/example_dags/example_params_trigger_ui.py
[2024-11-13T20:08:06.498+1100] {processor.py:925} INFO - DAG(s) 'example_params_trigger_ui' retrieved from /Users/yoonmoon/git/learn-airflow/airflow1/py_env/lib/python3.11/site-packages/airflow/example_dags/example_params_trigger_ui.py
[2024-11-13T20:08:06.565+1100] {logging_mixin.py:190} INFO - [2024-11-13T20:08:06.565+1100] {dag.py:3239} INFO - Sync 1 DAGs
[2024-11-13T20:08:06.569+1100] {logging_mixin.py:190} INFO - [2024-11-13T20:08:06.569+1100] {dag.py:4180} INFO - Setting next_dagrun for example_params_trigger_ui to None, run_after=None
[2024-11-13T20:08:06.577+1100] {processor.py:208} INFO - Processing /Users/yoonmoon/git/learn-airflow/airflow1/py_env/lib/python3.11/site-packages/airflow/example_dags/example_params_trigger_ui.py took 0.099 seconds
[2024-11-13T20:10:29.178+1100] {processor.py:186} INFO - Started process (PID=68818) to work on /Users/yoonmoon/git/learn-airflow/airflow1/py_env/lib/python3.11/site-packages/airflow/example_dags/example_params_trigger_ui.py
[2024-11-13T20:10:29.179+1100] {processor.py:914} INFO - Processing file /Users/yoonmoon/git/learn-airflow/airflow1/py_env/lib/python3.11/site-packages/airflow/example_dags/example_params_trigger_ui.py for tasks to queue
[2024-11-13T20:10:29.180+1100] {logging_mixin.py:190} INFO - [2024-11-13T20:10:29.179+1100] {dagbag.py:588} INFO - Filling up the DagBag from /Users/yoonmoon/git/learn-airflow/airflow1/py_env/lib/python3.11/site-packages/airflow/example_dags/example_params_trigger_ui.py
[2024-11-13T20:10:29.195+1100] {processor.py:925} INFO - DAG(s) 'example_params_trigger_ui' retrieved from /Users/yoonmoon/git/learn-airflow/airflow1/py_env/lib/python3.11/site-packages/airflow/example_dags/example_params_trigger_ui.py
[2024-11-13T20:10:29.263+1100] {logging_mixin.py:190} INFO - [2024-11-13T20:10:29.263+1100] {dag.py:3239} INFO - Sync 1 DAGs
[2024-11-13T20:10:29.267+1100] {logging_mixin.py:190} INFO - [2024-11-13T20:10:29.267+1100] {dag.py:4180} INFO - Setting next_dagrun for example_params_trigger_ui to None, run_after=None
[2024-11-13T20:10:29.274+1100] {processor.py:208} INFO - Processing /Users/yoonmoon/git/learn-airflow/airflow1/py_env/lib/python3.11/site-packages/airflow/example_dags/example_params_trigger_ui.py took 0.098 seconds
[2024-11-13T20:12:42.058+1100] {processor.py:186} INFO - Started process (PID=69068) to work on /Users/yoonmoon/git/learn-airflow/airflow1/py_env/lib/python3.11/site-packages/airflow/example_dags/example_params_trigger_ui.py
[2024-11-13T20:12:42.061+1100] {processor.py:914} INFO - Processing file /Users/yoonmoon/git/learn-airflow/airflow1/py_env/lib/python3.11/site-packages/airflow/example_dags/example_params_trigger_ui.py for tasks to queue
[2024-11-13T20:12:42.062+1100] {logging_mixin.py:190} INFO - [2024-11-13T20:12:42.061+1100] {dagbag.py:588} INFO - Filling up the DagBag from /Users/yoonmoon/git/learn-airflow/airflow1/py_env/lib/python3.11/site-packages/airflow/example_dags/example_params_trigger_ui.py
[2024-11-13T20:12:42.076+1100] {processor.py:925} INFO - DAG(s) 'example_params_trigger_ui' retrieved from /Users/yoonmoon/git/learn-airflow/airflow1/py_env/lib/python3.11/site-packages/airflow/example_dags/example_params_trigger_ui.py
[2024-11-13T20:12:42.142+1100] {logging_mixin.py:190} INFO - [2024-11-13T20:12:42.142+1100] {dag.py:3239} INFO - Sync 1 DAGs
[2024-11-13T20:12:42.146+1100] {logging_mixin.py:190} INFO - [2024-11-13T20:12:42.146+1100] {dag.py:4180} INFO - Setting next_dagrun for example_params_trigger_ui to None, run_after=None
[2024-11-13T20:12:42.153+1100] {processor.py:208} INFO - Processing /Users/yoonmoon/git/learn-airflow/airflow1/py_env/lib/python3.11/site-packages/airflow/example_dags/example_params_trigger_ui.py took 0.098 seconds
[2024-11-13T20:15:01.906+1100] {processor.py:186} INFO - Started process (PID=69318) to work on /Users/yoonmoon/git/learn-airflow/airflow1/py_env/lib/python3.11/site-packages/airflow/example_dags/example_params_trigger_ui.py
[2024-11-13T20:15:01.908+1100] {processor.py:914} INFO - Processing file /Users/yoonmoon/git/learn-airflow/airflow1/py_env/lib/python3.11/site-packages/airflow/example_dags/example_params_trigger_ui.py for tasks to queue
[2024-11-13T20:15:01.908+1100] {logging_mixin.py:190} INFO - [2024-11-13T20:15:01.908+1100] {dagbag.py:588} INFO - Filling up the DagBag from /Users/yoonmoon/git/learn-airflow/airflow1/py_env/lib/python3.11/site-packages/airflow/example_dags/example_params_trigger_ui.py
[2024-11-13T20:15:01.922+1100] {processor.py:925} INFO - DAG(s) 'example_params_trigger_ui' retrieved from /Users/yoonmoon/git/learn-airflow/airflow1/py_env/lib/python3.11/site-packages/airflow/example_dags/example_params_trigger_ui.py
[2024-11-13T20:15:01.988+1100] {logging_mixin.py:190} INFO - [2024-11-13T20:15:01.988+1100] {dag.py:3239} INFO - Sync 1 DAGs
[2024-11-13T20:15:01.992+1100] {logging_mixin.py:190} INFO - [2024-11-13T20:15:01.992+1100] {dag.py:4180} INFO - Setting next_dagrun for example_params_trigger_ui to None, run_after=None
[2024-11-13T20:15:01.999+1100] {processor.py:208} INFO - Processing /Users/yoonmoon/git/learn-airflow/airflow1/py_env/lib/python3.11/site-packages/airflow/example_dags/example_params_trigger_ui.py took 0.095 seconds
[2024-11-13T20:17:17.749+1100] {processor.py:186} INFO - Started process (PID=69565) to work on /Users/yoonmoon/git/learn-airflow/airflow1/py_env/lib/python3.11/site-packages/airflow/example_dags/example_params_trigger_ui.py
[2024-11-13T20:17:17.751+1100] {processor.py:914} INFO - Processing file /Users/yoonmoon/git/learn-airflow/airflow1/py_env/lib/python3.11/site-packages/airflow/example_dags/example_params_trigger_ui.py for tasks to queue
[2024-11-13T20:17:17.751+1100] {logging_mixin.py:190} INFO - [2024-11-13T20:17:17.751+1100] {dagbag.py:588} INFO - Filling up the DagBag from /Users/yoonmoon/git/learn-airflow/airflow1/py_env/lib/python3.11/site-packages/airflow/example_dags/example_params_trigger_ui.py
[2024-11-13T20:17:17.765+1100] {processor.py:925} INFO - DAG(s) 'example_params_trigger_ui' retrieved from /Users/yoonmoon/git/learn-airflow/airflow1/py_env/lib/python3.11/site-packages/airflow/example_dags/example_params_trigger_ui.py
[2024-11-13T20:17:17.832+1100] {logging_mixin.py:190} INFO - [2024-11-13T20:17:17.832+1100] {dag.py:3239} INFO - Sync 1 DAGs
[2024-11-13T20:17:17.837+1100] {logging_mixin.py:190} INFO - [2024-11-13T20:17:17.837+1100] {dag.py:4180} INFO - Setting next_dagrun for example_params_trigger_ui to None, run_after=None
[2024-11-13T20:17:17.844+1100] {processor.py:208} INFO - Processing /Users/yoonmoon/git/learn-airflow/airflow1/py_env/lib/python3.11/site-packages/airflow/example_dags/example_params_trigger_ui.py took 0.096 seconds
[2024-11-13T20:19:37.712+1100] {processor.py:186} INFO - Started process (PID=69898) to work on /Users/yoonmoon/git/learn-airflow/airflow1/py_env/lib/python3.11/site-packages/airflow/example_dags/example_params_trigger_ui.py
[2024-11-13T20:19:37.713+1100] {processor.py:914} INFO - Processing file /Users/yoonmoon/git/learn-airflow/airflow1/py_env/lib/python3.11/site-packages/airflow/example_dags/example_params_trigger_ui.py for tasks to queue
[2024-11-13T20:19:37.714+1100] {logging_mixin.py:190} INFO - [2024-11-13T20:19:37.714+1100] {dagbag.py:588} INFO - Filling up the DagBag from /Users/yoonmoon/git/learn-airflow/airflow1/py_env/lib/python3.11/site-packages/airflow/example_dags/example_params_trigger_ui.py
[2024-11-13T20:19:37.728+1100] {processor.py:925} INFO - DAG(s) 'example_params_trigger_ui' retrieved from /Users/yoonmoon/git/learn-airflow/airflow1/py_env/lib/python3.11/site-packages/airflow/example_dags/example_params_trigger_ui.py
[2024-11-13T20:19:37.795+1100] {logging_mixin.py:190} INFO - [2024-11-13T20:19:37.795+1100] {dag.py:3239} INFO - Sync 1 DAGs
[2024-11-13T20:19:37.799+1100] {logging_mixin.py:190} INFO - [2024-11-13T20:19:37.799+1100] {dag.py:4180} INFO - Setting next_dagrun for example_params_trigger_ui to None, run_after=None
[2024-11-13T20:19:37.806+1100] {processor.py:208} INFO - Processing /Users/yoonmoon/git/learn-airflow/airflow1/py_env/lib/python3.11/site-packages/airflow/example_dags/example_params_trigger_ui.py took 0.097 seconds
[2024-11-13T20:21:55.570+1100] {processor.py:186} INFO - Started process (PID=70212) to work on /Users/yoonmoon/git/learn-airflow/airflow1/py_env/lib/python3.11/site-packages/airflow/example_dags/example_params_trigger_ui.py
[2024-11-13T20:21:55.570+1100] {processor.py:914} INFO - Processing file /Users/yoonmoon/git/learn-airflow/airflow1/py_env/lib/python3.11/site-packages/airflow/example_dags/example_params_trigger_ui.py for tasks to queue
[2024-11-13T20:21:55.571+1100] {logging_mixin.py:190} INFO - [2024-11-13T20:21:55.571+1100] {dagbag.py:588} INFO - Filling up the DagBag from /Users/yoonmoon/git/learn-airflow/airflow1/py_env/lib/python3.11/site-packages/airflow/example_dags/example_params_trigger_ui.py
[2024-11-13T20:21:55.585+1100] {processor.py:925} INFO - DAG(s) 'example_params_trigger_ui' retrieved from /Users/yoonmoon/git/learn-airflow/airflow1/py_env/lib/python3.11/site-packages/airflow/example_dags/example_params_trigger_ui.py
[2024-11-13T20:21:55.649+1100] {logging_mixin.py:190} INFO - [2024-11-13T20:21:55.649+1100] {dag.py:3239} INFO - Sync 1 DAGs
[2024-11-13T20:21:55.653+1100] {logging_mixin.py:190} INFO - [2024-11-13T20:21:55.653+1100] {dag.py:4180} INFO - Setting next_dagrun for example_params_trigger_ui to None, run_after=None
[2024-11-13T20:21:55.660+1100] {processor.py:208} INFO - Processing /Users/yoonmoon/git/learn-airflow/airflow1/py_env/lib/python3.11/site-packages/airflow/example_dags/example_params_trigger_ui.py took 0.093 seconds
[2024-11-13T20:24:07.236+1100] {processor.py:186} INFO - Started process (PID=70468) to work on /Users/yoonmoon/git/learn-airflow/airflow1/py_env/lib/python3.11/site-packages/airflow/example_dags/example_params_trigger_ui.py
[2024-11-13T20:24:07.237+1100] {processor.py:914} INFO - Processing file /Users/yoonmoon/git/learn-airflow/airflow1/py_env/lib/python3.11/site-packages/airflow/example_dags/example_params_trigger_ui.py for tasks to queue
[2024-11-13T20:24:07.238+1100] {logging_mixin.py:190} INFO - [2024-11-13T20:24:07.238+1100] {dagbag.py:588} INFO - Filling up the DagBag from /Users/yoonmoon/git/learn-airflow/airflow1/py_env/lib/python3.11/site-packages/airflow/example_dags/example_params_trigger_ui.py
[2024-11-13T20:24:07.251+1100] {processor.py:925} INFO - DAG(s) 'example_params_trigger_ui' retrieved from /Users/yoonmoon/git/learn-airflow/airflow1/py_env/lib/python3.11/site-packages/airflow/example_dags/example_params_trigger_ui.py
[2024-11-13T20:24:07.316+1100] {logging_mixin.py:190} INFO - [2024-11-13T20:24:07.316+1100] {dag.py:3239} INFO - Sync 1 DAGs
[2024-11-13T20:24:07.320+1100] {logging_mixin.py:190} INFO - [2024-11-13T20:24:07.320+1100] {dag.py:4180} INFO - Setting next_dagrun for example_params_trigger_ui to None, run_after=None
[2024-11-13T20:24:07.327+1100] {processor.py:208} INFO - Processing /Users/yoonmoon/git/learn-airflow/airflow1/py_env/lib/python3.11/site-packages/airflow/example_dags/example_params_trigger_ui.py took 0.093 seconds
[2024-11-13T20:26:24.319+1100] {processor.py:186} INFO - Started process (PID=70733) to work on /Users/yoonmoon/git/learn-airflow/airflow1/py_env/lib/python3.11/site-packages/airflow/example_dags/example_params_trigger_ui.py
[2024-11-13T20:26:24.320+1100] {processor.py:914} INFO - Processing file /Users/yoonmoon/git/learn-airflow/airflow1/py_env/lib/python3.11/site-packages/airflow/example_dags/example_params_trigger_ui.py for tasks to queue
[2024-11-13T20:26:24.321+1100] {logging_mixin.py:190} INFO - [2024-11-13T20:26:24.321+1100] {dagbag.py:588} INFO - Filling up the DagBag from /Users/yoonmoon/git/learn-airflow/airflow1/py_env/lib/python3.11/site-packages/airflow/example_dags/example_params_trigger_ui.py
[2024-11-13T20:26:24.335+1100] {processor.py:925} INFO - DAG(s) 'example_params_trigger_ui' retrieved from /Users/yoonmoon/git/learn-airflow/airflow1/py_env/lib/python3.11/site-packages/airflow/example_dags/example_params_trigger_ui.py
[2024-11-13T20:26:24.401+1100] {logging_mixin.py:190} INFO - [2024-11-13T20:26:24.401+1100] {dag.py:3239} INFO - Sync 1 DAGs
[2024-11-13T20:26:24.405+1100] {logging_mixin.py:190} INFO - [2024-11-13T20:26:24.405+1100] {dag.py:4180} INFO - Setting next_dagrun for example_params_trigger_ui to None, run_after=None
[2024-11-13T20:26:24.412+1100] {processor.py:208} INFO - Processing /Users/yoonmoon/git/learn-airflow/airflow1/py_env/lib/python3.11/site-packages/airflow/example_dags/example_params_trigger_ui.py took 0.095 seconds
[2024-11-13T20:28:42.905+1100] {processor.py:186} INFO - Started process (PID=71023) to work on /Users/yoonmoon/git/learn-airflow/airflow1/py_env/lib/python3.11/site-packages/airflow/example_dags/example_params_trigger_ui.py
[2024-11-13T20:28:42.905+1100] {processor.py:914} INFO - Processing file /Users/yoonmoon/git/learn-airflow/airflow1/py_env/lib/python3.11/site-packages/airflow/example_dags/example_params_trigger_ui.py for tasks to queue
[2024-11-13T20:28:42.906+1100] {logging_mixin.py:190} INFO - [2024-11-13T20:28:42.906+1100] {dagbag.py:588} INFO - Filling up the DagBag from /Users/yoonmoon/git/learn-airflow/airflow1/py_env/lib/python3.11/site-packages/airflow/example_dags/example_params_trigger_ui.py
[2024-11-13T20:28:42.920+1100] {processor.py:925} INFO - DAG(s) 'example_params_trigger_ui' retrieved from /Users/yoonmoon/git/learn-airflow/airflow1/py_env/lib/python3.11/site-packages/airflow/example_dags/example_params_trigger_ui.py
[2024-11-13T20:28:42.987+1100] {logging_mixin.py:190} INFO - [2024-11-13T20:28:42.987+1100] {dag.py:3239} INFO - Sync 1 DAGs
[2024-11-13T20:28:42.991+1100] {logging_mixin.py:190} INFO - [2024-11-13T20:28:42.991+1100] {dag.py:4180} INFO - Setting next_dagrun for example_params_trigger_ui to None, run_after=None
[2024-11-13T20:28:42.997+1100] {processor.py:208} INFO - Processing /Users/yoonmoon/git/learn-airflow/airflow1/py_env/lib/python3.11/site-packages/airflow/example_dags/example_params_trigger_ui.py took 0.095 seconds
[2024-11-13T20:30:58.862+1100] {processor.py:186} INFO - Started process (PID=71273) to work on /Users/yoonmoon/git/learn-airflow/airflow1/py_env/lib/python3.11/site-packages/airflow/example_dags/example_params_trigger_ui.py
[2024-11-13T20:30:58.863+1100] {processor.py:914} INFO - Processing file /Users/yoonmoon/git/learn-airflow/airflow1/py_env/lib/python3.11/site-packages/airflow/example_dags/example_params_trigger_ui.py for tasks to queue
[2024-11-13T20:30:58.864+1100] {logging_mixin.py:190} INFO - [2024-11-13T20:30:58.863+1100] {dagbag.py:588} INFO - Filling up the DagBag from /Users/yoonmoon/git/learn-airflow/airflow1/py_env/lib/python3.11/site-packages/airflow/example_dags/example_params_trigger_ui.py
[2024-11-13T20:30:58.878+1100] {processor.py:925} INFO - DAG(s) 'example_params_trigger_ui' retrieved from /Users/yoonmoon/git/learn-airflow/airflow1/py_env/lib/python3.11/site-packages/airflow/example_dags/example_params_trigger_ui.py
[2024-11-13T20:30:58.942+1100] {logging_mixin.py:190} INFO - [2024-11-13T20:30:58.942+1100] {dag.py:3239} INFO - Sync 1 DAGs
[2024-11-13T20:30:58.946+1100] {logging_mixin.py:190} INFO - [2024-11-13T20:30:58.946+1100] {dag.py:4180} INFO - Setting next_dagrun for example_params_trigger_ui to None, run_after=None
[2024-11-13T20:30:58.952+1100] {processor.py:208} INFO - Processing /Users/yoonmoon/git/learn-airflow/airflow1/py_env/lib/python3.11/site-packages/airflow/example_dags/example_params_trigger_ui.py took 0.093 seconds
[2024-11-13T20:33:19.265+1100] {processor.py:186} INFO - Started process (PID=71528) to work on /Users/yoonmoon/git/learn-airflow/airflow1/py_env/lib/python3.11/site-packages/airflow/example_dags/example_params_trigger_ui.py
[2024-11-13T20:33:19.266+1100] {processor.py:914} INFO - Processing file /Users/yoonmoon/git/learn-airflow/airflow1/py_env/lib/python3.11/site-packages/airflow/example_dags/example_params_trigger_ui.py for tasks to queue
[2024-11-13T20:33:19.267+1100] {logging_mixin.py:190} INFO - [2024-11-13T20:33:19.266+1100] {dagbag.py:588} INFO - Filling up the DagBag from /Users/yoonmoon/git/learn-airflow/airflow1/py_env/lib/python3.11/site-packages/airflow/example_dags/example_params_trigger_ui.py
[2024-11-13T20:33:19.281+1100] {processor.py:925} INFO - DAG(s) 'example_params_trigger_ui' retrieved from /Users/yoonmoon/git/learn-airflow/airflow1/py_env/lib/python3.11/site-packages/airflow/example_dags/example_params_trigger_ui.py
[2024-11-13T20:33:19.346+1100] {logging_mixin.py:190} INFO - [2024-11-13T20:33:19.346+1100] {dag.py:3239} INFO - Sync 1 DAGs
[2024-11-13T20:33:19.351+1100] {logging_mixin.py:190} INFO - [2024-11-13T20:33:19.350+1100] {dag.py:4180} INFO - Setting next_dagrun for example_params_trigger_ui to None, run_after=None
[2024-11-13T20:33:19.357+1100] {processor.py:208} INFO - Processing /Users/yoonmoon/git/learn-airflow/airflow1/py_env/lib/python3.11/site-packages/airflow/example_dags/example_params_trigger_ui.py took 0.094 seconds
[2024-11-13T20:35:41.092+1100] {processor.py:186} INFO - Started process (PID=71799) to work on /Users/yoonmoon/git/learn-airflow/airflow1/py_env/lib/python3.11/site-packages/airflow/example_dags/example_params_trigger_ui.py
[2024-11-13T20:35:41.092+1100] {processor.py:914} INFO - Processing file /Users/yoonmoon/git/learn-airflow/airflow1/py_env/lib/python3.11/site-packages/airflow/example_dags/example_params_trigger_ui.py for tasks to queue
[2024-11-13T20:35:41.093+1100] {logging_mixin.py:190} INFO - [2024-11-13T20:35:41.093+1100] {dagbag.py:588} INFO - Filling up the DagBag from /Users/yoonmoon/git/learn-airflow/airflow1/py_env/lib/python3.11/site-packages/airflow/example_dags/example_params_trigger_ui.py
[2024-11-13T20:35:41.107+1100] {processor.py:925} INFO - DAG(s) 'example_params_trigger_ui' retrieved from /Users/yoonmoon/git/learn-airflow/airflow1/py_env/lib/python3.11/site-packages/airflow/example_dags/example_params_trigger_ui.py
[2024-11-13T20:35:41.173+1100] {logging_mixin.py:190} INFO - [2024-11-13T20:35:41.173+1100] {dag.py:3239} INFO - Sync 1 DAGs
[2024-11-13T20:35:41.177+1100] {logging_mixin.py:190} INFO - [2024-11-13T20:35:41.177+1100] {dag.py:4180} INFO - Setting next_dagrun for example_params_trigger_ui to None, run_after=None
[2024-11-13T20:35:41.184+1100] {processor.py:208} INFO - Processing /Users/yoonmoon/git/learn-airflow/airflow1/py_env/lib/python3.11/site-packages/airflow/example_dags/example_params_trigger_ui.py took 0.094 seconds
[2024-11-13T20:37:59.077+1100] {processor.py:186} INFO - Started process (PID=72095) to work on /Users/yoonmoon/git/learn-airflow/airflow1/py_env/lib/python3.11/site-packages/airflow/example_dags/example_params_trigger_ui.py
[2024-11-13T20:37:59.077+1100] {processor.py:914} INFO - Processing file /Users/yoonmoon/git/learn-airflow/airflow1/py_env/lib/python3.11/site-packages/airflow/example_dags/example_params_trigger_ui.py for tasks to queue
[2024-11-13T20:37:59.078+1100] {logging_mixin.py:190} INFO - [2024-11-13T20:37:59.078+1100] {dagbag.py:588} INFO - Filling up the DagBag from /Users/yoonmoon/git/learn-airflow/airflow1/py_env/lib/python3.11/site-packages/airflow/example_dags/example_params_trigger_ui.py
[2024-11-13T20:37:59.094+1100] {processor.py:925} INFO - DAG(s) 'example_params_trigger_ui' retrieved from /Users/yoonmoon/git/learn-airflow/airflow1/py_env/lib/python3.11/site-packages/airflow/example_dags/example_params_trigger_ui.py
[2024-11-13T20:37:59.163+1100] {logging_mixin.py:190} INFO - [2024-11-13T20:37:59.163+1100] {dag.py:3239} INFO - Sync 1 DAGs
[2024-11-13T20:37:59.167+1100] {logging_mixin.py:190} INFO - [2024-11-13T20:37:59.167+1100] {dag.py:4180} INFO - Setting next_dagrun for example_params_trigger_ui to None, run_after=None
[2024-11-13T20:37:59.174+1100] {processor.py:208} INFO - Processing /Users/yoonmoon/git/learn-airflow/airflow1/py_env/lib/python3.11/site-packages/airflow/example_dags/example_params_trigger_ui.py took 0.100 seconds
[2024-11-13T20:40:16.253+1100] {processor.py:186} INFO - Started process (PID=72356) to work on /Users/yoonmoon/git/learn-airflow/airflow1/py_env/lib/python3.11/site-packages/airflow/example_dags/example_params_trigger_ui.py
[2024-11-13T20:40:16.254+1100] {processor.py:914} INFO - Processing file /Users/yoonmoon/git/learn-airflow/airflow1/py_env/lib/python3.11/site-packages/airflow/example_dags/example_params_trigger_ui.py for tasks to queue
[2024-11-13T20:40:16.254+1100] {logging_mixin.py:190} INFO - [2024-11-13T20:40:16.254+1100] {dagbag.py:588} INFO - Filling up the DagBag from /Users/yoonmoon/git/learn-airflow/airflow1/py_env/lib/python3.11/site-packages/airflow/example_dags/example_params_trigger_ui.py
[2024-11-13T20:40:16.268+1100] {processor.py:925} INFO - DAG(s) 'example_params_trigger_ui' retrieved from /Users/yoonmoon/git/learn-airflow/airflow1/py_env/lib/python3.11/site-packages/airflow/example_dags/example_params_trigger_ui.py
[2024-11-13T20:40:16.337+1100] {logging_mixin.py:190} INFO - [2024-11-13T20:40:16.337+1100] {dag.py:3239} INFO - Sync 1 DAGs
[2024-11-13T20:40:16.342+1100] {logging_mixin.py:190} INFO - [2024-11-13T20:40:16.341+1100] {dag.py:4180} INFO - Setting next_dagrun for example_params_trigger_ui to None, run_after=None
[2024-11-13T20:40:16.349+1100] {processor.py:208} INFO - Processing /Users/yoonmoon/git/learn-airflow/airflow1/py_env/lib/python3.11/site-packages/airflow/example_dags/example_params_trigger_ui.py took 0.098 seconds
[2024-11-13T20:42:37.892+1100] {processor.py:186} INFO - Started process (PID=72618) to work on /Users/yoonmoon/git/learn-airflow/airflow1/py_env/lib/python3.11/site-packages/airflow/example_dags/example_params_trigger_ui.py
[2024-11-13T20:42:37.893+1100] {processor.py:914} INFO - Processing file /Users/yoonmoon/git/learn-airflow/airflow1/py_env/lib/python3.11/site-packages/airflow/example_dags/example_params_trigger_ui.py for tasks to queue
[2024-11-13T20:42:37.894+1100] {logging_mixin.py:190} INFO - [2024-11-13T20:42:37.893+1100] {dagbag.py:588} INFO - Filling up the DagBag from /Users/yoonmoon/git/learn-airflow/airflow1/py_env/lib/python3.11/site-packages/airflow/example_dags/example_params_trigger_ui.py
[2024-11-13T20:42:37.908+1100] {processor.py:925} INFO - DAG(s) 'example_params_trigger_ui' retrieved from /Users/yoonmoon/git/learn-airflow/airflow1/py_env/lib/python3.11/site-packages/airflow/example_dags/example_params_trigger_ui.py
[2024-11-13T20:42:37.972+1100] {logging_mixin.py:190} INFO - [2024-11-13T20:42:37.972+1100] {dag.py:3239} INFO - Sync 1 DAGs
[2024-11-13T20:42:37.976+1100] {logging_mixin.py:190} INFO - [2024-11-13T20:42:37.976+1100] {dag.py:4180} INFO - Setting next_dagrun for example_params_trigger_ui to None, run_after=None
[2024-11-13T20:42:37.983+1100] {processor.py:208} INFO - Processing /Users/yoonmoon/git/learn-airflow/airflow1/py_env/lib/python3.11/site-packages/airflow/example_dags/example_params_trigger_ui.py took 0.093 seconds
[2024-11-13T20:44:56.420+1100] {processor.py:186} INFO - Started process (PID=72890) to work on /Users/yoonmoon/git/learn-airflow/airflow1/py_env/lib/python3.11/site-packages/airflow/example_dags/example_params_trigger_ui.py
[2024-11-13T20:44:56.420+1100] {processor.py:914} INFO - Processing file /Users/yoonmoon/git/learn-airflow/airflow1/py_env/lib/python3.11/site-packages/airflow/example_dags/example_params_trigger_ui.py for tasks to queue
[2024-11-13T20:44:56.421+1100] {logging_mixin.py:190} INFO - [2024-11-13T20:44:56.421+1100] {dagbag.py:588} INFO - Filling up the DagBag from /Users/yoonmoon/git/learn-airflow/airflow1/py_env/lib/python3.11/site-packages/airflow/example_dags/example_params_trigger_ui.py
[2024-11-13T20:44:56.435+1100] {processor.py:925} INFO - DAG(s) 'example_params_trigger_ui' retrieved from /Users/yoonmoon/git/learn-airflow/airflow1/py_env/lib/python3.11/site-packages/airflow/example_dags/example_params_trigger_ui.py
[2024-11-13T20:44:56.501+1100] {logging_mixin.py:190} INFO - [2024-11-13T20:44:56.501+1100] {dag.py:3239} INFO - Sync 1 DAGs
[2024-11-13T20:44:56.505+1100] {logging_mixin.py:190} INFO - [2024-11-13T20:44:56.505+1100] {dag.py:4180} INFO - Setting next_dagrun for example_params_trigger_ui to None, run_after=None
[2024-11-13T20:44:56.512+1100] {processor.py:208} INFO - Processing /Users/yoonmoon/git/learn-airflow/airflow1/py_env/lib/python3.11/site-packages/airflow/example_dags/example_params_trigger_ui.py took 0.095 seconds
[2024-11-13T20:47:17.540+1100] {processor.py:186} INFO - Started process (PID=73157) to work on /Users/yoonmoon/git/learn-airflow/airflow1/py_env/lib/python3.11/site-packages/airflow/example_dags/example_params_trigger_ui.py
[2024-11-13T20:47:17.541+1100] {processor.py:914} INFO - Processing file /Users/yoonmoon/git/learn-airflow/airflow1/py_env/lib/python3.11/site-packages/airflow/example_dags/example_params_trigger_ui.py for tasks to queue
[2024-11-13T20:47:17.541+1100] {logging_mixin.py:190} INFO - [2024-11-13T20:47:17.541+1100] {dagbag.py:588} INFO - Filling up the DagBag from /Users/yoonmoon/git/learn-airflow/airflow1/py_env/lib/python3.11/site-packages/airflow/example_dags/example_params_trigger_ui.py
[2024-11-13T20:47:17.556+1100] {processor.py:925} INFO - DAG(s) 'example_params_trigger_ui' retrieved from /Users/yoonmoon/git/learn-airflow/airflow1/py_env/lib/python3.11/site-packages/airflow/example_dags/example_params_trigger_ui.py
[2024-11-13T20:47:17.622+1100] {logging_mixin.py:190} INFO - [2024-11-13T20:47:17.622+1100] {dag.py:3239} INFO - Sync 1 DAGs
[2024-11-13T20:47:17.626+1100] {logging_mixin.py:190} INFO - [2024-11-13T20:47:17.626+1100] {dag.py:4180} INFO - Setting next_dagrun for example_params_trigger_ui to None, run_after=None
[2024-11-13T20:47:17.633+1100] {processor.py:208} INFO - Processing /Users/yoonmoon/git/learn-airflow/airflow1/py_env/lib/python3.11/site-packages/airflow/example_dags/example_params_trigger_ui.py took 0.095 seconds
[2024-11-13T20:49:44.078+1100] {processor.py:186} INFO - Started process (PID=73431) to work on /Users/yoonmoon/git/learn-airflow/airflow1/py_env/lib/python3.11/site-packages/airflow/example_dags/example_params_trigger_ui.py
[2024-11-13T20:49:44.079+1100] {processor.py:914} INFO - Processing file /Users/yoonmoon/git/learn-airflow/airflow1/py_env/lib/python3.11/site-packages/airflow/example_dags/example_params_trigger_ui.py for tasks to queue
[2024-11-13T20:49:44.079+1100] {logging_mixin.py:190} INFO - [2024-11-13T20:49:44.079+1100] {dagbag.py:588} INFO - Filling up the DagBag from /Users/yoonmoon/git/learn-airflow/airflow1/py_env/lib/python3.11/site-packages/airflow/example_dags/example_params_trigger_ui.py
[2024-11-13T20:49:44.094+1100] {processor.py:925} INFO - DAG(s) 'example_params_trigger_ui' retrieved from /Users/yoonmoon/git/learn-airflow/airflow1/py_env/lib/python3.11/site-packages/airflow/example_dags/example_params_trigger_ui.py
[2024-11-13T20:49:44.166+1100] {logging_mixin.py:190} INFO - [2024-11-13T20:49:44.166+1100] {dag.py:3239} INFO - Sync 1 DAGs
[2024-11-13T20:49:44.171+1100] {logging_mixin.py:190} INFO - [2024-11-13T20:49:44.171+1100] {dag.py:4180} INFO - Setting next_dagrun for example_params_trigger_ui to None, run_after=None
[2024-11-13T20:49:44.178+1100] {processor.py:208} INFO - Processing /Users/yoonmoon/git/learn-airflow/airflow1/py_env/lib/python3.11/site-packages/airflow/example_dags/example_params_trigger_ui.py took 0.103 seconds
