[2024-11-13T19:29:17.670+1100] {processor.py:186} INFO - Started process (PID=63719) to work on /Users/yoonmoon/git/learn-airflow/airflow1/py_env/lib/python3.11/site-packages/airflow/example_dags/example_skip_dag.py
[2024-11-13T19:29:17.670+1100] {processor.py:914} INFO - Processing file /Users/yoonmoon/git/learn-airflow/airflow1/py_env/lib/python3.11/site-packages/airflow/example_dags/example_skip_dag.py for tasks to queue
[2024-11-13T19:29:17.671+1100] {logging_mixin.py:190} INFO - [2024-11-13T19:29:17.671+1100] {dagbag.py:588} INFO - Filling up the DagBag from /Users/yoonmoon/git/learn-airflow/airflow1/py_env/lib/python3.11/site-packages/airflow/example_dags/example_skip_dag.py
[2024-11-13T19:29:17.675+1100] {processor.py:925} INFO - DAG(s) 'example_skip_dag' retrieved from /Users/yoonmoon/git/learn-airflow/airflow1/py_env/lib/python3.11/site-packages/airflow/example_dags/example_skip_dag.py
[2024-11-13T19:29:17.767+1100] {logging_mixin.py:190} INFO - [2024-11-13T19:29:17.767+1100] {override.py:1911} INFO - Created Permission View: can read on DAG:example_skip_dag
[2024-11-13T19:29:17.770+1100] {logging_mixin.py:190} INFO - [2024-11-13T19:29:17.770+1100] {override.py:1911} INFO - Created Permission View: can edit on DAG:example_skip_dag
[2024-11-13T19:29:17.772+1100] {logging_mixin.py:190} INFO - [2024-11-13T19:29:17.772+1100] {override.py:1911} INFO - Created Permission View: can delete on DAG:example_skip_dag
[2024-11-13T19:29:17.775+1100] {logging_mixin.py:190} INFO - [2024-11-13T19:29:17.775+1100] {override.py:1911} INFO - Created Permission View: menu access on DAG Run:example_skip_dag
[2024-11-13T19:29:17.777+1100] {logging_mixin.py:190} INFO - [2024-11-13T19:29:17.777+1100] {override.py:1911} INFO - Created Permission View: can read on DAG Run:example_skip_dag
[2024-11-13T19:29:17.779+1100] {logging_mixin.py:190} INFO - [2024-11-13T19:29:17.779+1100] {override.py:1911} INFO - Created Permission View: can create on DAG Run:example_skip_dag
[2024-11-13T19:29:17.781+1100] {logging_mixin.py:190} INFO - [2024-11-13T19:29:17.781+1100] {override.py:1911} INFO - Created Permission View: can delete on DAG Run:example_skip_dag
[2024-11-13T19:29:17.781+1100] {logging_mixin.py:190} INFO - [2024-11-13T19:29:17.781+1100] {dag.py:3239} INFO - Sync 1 DAGs
[2024-11-13T19:29:17.785+1100] {logging_mixin.py:190} INFO - [2024-11-13T19:29:17.785+1100] {dag.py:3262} INFO - Creating ORM DAG for example_skip_dag
[2024-11-13T19:29:17.788+1100] {logging_mixin.py:190} INFO - [2024-11-13T19:29:17.788+1100] {dag.py:4180} INFO - Setting next_dagrun for example_skip_dag to 2024-11-12 00:00:00+00:00, run_after=2024-11-13 00:00:00+00:00
[2024-11-13T19:29:17.795+1100] {processor.py:208} INFO - Processing /Users/yoonmoon/git/learn-airflow/airflow1/py_env/lib/python3.11/site-packages/airflow/example_dags/example_skip_dag.py took 0.127 seconds
[2024-11-13T19:30:58.868+1100] {processor.py:186} INFO - Started process (PID=63931) to work on /Users/yoonmoon/git/learn-airflow/airflow1/py_env/lib/python3.11/site-packages/airflow/example_dags/example_skip_dag.py
[2024-11-13T19:30:58.869+1100] {processor.py:914} INFO - Processing file /Users/yoonmoon/git/learn-airflow/airflow1/py_env/lib/python3.11/site-packages/airflow/example_dags/example_skip_dag.py for tasks to queue
[2024-11-13T19:30:58.870+1100] {logging_mixin.py:190} INFO - [2024-11-13T19:30:58.870+1100] {dagbag.py:588} INFO - Filling up the DagBag from /Users/yoonmoon/git/learn-airflow/airflow1/py_env/lib/python3.11/site-packages/airflow/example_dags/example_skip_dag.py
[2024-11-13T19:30:58.873+1100] {processor.py:925} INFO - DAG(s) 'example_skip_dag' retrieved from /Users/yoonmoon/git/learn-airflow/airflow1/py_env/lib/python3.11/site-packages/airflow/example_dags/example_skip_dag.py
[2024-11-13T19:30:58.934+1100] {logging_mixin.py:190} INFO - [2024-11-13T19:30:58.934+1100] {dag.py:3239} INFO - Sync 1 DAGs
[2024-11-13T19:30:58.941+1100] {logging_mixin.py:190} INFO - [2024-11-13T19:30:58.941+1100] {dag.py:4180} INFO - Setting next_dagrun for example_skip_dag to 2024-11-12 00:00:00+00:00, run_after=2024-11-13 00:00:00+00:00
[2024-11-13T19:30:58.947+1100] {processor.py:208} INFO - Processing /Users/yoonmoon/git/learn-airflow/airflow1/py_env/lib/python3.11/site-packages/airflow/example_dags/example_skip_dag.py took 0.082 seconds
[2024-11-13T19:32:10.057+1100] {processor.py:186} INFO - Started process (PID=64153) to work on /Users/yoonmoon/git/learn-airflow/airflow1/py_env/lib/python3.11/site-packages/airflow/example_dags/example_skip_dag.py
[2024-11-13T19:32:10.058+1100] {processor.py:914} INFO - Processing file /Users/yoonmoon/git/learn-airflow/airflow1/py_env/lib/python3.11/site-packages/airflow/example_dags/example_skip_dag.py for tasks to queue
[2024-11-13T19:32:10.059+1100] {logging_mixin.py:190} INFO - [2024-11-13T19:32:10.059+1100] {dagbag.py:588} INFO - Filling up the DagBag from /Users/yoonmoon/git/learn-airflow/airflow1/py_env/lib/python3.11/site-packages/airflow/example_dags/example_skip_dag.py
[2024-11-13T19:32:10.062+1100] {processor.py:925} INFO - DAG(s) 'example_skip_dag' retrieved from /Users/yoonmoon/git/learn-airflow/airflow1/py_env/lib/python3.11/site-packages/airflow/example_dags/example_skip_dag.py
[2024-11-13T19:32:10.123+1100] {logging_mixin.py:190} INFO - [2024-11-13T19:32:10.123+1100] {dag.py:3239} INFO - Sync 1 DAGs
[2024-11-13T19:32:10.130+1100] {logging_mixin.py:190} INFO - [2024-11-13T19:32:10.130+1100] {dag.py:4180} INFO - Setting next_dagrun for example_skip_dag to 2024-11-12 00:00:00+00:00, run_after=2024-11-13 00:00:00+00:00
[2024-11-13T19:32:10.136+1100] {processor.py:208} INFO - Processing /Users/yoonmoon/git/learn-airflow/airflow1/py_env/lib/python3.11/site-packages/airflow/example_dags/example_skip_dag.py took 0.081 seconds
[2024-11-13T19:33:19.986+1100] {processor.py:186} INFO - Started process (PID=64326) to work on /Users/yoonmoon/git/learn-airflow/airflow1/py_env/lib/python3.11/site-packages/airflow/example_dags/example_skip_dag.py
[2024-11-13T19:33:19.987+1100] {processor.py:914} INFO - Processing file /Users/yoonmoon/git/learn-airflow/airflow1/py_env/lib/python3.11/site-packages/airflow/example_dags/example_skip_dag.py for tasks to queue
[2024-11-13T19:33:19.988+1100] {logging_mixin.py:190} INFO - [2024-11-13T19:33:19.988+1100] {dagbag.py:588} INFO - Filling up the DagBag from /Users/yoonmoon/git/learn-airflow/airflow1/py_env/lib/python3.11/site-packages/airflow/example_dags/example_skip_dag.py
[2024-11-13T19:33:19.991+1100] {processor.py:925} INFO - DAG(s) 'example_skip_dag' retrieved from /Users/yoonmoon/git/learn-airflow/airflow1/py_env/lib/python3.11/site-packages/airflow/example_dags/example_skip_dag.py
[2024-11-13T19:33:20.057+1100] {logging_mixin.py:190} INFO - [2024-11-13T19:33:20.056+1100] {dag.py:3239} INFO - Sync 1 DAGs
[2024-11-13T19:33:20.063+1100] {logging_mixin.py:190} INFO - [2024-11-13T19:33:20.062+1100] {dag.py:4180} INFO - Setting next_dagrun for example_skip_dag to 2024-11-12 00:00:00+00:00, run_after=2024-11-13 00:00:00+00:00
[2024-11-13T19:33:20.070+1100] {processor.py:208} INFO - Processing /Users/yoonmoon/git/learn-airflow/airflow1/py_env/lib/python3.11/site-packages/airflow/example_dags/example_skip_dag.py took 0.086 seconds
[2024-11-13T19:34:31.373+1100] {processor.py:186} INFO - Started process (PID=64614) to work on /Users/yoonmoon/git/learn-airflow/airflow1/py_env/lib/python3.11/site-packages/airflow/example_dags/example_skip_dag.py
[2024-11-13T19:34:31.375+1100] {processor.py:914} INFO - Processing file /Users/yoonmoon/git/learn-airflow/airflow1/py_env/lib/python3.11/site-packages/airflow/example_dags/example_skip_dag.py for tasks to queue
[2024-11-13T19:34:31.375+1100] {logging_mixin.py:190} INFO - [2024-11-13T19:34:31.375+1100] {dagbag.py:588} INFO - Filling up the DagBag from /Users/yoonmoon/git/learn-airflow/airflow1/py_env/lib/python3.11/site-packages/airflow/example_dags/example_skip_dag.py
[2024-11-13T19:34:31.379+1100] {processor.py:925} INFO - DAG(s) 'example_skip_dag' retrieved from /Users/yoonmoon/git/learn-airflow/airflow1/py_env/lib/python3.11/site-packages/airflow/example_dags/example_skip_dag.py
[2024-11-13T19:34:31.441+1100] {logging_mixin.py:190} INFO - [2024-11-13T19:34:31.441+1100] {dag.py:3239} INFO - Sync 1 DAGs
[2024-11-13T19:34:31.448+1100] {logging_mixin.py:190} INFO - [2024-11-13T19:34:31.448+1100] {dag.py:4180} INFO - Setting next_dagrun for example_skip_dag to 2024-11-12 00:00:00+00:00, run_after=2024-11-13 00:00:00+00:00
[2024-11-13T19:34:31.454+1100] {processor.py:208} INFO - Processing /Users/yoonmoon/git/learn-airflow/airflow1/py_env/lib/python3.11/site-packages/airflow/example_dags/example_skip_dag.py took 0.083 seconds
[2024-11-13T19:35:55.599+1100] {processor.py:186} INFO - Started process (PID=64821) to work on /Users/yoonmoon/git/learn-airflow/airflow1/py_env/lib/python3.11/site-packages/airflow/example_dags/example_skip_dag.py
[2024-11-13T19:35:55.600+1100] {processor.py:914} INFO - Processing file /Users/yoonmoon/git/learn-airflow/airflow1/py_env/lib/python3.11/site-packages/airflow/example_dags/example_skip_dag.py for tasks to queue
[2024-11-13T19:35:55.601+1100] {logging_mixin.py:190} INFO - [2024-11-13T19:35:55.601+1100] {dagbag.py:588} INFO - Filling up the DagBag from /Users/yoonmoon/git/learn-airflow/airflow1/py_env/lib/python3.11/site-packages/airflow/example_dags/example_skip_dag.py
[2024-11-13T19:35:55.604+1100] {processor.py:925} INFO - DAG(s) 'example_skip_dag' retrieved from /Users/yoonmoon/git/learn-airflow/airflow1/py_env/lib/python3.11/site-packages/airflow/example_dags/example_skip_dag.py
[2024-11-13T19:35:55.664+1100] {logging_mixin.py:190} INFO - [2024-11-13T19:35:55.663+1100] {dag.py:3239} INFO - Sync 1 DAGs
[2024-11-13T19:35:55.670+1100] {logging_mixin.py:190} INFO - [2024-11-13T19:35:55.670+1100] {dag.py:4180} INFO - Setting next_dagrun for example_skip_dag to 2024-11-12 00:00:00+00:00, run_after=2024-11-13 00:00:00+00:00
[2024-11-13T19:35:55.676+1100] {processor.py:208} INFO - Processing /Users/yoonmoon/git/learn-airflow/airflow1/py_env/lib/python3.11/site-packages/airflow/example_dags/example_skip_dag.py took 0.079 seconds
[2024-11-13T19:37:19.686+1100] {processor.py:186} INFO - Started process (PID=64992) to work on /Users/yoonmoon/git/learn-airflow/airflow1/py_env/lib/python3.11/site-packages/airflow/example_dags/example_skip_dag.py
[2024-11-13T19:37:19.687+1100] {processor.py:914} INFO - Processing file /Users/yoonmoon/git/learn-airflow/airflow1/py_env/lib/python3.11/site-packages/airflow/example_dags/example_skip_dag.py for tasks to queue
[2024-11-13T19:37:19.688+1100] {logging_mixin.py:190} INFO - [2024-11-13T19:37:19.688+1100] {dagbag.py:588} INFO - Filling up the DagBag from /Users/yoonmoon/git/learn-airflow/airflow1/py_env/lib/python3.11/site-packages/airflow/example_dags/example_skip_dag.py
[2024-11-13T19:37:19.691+1100] {processor.py:925} INFO - DAG(s) 'example_skip_dag' retrieved from /Users/yoonmoon/git/learn-airflow/airflow1/py_env/lib/python3.11/site-packages/airflow/example_dags/example_skip_dag.py
[2024-11-13T19:37:19.752+1100] {logging_mixin.py:190} INFO - [2024-11-13T19:37:19.752+1100] {dag.py:3239} INFO - Sync 1 DAGs
[2024-11-13T19:37:19.758+1100] {logging_mixin.py:190} INFO - [2024-11-13T19:37:19.758+1100] {dag.py:4180} INFO - Setting next_dagrun for example_skip_dag to 2024-11-12 00:00:00+00:00, run_after=2024-11-13 00:00:00+00:00
[2024-11-13T19:37:19.764+1100] {processor.py:208} INFO - Processing /Users/yoonmoon/git/learn-airflow/airflow1/py_env/lib/python3.11/site-packages/airflow/example_dags/example_skip_dag.py took 0.080 seconds
[2024-11-13T19:38:28.901+1100] {processor.py:186} INFO - Started process (PID=65137) to work on /Users/yoonmoon/git/learn-airflow/airflow1/py_env/lib/python3.11/site-packages/airflow/example_dags/example_skip_dag.py
[2024-11-13T19:38:28.902+1100] {processor.py:914} INFO - Processing file /Users/yoonmoon/git/learn-airflow/airflow1/py_env/lib/python3.11/site-packages/airflow/example_dags/example_skip_dag.py for tasks to queue
[2024-11-13T19:38:28.903+1100] {logging_mixin.py:190} INFO - [2024-11-13T19:38:28.903+1100] {dagbag.py:588} INFO - Filling up the DagBag from /Users/yoonmoon/git/learn-airflow/airflow1/py_env/lib/python3.11/site-packages/airflow/example_dags/example_skip_dag.py
[2024-11-13T19:38:28.906+1100] {processor.py:925} INFO - DAG(s) 'example_skip_dag' retrieved from /Users/yoonmoon/git/learn-airflow/airflow1/py_env/lib/python3.11/site-packages/airflow/example_dags/example_skip_dag.py
[2024-11-13T19:38:28.965+1100] {logging_mixin.py:190} INFO - [2024-11-13T19:38:28.965+1100] {dag.py:3239} INFO - Sync 1 DAGs
[2024-11-13T19:38:28.972+1100] {logging_mixin.py:190} INFO - [2024-11-13T19:38:28.972+1100] {dag.py:4180} INFO - Setting next_dagrun for example_skip_dag to 2024-11-12 00:00:00+00:00, run_after=2024-11-13 00:00:00+00:00
[2024-11-13T19:38:28.978+1100] {processor.py:208} INFO - Processing /Users/yoonmoon/git/learn-airflow/airflow1/py_env/lib/python3.11/site-packages/airflow/example_dags/example_skip_dag.py took 0.080 seconds
[2024-11-13T19:40:43.035+1100] {processor.py:186} INFO - Started process (PID=65426) to work on /Users/yoonmoon/git/learn-airflow/airflow1/py_env/lib/python3.11/site-packages/airflow/example_dags/example_skip_dag.py
[2024-11-13T19:40:43.036+1100] {processor.py:914} INFO - Processing file /Users/yoonmoon/git/learn-airflow/airflow1/py_env/lib/python3.11/site-packages/airflow/example_dags/example_skip_dag.py for tasks to queue
[2024-11-13T19:40:43.037+1100] {logging_mixin.py:190} INFO - [2024-11-13T19:40:43.037+1100] {dagbag.py:588} INFO - Filling up the DagBag from /Users/yoonmoon/git/learn-airflow/airflow1/py_env/lib/python3.11/site-packages/airflow/example_dags/example_skip_dag.py
[2024-11-13T19:40:43.040+1100] {processor.py:925} INFO - DAG(s) 'example_skip_dag' retrieved from /Users/yoonmoon/git/learn-airflow/airflow1/py_env/lib/python3.11/site-packages/airflow/example_dags/example_skip_dag.py
[2024-11-13T19:40:43.100+1100] {logging_mixin.py:190} INFO - [2024-11-13T19:40:43.100+1100] {dag.py:3239} INFO - Sync 1 DAGs
[2024-11-13T19:40:43.106+1100] {logging_mixin.py:190} INFO - [2024-11-13T19:40:43.106+1100] {dag.py:4180} INFO - Setting next_dagrun for example_skip_dag to 2024-11-12 00:00:00+00:00, run_after=2024-11-13 00:00:00+00:00
[2024-11-13T19:40:43.112+1100] {processor.py:208} INFO - Processing /Users/yoonmoon/git/learn-airflow/airflow1/py_env/lib/python3.11/site-packages/airflow/example_dags/example_skip_dag.py took 0.080 seconds
[2024-11-13T19:41:53.396+1100] {processor.py:186} INFO - Started process (PID=65566) to work on /Users/yoonmoon/git/learn-airflow/airflow1/py_env/lib/python3.11/site-packages/airflow/example_dags/example_skip_dag.py
[2024-11-13T19:41:53.398+1100] {processor.py:914} INFO - Processing file /Users/yoonmoon/git/learn-airflow/airflow1/py_env/lib/python3.11/site-packages/airflow/example_dags/example_skip_dag.py for tasks to queue
[2024-11-13T19:41:53.398+1100] {logging_mixin.py:190} INFO - [2024-11-13T19:41:53.398+1100] {dagbag.py:588} INFO - Filling up the DagBag from /Users/yoonmoon/git/learn-airflow/airflow1/py_env/lib/python3.11/site-packages/airflow/example_dags/example_skip_dag.py
[2024-11-13T19:41:53.401+1100] {processor.py:925} INFO - DAG(s) 'example_skip_dag' retrieved from /Users/yoonmoon/git/learn-airflow/airflow1/py_env/lib/python3.11/site-packages/airflow/example_dags/example_skip_dag.py
[2024-11-13T19:41:53.461+1100] {logging_mixin.py:190} INFO - [2024-11-13T19:41:53.461+1100] {dag.py:3239} INFO - Sync 1 DAGs
[2024-11-13T19:41:53.468+1100] {logging_mixin.py:190} INFO - [2024-11-13T19:41:53.468+1100] {dag.py:4180} INFO - Setting next_dagrun for example_skip_dag to 2024-11-12 00:00:00+00:00, run_after=2024-11-13 00:00:00+00:00
[2024-11-13T19:41:53.474+1100] {processor.py:208} INFO - Processing /Users/yoonmoon/git/learn-airflow/airflow1/py_env/lib/python3.11/site-packages/airflow/example_dags/example_skip_dag.py took 0.080 seconds
[2024-11-13T19:43:03.254+1100] {processor.py:186} INFO - Started process (PID=65692) to work on /Users/yoonmoon/git/learn-airflow/airflow1/py_env/lib/python3.11/site-packages/airflow/example_dags/example_skip_dag.py
[2024-11-13T19:43:03.255+1100] {processor.py:914} INFO - Processing file /Users/yoonmoon/git/learn-airflow/airflow1/py_env/lib/python3.11/site-packages/airflow/example_dags/example_skip_dag.py for tasks to queue
[2024-11-13T19:43:03.256+1100] {logging_mixin.py:190} INFO - [2024-11-13T19:43:03.255+1100] {dagbag.py:588} INFO - Filling up the DagBag from /Users/yoonmoon/git/learn-airflow/airflow1/py_env/lib/python3.11/site-packages/airflow/example_dags/example_skip_dag.py
[2024-11-13T19:43:03.259+1100] {processor.py:925} INFO - DAG(s) 'example_skip_dag' retrieved from /Users/yoonmoon/git/learn-airflow/airflow1/py_env/lib/python3.11/site-packages/airflow/example_dags/example_skip_dag.py
[2024-11-13T19:43:03.322+1100] {logging_mixin.py:190} INFO - [2024-11-13T19:43:03.322+1100] {dag.py:3239} INFO - Sync 1 DAGs
[2024-11-13T19:43:03.328+1100] {logging_mixin.py:190} INFO - [2024-11-13T19:43:03.328+1100] {dag.py:4180} INFO - Setting next_dagrun for example_skip_dag to 2024-11-12 00:00:00+00:00, run_after=2024-11-13 00:00:00+00:00
[2024-11-13T19:43:03.334+1100] {processor.py:208} INFO - Processing /Users/yoonmoon/git/learn-airflow/airflow1/py_env/lib/python3.11/site-packages/airflow/example_dags/example_skip_dag.py took 0.082 seconds
[2024-11-13T19:44:11.888+1100] {processor.py:186} INFO - Started process (PID=65833) to work on /Users/yoonmoon/git/learn-airflow/airflow1/py_env/lib/python3.11/site-packages/airflow/example_dags/example_skip_dag.py
[2024-11-13T19:44:11.889+1100] {processor.py:914} INFO - Processing file /Users/yoonmoon/git/learn-airflow/airflow1/py_env/lib/python3.11/site-packages/airflow/example_dags/example_skip_dag.py for tasks to queue
[2024-11-13T19:44:11.889+1100] {logging_mixin.py:190} INFO - [2024-11-13T19:44:11.889+1100] {dagbag.py:588} INFO - Filling up the DagBag from /Users/yoonmoon/git/learn-airflow/airflow1/py_env/lib/python3.11/site-packages/airflow/example_dags/example_skip_dag.py
[2024-11-13T19:44:11.892+1100] {processor.py:925} INFO - DAG(s) 'example_skip_dag' retrieved from /Users/yoonmoon/git/learn-airflow/airflow1/py_env/lib/python3.11/site-packages/airflow/example_dags/example_skip_dag.py
[2024-11-13T19:44:11.960+1100] {logging_mixin.py:190} INFO - [2024-11-13T19:44:11.959+1100] {dag.py:3239} INFO - Sync 1 DAGs
[2024-11-13T19:44:11.966+1100] {logging_mixin.py:190} INFO - [2024-11-13T19:44:11.966+1100] {dag.py:4180} INFO - Setting next_dagrun for example_skip_dag to 2024-11-12 00:00:00+00:00, run_after=2024-11-13 00:00:00+00:00
[2024-11-13T19:44:11.973+1100] {processor.py:208} INFO - Processing /Users/yoonmoon/git/learn-airflow/airflow1/py_env/lib/python3.11/site-packages/airflow/example_dags/example_skip_dag.py took 0.087 seconds
[2024-11-13T19:45:20.354+1100] {processor.py:186} INFO - Started process (PID=65966) to work on /Users/yoonmoon/git/learn-airflow/airflow1/py_env/lib/python3.11/site-packages/airflow/example_dags/example_skip_dag.py
[2024-11-13T19:45:20.354+1100] {processor.py:914} INFO - Processing file /Users/yoonmoon/git/learn-airflow/airflow1/py_env/lib/python3.11/site-packages/airflow/example_dags/example_skip_dag.py for tasks to queue
[2024-11-13T19:45:20.355+1100] {logging_mixin.py:190} INFO - [2024-11-13T19:45:20.355+1100] {dagbag.py:588} INFO - Filling up the DagBag from /Users/yoonmoon/git/learn-airflow/airflow1/py_env/lib/python3.11/site-packages/airflow/example_dags/example_skip_dag.py
[2024-11-13T19:45:20.358+1100] {processor.py:925} INFO - DAG(s) 'example_skip_dag' retrieved from /Users/yoonmoon/git/learn-airflow/airflow1/py_env/lib/python3.11/site-packages/airflow/example_dags/example_skip_dag.py
[2024-11-13T19:45:20.420+1100] {logging_mixin.py:190} INFO - [2024-11-13T19:45:20.420+1100] {dag.py:3239} INFO - Sync 1 DAGs
[2024-11-13T19:45:20.426+1100] {logging_mixin.py:190} INFO - [2024-11-13T19:45:20.426+1100] {dag.py:4180} INFO - Setting next_dagrun for example_skip_dag to 2024-11-12 00:00:00+00:00, run_after=2024-11-13 00:00:00+00:00
[2024-11-13T19:45:20.434+1100] {processor.py:208} INFO - Processing /Users/yoonmoon/git/learn-airflow/airflow1/py_env/lib/python3.11/site-packages/airflow/example_dags/example_skip_dag.py took 0.083 seconds
[2024-11-13T19:47:31.702+1100] {processor.py:186} INFO - Started process (PID=66211) to work on /Users/yoonmoon/git/learn-airflow/airflow1/py_env/lib/python3.11/site-packages/airflow/example_dags/example_skip_dag.py
[2024-11-13T19:47:31.703+1100] {processor.py:914} INFO - Processing file /Users/yoonmoon/git/learn-airflow/airflow1/py_env/lib/python3.11/site-packages/airflow/example_dags/example_skip_dag.py for tasks to queue
[2024-11-13T19:47:31.704+1100] {logging_mixin.py:190} INFO - [2024-11-13T19:47:31.703+1100] {dagbag.py:588} INFO - Filling up the DagBag from /Users/yoonmoon/git/learn-airflow/airflow1/py_env/lib/python3.11/site-packages/airflow/example_dags/example_skip_dag.py
[2024-11-13T19:47:31.707+1100] {processor.py:925} INFO - DAG(s) 'example_skip_dag' retrieved from /Users/yoonmoon/git/learn-airflow/airflow1/py_env/lib/python3.11/site-packages/airflow/example_dags/example_skip_dag.py
[2024-11-13T19:47:31.768+1100] {logging_mixin.py:190} INFO - [2024-11-13T19:47:31.768+1100] {dag.py:3239} INFO - Sync 1 DAGs
[2024-11-13T19:47:31.774+1100] {logging_mixin.py:190} INFO - [2024-11-13T19:47:31.774+1100] {dag.py:4180} INFO - Setting next_dagrun for example_skip_dag to 2024-11-12 00:00:00+00:00, run_after=2024-11-13 00:00:00+00:00
[2024-11-13T19:47:31.780+1100] {processor.py:208} INFO - Processing /Users/yoonmoon/git/learn-airflow/airflow1/py_env/lib/python3.11/site-packages/airflow/example_dags/example_skip_dag.py took 0.080 seconds
[2024-11-13T19:49:40.742+1100] {processor.py:186} INFO - Started process (PID=66448) to work on /Users/yoonmoon/git/learn-airflow/airflow1/py_env/lib/python3.11/site-packages/airflow/example_dags/example_skip_dag.py
[2024-11-13T19:49:40.743+1100] {processor.py:914} INFO - Processing file /Users/yoonmoon/git/learn-airflow/airflow1/py_env/lib/python3.11/site-packages/airflow/example_dags/example_skip_dag.py for tasks to queue
[2024-11-13T19:49:40.743+1100] {logging_mixin.py:190} INFO - [2024-11-13T19:49:40.743+1100] {dagbag.py:588} INFO - Filling up the DagBag from /Users/yoonmoon/git/learn-airflow/airflow1/py_env/lib/python3.11/site-packages/airflow/example_dags/example_skip_dag.py
[2024-11-13T19:49:40.747+1100] {processor.py:925} INFO - DAG(s) 'example_skip_dag' retrieved from /Users/yoonmoon/git/learn-airflow/airflow1/py_env/lib/python3.11/site-packages/airflow/example_dags/example_skip_dag.py
[2024-11-13T19:49:40.807+1100] {logging_mixin.py:190} INFO - [2024-11-13T19:49:40.807+1100] {dag.py:3239} INFO - Sync 1 DAGs
[2024-11-13T19:49:40.813+1100] {logging_mixin.py:190} INFO - [2024-11-13T19:49:40.813+1100] {dag.py:4180} INFO - Setting next_dagrun for example_skip_dag to 2024-11-12 00:00:00+00:00, run_after=2024-11-13 00:00:00+00:00
[2024-11-13T19:49:40.819+1100] {processor.py:208} INFO - Processing /Users/yoonmoon/git/learn-airflow/airflow1/py_env/lib/python3.11/site-packages/airflow/example_dags/example_skip_dag.py took 0.080 seconds
[2024-11-13T19:51:56.711+1100] {processor.py:186} INFO - Started process (PID=66693) to work on /Users/yoonmoon/git/learn-airflow/airflow1/py_env/lib/python3.11/site-packages/airflow/example_dags/example_skip_dag.py
[2024-11-13T19:51:56.713+1100] {processor.py:914} INFO - Processing file /Users/yoonmoon/git/learn-airflow/airflow1/py_env/lib/python3.11/site-packages/airflow/example_dags/example_skip_dag.py for tasks to queue
[2024-11-13T19:51:56.713+1100] {logging_mixin.py:190} INFO - [2024-11-13T19:51:56.713+1100] {dagbag.py:588} INFO - Filling up the DagBag from /Users/yoonmoon/git/learn-airflow/airflow1/py_env/lib/python3.11/site-packages/airflow/example_dags/example_skip_dag.py
[2024-11-13T19:51:56.716+1100] {processor.py:925} INFO - DAG(s) 'example_skip_dag' retrieved from /Users/yoonmoon/git/learn-airflow/airflow1/py_env/lib/python3.11/site-packages/airflow/example_dags/example_skip_dag.py
[2024-11-13T19:51:56.778+1100] {logging_mixin.py:190} INFO - [2024-11-13T19:51:56.778+1100] {dag.py:3239} INFO - Sync 1 DAGs
[2024-11-13T19:51:56.784+1100] {logging_mixin.py:190} INFO - [2024-11-13T19:51:56.784+1100] {dag.py:4180} INFO - Setting next_dagrun for example_skip_dag to 2024-11-12 00:00:00+00:00, run_after=2024-11-13 00:00:00+00:00
[2024-11-13T19:51:56.790+1100] {processor.py:208} INFO - Processing /Users/yoonmoon/git/learn-airflow/airflow1/py_env/lib/python3.11/site-packages/airflow/example_dags/example_skip_dag.py took 0.082 seconds
[2024-11-13T19:53:06.269+1100] {processor.py:186} INFO - Started process (PID=66818) to work on /Users/yoonmoon/git/learn-airflow/airflow1/py_env/lib/python3.11/site-packages/airflow/example_dags/example_skip_dag.py
[2024-11-13T19:53:06.271+1100] {processor.py:914} INFO - Processing file /Users/yoonmoon/git/learn-airflow/airflow1/py_env/lib/python3.11/site-packages/airflow/example_dags/example_skip_dag.py for tasks to queue
[2024-11-13T19:53:06.271+1100] {logging_mixin.py:190} INFO - [2024-11-13T19:53:06.271+1100] {dagbag.py:588} INFO - Filling up the DagBag from /Users/yoonmoon/git/learn-airflow/airflow1/py_env/lib/python3.11/site-packages/airflow/example_dags/example_skip_dag.py
[2024-11-13T19:53:06.274+1100] {processor.py:925} INFO - DAG(s) 'example_skip_dag' retrieved from /Users/yoonmoon/git/learn-airflow/airflow1/py_env/lib/python3.11/site-packages/airflow/example_dags/example_skip_dag.py
[2024-11-13T19:53:06.333+1100] {logging_mixin.py:190} INFO - [2024-11-13T19:53:06.333+1100] {dag.py:3239} INFO - Sync 1 DAGs
[2024-11-13T19:53:06.340+1100] {logging_mixin.py:190} INFO - [2024-11-13T19:53:06.340+1100] {dag.py:4180} INFO - Setting next_dagrun for example_skip_dag to 2024-11-12 00:00:00+00:00, run_after=2024-11-13 00:00:00+00:00
[2024-11-13T19:53:06.346+1100] {processor.py:208} INFO - Processing /Users/yoonmoon/git/learn-airflow/airflow1/py_env/lib/python3.11/site-packages/airflow/example_dags/example_skip_dag.py took 0.079 seconds
[2024-11-13T19:54:16.561+1100] {processor.py:186} INFO - Started process (PID=66968) to work on /Users/yoonmoon/git/learn-airflow/airflow1/py_env/lib/python3.11/site-packages/airflow/example_dags/example_skip_dag.py
[2024-11-13T19:54:16.563+1100] {processor.py:914} INFO - Processing file /Users/yoonmoon/git/learn-airflow/airflow1/py_env/lib/python3.11/site-packages/airflow/example_dags/example_skip_dag.py for tasks to queue
[2024-11-13T19:54:16.563+1100] {logging_mixin.py:190} INFO - [2024-11-13T19:54:16.563+1100] {dagbag.py:588} INFO - Filling up the DagBag from /Users/yoonmoon/git/learn-airflow/airflow1/py_env/lib/python3.11/site-packages/airflow/example_dags/example_skip_dag.py
[2024-11-13T19:54:16.566+1100] {processor.py:925} INFO - DAG(s) 'example_skip_dag' retrieved from /Users/yoonmoon/git/learn-airflow/airflow1/py_env/lib/python3.11/site-packages/airflow/example_dags/example_skip_dag.py
[2024-11-13T19:54:16.626+1100] {logging_mixin.py:190} INFO - [2024-11-13T19:54:16.626+1100] {dag.py:3239} INFO - Sync 1 DAGs
[2024-11-13T19:54:16.633+1100] {logging_mixin.py:190} INFO - [2024-11-13T19:54:16.632+1100] {dag.py:4180} INFO - Setting next_dagrun for example_skip_dag to 2024-11-12 00:00:00+00:00, run_after=2024-11-13 00:00:00+00:00
[2024-11-13T19:54:16.639+1100] {processor.py:208} INFO - Processing /Users/yoonmoon/git/learn-airflow/airflow1/py_env/lib/python3.11/site-packages/airflow/example_dags/example_skip_dag.py took 0.079 seconds
[2024-11-13T19:55:26.438+1100] {processor.py:186} INFO - Started process (PID=67106) to work on /Users/yoonmoon/git/learn-airflow/airflow1/py_env/lib/python3.11/site-packages/airflow/example_dags/example_skip_dag.py
[2024-11-13T19:55:26.439+1100] {processor.py:914} INFO - Processing file /Users/yoonmoon/git/learn-airflow/airflow1/py_env/lib/python3.11/site-packages/airflow/example_dags/example_skip_dag.py for tasks to queue
[2024-11-13T19:55:26.439+1100] {logging_mixin.py:190} INFO - [2024-11-13T19:55:26.439+1100] {dagbag.py:588} INFO - Filling up the DagBag from /Users/yoonmoon/git/learn-airflow/airflow1/py_env/lib/python3.11/site-packages/airflow/example_dags/example_skip_dag.py
[2024-11-13T19:55:26.442+1100] {processor.py:925} INFO - DAG(s) 'example_skip_dag' retrieved from /Users/yoonmoon/git/learn-airflow/airflow1/py_env/lib/python3.11/site-packages/airflow/example_dags/example_skip_dag.py
[2024-11-13T19:55:26.504+1100] {logging_mixin.py:190} INFO - [2024-11-13T19:55:26.504+1100] {dag.py:3239} INFO - Sync 1 DAGs
[2024-11-13T19:55:26.510+1100] {logging_mixin.py:190} INFO - [2024-11-13T19:55:26.510+1100] {dag.py:4180} INFO - Setting next_dagrun for example_skip_dag to 2024-11-12 00:00:00+00:00, run_after=2024-11-13 00:00:00+00:00
[2024-11-13T19:55:26.516+1100] {processor.py:208} INFO - Processing /Users/yoonmoon/git/learn-airflow/airflow1/py_env/lib/python3.11/site-packages/airflow/example_dags/example_skip_dag.py took 0.080 seconds
[2024-11-13T19:56:36.487+1100] {processor.py:186} INFO - Started process (PID=67234) to work on /Users/yoonmoon/git/learn-airflow/airflow1/py_env/lib/python3.11/site-packages/airflow/example_dags/example_skip_dag.py
[2024-11-13T19:56:36.489+1100] {processor.py:914} INFO - Processing file /Users/yoonmoon/git/learn-airflow/airflow1/py_env/lib/python3.11/site-packages/airflow/example_dags/example_skip_dag.py for tasks to queue
[2024-11-13T19:56:36.489+1100] {logging_mixin.py:190} INFO - [2024-11-13T19:56:36.489+1100] {dagbag.py:588} INFO - Filling up the DagBag from /Users/yoonmoon/git/learn-airflow/airflow1/py_env/lib/python3.11/site-packages/airflow/example_dags/example_skip_dag.py
[2024-11-13T19:56:36.493+1100] {processor.py:925} INFO - DAG(s) 'example_skip_dag' retrieved from /Users/yoonmoon/git/learn-airflow/airflow1/py_env/lib/python3.11/site-packages/airflow/example_dags/example_skip_dag.py
[2024-11-13T19:56:36.552+1100] {logging_mixin.py:190} INFO - [2024-11-13T19:56:36.552+1100] {dag.py:3239} INFO - Sync 1 DAGs
[2024-11-13T19:56:36.558+1100] {logging_mixin.py:190} INFO - [2024-11-13T19:56:36.558+1100] {dag.py:4180} INFO - Setting next_dagrun for example_skip_dag to 2024-11-12 00:00:00+00:00, run_after=2024-11-13 00:00:00+00:00
[2024-11-13T19:56:36.565+1100] {processor.py:208} INFO - Processing /Users/yoonmoon/git/learn-airflow/airflow1/py_env/lib/python3.11/site-packages/airflow/example_dags/example_skip_dag.py took 0.079 seconds
[2024-11-13T19:57:44.679+1100] {processor.py:186} INFO - Started process (PID=67357) to work on /Users/yoonmoon/git/learn-airflow/airflow1/py_env/lib/python3.11/site-packages/airflow/example_dags/example_skip_dag.py
[2024-11-13T19:57:44.679+1100] {processor.py:914} INFO - Processing file /Users/yoonmoon/git/learn-airflow/airflow1/py_env/lib/python3.11/site-packages/airflow/example_dags/example_skip_dag.py for tasks to queue
[2024-11-13T19:57:44.680+1100] {logging_mixin.py:190} INFO - [2024-11-13T19:57:44.680+1100] {dagbag.py:588} INFO - Filling up the DagBag from /Users/yoonmoon/git/learn-airflow/airflow1/py_env/lib/python3.11/site-packages/airflow/example_dags/example_skip_dag.py
[2024-11-13T19:57:44.683+1100] {processor.py:925} INFO - DAG(s) 'example_skip_dag' retrieved from /Users/yoonmoon/git/learn-airflow/airflow1/py_env/lib/python3.11/site-packages/airflow/example_dags/example_skip_dag.py
[2024-11-13T19:57:44.745+1100] {logging_mixin.py:190} INFO - [2024-11-13T19:57:44.744+1100] {dag.py:3239} INFO - Sync 1 DAGs
[2024-11-13T19:57:44.752+1100] {logging_mixin.py:190} INFO - [2024-11-13T19:57:44.751+1100] {dag.py:4180} INFO - Setting next_dagrun for example_skip_dag to 2024-11-12 00:00:00+00:00, run_after=2024-11-13 00:00:00+00:00
[2024-11-13T19:57:44.758+1100] {processor.py:208} INFO - Processing /Users/yoonmoon/git/learn-airflow/airflow1/py_env/lib/python3.11/site-packages/airflow/example_dags/example_skip_dag.py took 0.081 seconds
[2024-11-13T19:58:51.124+1100] {processor.py:186} INFO - Started process (PID=67480) to work on /Users/yoonmoon/git/learn-airflow/airflow1/py_env/lib/python3.11/site-packages/airflow/example_dags/example_skip_dag.py
[2024-11-13T19:58:51.125+1100] {processor.py:914} INFO - Processing file /Users/yoonmoon/git/learn-airflow/airflow1/py_env/lib/python3.11/site-packages/airflow/example_dags/example_skip_dag.py for tasks to queue
[2024-11-13T19:58:51.126+1100] {logging_mixin.py:190} INFO - [2024-11-13T19:58:51.126+1100] {dagbag.py:588} INFO - Filling up the DagBag from /Users/yoonmoon/git/learn-airflow/airflow1/py_env/lib/python3.11/site-packages/airflow/example_dags/example_skip_dag.py
[2024-11-13T19:58:51.129+1100] {processor.py:925} INFO - DAG(s) 'example_skip_dag' retrieved from /Users/yoonmoon/git/learn-airflow/airflow1/py_env/lib/python3.11/site-packages/airflow/example_dags/example_skip_dag.py
[2024-11-13T19:58:51.188+1100] {logging_mixin.py:190} INFO - [2024-11-13T19:58:51.188+1100] {dag.py:3239} INFO - Sync 1 DAGs
[2024-11-13T19:58:51.195+1100] {logging_mixin.py:190} INFO - [2024-11-13T19:58:51.195+1100] {dag.py:4180} INFO - Setting next_dagrun for example_skip_dag to 2024-11-12 00:00:00+00:00, run_after=2024-11-13 00:00:00+00:00
[2024-11-13T19:58:51.201+1100] {processor.py:208} INFO - Processing /Users/yoonmoon/git/learn-airflow/airflow1/py_env/lib/python3.11/site-packages/airflow/example_dags/example_skip_dag.py took 0.079 seconds
[2024-11-13T19:59:58.981+1100] {processor.py:186} INFO - Started process (PID=67603) to work on /Users/yoonmoon/git/learn-airflow/airflow1/py_env/lib/python3.11/site-packages/airflow/example_dags/example_skip_dag.py
[2024-11-13T19:59:58.982+1100] {processor.py:914} INFO - Processing file /Users/yoonmoon/git/learn-airflow/airflow1/py_env/lib/python3.11/site-packages/airflow/example_dags/example_skip_dag.py for tasks to queue
[2024-11-13T19:59:58.983+1100] {logging_mixin.py:190} INFO - [2024-11-13T19:59:58.983+1100] {dagbag.py:588} INFO - Filling up the DagBag from /Users/yoonmoon/git/learn-airflow/airflow1/py_env/lib/python3.11/site-packages/airflow/example_dags/example_skip_dag.py
[2024-11-13T19:59:58.986+1100] {processor.py:925} INFO - DAG(s) 'example_skip_dag' retrieved from /Users/yoonmoon/git/learn-airflow/airflow1/py_env/lib/python3.11/site-packages/airflow/example_dags/example_skip_dag.py
[2024-11-13T19:59:59.045+1100] {logging_mixin.py:190} INFO - [2024-11-13T19:59:59.045+1100] {dag.py:3239} INFO - Sync 1 DAGs
[2024-11-13T19:59:59.052+1100] {logging_mixin.py:190} INFO - [2024-11-13T19:59:59.052+1100] {dag.py:4180} INFO - Setting next_dagrun for example_skip_dag to 2024-11-12 00:00:00+00:00, run_after=2024-11-13 00:00:00+00:00
[2024-11-13T19:59:59.058+1100] {processor.py:208} INFO - Processing /Users/yoonmoon/git/learn-airflow/airflow1/py_env/lib/python3.11/site-packages/airflow/example_dags/example_skip_dag.py took 0.079 seconds
[2024-11-13T20:01:07.665+1100] {processor.py:186} INFO - Started process (PID=67728) to work on /Users/yoonmoon/git/learn-airflow/airflow1/py_env/lib/python3.11/site-packages/airflow/example_dags/example_skip_dag.py
[2024-11-13T20:01:07.667+1100] {processor.py:914} INFO - Processing file /Users/yoonmoon/git/learn-airflow/airflow1/py_env/lib/python3.11/site-packages/airflow/example_dags/example_skip_dag.py for tasks to queue
[2024-11-13T20:01:07.667+1100] {logging_mixin.py:190} INFO - [2024-11-13T20:01:07.667+1100] {dagbag.py:588} INFO - Filling up the DagBag from /Users/yoonmoon/git/learn-airflow/airflow1/py_env/lib/python3.11/site-packages/airflow/example_dags/example_skip_dag.py
[2024-11-13T20:01:07.670+1100] {processor.py:925} INFO - DAG(s) 'example_skip_dag' retrieved from /Users/yoonmoon/git/learn-airflow/airflow1/py_env/lib/python3.11/site-packages/airflow/example_dags/example_skip_dag.py
[2024-11-13T20:01:07.730+1100] {logging_mixin.py:190} INFO - [2024-11-13T20:01:07.729+1100] {dag.py:3239} INFO - Sync 1 DAGs
[2024-11-13T20:01:07.735+1100] {logging_mixin.py:190} INFO - [2024-11-13T20:01:07.735+1100] {dag.py:4180} INFO - Setting next_dagrun for example_skip_dag to 2024-11-12 00:00:00+00:00, run_after=2024-11-13 00:00:00+00:00
[2024-11-13T20:01:07.741+1100] {processor.py:208} INFO - Processing /Users/yoonmoon/git/learn-airflow/airflow1/py_env/lib/python3.11/site-packages/airflow/example_dags/example_skip_dag.py took 0.078 seconds
[2024-11-13T20:02:18.162+1100] {processor.py:186} INFO - Started process (PID=67852) to work on /Users/yoonmoon/git/learn-airflow/airflow1/py_env/lib/python3.11/site-packages/airflow/example_dags/example_skip_dag.py
[2024-11-13T20:02:18.164+1100] {processor.py:914} INFO - Processing file /Users/yoonmoon/git/learn-airflow/airflow1/py_env/lib/python3.11/site-packages/airflow/example_dags/example_skip_dag.py for tasks to queue
[2024-11-13T20:02:18.164+1100] {logging_mixin.py:190} INFO - [2024-11-13T20:02:18.164+1100] {dagbag.py:588} INFO - Filling up the DagBag from /Users/yoonmoon/git/learn-airflow/airflow1/py_env/lib/python3.11/site-packages/airflow/example_dags/example_skip_dag.py
[2024-11-13T20:02:18.168+1100] {processor.py:925} INFO - DAG(s) 'example_skip_dag' retrieved from /Users/yoonmoon/git/learn-airflow/airflow1/py_env/lib/python3.11/site-packages/airflow/example_dags/example_skip_dag.py
[2024-11-13T20:02:18.230+1100] {logging_mixin.py:190} INFO - [2024-11-13T20:02:18.229+1100] {dag.py:3239} INFO - Sync 1 DAGs
[2024-11-13T20:02:18.236+1100] {logging_mixin.py:190} INFO - [2024-11-13T20:02:18.236+1100] {dag.py:4180} INFO - Setting next_dagrun for example_skip_dag to 2024-11-12 00:00:00+00:00, run_after=2024-11-13 00:00:00+00:00
[2024-11-13T20:02:18.243+1100] {processor.py:208} INFO - Processing /Users/yoonmoon/git/learn-airflow/airflow1/py_env/lib/python3.11/site-packages/airflow/example_dags/example_skip_dag.py took 0.083 seconds
[2024-11-13T20:04:30.459+1100] {processor.py:186} INFO - Started process (PID=68093) to work on /Users/yoonmoon/git/learn-airflow/airflow1/py_env/lib/python3.11/site-packages/airflow/example_dags/example_skip_dag.py
[2024-11-13T20:04:30.461+1100] {processor.py:914} INFO - Processing file /Users/yoonmoon/git/learn-airflow/airflow1/py_env/lib/python3.11/site-packages/airflow/example_dags/example_skip_dag.py for tasks to queue
[2024-11-13T20:04:30.461+1100] {logging_mixin.py:190} INFO - [2024-11-13T20:04:30.461+1100] {dagbag.py:588} INFO - Filling up the DagBag from /Users/yoonmoon/git/learn-airflow/airflow1/py_env/lib/python3.11/site-packages/airflow/example_dags/example_skip_dag.py
[2024-11-13T20:04:30.465+1100] {processor.py:925} INFO - DAG(s) 'example_skip_dag' retrieved from /Users/yoonmoon/git/learn-airflow/airflow1/py_env/lib/python3.11/site-packages/airflow/example_dags/example_skip_dag.py
[2024-11-13T20:04:30.524+1100] {logging_mixin.py:190} INFO - [2024-11-13T20:04:30.524+1100] {dag.py:3239} INFO - Sync 1 DAGs
[2024-11-13T20:04:30.531+1100] {logging_mixin.py:190} INFO - [2024-11-13T20:04:30.530+1100] {dag.py:4180} INFO - Setting next_dagrun for example_skip_dag to 2024-11-12 00:00:00+00:00, run_after=2024-11-13 00:00:00+00:00
[2024-11-13T20:04:30.537+1100] {processor.py:208} INFO - Processing /Users/yoonmoon/git/learn-airflow/airflow1/py_env/lib/python3.11/site-packages/airflow/example_dags/example_skip_dag.py took 0.079 seconds
[2024-11-13T20:05:40.620+1100] {processor.py:186} INFO - Started process (PID=68245) to work on /Users/yoonmoon/git/learn-airflow/airflow1/py_env/lib/python3.11/site-packages/airflow/example_dags/example_skip_dag.py
[2024-11-13T20:05:40.621+1100] {processor.py:914} INFO - Processing file /Users/yoonmoon/git/learn-airflow/airflow1/py_env/lib/python3.11/site-packages/airflow/example_dags/example_skip_dag.py for tasks to queue
[2024-11-13T20:05:40.622+1100] {logging_mixin.py:190} INFO - [2024-11-13T20:05:40.621+1100] {dagbag.py:588} INFO - Filling up the DagBag from /Users/yoonmoon/git/learn-airflow/airflow1/py_env/lib/python3.11/site-packages/airflow/example_dags/example_skip_dag.py
[2024-11-13T20:05:40.625+1100] {processor.py:925} INFO - DAG(s) 'example_skip_dag' retrieved from /Users/yoonmoon/git/learn-airflow/airflow1/py_env/lib/python3.11/site-packages/airflow/example_dags/example_skip_dag.py
[2024-11-13T20:05:40.687+1100] {logging_mixin.py:190} INFO - [2024-11-13T20:05:40.687+1100] {dag.py:3239} INFO - Sync 1 DAGs
[2024-11-13T20:05:40.694+1100] {logging_mixin.py:190} INFO - [2024-11-13T20:05:40.694+1100] {dag.py:4180} INFO - Setting next_dagrun for example_skip_dag to 2024-11-12 00:00:00+00:00, run_after=2024-11-13 00:00:00+00:00
[2024-11-13T20:05:40.700+1100] {processor.py:208} INFO - Processing /Users/yoonmoon/git/learn-airflow/airflow1/py_env/lib/python3.11/site-packages/airflow/example_dags/example_skip_dag.py took 0.082 seconds
[2024-11-13T20:06:50.620+1100] {processor.py:186} INFO - Started process (PID=68382) to work on /Users/yoonmoon/git/learn-airflow/airflow1/py_env/lib/python3.11/site-packages/airflow/example_dags/example_skip_dag.py
[2024-11-13T20:06:50.621+1100] {processor.py:914} INFO - Processing file /Users/yoonmoon/git/learn-airflow/airflow1/py_env/lib/python3.11/site-packages/airflow/example_dags/example_skip_dag.py for tasks to queue
[2024-11-13T20:06:50.622+1100] {logging_mixin.py:190} INFO - [2024-11-13T20:06:50.622+1100] {dagbag.py:588} INFO - Filling up the DagBag from /Users/yoonmoon/git/learn-airflow/airflow1/py_env/lib/python3.11/site-packages/airflow/example_dags/example_skip_dag.py
[2024-11-13T20:06:50.625+1100] {processor.py:925} INFO - DAG(s) 'example_skip_dag' retrieved from /Users/yoonmoon/git/learn-airflow/airflow1/py_env/lib/python3.11/site-packages/airflow/example_dags/example_skip_dag.py
[2024-11-13T20:06:50.688+1100] {logging_mixin.py:190} INFO - [2024-11-13T20:06:50.688+1100] {dag.py:3239} INFO - Sync 1 DAGs
[2024-11-13T20:06:50.694+1100] {logging_mixin.py:190} INFO - [2024-11-13T20:06:50.693+1100] {dag.py:4180} INFO - Setting next_dagrun for example_skip_dag to 2024-11-12 00:00:00+00:00, run_after=2024-11-13 00:00:00+00:00
[2024-11-13T20:06:50.700+1100] {processor.py:208} INFO - Processing /Users/yoonmoon/git/learn-airflow/airflow1/py_env/lib/python3.11/site-packages/airflow/example_dags/example_skip_dag.py took 0.083 seconds
[2024-11-13T20:08:01.206+1100] {processor.py:186} INFO - Started process (PID=68517) to work on /Users/yoonmoon/git/learn-airflow/airflow1/py_env/lib/python3.11/site-packages/airflow/example_dags/example_skip_dag.py
[2024-11-13T20:08:01.207+1100] {processor.py:914} INFO - Processing file /Users/yoonmoon/git/learn-airflow/airflow1/py_env/lib/python3.11/site-packages/airflow/example_dags/example_skip_dag.py for tasks to queue
[2024-11-13T20:08:01.208+1100] {logging_mixin.py:190} INFO - [2024-11-13T20:08:01.208+1100] {dagbag.py:588} INFO - Filling up the DagBag from /Users/yoonmoon/git/learn-airflow/airflow1/py_env/lib/python3.11/site-packages/airflow/example_dags/example_skip_dag.py
[2024-11-13T20:08:01.211+1100] {processor.py:925} INFO - DAG(s) 'example_skip_dag' retrieved from /Users/yoonmoon/git/learn-airflow/airflow1/py_env/lib/python3.11/site-packages/airflow/example_dags/example_skip_dag.py
[2024-11-13T20:08:01.276+1100] {logging_mixin.py:190} INFO - [2024-11-13T20:08:01.276+1100] {dag.py:3239} INFO - Sync 1 DAGs
[2024-11-13T20:08:01.282+1100] {logging_mixin.py:190} INFO - [2024-11-13T20:08:01.282+1100] {dag.py:4180} INFO - Setting next_dagrun for example_skip_dag to 2024-11-12 00:00:00+00:00, run_after=2024-11-13 00:00:00+00:00
[2024-11-13T20:08:01.289+1100] {processor.py:208} INFO - Processing /Users/yoonmoon/git/learn-airflow/airflow1/py_env/lib/python3.11/site-packages/airflow/example_dags/example_skip_dag.py took 0.086 seconds
[2024-11-13T20:09:12.212+1100] {processor.py:186} INFO - Started process (PID=68655) to work on /Users/yoonmoon/git/learn-airflow/airflow1/py_env/lib/python3.11/site-packages/airflow/example_dags/example_skip_dag.py
[2024-11-13T20:09:12.213+1100] {processor.py:914} INFO - Processing file /Users/yoonmoon/git/learn-airflow/airflow1/py_env/lib/python3.11/site-packages/airflow/example_dags/example_skip_dag.py for tasks to queue
[2024-11-13T20:09:12.214+1100] {logging_mixin.py:190} INFO - [2024-11-13T20:09:12.214+1100] {dagbag.py:588} INFO - Filling up the DagBag from /Users/yoonmoon/git/learn-airflow/airflow1/py_env/lib/python3.11/site-packages/airflow/example_dags/example_skip_dag.py
[2024-11-13T20:09:12.217+1100] {processor.py:925} INFO - DAG(s) 'example_skip_dag' retrieved from /Users/yoonmoon/git/learn-airflow/airflow1/py_env/lib/python3.11/site-packages/airflow/example_dags/example_skip_dag.py
[2024-11-13T20:09:12.279+1100] {logging_mixin.py:190} INFO - [2024-11-13T20:09:12.279+1100] {dag.py:3239} INFO - Sync 1 DAGs
[2024-11-13T20:09:12.285+1100] {logging_mixin.py:190} INFO - [2024-11-13T20:09:12.285+1100] {dag.py:4180} INFO - Setting next_dagrun for example_skip_dag to 2024-11-12 00:00:00+00:00, run_after=2024-11-13 00:00:00+00:00
[2024-11-13T20:09:12.291+1100] {processor.py:208} INFO - Processing /Users/yoonmoon/git/learn-airflow/airflow1/py_env/lib/python3.11/site-packages/airflow/example_dags/example_skip_dag.py took 0.081 seconds
[2024-11-13T20:10:23.879+1100] {processor.py:186} INFO - Started process (PID=68808) to work on /Users/yoonmoon/git/learn-airflow/airflow1/py_env/lib/python3.11/site-packages/airflow/example_dags/example_skip_dag.py
[2024-11-13T20:10:23.881+1100] {processor.py:914} INFO - Processing file /Users/yoonmoon/git/learn-airflow/airflow1/py_env/lib/python3.11/site-packages/airflow/example_dags/example_skip_dag.py for tasks to queue
[2024-11-13T20:10:23.881+1100] {logging_mixin.py:190} INFO - [2024-11-13T20:10:23.881+1100] {dagbag.py:588} INFO - Filling up the DagBag from /Users/yoonmoon/git/learn-airflow/airflow1/py_env/lib/python3.11/site-packages/airflow/example_dags/example_skip_dag.py
[2024-11-13T20:10:23.884+1100] {processor.py:925} INFO - DAG(s) 'example_skip_dag' retrieved from /Users/yoonmoon/git/learn-airflow/airflow1/py_env/lib/python3.11/site-packages/airflow/example_dags/example_skip_dag.py
[2024-11-13T20:10:23.946+1100] {logging_mixin.py:190} INFO - [2024-11-13T20:10:23.946+1100] {dag.py:3239} INFO - Sync 1 DAGs
[2024-11-13T20:10:23.952+1100] {logging_mixin.py:190} INFO - [2024-11-13T20:10:23.952+1100] {dag.py:4180} INFO - Setting next_dagrun for example_skip_dag to 2024-11-12 00:00:00+00:00, run_after=2024-11-13 00:00:00+00:00
[2024-11-13T20:10:23.958+1100] {processor.py:208} INFO - Processing /Users/yoonmoon/git/learn-airflow/airflow1/py_env/lib/python3.11/site-packages/airflow/example_dags/example_skip_dag.py took 0.082 seconds
[2024-11-13T20:12:37.529+1100] {processor.py:186} INFO - Started process (PID=69060) to work on /Users/yoonmoon/git/learn-airflow/airflow1/py_env/lib/python3.11/site-packages/airflow/example_dags/example_skip_dag.py
[2024-11-13T20:12:37.530+1100] {processor.py:914} INFO - Processing file /Users/yoonmoon/git/learn-airflow/airflow1/py_env/lib/python3.11/site-packages/airflow/example_dags/example_skip_dag.py for tasks to queue
[2024-11-13T20:12:37.531+1100] {logging_mixin.py:190} INFO - [2024-11-13T20:12:37.531+1100] {dagbag.py:588} INFO - Filling up the DagBag from /Users/yoonmoon/git/learn-airflow/airflow1/py_env/lib/python3.11/site-packages/airflow/example_dags/example_skip_dag.py
[2024-11-13T20:12:37.534+1100] {processor.py:925} INFO - DAG(s) 'example_skip_dag' retrieved from /Users/yoonmoon/git/learn-airflow/airflow1/py_env/lib/python3.11/site-packages/airflow/example_dags/example_skip_dag.py
[2024-11-13T20:12:37.598+1100] {logging_mixin.py:190} INFO - [2024-11-13T20:12:37.598+1100] {dag.py:3239} INFO - Sync 1 DAGs
[2024-11-13T20:12:37.605+1100] {logging_mixin.py:190} INFO - [2024-11-13T20:12:37.605+1100] {dag.py:4180} INFO - Setting next_dagrun for example_skip_dag to 2024-11-12 00:00:00+00:00, run_after=2024-11-13 00:00:00+00:00
[2024-11-13T20:12:37.611+1100] {processor.py:208} INFO - Processing /Users/yoonmoon/git/learn-airflow/airflow1/py_env/lib/python3.11/site-packages/airflow/example_dags/example_skip_dag.py took 0.085 seconds
[2024-11-13T20:13:46.212+1100] {processor.py:186} INFO - Started process (PID=69186) to work on /Users/yoonmoon/git/learn-airflow/airflow1/py_env/lib/python3.11/site-packages/airflow/example_dags/example_skip_dag.py
[2024-11-13T20:13:46.214+1100] {processor.py:914} INFO - Processing file /Users/yoonmoon/git/learn-airflow/airflow1/py_env/lib/python3.11/site-packages/airflow/example_dags/example_skip_dag.py for tasks to queue
[2024-11-13T20:13:46.214+1100] {logging_mixin.py:190} INFO - [2024-11-13T20:13:46.214+1100] {dagbag.py:588} INFO - Filling up the DagBag from /Users/yoonmoon/git/learn-airflow/airflow1/py_env/lib/python3.11/site-packages/airflow/example_dags/example_skip_dag.py
[2024-11-13T20:13:46.218+1100] {processor.py:925} INFO - DAG(s) 'example_skip_dag' retrieved from /Users/yoonmoon/git/learn-airflow/airflow1/py_env/lib/python3.11/site-packages/airflow/example_dags/example_skip_dag.py
[2024-11-13T20:13:46.280+1100] {logging_mixin.py:190} INFO - [2024-11-13T20:13:46.279+1100] {dag.py:3239} INFO - Sync 1 DAGs
[2024-11-13T20:13:46.286+1100] {logging_mixin.py:190} INFO - [2024-11-13T20:13:46.286+1100] {dag.py:4180} INFO - Setting next_dagrun for example_skip_dag to 2024-11-12 00:00:00+00:00, run_after=2024-11-13 00:00:00+00:00
[2024-11-13T20:13:46.292+1100] {processor.py:208} INFO - Processing /Users/yoonmoon/git/learn-airflow/airflow1/py_env/lib/python3.11/site-packages/airflow/example_dags/example_skip_dag.py took 0.083 seconds
[2024-11-13T20:14:56.338+1100] {processor.py:186} INFO - Started process (PID=69310) to work on /Users/yoonmoon/git/learn-airflow/airflow1/py_env/lib/python3.11/site-packages/airflow/example_dags/example_skip_dag.py
[2024-11-13T20:14:56.339+1100] {processor.py:914} INFO - Processing file /Users/yoonmoon/git/learn-airflow/airflow1/py_env/lib/python3.11/site-packages/airflow/example_dags/example_skip_dag.py for tasks to queue
[2024-11-13T20:14:56.339+1100] {logging_mixin.py:190} INFO - [2024-11-13T20:14:56.339+1100] {dagbag.py:588} INFO - Filling up the DagBag from /Users/yoonmoon/git/learn-airflow/airflow1/py_env/lib/python3.11/site-packages/airflow/example_dags/example_skip_dag.py
[2024-11-13T20:14:56.342+1100] {processor.py:925} INFO - DAG(s) 'example_skip_dag' retrieved from /Users/yoonmoon/git/learn-airflow/airflow1/py_env/lib/python3.11/site-packages/airflow/example_dags/example_skip_dag.py
[2024-11-13T20:14:56.406+1100] {logging_mixin.py:190} INFO - [2024-11-13T20:14:56.406+1100] {dag.py:3239} INFO - Sync 1 DAGs
[2024-11-13T20:14:56.413+1100] {logging_mixin.py:190} INFO - [2024-11-13T20:14:56.413+1100] {dag.py:4180} INFO - Setting next_dagrun for example_skip_dag to 2024-11-12 00:00:00+00:00, run_after=2024-11-13 00:00:00+00:00
[2024-11-13T20:14:56.419+1100] {processor.py:208} INFO - Processing /Users/yoonmoon/git/learn-airflow/airflow1/py_env/lib/python3.11/site-packages/airflow/example_dags/example_skip_dag.py took 0.083 seconds
[2024-11-13T20:16:06.780+1100] {processor.py:186} INFO - Started process (PID=69435) to work on /Users/yoonmoon/git/learn-airflow/airflow1/py_env/lib/python3.11/site-packages/airflow/example_dags/example_skip_dag.py
[2024-11-13T20:16:06.782+1100] {processor.py:914} INFO - Processing file /Users/yoonmoon/git/learn-airflow/airflow1/py_env/lib/python3.11/site-packages/airflow/example_dags/example_skip_dag.py for tasks to queue
[2024-11-13T20:16:06.782+1100] {logging_mixin.py:190} INFO - [2024-11-13T20:16:06.782+1100] {dagbag.py:588} INFO - Filling up the DagBag from /Users/yoonmoon/git/learn-airflow/airflow1/py_env/lib/python3.11/site-packages/airflow/example_dags/example_skip_dag.py
[2024-11-13T20:16:06.786+1100] {processor.py:925} INFO - DAG(s) 'example_skip_dag' retrieved from /Users/yoonmoon/git/learn-airflow/airflow1/py_env/lib/python3.11/site-packages/airflow/example_dags/example_skip_dag.py
[2024-11-13T20:16:06.849+1100] {logging_mixin.py:190} INFO - [2024-11-13T20:16:06.849+1100] {dag.py:3239} INFO - Sync 1 DAGs
[2024-11-13T20:16:06.854+1100] {logging_mixin.py:190} INFO - [2024-11-13T20:16:06.854+1100] {dag.py:4180} INFO - Setting next_dagrun for example_skip_dag to 2024-11-12 00:00:00+00:00, run_after=2024-11-13 00:00:00+00:00
[2024-11-13T20:16:06.861+1100] {processor.py:208} INFO - Processing /Users/yoonmoon/git/learn-airflow/airflow1/py_env/lib/python3.11/site-packages/airflow/example_dags/example_skip_dag.py took 0.082 seconds
[2024-11-13T20:18:24.316+1100] {processor.py:186} INFO - Started process (PID=69695) to work on /Users/yoonmoon/git/learn-airflow/airflow1/py_env/lib/python3.11/site-packages/airflow/example_dags/example_skip_dag.py
[2024-11-13T20:18:24.317+1100] {processor.py:914} INFO - Processing file /Users/yoonmoon/git/learn-airflow/airflow1/py_env/lib/python3.11/site-packages/airflow/example_dags/example_skip_dag.py for tasks to queue
[2024-11-13T20:18:24.317+1100] {logging_mixin.py:190} INFO - [2024-11-13T20:18:24.317+1100] {dagbag.py:588} INFO - Filling up the DagBag from /Users/yoonmoon/git/learn-airflow/airflow1/py_env/lib/python3.11/site-packages/airflow/example_dags/example_skip_dag.py
[2024-11-13T20:18:24.320+1100] {processor.py:925} INFO - DAG(s) 'example_skip_dag' retrieved from /Users/yoonmoon/git/learn-airflow/airflow1/py_env/lib/python3.11/site-packages/airflow/example_dags/example_skip_dag.py
[2024-11-13T20:18:24.381+1100] {logging_mixin.py:190} INFO - [2024-11-13T20:18:24.380+1100] {dag.py:3239} INFO - Sync 1 DAGs
[2024-11-13T20:18:24.386+1100] {logging_mixin.py:190} INFO - [2024-11-13T20:18:24.386+1100] {dag.py:4180} INFO - Setting next_dagrun for example_skip_dag to 2024-11-12 00:00:00+00:00, run_after=2024-11-13 00:00:00+00:00
[2024-11-13T20:18:24.392+1100] {processor.py:208} INFO - Processing /Users/yoonmoon/git/learn-airflow/airflow1/py_env/lib/python3.11/site-packages/airflow/example_dags/example_skip_dag.py took 0.079 seconds
[2024-11-13T20:19:34.008+1100] {processor.py:186} INFO - Started process (PID=69889) to work on /Users/yoonmoon/git/learn-airflow/airflow1/py_env/lib/python3.11/site-packages/airflow/example_dags/example_skip_dag.py
[2024-11-13T20:19:34.008+1100] {processor.py:914} INFO - Processing file /Users/yoonmoon/git/learn-airflow/airflow1/py_env/lib/python3.11/site-packages/airflow/example_dags/example_skip_dag.py for tasks to queue
[2024-11-13T20:19:34.009+1100] {logging_mixin.py:190} INFO - [2024-11-13T20:19:34.009+1100] {dagbag.py:588} INFO - Filling up the DagBag from /Users/yoonmoon/git/learn-airflow/airflow1/py_env/lib/python3.11/site-packages/airflow/example_dags/example_skip_dag.py
[2024-11-13T20:19:34.012+1100] {processor.py:925} INFO - DAG(s) 'example_skip_dag' retrieved from /Users/yoonmoon/git/learn-airflow/airflow1/py_env/lib/python3.11/site-packages/airflow/example_dags/example_skip_dag.py
[2024-11-13T20:19:34.075+1100] {logging_mixin.py:190} INFO - [2024-11-13T20:19:34.075+1100] {dag.py:3239} INFO - Sync 1 DAGs
[2024-11-13T20:19:34.082+1100] {logging_mixin.py:190} INFO - [2024-11-13T20:19:34.082+1100] {dag.py:4180} INFO - Setting next_dagrun for example_skip_dag to 2024-11-12 00:00:00+00:00, run_after=2024-11-13 00:00:00+00:00
[2024-11-13T20:19:34.089+1100] {processor.py:208} INFO - Processing /Users/yoonmoon/git/learn-airflow/airflow1/py_env/lib/python3.11/site-packages/airflow/example_dags/example_skip_dag.py took 0.084 seconds
[2024-11-13T20:20:43.143+1100] {processor.py:186} INFO - Started process (PID=70055) to work on /Users/yoonmoon/git/learn-airflow/airflow1/py_env/lib/python3.11/site-packages/airflow/example_dags/example_skip_dag.py
[2024-11-13T20:20:43.144+1100] {processor.py:914} INFO - Processing file /Users/yoonmoon/git/learn-airflow/airflow1/py_env/lib/python3.11/site-packages/airflow/example_dags/example_skip_dag.py for tasks to queue
[2024-11-13T20:20:43.145+1100] {logging_mixin.py:190} INFO - [2024-11-13T20:20:43.145+1100] {dagbag.py:588} INFO - Filling up the DagBag from /Users/yoonmoon/git/learn-airflow/airflow1/py_env/lib/python3.11/site-packages/airflow/example_dags/example_skip_dag.py
[2024-11-13T20:20:43.148+1100] {processor.py:925} INFO - DAG(s) 'example_skip_dag' retrieved from /Users/yoonmoon/git/learn-airflow/airflow1/py_env/lib/python3.11/site-packages/airflow/example_dags/example_skip_dag.py
[2024-11-13T20:20:43.210+1100] {logging_mixin.py:190} INFO - [2024-11-13T20:20:43.210+1100] {dag.py:3239} INFO - Sync 1 DAGs
[2024-11-13T20:20:43.217+1100] {logging_mixin.py:190} INFO - [2024-11-13T20:20:43.217+1100] {dag.py:4180} INFO - Setting next_dagrun for example_skip_dag to 2024-11-12 00:00:00+00:00, run_after=2024-11-13 00:00:00+00:00
[2024-11-13T20:20:43.223+1100] {processor.py:208} INFO - Processing /Users/yoonmoon/git/learn-airflow/airflow1/py_env/lib/python3.11/site-packages/airflow/example_dags/example_skip_dag.py took 0.082 seconds
[2024-11-13T20:21:52.920+1100] {processor.py:186} INFO - Started process (PID=70206) to work on /Users/yoonmoon/git/learn-airflow/airflow1/py_env/lib/python3.11/site-packages/airflow/example_dags/example_skip_dag.py
[2024-11-13T20:21:52.922+1100] {processor.py:914} INFO - Processing file /Users/yoonmoon/git/learn-airflow/airflow1/py_env/lib/python3.11/site-packages/airflow/example_dags/example_skip_dag.py for tasks to queue
[2024-11-13T20:21:52.923+1100] {logging_mixin.py:190} INFO - [2024-11-13T20:21:52.922+1100] {dagbag.py:588} INFO - Filling up the DagBag from /Users/yoonmoon/git/learn-airflow/airflow1/py_env/lib/python3.11/site-packages/airflow/example_dags/example_skip_dag.py
[2024-11-13T20:21:52.926+1100] {processor.py:925} INFO - DAG(s) 'example_skip_dag' retrieved from /Users/yoonmoon/git/learn-airflow/airflow1/py_env/lib/python3.11/site-packages/airflow/example_dags/example_skip_dag.py
[2024-11-13T20:21:52.986+1100] {logging_mixin.py:190} INFO - [2024-11-13T20:21:52.986+1100] {dag.py:3239} INFO - Sync 1 DAGs
[2024-11-13T20:21:52.993+1100] {logging_mixin.py:190} INFO - [2024-11-13T20:21:52.992+1100] {dag.py:4180} INFO - Setting next_dagrun for example_skip_dag to 2024-11-12 00:00:00+00:00, run_after=2024-11-13 00:00:00+00:00
[2024-11-13T20:21:52.998+1100] {processor.py:208} INFO - Processing /Users/yoonmoon/git/learn-airflow/airflow1/py_env/lib/python3.11/site-packages/airflow/example_dags/example_skip_dag.py took 0.080 seconds
[2024-11-13T20:24:03.527+1100] {processor.py:186} INFO - Started process (PID=70460) to work on /Users/yoonmoon/git/learn-airflow/airflow1/py_env/lib/python3.11/site-packages/airflow/example_dags/example_skip_dag.py
[2024-11-13T20:24:03.529+1100] {processor.py:914} INFO - Processing file /Users/yoonmoon/git/learn-airflow/airflow1/py_env/lib/python3.11/site-packages/airflow/example_dags/example_skip_dag.py for tasks to queue
[2024-11-13T20:24:03.529+1100] {logging_mixin.py:190} INFO - [2024-11-13T20:24:03.529+1100] {dagbag.py:588} INFO - Filling up the DagBag from /Users/yoonmoon/git/learn-airflow/airflow1/py_env/lib/python3.11/site-packages/airflow/example_dags/example_skip_dag.py
[2024-11-13T20:24:03.532+1100] {processor.py:925} INFO - DAG(s) 'example_skip_dag' retrieved from /Users/yoonmoon/git/learn-airflow/airflow1/py_env/lib/python3.11/site-packages/airflow/example_dags/example_skip_dag.py
[2024-11-13T20:24:03.592+1100] {logging_mixin.py:190} INFO - [2024-11-13T20:24:03.592+1100] {dag.py:3239} INFO - Sync 1 DAGs
[2024-11-13T20:24:03.598+1100] {logging_mixin.py:190} INFO - [2024-11-13T20:24:03.598+1100] {dag.py:4180} INFO - Setting next_dagrun for example_skip_dag to 2024-11-12 00:00:00+00:00, run_after=2024-11-13 00:00:00+00:00
[2024-11-13T20:24:03.604+1100] {processor.py:208} INFO - Processing /Users/yoonmoon/git/learn-airflow/airflow1/py_env/lib/python3.11/site-packages/airflow/example_dags/example_skip_dag.py took 0.080 seconds
[2024-11-13T20:25:10.464+1100] {processor.py:186} INFO - Started process (PID=70584) to work on /Users/yoonmoon/git/learn-airflow/airflow1/py_env/lib/python3.11/site-packages/airflow/example_dags/example_skip_dag.py
[2024-11-13T20:25:10.466+1100] {processor.py:914} INFO - Processing file /Users/yoonmoon/git/learn-airflow/airflow1/py_env/lib/python3.11/site-packages/airflow/example_dags/example_skip_dag.py for tasks to queue
[2024-11-13T20:25:10.467+1100] {logging_mixin.py:190} INFO - [2024-11-13T20:25:10.467+1100] {dagbag.py:588} INFO - Filling up the DagBag from /Users/yoonmoon/git/learn-airflow/airflow1/py_env/lib/python3.11/site-packages/airflow/example_dags/example_skip_dag.py
[2024-11-13T20:25:10.470+1100] {processor.py:925} INFO - DAG(s) 'example_skip_dag' retrieved from /Users/yoonmoon/git/learn-airflow/airflow1/py_env/lib/python3.11/site-packages/airflow/example_dags/example_skip_dag.py
[2024-11-13T20:25:10.529+1100] {logging_mixin.py:190} INFO - [2024-11-13T20:25:10.528+1100] {dag.py:3239} INFO - Sync 1 DAGs
[2024-11-13T20:25:10.535+1100] {logging_mixin.py:190} INFO - [2024-11-13T20:25:10.535+1100] {dag.py:4180} INFO - Setting next_dagrun for example_skip_dag to 2024-11-12 00:00:00+00:00, run_after=2024-11-13 00:00:00+00:00
[2024-11-13T20:25:10.541+1100] {processor.py:208} INFO - Processing /Users/yoonmoon/git/learn-airflow/airflow1/py_env/lib/python3.11/site-packages/airflow/example_dags/example_skip_dag.py took 0.079 seconds
[2024-11-13T20:26:18.711+1100] {processor.py:186} INFO - Started process (PID=70715) to work on /Users/yoonmoon/git/learn-airflow/airflow1/py_env/lib/python3.11/site-packages/airflow/example_dags/example_skip_dag.py
[2024-11-13T20:26:18.712+1100] {processor.py:914} INFO - Processing file /Users/yoonmoon/git/learn-airflow/airflow1/py_env/lib/python3.11/site-packages/airflow/example_dags/example_skip_dag.py for tasks to queue
[2024-11-13T20:26:18.713+1100] {logging_mixin.py:190} INFO - [2024-11-13T20:26:18.713+1100] {dagbag.py:588} INFO - Filling up the DagBag from /Users/yoonmoon/git/learn-airflow/airflow1/py_env/lib/python3.11/site-packages/airflow/example_dags/example_skip_dag.py
[2024-11-13T20:26:18.716+1100] {processor.py:925} INFO - DAG(s) 'example_skip_dag' retrieved from /Users/yoonmoon/git/learn-airflow/airflow1/py_env/lib/python3.11/site-packages/airflow/example_dags/example_skip_dag.py
[2024-11-13T20:26:18.778+1100] {logging_mixin.py:190} INFO - [2024-11-13T20:26:18.777+1100] {dag.py:3239} INFO - Sync 1 DAGs
[2024-11-13T20:26:18.783+1100] {logging_mixin.py:190} INFO - [2024-11-13T20:26:18.783+1100] {dag.py:4180} INFO - Setting next_dagrun for example_skip_dag to 2024-11-12 00:00:00+00:00, run_after=2024-11-13 00:00:00+00:00
[2024-11-13T20:26:18.789+1100] {processor.py:208} INFO - Processing /Users/yoonmoon/git/learn-airflow/airflow1/py_env/lib/python3.11/site-packages/airflow/example_dags/example_skip_dag.py took 0.080 seconds
[2024-11-13T20:27:29.709+1100] {processor.py:186} INFO - Started process (PID=70868) to work on /Users/yoonmoon/git/learn-airflow/airflow1/py_env/lib/python3.11/site-packages/airflow/example_dags/example_skip_dag.py
[2024-11-13T20:27:29.710+1100] {processor.py:914} INFO - Processing file /Users/yoonmoon/git/learn-airflow/airflow1/py_env/lib/python3.11/site-packages/airflow/example_dags/example_skip_dag.py for tasks to queue
[2024-11-13T20:27:29.710+1100] {logging_mixin.py:190} INFO - [2024-11-13T20:27:29.710+1100] {dagbag.py:588} INFO - Filling up the DagBag from /Users/yoonmoon/git/learn-airflow/airflow1/py_env/lib/python3.11/site-packages/airflow/example_dags/example_skip_dag.py
[2024-11-13T20:27:29.714+1100] {processor.py:925} INFO - DAG(s) 'example_skip_dag' retrieved from /Users/yoonmoon/git/learn-airflow/airflow1/py_env/lib/python3.11/site-packages/airflow/example_dags/example_skip_dag.py
[2024-11-13T20:27:29.774+1100] {logging_mixin.py:190} INFO - [2024-11-13T20:27:29.774+1100] {dag.py:3239} INFO - Sync 1 DAGs
[2024-11-13T20:27:29.780+1100] {logging_mixin.py:190} INFO - [2024-11-13T20:27:29.780+1100] {dag.py:4180} INFO - Setting next_dagrun for example_skip_dag to 2024-11-12 00:00:00+00:00, run_after=2024-11-13 00:00:00+00:00
[2024-11-13T20:27:29.787+1100] {processor.py:208} INFO - Processing /Users/yoonmoon/git/learn-airflow/airflow1/py_env/lib/python3.11/site-packages/airflow/example_dags/example_skip_dag.py took 0.080 seconds
[2024-11-13T20:28:37.341+1100] {processor.py:186} INFO - Started process (PID=71012) to work on /Users/yoonmoon/git/learn-airflow/airflow1/py_env/lib/python3.11/site-packages/airflow/example_dags/example_skip_dag.py
[2024-11-13T20:28:37.342+1100] {processor.py:914} INFO - Processing file /Users/yoonmoon/git/learn-airflow/airflow1/py_env/lib/python3.11/site-packages/airflow/example_dags/example_skip_dag.py for tasks to queue
[2024-11-13T20:28:37.342+1100] {logging_mixin.py:190} INFO - [2024-11-13T20:28:37.342+1100] {dagbag.py:588} INFO - Filling up the DagBag from /Users/yoonmoon/git/learn-airflow/airflow1/py_env/lib/python3.11/site-packages/airflow/example_dags/example_skip_dag.py
[2024-11-13T20:28:37.346+1100] {processor.py:925} INFO - DAG(s) 'example_skip_dag' retrieved from /Users/yoonmoon/git/learn-airflow/airflow1/py_env/lib/python3.11/site-packages/airflow/example_dags/example_skip_dag.py
[2024-11-13T20:28:37.411+1100] {logging_mixin.py:190} INFO - [2024-11-13T20:28:37.411+1100] {dag.py:3239} INFO - Sync 1 DAGs
[2024-11-13T20:28:37.417+1100] {logging_mixin.py:190} INFO - [2024-11-13T20:28:37.417+1100] {dag.py:4180} INFO - Setting next_dagrun for example_skip_dag to 2024-11-12 00:00:00+00:00, run_after=2024-11-13 00:00:00+00:00
[2024-11-13T20:28:37.423+1100] {processor.py:208} INFO - Processing /Users/yoonmoon/git/learn-airflow/airflow1/py_env/lib/python3.11/site-packages/airflow/example_dags/example_skip_dag.py took 0.085 seconds
[2024-11-13T20:30:53.603+1100] {processor.py:186} INFO - Started process (PID=71263) to work on /Users/yoonmoon/git/learn-airflow/airflow1/py_env/lib/python3.11/site-packages/airflow/example_dags/example_skip_dag.py
[2024-11-13T20:30:53.603+1100] {processor.py:914} INFO - Processing file /Users/yoonmoon/git/learn-airflow/airflow1/py_env/lib/python3.11/site-packages/airflow/example_dags/example_skip_dag.py for tasks to queue
[2024-11-13T20:30:53.604+1100] {logging_mixin.py:190} INFO - [2024-11-13T20:30:53.604+1100] {dagbag.py:588} INFO - Filling up the DagBag from /Users/yoonmoon/git/learn-airflow/airflow1/py_env/lib/python3.11/site-packages/airflow/example_dags/example_skip_dag.py
[2024-11-13T20:30:53.607+1100] {processor.py:925} INFO - DAG(s) 'example_skip_dag' retrieved from /Users/yoonmoon/git/learn-airflow/airflow1/py_env/lib/python3.11/site-packages/airflow/example_dags/example_skip_dag.py
[2024-11-13T20:30:53.670+1100] {logging_mixin.py:190} INFO - [2024-11-13T20:30:53.670+1100] {dag.py:3239} INFO - Sync 1 DAGs
[2024-11-13T20:30:53.676+1100] {logging_mixin.py:190} INFO - [2024-11-13T20:30:53.676+1100] {dag.py:4180} INFO - Setting next_dagrun for example_skip_dag to 2024-11-12 00:00:00+00:00, run_after=2024-11-13 00:00:00+00:00
[2024-11-13T20:30:53.683+1100] {processor.py:208} INFO - Processing /Users/yoonmoon/git/learn-airflow/airflow1/py_env/lib/python3.11/site-packages/airflow/example_dags/example_skip_dag.py took 0.083 seconds
[2024-11-13T20:32:03.577+1100] {processor.py:186} INFO - Started process (PID=71389) to work on /Users/yoonmoon/git/learn-airflow/airflow1/py_env/lib/python3.11/site-packages/airflow/example_dags/example_skip_dag.py
[2024-11-13T20:32:03.578+1100] {processor.py:914} INFO - Processing file /Users/yoonmoon/git/learn-airflow/airflow1/py_env/lib/python3.11/site-packages/airflow/example_dags/example_skip_dag.py for tasks to queue
[2024-11-13T20:32:03.578+1100] {logging_mixin.py:190} INFO - [2024-11-13T20:32:03.578+1100] {dagbag.py:588} INFO - Filling up the DagBag from /Users/yoonmoon/git/learn-airflow/airflow1/py_env/lib/python3.11/site-packages/airflow/example_dags/example_skip_dag.py
[2024-11-13T20:32:03.581+1100] {processor.py:925} INFO - DAG(s) 'example_skip_dag' retrieved from /Users/yoonmoon/git/learn-airflow/airflow1/py_env/lib/python3.11/site-packages/airflow/example_dags/example_skip_dag.py
[2024-11-13T20:32:03.642+1100] {logging_mixin.py:190} INFO - [2024-11-13T20:32:03.642+1100] {dag.py:3239} INFO - Sync 1 DAGs
[2024-11-13T20:32:03.648+1100] {logging_mixin.py:190} INFO - [2024-11-13T20:32:03.648+1100] {dag.py:4180} INFO - Setting next_dagrun for example_skip_dag to 2024-11-12 00:00:00+00:00, run_after=2024-11-13 00:00:00+00:00
[2024-11-13T20:32:03.654+1100] {processor.py:208} INFO - Processing /Users/yoonmoon/git/learn-airflow/airflow1/py_env/lib/python3.11/site-packages/airflow/example_dags/example_skip_dag.py took 0.080 seconds
[2024-11-13T20:33:14.176+1100] {processor.py:186} INFO - Started process (PID=71517) to work on /Users/yoonmoon/git/learn-airflow/airflow1/py_env/lib/python3.11/site-packages/airflow/example_dags/example_skip_dag.py
[2024-11-13T20:33:14.177+1100] {processor.py:914} INFO - Processing file /Users/yoonmoon/git/learn-airflow/airflow1/py_env/lib/python3.11/site-packages/airflow/example_dags/example_skip_dag.py for tasks to queue
[2024-11-13T20:33:14.178+1100] {logging_mixin.py:190} INFO - [2024-11-13T20:33:14.177+1100] {dagbag.py:588} INFO - Filling up the DagBag from /Users/yoonmoon/git/learn-airflow/airflow1/py_env/lib/python3.11/site-packages/airflow/example_dags/example_skip_dag.py
[2024-11-13T20:33:14.181+1100] {processor.py:925} INFO - DAG(s) 'example_skip_dag' retrieved from /Users/yoonmoon/git/learn-airflow/airflow1/py_env/lib/python3.11/site-packages/airflow/example_dags/example_skip_dag.py
[2024-11-13T20:33:14.242+1100] {logging_mixin.py:190} INFO - [2024-11-13T20:33:14.242+1100] {dag.py:3239} INFO - Sync 1 DAGs
[2024-11-13T20:33:14.249+1100] {logging_mixin.py:190} INFO - [2024-11-13T20:33:14.248+1100] {dag.py:4180} INFO - Setting next_dagrun for example_skip_dag to 2024-11-12 00:00:00+00:00, run_after=2024-11-13 00:00:00+00:00
[2024-11-13T20:33:14.255+1100] {processor.py:208} INFO - Processing /Users/yoonmoon/git/learn-airflow/airflow1/py_env/lib/python3.11/site-packages/airflow/example_dags/example_skip_dag.py took 0.082 seconds
[2024-11-13T20:34:24.918+1100] {processor.py:186} INFO - Started process (PID=71645) to work on /Users/yoonmoon/git/learn-airflow/airflow1/py_env/lib/python3.11/site-packages/airflow/example_dags/example_skip_dag.py
[2024-11-13T20:34:24.919+1100] {processor.py:914} INFO - Processing file /Users/yoonmoon/git/learn-airflow/airflow1/py_env/lib/python3.11/site-packages/airflow/example_dags/example_skip_dag.py for tasks to queue
[2024-11-13T20:34:24.920+1100] {logging_mixin.py:190} INFO - [2024-11-13T20:34:24.919+1100] {dagbag.py:588} INFO - Filling up the DagBag from /Users/yoonmoon/git/learn-airflow/airflow1/py_env/lib/python3.11/site-packages/airflow/example_dags/example_skip_dag.py
[2024-11-13T20:34:24.923+1100] {processor.py:925} INFO - DAG(s) 'example_skip_dag' retrieved from /Users/yoonmoon/git/learn-airflow/airflow1/py_env/lib/python3.11/site-packages/airflow/example_dags/example_skip_dag.py
[2024-11-13T20:34:24.984+1100] {logging_mixin.py:190} INFO - [2024-11-13T20:34:24.983+1100] {dag.py:3239} INFO - Sync 1 DAGs
[2024-11-13T20:34:24.989+1100] {logging_mixin.py:190} INFO - [2024-11-13T20:34:24.989+1100] {dag.py:4180} INFO - Setting next_dagrun for example_skip_dag to 2024-11-12 00:00:00+00:00, run_after=2024-11-13 00:00:00+00:00
[2024-11-13T20:34:24.995+1100] {processor.py:208} INFO - Processing /Users/yoonmoon/git/learn-airflow/airflow1/py_env/lib/python3.11/site-packages/airflow/example_dags/example_skip_dag.py took 0.079 seconds
[2024-11-13T20:35:35.778+1100] {processor.py:186} INFO - Started process (PID=71788) to work on /Users/yoonmoon/git/learn-airflow/airflow1/py_env/lib/python3.11/site-packages/airflow/example_dags/example_skip_dag.py
[2024-11-13T20:35:35.779+1100] {processor.py:914} INFO - Processing file /Users/yoonmoon/git/learn-airflow/airflow1/py_env/lib/python3.11/site-packages/airflow/example_dags/example_skip_dag.py for tasks to queue
[2024-11-13T20:35:35.780+1100] {logging_mixin.py:190} INFO - [2024-11-13T20:35:35.780+1100] {dagbag.py:588} INFO - Filling up the DagBag from /Users/yoonmoon/git/learn-airflow/airflow1/py_env/lib/python3.11/site-packages/airflow/example_dags/example_skip_dag.py
[2024-11-13T20:35:35.783+1100] {processor.py:925} INFO - DAG(s) 'example_skip_dag' retrieved from /Users/yoonmoon/git/learn-airflow/airflow1/py_env/lib/python3.11/site-packages/airflow/example_dags/example_skip_dag.py
[2024-11-13T20:35:35.844+1100] {logging_mixin.py:190} INFO - [2024-11-13T20:35:35.844+1100] {dag.py:3239} INFO - Sync 1 DAGs
[2024-11-13T20:35:35.850+1100] {logging_mixin.py:190} INFO - [2024-11-13T20:35:35.850+1100] {dag.py:4180} INFO - Setting next_dagrun for example_skip_dag to 2024-11-12 00:00:00+00:00, run_after=2024-11-13 00:00:00+00:00
[2024-11-13T20:35:35.856+1100] {processor.py:208} INFO - Processing /Users/yoonmoon/git/learn-airflow/airflow1/py_env/lib/python3.11/site-packages/airflow/example_dags/example_skip_dag.py took 0.080 seconds
[2024-11-13T20:36:44.601+1100] {processor.py:186} INFO - Started process (PID=71928) to work on /Users/yoonmoon/git/learn-airflow/airflow1/py_env/lib/python3.11/site-packages/airflow/example_dags/example_skip_dag.py
[2024-11-13T20:36:44.601+1100] {processor.py:914} INFO - Processing file /Users/yoonmoon/git/learn-airflow/airflow1/py_env/lib/python3.11/site-packages/airflow/example_dags/example_skip_dag.py for tasks to queue
[2024-11-13T20:36:44.602+1100] {logging_mixin.py:190} INFO - [2024-11-13T20:36:44.602+1100] {dagbag.py:588} INFO - Filling up the DagBag from /Users/yoonmoon/git/learn-airflow/airflow1/py_env/lib/python3.11/site-packages/airflow/example_dags/example_skip_dag.py
[2024-11-13T20:36:44.605+1100] {processor.py:925} INFO - DAG(s) 'example_skip_dag' retrieved from /Users/yoonmoon/git/learn-airflow/airflow1/py_env/lib/python3.11/site-packages/airflow/example_dags/example_skip_dag.py
[2024-11-13T20:36:44.667+1100] {logging_mixin.py:190} INFO - [2024-11-13T20:36:44.667+1100] {dag.py:3239} INFO - Sync 1 DAGs
[2024-11-13T20:36:44.673+1100] {logging_mixin.py:190} INFO - [2024-11-13T20:36:44.673+1100] {dag.py:4180} INFO - Setting next_dagrun for example_skip_dag to 2024-11-12 00:00:00+00:00, run_after=2024-11-13 00:00:00+00:00
[2024-11-13T20:36:44.682+1100] {processor.py:208} INFO - Processing /Users/yoonmoon/git/learn-airflow/airflow1/py_env/lib/python3.11/site-packages/airflow/example_dags/example_skip_dag.py took 0.083 seconds
[2024-11-13T20:37:53.745+1100] {processor.py:186} INFO - Started process (PID=72085) to work on /Users/yoonmoon/git/learn-airflow/airflow1/py_env/lib/python3.11/site-packages/airflow/example_dags/example_skip_dag.py
[2024-11-13T20:37:53.746+1100] {processor.py:914} INFO - Processing file /Users/yoonmoon/git/learn-airflow/airflow1/py_env/lib/python3.11/site-packages/airflow/example_dags/example_skip_dag.py for tasks to queue
[2024-11-13T20:37:53.747+1100] {logging_mixin.py:190} INFO - [2024-11-13T20:37:53.747+1100] {dagbag.py:588} INFO - Filling up the DagBag from /Users/yoonmoon/git/learn-airflow/airflow1/py_env/lib/python3.11/site-packages/airflow/example_dags/example_skip_dag.py
[2024-11-13T20:37:53.750+1100] {processor.py:925} INFO - DAG(s) 'example_skip_dag' retrieved from /Users/yoonmoon/git/learn-airflow/airflow1/py_env/lib/python3.11/site-packages/airflow/example_dags/example_skip_dag.py
[2024-11-13T20:37:53.811+1100] {logging_mixin.py:190} INFO - [2024-11-13T20:37:53.810+1100] {dag.py:3239} INFO - Sync 1 DAGs
[2024-11-13T20:37:53.816+1100] {logging_mixin.py:190} INFO - [2024-11-13T20:37:53.816+1100] {dag.py:4180} INFO - Setting next_dagrun for example_skip_dag to 2024-11-12 00:00:00+00:00, run_after=2024-11-13 00:00:00+00:00
[2024-11-13T20:37:53.823+1100] {processor.py:208} INFO - Processing /Users/yoonmoon/git/learn-airflow/airflow1/py_env/lib/python3.11/site-packages/airflow/example_dags/example_skip_dag.py took 0.080 seconds
[2024-11-13T20:39:01.299+1100] {processor.py:186} INFO - Started process (PID=72222) to work on /Users/yoonmoon/git/learn-airflow/airflow1/py_env/lib/python3.11/site-packages/airflow/example_dags/example_skip_dag.py
[2024-11-13T20:39:01.300+1100] {processor.py:914} INFO - Processing file /Users/yoonmoon/git/learn-airflow/airflow1/py_env/lib/python3.11/site-packages/airflow/example_dags/example_skip_dag.py for tasks to queue
[2024-11-13T20:39:01.301+1100] {logging_mixin.py:190} INFO - [2024-11-13T20:39:01.301+1100] {dagbag.py:588} INFO - Filling up the DagBag from /Users/yoonmoon/git/learn-airflow/airflow1/py_env/lib/python3.11/site-packages/airflow/example_dags/example_skip_dag.py
[2024-11-13T20:39:01.304+1100] {processor.py:925} INFO - DAG(s) 'example_skip_dag' retrieved from /Users/yoonmoon/git/learn-airflow/airflow1/py_env/lib/python3.11/site-packages/airflow/example_dags/example_skip_dag.py
[2024-11-13T20:39:01.365+1100] {logging_mixin.py:190} INFO - [2024-11-13T20:39:01.365+1100] {dag.py:3239} INFO - Sync 1 DAGs
[2024-11-13T20:39:01.372+1100] {logging_mixin.py:190} INFO - [2024-11-13T20:39:01.372+1100] {dag.py:4180} INFO - Setting next_dagrun for example_skip_dag to 2024-11-12 00:00:00+00:00, run_after=2024-11-13 00:00:00+00:00
[2024-11-13T20:39:01.378+1100] {processor.py:208} INFO - Processing /Users/yoonmoon/git/learn-airflow/airflow1/py_env/lib/python3.11/site-packages/airflow/example_dags/example_skip_dag.py took 0.081 seconds
[2024-11-13T20:40:10.674+1100] {processor.py:186} INFO - Started process (PID=72345) to work on /Users/yoonmoon/git/learn-airflow/airflow1/py_env/lib/python3.11/site-packages/airflow/example_dags/example_skip_dag.py
[2024-11-13T20:40:10.676+1100] {processor.py:914} INFO - Processing file /Users/yoonmoon/git/learn-airflow/airflow1/py_env/lib/python3.11/site-packages/airflow/example_dags/example_skip_dag.py for tasks to queue
[2024-11-13T20:40:10.676+1100] {logging_mixin.py:190} INFO - [2024-11-13T20:40:10.676+1100] {dagbag.py:588} INFO - Filling up the DagBag from /Users/yoonmoon/git/learn-airflow/airflow1/py_env/lib/python3.11/site-packages/airflow/example_dags/example_skip_dag.py
[2024-11-13T20:40:10.679+1100] {processor.py:925} INFO - DAG(s) 'example_skip_dag' retrieved from /Users/yoonmoon/git/learn-airflow/airflow1/py_env/lib/python3.11/site-packages/airflow/example_dags/example_skip_dag.py
[2024-11-13T20:40:10.738+1100] {logging_mixin.py:190} INFO - [2024-11-13T20:40:10.738+1100] {dag.py:3239} INFO - Sync 1 DAGs
[2024-11-13T20:40:10.745+1100] {logging_mixin.py:190} INFO - [2024-11-13T20:40:10.744+1100] {dag.py:4180} INFO - Setting next_dagrun for example_skip_dag to 2024-11-12 00:00:00+00:00, run_after=2024-11-13 00:00:00+00:00
[2024-11-13T20:40:10.751+1100] {processor.py:208} INFO - Processing /Users/yoonmoon/git/learn-airflow/airflow1/py_env/lib/python3.11/site-packages/airflow/example_dags/example_skip_dag.py took 0.079 seconds
[2024-11-13T20:41:20.599+1100] {processor.py:186} INFO - Started process (PID=72478) to work on /Users/yoonmoon/git/learn-airflow/airflow1/py_env/lib/python3.11/site-packages/airflow/example_dags/example_skip_dag.py
[2024-11-13T20:41:20.600+1100] {processor.py:914} INFO - Processing file /Users/yoonmoon/git/learn-airflow/airflow1/py_env/lib/python3.11/site-packages/airflow/example_dags/example_skip_dag.py for tasks to queue
[2024-11-13T20:41:20.601+1100] {logging_mixin.py:190} INFO - [2024-11-13T20:41:20.600+1100] {dagbag.py:588} INFO - Filling up the DagBag from /Users/yoonmoon/git/learn-airflow/airflow1/py_env/lib/python3.11/site-packages/airflow/example_dags/example_skip_dag.py
[2024-11-13T20:41:20.604+1100] {processor.py:925} INFO - DAG(s) 'example_skip_dag' retrieved from /Users/yoonmoon/git/learn-airflow/airflow1/py_env/lib/python3.11/site-packages/airflow/example_dags/example_skip_dag.py
[2024-11-13T20:41:20.665+1100] {logging_mixin.py:190} INFO - [2024-11-13T20:41:20.665+1100] {dag.py:3239} INFO - Sync 1 DAGs
[2024-11-13T20:41:20.671+1100] {logging_mixin.py:190} INFO - [2024-11-13T20:41:20.671+1100] {dag.py:4180} INFO - Setting next_dagrun for example_skip_dag to 2024-11-12 00:00:00+00:00, run_after=2024-11-13 00:00:00+00:00
[2024-11-13T20:41:20.678+1100] {processor.py:208} INFO - Processing /Users/yoonmoon/git/learn-airflow/airflow1/py_env/lib/python3.11/site-packages/airflow/example_dags/example_skip_dag.py took 0.081 seconds
[2024-11-13T20:42:33.899+1100] {processor.py:186} INFO - Started process (PID=72610) to work on /Users/yoonmoon/git/learn-airflow/airflow1/py_env/lib/python3.11/site-packages/airflow/example_dags/example_skip_dag.py
[2024-11-13T20:42:33.900+1100] {processor.py:914} INFO - Processing file /Users/yoonmoon/git/learn-airflow/airflow1/py_env/lib/python3.11/site-packages/airflow/example_dags/example_skip_dag.py for tasks to queue
[2024-11-13T20:42:33.900+1100] {logging_mixin.py:190} INFO - [2024-11-13T20:42:33.900+1100] {dagbag.py:588} INFO - Filling up the DagBag from /Users/yoonmoon/git/learn-airflow/airflow1/py_env/lib/python3.11/site-packages/airflow/example_dags/example_skip_dag.py
[2024-11-13T20:42:33.903+1100] {processor.py:925} INFO - DAG(s) 'example_skip_dag' retrieved from /Users/yoonmoon/git/learn-airflow/airflow1/py_env/lib/python3.11/site-packages/airflow/example_dags/example_skip_dag.py
[2024-11-13T20:42:33.963+1100] {logging_mixin.py:190} INFO - [2024-11-13T20:42:33.963+1100] {dag.py:3239} INFO - Sync 1 DAGs
[2024-11-13T20:42:33.969+1100] {logging_mixin.py:190} INFO - [2024-11-13T20:42:33.969+1100] {dag.py:4180} INFO - Setting next_dagrun for example_skip_dag to 2024-11-12 00:00:00+00:00, run_after=2024-11-13 00:00:00+00:00
[2024-11-13T20:42:33.976+1100] {processor.py:208} INFO - Processing /Users/yoonmoon/git/learn-airflow/airflow1/py_env/lib/python3.11/site-packages/airflow/example_dags/example_skip_dag.py took 0.079 seconds
[2024-11-13T20:43:39.654+1100] {processor.py:186} INFO - Started process (PID=72734) to work on /Users/yoonmoon/git/learn-airflow/airflow1/py_env/lib/python3.11/site-packages/airflow/example_dags/example_skip_dag.py
[2024-11-13T20:43:39.655+1100] {processor.py:914} INFO - Processing file /Users/yoonmoon/git/learn-airflow/airflow1/py_env/lib/python3.11/site-packages/airflow/example_dags/example_skip_dag.py for tasks to queue
[2024-11-13T20:43:39.656+1100] {logging_mixin.py:190} INFO - [2024-11-13T20:43:39.656+1100] {dagbag.py:588} INFO - Filling up the DagBag from /Users/yoonmoon/git/learn-airflow/airflow1/py_env/lib/python3.11/site-packages/airflow/example_dags/example_skip_dag.py
[2024-11-13T20:43:39.659+1100] {processor.py:925} INFO - DAG(s) 'example_skip_dag' retrieved from /Users/yoonmoon/git/learn-airflow/airflow1/py_env/lib/python3.11/site-packages/airflow/example_dags/example_skip_dag.py
[2024-11-13T20:43:39.719+1100] {logging_mixin.py:190} INFO - [2024-11-13T20:43:39.719+1100] {dag.py:3239} INFO - Sync 1 DAGs
[2024-11-13T20:43:39.725+1100] {logging_mixin.py:190} INFO - [2024-11-13T20:43:39.725+1100] {dag.py:4180} INFO - Setting next_dagrun for example_skip_dag to 2024-11-12 00:00:00+00:00, run_after=2024-11-13 00:00:00+00:00
[2024-11-13T20:43:39.731+1100] {processor.py:208} INFO - Processing /Users/yoonmoon/git/learn-airflow/airflow1/py_env/lib/python3.11/site-packages/airflow/example_dags/example_skip_dag.py took 0.080 seconds
[2024-11-13T20:44:51.278+1100] {processor.py:186} INFO - Started process (PID=72880) to work on /Users/yoonmoon/git/learn-airflow/airflow1/py_env/lib/python3.11/site-packages/airflow/example_dags/example_skip_dag.py
[2024-11-13T20:44:51.279+1100] {processor.py:914} INFO - Processing file /Users/yoonmoon/git/learn-airflow/airflow1/py_env/lib/python3.11/site-packages/airflow/example_dags/example_skip_dag.py for tasks to queue
[2024-11-13T20:44:51.279+1100] {logging_mixin.py:190} INFO - [2024-11-13T20:44:51.279+1100] {dagbag.py:588} INFO - Filling up the DagBag from /Users/yoonmoon/git/learn-airflow/airflow1/py_env/lib/python3.11/site-packages/airflow/example_dags/example_skip_dag.py
[2024-11-13T20:44:51.291+1100] {processor.py:925} INFO - DAG(s) 'example_skip_dag' retrieved from /Users/yoonmoon/git/learn-airflow/airflow1/py_env/lib/python3.11/site-packages/airflow/example_dags/example_skip_dag.py
[2024-11-13T20:44:51.361+1100] {logging_mixin.py:190} INFO - [2024-11-13T20:44:51.361+1100] {dag.py:3239} INFO - Sync 1 DAGs
[2024-11-13T20:44:51.369+1100] {logging_mixin.py:190} INFO - [2024-11-13T20:44:51.368+1100] {dag.py:4180} INFO - Setting next_dagrun for example_skip_dag to 2024-11-12 00:00:00+00:00, run_after=2024-11-13 00:00:00+00:00
[2024-11-13T20:44:51.375+1100] {processor.py:208} INFO - Processing /Users/yoonmoon/git/learn-airflow/airflow1/py_env/lib/python3.11/site-packages/airflow/example_dags/example_skip_dag.py took 0.101 seconds
[2024-11-13T20:46:02.173+1100] {processor.py:186} INFO - Started process (PID=73005) to work on /Users/yoonmoon/git/learn-airflow/airflow1/py_env/lib/python3.11/site-packages/airflow/example_dags/example_skip_dag.py
[2024-11-13T20:46:02.175+1100] {processor.py:914} INFO - Processing file /Users/yoonmoon/git/learn-airflow/airflow1/py_env/lib/python3.11/site-packages/airflow/example_dags/example_skip_dag.py for tasks to queue
[2024-11-13T20:46:02.175+1100] {logging_mixin.py:190} INFO - [2024-11-13T20:46:02.175+1100] {dagbag.py:588} INFO - Filling up the DagBag from /Users/yoonmoon/git/learn-airflow/airflow1/py_env/lib/python3.11/site-packages/airflow/example_dags/example_skip_dag.py
[2024-11-13T20:46:02.178+1100] {processor.py:925} INFO - DAG(s) 'example_skip_dag' retrieved from /Users/yoonmoon/git/learn-airflow/airflow1/py_env/lib/python3.11/site-packages/airflow/example_dags/example_skip_dag.py
[2024-11-13T20:46:02.241+1100] {logging_mixin.py:190} INFO - [2024-11-13T20:46:02.241+1100] {dag.py:3239} INFO - Sync 1 DAGs
[2024-11-13T20:46:02.247+1100] {logging_mixin.py:190} INFO - [2024-11-13T20:46:02.247+1100] {dag.py:4180} INFO - Setting next_dagrun for example_skip_dag to 2024-11-12 00:00:00+00:00, run_after=2024-11-13 00:00:00+00:00
[2024-11-13T20:46:02.254+1100] {processor.py:208} INFO - Processing /Users/yoonmoon/git/learn-airflow/airflow1/py_env/lib/python3.11/site-packages/airflow/example_dags/example_skip_dag.py took 0.083 seconds
[2024-11-13T20:47:12.970+1100] {processor.py:186} INFO - Started process (PID=73147) to work on /Users/yoonmoon/git/learn-airflow/airflow1/py_env/lib/python3.11/site-packages/airflow/example_dags/example_skip_dag.py
[2024-11-13T20:47:12.971+1100] {processor.py:914} INFO - Processing file /Users/yoonmoon/git/learn-airflow/airflow1/py_env/lib/python3.11/site-packages/airflow/example_dags/example_skip_dag.py for tasks to queue
[2024-11-13T20:47:12.972+1100] {logging_mixin.py:190} INFO - [2024-11-13T20:47:12.971+1100] {dagbag.py:588} INFO - Filling up the DagBag from /Users/yoonmoon/git/learn-airflow/airflow1/py_env/lib/python3.11/site-packages/airflow/example_dags/example_skip_dag.py
[2024-11-13T20:47:12.975+1100] {processor.py:925} INFO - DAG(s) 'example_skip_dag' retrieved from /Users/yoonmoon/git/learn-airflow/airflow1/py_env/lib/python3.11/site-packages/airflow/example_dags/example_skip_dag.py
[2024-11-13T20:47:13.036+1100] {logging_mixin.py:190} INFO - [2024-11-13T20:47:13.036+1100] {dag.py:3239} INFO - Sync 1 DAGs
[2024-11-13T20:47:13.042+1100] {logging_mixin.py:190} INFO - [2024-11-13T20:47:13.042+1100] {dag.py:4180} INFO - Setting next_dagrun for example_skip_dag to 2024-11-12 00:00:00+00:00, run_after=2024-11-13 00:00:00+00:00
[2024-11-13T20:47:13.048+1100] {processor.py:208} INFO - Processing /Users/yoonmoon/git/learn-airflow/airflow1/py_env/lib/python3.11/site-packages/airflow/example_dags/example_skip_dag.py took 0.082 seconds
[2024-11-13T20:48:24.511+1100] {processor.py:186} INFO - Started process (PID=73288) to work on /Users/yoonmoon/git/learn-airflow/airflow1/py_env/lib/python3.11/site-packages/airflow/example_dags/example_skip_dag.py
[2024-11-13T20:48:24.512+1100] {processor.py:914} INFO - Processing file /Users/yoonmoon/git/learn-airflow/airflow1/py_env/lib/python3.11/site-packages/airflow/example_dags/example_skip_dag.py for tasks to queue
[2024-11-13T20:48:24.513+1100] {logging_mixin.py:190} INFO - [2024-11-13T20:48:24.513+1100] {dagbag.py:588} INFO - Filling up the DagBag from /Users/yoonmoon/git/learn-airflow/airflow1/py_env/lib/python3.11/site-packages/airflow/example_dags/example_skip_dag.py
[2024-11-13T20:48:24.516+1100] {processor.py:925} INFO - DAG(s) 'example_skip_dag' retrieved from /Users/yoonmoon/git/learn-airflow/airflow1/py_env/lib/python3.11/site-packages/airflow/example_dags/example_skip_dag.py
[2024-11-13T20:48:24.580+1100] {logging_mixin.py:190} INFO - [2024-11-13T20:48:24.580+1100] {dag.py:3239} INFO - Sync 1 DAGs
[2024-11-13T20:48:24.587+1100] {logging_mixin.py:190} INFO - [2024-11-13T20:48:24.587+1100] {dag.py:4180} INFO - Setting next_dagrun for example_skip_dag to 2024-11-12 00:00:00+00:00, run_after=2024-11-13 00:00:00+00:00
[2024-11-13T20:48:24.595+1100] {processor.py:208} INFO - Processing /Users/yoonmoon/git/learn-airflow/airflow1/py_env/lib/python3.11/site-packages/airflow/example_dags/example_skip_dag.py took 0.087 seconds
[2024-11-13T20:49:36.568+1100] {processor.py:186} INFO - Started process (PID=73419) to work on /Users/yoonmoon/git/learn-airflow/airflow1/py_env/lib/python3.11/site-packages/airflow/example_dags/example_skip_dag.py
[2024-11-13T20:49:36.569+1100] {processor.py:914} INFO - Processing file /Users/yoonmoon/git/learn-airflow/airflow1/py_env/lib/python3.11/site-packages/airflow/example_dags/example_skip_dag.py for tasks to queue
[2024-11-13T20:49:36.570+1100] {logging_mixin.py:190} INFO - [2024-11-13T20:49:36.569+1100] {dagbag.py:588} INFO - Filling up the DagBag from /Users/yoonmoon/git/learn-airflow/airflow1/py_env/lib/python3.11/site-packages/airflow/example_dags/example_skip_dag.py
[2024-11-13T20:49:36.573+1100] {processor.py:925} INFO - DAG(s) 'example_skip_dag' retrieved from /Users/yoonmoon/git/learn-airflow/airflow1/py_env/lib/python3.11/site-packages/airflow/example_dags/example_skip_dag.py
[2024-11-13T20:49:36.638+1100] {logging_mixin.py:190} INFO - [2024-11-13T20:49:36.638+1100] {dag.py:3239} INFO - Sync 1 DAGs
[2024-11-13T20:49:36.645+1100] {logging_mixin.py:190} INFO - [2024-11-13T20:49:36.645+1100] {dag.py:4180} INFO - Setting next_dagrun for example_skip_dag to 2024-11-12 00:00:00+00:00, run_after=2024-11-13 00:00:00+00:00
[2024-11-13T20:49:36.653+1100] {processor.py:208} INFO - Processing /Users/yoonmoon/git/learn-airflow/airflow1/py_env/lib/python3.11/site-packages/airflow/example_dags/example_skip_dag.py took 0.087 seconds
[2024-11-13T20:50:48.286+1100] {processor.py:186} INFO - Started process (PID=73554) to work on /Users/yoonmoon/git/learn-airflow/airflow1/py_env/lib/python3.11/site-packages/airflow/example_dags/example_skip_dag.py
[2024-11-13T20:50:48.288+1100] {processor.py:914} INFO - Processing file /Users/yoonmoon/git/learn-airflow/airflow1/py_env/lib/python3.11/site-packages/airflow/example_dags/example_skip_dag.py for tasks to queue
[2024-11-13T20:50:48.288+1100] {logging_mixin.py:190} INFO - [2024-11-13T20:50:48.288+1100] {dagbag.py:588} INFO - Filling up the DagBag from /Users/yoonmoon/git/learn-airflow/airflow1/py_env/lib/python3.11/site-packages/airflow/example_dags/example_skip_dag.py
[2024-11-13T20:50:48.291+1100] {processor.py:925} INFO - DAG(s) 'example_skip_dag' retrieved from /Users/yoonmoon/git/learn-airflow/airflow1/py_env/lib/python3.11/site-packages/airflow/example_dags/example_skip_dag.py
[2024-11-13T20:50:48.350+1100] {logging_mixin.py:190} INFO - [2024-11-13T20:50:48.350+1100] {dag.py:3239} INFO - Sync 1 DAGs
[2024-11-13T20:50:48.357+1100] {logging_mixin.py:190} INFO - [2024-11-13T20:50:48.357+1100] {dag.py:4180} INFO - Setting next_dagrun for example_skip_dag to 2024-11-12 00:00:00+00:00, run_after=2024-11-13 00:00:00+00:00
[2024-11-13T20:50:48.363+1100] {processor.py:208} INFO - Processing /Users/yoonmoon/git/learn-airflow/airflow1/py_env/lib/python3.11/site-packages/airflow/example_dags/example_skip_dag.py took 0.079 seconds
