[2024-11-13T19:29:30.576+1100] {processor.py:186} INFO - Started process (PID=63741) to work on /Users/yoonmoon/git/learn-airflow/airflow1/py_env/lib/python3.11/site-packages/airflow/example_dags/example_python_operator.py
[2024-11-13T19:29:30.576+1100] {processor.py:914} INFO - Processing file /Users/yoonmoon/git/learn-airflow/airflow1/py_env/lib/python3.11/site-packages/airflow/example_dags/example_python_operator.py for tasks to queue
[2024-11-13T19:29:30.577+1100] {logging_mixin.py:190} INFO - [2024-11-13T19:29:30.576+1100] {dagbag.py:588} INFO - Filling up the DagBag from /Users/yoonmoon/git/learn-airflow/airflow1/py_env/lib/python3.11/site-packages/airflow/example_dags/example_python_operator.py
[2024-11-13T19:29:30.586+1100] {logging_mixin.py:190} INFO - [2024-11-13T19:29:30.586+1100] {example_python_operator.py:93} WARNING - The virtalenv_python example task requires virtualenv, please install it.
[2024-11-13T19:29:30.588+1100] {processor.py:925} INFO - DAG(s) 'example_python_operator' retrieved from /Users/yoonmoon/git/learn-airflow/airflow1/py_env/lib/python3.11/site-packages/airflow/example_dags/example_python_operator.py
[2024-11-13T19:29:30.688+1100] {logging_mixin.py:190} INFO - [2024-11-13T19:29:30.688+1100] {override.py:1911} INFO - Created Permission View: can edit on DAG:example_python_operator
[2024-11-13T19:29:30.692+1100] {logging_mixin.py:190} INFO - [2024-11-13T19:29:30.692+1100] {override.py:1911} INFO - Created Permission View: can read on DAG:example_python_operator
[2024-11-13T19:29:30.694+1100] {logging_mixin.py:190} INFO - [2024-11-13T19:29:30.694+1100] {override.py:1911} INFO - Created Permission View: can delete on DAG:example_python_operator
[2024-11-13T19:29:30.697+1100] {logging_mixin.py:190} INFO - [2024-11-13T19:29:30.697+1100] {override.py:1911} INFO - Created Permission View: can create on DAG Run:example_python_operator
[2024-11-13T19:29:30.699+1100] {logging_mixin.py:190} INFO - [2024-11-13T19:29:30.699+1100] {override.py:1911} INFO - Created Permission View: can delete on DAG Run:example_python_operator
[2024-11-13T19:29:30.701+1100] {logging_mixin.py:190} INFO - [2024-11-13T19:29:30.701+1100] {override.py:1911} INFO - Created Permission View: can read on DAG Run:example_python_operator
[2024-11-13T19:29:30.703+1100] {logging_mixin.py:190} INFO - [2024-11-13T19:29:30.703+1100] {override.py:1911} INFO - Created Permission View: menu access on DAG Run:example_python_operator
[2024-11-13T19:29:30.703+1100] {logging_mixin.py:190} INFO - [2024-11-13T19:29:30.703+1100] {dag.py:3239} INFO - Sync 1 DAGs
[2024-11-13T19:29:30.708+1100] {logging_mixin.py:190} INFO - [2024-11-13T19:29:30.707+1100] {dag.py:3262} INFO - Creating ORM DAG for example_python_operator
[2024-11-13T19:29:30.708+1100] {logging_mixin.py:190} INFO - [2024-11-13T19:29:30.708+1100] {dag.py:4180} INFO - Setting next_dagrun for example_python_operator to None, run_after=None
[2024-11-13T19:29:30.714+1100] {processor.py:208} INFO - Processing /Users/yoonmoon/git/learn-airflow/airflow1/py_env/lib/python3.11/site-packages/airflow/example_dags/example_python_operator.py took 0.140 seconds
[2024-11-13T19:31:11.575+1100] {processor.py:186} INFO - Started process (PID=63951) to work on /Users/yoonmoon/git/learn-airflow/airflow1/py_env/lib/python3.11/site-packages/airflow/example_dags/example_python_operator.py
[2024-11-13T19:31:11.577+1100] {processor.py:914} INFO - Processing file /Users/yoonmoon/git/learn-airflow/airflow1/py_env/lib/python3.11/site-packages/airflow/example_dags/example_python_operator.py for tasks to queue
[2024-11-13T19:31:11.577+1100] {logging_mixin.py:190} INFO - [2024-11-13T19:31:11.577+1100] {dagbag.py:588} INFO - Filling up the DagBag from /Users/yoonmoon/git/learn-airflow/airflow1/py_env/lib/python3.11/site-packages/airflow/example_dags/example_python_operator.py
[2024-11-13T19:31:11.586+1100] {logging_mixin.py:190} INFO - [2024-11-13T19:31:11.586+1100] {example_python_operator.py:93} WARNING - The virtalenv_python example task requires virtualenv, please install it.
[2024-11-13T19:31:11.587+1100] {processor.py:925} INFO - DAG(s) 'example_python_operator' retrieved from /Users/yoonmoon/git/learn-airflow/airflow1/py_env/lib/python3.11/site-packages/airflow/example_dags/example_python_operator.py
[2024-11-13T19:31:11.646+1100] {logging_mixin.py:190} INFO - [2024-11-13T19:31:11.646+1100] {dag.py:3239} INFO - Sync 1 DAGs
[2024-11-13T19:31:11.649+1100] {logging_mixin.py:190} INFO - [2024-11-13T19:31:11.649+1100] {dag.py:4180} INFO - Setting next_dagrun for example_python_operator to None, run_after=None
[2024-11-13T19:31:11.657+1100] {processor.py:208} INFO - Processing /Users/yoonmoon/git/learn-airflow/airflow1/py_env/lib/python3.11/site-packages/airflow/example_dags/example_python_operator.py took 0.084 seconds
[2024-11-13T19:33:31.208+1100] {processor.py:186} INFO - Started process (PID=64344) to work on /Users/yoonmoon/git/learn-airflow/airflow1/py_env/lib/python3.11/site-packages/airflow/example_dags/example_python_operator.py
[2024-11-13T19:33:31.209+1100] {processor.py:914} INFO - Processing file /Users/yoonmoon/git/learn-airflow/airflow1/py_env/lib/python3.11/site-packages/airflow/example_dags/example_python_operator.py for tasks to queue
[2024-11-13T19:33:31.209+1100] {logging_mixin.py:190} INFO - [2024-11-13T19:33:31.209+1100] {dagbag.py:588} INFO - Filling up the DagBag from /Users/yoonmoon/git/learn-airflow/airflow1/py_env/lib/python3.11/site-packages/airflow/example_dags/example_python_operator.py
[2024-11-13T19:33:31.220+1100] {logging_mixin.py:190} INFO - [2024-11-13T19:33:31.220+1100] {example_python_operator.py:93} WARNING - The virtalenv_python example task requires virtualenv, please install it.
[2024-11-13T19:33:31.222+1100] {processor.py:925} INFO - DAG(s) 'example_python_operator' retrieved from /Users/yoonmoon/git/learn-airflow/airflow1/py_env/lib/python3.11/site-packages/airflow/example_dags/example_python_operator.py
[2024-11-13T19:33:31.286+1100] {logging_mixin.py:190} INFO - [2024-11-13T19:33:31.286+1100] {dag.py:3239} INFO - Sync 1 DAGs
[2024-11-13T19:33:31.290+1100] {logging_mixin.py:190} INFO - [2024-11-13T19:33:31.289+1100] {dag.py:4180} INFO - Setting next_dagrun for example_python_operator to None, run_after=None
[2024-11-13T19:33:31.297+1100] {processor.py:208} INFO - Processing /Users/yoonmoon/git/learn-airflow/airflow1/py_env/lib/python3.11/site-packages/airflow/example_dags/example_python_operator.py took 0.091 seconds
[2024-11-13T19:36:08.246+1100] {processor.py:186} INFO - Started process (PID=64843) to work on /Users/yoonmoon/git/learn-airflow/airflow1/py_env/lib/python3.11/site-packages/airflow/example_dags/example_python_operator.py
[2024-11-13T19:36:08.248+1100] {processor.py:914} INFO - Processing file /Users/yoonmoon/git/learn-airflow/airflow1/py_env/lib/python3.11/site-packages/airflow/example_dags/example_python_operator.py for tasks to queue
[2024-11-13T19:36:08.248+1100] {logging_mixin.py:190} INFO - [2024-11-13T19:36:08.248+1100] {dagbag.py:588} INFO - Filling up the DagBag from /Users/yoonmoon/git/learn-airflow/airflow1/py_env/lib/python3.11/site-packages/airflow/example_dags/example_python_operator.py
[2024-11-13T19:36:08.257+1100] {logging_mixin.py:190} INFO - [2024-11-13T19:36:08.257+1100] {example_python_operator.py:93} WARNING - The virtalenv_python example task requires virtualenv, please install it.
[2024-11-13T19:36:08.258+1100] {processor.py:925} INFO - DAG(s) 'example_python_operator' retrieved from /Users/yoonmoon/git/learn-airflow/airflow1/py_env/lib/python3.11/site-packages/airflow/example_dags/example_python_operator.py
[2024-11-13T19:36:08.316+1100] {logging_mixin.py:190} INFO - [2024-11-13T19:36:08.315+1100] {dag.py:3239} INFO - Sync 1 DAGs
[2024-11-13T19:36:08.319+1100] {logging_mixin.py:190} INFO - [2024-11-13T19:36:08.319+1100] {dag.py:4180} INFO - Setting next_dagrun for example_python_operator to None, run_after=None
[2024-11-13T19:36:08.326+1100] {processor.py:208} INFO - Processing /Users/yoonmoon/git/learn-airflow/airflow1/py_env/lib/python3.11/site-packages/airflow/example_dags/example_python_operator.py took 0.082 seconds
[2024-11-13T19:37:32.187+1100] {processor.py:186} INFO - Started process (PID=65012) to work on /Users/yoonmoon/git/learn-airflow/airflow1/py_env/lib/python3.11/site-packages/airflow/example_dags/example_python_operator.py
[2024-11-13T19:37:32.188+1100] {processor.py:914} INFO - Processing file /Users/yoonmoon/git/learn-airflow/airflow1/py_env/lib/python3.11/site-packages/airflow/example_dags/example_python_operator.py for tasks to queue
[2024-11-13T19:37:32.189+1100] {logging_mixin.py:190} INFO - [2024-11-13T19:37:32.189+1100] {dagbag.py:588} INFO - Filling up the DagBag from /Users/yoonmoon/git/learn-airflow/airflow1/py_env/lib/python3.11/site-packages/airflow/example_dags/example_python_operator.py
[2024-11-13T19:37:32.197+1100] {logging_mixin.py:190} INFO - [2024-11-13T19:37:32.197+1100] {example_python_operator.py:93} WARNING - The virtalenv_python example task requires virtualenv, please install it.
[2024-11-13T19:37:32.198+1100] {processor.py:925} INFO - DAG(s) 'example_python_operator' retrieved from /Users/yoonmoon/git/learn-airflow/airflow1/py_env/lib/python3.11/site-packages/airflow/example_dags/example_python_operator.py
[2024-11-13T19:37:32.261+1100] {logging_mixin.py:190} INFO - [2024-11-13T19:37:32.260+1100] {dag.py:3239} INFO - Sync 1 DAGs
[2024-11-13T19:37:32.264+1100] {logging_mixin.py:190} INFO - [2024-11-13T19:37:32.264+1100] {dag.py:4180} INFO - Setting next_dagrun for example_python_operator to None, run_after=None
[2024-11-13T19:37:32.271+1100] {processor.py:208} INFO - Processing /Users/yoonmoon/git/learn-airflow/airflow1/py_env/lib/python3.11/site-packages/airflow/example_dags/example_python_operator.py took 0.086 seconds
[2024-11-13T19:39:47.626+1100] {processor.py:186} INFO - Started process (PID=65286) to work on /Users/yoonmoon/git/learn-airflow/airflow1/py_env/lib/python3.11/site-packages/airflow/example_dags/example_python_operator.py
[2024-11-13T19:39:47.627+1100] {processor.py:914} INFO - Processing file /Users/yoonmoon/git/learn-airflow/airflow1/py_env/lib/python3.11/site-packages/airflow/example_dags/example_python_operator.py for tasks to queue
[2024-11-13T19:39:47.628+1100] {logging_mixin.py:190} INFO - [2024-11-13T19:39:47.627+1100] {dagbag.py:588} INFO - Filling up the DagBag from /Users/yoonmoon/git/learn-airflow/airflow1/py_env/lib/python3.11/site-packages/airflow/example_dags/example_python_operator.py
[2024-11-13T19:39:47.636+1100] {logging_mixin.py:190} INFO - [2024-11-13T19:39:47.636+1100] {example_python_operator.py:93} WARNING - The virtalenv_python example task requires virtualenv, please install it.
[2024-11-13T19:39:47.637+1100] {processor.py:925} INFO - DAG(s) 'example_python_operator' retrieved from /Users/yoonmoon/git/learn-airflow/airflow1/py_env/lib/python3.11/site-packages/airflow/example_dags/example_python_operator.py
[2024-11-13T19:39:47.696+1100] {logging_mixin.py:190} INFO - [2024-11-13T19:39:47.696+1100] {dag.py:3239} INFO - Sync 1 DAGs
[2024-11-13T19:39:47.699+1100] {logging_mixin.py:190} INFO - [2024-11-13T19:39:47.699+1100] {dag.py:4180} INFO - Setting next_dagrun for example_python_operator to None, run_after=None
[2024-11-13T19:39:47.707+1100] {processor.py:208} INFO - Processing /Users/yoonmoon/git/learn-airflow/airflow1/py_env/lib/python3.11/site-packages/airflow/example_dags/example_python_operator.py took 0.083 seconds
[2024-11-13T19:42:06.134+1100] {processor.py:186} INFO - Started process (PID=65588) to work on /Users/yoonmoon/git/learn-airflow/airflow1/py_env/lib/python3.11/site-packages/airflow/example_dags/example_python_operator.py
[2024-11-13T19:42:06.136+1100] {processor.py:914} INFO - Processing file /Users/yoonmoon/git/learn-airflow/airflow1/py_env/lib/python3.11/site-packages/airflow/example_dags/example_python_operator.py for tasks to queue
[2024-11-13T19:42:06.136+1100] {logging_mixin.py:190} INFO - [2024-11-13T19:42:06.136+1100] {dagbag.py:588} INFO - Filling up the DagBag from /Users/yoonmoon/git/learn-airflow/airflow1/py_env/lib/python3.11/site-packages/airflow/example_dags/example_python_operator.py
[2024-11-13T19:42:06.144+1100] {logging_mixin.py:190} INFO - [2024-11-13T19:42:06.144+1100] {example_python_operator.py:93} WARNING - The virtalenv_python example task requires virtualenv, please install it.
[2024-11-13T19:42:06.146+1100] {processor.py:925} INFO - DAG(s) 'example_python_operator' retrieved from /Users/yoonmoon/git/learn-airflow/airflow1/py_env/lib/python3.11/site-packages/airflow/example_dags/example_python_operator.py
[2024-11-13T19:42:06.204+1100] {logging_mixin.py:190} INFO - [2024-11-13T19:42:06.204+1100] {dag.py:3239} INFO - Sync 1 DAGs
[2024-11-13T19:42:06.207+1100] {logging_mixin.py:190} INFO - [2024-11-13T19:42:06.207+1100] {dag.py:4180} INFO - Setting next_dagrun for example_python_operator to None, run_after=None
[2024-11-13T19:42:06.216+1100] {processor.py:208} INFO - Processing /Users/yoonmoon/git/learn-airflow/airflow1/py_env/lib/python3.11/site-packages/airflow/example_dags/example_python_operator.py took 0.083 seconds
[2024-11-13T19:44:24.399+1100] {processor.py:186} INFO - Started process (PID=65858) to work on /Users/yoonmoon/git/learn-airflow/airflow1/py_env/lib/python3.11/site-packages/airflow/example_dags/example_python_operator.py
[2024-11-13T19:44:24.399+1100] {processor.py:914} INFO - Processing file /Users/yoonmoon/git/learn-airflow/airflow1/py_env/lib/python3.11/site-packages/airflow/example_dags/example_python_operator.py for tasks to queue
[2024-11-13T19:44:24.400+1100] {logging_mixin.py:190} INFO - [2024-11-13T19:44:24.400+1100] {dagbag.py:588} INFO - Filling up the DagBag from /Users/yoonmoon/git/learn-airflow/airflow1/py_env/lib/python3.11/site-packages/airflow/example_dags/example_python_operator.py
[2024-11-13T19:44:24.408+1100] {logging_mixin.py:190} INFO - [2024-11-13T19:44:24.408+1100] {example_python_operator.py:93} WARNING - The virtalenv_python example task requires virtualenv, please install it.
[2024-11-13T19:44:24.410+1100] {processor.py:925} INFO - DAG(s) 'example_python_operator' retrieved from /Users/yoonmoon/git/learn-airflow/airflow1/py_env/lib/python3.11/site-packages/airflow/example_dags/example_python_operator.py
[2024-11-13T19:44:24.469+1100] {logging_mixin.py:190} INFO - [2024-11-13T19:44:24.469+1100] {dag.py:3239} INFO - Sync 1 DAGs
[2024-11-13T19:44:24.472+1100] {logging_mixin.py:190} INFO - [2024-11-13T19:44:24.472+1100] {dag.py:4180} INFO - Setting next_dagrun for example_python_operator to None, run_after=None
[2024-11-13T19:44:24.479+1100] {processor.py:208} INFO - Processing /Users/yoonmoon/git/learn-airflow/airflow1/py_env/lib/python3.11/site-packages/airflow/example_dags/example_python_operator.py took 0.083 seconds
[2024-11-13T19:46:35.081+1100] {processor.py:186} INFO - Started process (PID=66108) to work on /Users/yoonmoon/git/learn-airflow/airflow1/py_env/lib/python3.11/site-packages/airflow/example_dags/example_python_operator.py
[2024-11-13T19:46:35.082+1100] {processor.py:914} INFO - Processing file /Users/yoonmoon/git/learn-airflow/airflow1/py_env/lib/python3.11/site-packages/airflow/example_dags/example_python_operator.py for tasks to queue
[2024-11-13T19:46:35.083+1100] {logging_mixin.py:190} INFO - [2024-11-13T19:46:35.083+1100] {dagbag.py:588} INFO - Filling up the DagBag from /Users/yoonmoon/git/learn-airflow/airflow1/py_env/lib/python3.11/site-packages/airflow/example_dags/example_python_operator.py
[2024-11-13T19:46:35.091+1100] {logging_mixin.py:190} INFO - [2024-11-13T19:46:35.091+1100] {example_python_operator.py:93} WARNING - The virtalenv_python example task requires virtualenv, please install it.
[2024-11-13T19:46:35.092+1100] {processor.py:925} INFO - DAG(s) 'example_python_operator' retrieved from /Users/yoonmoon/git/learn-airflow/airflow1/py_env/lib/python3.11/site-packages/airflow/example_dags/example_python_operator.py
[2024-11-13T19:46:35.150+1100] {logging_mixin.py:190} INFO - [2024-11-13T19:46:35.150+1100] {dag.py:3239} INFO - Sync 1 DAGs
[2024-11-13T19:46:35.154+1100] {logging_mixin.py:190} INFO - [2024-11-13T19:46:35.154+1100] {dag.py:4180} INFO - Setting next_dagrun for example_python_operator to None, run_after=None
[2024-11-13T19:46:35.161+1100] {processor.py:208} INFO - Processing /Users/yoonmoon/git/learn-airflow/airflow1/py_env/lib/python3.11/site-packages/airflow/example_dags/example_python_operator.py took 0.082 seconds
[2024-11-13T19:48:47.652+1100] {processor.py:186} INFO - Started process (PID=66350) to work on /Users/yoonmoon/git/learn-airflow/airflow1/py_env/lib/python3.11/site-packages/airflow/example_dags/example_python_operator.py
[2024-11-13T19:48:47.654+1100] {processor.py:914} INFO - Processing file /Users/yoonmoon/git/learn-airflow/airflow1/py_env/lib/python3.11/site-packages/airflow/example_dags/example_python_operator.py for tasks to queue
[2024-11-13T19:48:47.654+1100] {logging_mixin.py:190} INFO - [2024-11-13T19:48:47.654+1100] {dagbag.py:588} INFO - Filling up the DagBag from /Users/yoonmoon/git/learn-airflow/airflow1/py_env/lib/python3.11/site-packages/airflow/example_dags/example_python_operator.py
[2024-11-13T19:48:47.663+1100] {logging_mixin.py:190} INFO - [2024-11-13T19:48:47.662+1100] {example_python_operator.py:93} WARNING - The virtalenv_python example task requires virtualenv, please install it.
[2024-11-13T19:48:47.664+1100] {processor.py:925} INFO - DAG(s) 'example_python_operator' retrieved from /Users/yoonmoon/git/learn-airflow/airflow1/py_env/lib/python3.11/site-packages/airflow/example_dags/example_python_operator.py
[2024-11-13T19:48:47.723+1100] {logging_mixin.py:190} INFO - [2024-11-13T19:48:47.722+1100] {dag.py:3239} INFO - Sync 1 DAGs
[2024-11-13T19:48:47.726+1100] {logging_mixin.py:190} INFO - [2024-11-13T19:48:47.726+1100] {dag.py:4180} INFO - Setting next_dagrun for example_python_operator to None, run_after=None
[2024-11-13T19:48:47.733+1100] {processor.py:208} INFO - Processing /Users/yoonmoon/git/learn-airflow/airflow1/py_env/lib/python3.11/site-packages/airflow/example_dags/example_python_operator.py took 0.083 seconds
[2024-11-13T19:50:57.739+1100] {processor.py:186} INFO - Started process (PID=66588) to work on /Users/yoonmoon/git/learn-airflow/airflow1/py_env/lib/python3.11/site-packages/airflow/example_dags/example_python_operator.py
[2024-11-13T19:50:57.740+1100] {processor.py:914} INFO - Processing file /Users/yoonmoon/git/learn-airflow/airflow1/py_env/lib/python3.11/site-packages/airflow/example_dags/example_python_operator.py for tasks to queue
[2024-11-13T19:50:57.741+1100] {logging_mixin.py:190} INFO - [2024-11-13T19:50:57.741+1100] {dagbag.py:588} INFO - Filling up the DagBag from /Users/yoonmoon/git/learn-airflow/airflow1/py_env/lib/python3.11/site-packages/airflow/example_dags/example_python_operator.py
[2024-11-13T19:50:57.749+1100] {logging_mixin.py:190} INFO - [2024-11-13T19:50:57.749+1100] {example_python_operator.py:93} WARNING - The virtalenv_python example task requires virtualenv, please install it.
[2024-11-13T19:50:57.750+1100] {processor.py:925} INFO - DAG(s) 'example_python_operator' retrieved from /Users/yoonmoon/git/learn-airflow/airflow1/py_env/lib/python3.11/site-packages/airflow/example_dags/example_python_operator.py
[2024-11-13T19:50:57.808+1100] {logging_mixin.py:190} INFO - [2024-11-13T19:50:57.808+1100] {dag.py:3239} INFO - Sync 1 DAGs
[2024-11-13T19:50:57.812+1100] {logging_mixin.py:190} INFO - [2024-11-13T19:50:57.812+1100] {dag.py:4180} INFO - Setting next_dagrun for example_python_operator to None, run_after=None
[2024-11-13T19:50:57.819+1100] {processor.py:208} INFO - Processing /Users/yoonmoon/git/learn-airflow/airflow1/py_env/lib/python3.11/site-packages/airflow/example_dags/example_python_operator.py took 0.082 seconds
[2024-11-13T19:53:17.574+1100] {processor.py:186} INFO - Started process (PID=66838) to work on /Users/yoonmoon/git/learn-airflow/airflow1/py_env/lib/python3.11/site-packages/airflow/example_dags/example_python_operator.py
[2024-11-13T19:53:17.575+1100] {processor.py:914} INFO - Processing file /Users/yoonmoon/git/learn-airflow/airflow1/py_env/lib/python3.11/site-packages/airflow/example_dags/example_python_operator.py for tasks to queue
[2024-11-13T19:53:17.576+1100] {logging_mixin.py:190} INFO - [2024-11-13T19:53:17.576+1100] {dagbag.py:588} INFO - Filling up the DagBag from /Users/yoonmoon/git/learn-airflow/airflow1/py_env/lib/python3.11/site-packages/airflow/example_dags/example_python_operator.py
[2024-11-13T19:53:17.584+1100] {logging_mixin.py:190} INFO - [2024-11-13T19:53:17.584+1100] {example_python_operator.py:93} WARNING - The virtalenv_python example task requires virtualenv, please install it.
[2024-11-13T19:53:17.586+1100] {processor.py:925} INFO - DAG(s) 'example_python_operator' retrieved from /Users/yoonmoon/git/learn-airflow/airflow1/py_env/lib/python3.11/site-packages/airflow/example_dags/example_python_operator.py
[2024-11-13T19:53:17.644+1100] {logging_mixin.py:190} INFO - [2024-11-13T19:53:17.644+1100] {dag.py:3239} INFO - Sync 1 DAGs
[2024-11-13T19:53:17.647+1100] {logging_mixin.py:190} INFO - [2024-11-13T19:53:17.647+1100] {dag.py:4180} INFO - Setting next_dagrun for example_python_operator to None, run_after=None
[2024-11-13T19:53:17.655+1100] {processor.py:208} INFO - Processing /Users/yoonmoon/git/learn-airflow/airflow1/py_env/lib/python3.11/site-packages/airflow/example_dags/example_python_operator.py took 0.083 seconds
[2024-11-13T19:55:39.260+1100] {processor.py:186} INFO - Started process (PID=67127) to work on /Users/yoonmoon/git/learn-airflow/airflow1/py_env/lib/python3.11/site-packages/airflow/example_dags/example_python_operator.py
[2024-11-13T19:55:39.261+1100] {processor.py:914} INFO - Processing file /Users/yoonmoon/git/learn-airflow/airflow1/py_env/lib/python3.11/site-packages/airflow/example_dags/example_python_operator.py for tasks to queue
[2024-11-13T19:55:39.262+1100] {logging_mixin.py:190} INFO - [2024-11-13T19:55:39.262+1100] {dagbag.py:588} INFO - Filling up the DagBag from /Users/yoonmoon/git/learn-airflow/airflow1/py_env/lib/python3.11/site-packages/airflow/example_dags/example_python_operator.py
[2024-11-13T19:55:39.270+1100] {logging_mixin.py:190} INFO - [2024-11-13T19:55:39.270+1100] {example_python_operator.py:93} WARNING - The virtalenv_python example task requires virtualenv, please install it.
[2024-11-13T19:55:39.271+1100] {processor.py:925} INFO - DAG(s) 'example_python_operator' retrieved from /Users/yoonmoon/git/learn-airflow/airflow1/py_env/lib/python3.11/site-packages/airflow/example_dags/example_python_operator.py
[2024-11-13T19:55:39.329+1100] {logging_mixin.py:190} INFO - [2024-11-13T19:55:39.329+1100] {dag.py:3239} INFO - Sync 1 DAGs
[2024-11-13T19:55:39.332+1100] {logging_mixin.py:190} INFO - [2024-11-13T19:55:39.332+1100] {dag.py:4180} INFO - Setting next_dagrun for example_python_operator to None, run_after=None
[2024-11-13T19:55:39.340+1100] {processor.py:208} INFO - Processing /Users/yoonmoon/git/learn-airflow/airflow1/py_env/lib/python3.11/site-packages/airflow/example_dags/example_python_operator.py took 0.083 seconds
[2024-11-13T19:57:55.973+1100] {processor.py:186} INFO - Started process (PID=67379) to work on /Users/yoonmoon/git/learn-airflow/airflow1/py_env/lib/python3.11/site-packages/airflow/example_dags/example_python_operator.py
[2024-11-13T19:57:55.974+1100] {processor.py:914} INFO - Processing file /Users/yoonmoon/git/learn-airflow/airflow1/py_env/lib/python3.11/site-packages/airflow/example_dags/example_python_operator.py for tasks to queue
[2024-11-13T19:57:55.975+1100] {logging_mixin.py:190} INFO - [2024-11-13T19:57:55.974+1100] {dagbag.py:588} INFO - Filling up the DagBag from /Users/yoonmoon/git/learn-airflow/airflow1/py_env/lib/python3.11/site-packages/airflow/example_dags/example_python_operator.py
[2024-11-13T19:57:55.984+1100] {logging_mixin.py:190} INFO - [2024-11-13T19:57:55.984+1100] {example_python_operator.py:93} WARNING - The virtalenv_python example task requires virtualenv, please install it.
[2024-11-13T19:57:55.985+1100] {processor.py:925} INFO - DAG(s) 'example_python_operator' retrieved from /Users/yoonmoon/git/learn-airflow/airflow1/py_env/lib/python3.11/site-packages/airflow/example_dags/example_python_operator.py
[2024-11-13T19:57:56.043+1100] {logging_mixin.py:190} INFO - [2024-11-13T19:57:56.043+1100] {dag.py:3239} INFO - Sync 1 DAGs
[2024-11-13T19:57:56.046+1100] {logging_mixin.py:190} INFO - [2024-11-13T19:57:56.046+1100] {dag.py:4180} INFO - Setting next_dagrun for example_python_operator to None, run_after=None
[2024-11-13T19:57:56.054+1100] {processor.py:208} INFO - Processing /Users/yoonmoon/git/learn-airflow/airflow1/py_env/lib/python3.11/site-packages/airflow/example_dags/example_python_operator.py took 0.084 seconds
[2024-11-13T20:00:11.614+1100] {processor.py:186} INFO - Started process (PID=67625) to work on /Users/yoonmoon/git/learn-airflow/airflow1/py_env/lib/python3.11/site-packages/airflow/example_dags/example_python_operator.py
[2024-11-13T20:00:11.615+1100] {processor.py:914} INFO - Processing file /Users/yoonmoon/git/learn-airflow/airflow1/py_env/lib/python3.11/site-packages/airflow/example_dags/example_python_operator.py for tasks to queue
[2024-11-13T20:00:11.616+1100] {logging_mixin.py:190} INFO - [2024-11-13T20:00:11.616+1100] {dagbag.py:588} INFO - Filling up the DagBag from /Users/yoonmoon/git/learn-airflow/airflow1/py_env/lib/python3.11/site-packages/airflow/example_dags/example_python_operator.py
[2024-11-13T20:00:11.624+1100] {logging_mixin.py:190} INFO - [2024-11-13T20:00:11.624+1100] {example_python_operator.py:93} WARNING - The virtalenv_python example task requires virtualenv, please install it.
[2024-11-13T20:00:11.625+1100] {processor.py:925} INFO - DAG(s) 'example_python_operator' retrieved from /Users/yoonmoon/git/learn-airflow/airflow1/py_env/lib/python3.11/site-packages/airflow/example_dags/example_python_operator.py
[2024-11-13T20:00:11.683+1100] {logging_mixin.py:190} INFO - [2024-11-13T20:00:11.683+1100] {dag.py:3239} INFO - Sync 1 DAGs
[2024-11-13T20:00:11.686+1100] {logging_mixin.py:190} INFO - [2024-11-13T20:00:11.686+1100] {dag.py:4180} INFO - Setting next_dagrun for example_python_operator to None, run_after=None
[2024-11-13T20:00:11.693+1100] {processor.py:208} INFO - Processing /Users/yoonmoon/git/learn-airflow/airflow1/py_env/lib/python3.11/site-packages/airflow/example_dags/example_python_operator.py took 0.082 seconds
[2024-11-13T20:02:27.117+1100] {processor.py:186} INFO - Started process (PID=67871) to work on /Users/yoonmoon/git/learn-airflow/airflow1/py_env/lib/python3.11/site-packages/airflow/example_dags/example_python_operator.py
[2024-11-13T20:02:27.118+1100] {processor.py:914} INFO - Processing file /Users/yoonmoon/git/learn-airflow/airflow1/py_env/lib/python3.11/site-packages/airflow/example_dags/example_python_operator.py for tasks to queue
[2024-11-13T20:02:27.118+1100] {logging_mixin.py:190} INFO - [2024-11-13T20:02:27.118+1100] {dagbag.py:588} INFO - Filling up the DagBag from /Users/yoonmoon/git/learn-airflow/airflow1/py_env/lib/python3.11/site-packages/airflow/example_dags/example_python_operator.py
[2024-11-13T20:02:27.127+1100] {logging_mixin.py:190} INFO - [2024-11-13T20:02:27.127+1100] {example_python_operator.py:93} WARNING - The virtalenv_python example task requires virtualenv, please install it.
[2024-11-13T20:02:27.128+1100] {processor.py:925} INFO - DAG(s) 'example_python_operator' retrieved from /Users/yoonmoon/git/learn-airflow/airflow1/py_env/lib/python3.11/site-packages/airflow/example_dags/example_python_operator.py
[2024-11-13T20:02:27.186+1100] {logging_mixin.py:190} INFO - [2024-11-13T20:02:27.186+1100] {dag.py:3239} INFO - Sync 1 DAGs
[2024-11-13T20:02:27.190+1100] {logging_mixin.py:190} INFO - [2024-11-13T20:02:27.190+1100] {dag.py:4180} INFO - Setting next_dagrun for example_python_operator to None, run_after=None
[2024-11-13T20:02:27.197+1100] {processor.py:208} INFO - Processing /Users/yoonmoon/git/learn-airflow/airflow1/py_env/lib/python3.11/site-packages/airflow/example_dags/example_python_operator.py took 0.082 seconds
[2024-11-13T20:04:40.973+1100] {processor.py:186} INFO - Started process (PID=68113) to work on /Users/yoonmoon/git/learn-airflow/airflow1/py_env/lib/python3.11/site-packages/airflow/example_dags/example_python_operator.py
[2024-11-13T20:04:40.974+1100] {processor.py:914} INFO - Processing file /Users/yoonmoon/git/learn-airflow/airflow1/py_env/lib/python3.11/site-packages/airflow/example_dags/example_python_operator.py for tasks to queue
[2024-11-13T20:04:40.974+1100] {logging_mixin.py:190} INFO - [2024-11-13T20:04:40.974+1100] {dagbag.py:588} INFO - Filling up the DagBag from /Users/yoonmoon/git/learn-airflow/airflow1/py_env/lib/python3.11/site-packages/airflow/example_dags/example_python_operator.py
[2024-11-13T20:04:40.983+1100] {logging_mixin.py:190} INFO - [2024-11-13T20:04:40.982+1100] {example_python_operator.py:93} WARNING - The virtalenv_python example task requires virtualenv, please install it.
[2024-11-13T20:04:40.984+1100] {processor.py:925} INFO - DAG(s) 'example_python_operator' retrieved from /Users/yoonmoon/git/learn-airflow/airflow1/py_env/lib/python3.11/site-packages/airflow/example_dags/example_python_operator.py
[2024-11-13T20:04:41.042+1100] {logging_mixin.py:190} INFO - [2024-11-13T20:04:41.042+1100] {dag.py:3239} INFO - Sync 1 DAGs
[2024-11-13T20:04:41.045+1100] {logging_mixin.py:190} INFO - [2024-11-13T20:04:41.045+1100] {dag.py:4180} INFO - Setting next_dagrun for example_python_operator to None, run_after=None
[2024-11-13T20:04:41.053+1100] {processor.py:208} INFO - Processing /Users/yoonmoon/git/learn-airflow/airflow1/py_env/lib/python3.11/site-packages/airflow/example_dags/example_python_operator.py took 0.082 seconds
[2024-11-13T20:07:03.708+1100] {processor.py:186} INFO - Started process (PID=68404) to work on /Users/yoonmoon/git/learn-airflow/airflow1/py_env/lib/python3.11/site-packages/airflow/example_dags/example_python_operator.py
[2024-11-13T20:07:03.709+1100] {processor.py:914} INFO - Processing file /Users/yoonmoon/git/learn-airflow/airflow1/py_env/lib/python3.11/site-packages/airflow/example_dags/example_python_operator.py for tasks to queue
[2024-11-13T20:07:03.710+1100] {logging_mixin.py:190} INFO - [2024-11-13T20:07:03.710+1100] {dagbag.py:588} INFO - Filling up the DagBag from /Users/yoonmoon/git/learn-airflow/airflow1/py_env/lib/python3.11/site-packages/airflow/example_dags/example_python_operator.py
[2024-11-13T20:07:03.719+1100] {logging_mixin.py:190} INFO - [2024-11-13T20:07:03.719+1100] {example_python_operator.py:93} WARNING - The virtalenv_python example task requires virtualenv, please install it.
[2024-11-13T20:07:03.721+1100] {processor.py:925} INFO - DAG(s) 'example_python_operator' retrieved from /Users/yoonmoon/git/learn-airflow/airflow1/py_env/lib/python3.11/site-packages/airflow/example_dags/example_python_operator.py
[2024-11-13T20:07:03.787+1100] {logging_mixin.py:190} INFO - [2024-11-13T20:07:03.787+1100] {dag.py:3239} INFO - Sync 1 DAGs
[2024-11-13T20:07:03.791+1100] {logging_mixin.py:190} INFO - [2024-11-13T20:07:03.791+1100] {dag.py:4180} INFO - Setting next_dagrun for example_python_operator to None, run_after=None
[2024-11-13T20:07:03.799+1100] {processor.py:208} INFO - Processing /Users/yoonmoon/git/learn-airflow/airflow1/py_env/lib/python3.11/site-packages/airflow/example_dags/example_python_operator.py took 0.093 seconds
[2024-11-13T20:09:24.153+1100] {processor.py:186} INFO - Started process (PID=68675) to work on /Users/yoonmoon/git/learn-airflow/airflow1/py_env/lib/python3.11/site-packages/airflow/example_dags/example_python_operator.py
[2024-11-13T20:09:24.154+1100] {processor.py:914} INFO - Processing file /Users/yoonmoon/git/learn-airflow/airflow1/py_env/lib/python3.11/site-packages/airflow/example_dags/example_python_operator.py for tasks to queue
[2024-11-13T20:09:24.155+1100] {logging_mixin.py:190} INFO - [2024-11-13T20:09:24.154+1100] {dagbag.py:588} INFO - Filling up the DagBag from /Users/yoonmoon/git/learn-airflow/airflow1/py_env/lib/python3.11/site-packages/airflow/example_dags/example_python_operator.py
[2024-11-13T20:09:24.163+1100] {logging_mixin.py:190} INFO - [2024-11-13T20:09:24.163+1100] {example_python_operator.py:93} WARNING - The virtalenv_python example task requires virtualenv, please install it.
[2024-11-13T20:09:24.165+1100] {processor.py:925} INFO - DAG(s) 'example_python_operator' retrieved from /Users/yoonmoon/git/learn-airflow/airflow1/py_env/lib/python3.11/site-packages/airflow/example_dags/example_python_operator.py
[2024-11-13T20:09:24.236+1100] {logging_mixin.py:190} INFO - [2024-11-13T20:09:24.236+1100] {dag.py:3239} INFO - Sync 1 DAGs
[2024-11-13T20:09:24.240+1100] {logging_mixin.py:190} INFO - [2024-11-13T20:09:24.240+1100] {dag.py:4180} INFO - Setting next_dagrun for example_python_operator to None, run_after=None
[2024-11-13T20:09:24.250+1100] {processor.py:208} INFO - Processing /Users/yoonmoon/git/learn-airflow/airflow1/py_env/lib/python3.11/site-packages/airflow/example_dags/example_python_operator.py took 0.099 seconds
[2024-11-13T20:11:41.218+1100] {processor.py:186} INFO - Started process (PID=68948) to work on /Users/yoonmoon/git/learn-airflow/airflow1/py_env/lib/python3.11/site-packages/airflow/example_dags/example_python_operator.py
[2024-11-13T20:11:41.219+1100] {processor.py:914} INFO - Processing file /Users/yoonmoon/git/learn-airflow/airflow1/py_env/lib/python3.11/site-packages/airflow/example_dags/example_python_operator.py for tasks to queue
[2024-11-13T20:11:41.220+1100] {logging_mixin.py:190} INFO - [2024-11-13T20:11:41.219+1100] {dagbag.py:588} INFO - Filling up the DagBag from /Users/yoonmoon/git/learn-airflow/airflow1/py_env/lib/python3.11/site-packages/airflow/example_dags/example_python_operator.py
[2024-11-13T20:11:41.228+1100] {logging_mixin.py:190} INFO - [2024-11-13T20:11:41.228+1100] {example_python_operator.py:93} WARNING - The virtalenv_python example task requires virtualenv, please install it.
[2024-11-13T20:11:41.229+1100] {processor.py:925} INFO - DAG(s) 'example_python_operator' retrieved from /Users/yoonmoon/git/learn-airflow/airflow1/py_env/lib/python3.11/site-packages/airflow/example_dags/example_python_operator.py
[2024-11-13T20:11:41.290+1100] {logging_mixin.py:190} INFO - [2024-11-13T20:11:41.290+1100] {dag.py:3239} INFO - Sync 1 DAGs
[2024-11-13T20:11:41.294+1100] {logging_mixin.py:190} INFO - [2024-11-13T20:11:41.293+1100] {dag.py:4180} INFO - Setting next_dagrun for example_python_operator to None, run_after=None
[2024-11-13T20:11:41.301+1100] {processor.py:208} INFO - Processing /Users/yoonmoon/git/learn-airflow/airflow1/py_env/lib/python3.11/site-packages/airflow/example_dags/example_python_operator.py took 0.086 seconds
[2024-11-13T20:13:56.855+1100] {processor.py:186} INFO - Started process (PID=69205) to work on /Users/yoonmoon/git/learn-airflow/airflow1/py_env/lib/python3.11/site-packages/airflow/example_dags/example_python_operator.py
[2024-11-13T20:13:56.856+1100] {processor.py:914} INFO - Processing file /Users/yoonmoon/git/learn-airflow/airflow1/py_env/lib/python3.11/site-packages/airflow/example_dags/example_python_operator.py for tasks to queue
[2024-11-13T20:13:56.856+1100] {logging_mixin.py:190} INFO - [2024-11-13T20:13:56.856+1100] {dagbag.py:588} INFO - Filling up the DagBag from /Users/yoonmoon/git/learn-airflow/airflow1/py_env/lib/python3.11/site-packages/airflow/example_dags/example_python_operator.py
[2024-11-13T20:13:56.864+1100] {logging_mixin.py:190} INFO - [2024-11-13T20:13:56.864+1100] {example_python_operator.py:93} WARNING - The virtalenv_python example task requires virtualenv, please install it.
[2024-11-13T20:13:56.865+1100] {processor.py:925} INFO - DAG(s) 'example_python_operator' retrieved from /Users/yoonmoon/git/learn-airflow/airflow1/py_env/lib/python3.11/site-packages/airflow/example_dags/example_python_operator.py
[2024-11-13T20:13:56.925+1100] {logging_mixin.py:190} INFO - [2024-11-13T20:13:56.925+1100] {dag.py:3239} INFO - Sync 1 DAGs
[2024-11-13T20:13:56.929+1100] {logging_mixin.py:190} INFO - [2024-11-13T20:13:56.929+1100] {dag.py:4180} INFO - Setting next_dagrun for example_python_operator to None, run_after=None
[2024-11-13T20:13:56.936+1100] {processor.py:208} INFO - Processing /Users/yoonmoon/git/learn-airflow/airflow1/py_env/lib/python3.11/site-packages/airflow/example_dags/example_python_operator.py took 0.084 seconds
[2024-11-13T20:16:16.231+1100] {processor.py:186} INFO - Started process (PID=69452) to work on /Users/yoonmoon/git/learn-airflow/airflow1/py_env/lib/python3.11/site-packages/airflow/example_dags/example_python_operator.py
[2024-11-13T20:16:16.232+1100] {processor.py:914} INFO - Processing file /Users/yoonmoon/git/learn-airflow/airflow1/py_env/lib/python3.11/site-packages/airflow/example_dags/example_python_operator.py for tasks to queue
[2024-11-13T20:16:16.232+1100] {logging_mixin.py:190} INFO - [2024-11-13T20:16:16.232+1100] {dagbag.py:588} INFO - Filling up the DagBag from /Users/yoonmoon/git/learn-airflow/airflow1/py_env/lib/python3.11/site-packages/airflow/example_dags/example_python_operator.py
[2024-11-13T20:16:16.241+1100] {logging_mixin.py:190} INFO - [2024-11-13T20:16:16.241+1100] {example_python_operator.py:93} WARNING - The virtalenv_python example task requires virtualenv, please install it.
[2024-11-13T20:16:16.242+1100] {processor.py:925} INFO - DAG(s) 'example_python_operator' retrieved from /Users/yoonmoon/git/learn-airflow/airflow1/py_env/lib/python3.11/site-packages/airflow/example_dags/example_python_operator.py
[2024-11-13T20:16:16.302+1100] {logging_mixin.py:190} INFO - [2024-11-13T20:16:16.302+1100] {dag.py:3239} INFO - Sync 1 DAGs
[2024-11-13T20:16:16.306+1100] {logging_mixin.py:190} INFO - [2024-11-13T20:16:16.306+1100] {dag.py:4180} INFO - Setting next_dagrun for example_python_operator to None, run_after=None
[2024-11-13T20:16:16.313+1100] {processor.py:208} INFO - Processing /Users/yoonmoon/git/learn-airflow/airflow1/py_env/lib/python3.11/site-packages/airflow/example_dags/example_python_operator.py took 0.084 seconds
[2024-11-13T20:18:34.673+1100] {processor.py:186} INFO - Started process (PID=69716) to work on /Users/yoonmoon/git/learn-airflow/airflow1/py_env/lib/python3.11/site-packages/airflow/example_dags/example_python_operator.py
[2024-11-13T20:18:34.674+1100] {processor.py:914} INFO - Processing file /Users/yoonmoon/git/learn-airflow/airflow1/py_env/lib/python3.11/site-packages/airflow/example_dags/example_python_operator.py for tasks to queue
[2024-11-13T20:18:34.675+1100] {logging_mixin.py:190} INFO - [2024-11-13T20:18:34.675+1100] {dagbag.py:588} INFO - Filling up the DagBag from /Users/yoonmoon/git/learn-airflow/airflow1/py_env/lib/python3.11/site-packages/airflow/example_dags/example_python_operator.py
[2024-11-13T20:18:34.684+1100] {logging_mixin.py:190} INFO - [2024-11-13T20:18:34.684+1100] {example_python_operator.py:93} WARNING - The virtalenv_python example task requires virtualenv, please install it.
[2024-11-13T20:18:34.686+1100] {processor.py:925} INFO - DAG(s) 'example_python_operator' retrieved from /Users/yoonmoon/git/learn-airflow/airflow1/py_env/lib/python3.11/site-packages/airflow/example_dags/example_python_operator.py
[2024-11-13T20:18:34.753+1100] {logging_mixin.py:190} INFO - [2024-11-13T20:18:34.753+1100] {dag.py:3239} INFO - Sync 1 DAGs
[2024-11-13T20:18:34.756+1100] {logging_mixin.py:190} INFO - [2024-11-13T20:18:34.756+1100] {dag.py:4180} INFO - Setting next_dagrun for example_python_operator to None, run_after=None
[2024-11-13T20:18:34.764+1100] {processor.py:208} INFO - Processing /Users/yoonmoon/git/learn-airflow/airflow1/py_env/lib/python3.11/site-packages/airflow/example_dags/example_python_operator.py took 0.093 seconds
[2024-11-13T20:20:55.171+1100] {processor.py:186} INFO - Started process (PID=70078) to work on /Users/yoonmoon/git/learn-airflow/airflow1/py_env/lib/python3.11/site-packages/airflow/example_dags/example_python_operator.py
[2024-11-13T20:20:55.172+1100] {processor.py:914} INFO - Processing file /Users/yoonmoon/git/learn-airflow/airflow1/py_env/lib/python3.11/site-packages/airflow/example_dags/example_python_operator.py for tasks to queue
[2024-11-13T20:20:55.172+1100] {logging_mixin.py:190} INFO - [2024-11-13T20:20:55.172+1100] {dagbag.py:588} INFO - Filling up the DagBag from /Users/yoonmoon/git/learn-airflow/airflow1/py_env/lib/python3.11/site-packages/airflow/example_dags/example_python_operator.py
[2024-11-13T20:20:55.181+1100] {logging_mixin.py:190} INFO - [2024-11-13T20:20:55.181+1100] {example_python_operator.py:93} WARNING - The virtalenv_python example task requires virtualenv, please install it.
[2024-11-13T20:20:55.182+1100] {processor.py:925} INFO - DAG(s) 'example_python_operator' retrieved from /Users/yoonmoon/git/learn-airflow/airflow1/py_env/lib/python3.11/site-packages/airflow/example_dags/example_python_operator.py
[2024-11-13T20:20:55.241+1100] {logging_mixin.py:190} INFO - [2024-11-13T20:20:55.241+1100] {dag.py:3239} INFO - Sync 1 DAGs
[2024-11-13T20:20:55.244+1100] {logging_mixin.py:190} INFO - [2024-11-13T20:20:55.244+1100] {dag.py:4180} INFO - Setting next_dagrun for example_python_operator to None, run_after=None
[2024-11-13T20:20:55.252+1100] {processor.py:208} INFO - Processing /Users/yoonmoon/git/learn-airflow/airflow1/py_env/lib/python3.11/site-packages/airflow/example_dags/example_python_operator.py took 0.083 seconds
[2024-11-13T20:23:07.783+1100] {processor.py:186} INFO - Started process (PID=70349) to work on /Users/yoonmoon/git/learn-airflow/airflow1/py_env/lib/python3.11/site-packages/airflow/example_dags/example_python_operator.py
[2024-11-13T20:23:07.785+1100] {processor.py:914} INFO - Processing file /Users/yoonmoon/git/learn-airflow/airflow1/py_env/lib/python3.11/site-packages/airflow/example_dags/example_python_operator.py for tasks to queue
[2024-11-13T20:23:07.785+1100] {logging_mixin.py:190} INFO - [2024-11-13T20:23:07.785+1100] {dagbag.py:588} INFO - Filling up the DagBag from /Users/yoonmoon/git/learn-airflow/airflow1/py_env/lib/python3.11/site-packages/airflow/example_dags/example_python_operator.py
[2024-11-13T20:23:07.794+1100] {logging_mixin.py:190} INFO - [2024-11-13T20:23:07.794+1100] {example_python_operator.py:93} WARNING - The virtalenv_python example task requires virtualenv, please install it.
[2024-11-13T20:23:07.795+1100] {processor.py:925} INFO - DAG(s) 'example_python_operator' retrieved from /Users/yoonmoon/git/learn-airflow/airflow1/py_env/lib/python3.11/site-packages/airflow/example_dags/example_python_operator.py
[2024-11-13T20:23:07.854+1100] {logging_mixin.py:190} INFO - [2024-11-13T20:23:07.853+1100] {dag.py:3239} INFO - Sync 1 DAGs
[2024-11-13T20:23:07.857+1100] {logging_mixin.py:190} INFO - [2024-11-13T20:23:07.857+1100] {dag.py:4180} INFO - Setting next_dagrun for example_python_operator to None, run_after=None
[2024-11-13T20:23:07.865+1100] {processor.py:208} INFO - Processing /Users/yoonmoon/git/learn-airflow/airflow1/py_env/lib/python3.11/site-packages/airflow/example_dags/example_python_operator.py took 0.083 seconds
[2024-11-13T20:25:22.129+1100] {processor.py:186} INFO - Started process (PID=70607) to work on /Users/yoonmoon/git/learn-airflow/airflow1/py_env/lib/python3.11/site-packages/airflow/example_dags/example_python_operator.py
[2024-11-13T20:25:22.131+1100] {processor.py:914} INFO - Processing file /Users/yoonmoon/git/learn-airflow/airflow1/py_env/lib/python3.11/site-packages/airflow/example_dags/example_python_operator.py for tasks to queue
[2024-11-13T20:25:22.131+1100] {logging_mixin.py:190} INFO - [2024-11-13T20:25:22.131+1100] {dagbag.py:588} INFO - Filling up the DagBag from /Users/yoonmoon/git/learn-airflow/airflow1/py_env/lib/python3.11/site-packages/airflow/example_dags/example_python_operator.py
[2024-11-13T20:25:22.140+1100] {logging_mixin.py:190} INFO - [2024-11-13T20:25:22.140+1100] {example_python_operator.py:93} WARNING - The virtalenv_python example task requires virtualenv, please install it.
[2024-11-13T20:25:22.141+1100] {processor.py:925} INFO - DAG(s) 'example_python_operator' retrieved from /Users/yoonmoon/git/learn-airflow/airflow1/py_env/lib/python3.11/site-packages/airflow/example_dags/example_python_operator.py
[2024-11-13T20:25:22.200+1100] {logging_mixin.py:190} INFO - [2024-11-13T20:25:22.200+1100] {dag.py:3239} INFO - Sync 1 DAGs
[2024-11-13T20:25:22.204+1100] {logging_mixin.py:190} INFO - [2024-11-13T20:25:22.204+1100] {dag.py:4180} INFO - Setting next_dagrun for example_python_operator to None, run_after=None
[2024-11-13T20:25:22.212+1100] {processor.py:208} INFO - Processing /Users/yoonmoon/git/learn-airflow/airflow1/py_env/lib/python3.11/site-packages/airflow/example_dags/example_python_operator.py took 0.086 seconds
[2024-11-13T20:27:42.385+1100] {processor.py:186} INFO - Started process (PID=70890) to work on /Users/yoonmoon/git/learn-airflow/airflow1/py_env/lib/python3.11/site-packages/airflow/example_dags/example_python_operator.py
[2024-11-13T20:27:42.386+1100] {processor.py:914} INFO - Processing file /Users/yoonmoon/git/learn-airflow/airflow1/py_env/lib/python3.11/site-packages/airflow/example_dags/example_python_operator.py for tasks to queue
[2024-11-13T20:27:42.387+1100] {logging_mixin.py:190} INFO - [2024-11-13T20:27:42.387+1100] {dagbag.py:588} INFO - Filling up the DagBag from /Users/yoonmoon/git/learn-airflow/airflow1/py_env/lib/python3.11/site-packages/airflow/example_dags/example_python_operator.py
[2024-11-13T20:27:42.395+1100] {logging_mixin.py:190} INFO - [2024-11-13T20:27:42.395+1100] {example_python_operator.py:93} WARNING - The virtalenv_python example task requires virtualenv, please install it.
[2024-11-13T20:27:42.397+1100] {processor.py:925} INFO - DAG(s) 'example_python_operator' retrieved from /Users/yoonmoon/git/learn-airflow/airflow1/py_env/lib/python3.11/site-packages/airflow/example_dags/example_python_operator.py
[2024-11-13T20:27:42.456+1100] {logging_mixin.py:190} INFO - [2024-11-13T20:27:42.456+1100] {dag.py:3239} INFO - Sync 1 DAGs
[2024-11-13T20:27:42.460+1100] {logging_mixin.py:190} INFO - [2024-11-13T20:27:42.460+1100] {dag.py:4180} INFO - Setting next_dagrun for example_python_operator to None, run_after=None
[2024-11-13T20:27:42.468+1100] {processor.py:208} INFO - Processing /Users/yoonmoon/git/learn-airflow/airflow1/py_env/lib/python3.11/site-packages/airflow/example_dags/example_python_operator.py took 0.085 seconds
[2024-11-13T20:29:54.003+1100] {processor.py:186} INFO - Started process (PID=71157) to work on /Users/yoonmoon/git/learn-airflow/airflow1/py_env/lib/python3.11/site-packages/airflow/example_dags/example_python_operator.py
[2024-11-13T20:29:54.005+1100] {processor.py:914} INFO - Processing file /Users/yoonmoon/git/learn-airflow/airflow1/py_env/lib/python3.11/site-packages/airflow/example_dags/example_python_operator.py for tasks to queue
[2024-11-13T20:29:54.005+1100] {logging_mixin.py:190} INFO - [2024-11-13T20:29:54.005+1100] {dagbag.py:588} INFO - Filling up the DagBag from /Users/yoonmoon/git/learn-airflow/airflow1/py_env/lib/python3.11/site-packages/airflow/example_dags/example_python_operator.py
[2024-11-13T20:29:54.014+1100] {logging_mixin.py:190} INFO - [2024-11-13T20:29:54.014+1100] {example_python_operator.py:93} WARNING - The virtalenv_python example task requires virtualenv, please install it.
[2024-11-13T20:29:54.015+1100] {processor.py:925} INFO - DAG(s) 'example_python_operator' retrieved from /Users/yoonmoon/git/learn-airflow/airflow1/py_env/lib/python3.11/site-packages/airflow/example_dags/example_python_operator.py
[2024-11-13T20:29:54.073+1100] {logging_mixin.py:190} INFO - [2024-11-13T20:29:54.073+1100] {dag.py:3239} INFO - Sync 1 DAGs
[2024-11-13T20:29:54.076+1100] {logging_mixin.py:190} INFO - [2024-11-13T20:29:54.076+1100] {dag.py:4180} INFO - Setting next_dagrun for example_python_operator to None, run_after=None
[2024-11-13T20:29:54.084+1100] {processor.py:208} INFO - Processing /Users/yoonmoon/git/learn-airflow/airflow1/py_env/lib/python3.11/site-packages/airflow/example_dags/example_python_operator.py took 0.083 seconds
[2024-11-13T20:32:14.658+1100] {processor.py:186} INFO - Started process (PID=71411) to work on /Users/yoonmoon/git/learn-airflow/airflow1/py_env/lib/python3.11/site-packages/airflow/example_dags/example_python_operator.py
[2024-11-13T20:32:14.659+1100] {processor.py:914} INFO - Processing file /Users/yoonmoon/git/learn-airflow/airflow1/py_env/lib/python3.11/site-packages/airflow/example_dags/example_python_operator.py for tasks to queue
[2024-11-13T20:32:14.660+1100] {logging_mixin.py:190} INFO - [2024-11-13T20:32:14.660+1100] {dagbag.py:588} INFO - Filling up the DagBag from /Users/yoonmoon/git/learn-airflow/airflow1/py_env/lib/python3.11/site-packages/airflow/example_dags/example_python_operator.py
[2024-11-13T20:32:14.669+1100] {logging_mixin.py:190} INFO - [2024-11-13T20:32:14.669+1100] {example_python_operator.py:93} WARNING - The virtalenv_python example task requires virtualenv, please install it.
[2024-11-13T20:32:14.672+1100] {processor.py:925} INFO - DAG(s) 'example_python_operator' retrieved from /Users/yoonmoon/git/learn-airflow/airflow1/py_env/lib/python3.11/site-packages/airflow/example_dags/example_python_operator.py
[2024-11-13T20:32:14.734+1100] {logging_mixin.py:190} INFO - [2024-11-13T20:32:14.734+1100] {dag.py:3239} INFO - Sync 1 DAGs
[2024-11-13T20:32:14.737+1100] {logging_mixin.py:190} INFO - [2024-11-13T20:32:14.737+1100] {dag.py:4180} INFO - Setting next_dagrun for example_python_operator to None, run_after=None
[2024-11-13T20:32:14.744+1100] {processor.py:208} INFO - Processing /Users/yoonmoon/git/learn-airflow/airflow1/py_env/lib/python3.11/site-packages/airflow/example_dags/example_python_operator.py took 0.089 seconds
[2024-11-13T20:34:37.061+1100] {processor.py:186} INFO - Started process (PID=71671) to work on /Users/yoonmoon/git/learn-airflow/airflow1/py_env/lib/python3.11/site-packages/airflow/example_dags/example_python_operator.py
[2024-11-13T20:34:37.061+1100] {processor.py:914} INFO - Processing file /Users/yoonmoon/git/learn-airflow/airflow1/py_env/lib/python3.11/site-packages/airflow/example_dags/example_python_operator.py for tasks to queue
[2024-11-13T20:34:37.062+1100] {logging_mixin.py:190} INFO - [2024-11-13T20:34:37.062+1100] {dagbag.py:588} INFO - Filling up the DagBag from /Users/yoonmoon/git/learn-airflow/airflow1/py_env/lib/python3.11/site-packages/airflow/example_dags/example_python_operator.py
[2024-11-13T20:34:37.070+1100] {logging_mixin.py:190} INFO - [2024-11-13T20:34:37.070+1100] {example_python_operator.py:93} WARNING - The virtalenv_python example task requires virtualenv, please install it.
[2024-11-13T20:34:37.072+1100] {processor.py:925} INFO - DAG(s) 'example_python_operator' retrieved from /Users/yoonmoon/git/learn-airflow/airflow1/py_env/lib/python3.11/site-packages/airflow/example_dags/example_python_operator.py
[2024-11-13T20:34:37.132+1100] {logging_mixin.py:190} INFO - [2024-11-13T20:34:37.132+1100] {dag.py:3239} INFO - Sync 1 DAGs
[2024-11-13T20:34:37.135+1100] {logging_mixin.py:190} INFO - [2024-11-13T20:34:37.135+1100] {dag.py:4180} INFO - Setting next_dagrun for example_python_operator to None, run_after=None
[2024-11-13T20:34:37.142+1100] {processor.py:208} INFO - Processing /Users/yoonmoon/git/learn-airflow/airflow1/py_env/lib/python3.11/site-packages/airflow/example_dags/example_python_operator.py took 0.084 seconds
[2024-11-13T20:36:55.454+1100] {processor.py:186} INFO - Started process (PID=71952) to work on /Users/yoonmoon/git/learn-airflow/airflow1/py_env/lib/python3.11/site-packages/airflow/example_dags/example_python_operator.py
[2024-11-13T20:36:55.455+1100] {processor.py:914} INFO - Processing file /Users/yoonmoon/git/learn-airflow/airflow1/py_env/lib/python3.11/site-packages/airflow/example_dags/example_python_operator.py for tasks to queue
[2024-11-13T20:36:55.455+1100] {logging_mixin.py:190} INFO - [2024-11-13T20:36:55.455+1100] {dagbag.py:588} INFO - Filling up the DagBag from /Users/yoonmoon/git/learn-airflow/airflow1/py_env/lib/python3.11/site-packages/airflow/example_dags/example_python_operator.py
[2024-11-13T20:36:55.464+1100] {logging_mixin.py:190} INFO - [2024-11-13T20:36:55.464+1100] {example_python_operator.py:93} WARNING - The virtalenv_python example task requires virtualenv, please install it.
[2024-11-13T20:36:55.466+1100] {processor.py:925} INFO - DAG(s) 'example_python_operator' retrieved from /Users/yoonmoon/git/learn-airflow/airflow1/py_env/lib/python3.11/site-packages/airflow/example_dags/example_python_operator.py
[2024-11-13T20:36:55.524+1100] {logging_mixin.py:190} INFO - [2024-11-13T20:36:55.524+1100] {dag.py:3239} INFO - Sync 1 DAGs
[2024-11-13T20:36:55.528+1100] {logging_mixin.py:190} INFO - [2024-11-13T20:36:55.528+1100] {dag.py:4180} INFO - Setting next_dagrun for example_python_operator to None, run_after=None
[2024-11-13T20:36:55.534+1100] {processor.py:208} INFO - Processing /Users/yoonmoon/git/learn-airflow/airflow1/py_env/lib/python3.11/site-packages/airflow/example_dags/example_python_operator.py took 0.083 seconds
[2024-11-13T20:39:12.302+1100] {processor.py:186} INFO - Started process (PID=72240) to work on /Users/yoonmoon/git/learn-airflow/airflow1/py_env/lib/python3.11/site-packages/airflow/example_dags/example_python_operator.py
[2024-11-13T20:39:12.304+1100] {processor.py:914} INFO - Processing file /Users/yoonmoon/git/learn-airflow/airflow1/py_env/lib/python3.11/site-packages/airflow/example_dags/example_python_operator.py for tasks to queue
[2024-11-13T20:39:12.304+1100] {logging_mixin.py:190} INFO - [2024-11-13T20:39:12.304+1100] {dagbag.py:588} INFO - Filling up the DagBag from /Users/yoonmoon/git/learn-airflow/airflow1/py_env/lib/python3.11/site-packages/airflow/example_dags/example_python_operator.py
[2024-11-13T20:39:12.313+1100] {logging_mixin.py:190} INFO - [2024-11-13T20:39:12.313+1100] {example_python_operator.py:93} WARNING - The virtalenv_python example task requires virtualenv, please install it.
[2024-11-13T20:39:12.314+1100] {processor.py:925} INFO - DAG(s) 'example_python_operator' retrieved from /Users/yoonmoon/git/learn-airflow/airflow1/py_env/lib/python3.11/site-packages/airflow/example_dags/example_python_operator.py
[2024-11-13T20:39:12.373+1100] {logging_mixin.py:190} INFO - [2024-11-13T20:39:12.373+1100] {dag.py:3239} INFO - Sync 1 DAGs
[2024-11-13T20:39:12.376+1100] {logging_mixin.py:190} INFO - [2024-11-13T20:39:12.376+1100] {dag.py:4180} INFO - Setting next_dagrun for example_python_operator to None, run_after=None
[2024-11-13T20:39:12.384+1100] {processor.py:208} INFO - Processing /Users/yoonmoon/git/learn-airflow/airflow1/py_env/lib/python3.11/site-packages/airflow/example_dags/example_python_operator.py took 0.084 seconds
[2024-11-13T20:41:33.319+1100] {processor.py:186} INFO - Started process (PID=72500) to work on /Users/yoonmoon/git/learn-airflow/airflow1/py_env/lib/python3.11/site-packages/airflow/example_dags/example_python_operator.py
[2024-11-13T20:41:33.319+1100] {processor.py:914} INFO - Processing file /Users/yoonmoon/git/learn-airflow/airflow1/py_env/lib/python3.11/site-packages/airflow/example_dags/example_python_operator.py for tasks to queue
[2024-11-13T20:41:33.320+1100] {logging_mixin.py:190} INFO - [2024-11-13T20:41:33.320+1100] {dagbag.py:588} INFO - Filling up the DagBag from /Users/yoonmoon/git/learn-airflow/airflow1/py_env/lib/python3.11/site-packages/airflow/example_dags/example_python_operator.py
[2024-11-13T20:41:33.329+1100] {logging_mixin.py:190} INFO - [2024-11-13T20:41:33.329+1100] {example_python_operator.py:93} WARNING - The virtalenv_python example task requires virtualenv, please install it.
[2024-11-13T20:41:33.330+1100] {processor.py:925} INFO - DAG(s) 'example_python_operator' retrieved from /Users/yoonmoon/git/learn-airflow/airflow1/py_env/lib/python3.11/site-packages/airflow/example_dags/example_python_operator.py
[2024-11-13T20:41:33.389+1100] {logging_mixin.py:190} INFO - [2024-11-13T20:41:33.389+1100] {dag.py:3239} INFO - Sync 1 DAGs
[2024-11-13T20:41:33.393+1100] {logging_mixin.py:190} INFO - [2024-11-13T20:41:33.393+1100] {dag.py:4180} INFO - Setting next_dagrun for example_python_operator to None, run_after=None
[2024-11-13T20:41:33.400+1100] {processor.py:208} INFO - Processing /Users/yoonmoon/git/learn-airflow/airflow1/py_env/lib/python3.11/site-packages/airflow/example_dags/example_python_operator.py took 0.084 seconds
[2024-11-13T20:43:48.200+1100] {processor.py:186} INFO - Started process (PID=72748) to work on /Users/yoonmoon/git/learn-airflow/airflow1/py_env/lib/python3.11/site-packages/airflow/example_dags/example_python_operator.py
[2024-11-13T20:43:48.201+1100] {processor.py:914} INFO - Processing file /Users/yoonmoon/git/learn-airflow/airflow1/py_env/lib/python3.11/site-packages/airflow/example_dags/example_python_operator.py for tasks to queue
[2024-11-13T20:43:48.202+1100] {logging_mixin.py:190} INFO - [2024-11-13T20:43:48.202+1100] {dagbag.py:588} INFO - Filling up the DagBag from /Users/yoonmoon/git/learn-airflow/airflow1/py_env/lib/python3.11/site-packages/airflow/example_dags/example_python_operator.py
[2024-11-13T20:43:48.211+1100] {logging_mixin.py:190} INFO - [2024-11-13T20:43:48.211+1100] {example_python_operator.py:93} WARNING - The virtalenv_python example task requires virtualenv, please install it.
[2024-11-13T20:43:48.212+1100] {processor.py:925} INFO - DAG(s) 'example_python_operator' retrieved from /Users/yoonmoon/git/learn-airflow/airflow1/py_env/lib/python3.11/site-packages/airflow/example_dags/example_python_operator.py
[2024-11-13T20:43:48.271+1100] {logging_mixin.py:190} INFO - [2024-11-13T20:43:48.271+1100] {dag.py:3239} INFO - Sync 1 DAGs
[2024-11-13T20:43:48.274+1100] {logging_mixin.py:190} INFO - [2024-11-13T20:43:48.274+1100] {dag.py:4180} INFO - Setting next_dagrun for example_python_operator to None, run_after=None
[2024-11-13T20:43:48.282+1100] {processor.py:208} INFO - Processing /Users/yoonmoon/git/learn-airflow/airflow1/py_env/lib/python3.11/site-packages/airflow/example_dags/example_python_operator.py took 0.083 seconds
[2024-11-13T20:46:12.767+1100] {processor.py:186} INFO - Started process (PID=73023) to work on /Users/yoonmoon/git/learn-airflow/airflow1/py_env/lib/python3.11/site-packages/airflow/example_dags/example_python_operator.py
[2024-11-13T20:46:12.768+1100] {processor.py:914} INFO - Processing file /Users/yoonmoon/git/learn-airflow/airflow1/py_env/lib/python3.11/site-packages/airflow/example_dags/example_python_operator.py for tasks to queue
[2024-11-13T20:46:12.769+1100] {logging_mixin.py:190} INFO - [2024-11-13T20:46:12.769+1100] {dagbag.py:588} INFO - Filling up the DagBag from /Users/yoonmoon/git/learn-airflow/airflow1/py_env/lib/python3.11/site-packages/airflow/example_dags/example_python_operator.py
[2024-11-13T20:46:12.779+1100] {logging_mixin.py:190} INFO - [2024-11-13T20:46:12.778+1100] {example_python_operator.py:93} WARNING - The virtalenv_python example task requires virtualenv, please install it.
[2024-11-13T20:46:12.780+1100] {processor.py:925} INFO - DAG(s) 'example_python_operator' retrieved from /Users/yoonmoon/git/learn-airflow/airflow1/py_env/lib/python3.11/site-packages/airflow/example_dags/example_python_operator.py
[2024-11-13T20:46:12.843+1100] {logging_mixin.py:190} INFO - [2024-11-13T20:46:12.842+1100] {dag.py:3239} INFO - Sync 1 DAGs
[2024-11-13T20:46:12.846+1100] {logging_mixin.py:190} INFO - [2024-11-13T20:46:12.846+1100] {dag.py:4180} INFO - Setting next_dagrun for example_python_operator to None, run_after=None
[2024-11-13T20:46:12.854+1100] {processor.py:208} INFO - Processing /Users/yoonmoon/git/learn-airflow/airflow1/py_env/lib/python3.11/site-packages/airflow/example_dags/example_python_operator.py took 0.090 seconds
[2024-11-13T20:48:35.366+1100] {processor.py:186} INFO - Started process (PID=73308) to work on /Users/yoonmoon/git/learn-airflow/airflow1/py_env/lib/python3.11/site-packages/airflow/example_dags/example_python_operator.py
[2024-11-13T20:48:35.367+1100] {processor.py:914} INFO - Processing file /Users/yoonmoon/git/learn-airflow/airflow1/py_env/lib/python3.11/site-packages/airflow/example_dags/example_python_operator.py for tasks to queue
[2024-11-13T20:48:35.367+1100] {logging_mixin.py:190} INFO - [2024-11-13T20:48:35.367+1100] {dagbag.py:588} INFO - Filling up the DagBag from /Users/yoonmoon/git/learn-airflow/airflow1/py_env/lib/python3.11/site-packages/airflow/example_dags/example_python_operator.py
[2024-11-13T20:48:35.376+1100] {logging_mixin.py:190} INFO - [2024-11-13T20:48:35.376+1100] {example_python_operator.py:93} WARNING - The virtalenv_python example task requires virtualenv, please install it.
[2024-11-13T20:48:35.377+1100] {processor.py:925} INFO - DAG(s) 'example_python_operator' retrieved from /Users/yoonmoon/git/learn-airflow/airflow1/py_env/lib/python3.11/site-packages/airflow/example_dags/example_python_operator.py
[2024-11-13T20:48:35.436+1100] {logging_mixin.py:190} INFO - [2024-11-13T20:48:35.435+1100] {dag.py:3239} INFO - Sync 1 DAGs
[2024-11-13T20:48:35.439+1100] {logging_mixin.py:190} INFO - [2024-11-13T20:48:35.439+1100] {dag.py:4180} INFO - Setting next_dagrun for example_python_operator to None, run_after=None
[2024-11-13T20:48:35.447+1100] {processor.py:208} INFO - Processing /Users/yoonmoon/git/learn-airflow/airflow1/py_env/lib/python3.11/site-packages/airflow/example_dags/example_python_operator.py took 0.083 seconds
[2024-11-13T20:51:01.081+1100] {processor.py:186} INFO - Started process (PID=73576) to work on /Users/yoonmoon/git/learn-airflow/airflow1/py_env/lib/python3.11/site-packages/airflow/example_dags/example_python_operator.py
[2024-11-13T20:51:01.082+1100] {processor.py:914} INFO - Processing file /Users/yoonmoon/git/learn-airflow/airflow1/py_env/lib/python3.11/site-packages/airflow/example_dags/example_python_operator.py for tasks to queue
[2024-11-13T20:51:01.083+1100] {logging_mixin.py:190} INFO - [2024-11-13T20:51:01.083+1100] {dagbag.py:588} INFO - Filling up the DagBag from /Users/yoonmoon/git/learn-airflow/airflow1/py_env/lib/python3.11/site-packages/airflow/example_dags/example_python_operator.py
[2024-11-13T20:51:01.091+1100] {logging_mixin.py:190} INFO - [2024-11-13T20:51:01.091+1100] {example_python_operator.py:93} WARNING - The virtalenv_python example task requires virtualenv, please install it.
[2024-11-13T20:51:01.092+1100] {processor.py:925} INFO - DAG(s) 'example_python_operator' retrieved from /Users/yoonmoon/git/learn-airflow/airflow1/py_env/lib/python3.11/site-packages/airflow/example_dags/example_python_operator.py
[2024-11-13T20:51:01.151+1100] {logging_mixin.py:190} INFO - [2024-11-13T20:51:01.151+1100] {dag.py:3239} INFO - Sync 1 DAGs
[2024-11-13T20:51:01.154+1100] {logging_mixin.py:190} INFO - [2024-11-13T20:51:01.154+1100] {dag.py:4180} INFO - Setting next_dagrun for example_python_operator to None, run_after=None
[2024-11-13T20:51:01.162+1100] {processor.py:208} INFO - Processing /Users/yoonmoon/git/learn-airflow/airflow1/py_env/lib/python3.11/site-packages/airflow/example_dags/example_python_operator.py took 0.083 seconds
