[2024-11-13T19:30:06.501+1100] {processor.py:186} INFO - Started process (PID=63807) to work on /Users/yoonmoon/git/learn-airflow/airflow1/py_env/lib/python3.11/site-packages/airflow/example_dags/example_complex.py
[2024-11-13T19:30:06.502+1100] {processor.py:914} INFO - Processing file /Users/yoonmoon/git/learn-airflow/airflow1/py_env/lib/python3.11/site-packages/airflow/example_dags/example_complex.py for tasks to queue
[2024-11-13T19:30:06.502+1100] {logging_mixin.py:190} INFO - [2024-11-13T19:30:06.502+1100] {dagbag.py:588} INFO - Filling up the DagBag from /Users/yoonmoon/git/learn-airflow/airflow1/py_env/lib/python3.11/site-packages/airflow/example_dags/example_complex.py
[2024-11-13T19:30:06.508+1100] {processor.py:925} INFO - DAG(s) 'example_complex' retrieved from /Users/yoonmoon/git/learn-airflow/airflow1/py_env/lib/python3.11/site-packages/airflow/example_dags/example_complex.py
[2024-11-13T19:30:06.606+1100] {logging_mixin.py:190} INFO - [2024-11-13T19:30:06.605+1100] {override.py:1911} INFO - Created Permission View: can read on DAG:example_complex
[2024-11-13T19:30:06.609+1100] {logging_mixin.py:190} INFO - [2024-11-13T19:30:06.609+1100] {override.py:1911} INFO - Created Permission View: can delete on DAG:example_complex
[2024-11-13T19:30:06.611+1100] {logging_mixin.py:190} INFO - [2024-11-13T19:30:06.611+1100] {override.py:1911} INFO - Created Permission View: can edit on DAG:example_complex
[2024-11-13T19:30:06.613+1100] {logging_mixin.py:190} INFO - [2024-11-13T19:30:06.613+1100] {override.py:1911} INFO - Created Permission View: menu access on DAG Run:example_complex
[2024-11-13T19:30:06.615+1100] {logging_mixin.py:190} INFO - [2024-11-13T19:30:06.615+1100] {override.py:1911} INFO - Created Permission View: can create on DAG Run:example_complex
[2024-11-13T19:30:06.617+1100] {logging_mixin.py:190} INFO - [2024-11-13T19:30:06.617+1100] {override.py:1911} INFO - Created Permission View: can read on DAG Run:example_complex
[2024-11-13T19:30:06.619+1100] {logging_mixin.py:190} INFO - [2024-11-13T19:30:06.619+1100] {override.py:1911} INFO - Created Permission View: can delete on DAG Run:example_complex
[2024-11-13T19:30:06.619+1100] {logging_mixin.py:190} INFO - [2024-11-13T19:30:06.619+1100] {dag.py:3239} INFO - Sync 1 DAGs
[2024-11-13T19:30:06.623+1100] {logging_mixin.py:190} INFO - [2024-11-13T19:30:06.623+1100] {dag.py:3262} INFO - Creating ORM DAG for example_complex
[2024-11-13T19:30:06.623+1100] {logging_mixin.py:190} INFO - [2024-11-13T19:30:06.623+1100] {dag.py:4180} INFO - Setting next_dagrun for example_complex to None, run_after=None
[2024-11-13T19:30:06.629+1100] {processor.py:208} INFO - Processing /Users/yoonmoon/git/learn-airflow/airflow1/py_env/lib/python3.11/site-packages/airflow/example_dags/example_complex.py took 0.131 seconds
[2024-11-13T19:32:28.501+1100] {processor.py:186} INFO - Started process (PID=64185) to work on /Users/yoonmoon/git/learn-airflow/airflow1/py_env/lib/python3.11/site-packages/airflow/example_dags/example_complex.py
[2024-11-13T19:32:28.502+1100] {processor.py:914} INFO - Processing file /Users/yoonmoon/git/learn-airflow/airflow1/py_env/lib/python3.11/site-packages/airflow/example_dags/example_complex.py for tasks to queue
[2024-11-13T19:32:28.503+1100] {logging_mixin.py:190} INFO - [2024-11-13T19:32:28.502+1100] {dagbag.py:588} INFO - Filling up the DagBag from /Users/yoonmoon/git/learn-airflow/airflow1/py_env/lib/python3.11/site-packages/airflow/example_dags/example_complex.py
[2024-11-13T19:32:28.508+1100] {processor.py:925} INFO - DAG(s) 'example_complex' retrieved from /Users/yoonmoon/git/learn-airflow/airflow1/py_env/lib/python3.11/site-packages/airflow/example_dags/example_complex.py
[2024-11-13T19:32:28.571+1100] {logging_mixin.py:190} INFO - [2024-11-13T19:32:28.571+1100] {dag.py:3239} INFO - Sync 1 DAGs
[2024-11-13T19:32:28.574+1100] {logging_mixin.py:190} INFO - [2024-11-13T19:32:28.574+1100] {dag.py:4180} INFO - Setting next_dagrun for example_complex to None, run_after=None
[2024-11-13T19:32:28.581+1100] {processor.py:208} INFO - Processing /Users/yoonmoon/git/learn-airflow/airflow1/py_env/lib/python3.11/site-packages/airflow/example_dags/example_complex.py took 0.083 seconds
[2024-11-13T19:34:51.268+1100] {processor.py:186} INFO - Started process (PID=64672) to work on /Users/yoonmoon/git/learn-airflow/airflow1/py_env/lib/python3.11/site-packages/airflow/example_dags/example_complex.py
[2024-11-13T19:34:51.269+1100] {processor.py:914} INFO - Processing file /Users/yoonmoon/git/learn-airflow/airflow1/py_env/lib/python3.11/site-packages/airflow/example_dags/example_complex.py for tasks to queue
[2024-11-13T19:34:51.270+1100] {logging_mixin.py:190} INFO - [2024-11-13T19:34:51.269+1100] {dagbag.py:588} INFO - Filling up the DagBag from /Users/yoonmoon/git/learn-airflow/airflow1/py_env/lib/python3.11/site-packages/airflow/example_dags/example_complex.py
[2024-11-13T19:34:51.275+1100] {processor.py:925} INFO - DAG(s) 'example_complex' retrieved from /Users/yoonmoon/git/learn-airflow/airflow1/py_env/lib/python3.11/site-packages/airflow/example_dags/example_complex.py
[2024-11-13T19:34:51.346+1100] {logging_mixin.py:190} INFO - [2024-11-13T19:34:51.346+1100] {dag.py:3239} INFO - Sync 1 DAGs
[2024-11-13T19:34:51.350+1100] {logging_mixin.py:190} INFO - [2024-11-13T19:34:51.350+1100] {dag.py:4180} INFO - Setting next_dagrun for example_complex to None, run_after=None
[2024-11-13T19:34:51.357+1100] {processor.py:208} INFO - Processing /Users/yoonmoon/git/learn-airflow/airflow1/py_env/lib/python3.11/site-packages/airflow/example_dags/example_complex.py took 0.091 seconds
[2024-11-13T19:37:35.497+1100] {processor.py:186} INFO - Started process (PID=65021) to work on /Users/yoonmoon/git/learn-airflow/airflow1/py_env/lib/python3.11/site-packages/airflow/example_dags/example_complex.py
[2024-11-13T19:37:35.498+1100] {processor.py:914} INFO - Processing file /Users/yoonmoon/git/learn-airflow/airflow1/py_env/lib/python3.11/site-packages/airflow/example_dags/example_complex.py for tasks to queue
[2024-11-13T19:37:35.498+1100] {logging_mixin.py:190} INFO - [2024-11-13T19:37:35.498+1100] {dagbag.py:588} INFO - Filling up the DagBag from /Users/yoonmoon/git/learn-airflow/airflow1/py_env/lib/python3.11/site-packages/airflow/example_dags/example_complex.py
[2024-11-13T19:37:35.504+1100] {processor.py:925} INFO - DAG(s) 'example_complex' retrieved from /Users/yoonmoon/git/learn-airflow/airflow1/py_env/lib/python3.11/site-packages/airflow/example_dags/example_complex.py
[2024-11-13T19:37:35.569+1100] {logging_mixin.py:190} INFO - [2024-11-13T19:37:35.568+1100] {dag.py:3239} INFO - Sync 1 DAGs
[2024-11-13T19:37:35.572+1100] {logging_mixin.py:190} INFO - [2024-11-13T19:37:35.572+1100] {dag.py:4180} INFO - Setting next_dagrun for example_complex to None, run_after=None
[2024-11-13T19:37:35.579+1100] {processor.py:208} INFO - Processing /Users/yoonmoon/git/learn-airflow/airflow1/py_env/lib/python3.11/site-packages/airflow/example_dags/example_complex.py took 0.084 seconds
[2024-11-13T19:39:51.279+1100] {processor.py:186} INFO - Started process (PID=65292) to work on /Users/yoonmoon/git/learn-airflow/airflow1/py_env/lib/python3.11/site-packages/airflow/example_dags/example_complex.py
[2024-11-13T19:39:51.280+1100] {processor.py:914} INFO - Processing file /Users/yoonmoon/git/learn-airflow/airflow1/py_env/lib/python3.11/site-packages/airflow/example_dags/example_complex.py for tasks to queue
[2024-11-13T19:39:51.280+1100] {logging_mixin.py:190} INFO - [2024-11-13T19:39:51.280+1100] {dagbag.py:588} INFO - Filling up the DagBag from /Users/yoonmoon/git/learn-airflow/airflow1/py_env/lib/python3.11/site-packages/airflow/example_dags/example_complex.py
[2024-11-13T19:39:51.285+1100] {processor.py:925} INFO - DAG(s) 'example_complex' retrieved from /Users/yoonmoon/git/learn-airflow/airflow1/py_env/lib/python3.11/site-packages/airflow/example_dags/example_complex.py
[2024-11-13T19:39:51.348+1100] {logging_mixin.py:190} INFO - [2024-11-13T19:39:51.348+1100] {dag.py:3239} INFO - Sync 1 DAGs
[2024-11-13T19:39:51.351+1100] {logging_mixin.py:190} INFO - [2024-11-13T19:39:51.351+1100] {dag.py:4180} INFO - Setting next_dagrun for example_complex to None, run_after=None
[2024-11-13T19:39:51.358+1100] {processor.py:208} INFO - Processing /Users/yoonmoon/git/learn-airflow/airflow1/py_env/lib/python3.11/site-packages/airflow/example_dags/example_complex.py took 0.081 seconds
[2024-11-13T19:42:11.413+1100] {processor.py:186} INFO - Started process (PID=65596) to work on /Users/yoonmoon/git/learn-airflow/airflow1/py_env/lib/python3.11/site-packages/airflow/example_dags/example_complex.py
[2024-11-13T19:42:11.414+1100] {processor.py:914} INFO - Processing file /Users/yoonmoon/git/learn-airflow/airflow1/py_env/lib/python3.11/site-packages/airflow/example_dags/example_complex.py for tasks to queue
[2024-11-13T19:42:11.415+1100] {logging_mixin.py:190} INFO - [2024-11-13T19:42:11.414+1100] {dagbag.py:588} INFO - Filling up the DagBag from /Users/yoonmoon/git/learn-airflow/airflow1/py_env/lib/python3.11/site-packages/airflow/example_dags/example_complex.py
[2024-11-13T19:42:11.420+1100] {processor.py:925} INFO - DAG(s) 'example_complex' retrieved from /Users/yoonmoon/git/learn-airflow/airflow1/py_env/lib/python3.11/site-packages/airflow/example_dags/example_complex.py
[2024-11-13T19:42:11.482+1100] {logging_mixin.py:190} INFO - [2024-11-13T19:42:11.482+1100] {dag.py:3239} INFO - Sync 1 DAGs
[2024-11-13T19:42:11.485+1100] {logging_mixin.py:190} INFO - [2024-11-13T19:42:11.485+1100] {dag.py:4180} INFO - Setting next_dagrun for example_complex to None, run_after=None
[2024-11-13T19:42:11.492+1100] {processor.py:208} INFO - Processing /Users/yoonmoon/git/learn-airflow/airflow1/py_env/lib/python3.11/site-packages/airflow/example_dags/example_complex.py took 0.081 seconds
[2024-11-13T19:44:29.788+1100] {processor.py:186} INFO - Started process (PID=65866) to work on /Users/yoonmoon/git/learn-airflow/airflow1/py_env/lib/python3.11/site-packages/airflow/example_dags/example_complex.py
[2024-11-13T19:44:29.789+1100] {processor.py:914} INFO - Processing file /Users/yoonmoon/git/learn-airflow/airflow1/py_env/lib/python3.11/site-packages/airflow/example_dags/example_complex.py for tasks to queue
[2024-11-13T19:44:29.789+1100] {logging_mixin.py:190} INFO - [2024-11-13T19:44:29.789+1100] {dagbag.py:588} INFO - Filling up the DagBag from /Users/yoonmoon/git/learn-airflow/airflow1/py_env/lib/python3.11/site-packages/airflow/example_dags/example_complex.py
[2024-11-13T19:44:29.794+1100] {processor.py:925} INFO - DAG(s) 'example_complex' retrieved from /Users/yoonmoon/git/learn-airflow/airflow1/py_env/lib/python3.11/site-packages/airflow/example_dags/example_complex.py
[2024-11-13T19:44:29.857+1100] {logging_mixin.py:190} INFO - [2024-11-13T19:44:29.857+1100] {dag.py:3239} INFO - Sync 1 DAGs
[2024-11-13T19:44:29.861+1100] {logging_mixin.py:190} INFO - [2024-11-13T19:44:29.861+1100] {dag.py:4180} INFO - Setting next_dagrun for example_complex to None, run_after=None
[2024-11-13T19:44:29.868+1100] {processor.py:208} INFO - Processing /Users/yoonmoon/git/learn-airflow/airflow1/py_env/lib/python3.11/site-packages/airflow/example_dags/example_complex.py took 0.082 seconds
[2024-11-13T19:46:40.567+1100] {processor.py:186} INFO - Started process (PID=66116) to work on /Users/yoonmoon/git/learn-airflow/airflow1/py_env/lib/python3.11/site-packages/airflow/example_dags/example_complex.py
[2024-11-13T19:46:40.568+1100] {processor.py:914} INFO - Processing file /Users/yoonmoon/git/learn-airflow/airflow1/py_env/lib/python3.11/site-packages/airflow/example_dags/example_complex.py for tasks to queue
[2024-11-13T19:46:40.568+1100] {logging_mixin.py:190} INFO - [2024-11-13T19:46:40.568+1100] {dagbag.py:588} INFO - Filling up the DagBag from /Users/yoonmoon/git/learn-airflow/airflow1/py_env/lib/python3.11/site-packages/airflow/example_dags/example_complex.py
[2024-11-13T19:46:40.574+1100] {processor.py:925} INFO - DAG(s) 'example_complex' retrieved from /Users/yoonmoon/git/learn-airflow/airflow1/py_env/lib/python3.11/site-packages/airflow/example_dags/example_complex.py
[2024-11-13T19:46:40.638+1100] {logging_mixin.py:190} INFO - [2024-11-13T19:46:40.638+1100] {dag.py:3239} INFO - Sync 1 DAGs
[2024-11-13T19:46:40.642+1100] {logging_mixin.py:190} INFO - [2024-11-13T19:46:40.642+1100] {dag.py:4180} INFO - Setting next_dagrun for example_complex to None, run_after=None
[2024-11-13T19:46:40.648+1100] {processor.py:208} INFO - Processing /Users/yoonmoon/git/learn-airflow/airflow1/py_env/lib/python3.11/site-packages/airflow/example_dags/example_complex.py took 0.084 seconds
[2024-11-13T19:48:53.069+1100] {processor.py:186} INFO - Started process (PID=66358) to work on /Users/yoonmoon/git/learn-airflow/airflow1/py_env/lib/python3.11/site-packages/airflow/example_dags/example_complex.py
[2024-11-13T19:48:53.070+1100] {processor.py:914} INFO - Processing file /Users/yoonmoon/git/learn-airflow/airflow1/py_env/lib/python3.11/site-packages/airflow/example_dags/example_complex.py for tasks to queue
[2024-11-13T19:48:53.071+1100] {logging_mixin.py:190} INFO - [2024-11-13T19:48:53.070+1100] {dagbag.py:588} INFO - Filling up the DagBag from /Users/yoonmoon/git/learn-airflow/airflow1/py_env/lib/python3.11/site-packages/airflow/example_dags/example_complex.py
[2024-11-13T19:48:53.075+1100] {processor.py:925} INFO - DAG(s) 'example_complex' retrieved from /Users/yoonmoon/git/learn-airflow/airflow1/py_env/lib/python3.11/site-packages/airflow/example_dags/example_complex.py
[2024-11-13T19:48:53.138+1100] {logging_mixin.py:190} INFO - [2024-11-13T19:48:53.138+1100] {dag.py:3239} INFO - Sync 1 DAGs
[2024-11-13T19:48:53.142+1100] {logging_mixin.py:190} INFO - [2024-11-13T19:48:53.142+1100] {dag.py:4180} INFO - Setting next_dagrun for example_complex to None, run_after=None
[2024-11-13T19:48:53.149+1100] {processor.py:208} INFO - Processing /Users/yoonmoon/git/learn-airflow/airflow1/py_env/lib/python3.11/site-packages/airflow/example_dags/example_complex.py took 0.082 seconds
[2024-11-13T19:51:03.257+1100] {processor.py:186} INFO - Started process (PID=66596) to work on /Users/yoonmoon/git/learn-airflow/airflow1/py_env/lib/python3.11/site-packages/airflow/example_dags/example_complex.py
[2024-11-13T19:51:03.258+1100] {processor.py:914} INFO - Processing file /Users/yoonmoon/git/learn-airflow/airflow1/py_env/lib/python3.11/site-packages/airflow/example_dags/example_complex.py for tasks to queue
[2024-11-13T19:51:03.259+1100] {logging_mixin.py:190} INFO - [2024-11-13T19:51:03.258+1100] {dagbag.py:588} INFO - Filling up the DagBag from /Users/yoonmoon/git/learn-airflow/airflow1/py_env/lib/python3.11/site-packages/airflow/example_dags/example_complex.py
[2024-11-13T19:51:03.264+1100] {processor.py:925} INFO - DAG(s) 'example_complex' retrieved from /Users/yoonmoon/git/learn-airflow/airflow1/py_env/lib/python3.11/site-packages/airflow/example_dags/example_complex.py
[2024-11-13T19:51:03.330+1100] {logging_mixin.py:190} INFO - [2024-11-13T19:51:03.330+1100] {dag.py:3239} INFO - Sync 1 DAGs
[2024-11-13T19:51:03.335+1100] {logging_mixin.py:190} INFO - [2024-11-13T19:51:03.335+1100] {dag.py:4180} INFO - Setting next_dagrun for example_complex to None, run_after=None
[2024-11-13T19:51:03.343+1100] {processor.py:208} INFO - Processing /Users/yoonmoon/git/learn-airflow/airflow1/py_env/lib/python3.11/site-packages/airflow/example_dags/example_complex.py took 0.088 seconds
[2024-11-13T19:53:22.529+1100] {processor.py:186} INFO - Started process (PID=66846) to work on /Users/yoonmoon/git/learn-airflow/airflow1/py_env/lib/python3.11/site-packages/airflow/example_dags/example_complex.py
[2024-11-13T19:53:22.529+1100] {processor.py:914} INFO - Processing file /Users/yoonmoon/git/learn-airflow/airflow1/py_env/lib/python3.11/site-packages/airflow/example_dags/example_complex.py for tasks to queue
[2024-11-13T19:53:22.530+1100] {logging_mixin.py:190} INFO - [2024-11-13T19:53:22.530+1100] {dagbag.py:588} INFO - Filling up the DagBag from /Users/yoonmoon/git/learn-airflow/airflow1/py_env/lib/python3.11/site-packages/airflow/example_dags/example_complex.py
[2024-11-13T19:53:22.535+1100] {processor.py:925} INFO - DAG(s) 'example_complex' retrieved from /Users/yoonmoon/git/learn-airflow/airflow1/py_env/lib/python3.11/site-packages/airflow/example_dags/example_complex.py
[2024-11-13T19:53:22.598+1100] {logging_mixin.py:190} INFO - [2024-11-13T19:53:22.598+1100] {dag.py:3239} INFO - Sync 1 DAGs
[2024-11-13T19:53:22.601+1100] {logging_mixin.py:190} INFO - [2024-11-13T19:53:22.601+1100] {dag.py:4180} INFO - Setting next_dagrun for example_complex to None, run_after=None
[2024-11-13T19:53:22.608+1100] {processor.py:208} INFO - Processing /Users/yoonmoon/git/learn-airflow/airflow1/py_env/lib/python3.11/site-packages/airflow/example_dags/example_complex.py took 0.081 seconds
[2024-11-13T19:55:44.562+1100] {processor.py:186} INFO - Started process (PID=67137) to work on /Users/yoonmoon/git/learn-airflow/airflow1/py_env/lib/python3.11/site-packages/airflow/example_dags/example_complex.py
[2024-11-13T19:55:44.563+1100] {processor.py:914} INFO - Processing file /Users/yoonmoon/git/learn-airflow/airflow1/py_env/lib/python3.11/site-packages/airflow/example_dags/example_complex.py for tasks to queue
[2024-11-13T19:55:44.564+1100] {logging_mixin.py:190} INFO - [2024-11-13T19:55:44.563+1100] {dagbag.py:588} INFO - Filling up the DagBag from /Users/yoonmoon/git/learn-airflow/airflow1/py_env/lib/python3.11/site-packages/airflow/example_dags/example_complex.py
[2024-11-13T19:55:44.568+1100] {processor.py:925} INFO - DAG(s) 'example_complex' retrieved from /Users/yoonmoon/git/learn-airflow/airflow1/py_env/lib/python3.11/site-packages/airflow/example_dags/example_complex.py
[2024-11-13T19:55:44.631+1100] {logging_mixin.py:190} INFO - [2024-11-13T19:55:44.630+1100] {dag.py:3239} INFO - Sync 1 DAGs
[2024-11-13T19:55:44.634+1100] {logging_mixin.py:190} INFO - [2024-11-13T19:55:44.634+1100] {dag.py:4180} INFO - Setting next_dagrun for example_complex to None, run_after=None
[2024-11-13T19:55:44.641+1100] {processor.py:208} INFO - Processing /Users/yoonmoon/git/learn-airflow/airflow1/py_env/lib/python3.11/site-packages/airflow/example_dags/example_complex.py took 0.081 seconds
[2024-11-13T19:58:00.481+1100] {processor.py:186} INFO - Started process (PID=67387) to work on /Users/yoonmoon/git/learn-airflow/airflow1/py_env/lib/python3.11/site-packages/airflow/example_dags/example_complex.py
[2024-11-13T19:58:00.482+1100] {processor.py:914} INFO - Processing file /Users/yoonmoon/git/learn-airflow/airflow1/py_env/lib/python3.11/site-packages/airflow/example_dags/example_complex.py for tasks to queue
[2024-11-13T19:58:00.482+1100] {logging_mixin.py:190} INFO - [2024-11-13T19:58:00.482+1100] {dagbag.py:588} INFO - Filling up the DagBag from /Users/yoonmoon/git/learn-airflow/airflow1/py_env/lib/python3.11/site-packages/airflow/example_dags/example_complex.py
[2024-11-13T19:58:00.487+1100] {processor.py:925} INFO - DAG(s) 'example_complex' retrieved from /Users/yoonmoon/git/learn-airflow/airflow1/py_env/lib/python3.11/site-packages/airflow/example_dags/example_complex.py
[2024-11-13T19:58:00.550+1100] {logging_mixin.py:190} INFO - [2024-11-13T19:58:00.550+1100] {dag.py:3239} INFO - Sync 1 DAGs
[2024-11-13T19:58:00.554+1100] {logging_mixin.py:190} INFO - [2024-11-13T19:58:00.554+1100] {dag.py:4180} INFO - Setting next_dagrun for example_complex to None, run_after=None
[2024-11-13T19:58:00.560+1100] {processor.py:208} INFO - Processing /Users/yoonmoon/git/learn-airflow/airflow1/py_env/lib/python3.11/site-packages/airflow/example_dags/example_complex.py took 0.081 seconds
[2024-11-13T20:00:17.156+1100] {processor.py:186} INFO - Started process (PID=67635) to work on /Users/yoonmoon/git/learn-airflow/airflow1/py_env/lib/python3.11/site-packages/airflow/example_dags/example_complex.py
[2024-11-13T20:00:17.157+1100] {processor.py:914} INFO - Processing file /Users/yoonmoon/git/learn-airflow/airflow1/py_env/lib/python3.11/site-packages/airflow/example_dags/example_complex.py for tasks to queue
[2024-11-13T20:00:17.158+1100] {logging_mixin.py:190} INFO - [2024-11-13T20:00:17.157+1100] {dagbag.py:588} INFO - Filling up the DagBag from /Users/yoonmoon/git/learn-airflow/airflow1/py_env/lib/python3.11/site-packages/airflow/example_dags/example_complex.py
[2024-11-13T20:00:17.163+1100] {processor.py:925} INFO - DAG(s) 'example_complex' retrieved from /Users/yoonmoon/git/learn-airflow/airflow1/py_env/lib/python3.11/site-packages/airflow/example_dags/example_complex.py
[2024-11-13T20:00:17.227+1100] {logging_mixin.py:190} INFO - [2024-11-13T20:00:17.227+1100] {dag.py:3239} INFO - Sync 1 DAGs
[2024-11-13T20:00:17.230+1100] {logging_mixin.py:190} INFO - [2024-11-13T20:00:17.230+1100] {dag.py:4180} INFO - Setting next_dagrun for example_complex to None, run_after=None
[2024-11-13T20:00:17.237+1100] {processor.py:208} INFO - Processing /Users/yoonmoon/git/learn-airflow/airflow1/py_env/lib/python3.11/site-packages/airflow/example_dags/example_complex.py took 0.082 seconds
[2024-11-13T20:02:31.653+1100] {processor.py:186} INFO - Started process (PID=67879) to work on /Users/yoonmoon/git/learn-airflow/airflow1/py_env/lib/python3.11/site-packages/airflow/example_dags/example_complex.py
[2024-11-13T20:02:31.653+1100] {processor.py:914} INFO - Processing file /Users/yoonmoon/git/learn-airflow/airflow1/py_env/lib/python3.11/site-packages/airflow/example_dags/example_complex.py for tasks to queue
[2024-11-13T20:02:31.654+1100] {logging_mixin.py:190} INFO - [2024-11-13T20:02:31.654+1100] {dagbag.py:588} INFO - Filling up the DagBag from /Users/yoonmoon/git/learn-airflow/airflow1/py_env/lib/python3.11/site-packages/airflow/example_dags/example_complex.py
[2024-11-13T20:02:31.659+1100] {processor.py:925} INFO - DAG(s) 'example_complex' retrieved from /Users/yoonmoon/git/learn-airflow/airflow1/py_env/lib/python3.11/site-packages/airflow/example_dags/example_complex.py
[2024-11-13T20:02:31.727+1100] {logging_mixin.py:190} INFO - [2024-11-13T20:02:31.727+1100] {dag.py:3239} INFO - Sync 1 DAGs
[2024-11-13T20:02:31.731+1100] {logging_mixin.py:190} INFO - [2024-11-13T20:02:31.731+1100] {dag.py:4180} INFO - Setting next_dagrun for example_complex to None, run_after=None
[2024-11-13T20:02:31.738+1100] {processor.py:208} INFO - Processing /Users/yoonmoon/git/learn-airflow/airflow1/py_env/lib/python3.11/site-packages/airflow/example_dags/example_complex.py took 0.088 seconds
[2024-11-13T20:04:46.305+1100] {processor.py:186} INFO - Started process (PID=68123) to work on /Users/yoonmoon/git/learn-airflow/airflow1/py_env/lib/python3.11/site-packages/airflow/example_dags/example_complex.py
[2024-11-13T20:04:46.306+1100] {processor.py:914} INFO - Processing file /Users/yoonmoon/git/learn-airflow/airflow1/py_env/lib/python3.11/site-packages/airflow/example_dags/example_complex.py for tasks to queue
[2024-11-13T20:04:46.306+1100] {logging_mixin.py:190} INFO - [2024-11-13T20:04:46.306+1100] {dagbag.py:588} INFO - Filling up the DagBag from /Users/yoonmoon/git/learn-airflow/airflow1/py_env/lib/python3.11/site-packages/airflow/example_dags/example_complex.py
[2024-11-13T20:04:46.311+1100] {processor.py:925} INFO - DAG(s) 'example_complex' retrieved from /Users/yoonmoon/git/learn-airflow/airflow1/py_env/lib/python3.11/site-packages/airflow/example_dags/example_complex.py
[2024-11-13T20:04:46.375+1100] {logging_mixin.py:190} INFO - [2024-11-13T20:04:46.375+1100] {dag.py:3239} INFO - Sync 1 DAGs
[2024-11-13T20:04:46.378+1100] {logging_mixin.py:190} INFO - [2024-11-13T20:04:46.378+1100] {dag.py:4180} INFO - Setting next_dagrun for example_complex to None, run_after=None
[2024-11-13T20:04:46.385+1100] {processor.py:208} INFO - Processing /Users/yoonmoon/git/learn-airflow/airflow1/py_env/lib/python3.11/site-packages/airflow/example_dags/example_complex.py took 0.082 seconds
[2024-11-13T20:07:08.325+1100] {processor.py:186} INFO - Started process (PID=68419) to work on /Users/yoonmoon/git/learn-airflow/airflow1/py_env/lib/python3.11/site-packages/airflow/example_dags/example_complex.py
[2024-11-13T20:07:08.326+1100] {processor.py:914} INFO - Processing file /Users/yoonmoon/git/learn-airflow/airflow1/py_env/lib/python3.11/site-packages/airflow/example_dags/example_complex.py for tasks to queue
[2024-11-13T20:07:08.327+1100] {logging_mixin.py:190} INFO - [2024-11-13T20:07:08.327+1100] {dagbag.py:588} INFO - Filling up the DagBag from /Users/yoonmoon/git/learn-airflow/airflow1/py_env/lib/python3.11/site-packages/airflow/example_dags/example_complex.py
[2024-11-13T20:07:08.332+1100] {processor.py:925} INFO - DAG(s) 'example_complex' retrieved from /Users/yoonmoon/git/learn-airflow/airflow1/py_env/lib/python3.11/site-packages/airflow/example_dags/example_complex.py
[2024-11-13T20:07:08.397+1100] {logging_mixin.py:190} INFO - [2024-11-13T20:07:08.397+1100] {dag.py:3239} INFO - Sync 1 DAGs
[2024-11-13T20:07:08.401+1100] {logging_mixin.py:190} INFO - [2024-11-13T20:07:08.401+1100] {dag.py:4180} INFO - Setting next_dagrun for example_complex to None, run_after=None
[2024-11-13T20:07:08.408+1100] {processor.py:208} INFO - Processing /Users/yoonmoon/git/learn-airflow/airflow1/py_env/lib/python3.11/site-packages/airflow/example_dags/example_complex.py took 0.085 seconds
[2024-11-13T20:09:29.705+1100] {processor.py:186} INFO - Started process (PID=68685) to work on /Users/yoonmoon/git/learn-airflow/airflow1/py_env/lib/python3.11/site-packages/airflow/example_dags/example_complex.py
[2024-11-13T20:09:29.707+1100] {processor.py:914} INFO - Processing file /Users/yoonmoon/git/learn-airflow/airflow1/py_env/lib/python3.11/site-packages/airflow/example_dags/example_complex.py for tasks to queue
[2024-11-13T20:09:29.707+1100] {logging_mixin.py:190} INFO - [2024-11-13T20:09:29.707+1100] {dagbag.py:588} INFO - Filling up the DagBag from /Users/yoonmoon/git/learn-airflow/airflow1/py_env/lib/python3.11/site-packages/airflow/example_dags/example_complex.py
[2024-11-13T20:09:29.712+1100] {processor.py:925} INFO - DAG(s) 'example_complex' retrieved from /Users/yoonmoon/git/learn-airflow/airflow1/py_env/lib/python3.11/site-packages/airflow/example_dags/example_complex.py
[2024-11-13T20:09:29.777+1100] {logging_mixin.py:190} INFO - [2024-11-13T20:09:29.777+1100] {dag.py:3239} INFO - Sync 1 DAGs
[2024-11-13T20:09:29.780+1100] {logging_mixin.py:190} INFO - [2024-11-13T20:09:29.780+1100] {dag.py:4180} INFO - Setting next_dagrun for example_complex to None, run_after=None
[2024-11-13T20:09:29.787+1100] {processor.py:208} INFO - Processing /Users/yoonmoon/git/learn-airflow/airflow1/py_env/lib/python3.11/site-packages/airflow/example_dags/example_complex.py took 0.084 seconds
[2024-11-13T20:11:46.520+1100] {processor.py:186} INFO - Started process (PID=68958) to work on /Users/yoonmoon/git/learn-airflow/airflow1/py_env/lib/python3.11/site-packages/airflow/example_dags/example_complex.py
[2024-11-13T20:11:46.521+1100] {processor.py:914} INFO - Processing file /Users/yoonmoon/git/learn-airflow/airflow1/py_env/lib/python3.11/site-packages/airflow/example_dags/example_complex.py for tasks to queue
[2024-11-13T20:11:46.521+1100] {logging_mixin.py:190} INFO - [2024-11-13T20:11:46.521+1100] {dagbag.py:588} INFO - Filling up the DagBag from /Users/yoonmoon/git/learn-airflow/airflow1/py_env/lib/python3.11/site-packages/airflow/example_dags/example_complex.py
[2024-11-13T20:11:46.527+1100] {processor.py:925} INFO - DAG(s) 'example_complex' retrieved from /Users/yoonmoon/git/learn-airflow/airflow1/py_env/lib/python3.11/site-packages/airflow/example_dags/example_complex.py
[2024-11-13T20:11:46.593+1100] {logging_mixin.py:190} INFO - [2024-11-13T20:11:46.593+1100] {dag.py:3239} INFO - Sync 1 DAGs
[2024-11-13T20:11:46.597+1100] {logging_mixin.py:190} INFO - [2024-11-13T20:11:46.597+1100] {dag.py:4180} INFO - Setting next_dagrun for example_complex to None, run_after=None
[2024-11-13T20:11:46.607+1100] {processor.py:208} INFO - Processing /Users/yoonmoon/git/learn-airflow/airflow1/py_env/lib/python3.11/site-packages/airflow/example_dags/example_complex.py took 0.089 seconds
[2024-11-13T20:14:02.403+1100] {processor.py:186} INFO - Started process (PID=69213) to work on /Users/yoonmoon/git/learn-airflow/airflow1/py_env/lib/python3.11/site-packages/airflow/example_dags/example_complex.py
[2024-11-13T20:14:02.404+1100] {processor.py:914} INFO - Processing file /Users/yoonmoon/git/learn-airflow/airflow1/py_env/lib/python3.11/site-packages/airflow/example_dags/example_complex.py for tasks to queue
[2024-11-13T20:14:02.405+1100] {logging_mixin.py:190} INFO - [2024-11-13T20:14:02.404+1100] {dagbag.py:588} INFO - Filling up the DagBag from /Users/yoonmoon/git/learn-airflow/airflow1/py_env/lib/python3.11/site-packages/airflow/example_dags/example_complex.py
[2024-11-13T20:14:02.409+1100] {processor.py:925} INFO - DAG(s) 'example_complex' retrieved from /Users/yoonmoon/git/learn-airflow/airflow1/py_env/lib/python3.11/site-packages/airflow/example_dags/example_complex.py
[2024-11-13T20:14:02.474+1100] {logging_mixin.py:190} INFO - [2024-11-13T20:14:02.474+1100] {dag.py:3239} INFO - Sync 1 DAGs
[2024-11-13T20:14:02.478+1100] {logging_mixin.py:190} INFO - [2024-11-13T20:14:02.478+1100] {dag.py:4180} INFO - Setting next_dagrun for example_complex to None, run_after=None
[2024-11-13T20:14:02.485+1100] {processor.py:208} INFO - Processing /Users/yoonmoon/git/learn-airflow/airflow1/py_env/lib/python3.11/site-packages/airflow/example_dags/example_complex.py took 0.085 seconds
[2024-11-13T20:16:21.835+1100] {processor.py:186} INFO - Started process (PID=69462) to work on /Users/yoonmoon/git/learn-airflow/airflow1/py_env/lib/python3.11/site-packages/airflow/example_dags/example_complex.py
[2024-11-13T20:16:21.837+1100] {processor.py:914} INFO - Processing file /Users/yoonmoon/git/learn-airflow/airflow1/py_env/lib/python3.11/site-packages/airflow/example_dags/example_complex.py for tasks to queue
[2024-11-13T20:16:21.837+1100] {logging_mixin.py:190} INFO - [2024-11-13T20:16:21.837+1100] {dagbag.py:588} INFO - Filling up the DagBag from /Users/yoonmoon/git/learn-airflow/airflow1/py_env/lib/python3.11/site-packages/airflow/example_dags/example_complex.py
[2024-11-13T20:16:21.842+1100] {processor.py:925} INFO - DAG(s) 'example_complex' retrieved from /Users/yoonmoon/git/learn-airflow/airflow1/py_env/lib/python3.11/site-packages/airflow/example_dags/example_complex.py
[2024-11-13T20:16:21.907+1100] {logging_mixin.py:190} INFO - [2024-11-13T20:16:21.906+1100] {dag.py:3239} INFO - Sync 1 DAGs
[2024-11-13T20:16:21.910+1100] {logging_mixin.py:190} INFO - [2024-11-13T20:16:21.910+1100] {dag.py:4180} INFO - Setting next_dagrun for example_complex to None, run_after=None
[2024-11-13T20:16:21.917+1100] {processor.py:208} INFO - Processing /Users/yoonmoon/git/learn-airflow/airflow1/py_env/lib/python3.11/site-packages/airflow/example_dags/example_complex.py took 0.084 seconds
[2024-11-13T20:18:40.231+1100] {processor.py:186} INFO - Started process (PID=69727) to work on /Users/yoonmoon/git/learn-airflow/airflow1/py_env/lib/python3.11/site-packages/airflow/example_dags/example_complex.py
[2024-11-13T20:18:40.231+1100] {processor.py:914} INFO - Processing file /Users/yoonmoon/git/learn-airflow/airflow1/py_env/lib/python3.11/site-packages/airflow/example_dags/example_complex.py for tasks to queue
[2024-11-13T20:18:40.232+1100] {logging_mixin.py:190} INFO - [2024-11-13T20:18:40.232+1100] {dagbag.py:588} INFO - Filling up the DagBag from /Users/yoonmoon/git/learn-airflow/airflow1/py_env/lib/python3.11/site-packages/airflow/example_dags/example_complex.py
[2024-11-13T20:18:40.237+1100] {processor.py:925} INFO - DAG(s) 'example_complex' retrieved from /Users/yoonmoon/git/learn-airflow/airflow1/py_env/lib/python3.11/site-packages/airflow/example_dags/example_complex.py
[2024-11-13T20:18:40.302+1100] {logging_mixin.py:190} INFO - [2024-11-13T20:18:40.302+1100] {dag.py:3239} INFO - Sync 1 DAGs
[2024-11-13T20:18:40.306+1100] {logging_mixin.py:190} INFO - [2024-11-13T20:18:40.305+1100] {dag.py:4180} INFO - Setting next_dagrun for example_complex to None, run_after=None
[2024-11-13T20:18:40.313+1100] {processor.py:208} INFO - Processing /Users/yoonmoon/git/learn-airflow/airflow1/py_env/lib/python3.11/site-packages/airflow/example_dags/example_complex.py took 0.085 seconds
[2024-11-13T20:20:59.056+1100] {processor.py:186} INFO - Started process (PID=70089) to work on /Users/yoonmoon/git/learn-airflow/airflow1/py_env/lib/python3.11/site-packages/airflow/example_dags/example_complex.py
[2024-11-13T20:20:59.057+1100] {processor.py:914} INFO - Processing file /Users/yoonmoon/git/learn-airflow/airflow1/py_env/lib/python3.11/site-packages/airflow/example_dags/example_complex.py for tasks to queue
[2024-11-13T20:20:59.058+1100] {logging_mixin.py:190} INFO - [2024-11-13T20:20:59.057+1100] {dagbag.py:588} INFO - Filling up the DagBag from /Users/yoonmoon/git/learn-airflow/airflow1/py_env/lib/python3.11/site-packages/airflow/example_dags/example_complex.py
[2024-11-13T20:20:59.063+1100] {processor.py:925} INFO - DAG(s) 'example_complex' retrieved from /Users/yoonmoon/git/learn-airflow/airflow1/py_env/lib/python3.11/site-packages/airflow/example_dags/example_complex.py
[2024-11-13T20:20:59.131+1100] {logging_mixin.py:190} INFO - [2024-11-13T20:20:59.131+1100] {dag.py:3239} INFO - Sync 1 DAGs
[2024-11-13T20:20:59.135+1100] {logging_mixin.py:190} INFO - [2024-11-13T20:20:59.135+1100] {dag.py:4180} INFO - Setting next_dagrun for example_complex to None, run_after=None
[2024-11-13T20:20:59.143+1100] {processor.py:208} INFO - Processing /Users/yoonmoon/git/learn-airflow/airflow1/py_env/lib/python3.11/site-packages/airflow/example_dags/example_complex.py took 0.090 seconds
[2024-11-13T20:23:12.351+1100] {processor.py:186} INFO - Started process (PID=70357) to work on /Users/yoonmoon/git/learn-airflow/airflow1/py_env/lib/python3.11/site-packages/airflow/example_dags/example_complex.py
[2024-11-13T20:23:12.351+1100] {processor.py:914} INFO - Processing file /Users/yoonmoon/git/learn-airflow/airflow1/py_env/lib/python3.11/site-packages/airflow/example_dags/example_complex.py for tasks to queue
[2024-11-13T20:23:12.352+1100] {logging_mixin.py:190} INFO - [2024-11-13T20:23:12.352+1100] {dagbag.py:588} INFO - Filling up the DagBag from /Users/yoonmoon/git/learn-airflow/airflow1/py_env/lib/python3.11/site-packages/airflow/example_dags/example_complex.py
[2024-11-13T20:23:12.357+1100] {processor.py:925} INFO - DAG(s) 'example_complex' retrieved from /Users/yoonmoon/git/learn-airflow/airflow1/py_env/lib/python3.11/site-packages/airflow/example_dags/example_complex.py
[2024-11-13T20:23:12.421+1100] {logging_mixin.py:190} INFO - [2024-11-13T20:23:12.421+1100] {dag.py:3239} INFO - Sync 1 DAGs
[2024-11-13T20:23:12.424+1100] {logging_mixin.py:190} INFO - [2024-11-13T20:23:12.424+1100] {dag.py:4180} INFO - Setting next_dagrun for example_complex to None, run_after=None
[2024-11-13T20:23:12.431+1100] {processor.py:208} INFO - Processing /Users/yoonmoon/git/learn-airflow/airflow1/py_env/lib/python3.11/site-packages/airflow/example_dags/example_complex.py took 0.082 seconds
[2024-11-13T20:25:27.391+1100] {processor.py:186} INFO - Started process (PID=70617) to work on /Users/yoonmoon/git/learn-airflow/airflow1/py_env/lib/python3.11/site-packages/airflow/example_dags/example_complex.py
[2024-11-13T20:25:27.392+1100] {processor.py:914} INFO - Processing file /Users/yoonmoon/git/learn-airflow/airflow1/py_env/lib/python3.11/site-packages/airflow/example_dags/example_complex.py for tasks to queue
[2024-11-13T20:25:27.393+1100] {logging_mixin.py:190} INFO - [2024-11-13T20:25:27.393+1100] {dagbag.py:588} INFO - Filling up the DagBag from /Users/yoonmoon/git/learn-airflow/airflow1/py_env/lib/python3.11/site-packages/airflow/example_dags/example_complex.py
[2024-11-13T20:25:27.398+1100] {processor.py:925} INFO - DAG(s) 'example_complex' retrieved from /Users/yoonmoon/git/learn-airflow/airflow1/py_env/lib/python3.11/site-packages/airflow/example_dags/example_complex.py
[2024-11-13T20:25:27.463+1100] {logging_mixin.py:190} INFO - [2024-11-13T20:25:27.463+1100] {dag.py:3239} INFO - Sync 1 DAGs
[2024-11-13T20:25:27.466+1100] {logging_mixin.py:190} INFO - [2024-11-13T20:25:27.466+1100] {dag.py:4180} INFO - Setting next_dagrun for example_complex to None, run_after=None
[2024-11-13T20:25:27.473+1100] {processor.py:208} INFO - Processing /Users/yoonmoon/git/learn-airflow/airflow1/py_env/lib/python3.11/site-packages/airflow/example_dags/example_complex.py took 0.084 seconds
[2024-11-13T20:27:47.399+1100] {processor.py:186} INFO - Started process (PID=70900) to work on /Users/yoonmoon/git/learn-airflow/airflow1/py_env/lib/python3.11/site-packages/airflow/example_dags/example_complex.py
[2024-11-13T20:27:47.399+1100] {processor.py:914} INFO - Processing file /Users/yoonmoon/git/learn-airflow/airflow1/py_env/lib/python3.11/site-packages/airflow/example_dags/example_complex.py for tasks to queue
[2024-11-13T20:27:47.400+1100] {logging_mixin.py:190} INFO - [2024-11-13T20:27:47.400+1100] {dagbag.py:588} INFO - Filling up the DagBag from /Users/yoonmoon/git/learn-airflow/airflow1/py_env/lib/python3.11/site-packages/airflow/example_dags/example_complex.py
[2024-11-13T20:27:47.405+1100] {processor.py:925} INFO - DAG(s) 'example_complex' retrieved from /Users/yoonmoon/git/learn-airflow/airflow1/py_env/lib/python3.11/site-packages/airflow/example_dags/example_complex.py
[2024-11-13T20:27:47.473+1100] {logging_mixin.py:190} INFO - [2024-11-13T20:27:47.473+1100] {dag.py:3239} INFO - Sync 1 DAGs
[2024-11-13T20:27:47.477+1100] {logging_mixin.py:190} INFO - [2024-11-13T20:27:47.477+1100] {dag.py:4180} INFO - Setting next_dagrun for example_complex to None, run_after=None
[2024-11-13T20:27:47.484+1100] {processor.py:208} INFO - Processing /Users/yoonmoon/git/learn-airflow/airflow1/py_env/lib/python3.11/site-packages/airflow/example_dags/example_complex.py took 0.088 seconds
[2024-11-13T20:29:59.485+1100] {processor.py:186} INFO - Started process (PID=71167) to work on /Users/yoonmoon/git/learn-airflow/airflow1/py_env/lib/python3.11/site-packages/airflow/example_dags/example_complex.py
[2024-11-13T20:29:59.486+1100] {processor.py:914} INFO - Processing file /Users/yoonmoon/git/learn-airflow/airflow1/py_env/lib/python3.11/site-packages/airflow/example_dags/example_complex.py for tasks to queue
[2024-11-13T20:29:59.486+1100] {logging_mixin.py:190} INFO - [2024-11-13T20:29:59.486+1100] {dagbag.py:588} INFO - Filling up the DagBag from /Users/yoonmoon/git/learn-airflow/airflow1/py_env/lib/python3.11/site-packages/airflow/example_dags/example_complex.py
[2024-11-13T20:29:59.492+1100] {processor.py:925} INFO - DAG(s) 'example_complex' retrieved from /Users/yoonmoon/git/learn-airflow/airflow1/py_env/lib/python3.11/site-packages/airflow/example_dags/example_complex.py
[2024-11-13T20:29:59.557+1100] {logging_mixin.py:190} INFO - [2024-11-13T20:29:59.557+1100] {dag.py:3239} INFO - Sync 1 DAGs
[2024-11-13T20:29:59.561+1100] {logging_mixin.py:190} INFO - [2024-11-13T20:29:59.560+1100] {dag.py:4180} INFO - Setting next_dagrun for example_complex to None, run_after=None
[2024-11-13T20:29:59.567+1100] {processor.py:208} INFO - Processing /Users/yoonmoon/git/learn-airflow/airflow1/py_env/lib/python3.11/site-packages/airflow/example_dags/example_complex.py took 0.085 seconds
[2024-11-13T20:32:19.937+1100] {processor.py:186} INFO - Started process (PID=71421) to work on /Users/yoonmoon/git/learn-airflow/airflow1/py_env/lib/python3.11/site-packages/airflow/example_dags/example_complex.py
[2024-11-13T20:32:19.937+1100] {processor.py:914} INFO - Processing file /Users/yoonmoon/git/learn-airflow/airflow1/py_env/lib/python3.11/site-packages/airflow/example_dags/example_complex.py for tasks to queue
[2024-11-13T20:32:19.938+1100] {logging_mixin.py:190} INFO - [2024-11-13T20:32:19.938+1100] {dagbag.py:588} INFO - Filling up the DagBag from /Users/yoonmoon/git/learn-airflow/airflow1/py_env/lib/python3.11/site-packages/airflow/example_dags/example_complex.py
[2024-11-13T20:32:19.943+1100] {processor.py:925} INFO - DAG(s) 'example_complex' retrieved from /Users/yoonmoon/git/learn-airflow/airflow1/py_env/lib/python3.11/site-packages/airflow/example_dags/example_complex.py
[2024-11-13T20:32:20.006+1100] {logging_mixin.py:190} INFO - [2024-11-13T20:32:20.006+1100] {dag.py:3239} INFO - Sync 1 DAGs
[2024-11-13T20:32:20.009+1100] {logging_mixin.py:190} INFO - [2024-11-13T20:32:20.009+1100] {dag.py:4180} INFO - Setting next_dagrun for example_complex to None, run_after=None
[2024-11-13T20:32:20.016+1100] {processor.py:208} INFO - Processing /Users/yoonmoon/git/learn-airflow/airflow1/py_env/lib/python3.11/site-packages/airflow/example_dags/example_complex.py took 0.082 seconds
[2024-11-13T20:34:41.799+1100] {processor.py:186} INFO - Started process (PID=71679) to work on /Users/yoonmoon/git/learn-airflow/airflow1/py_env/lib/python3.11/site-packages/airflow/example_dags/example_complex.py
[2024-11-13T20:34:41.800+1100] {processor.py:914} INFO - Processing file /Users/yoonmoon/git/learn-airflow/airflow1/py_env/lib/python3.11/site-packages/airflow/example_dags/example_complex.py for tasks to queue
[2024-11-13T20:34:41.800+1100] {logging_mixin.py:190} INFO - [2024-11-13T20:34:41.800+1100] {dagbag.py:588} INFO - Filling up the DagBag from /Users/yoonmoon/git/learn-airflow/airflow1/py_env/lib/python3.11/site-packages/airflow/example_dags/example_complex.py
[2024-11-13T20:34:41.805+1100] {processor.py:925} INFO - DAG(s) 'example_complex' retrieved from /Users/yoonmoon/git/learn-airflow/airflow1/py_env/lib/python3.11/site-packages/airflow/example_dags/example_complex.py
[2024-11-13T20:34:41.870+1100] {logging_mixin.py:190} INFO - [2024-11-13T20:34:41.870+1100] {dag.py:3239} INFO - Sync 1 DAGs
[2024-11-13T20:34:41.873+1100] {logging_mixin.py:190} INFO - [2024-11-13T20:34:41.873+1100] {dag.py:4180} INFO - Setting next_dagrun for example_complex to None, run_after=None
[2024-11-13T20:34:41.880+1100] {processor.py:208} INFO - Processing /Users/yoonmoon/git/learn-airflow/airflow1/py_env/lib/python3.11/site-packages/airflow/example_dags/example_complex.py took 0.083 seconds
[2024-11-13T20:37:00.495+1100] {processor.py:186} INFO - Started process (PID=71966) to work on /Users/yoonmoon/git/learn-airflow/airflow1/py_env/lib/python3.11/site-packages/airflow/example_dags/example_complex.py
[2024-11-13T20:37:00.496+1100] {processor.py:914} INFO - Processing file /Users/yoonmoon/git/learn-airflow/airflow1/py_env/lib/python3.11/site-packages/airflow/example_dags/example_complex.py for tasks to queue
[2024-11-13T20:37:00.496+1100] {logging_mixin.py:190} INFO - [2024-11-13T20:37:00.496+1100] {dagbag.py:588} INFO - Filling up the DagBag from /Users/yoonmoon/git/learn-airflow/airflow1/py_env/lib/python3.11/site-packages/airflow/example_dags/example_complex.py
[2024-11-13T20:37:00.501+1100] {processor.py:925} INFO - DAG(s) 'example_complex' retrieved from /Users/yoonmoon/git/learn-airflow/airflow1/py_env/lib/python3.11/site-packages/airflow/example_dags/example_complex.py
[2024-11-13T20:37:00.565+1100] {logging_mixin.py:190} INFO - [2024-11-13T20:37:00.565+1100] {dag.py:3239} INFO - Sync 1 DAGs
[2024-11-13T20:37:00.568+1100] {logging_mixin.py:190} INFO - [2024-11-13T20:37:00.568+1100] {dag.py:4180} INFO - Setting next_dagrun for example_complex to None, run_after=None
[2024-11-13T20:37:00.575+1100] {processor.py:208} INFO - Processing /Users/yoonmoon/git/learn-airflow/airflow1/py_env/lib/python3.11/site-packages/airflow/example_dags/example_complex.py took 0.083 seconds
[2024-11-13T20:39:17.654+1100] {processor.py:186} INFO - Started process (PID=72250) to work on /Users/yoonmoon/git/learn-airflow/airflow1/py_env/lib/python3.11/site-packages/airflow/example_dags/example_complex.py
[2024-11-13T20:39:17.655+1100] {processor.py:914} INFO - Processing file /Users/yoonmoon/git/learn-airflow/airflow1/py_env/lib/python3.11/site-packages/airflow/example_dags/example_complex.py for tasks to queue
[2024-11-13T20:39:17.655+1100] {logging_mixin.py:190} INFO - [2024-11-13T20:39:17.655+1100] {dagbag.py:588} INFO - Filling up the DagBag from /Users/yoonmoon/git/learn-airflow/airflow1/py_env/lib/python3.11/site-packages/airflow/example_dags/example_complex.py
[2024-11-13T20:39:17.661+1100] {processor.py:925} INFO - DAG(s) 'example_complex' retrieved from /Users/yoonmoon/git/learn-airflow/airflow1/py_env/lib/python3.11/site-packages/airflow/example_dags/example_complex.py
[2024-11-13T20:39:17.725+1100] {logging_mixin.py:190} INFO - [2024-11-13T20:39:17.725+1100] {dag.py:3239} INFO - Sync 1 DAGs
[2024-11-13T20:39:17.729+1100] {logging_mixin.py:190} INFO - [2024-11-13T20:39:17.729+1100] {dag.py:4180} INFO - Setting next_dagrun for example_complex to None, run_after=None
[2024-11-13T20:39:17.736+1100] {processor.py:208} INFO - Processing /Users/yoonmoon/git/learn-airflow/airflow1/py_env/lib/python3.11/site-packages/airflow/example_dags/example_complex.py took 0.085 seconds
[2024-11-13T20:41:40.066+1100] {processor.py:186} INFO - Started process (PID=72512) to work on /Users/yoonmoon/git/learn-airflow/airflow1/py_env/lib/python3.11/site-packages/airflow/example_dags/example_complex.py
[2024-11-13T20:41:40.067+1100] {processor.py:914} INFO - Processing file /Users/yoonmoon/git/learn-airflow/airflow1/py_env/lib/python3.11/site-packages/airflow/example_dags/example_complex.py for tasks to queue
[2024-11-13T20:41:40.067+1100] {logging_mixin.py:190} INFO - [2024-11-13T20:41:40.067+1100] {dagbag.py:588} INFO - Filling up the DagBag from /Users/yoonmoon/git/learn-airflow/airflow1/py_env/lib/python3.11/site-packages/airflow/example_dags/example_complex.py
[2024-11-13T20:41:40.073+1100] {processor.py:925} INFO - DAG(s) 'example_complex' retrieved from /Users/yoonmoon/git/learn-airflow/airflow1/py_env/lib/python3.11/site-packages/airflow/example_dags/example_complex.py
[2024-11-13T20:41:40.136+1100] {logging_mixin.py:190} INFO - [2024-11-13T20:41:40.136+1100] {dag.py:3239} INFO - Sync 1 DAGs
[2024-11-13T20:41:40.139+1100] {logging_mixin.py:190} INFO - [2024-11-13T20:41:40.139+1100] {dag.py:4180} INFO - Setting next_dagrun for example_complex to None, run_after=None
[2024-11-13T20:41:40.146+1100] {processor.py:208} INFO - Processing /Users/yoonmoon/git/learn-airflow/airflow1/py_env/lib/python3.11/site-packages/airflow/example_dags/example_complex.py took 0.082 seconds
[2024-11-13T20:43:55.683+1100] {processor.py:186} INFO - Started process (PID=72760) to work on /Users/yoonmoon/git/learn-airflow/airflow1/py_env/lib/python3.11/site-packages/airflow/example_dags/example_complex.py
[2024-11-13T20:43:55.684+1100] {processor.py:914} INFO - Processing file /Users/yoonmoon/git/learn-airflow/airflow1/py_env/lib/python3.11/site-packages/airflow/example_dags/example_complex.py for tasks to queue
[2024-11-13T20:43:55.685+1100] {logging_mixin.py:190} INFO - [2024-11-13T20:43:55.684+1100] {dagbag.py:588} INFO - Filling up the DagBag from /Users/yoonmoon/git/learn-airflow/airflow1/py_env/lib/python3.11/site-packages/airflow/example_dags/example_complex.py
[2024-11-13T20:43:55.689+1100] {processor.py:925} INFO - DAG(s) 'example_complex' retrieved from /Users/yoonmoon/git/learn-airflow/airflow1/py_env/lib/python3.11/site-packages/airflow/example_dags/example_complex.py
[2024-11-13T20:43:55.754+1100] {logging_mixin.py:190} INFO - [2024-11-13T20:43:55.754+1100] {dag.py:3239} INFO - Sync 1 DAGs
[2024-11-13T20:43:55.757+1100] {logging_mixin.py:190} INFO - [2024-11-13T20:43:55.757+1100] {dag.py:4180} INFO - Setting next_dagrun for example_complex to None, run_after=None
[2024-11-13T20:43:55.764+1100] {processor.py:208} INFO - Processing /Users/yoonmoon/git/learn-airflow/airflow1/py_env/lib/python3.11/site-packages/airflow/example_dags/example_complex.py took 0.083 seconds
[2024-11-13T20:46:19.885+1100] {processor.py:186} INFO - Started process (PID=73037) to work on /Users/yoonmoon/git/learn-airflow/airflow1/py_env/lib/python3.11/site-packages/airflow/example_dags/example_complex.py
[2024-11-13T20:46:19.886+1100] {processor.py:914} INFO - Processing file /Users/yoonmoon/git/learn-airflow/airflow1/py_env/lib/python3.11/site-packages/airflow/example_dags/example_complex.py for tasks to queue
[2024-11-13T20:46:19.886+1100] {logging_mixin.py:190} INFO - [2024-11-13T20:46:19.886+1100] {dagbag.py:588} INFO - Filling up the DagBag from /Users/yoonmoon/git/learn-airflow/airflow1/py_env/lib/python3.11/site-packages/airflow/example_dags/example_complex.py
[2024-11-13T20:46:19.891+1100] {processor.py:925} INFO - DAG(s) 'example_complex' retrieved from /Users/yoonmoon/git/learn-airflow/airflow1/py_env/lib/python3.11/site-packages/airflow/example_dags/example_complex.py
[2024-11-13T20:46:19.956+1100] {logging_mixin.py:190} INFO - [2024-11-13T20:46:19.956+1100] {dag.py:3239} INFO - Sync 1 DAGs
[2024-11-13T20:46:19.960+1100] {logging_mixin.py:190} INFO - [2024-11-13T20:46:19.959+1100] {dag.py:4180} INFO - Setting next_dagrun for example_complex to None, run_after=None
[2024-11-13T20:46:19.966+1100] {processor.py:208} INFO - Processing /Users/yoonmoon/git/learn-airflow/airflow1/py_env/lib/python3.11/site-packages/airflow/example_dags/example_complex.py took 0.083 seconds
[2024-11-13T20:48:42.492+1100] {processor.py:186} INFO - Started process (PID=73320) to work on /Users/yoonmoon/git/learn-airflow/airflow1/py_env/lib/python3.11/site-packages/airflow/example_dags/example_complex.py
[2024-11-13T20:48:42.492+1100] {processor.py:914} INFO - Processing file /Users/yoonmoon/git/learn-airflow/airflow1/py_env/lib/python3.11/site-packages/airflow/example_dags/example_complex.py for tasks to queue
[2024-11-13T20:48:42.493+1100] {logging_mixin.py:190} INFO - [2024-11-13T20:48:42.493+1100] {dagbag.py:588} INFO - Filling up the DagBag from /Users/yoonmoon/git/learn-airflow/airflow1/py_env/lib/python3.11/site-packages/airflow/example_dags/example_complex.py
[2024-11-13T20:48:42.498+1100] {processor.py:925} INFO - DAG(s) 'example_complex' retrieved from /Users/yoonmoon/git/learn-airflow/airflow1/py_env/lib/python3.11/site-packages/airflow/example_dags/example_complex.py
[2024-11-13T20:48:42.561+1100] {logging_mixin.py:190} INFO - [2024-11-13T20:48:42.561+1100] {dag.py:3239} INFO - Sync 1 DAGs
[2024-11-13T20:48:42.565+1100] {logging_mixin.py:190} INFO - [2024-11-13T20:48:42.565+1100] {dag.py:4180} INFO - Setting next_dagrun for example_complex to None, run_after=None
[2024-11-13T20:48:42.572+1100] {processor.py:208} INFO - Processing /Users/yoonmoon/git/learn-airflow/airflow1/py_env/lib/python3.11/site-packages/airflow/example_dags/example_complex.py took 0.082 seconds
[2024-11-13T20:51:07.428+1100] {processor.py:186} INFO - Started process (PID=73588) to work on /Users/yoonmoon/git/learn-airflow/airflow1/py_env/lib/python3.11/site-packages/airflow/example_dags/example_complex.py
[2024-11-13T20:51:07.428+1100] {processor.py:914} INFO - Processing file /Users/yoonmoon/git/learn-airflow/airflow1/py_env/lib/python3.11/site-packages/airflow/example_dags/example_complex.py for tasks to queue
[2024-11-13T20:51:07.429+1100] {logging_mixin.py:190} INFO - [2024-11-13T20:51:07.429+1100] {dagbag.py:588} INFO - Filling up the DagBag from /Users/yoonmoon/git/learn-airflow/airflow1/py_env/lib/python3.11/site-packages/airflow/example_dags/example_complex.py
[2024-11-13T20:51:07.434+1100] {processor.py:925} INFO - DAG(s) 'example_complex' retrieved from /Users/yoonmoon/git/learn-airflow/airflow1/py_env/lib/python3.11/site-packages/airflow/example_dags/example_complex.py
[2024-11-13T20:51:07.500+1100] {logging_mixin.py:190} INFO - [2024-11-13T20:51:07.500+1100] {dag.py:3239} INFO - Sync 1 DAGs
[2024-11-13T20:51:07.504+1100] {logging_mixin.py:190} INFO - [2024-11-13T20:51:07.504+1100] {dag.py:4180} INFO - Setting next_dagrun for example_complex to None, run_after=None
[2024-11-13T20:51:07.510+1100] {processor.py:208} INFO - Processing /Users/yoonmoon/git/learn-airflow/airflow1/py_env/lib/python3.11/site-packages/airflow/example_dags/example_complex.py took 0.085 seconds
