[2024-11-13T19:30:07.474+1100] {processor.py:186} INFO - Started process (PID=63809) to work on /Users/yoonmoon/git/learn-airflow/airflow1/py_env/lib/python3.11/site-packages/airflow/example_dags/example_branch_python_dop_operator_3.py
[2024-11-13T19:30:07.475+1100] {processor.py:914} INFO - Processing file /Users/yoonmoon/git/learn-airflow/airflow1/py_env/lib/python3.11/site-packages/airflow/example_dags/example_branch_python_dop_operator_3.py for tasks to queue
[2024-11-13T19:30:07.475+1100] {logging_mixin.py:190} INFO - [2024-11-13T19:30:07.475+1100] {dagbag.py:588} INFO - Filling up the DagBag from /Users/yoonmoon/git/learn-airflow/airflow1/py_env/lib/python3.11/site-packages/airflow/example_dags/example_branch_python_dop_operator_3.py
[2024-11-13T19:30:07.489+1100] {processor.py:925} INFO - DAG(s) 'example_branch_dop_operator_v3' retrieved from /Users/yoonmoon/git/learn-airflow/airflow1/py_env/lib/python3.11/site-packages/airflow/example_dags/example_branch_python_dop_operator_3.py
[2024-11-13T19:30:07.577+1100] {logging_mixin.py:190} INFO - [2024-11-13T19:30:07.577+1100] {override.py:1911} INFO - Created Permission View: can edit on DAG:example_branch_dop_operator_v3
[2024-11-13T19:30:07.580+1100] {logging_mixin.py:190} INFO - [2024-11-13T19:30:07.580+1100] {override.py:1911} INFO - Created Permission View: can delete on DAG:example_branch_dop_operator_v3
[2024-11-13T19:30:07.582+1100] {logging_mixin.py:190} INFO - [2024-11-13T19:30:07.582+1100] {override.py:1911} INFO - Created Permission View: can read on DAG:example_branch_dop_operator_v3
[2024-11-13T19:30:07.584+1100] {logging_mixin.py:190} INFO - [2024-11-13T19:30:07.584+1100] {override.py:1911} INFO - Created Permission View: menu access on DAG Run:example_branch_dop_operator_v3
[2024-11-13T19:30:07.586+1100] {logging_mixin.py:190} INFO - [2024-11-13T19:30:07.586+1100] {override.py:1911} INFO - Created Permission View: can delete on DAG Run:example_branch_dop_operator_v3
[2024-11-13T19:30:07.588+1100] {logging_mixin.py:190} INFO - [2024-11-13T19:30:07.588+1100] {override.py:1911} INFO - Created Permission View: can read on DAG Run:example_branch_dop_operator_v3
[2024-11-13T19:30:07.590+1100] {logging_mixin.py:190} INFO - [2024-11-13T19:30:07.590+1100] {override.py:1911} INFO - Created Permission View: can create on DAG Run:example_branch_dop_operator_v3
[2024-11-13T19:30:07.590+1100] {logging_mixin.py:190} INFO - [2024-11-13T19:30:07.590+1100] {dag.py:3239} INFO - Sync 1 DAGs
[2024-11-13T19:30:07.593+1100] {logging_mixin.py:190} INFO - [2024-11-13T19:30:07.593+1100] {dag.py:3262} INFO - Creating ORM DAG for example_branch_dop_operator_v3
[2024-11-13T19:30:07.598+1100] {logging_mixin.py:190} INFO - [2024-11-13T19:30:07.597+1100] {dag.py:4180} INFO - Setting next_dagrun for example_branch_dop_operator_v3 to 2024-11-13 08:29:00+00:00, run_after=2024-11-13 08:30:00+00:00
[2024-11-13T19:30:07.603+1100] {processor.py:208} INFO - Processing /Users/yoonmoon/git/learn-airflow/airflow1/py_env/lib/python3.11/site-packages/airflow/example_dags/example_branch_python_dop_operator_3.py took 0.131 seconds
[2024-11-13T19:32:30.334+1100] {processor.py:186} INFO - Started process (PID=64187) to work on /Users/yoonmoon/git/learn-airflow/airflow1/py_env/lib/python3.11/site-packages/airflow/example_dags/example_branch_python_dop_operator_3.py
[2024-11-13T19:32:30.335+1100] {processor.py:914} INFO - Processing file /Users/yoonmoon/git/learn-airflow/airflow1/py_env/lib/python3.11/site-packages/airflow/example_dags/example_branch_python_dop_operator_3.py for tasks to queue
[2024-11-13T19:32:30.335+1100] {logging_mixin.py:190} INFO - [2024-11-13T19:32:30.335+1100] {dagbag.py:588} INFO - Filling up the DagBag from /Users/yoonmoon/git/learn-airflow/airflow1/py_env/lib/python3.11/site-packages/airflow/example_dags/example_branch_python_dop_operator_3.py
[2024-11-13T19:32:30.350+1100] {processor.py:925} INFO - DAG(s) 'example_branch_dop_operator_v3' retrieved from /Users/yoonmoon/git/learn-airflow/airflow1/py_env/lib/python3.11/site-packages/airflow/example_dags/example_branch_python_dop_operator_3.py
[2024-11-13T19:32:30.407+1100] {logging_mixin.py:190} INFO - [2024-11-13T19:32:30.407+1100] {dag.py:3239} INFO - Sync 1 DAGs
[2024-11-13T19:32:30.416+1100] {logging_mixin.py:190} INFO - [2024-11-13T19:32:30.416+1100] {dag.py:4180} INFO - Setting next_dagrun for example_branch_dop_operator_v3 to 2024-11-13 08:31:00+00:00, run_after=2024-11-13 08:32:00+00:00
[2024-11-13T19:32:30.423+1100] {processor.py:208} INFO - Processing /Users/yoonmoon/git/learn-airflow/airflow1/py_env/lib/python3.11/site-packages/airflow/example_dags/example_branch_python_dop_operator_3.py took 0.091 seconds
[2024-11-13T19:34:52.348+1100] {processor.py:186} INFO - Started process (PID=64674) to work on /Users/yoonmoon/git/learn-airflow/airflow1/py_env/lib/python3.11/site-packages/airflow/example_dags/example_branch_python_dop_operator_3.py
[2024-11-13T19:34:52.349+1100] {processor.py:914} INFO - Processing file /Users/yoonmoon/git/learn-airflow/airflow1/py_env/lib/python3.11/site-packages/airflow/example_dags/example_branch_python_dop_operator_3.py for tasks to queue
[2024-11-13T19:34:52.349+1100] {logging_mixin.py:190} INFO - [2024-11-13T19:34:52.349+1100] {dagbag.py:588} INFO - Filling up the DagBag from /Users/yoonmoon/git/learn-airflow/airflow1/py_env/lib/python3.11/site-packages/airflow/example_dags/example_branch_python_dop_operator_3.py
[2024-11-13T19:34:52.364+1100] {processor.py:925} INFO - DAG(s) 'example_branch_dop_operator_v3' retrieved from /Users/yoonmoon/git/learn-airflow/airflow1/py_env/lib/python3.11/site-packages/airflow/example_dags/example_branch_python_dop_operator_3.py
[2024-11-13T19:34:52.425+1100] {logging_mixin.py:190} INFO - [2024-11-13T19:34:52.425+1100] {dag.py:3239} INFO - Sync 1 DAGs
[2024-11-13T19:34:52.433+1100] {logging_mixin.py:190} INFO - [2024-11-13T19:34:52.433+1100] {dag.py:4180} INFO - Setting next_dagrun for example_branch_dop_operator_v3 to 2024-11-13 08:33:00+00:00, run_after=2024-11-13 08:34:00+00:00
[2024-11-13T19:34:52.440+1100] {processor.py:208} INFO - Processing /Users/yoonmoon/git/learn-airflow/airflow1/py_env/lib/python3.11/site-packages/airflow/example_dags/example_branch_python_dop_operator_3.py took 0.094 seconds
[2024-11-13T19:37:37.308+1100] {processor.py:186} INFO - Started process (PID=65023) to work on /Users/yoonmoon/git/learn-airflow/airflow1/py_env/lib/python3.11/site-packages/airflow/example_dags/example_branch_python_dop_operator_3.py
[2024-11-13T19:37:37.309+1100] {processor.py:914} INFO - Processing file /Users/yoonmoon/git/learn-airflow/airflow1/py_env/lib/python3.11/site-packages/airflow/example_dags/example_branch_python_dop_operator_3.py for tasks to queue
[2024-11-13T19:37:37.310+1100] {logging_mixin.py:190} INFO - [2024-11-13T19:37:37.310+1100] {dagbag.py:588} INFO - Filling up the DagBag from /Users/yoonmoon/git/learn-airflow/airflow1/py_env/lib/python3.11/site-packages/airflow/example_dags/example_branch_python_dop_operator_3.py
[2024-11-13T19:37:37.325+1100] {processor.py:925} INFO - DAG(s) 'example_branch_dop_operator_v3' retrieved from /Users/yoonmoon/git/learn-airflow/airflow1/py_env/lib/python3.11/site-packages/airflow/example_dags/example_branch_python_dop_operator_3.py
[2024-11-13T19:37:37.383+1100] {logging_mixin.py:190} INFO - [2024-11-13T19:37:37.383+1100] {dag.py:3239} INFO - Sync 1 DAGs
[2024-11-13T19:37:37.391+1100] {logging_mixin.py:190} INFO - [2024-11-13T19:37:37.391+1100] {dag.py:4180} INFO - Setting next_dagrun for example_branch_dop_operator_v3 to 2024-11-13 08:36:00+00:00, run_after=2024-11-13 08:37:00+00:00
[2024-11-13T19:37:37.398+1100] {processor.py:208} INFO - Processing /Users/yoonmoon/git/learn-airflow/airflow1/py_env/lib/python3.11/site-packages/airflow/example_dags/example_branch_python_dop_operator_3.py took 0.092 seconds
[2024-11-13T19:39:52.999+1100] {processor.py:186} INFO - Started process (PID=65294) to work on /Users/yoonmoon/git/learn-airflow/airflow1/py_env/lib/python3.11/site-packages/airflow/example_dags/example_branch_python_dop_operator_3.py
[2024-11-13T19:39:53.000+1100] {processor.py:914} INFO - Processing file /Users/yoonmoon/git/learn-airflow/airflow1/py_env/lib/python3.11/site-packages/airflow/example_dags/example_branch_python_dop_operator_3.py for tasks to queue
[2024-11-13T19:39:53.001+1100] {logging_mixin.py:190} INFO - [2024-11-13T19:39:53.001+1100] {dagbag.py:588} INFO - Filling up the DagBag from /Users/yoonmoon/git/learn-airflow/airflow1/py_env/lib/python3.11/site-packages/airflow/example_dags/example_branch_python_dop_operator_3.py
[2024-11-13T19:39:53.015+1100] {processor.py:925} INFO - DAG(s) 'example_branch_dop_operator_v3' retrieved from /Users/yoonmoon/git/learn-airflow/airflow1/py_env/lib/python3.11/site-packages/airflow/example_dags/example_branch_python_dop_operator_3.py
[2024-11-13T19:39:53.073+1100] {logging_mixin.py:190} INFO - [2024-11-13T19:39:53.073+1100] {dag.py:3239} INFO - Sync 1 DAGs
[2024-11-13T19:39:53.080+1100] {logging_mixin.py:190} INFO - [2024-11-13T19:39:53.080+1100] {dag.py:4180} INFO - Setting next_dagrun for example_branch_dop_operator_v3 to 2024-11-13 08:38:00+00:00, run_after=2024-11-13 08:39:00+00:00
[2024-11-13T19:39:53.087+1100] {processor.py:208} INFO - Processing /Users/yoonmoon/git/learn-airflow/airflow1/py_env/lib/python3.11/site-packages/airflow/example_dags/example_branch_python_dop_operator_3.py took 0.090 seconds
[2024-11-13T19:42:13.266+1100] {processor.py:186} INFO - Started process (PID=65598) to work on /Users/yoonmoon/git/learn-airflow/airflow1/py_env/lib/python3.11/site-packages/airflow/example_dags/example_branch_python_dop_operator_3.py
[2024-11-13T19:42:13.267+1100] {processor.py:914} INFO - Processing file /Users/yoonmoon/git/learn-airflow/airflow1/py_env/lib/python3.11/site-packages/airflow/example_dags/example_branch_python_dop_operator_3.py for tasks to queue
[2024-11-13T19:42:13.267+1100] {logging_mixin.py:190} INFO - [2024-11-13T19:42:13.267+1100] {dagbag.py:588} INFO - Filling up the DagBag from /Users/yoonmoon/git/learn-airflow/airflow1/py_env/lib/python3.11/site-packages/airflow/example_dags/example_branch_python_dop_operator_3.py
[2024-11-13T19:42:13.281+1100] {processor.py:925} INFO - DAG(s) 'example_branch_dop_operator_v3' retrieved from /Users/yoonmoon/git/learn-airflow/airflow1/py_env/lib/python3.11/site-packages/airflow/example_dags/example_branch_python_dop_operator_3.py
[2024-11-13T19:42:13.339+1100] {logging_mixin.py:190} INFO - [2024-11-13T19:42:13.339+1100] {dag.py:3239} INFO - Sync 1 DAGs
[2024-11-13T19:42:13.347+1100] {logging_mixin.py:190} INFO - [2024-11-13T19:42:13.347+1100] {dag.py:4180} INFO - Setting next_dagrun for example_branch_dop_operator_v3 to 2024-11-13 08:41:00+00:00, run_after=2024-11-13 08:42:00+00:00
[2024-11-13T19:42:13.353+1100] {processor.py:208} INFO - Processing /Users/yoonmoon/git/learn-airflow/airflow1/py_env/lib/python3.11/site-packages/airflow/example_dags/example_branch_python_dop_operator_3.py took 0.090 seconds
[2024-11-13T19:44:31.602+1100] {processor.py:186} INFO - Started process (PID=65868) to work on /Users/yoonmoon/git/learn-airflow/airflow1/py_env/lib/python3.11/site-packages/airflow/example_dags/example_branch_python_dop_operator_3.py
[2024-11-13T19:44:31.604+1100] {processor.py:914} INFO - Processing file /Users/yoonmoon/git/learn-airflow/airflow1/py_env/lib/python3.11/site-packages/airflow/example_dags/example_branch_python_dop_operator_3.py for tasks to queue
[2024-11-13T19:44:31.604+1100] {logging_mixin.py:190} INFO - [2024-11-13T19:44:31.604+1100] {dagbag.py:588} INFO - Filling up the DagBag from /Users/yoonmoon/git/learn-airflow/airflow1/py_env/lib/python3.11/site-packages/airflow/example_dags/example_branch_python_dop_operator_3.py
[2024-11-13T19:44:31.618+1100] {processor.py:925} INFO - DAG(s) 'example_branch_dop_operator_v3' retrieved from /Users/yoonmoon/git/learn-airflow/airflow1/py_env/lib/python3.11/site-packages/airflow/example_dags/example_branch_python_dop_operator_3.py
[2024-11-13T19:44:31.676+1100] {logging_mixin.py:190} INFO - [2024-11-13T19:44:31.676+1100] {dag.py:3239} INFO - Sync 1 DAGs
[2024-11-13T19:44:31.683+1100] {logging_mixin.py:190} INFO - [2024-11-13T19:44:31.683+1100] {dag.py:4180} INFO - Setting next_dagrun for example_branch_dop_operator_v3 to 2024-11-13 08:43:00+00:00, run_after=2024-11-13 08:44:00+00:00
[2024-11-13T19:44:31.690+1100] {processor.py:208} INFO - Processing /Users/yoonmoon/git/learn-airflow/airflow1/py_env/lib/python3.11/site-packages/airflow/example_dags/example_branch_python_dop_operator_3.py took 0.090 seconds
[2024-11-13T19:46:42.382+1100] {processor.py:186} INFO - Started process (PID=66118) to work on /Users/yoonmoon/git/learn-airflow/airflow1/py_env/lib/python3.11/site-packages/airflow/example_dags/example_branch_python_dop_operator_3.py
[2024-11-13T19:46:42.384+1100] {processor.py:914} INFO - Processing file /Users/yoonmoon/git/learn-airflow/airflow1/py_env/lib/python3.11/site-packages/airflow/example_dags/example_branch_python_dop_operator_3.py for tasks to queue
[2024-11-13T19:46:42.384+1100] {logging_mixin.py:190} INFO - [2024-11-13T19:46:42.384+1100] {dagbag.py:588} INFO - Filling up the DagBag from /Users/yoonmoon/git/learn-airflow/airflow1/py_env/lib/python3.11/site-packages/airflow/example_dags/example_branch_python_dop_operator_3.py
[2024-11-13T19:46:42.398+1100] {processor.py:925} INFO - DAG(s) 'example_branch_dop_operator_v3' retrieved from /Users/yoonmoon/git/learn-airflow/airflow1/py_env/lib/python3.11/site-packages/airflow/example_dags/example_branch_python_dop_operator_3.py
[2024-11-13T19:46:42.455+1100] {logging_mixin.py:190} INFO - [2024-11-13T19:46:42.455+1100] {dag.py:3239} INFO - Sync 1 DAGs
[2024-11-13T19:46:42.462+1100] {logging_mixin.py:190} INFO - [2024-11-13T19:46:42.462+1100] {dag.py:4180} INFO - Setting next_dagrun for example_branch_dop_operator_v3 to 2024-11-13 08:45:00+00:00, run_after=2024-11-13 08:46:00+00:00
[2024-11-13T19:46:42.469+1100] {processor.py:208} INFO - Processing /Users/yoonmoon/git/learn-airflow/airflow1/py_env/lib/python3.11/site-packages/airflow/example_dags/example_branch_python_dop_operator_3.py took 0.089 seconds
[2024-11-13T19:48:54.922+1100] {processor.py:186} INFO - Started process (PID=66364) to work on /Users/yoonmoon/git/learn-airflow/airflow1/py_env/lib/python3.11/site-packages/airflow/example_dags/example_branch_python_dop_operator_3.py
[2024-11-13T19:48:54.923+1100] {processor.py:914} INFO - Processing file /Users/yoonmoon/git/learn-airflow/airflow1/py_env/lib/python3.11/site-packages/airflow/example_dags/example_branch_python_dop_operator_3.py for tasks to queue
[2024-11-13T19:48:54.923+1100] {logging_mixin.py:190} INFO - [2024-11-13T19:48:54.923+1100] {dagbag.py:588} INFO - Filling up the DagBag from /Users/yoonmoon/git/learn-airflow/airflow1/py_env/lib/python3.11/site-packages/airflow/example_dags/example_branch_python_dop_operator_3.py
[2024-11-13T19:48:54.937+1100] {processor.py:925} INFO - DAG(s) 'example_branch_dop_operator_v3' retrieved from /Users/yoonmoon/git/learn-airflow/airflow1/py_env/lib/python3.11/site-packages/airflow/example_dags/example_branch_python_dop_operator_3.py
[2024-11-13T19:48:54.995+1100] {logging_mixin.py:190} INFO - [2024-11-13T19:48:54.995+1100] {dag.py:3239} INFO - Sync 1 DAGs
[2024-11-13T19:48:55.002+1100] {logging_mixin.py:190} INFO - [2024-11-13T19:48:55.002+1100] {dag.py:4180} INFO - Setting next_dagrun for example_branch_dop_operator_v3 to 2024-11-13 08:47:00+00:00, run_after=2024-11-13 08:48:00+00:00
[2024-11-13T19:48:55.010+1100] {processor.py:208} INFO - Processing /Users/yoonmoon/git/learn-airflow/airflow1/py_env/lib/python3.11/site-packages/airflow/example_dags/example_branch_python_dop_operator_3.py took 0.090 seconds
[2024-11-13T19:51:05.141+1100] {processor.py:186} INFO - Started process (PID=66602) to work on /Users/yoonmoon/git/learn-airflow/airflow1/py_env/lib/python3.11/site-packages/airflow/example_dags/example_branch_python_dop_operator_3.py
[2024-11-13T19:51:05.141+1100] {processor.py:914} INFO - Processing file /Users/yoonmoon/git/learn-airflow/airflow1/py_env/lib/python3.11/site-packages/airflow/example_dags/example_branch_python_dop_operator_3.py for tasks to queue
[2024-11-13T19:51:05.142+1100] {logging_mixin.py:190} INFO - [2024-11-13T19:51:05.142+1100] {dagbag.py:588} INFO - Filling up the DagBag from /Users/yoonmoon/git/learn-airflow/airflow1/py_env/lib/python3.11/site-packages/airflow/example_dags/example_branch_python_dop_operator_3.py
[2024-11-13T19:51:05.158+1100] {processor.py:925} INFO - DAG(s) 'example_branch_dop_operator_v3' retrieved from /Users/yoonmoon/git/learn-airflow/airflow1/py_env/lib/python3.11/site-packages/airflow/example_dags/example_branch_python_dop_operator_3.py
[2024-11-13T19:51:05.216+1100] {logging_mixin.py:190} INFO - [2024-11-13T19:51:05.215+1100] {dag.py:3239} INFO - Sync 1 DAGs
[2024-11-13T19:51:05.223+1100] {logging_mixin.py:190} INFO - [2024-11-13T19:51:05.223+1100] {dag.py:4180} INFO - Setting next_dagrun for example_branch_dop_operator_v3 to 2024-11-13 08:50:00+00:00, run_after=2024-11-13 08:51:00+00:00
[2024-11-13T19:51:05.229+1100] {processor.py:208} INFO - Processing /Users/yoonmoon/git/learn-airflow/airflow1/py_env/lib/python3.11/site-packages/airflow/example_dags/example_branch_python_dop_operator_3.py took 0.091 seconds
[2024-11-13T19:53:23.866+1100] {processor.py:186} INFO - Started process (PID=66848) to work on /Users/yoonmoon/git/learn-airflow/airflow1/py_env/lib/python3.11/site-packages/airflow/example_dags/example_branch_python_dop_operator_3.py
[2024-11-13T19:53:23.867+1100] {processor.py:914} INFO - Processing file /Users/yoonmoon/git/learn-airflow/airflow1/py_env/lib/python3.11/site-packages/airflow/example_dags/example_branch_python_dop_operator_3.py for tasks to queue
[2024-11-13T19:53:23.867+1100] {logging_mixin.py:190} INFO - [2024-11-13T19:53:23.867+1100] {dagbag.py:588} INFO - Filling up the DagBag from /Users/yoonmoon/git/learn-airflow/airflow1/py_env/lib/python3.11/site-packages/airflow/example_dags/example_branch_python_dop_operator_3.py
[2024-11-13T19:53:23.882+1100] {processor.py:925} INFO - DAG(s) 'example_branch_dop_operator_v3' retrieved from /Users/yoonmoon/git/learn-airflow/airflow1/py_env/lib/python3.11/site-packages/airflow/example_dags/example_branch_python_dop_operator_3.py
[2024-11-13T19:53:23.941+1100] {logging_mixin.py:190} INFO - [2024-11-13T19:53:23.941+1100] {dag.py:3239} INFO - Sync 1 DAGs
[2024-11-13T19:53:23.948+1100] {logging_mixin.py:190} INFO - [2024-11-13T19:53:23.948+1100] {dag.py:4180} INFO - Setting next_dagrun for example_branch_dop_operator_v3 to 2024-11-13 08:52:00+00:00, run_after=2024-11-13 08:53:00+00:00
[2024-11-13T19:53:23.956+1100] {processor.py:208} INFO - Processing /Users/yoonmoon/git/learn-airflow/airflow1/py_env/lib/python3.11/site-packages/airflow/example_dags/example_branch_python_dop_operator_3.py took 0.092 seconds
[2024-11-13T19:55:46.390+1100] {processor.py:186} INFO - Started process (PID=67141) to work on /Users/yoonmoon/git/learn-airflow/airflow1/py_env/lib/python3.11/site-packages/airflow/example_dags/example_branch_python_dop_operator_3.py
[2024-11-13T19:55:46.391+1100] {processor.py:914} INFO - Processing file /Users/yoonmoon/git/learn-airflow/airflow1/py_env/lib/python3.11/site-packages/airflow/example_dags/example_branch_python_dop_operator_3.py for tasks to queue
[2024-11-13T19:55:46.392+1100] {logging_mixin.py:190} INFO - [2024-11-13T19:55:46.392+1100] {dagbag.py:588} INFO - Filling up the DagBag from /Users/yoonmoon/git/learn-airflow/airflow1/py_env/lib/python3.11/site-packages/airflow/example_dags/example_branch_python_dop_operator_3.py
[2024-11-13T19:55:46.406+1100] {processor.py:925} INFO - DAG(s) 'example_branch_dop_operator_v3' retrieved from /Users/yoonmoon/git/learn-airflow/airflow1/py_env/lib/python3.11/site-packages/airflow/example_dags/example_branch_python_dop_operator_3.py
[2024-11-13T19:55:46.464+1100] {logging_mixin.py:190} INFO - [2024-11-13T19:55:46.464+1100] {dag.py:3239} INFO - Sync 1 DAGs
[2024-11-13T19:55:46.471+1100] {logging_mixin.py:190} INFO - [2024-11-13T19:55:46.471+1100] {dag.py:4180} INFO - Setting next_dagrun for example_branch_dop_operator_v3 to 2024-11-13 08:54:00+00:00, run_after=2024-11-13 08:55:00+00:00
[2024-11-13T19:55:46.478+1100] {processor.py:208} INFO - Processing /Users/yoonmoon/git/learn-airflow/airflow1/py_env/lib/python3.11/site-packages/airflow/example_dags/example_branch_python_dop_operator_3.py took 0.090 seconds
[2024-11-13T19:58:01.788+1100] {processor.py:186} INFO - Started process (PID=67389) to work on /Users/yoonmoon/git/learn-airflow/airflow1/py_env/lib/python3.11/site-packages/airflow/example_dags/example_branch_python_dop_operator_3.py
[2024-11-13T19:58:01.790+1100] {processor.py:914} INFO - Processing file /Users/yoonmoon/git/learn-airflow/airflow1/py_env/lib/python3.11/site-packages/airflow/example_dags/example_branch_python_dop_operator_3.py for tasks to queue
[2024-11-13T19:58:01.790+1100] {logging_mixin.py:190} INFO - [2024-11-13T19:58:01.790+1100] {dagbag.py:588} INFO - Filling up the DagBag from /Users/yoonmoon/git/learn-airflow/airflow1/py_env/lib/python3.11/site-packages/airflow/example_dags/example_branch_python_dop_operator_3.py
[2024-11-13T19:58:01.804+1100] {processor.py:925} INFO - DAG(s) 'example_branch_dop_operator_v3' retrieved from /Users/yoonmoon/git/learn-airflow/airflow1/py_env/lib/python3.11/site-packages/airflow/example_dags/example_branch_python_dop_operator_3.py
[2024-11-13T19:58:01.861+1100] {logging_mixin.py:190} INFO - [2024-11-13T19:58:01.860+1100] {dag.py:3239} INFO - Sync 1 DAGs
[2024-11-13T19:58:01.868+1100] {logging_mixin.py:190} INFO - [2024-11-13T19:58:01.868+1100] {dag.py:4180} INFO - Setting next_dagrun for example_branch_dop_operator_v3 to 2024-11-13 08:57:00+00:00, run_after=2024-11-13 08:58:00+00:00
[2024-11-13T19:58:01.875+1100] {processor.py:208} INFO - Processing /Users/yoonmoon/git/learn-airflow/airflow1/py_env/lib/python3.11/site-packages/airflow/example_dags/example_branch_python_dop_operator_3.py took 0.089 seconds
[2024-11-13T20:00:18.529+1100] {processor.py:186} INFO - Started process (PID=67637) to work on /Users/yoonmoon/git/learn-airflow/airflow1/py_env/lib/python3.11/site-packages/airflow/example_dags/example_branch_python_dop_operator_3.py
[2024-11-13T20:00:18.531+1100] {processor.py:914} INFO - Processing file /Users/yoonmoon/git/learn-airflow/airflow1/py_env/lib/python3.11/site-packages/airflow/example_dags/example_branch_python_dop_operator_3.py for tasks to queue
[2024-11-13T20:00:18.531+1100] {logging_mixin.py:190} INFO - [2024-11-13T20:00:18.531+1100] {dagbag.py:588} INFO - Filling up the DagBag from /Users/yoonmoon/git/learn-airflow/airflow1/py_env/lib/python3.11/site-packages/airflow/example_dags/example_branch_python_dop_operator_3.py
[2024-11-13T20:00:18.547+1100] {processor.py:925} INFO - DAG(s) 'example_branch_dop_operator_v3' retrieved from /Users/yoonmoon/git/learn-airflow/airflow1/py_env/lib/python3.11/site-packages/airflow/example_dags/example_branch_python_dop_operator_3.py
[2024-11-13T20:00:18.605+1100] {logging_mixin.py:190} INFO - [2024-11-13T20:00:18.605+1100] {dag.py:3239} INFO - Sync 1 DAGs
[2024-11-13T20:00:18.612+1100] {logging_mixin.py:190} INFO - [2024-11-13T20:00:18.612+1100] {dag.py:4180} INFO - Setting next_dagrun for example_branch_dop_operator_v3 to 2024-11-13 08:59:00+00:00, run_after=2024-11-13 09:00:00+00:00
[2024-11-13T20:00:18.619+1100] {processor.py:208} INFO - Processing /Users/yoonmoon/git/learn-airflow/airflow1/py_env/lib/python3.11/site-packages/airflow/example_dags/example_branch_python_dop_operator_3.py took 0.092 seconds
[2024-11-13T20:02:33.541+1100] {processor.py:186} INFO - Started process (PID=67881) to work on /Users/yoonmoon/git/learn-airflow/airflow1/py_env/lib/python3.11/site-packages/airflow/example_dags/example_branch_python_dop_operator_3.py
[2024-11-13T20:02:33.542+1100] {processor.py:914} INFO - Processing file /Users/yoonmoon/git/learn-airflow/airflow1/py_env/lib/python3.11/site-packages/airflow/example_dags/example_branch_python_dop_operator_3.py for tasks to queue
[2024-11-13T20:02:33.543+1100] {logging_mixin.py:190} INFO - [2024-11-13T20:02:33.543+1100] {dagbag.py:588} INFO - Filling up the DagBag from /Users/yoonmoon/git/learn-airflow/airflow1/py_env/lib/python3.11/site-packages/airflow/example_dags/example_branch_python_dop_operator_3.py
[2024-11-13T20:02:33.557+1100] {processor.py:925} INFO - DAG(s) 'example_branch_dop_operator_v3' retrieved from /Users/yoonmoon/git/learn-airflow/airflow1/py_env/lib/python3.11/site-packages/airflow/example_dags/example_branch_python_dop_operator_3.py
[2024-11-13T20:02:33.616+1100] {logging_mixin.py:190} INFO - [2024-11-13T20:02:33.616+1100] {dag.py:3239} INFO - Sync 1 DAGs
[2024-11-13T20:02:33.623+1100] {logging_mixin.py:190} INFO - [2024-11-13T20:02:33.623+1100] {dag.py:4180} INFO - Setting next_dagrun for example_branch_dop_operator_v3 to 2024-11-13 09:01:00+00:00, run_after=2024-11-13 09:02:00+00:00
[2024-11-13T20:02:33.630+1100] {processor.py:208} INFO - Processing /Users/yoonmoon/git/learn-airflow/airflow1/py_env/lib/python3.11/site-packages/airflow/example_dags/example_branch_python_dop_operator_3.py took 0.091 seconds
[2024-11-13T20:04:47.991+1100] {processor.py:186} INFO - Started process (PID=68125) to work on /Users/yoonmoon/git/learn-airflow/airflow1/py_env/lib/python3.11/site-packages/airflow/example_dags/example_branch_python_dop_operator_3.py
[2024-11-13T20:04:47.992+1100] {processor.py:914} INFO - Processing file /Users/yoonmoon/git/learn-airflow/airflow1/py_env/lib/python3.11/site-packages/airflow/example_dags/example_branch_python_dop_operator_3.py for tasks to queue
[2024-11-13T20:04:47.992+1100] {logging_mixin.py:190} INFO - [2024-11-13T20:04:47.992+1100] {dagbag.py:588} INFO - Filling up the DagBag from /Users/yoonmoon/git/learn-airflow/airflow1/py_env/lib/python3.11/site-packages/airflow/example_dags/example_branch_python_dop_operator_3.py
[2024-11-13T20:04:48.008+1100] {processor.py:925} INFO - DAG(s) 'example_branch_dop_operator_v3' retrieved from /Users/yoonmoon/git/learn-airflow/airflow1/py_env/lib/python3.11/site-packages/airflow/example_dags/example_branch_python_dop_operator_3.py
[2024-11-13T20:04:48.074+1100] {logging_mixin.py:190} INFO - [2024-11-13T20:04:48.074+1100] {dag.py:3239} INFO - Sync 1 DAGs
[2024-11-13T20:04:48.082+1100] {logging_mixin.py:190} INFO - [2024-11-13T20:04:48.082+1100] {dag.py:4180} INFO - Setting next_dagrun for example_branch_dop_operator_v3 to 2024-11-13 09:03:00+00:00, run_after=2024-11-13 09:04:00+00:00
[2024-11-13T20:04:48.089+1100] {processor.py:208} INFO - Processing /Users/yoonmoon/git/learn-airflow/airflow1/py_env/lib/python3.11/site-packages/airflow/example_dags/example_branch_python_dop_operator_3.py took 0.103 seconds
[2024-11-13T20:07:10.171+1100] {processor.py:186} INFO - Started process (PID=68421) to work on /Users/yoonmoon/git/learn-airflow/airflow1/py_env/lib/python3.11/site-packages/airflow/example_dags/example_branch_python_dop_operator_3.py
[2024-11-13T20:07:10.173+1100] {processor.py:914} INFO - Processing file /Users/yoonmoon/git/learn-airflow/airflow1/py_env/lib/python3.11/site-packages/airflow/example_dags/example_branch_python_dop_operator_3.py for tasks to queue
[2024-11-13T20:07:10.173+1100] {logging_mixin.py:190} INFO - [2024-11-13T20:07:10.173+1100] {dagbag.py:588} INFO - Filling up the DagBag from /Users/yoonmoon/git/learn-airflow/airflow1/py_env/lib/python3.11/site-packages/airflow/example_dags/example_branch_python_dop_operator_3.py
[2024-11-13T20:07:10.187+1100] {processor.py:925} INFO - DAG(s) 'example_branch_dop_operator_v3' retrieved from /Users/yoonmoon/git/learn-airflow/airflow1/py_env/lib/python3.11/site-packages/airflow/example_dags/example_branch_python_dop_operator_3.py
[2024-11-13T20:07:10.247+1100] {logging_mixin.py:190} INFO - [2024-11-13T20:07:10.247+1100] {dag.py:3239} INFO - Sync 1 DAGs
[2024-11-13T20:07:10.254+1100] {logging_mixin.py:190} INFO - [2024-11-13T20:07:10.254+1100] {dag.py:4180} INFO - Setting next_dagrun for example_branch_dop_operator_v3 to 2024-11-13 09:06:00+00:00, run_after=2024-11-13 09:07:00+00:00
[2024-11-13T20:07:10.261+1100] {processor.py:208} INFO - Processing /Users/yoonmoon/git/learn-airflow/airflow1/py_env/lib/python3.11/site-packages/airflow/example_dags/example_branch_python_dop_operator_3.py took 0.093 seconds
[2024-11-13T20:09:31.541+1100] {processor.py:186} INFO - Started process (PID=68689) to work on /Users/yoonmoon/git/learn-airflow/airflow1/py_env/lib/python3.11/site-packages/airflow/example_dags/example_branch_python_dop_operator_3.py
[2024-11-13T20:09:31.542+1100] {processor.py:914} INFO - Processing file /Users/yoonmoon/git/learn-airflow/airflow1/py_env/lib/python3.11/site-packages/airflow/example_dags/example_branch_python_dop_operator_3.py for tasks to queue
[2024-11-13T20:09:31.543+1100] {logging_mixin.py:190} INFO - [2024-11-13T20:09:31.543+1100] {dagbag.py:588} INFO - Filling up the DagBag from /Users/yoonmoon/git/learn-airflow/airflow1/py_env/lib/python3.11/site-packages/airflow/example_dags/example_branch_python_dop_operator_3.py
[2024-11-13T20:09:31.557+1100] {processor.py:925} INFO - DAG(s) 'example_branch_dop_operator_v3' retrieved from /Users/yoonmoon/git/learn-airflow/airflow1/py_env/lib/python3.11/site-packages/airflow/example_dags/example_branch_python_dop_operator_3.py
[2024-11-13T20:09:31.618+1100] {logging_mixin.py:190} INFO - [2024-11-13T20:09:31.618+1100] {dag.py:3239} INFO - Sync 1 DAGs
[2024-11-13T20:09:31.625+1100] {logging_mixin.py:190} INFO - [2024-11-13T20:09:31.625+1100] {dag.py:4180} INFO - Setting next_dagrun for example_branch_dop_operator_v3 to 2024-11-13 09:08:00+00:00, run_after=2024-11-13 09:09:00+00:00
[2024-11-13T20:09:31.632+1100] {processor.py:208} INFO - Processing /Users/yoonmoon/git/learn-airflow/airflow1/py_env/lib/python3.11/site-packages/airflow/example_dags/example_branch_python_dop_operator_3.py took 0.093 seconds
[2024-11-13T20:11:48.435+1100] {processor.py:186} INFO - Started process (PID=68967) to work on /Users/yoonmoon/git/learn-airflow/airflow1/py_env/lib/python3.11/site-packages/airflow/example_dags/example_branch_python_dop_operator_3.py
[2024-11-13T20:11:48.435+1100] {processor.py:914} INFO - Processing file /Users/yoonmoon/git/learn-airflow/airflow1/py_env/lib/python3.11/site-packages/airflow/example_dags/example_branch_python_dop_operator_3.py for tasks to queue
[2024-11-13T20:11:48.436+1100] {logging_mixin.py:190} INFO - [2024-11-13T20:11:48.436+1100] {dagbag.py:588} INFO - Filling up the DagBag from /Users/yoonmoon/git/learn-airflow/airflow1/py_env/lib/python3.11/site-packages/airflow/example_dags/example_branch_python_dop_operator_3.py
[2024-11-13T20:11:48.451+1100] {processor.py:925} INFO - DAG(s) 'example_branch_dop_operator_v3' retrieved from /Users/yoonmoon/git/learn-airflow/airflow1/py_env/lib/python3.11/site-packages/airflow/example_dags/example_branch_python_dop_operator_3.py
[2024-11-13T20:11:48.511+1100] {logging_mixin.py:190} INFO - [2024-11-13T20:11:48.511+1100] {dag.py:3239} INFO - Sync 1 DAGs
[2024-11-13T20:11:48.519+1100] {logging_mixin.py:190} INFO - [2024-11-13T20:11:48.519+1100] {dag.py:4180} INFO - Setting next_dagrun for example_branch_dop_operator_v3 to 2024-11-13 09:10:00+00:00, run_after=2024-11-13 09:11:00+00:00
[2024-11-13T20:11:48.525+1100] {processor.py:208} INFO - Processing /Users/yoonmoon/git/learn-airflow/airflow1/py_env/lib/python3.11/site-packages/airflow/example_dags/example_branch_python_dop_operator_3.py took 0.093 seconds
[2024-11-13T20:14:04.263+1100] {processor.py:186} INFO - Started process (PID=69215) to work on /Users/yoonmoon/git/learn-airflow/airflow1/py_env/lib/python3.11/site-packages/airflow/example_dags/example_branch_python_dop_operator_3.py
[2024-11-13T20:14:04.265+1100] {processor.py:914} INFO - Processing file /Users/yoonmoon/git/learn-airflow/airflow1/py_env/lib/python3.11/site-packages/airflow/example_dags/example_branch_python_dop_operator_3.py for tasks to queue
[2024-11-13T20:14:04.265+1100] {logging_mixin.py:190} INFO - [2024-11-13T20:14:04.265+1100] {dagbag.py:588} INFO - Filling up the DagBag from /Users/yoonmoon/git/learn-airflow/airflow1/py_env/lib/python3.11/site-packages/airflow/example_dags/example_branch_python_dop_operator_3.py
[2024-11-13T20:14:04.279+1100] {processor.py:925} INFO - DAG(s) 'example_branch_dop_operator_v3' retrieved from /Users/yoonmoon/git/learn-airflow/airflow1/py_env/lib/python3.11/site-packages/airflow/example_dags/example_branch_python_dop_operator_3.py
[2024-11-13T20:14:04.339+1100] {logging_mixin.py:190} INFO - [2024-11-13T20:14:04.339+1100] {dag.py:3239} INFO - Sync 1 DAGs
[2024-11-13T20:14:04.346+1100] {logging_mixin.py:190} INFO - [2024-11-13T20:14:04.346+1100] {dag.py:4180} INFO - Setting next_dagrun for example_branch_dop_operator_v3 to 2024-11-13 09:13:00+00:00, run_after=2024-11-13 09:14:00+00:00
[2024-11-13T20:14:04.353+1100] {processor.py:208} INFO - Processing /Users/yoonmoon/git/learn-airflow/airflow1/py_env/lib/python3.11/site-packages/airflow/example_dags/example_branch_python_dop_operator_3.py took 0.093 seconds
[2024-11-13T20:16:23.672+1100] {processor.py:186} INFO - Started process (PID=69464) to work on /Users/yoonmoon/git/learn-airflow/airflow1/py_env/lib/python3.11/site-packages/airflow/example_dags/example_branch_python_dop_operator_3.py
[2024-11-13T20:16:23.672+1100] {processor.py:914} INFO - Processing file /Users/yoonmoon/git/learn-airflow/airflow1/py_env/lib/python3.11/site-packages/airflow/example_dags/example_branch_python_dop_operator_3.py for tasks to queue
[2024-11-13T20:16:23.673+1100] {logging_mixin.py:190} INFO - [2024-11-13T20:16:23.673+1100] {dagbag.py:588} INFO - Filling up the DagBag from /Users/yoonmoon/git/learn-airflow/airflow1/py_env/lib/python3.11/site-packages/airflow/example_dags/example_branch_python_dop_operator_3.py
[2024-11-13T20:16:23.687+1100] {processor.py:925} INFO - DAG(s) 'example_branch_dop_operator_v3' retrieved from /Users/yoonmoon/git/learn-airflow/airflow1/py_env/lib/python3.11/site-packages/airflow/example_dags/example_branch_python_dop_operator_3.py
[2024-11-13T20:16:23.746+1100] {logging_mixin.py:190} INFO - [2024-11-13T20:16:23.746+1100] {dag.py:3239} INFO - Sync 1 DAGs
[2024-11-13T20:16:23.753+1100] {logging_mixin.py:190} INFO - [2024-11-13T20:16:23.753+1100] {dag.py:4180} INFO - Setting next_dagrun for example_branch_dop_operator_v3 to 2024-11-13 09:15:00+00:00, run_after=2024-11-13 09:16:00+00:00
[2024-11-13T20:16:23.760+1100] {processor.py:208} INFO - Processing /Users/yoonmoon/git/learn-airflow/airflow1/py_env/lib/python3.11/site-packages/airflow/example_dags/example_branch_python_dop_operator_3.py took 0.091 seconds
[2024-11-13T20:18:42.118+1100] {processor.py:186} INFO - Started process (PID=69734) to work on /Users/yoonmoon/git/learn-airflow/airflow1/py_env/lib/python3.11/site-packages/airflow/example_dags/example_branch_python_dop_operator_3.py
[2024-11-13T20:18:42.118+1100] {processor.py:914} INFO - Processing file /Users/yoonmoon/git/learn-airflow/airflow1/py_env/lib/python3.11/site-packages/airflow/example_dags/example_branch_python_dop_operator_3.py for tasks to queue
[2024-11-13T20:18:42.119+1100] {logging_mixin.py:190} INFO - [2024-11-13T20:18:42.119+1100] {dagbag.py:588} INFO - Filling up the DagBag from /Users/yoonmoon/git/learn-airflow/airflow1/py_env/lib/python3.11/site-packages/airflow/example_dags/example_branch_python_dop_operator_3.py
[2024-11-13T20:18:42.134+1100] {processor.py:925} INFO - DAG(s) 'example_branch_dop_operator_v3' retrieved from /Users/yoonmoon/git/learn-airflow/airflow1/py_env/lib/python3.11/site-packages/airflow/example_dags/example_branch_python_dop_operator_3.py
[2024-11-13T20:18:42.199+1100] {logging_mixin.py:190} INFO - [2024-11-13T20:18:42.199+1100] {dag.py:3239} INFO - Sync 1 DAGs
[2024-11-13T20:18:42.211+1100] {logging_mixin.py:190} INFO - [2024-11-13T20:18:42.211+1100] {dag.py:4180} INFO - Setting next_dagrun for example_branch_dop_operator_v3 to 2024-11-13 09:17:00+00:00, run_after=2024-11-13 09:18:00+00:00
[2024-11-13T20:18:42.219+1100] {processor.py:208} INFO - Processing /Users/yoonmoon/git/learn-airflow/airflow1/py_env/lib/python3.11/site-packages/airflow/example_dags/example_branch_python_dop_operator_3.py took 0.103 seconds
[2024-11-13T20:21:00.927+1100] {processor.py:186} INFO - Started process (PID=70093) to work on /Users/yoonmoon/git/learn-airflow/airflow1/py_env/lib/python3.11/site-packages/airflow/example_dags/example_branch_python_dop_operator_3.py
[2024-11-13T20:21:00.928+1100] {processor.py:914} INFO - Processing file /Users/yoonmoon/git/learn-airflow/airflow1/py_env/lib/python3.11/site-packages/airflow/example_dags/example_branch_python_dop_operator_3.py for tasks to queue
[2024-11-13T20:21:00.928+1100] {logging_mixin.py:190} INFO - [2024-11-13T20:21:00.928+1100] {dagbag.py:588} INFO - Filling up the DagBag from /Users/yoonmoon/git/learn-airflow/airflow1/py_env/lib/python3.11/site-packages/airflow/example_dags/example_branch_python_dop_operator_3.py
[2024-11-13T20:21:00.943+1100] {processor.py:925} INFO - DAG(s) 'example_branch_dop_operator_v3' retrieved from /Users/yoonmoon/git/learn-airflow/airflow1/py_env/lib/python3.11/site-packages/airflow/example_dags/example_branch_python_dop_operator_3.py
[2024-11-13T20:21:01.003+1100] {logging_mixin.py:190} INFO - [2024-11-13T20:21:01.003+1100] {dag.py:3239} INFO - Sync 1 DAGs
[2024-11-13T20:21:01.010+1100] {logging_mixin.py:190} INFO - [2024-11-13T20:21:01.010+1100] {dag.py:4180} INFO - Setting next_dagrun for example_branch_dop_operator_v3 to 2024-11-13 09:20:00+00:00, run_after=2024-11-13 09:21:00+00:00
[2024-11-13T20:21:01.017+1100] {processor.py:208} INFO - Processing /Users/yoonmoon/git/learn-airflow/airflow1/py_env/lib/python3.11/site-packages/airflow/example_dags/example_branch_python_dop_operator_3.py took 0.092 seconds
[2024-11-13T20:23:13.166+1100] {processor.py:186} INFO - Started process (PID=70359) to work on /Users/yoonmoon/git/learn-airflow/airflow1/py_env/lib/python3.11/site-packages/airflow/example_dags/example_branch_python_dop_operator_3.py
[2024-11-13T20:23:13.167+1100] {processor.py:914} INFO - Processing file /Users/yoonmoon/git/learn-airflow/airflow1/py_env/lib/python3.11/site-packages/airflow/example_dags/example_branch_python_dop_operator_3.py for tasks to queue
[2024-11-13T20:23:13.168+1100] {logging_mixin.py:190} INFO - [2024-11-13T20:23:13.167+1100] {dagbag.py:588} INFO - Filling up the DagBag from /Users/yoonmoon/git/learn-airflow/airflow1/py_env/lib/python3.11/site-packages/airflow/example_dags/example_branch_python_dop_operator_3.py
[2024-11-13T20:23:13.182+1100] {processor.py:925} INFO - DAG(s) 'example_branch_dop_operator_v3' retrieved from /Users/yoonmoon/git/learn-airflow/airflow1/py_env/lib/python3.11/site-packages/airflow/example_dags/example_branch_python_dop_operator_3.py
[2024-11-13T20:23:13.241+1100] {logging_mixin.py:190} INFO - [2024-11-13T20:23:13.241+1100] {dag.py:3239} INFO - Sync 1 DAGs
[2024-11-13T20:23:13.248+1100] {logging_mixin.py:190} INFO - [2024-11-13T20:23:13.248+1100] {dag.py:4180} INFO - Setting next_dagrun for example_branch_dop_operator_v3 to 2024-11-13 09:22:00+00:00, run_after=2024-11-13 09:23:00+00:00
[2024-11-13T20:23:13.255+1100] {processor.py:208} INFO - Processing /Users/yoonmoon/git/learn-airflow/airflow1/py_env/lib/python3.11/site-packages/airflow/example_dags/example_branch_python_dop_operator_3.py took 0.092 seconds
[2024-11-13T20:25:29.210+1100] {processor.py:186} INFO - Started process (PID=70619) to work on /Users/yoonmoon/git/learn-airflow/airflow1/py_env/lib/python3.11/site-packages/airflow/example_dags/example_branch_python_dop_operator_3.py
[2024-11-13T20:25:29.212+1100] {processor.py:914} INFO - Processing file /Users/yoonmoon/git/learn-airflow/airflow1/py_env/lib/python3.11/site-packages/airflow/example_dags/example_branch_python_dop_operator_3.py for tasks to queue
[2024-11-13T20:25:29.212+1100] {logging_mixin.py:190} INFO - [2024-11-13T20:25:29.212+1100] {dagbag.py:588} INFO - Filling up the DagBag from /Users/yoonmoon/git/learn-airflow/airflow1/py_env/lib/python3.11/site-packages/airflow/example_dags/example_branch_python_dop_operator_3.py
[2024-11-13T20:25:29.227+1100] {processor.py:925} INFO - DAG(s) 'example_branch_dop_operator_v3' retrieved from /Users/yoonmoon/git/learn-airflow/airflow1/py_env/lib/python3.11/site-packages/airflow/example_dags/example_branch_python_dop_operator_3.py
[2024-11-13T20:25:29.286+1100] {logging_mixin.py:190} INFO - [2024-11-13T20:25:29.286+1100] {dag.py:3239} INFO - Sync 1 DAGs
[2024-11-13T20:25:29.293+1100] {logging_mixin.py:190} INFO - [2024-11-13T20:25:29.293+1100] {dag.py:4180} INFO - Setting next_dagrun for example_branch_dop_operator_v3 to 2024-11-13 09:24:00+00:00, run_after=2024-11-13 09:25:00+00:00
[2024-11-13T20:25:29.300+1100] {processor.py:208} INFO - Processing /Users/yoonmoon/git/learn-airflow/airflow1/py_env/lib/python3.11/site-packages/airflow/example_dags/example_branch_python_dop_operator_3.py took 0.093 seconds
[2024-11-13T20:27:49.250+1100] {processor.py:186} INFO - Started process (PID=70902) to work on /Users/yoonmoon/git/learn-airflow/airflow1/py_env/lib/python3.11/site-packages/airflow/example_dags/example_branch_python_dop_operator_3.py
[2024-11-13T20:27:49.251+1100] {processor.py:914} INFO - Processing file /Users/yoonmoon/git/learn-airflow/airflow1/py_env/lib/python3.11/site-packages/airflow/example_dags/example_branch_python_dop_operator_3.py for tasks to queue
[2024-11-13T20:27:49.251+1100] {logging_mixin.py:190} INFO - [2024-11-13T20:27:49.251+1100] {dagbag.py:588} INFO - Filling up the DagBag from /Users/yoonmoon/git/learn-airflow/airflow1/py_env/lib/python3.11/site-packages/airflow/example_dags/example_branch_python_dop_operator_3.py
[2024-11-13T20:27:49.266+1100] {processor.py:925} INFO - DAG(s) 'example_branch_dop_operator_v3' retrieved from /Users/yoonmoon/git/learn-airflow/airflow1/py_env/lib/python3.11/site-packages/airflow/example_dags/example_branch_python_dop_operator_3.py
[2024-11-13T20:27:49.324+1100] {logging_mixin.py:190} INFO - [2024-11-13T20:27:49.324+1100] {dag.py:3239} INFO - Sync 1 DAGs
[2024-11-13T20:27:49.331+1100] {logging_mixin.py:190} INFO - [2024-11-13T20:27:49.331+1100] {dag.py:4180} INFO - Setting next_dagrun for example_branch_dop_operator_v3 to 2024-11-13 09:26:00+00:00, run_after=2024-11-13 09:27:00+00:00
[2024-11-13T20:27:49.338+1100] {processor.py:208} INFO - Processing /Users/yoonmoon/git/learn-airflow/airflow1/py_env/lib/python3.11/site-packages/airflow/example_dags/example_branch_python_dop_operator_3.py took 0.090 seconds
[2024-11-13T20:30:01.327+1100] {processor.py:186} INFO - Started process (PID=71169) to work on /Users/yoonmoon/git/learn-airflow/airflow1/py_env/lib/python3.11/site-packages/airflow/example_dags/example_branch_python_dop_operator_3.py
[2024-11-13T20:30:01.327+1100] {processor.py:914} INFO - Processing file /Users/yoonmoon/git/learn-airflow/airflow1/py_env/lib/python3.11/site-packages/airflow/example_dags/example_branch_python_dop_operator_3.py for tasks to queue
[2024-11-13T20:30:01.328+1100] {logging_mixin.py:190} INFO - [2024-11-13T20:30:01.328+1100] {dagbag.py:588} INFO - Filling up the DagBag from /Users/yoonmoon/git/learn-airflow/airflow1/py_env/lib/python3.11/site-packages/airflow/example_dags/example_branch_python_dop_operator_3.py
[2024-11-13T20:30:01.342+1100] {processor.py:925} INFO - DAG(s) 'example_branch_dop_operator_v3' retrieved from /Users/yoonmoon/git/learn-airflow/airflow1/py_env/lib/python3.11/site-packages/airflow/example_dags/example_branch_python_dop_operator_3.py
[2024-11-13T20:30:01.402+1100] {logging_mixin.py:190} INFO - [2024-11-13T20:30:01.402+1100] {dag.py:3239} INFO - Sync 1 DAGs
[2024-11-13T20:30:01.409+1100] {logging_mixin.py:190} INFO - [2024-11-13T20:30:01.409+1100] {dag.py:4180} INFO - Setting next_dagrun for example_branch_dop_operator_v3 to 2024-11-13 09:29:00+00:00, run_after=2024-11-13 09:30:00+00:00
[2024-11-13T20:30:01.417+1100] {processor.py:208} INFO - Processing /Users/yoonmoon/git/learn-airflow/airflow1/py_env/lib/python3.11/site-packages/airflow/example_dags/example_branch_python_dop_operator_3.py took 0.093 seconds
[2024-11-13T20:32:21.754+1100] {processor.py:186} INFO - Started process (PID=71423) to work on /Users/yoonmoon/git/learn-airflow/airflow1/py_env/lib/python3.11/site-packages/airflow/example_dags/example_branch_python_dop_operator_3.py
[2024-11-13T20:32:21.755+1100] {processor.py:914} INFO - Processing file /Users/yoonmoon/git/learn-airflow/airflow1/py_env/lib/python3.11/site-packages/airflow/example_dags/example_branch_python_dop_operator_3.py for tasks to queue
[2024-11-13T20:32:21.755+1100] {logging_mixin.py:190} INFO - [2024-11-13T20:32:21.755+1100] {dagbag.py:588} INFO - Filling up the DagBag from /Users/yoonmoon/git/learn-airflow/airflow1/py_env/lib/python3.11/site-packages/airflow/example_dags/example_branch_python_dop_operator_3.py
[2024-11-13T20:32:21.769+1100] {processor.py:925} INFO - DAG(s) 'example_branch_dop_operator_v3' retrieved from /Users/yoonmoon/git/learn-airflow/airflow1/py_env/lib/python3.11/site-packages/airflow/example_dags/example_branch_python_dop_operator_3.py
[2024-11-13T20:32:21.827+1100] {logging_mixin.py:190} INFO - [2024-11-13T20:32:21.827+1100] {dag.py:3239} INFO - Sync 1 DAGs
[2024-11-13T20:32:21.834+1100] {logging_mixin.py:190} INFO - [2024-11-13T20:32:21.834+1100] {dag.py:4180} INFO - Setting next_dagrun for example_branch_dop_operator_v3 to 2024-11-13 09:31:00+00:00, run_after=2024-11-13 09:32:00+00:00
[2024-11-13T20:32:21.842+1100] {processor.py:208} INFO - Processing /Users/yoonmoon/git/learn-airflow/airflow1/py_env/lib/python3.11/site-packages/airflow/example_dags/example_branch_python_dop_operator_3.py took 0.090 seconds
[2024-11-13T20:34:43.644+1100] {processor.py:186} INFO - Started process (PID=71683) to work on /Users/yoonmoon/git/learn-airflow/airflow1/py_env/lib/python3.11/site-packages/airflow/example_dags/example_branch_python_dop_operator_3.py
[2024-11-13T20:34:43.644+1100] {processor.py:914} INFO - Processing file /Users/yoonmoon/git/learn-airflow/airflow1/py_env/lib/python3.11/site-packages/airflow/example_dags/example_branch_python_dop_operator_3.py for tasks to queue
[2024-11-13T20:34:43.645+1100] {logging_mixin.py:190} INFO - [2024-11-13T20:34:43.645+1100] {dagbag.py:588} INFO - Filling up the DagBag from /Users/yoonmoon/git/learn-airflow/airflow1/py_env/lib/python3.11/site-packages/airflow/example_dags/example_branch_python_dop_operator_3.py
[2024-11-13T20:34:43.660+1100] {processor.py:925} INFO - DAG(s) 'example_branch_dop_operator_v3' retrieved from /Users/yoonmoon/git/learn-airflow/airflow1/py_env/lib/python3.11/site-packages/airflow/example_dags/example_branch_python_dop_operator_3.py
[2024-11-13T20:34:43.720+1100] {logging_mixin.py:190} INFO - [2024-11-13T20:34:43.720+1100] {dag.py:3239} INFO - Sync 1 DAGs
[2024-11-13T20:34:43.727+1100] {logging_mixin.py:190} INFO - [2024-11-13T20:34:43.727+1100] {dag.py:4180} INFO - Setting next_dagrun for example_branch_dop_operator_v3 to 2024-11-13 09:33:00+00:00, run_after=2024-11-13 09:34:00+00:00
[2024-11-13T20:34:43.733+1100] {processor.py:208} INFO - Processing /Users/yoonmoon/git/learn-airflow/airflow1/py_env/lib/python3.11/site-packages/airflow/example_dags/example_branch_python_dop_operator_3.py took 0.092 seconds
[2024-11-13T20:37:02.348+1100] {processor.py:186} INFO - Started process (PID=71970) to work on /Users/yoonmoon/git/learn-airflow/airflow1/py_env/lib/python3.11/site-packages/airflow/example_dags/example_branch_python_dop_operator_3.py
[2024-11-13T20:37:02.349+1100] {processor.py:914} INFO - Processing file /Users/yoonmoon/git/learn-airflow/airflow1/py_env/lib/python3.11/site-packages/airflow/example_dags/example_branch_python_dop_operator_3.py for tasks to queue
[2024-11-13T20:37:02.350+1100] {logging_mixin.py:190} INFO - [2024-11-13T20:37:02.350+1100] {dagbag.py:588} INFO - Filling up the DagBag from /Users/yoonmoon/git/learn-airflow/airflow1/py_env/lib/python3.11/site-packages/airflow/example_dags/example_branch_python_dop_operator_3.py
[2024-11-13T20:37:02.366+1100] {processor.py:925} INFO - DAG(s) 'example_branch_dop_operator_v3' retrieved from /Users/yoonmoon/git/learn-airflow/airflow1/py_env/lib/python3.11/site-packages/airflow/example_dags/example_branch_python_dop_operator_3.py
[2024-11-13T20:37:02.424+1100] {logging_mixin.py:190} INFO - [2024-11-13T20:37:02.424+1100] {dag.py:3239} INFO - Sync 1 DAGs
[2024-11-13T20:37:02.431+1100] {logging_mixin.py:190} INFO - [2024-11-13T20:37:02.431+1100] {dag.py:4180} INFO - Setting next_dagrun for example_branch_dop_operator_v3 to 2024-11-13 09:36:00+00:00, run_after=2024-11-13 09:37:00+00:00
[2024-11-13T20:37:02.437+1100] {processor.py:208} INFO - Processing /Users/yoonmoon/git/learn-airflow/airflow1/py_env/lib/python3.11/site-packages/airflow/example_dags/example_branch_python_dop_operator_3.py took 0.092 seconds
[2024-11-13T20:39:18.989+1100] {processor.py:186} INFO - Started process (PID=72255) to work on /Users/yoonmoon/git/learn-airflow/airflow1/py_env/lib/python3.11/site-packages/airflow/example_dags/example_branch_python_dop_operator_3.py
[2024-11-13T20:39:18.991+1100] {processor.py:914} INFO - Processing file /Users/yoonmoon/git/learn-airflow/airflow1/py_env/lib/python3.11/site-packages/airflow/example_dags/example_branch_python_dop_operator_3.py for tasks to queue
[2024-11-13T20:39:18.991+1100] {logging_mixin.py:190} INFO - [2024-11-13T20:39:18.991+1100] {dagbag.py:588} INFO - Filling up the DagBag from /Users/yoonmoon/git/learn-airflow/airflow1/py_env/lib/python3.11/site-packages/airflow/example_dags/example_branch_python_dop_operator_3.py
[2024-11-13T20:39:19.006+1100] {processor.py:925} INFO - DAG(s) 'example_branch_dop_operator_v3' retrieved from /Users/yoonmoon/git/learn-airflow/airflow1/py_env/lib/python3.11/site-packages/airflow/example_dags/example_branch_python_dop_operator_3.py
[2024-11-13T20:39:19.064+1100] {logging_mixin.py:190} INFO - [2024-11-13T20:39:19.064+1100] {dag.py:3239} INFO - Sync 1 DAGs
[2024-11-13T20:39:19.071+1100] {logging_mixin.py:190} INFO - [2024-11-13T20:39:19.071+1100] {dag.py:4180} INFO - Setting next_dagrun for example_branch_dop_operator_v3 to 2024-11-13 09:38:00+00:00, run_after=2024-11-13 09:39:00+00:00
[2024-11-13T20:39:19.078+1100] {processor.py:208} INFO - Processing /Users/yoonmoon/git/learn-airflow/airflow1/py_env/lib/python3.11/site-packages/airflow/example_dags/example_branch_python_dop_operator_3.py took 0.090 seconds
[2024-11-13T20:41:41.878+1100] {processor.py:186} INFO - Started process (PID=72514) to work on /Users/yoonmoon/git/learn-airflow/airflow1/py_env/lib/python3.11/site-packages/airflow/example_dags/example_branch_python_dop_operator_3.py
[2024-11-13T20:41:41.880+1100] {processor.py:914} INFO - Processing file /Users/yoonmoon/git/learn-airflow/airflow1/py_env/lib/python3.11/site-packages/airflow/example_dags/example_branch_python_dop_operator_3.py for tasks to queue
[2024-11-13T20:41:41.880+1100] {logging_mixin.py:190} INFO - [2024-11-13T20:41:41.880+1100] {dagbag.py:588} INFO - Filling up the DagBag from /Users/yoonmoon/git/learn-airflow/airflow1/py_env/lib/python3.11/site-packages/airflow/example_dags/example_branch_python_dop_operator_3.py
[2024-11-13T20:41:41.894+1100] {processor.py:925} INFO - DAG(s) 'example_branch_dop_operator_v3' retrieved from /Users/yoonmoon/git/learn-airflow/airflow1/py_env/lib/python3.11/site-packages/airflow/example_dags/example_branch_python_dop_operator_3.py
[2024-11-13T20:41:41.952+1100] {logging_mixin.py:190} INFO - [2024-11-13T20:41:41.952+1100] {dag.py:3239} INFO - Sync 1 DAGs
[2024-11-13T20:41:41.959+1100] {logging_mixin.py:190} INFO - [2024-11-13T20:41:41.959+1100] {dag.py:4180} INFO - Setting next_dagrun for example_branch_dop_operator_v3 to 2024-11-13 09:40:00+00:00, run_after=2024-11-13 09:41:00+00:00
[2024-11-13T20:41:41.966+1100] {processor.py:208} INFO - Processing /Users/yoonmoon/git/learn-airflow/airflow1/py_env/lib/python3.11/site-packages/airflow/example_dags/example_branch_python_dop_operator_3.py took 0.090 seconds
[2024-11-13T20:43:57.533+1100] {processor.py:186} INFO - Started process (PID=72764) to work on /Users/yoonmoon/git/learn-airflow/airflow1/py_env/lib/python3.11/site-packages/airflow/example_dags/example_branch_python_dop_operator_3.py
[2024-11-13T20:43:57.533+1100] {processor.py:914} INFO - Processing file /Users/yoonmoon/git/learn-airflow/airflow1/py_env/lib/python3.11/site-packages/airflow/example_dags/example_branch_python_dop_operator_3.py for tasks to queue
[2024-11-13T20:43:57.534+1100] {logging_mixin.py:190} INFO - [2024-11-13T20:43:57.534+1100] {dagbag.py:588} INFO - Filling up the DagBag from /Users/yoonmoon/git/learn-airflow/airflow1/py_env/lib/python3.11/site-packages/airflow/example_dags/example_branch_python_dop_operator_3.py
[2024-11-13T20:43:57.548+1100] {processor.py:925} INFO - DAG(s) 'example_branch_dop_operator_v3' retrieved from /Users/yoonmoon/git/learn-airflow/airflow1/py_env/lib/python3.11/site-packages/airflow/example_dags/example_branch_python_dop_operator_3.py
[2024-11-13T20:43:57.608+1100] {logging_mixin.py:190} INFO - [2024-11-13T20:43:57.608+1100] {dag.py:3239} INFO - Sync 1 DAGs
[2024-11-13T20:43:57.615+1100] {logging_mixin.py:190} INFO - [2024-11-13T20:43:57.615+1100] {dag.py:4180} INFO - Setting next_dagrun for example_branch_dop_operator_v3 to 2024-11-13 09:42:00+00:00, run_after=2024-11-13 09:43:00+00:00
[2024-11-13T20:43:57.622+1100] {processor.py:208} INFO - Processing /Users/yoonmoon/git/learn-airflow/airflow1/py_env/lib/python3.11/site-packages/airflow/example_dags/example_branch_python_dop_operator_3.py took 0.091 seconds
[2024-11-13T20:46:21.206+1100] {processor.py:186} INFO - Started process (PID=73039) to work on /Users/yoonmoon/git/learn-airflow/airflow1/py_env/lib/python3.11/site-packages/airflow/example_dags/example_branch_python_dop_operator_3.py
[2024-11-13T20:46:21.207+1100] {processor.py:914} INFO - Processing file /Users/yoonmoon/git/learn-airflow/airflow1/py_env/lib/python3.11/site-packages/airflow/example_dags/example_branch_python_dop_operator_3.py for tasks to queue
[2024-11-13T20:46:21.207+1100] {logging_mixin.py:190} INFO - [2024-11-13T20:46:21.207+1100] {dagbag.py:588} INFO - Filling up the DagBag from /Users/yoonmoon/git/learn-airflow/airflow1/py_env/lib/python3.11/site-packages/airflow/example_dags/example_branch_python_dop_operator_3.py
[2024-11-13T20:46:21.222+1100] {processor.py:925} INFO - DAG(s) 'example_branch_dop_operator_v3' retrieved from /Users/yoonmoon/git/learn-airflow/airflow1/py_env/lib/python3.11/site-packages/airflow/example_dags/example_branch_python_dop_operator_3.py
[2024-11-13T20:46:21.291+1100] {logging_mixin.py:190} INFO - [2024-11-13T20:46:21.291+1100] {dag.py:3239} INFO - Sync 1 DAGs
[2024-11-13T20:46:21.300+1100] {logging_mixin.py:190} INFO - [2024-11-13T20:46:21.300+1100] {dag.py:4180} INFO - Setting next_dagrun for example_branch_dop_operator_v3 to 2024-11-13 09:45:00+00:00, run_after=2024-11-13 09:46:00+00:00
[2024-11-13T20:46:21.308+1100] {processor.py:208} INFO - Processing /Users/yoonmoon/git/learn-airflow/airflow1/py_env/lib/python3.11/site-packages/airflow/example_dags/example_branch_python_dop_operator_3.py took 0.105 seconds
[2024-11-13T20:48:43.722+1100] {processor.py:186} INFO - Started process (PID=73324) to work on /Users/yoonmoon/git/learn-airflow/airflow1/py_env/lib/python3.11/site-packages/airflow/example_dags/example_branch_python_dop_operator_3.py
[2024-11-13T20:48:43.723+1100] {processor.py:914} INFO - Processing file /Users/yoonmoon/git/learn-airflow/airflow1/py_env/lib/python3.11/site-packages/airflow/example_dags/example_branch_python_dop_operator_3.py for tasks to queue
[2024-11-13T20:48:43.724+1100] {logging_mixin.py:190} INFO - [2024-11-13T20:48:43.724+1100] {dagbag.py:588} INFO - Filling up the DagBag from /Users/yoonmoon/git/learn-airflow/airflow1/py_env/lib/python3.11/site-packages/airflow/example_dags/example_branch_python_dop_operator_3.py
[2024-11-13T20:48:43.741+1100] {processor.py:925} INFO - DAG(s) 'example_branch_dop_operator_v3' retrieved from /Users/yoonmoon/git/learn-airflow/airflow1/py_env/lib/python3.11/site-packages/airflow/example_dags/example_branch_python_dop_operator_3.py
[2024-11-13T20:48:43.807+1100] {logging_mixin.py:190} INFO - [2024-11-13T20:48:43.806+1100] {dag.py:3239} INFO - Sync 1 DAGs
[2024-11-13T20:48:43.814+1100] {logging_mixin.py:190} INFO - [2024-11-13T20:48:43.814+1100] {dag.py:4180} INFO - Setting next_dagrun for example_branch_dop_operator_v3 to 2024-11-13 09:47:00+00:00, run_after=2024-11-13 09:48:00+00:00
[2024-11-13T20:48:43.822+1100] {processor.py:208} INFO - Processing /Users/yoonmoon/git/learn-airflow/airflow1/py_env/lib/python3.11/site-packages/airflow/example_dags/example_branch_python_dop_operator_3.py took 0.103 seconds
[2024-11-13T20:51:08.768+1100] {processor.py:186} INFO - Started process (PID=73592) to work on /Users/yoonmoon/git/learn-airflow/airflow1/py_env/lib/python3.11/site-packages/airflow/example_dags/example_branch_python_dop_operator_3.py
[2024-11-13T20:51:08.770+1100] {processor.py:914} INFO - Processing file /Users/yoonmoon/git/learn-airflow/airflow1/py_env/lib/python3.11/site-packages/airflow/example_dags/example_branch_python_dop_operator_3.py for tasks to queue
[2024-11-13T20:51:08.770+1100] {logging_mixin.py:190} INFO - [2024-11-13T20:51:08.770+1100] {dagbag.py:588} INFO - Filling up the DagBag from /Users/yoonmoon/git/learn-airflow/airflow1/py_env/lib/python3.11/site-packages/airflow/example_dags/example_branch_python_dop_operator_3.py
[2024-11-13T20:51:08.785+1100] {processor.py:925} INFO - DAG(s) 'example_branch_dop_operator_v3' retrieved from /Users/yoonmoon/git/learn-airflow/airflow1/py_env/lib/python3.11/site-packages/airflow/example_dags/example_branch_python_dop_operator_3.py
[2024-11-13T20:51:08.846+1100] {logging_mixin.py:190} INFO - [2024-11-13T20:51:08.846+1100] {dag.py:3239} INFO - Sync 1 DAGs
[2024-11-13T20:51:08.854+1100] {logging_mixin.py:190} INFO - [2024-11-13T20:51:08.854+1100] {dag.py:4180} INFO - Setting next_dagrun for example_branch_dop_operator_v3 to 2024-11-13 09:50:00+00:00, run_after=2024-11-13 09:51:00+00:00
[2024-11-13T20:51:08.864+1100] {processor.py:208} INFO - Processing /Users/yoonmoon/git/learn-airflow/airflow1/py_env/lib/python3.11/site-packages/airflow/example_dags/example_branch_python_dop_operator_3.py took 0.098 seconds
