[2024-11-13T19:29:49.635+1100] {processor.py:186} INFO - Started process (PID=63777) to work on /Users/yoonmoon/git/learn-airflow/airflow1/py_env/lib/python3.11/site-packages/airflow/example_dags/example_inlet_event_extra.py
[2024-11-13T19:29:49.635+1100] {processor.py:914} INFO - Processing file /Users/yoonmoon/git/learn-airflow/airflow1/py_env/lib/python3.11/site-packages/airflow/example_dags/example_inlet_event_extra.py for tasks to queue
[2024-11-13T19:29:49.636+1100] {logging_mixin.py:190} INFO - [2024-11-13T19:29:49.635+1100] {dagbag.py:588} INFO - Filling up the DagBag from /Users/yoonmoon/git/learn-airflow/airflow1/py_env/lib/python3.11/site-packages/airflow/example_dags/example_inlet_event_extra.py
[2024-11-13T19:29:49.666+1100] {processor.py:925} INFO - DAG(s) 'read_dataset_event_from_classic', 'read_dataset_event' retrieved from /Users/yoonmoon/git/learn-airflow/airflow1/py_env/lib/python3.11/site-packages/airflow/example_dags/example_inlet_event_extra.py
[2024-11-13T19:29:49.758+1100] {logging_mixin.py:190} INFO - [2024-11-13T19:29:49.758+1100] {override.py:1911} INFO - Created Permission View: can delete on DAG:read_dataset_event_from_classic
[2024-11-13T19:29:49.761+1100] {logging_mixin.py:190} INFO - [2024-11-13T19:29:49.761+1100] {override.py:1911} INFO - Created Permission View: can read on DAG:read_dataset_event_from_classic
[2024-11-13T19:29:49.763+1100] {logging_mixin.py:190} INFO - [2024-11-13T19:29:49.763+1100] {override.py:1911} INFO - Created Permission View: can edit on DAG:read_dataset_event_from_classic
[2024-11-13T19:29:49.765+1100] {logging_mixin.py:190} INFO - [2024-11-13T19:29:49.765+1100] {override.py:1911} INFO - Created Permission View: can delete on DAG Run:read_dataset_event_from_classic
[2024-11-13T19:29:49.767+1100] {logging_mixin.py:190} INFO - [2024-11-13T19:29:49.767+1100] {override.py:1911} INFO - Created Permission View: can read on DAG Run:read_dataset_event_from_classic
[2024-11-13T19:29:49.769+1100] {logging_mixin.py:190} INFO - [2024-11-13T19:29:49.769+1100] {override.py:1911} INFO - Created Permission View: can create on DAG Run:read_dataset_event_from_classic
[2024-11-13T19:29:49.770+1100] {logging_mixin.py:190} INFO - [2024-11-13T19:29:49.770+1100] {override.py:1911} INFO - Created Permission View: menu access on DAG Run:read_dataset_event_from_classic
[2024-11-13T19:29:49.774+1100] {logging_mixin.py:190} INFO - [2024-11-13T19:29:49.774+1100] {override.py:1911} INFO - Created Permission View: can delete on DAG:read_dataset_event
[2024-11-13T19:29:49.776+1100] {logging_mixin.py:190} INFO - [2024-11-13T19:29:49.776+1100] {override.py:1911} INFO - Created Permission View: can read on DAG:read_dataset_event
[2024-11-13T19:29:49.778+1100] {logging_mixin.py:190} INFO - [2024-11-13T19:29:49.778+1100] {override.py:1911} INFO - Created Permission View: can edit on DAG:read_dataset_event
[2024-11-13T19:29:49.780+1100] {logging_mixin.py:190} INFO - [2024-11-13T19:29:49.780+1100] {override.py:1911} INFO - Created Permission View: can delete on DAG Run:read_dataset_event
[2024-11-13T19:29:49.782+1100] {logging_mixin.py:190} INFO - [2024-11-13T19:29:49.782+1100] {override.py:1911} INFO - Created Permission View: can read on DAG Run:read_dataset_event
[2024-11-13T19:29:49.783+1100] {logging_mixin.py:190} INFO - [2024-11-13T19:29:49.783+1100] {override.py:1911} INFO - Created Permission View: can create on DAG Run:read_dataset_event
[2024-11-13T19:29:49.785+1100] {logging_mixin.py:190} INFO - [2024-11-13T19:29:49.785+1100] {override.py:1911} INFO - Created Permission View: menu access on DAG Run:read_dataset_event
[2024-11-13T19:29:49.785+1100] {logging_mixin.py:190} INFO - [2024-11-13T19:29:49.785+1100] {dag.py:3239} INFO - Sync 2 DAGs
[2024-11-13T19:29:49.789+1100] {logging_mixin.py:190} INFO - [2024-11-13T19:29:49.789+1100] {dag.py:3262} INFO - Creating ORM DAG for read_dataset_event_from_classic
[2024-11-13T19:29:49.789+1100] {logging_mixin.py:190} INFO - [2024-11-13T19:29:49.789+1100] {dag.py:3262} INFO - Creating ORM DAG for read_dataset_event
[2024-11-13T19:29:49.792+1100] {logging_mixin.py:190} INFO - [2024-11-13T19:29:49.792+1100] {dag.py:4180} INFO - Setting next_dagrun for read_dataset_event to 2024-11-12 00:00:00+00:00, run_after=2024-11-13 00:00:00+00:00
[2024-11-13T19:29:49.793+1100] {logging_mixin.py:190} INFO - [2024-11-13T19:29:49.793+1100] {dag.py:4180} INFO - Setting next_dagrun for read_dataset_event_from_classic to 2024-11-12 00:00:00+00:00, run_after=2024-11-13 00:00:00+00:00
[2024-11-13T19:29:49.799+1100] {processor.py:208} INFO - Processing /Users/yoonmoon/git/learn-airflow/airflow1/py_env/lib/python3.11/site-packages/airflow/example_dags/example_inlet_event_extra.py took 0.166 seconds
[2024-11-13T19:31:30.607+1100] {processor.py:186} INFO - Started process (PID=63985) to work on /Users/yoonmoon/git/learn-airflow/airflow1/py_env/lib/python3.11/site-packages/airflow/example_dags/example_inlet_event_extra.py
[2024-11-13T19:31:30.608+1100] {processor.py:914} INFO - Processing file /Users/yoonmoon/git/learn-airflow/airflow1/py_env/lib/python3.11/site-packages/airflow/example_dags/example_inlet_event_extra.py for tasks to queue
[2024-11-13T19:31:30.609+1100] {logging_mixin.py:190} INFO - [2024-11-13T19:31:30.609+1100] {dagbag.py:588} INFO - Filling up the DagBag from /Users/yoonmoon/git/learn-airflow/airflow1/py_env/lib/python3.11/site-packages/airflow/example_dags/example_inlet_event_extra.py
[2024-11-13T19:31:30.639+1100] {processor.py:925} INFO - DAG(s) 'read_dataset_event', 'read_dataset_event_from_classic' retrieved from /Users/yoonmoon/git/learn-airflow/airflow1/py_env/lib/python3.11/site-packages/airflow/example_dags/example_inlet_event_extra.py
[2024-11-13T19:31:30.703+1100] {logging_mixin.py:190} INFO - [2024-11-13T19:31:30.703+1100] {dag.py:3239} INFO - Sync 2 DAGs
[2024-11-13T19:31:30.711+1100] {logging_mixin.py:190} INFO - [2024-11-13T19:31:30.710+1100] {dag.py:4180} INFO - Setting next_dagrun for read_dataset_event to 2024-11-12 00:00:00+00:00, run_after=2024-11-13 00:00:00+00:00
[2024-11-13T19:31:30.712+1100] {logging_mixin.py:190} INFO - [2024-11-13T19:31:30.712+1100] {dag.py:4180} INFO - Setting next_dagrun for read_dataset_event_from_classic to 2024-11-12 00:00:00+00:00, run_after=2024-11-13 00:00:00+00:00
[2024-11-13T19:31:30.719+1100] {processor.py:208} INFO - Processing /Users/yoonmoon/git/learn-airflow/airflow1/py_env/lib/python3.11/site-packages/airflow/example_dags/example_inlet_event_extra.py took 0.114 seconds
[2024-11-13T19:33:52.103+1100] {processor.py:186} INFO - Started process (PID=64452) to work on /Users/yoonmoon/git/learn-airflow/airflow1/py_env/lib/python3.11/site-packages/airflow/example_dags/example_inlet_event_extra.py
[2024-11-13T19:33:52.104+1100] {processor.py:914} INFO - Processing file /Users/yoonmoon/git/learn-airflow/airflow1/py_env/lib/python3.11/site-packages/airflow/example_dags/example_inlet_event_extra.py for tasks to queue
[2024-11-13T19:33:52.104+1100] {logging_mixin.py:190} INFO - [2024-11-13T19:33:52.104+1100] {dagbag.py:588} INFO - Filling up the DagBag from /Users/yoonmoon/git/learn-airflow/airflow1/py_env/lib/python3.11/site-packages/airflow/example_dags/example_inlet_event_extra.py
[2024-11-13T19:33:52.132+1100] {processor.py:925} INFO - DAG(s) 'read_dataset_event', 'read_dataset_event_from_classic' retrieved from /Users/yoonmoon/git/learn-airflow/airflow1/py_env/lib/python3.11/site-packages/airflow/example_dags/example_inlet_event_extra.py
[2024-11-13T19:33:52.191+1100] {logging_mixin.py:190} INFO - [2024-11-13T19:33:52.191+1100] {dag.py:3239} INFO - Sync 2 DAGs
[2024-11-13T19:33:52.197+1100] {logging_mixin.py:190} INFO - [2024-11-13T19:33:52.197+1100] {dag.py:4180} INFO - Setting next_dagrun for read_dataset_event to 2024-11-12 00:00:00+00:00, run_after=2024-11-13 00:00:00+00:00
[2024-11-13T19:33:52.199+1100] {logging_mixin.py:190} INFO - [2024-11-13T19:33:52.199+1100] {dag.py:4180} INFO - Setting next_dagrun for read_dataset_event_from_classic to 2024-11-12 00:00:00+00:00, run_after=2024-11-13 00:00:00+00:00
[2024-11-13T19:33:52.205+1100] {processor.py:208} INFO - Processing /Users/yoonmoon/git/learn-airflow/airflow1/py_env/lib/python3.11/site-packages/airflow/example_dags/example_inlet_event_extra.py took 0.104 seconds
[2024-11-13T19:36:27.683+1100] {processor.py:186} INFO - Started process (PID=64883) to work on /Users/yoonmoon/git/learn-airflow/airflow1/py_env/lib/python3.11/site-packages/airflow/example_dags/example_inlet_event_extra.py
[2024-11-13T19:36:27.684+1100] {processor.py:914} INFO - Processing file /Users/yoonmoon/git/learn-airflow/airflow1/py_env/lib/python3.11/site-packages/airflow/example_dags/example_inlet_event_extra.py for tasks to queue
[2024-11-13T19:36:27.684+1100] {logging_mixin.py:190} INFO - [2024-11-13T19:36:27.684+1100] {dagbag.py:588} INFO - Filling up the DagBag from /Users/yoonmoon/git/learn-airflow/airflow1/py_env/lib/python3.11/site-packages/airflow/example_dags/example_inlet_event_extra.py
[2024-11-13T19:36:27.716+1100] {processor.py:925} INFO - DAG(s) 'read_dataset_event', 'read_dataset_event_from_classic' retrieved from /Users/yoonmoon/git/learn-airflow/airflow1/py_env/lib/python3.11/site-packages/airflow/example_dags/example_inlet_event_extra.py
[2024-11-13T19:36:27.775+1100] {logging_mixin.py:190} INFO - [2024-11-13T19:36:27.775+1100] {dag.py:3239} INFO - Sync 2 DAGs
[2024-11-13T19:36:27.781+1100] {logging_mixin.py:190} INFO - [2024-11-13T19:36:27.781+1100] {dag.py:4180} INFO - Setting next_dagrun for read_dataset_event to 2024-11-12 00:00:00+00:00, run_after=2024-11-13 00:00:00+00:00
[2024-11-13T19:36:27.783+1100] {logging_mixin.py:190} INFO - [2024-11-13T19:36:27.783+1100] {dag.py:4180} INFO - Setting next_dagrun for read_dataset_event_from_classic to 2024-11-12 00:00:00+00:00, run_after=2024-11-13 00:00:00+00:00
[2024-11-13T19:36:27.788+1100] {processor.py:208} INFO - Processing /Users/yoonmoon/git/learn-airflow/airflow1/py_env/lib/python3.11/site-packages/airflow/example_dags/example_inlet_event_extra.py took 0.107 seconds
[2024-11-13T19:38:43.691+1100] {processor.py:186} INFO - Started process (PID=65169) to work on /Users/yoonmoon/git/learn-airflow/airflow1/py_env/lib/python3.11/site-packages/airflow/example_dags/example_inlet_event_extra.py
[2024-11-13T19:38:43.692+1100] {processor.py:914} INFO - Processing file /Users/yoonmoon/git/learn-airflow/airflow1/py_env/lib/python3.11/site-packages/airflow/example_dags/example_inlet_event_extra.py for tasks to queue
[2024-11-13T19:38:43.693+1100] {logging_mixin.py:190} INFO - [2024-11-13T19:38:43.692+1100] {dagbag.py:588} INFO - Filling up the DagBag from /Users/yoonmoon/git/learn-airflow/airflow1/py_env/lib/python3.11/site-packages/airflow/example_dags/example_inlet_event_extra.py
[2024-11-13T19:38:43.722+1100] {processor.py:925} INFO - DAG(s) 'read_dataset_event', 'read_dataset_event_from_classic' retrieved from /Users/yoonmoon/git/learn-airflow/airflow1/py_env/lib/python3.11/site-packages/airflow/example_dags/example_inlet_event_extra.py
[2024-11-13T19:38:43.780+1100] {logging_mixin.py:190} INFO - [2024-11-13T19:38:43.780+1100] {dag.py:3239} INFO - Sync 2 DAGs
[2024-11-13T19:38:43.787+1100] {logging_mixin.py:190} INFO - [2024-11-13T19:38:43.786+1100] {dag.py:4180} INFO - Setting next_dagrun for read_dataset_event to 2024-11-12 00:00:00+00:00, run_after=2024-11-13 00:00:00+00:00
[2024-11-13T19:38:43.788+1100] {logging_mixin.py:190} INFO - [2024-11-13T19:38:43.788+1100] {dag.py:4180} INFO - Setting next_dagrun for read_dataset_event_from_classic to 2024-11-12 00:00:00+00:00, run_after=2024-11-13 00:00:00+00:00
[2024-11-13T19:38:43.794+1100] {processor.py:208} INFO - Processing /Users/yoonmoon/git/learn-airflow/airflow1/py_env/lib/python3.11/site-packages/airflow/example_dags/example_inlet_event_extra.py took 0.105 seconds
[2024-11-13T19:41:00.703+1100] {processor.py:186} INFO - Started process (PID=65467) to work on /Users/yoonmoon/git/learn-airflow/airflow1/py_env/lib/python3.11/site-packages/airflow/example_dags/example_inlet_event_extra.py
[2024-11-13T19:41:00.703+1100] {processor.py:914} INFO - Processing file /Users/yoonmoon/git/learn-airflow/airflow1/py_env/lib/python3.11/site-packages/airflow/example_dags/example_inlet_event_extra.py for tasks to queue
[2024-11-13T19:41:00.704+1100] {logging_mixin.py:190} INFO - [2024-11-13T19:41:00.704+1100] {dagbag.py:588} INFO - Filling up the DagBag from /Users/yoonmoon/git/learn-airflow/airflow1/py_env/lib/python3.11/site-packages/airflow/example_dags/example_inlet_event_extra.py
[2024-11-13T19:41:00.735+1100] {processor.py:925} INFO - DAG(s) 'read_dataset_event', 'read_dataset_event_from_classic' retrieved from /Users/yoonmoon/git/learn-airflow/airflow1/py_env/lib/python3.11/site-packages/airflow/example_dags/example_inlet_event_extra.py
[2024-11-13T19:41:00.795+1100] {logging_mixin.py:190} INFO - [2024-11-13T19:41:00.795+1100] {dag.py:3239} INFO - Sync 2 DAGs
[2024-11-13T19:41:00.801+1100] {logging_mixin.py:190} INFO - [2024-11-13T19:41:00.801+1100] {dag.py:4180} INFO - Setting next_dagrun for read_dataset_event to 2024-11-12 00:00:00+00:00, run_after=2024-11-13 00:00:00+00:00
[2024-11-13T19:41:00.803+1100] {logging_mixin.py:190} INFO - [2024-11-13T19:41:00.803+1100] {dag.py:4180} INFO - Setting next_dagrun for read_dataset_event_from_classic to 2024-11-12 00:00:00+00:00, run_after=2024-11-13 00:00:00+00:00
[2024-11-13T19:41:00.809+1100] {processor.py:208} INFO - Processing /Users/yoonmoon/git/learn-airflow/airflow1/py_env/lib/python3.11/site-packages/airflow/example_dags/example_inlet_event_extra.py took 0.108 seconds
[2024-11-13T19:43:19.859+1100] {processor.py:186} INFO - Started process (PID=65724) to work on /Users/yoonmoon/git/learn-airflow/airflow1/py_env/lib/python3.11/site-packages/airflow/example_dags/example_inlet_event_extra.py
[2024-11-13T19:43:19.860+1100] {processor.py:914} INFO - Processing file /Users/yoonmoon/git/learn-airflow/airflow1/py_env/lib/python3.11/site-packages/airflow/example_dags/example_inlet_event_extra.py for tasks to queue
[2024-11-13T19:43:19.860+1100] {logging_mixin.py:190} INFO - [2024-11-13T19:43:19.860+1100] {dagbag.py:588} INFO - Filling up the DagBag from /Users/yoonmoon/git/learn-airflow/airflow1/py_env/lib/python3.11/site-packages/airflow/example_dags/example_inlet_event_extra.py
[2024-11-13T19:43:19.885+1100] {processor.py:925} INFO - DAG(s) 'read_dataset_event', 'read_dataset_event_from_classic' retrieved from /Users/yoonmoon/git/learn-airflow/airflow1/py_env/lib/python3.11/site-packages/airflow/example_dags/example_inlet_event_extra.py
[2024-11-13T19:43:19.944+1100] {logging_mixin.py:190} INFO - [2024-11-13T19:43:19.944+1100] {dag.py:3239} INFO - Sync 2 DAGs
[2024-11-13T19:43:19.950+1100] {logging_mixin.py:190} INFO - [2024-11-13T19:43:19.950+1100] {dag.py:4180} INFO - Setting next_dagrun for read_dataset_event to 2024-11-12 00:00:00+00:00, run_after=2024-11-13 00:00:00+00:00
[2024-11-13T19:43:19.952+1100] {logging_mixin.py:190} INFO - [2024-11-13T19:43:19.952+1100] {dag.py:4180} INFO - Setting next_dagrun for read_dataset_event_from_classic to 2024-11-12 00:00:00+00:00, run_after=2024-11-13 00:00:00+00:00
[2024-11-13T19:43:19.957+1100] {processor.py:208} INFO - Processing /Users/yoonmoon/git/learn-airflow/airflow1/py_env/lib/python3.11/site-packages/airflow/example_dags/example_inlet_event_extra.py took 0.100 seconds
[2024-11-13T19:45:36.422+1100] {processor.py:186} INFO - Started process (PID=65994) to work on /Users/yoonmoon/git/learn-airflow/airflow1/py_env/lib/python3.11/site-packages/airflow/example_dags/example_inlet_event_extra.py
[2024-11-13T19:45:36.423+1100] {processor.py:914} INFO - Processing file /Users/yoonmoon/git/learn-airflow/airflow1/py_env/lib/python3.11/site-packages/airflow/example_dags/example_inlet_event_extra.py for tasks to queue
[2024-11-13T19:45:36.423+1100] {logging_mixin.py:190} INFO - [2024-11-13T19:45:36.423+1100] {dagbag.py:588} INFO - Filling up the DagBag from /Users/yoonmoon/git/learn-airflow/airflow1/py_env/lib/python3.11/site-packages/airflow/example_dags/example_inlet_event_extra.py
[2024-11-13T19:45:36.448+1100] {processor.py:925} INFO - DAG(s) 'read_dataset_event_from_classic', 'read_dataset_event' retrieved from /Users/yoonmoon/git/learn-airflow/airflow1/py_env/lib/python3.11/site-packages/airflow/example_dags/example_inlet_event_extra.py
[2024-11-13T19:45:36.505+1100] {logging_mixin.py:190} INFO - [2024-11-13T19:45:36.505+1100] {dag.py:3239} INFO - Sync 2 DAGs
[2024-11-13T19:45:36.512+1100] {logging_mixin.py:190} INFO - [2024-11-13T19:45:36.511+1100] {dag.py:4180} INFO - Setting next_dagrun for read_dataset_event to 2024-11-12 00:00:00+00:00, run_after=2024-11-13 00:00:00+00:00
[2024-11-13T19:45:36.513+1100] {logging_mixin.py:190} INFO - [2024-11-13T19:45:36.513+1100] {dag.py:4180} INFO - Setting next_dagrun for read_dataset_event_from_classic to 2024-11-12 00:00:00+00:00, run_after=2024-11-13 00:00:00+00:00
[2024-11-13T19:45:36.519+1100] {processor.py:208} INFO - Processing /Users/yoonmoon/git/learn-airflow/airflow1/py_env/lib/python3.11/site-packages/airflow/example_dags/example_inlet_event_extra.py took 0.099 seconds
[2024-11-13T19:47:46.776+1100] {processor.py:186} INFO - Started process (PID=66240) to work on /Users/yoonmoon/git/learn-airflow/airflow1/py_env/lib/python3.11/site-packages/airflow/example_dags/example_inlet_event_extra.py
[2024-11-13T19:47:46.777+1100] {processor.py:914} INFO - Processing file /Users/yoonmoon/git/learn-airflow/airflow1/py_env/lib/python3.11/site-packages/airflow/example_dags/example_inlet_event_extra.py for tasks to queue
[2024-11-13T19:47:46.777+1100] {logging_mixin.py:190} INFO - [2024-11-13T19:47:46.777+1100] {dagbag.py:588} INFO - Filling up the DagBag from /Users/yoonmoon/git/learn-airflow/airflow1/py_env/lib/python3.11/site-packages/airflow/example_dags/example_inlet_event_extra.py
[2024-11-13T19:47:46.801+1100] {processor.py:925} INFO - DAG(s) 'read_dataset_event_from_classic', 'read_dataset_event' retrieved from /Users/yoonmoon/git/learn-airflow/airflow1/py_env/lib/python3.11/site-packages/airflow/example_dags/example_inlet_event_extra.py
[2024-11-13T19:47:46.858+1100] {logging_mixin.py:190} INFO - [2024-11-13T19:47:46.858+1100] {dag.py:3239} INFO - Sync 2 DAGs
[2024-11-13T19:47:46.865+1100] {logging_mixin.py:190} INFO - [2024-11-13T19:47:46.865+1100] {dag.py:4180} INFO - Setting next_dagrun for read_dataset_event to 2024-11-12 00:00:00+00:00, run_after=2024-11-13 00:00:00+00:00
[2024-11-13T19:47:46.866+1100] {logging_mixin.py:190} INFO - [2024-11-13T19:47:46.866+1100] {dag.py:4180} INFO - Setting next_dagrun for read_dataset_event_from_classic to 2024-11-12 00:00:00+00:00, run_after=2024-11-13 00:00:00+00:00
[2024-11-13T19:47:46.872+1100] {processor.py:208} INFO - Processing /Users/yoonmoon/git/learn-airflow/airflow1/py_env/lib/python3.11/site-packages/airflow/example_dags/example_inlet_event_extra.py took 0.099 seconds
[2024-11-13T19:49:54.790+1100] {processor.py:186} INFO - Started process (PID=66476) to work on /Users/yoonmoon/git/learn-airflow/airflow1/py_env/lib/python3.11/site-packages/airflow/example_dags/example_inlet_event_extra.py
[2024-11-13T19:49:54.791+1100] {processor.py:914} INFO - Processing file /Users/yoonmoon/git/learn-airflow/airflow1/py_env/lib/python3.11/site-packages/airflow/example_dags/example_inlet_event_extra.py for tasks to queue
[2024-11-13T19:49:54.791+1100] {logging_mixin.py:190} INFO - [2024-11-13T19:49:54.791+1100] {dagbag.py:588} INFO - Filling up the DagBag from /Users/yoonmoon/git/learn-airflow/airflow1/py_env/lib/python3.11/site-packages/airflow/example_dags/example_inlet_event_extra.py
[2024-11-13T19:49:54.819+1100] {processor.py:925} INFO - DAG(s) 'read_dataset_event_from_classic', 'read_dataset_event' retrieved from /Users/yoonmoon/git/learn-airflow/airflow1/py_env/lib/python3.11/site-packages/airflow/example_dags/example_inlet_event_extra.py
[2024-11-13T19:49:54.881+1100] {logging_mixin.py:190} INFO - [2024-11-13T19:49:54.881+1100] {dag.py:3239} INFO - Sync 2 DAGs
[2024-11-13T19:49:54.888+1100] {logging_mixin.py:190} INFO - [2024-11-13T19:49:54.888+1100] {dag.py:4180} INFO - Setting next_dagrun for read_dataset_event to 2024-11-12 00:00:00+00:00, run_after=2024-11-13 00:00:00+00:00
[2024-11-13T19:49:54.890+1100] {logging_mixin.py:190} INFO - [2024-11-13T19:49:54.890+1100] {dag.py:4180} INFO - Setting next_dagrun for read_dataset_event_from_classic to 2024-11-12 00:00:00+00:00, run_after=2024-11-13 00:00:00+00:00
[2024-11-13T19:49:54.896+1100] {processor.py:208} INFO - Processing /Users/yoonmoon/git/learn-airflow/airflow1/py_env/lib/python3.11/site-packages/airflow/example_dags/example_inlet_event_extra.py took 0.109 seconds
[2024-11-13T19:52:14.290+1100] {processor.py:186} INFO - Started process (PID=66725) to work on /Users/yoonmoon/git/learn-airflow/airflow1/py_env/lib/python3.11/site-packages/airflow/example_dags/example_inlet_event_extra.py
[2024-11-13T19:52:14.292+1100] {processor.py:914} INFO - Processing file /Users/yoonmoon/git/learn-airflow/airflow1/py_env/lib/python3.11/site-packages/airflow/example_dags/example_inlet_event_extra.py for tasks to queue
[2024-11-13T19:52:14.292+1100] {logging_mixin.py:190} INFO - [2024-11-13T19:52:14.292+1100] {dagbag.py:588} INFO - Filling up the DagBag from /Users/yoonmoon/git/learn-airflow/airflow1/py_env/lib/python3.11/site-packages/airflow/example_dags/example_inlet_event_extra.py
[2024-11-13T19:52:14.317+1100] {processor.py:925} INFO - DAG(s) 'read_dataset_event', 'read_dataset_event_from_classic' retrieved from /Users/yoonmoon/git/learn-airflow/airflow1/py_env/lib/python3.11/site-packages/airflow/example_dags/example_inlet_event_extra.py
[2024-11-13T19:52:14.374+1100] {logging_mixin.py:190} INFO - [2024-11-13T19:52:14.374+1100] {dag.py:3239} INFO - Sync 2 DAGs
[2024-11-13T19:52:14.381+1100] {logging_mixin.py:190} INFO - [2024-11-13T19:52:14.381+1100] {dag.py:4180} INFO - Setting next_dagrun for read_dataset_event to 2024-11-12 00:00:00+00:00, run_after=2024-11-13 00:00:00+00:00
[2024-11-13T19:52:14.382+1100] {logging_mixin.py:190} INFO - [2024-11-13T19:52:14.382+1100] {dag.py:4180} INFO - Setting next_dagrun for read_dataset_event_from_classic to 2024-11-12 00:00:00+00:00, run_after=2024-11-13 00:00:00+00:00
[2024-11-13T19:52:14.388+1100] {processor.py:208} INFO - Processing /Users/yoonmoon/git/learn-airflow/airflow1/py_env/lib/python3.11/site-packages/airflow/example_dags/example_inlet_event_extra.py took 0.100 seconds
[2024-11-13T19:54:34.191+1100] {processor.py:186} INFO - Started process (PID=67001) to work on /Users/yoonmoon/git/learn-airflow/airflow1/py_env/lib/python3.11/site-packages/airflow/example_dags/example_inlet_event_extra.py
[2024-11-13T19:54:34.191+1100] {processor.py:914} INFO - Processing file /Users/yoonmoon/git/learn-airflow/airflow1/py_env/lib/python3.11/site-packages/airflow/example_dags/example_inlet_event_extra.py for tasks to queue
[2024-11-13T19:54:34.192+1100] {logging_mixin.py:190} INFO - [2024-11-13T19:54:34.192+1100] {dagbag.py:588} INFO - Filling up the DagBag from /Users/yoonmoon/git/learn-airflow/airflow1/py_env/lib/python3.11/site-packages/airflow/example_dags/example_inlet_event_extra.py
[2024-11-13T19:54:34.220+1100] {processor.py:925} INFO - DAG(s) 'read_dataset_event_from_classic', 'read_dataset_event' retrieved from /Users/yoonmoon/git/learn-airflow/airflow1/py_env/lib/python3.11/site-packages/airflow/example_dags/example_inlet_event_extra.py
[2024-11-13T19:54:34.279+1100] {logging_mixin.py:190} INFO - [2024-11-13T19:54:34.278+1100] {dag.py:3239} INFO - Sync 2 DAGs
[2024-11-13T19:54:34.285+1100] {logging_mixin.py:190} INFO - [2024-11-13T19:54:34.285+1100] {dag.py:4180} INFO - Setting next_dagrun for read_dataset_event to 2024-11-12 00:00:00+00:00, run_after=2024-11-13 00:00:00+00:00
[2024-11-13T19:54:34.286+1100] {logging_mixin.py:190} INFO - [2024-11-13T19:54:34.286+1100] {dag.py:4180} INFO - Setting next_dagrun for read_dataset_event_from_classic to 2024-11-12 00:00:00+00:00, run_after=2024-11-13 00:00:00+00:00
[2024-11-13T19:54:34.292+1100] {processor.py:208} INFO - Processing /Users/yoonmoon/git/learn-airflow/airflow1/py_env/lib/python3.11/site-packages/airflow/example_dags/example_inlet_event_extra.py took 0.104 seconds
[2024-11-13T19:56:54.131+1100] {processor.py:186} INFO - Started process (PID=67262) to work on /Users/yoonmoon/git/learn-airflow/airflow1/py_env/lib/python3.11/site-packages/airflow/example_dags/example_inlet_event_extra.py
[2024-11-13T19:56:54.132+1100] {processor.py:914} INFO - Processing file /Users/yoonmoon/git/learn-airflow/airflow1/py_env/lib/python3.11/site-packages/airflow/example_dags/example_inlet_event_extra.py for tasks to queue
[2024-11-13T19:56:54.133+1100] {logging_mixin.py:190} INFO - [2024-11-13T19:56:54.132+1100] {dagbag.py:588} INFO - Filling up the DagBag from /Users/yoonmoon/git/learn-airflow/airflow1/py_env/lib/python3.11/site-packages/airflow/example_dags/example_inlet_event_extra.py
[2024-11-13T19:56:54.157+1100] {processor.py:925} INFO - DAG(s) 'read_dataset_event_from_classic', 'read_dataset_event' retrieved from /Users/yoonmoon/git/learn-airflow/airflow1/py_env/lib/python3.11/site-packages/airflow/example_dags/example_inlet_event_extra.py
[2024-11-13T19:56:54.220+1100] {logging_mixin.py:190} INFO - [2024-11-13T19:56:54.220+1100] {dag.py:3239} INFO - Sync 2 DAGs
[2024-11-13T19:56:54.228+1100] {logging_mixin.py:190} INFO - [2024-11-13T19:56:54.227+1100] {dag.py:4180} INFO - Setting next_dagrun for read_dataset_event to 2024-11-12 00:00:00+00:00, run_after=2024-11-13 00:00:00+00:00
[2024-11-13T19:56:54.229+1100] {logging_mixin.py:190} INFO - [2024-11-13T19:56:54.229+1100] {dag.py:4180} INFO - Setting next_dagrun for read_dataset_event_from_classic to 2024-11-12 00:00:00+00:00, run_after=2024-11-13 00:00:00+00:00
[2024-11-13T19:56:54.235+1100] {processor.py:208} INFO - Processing /Users/yoonmoon/git/learn-airflow/airflow1/py_env/lib/python3.11/site-packages/airflow/example_dags/example_inlet_event_extra.py took 0.107 seconds
[2024-11-13T19:59:07.442+1100] {processor.py:186} INFO - Started process (PID=67508) to work on /Users/yoonmoon/git/learn-airflow/airflow1/py_env/lib/python3.11/site-packages/airflow/example_dags/example_inlet_event_extra.py
[2024-11-13T19:59:07.444+1100] {processor.py:914} INFO - Processing file /Users/yoonmoon/git/learn-airflow/airflow1/py_env/lib/python3.11/site-packages/airflow/example_dags/example_inlet_event_extra.py for tasks to queue
[2024-11-13T19:59:07.444+1100] {logging_mixin.py:190} INFO - [2024-11-13T19:59:07.444+1100] {dagbag.py:588} INFO - Filling up the DagBag from /Users/yoonmoon/git/learn-airflow/airflow1/py_env/lib/python3.11/site-packages/airflow/example_dags/example_inlet_event_extra.py
[2024-11-13T19:59:07.472+1100] {processor.py:925} INFO - DAG(s) 'read_dataset_event', 'read_dataset_event_from_classic' retrieved from /Users/yoonmoon/git/learn-airflow/airflow1/py_env/lib/python3.11/site-packages/airflow/example_dags/example_inlet_event_extra.py
[2024-11-13T19:59:07.530+1100] {logging_mixin.py:190} INFO - [2024-11-13T19:59:07.529+1100] {dag.py:3239} INFO - Sync 2 DAGs
[2024-11-13T19:59:07.536+1100] {logging_mixin.py:190} INFO - [2024-11-13T19:59:07.536+1100] {dag.py:4180} INFO - Setting next_dagrun for read_dataset_event to 2024-11-12 00:00:00+00:00, run_after=2024-11-13 00:00:00+00:00
[2024-11-13T19:59:07.538+1100] {logging_mixin.py:190} INFO - [2024-11-13T19:59:07.538+1100] {dag.py:4180} INFO - Setting next_dagrun for read_dataset_event_from_classic to 2024-11-12 00:00:00+00:00, run_after=2024-11-13 00:00:00+00:00
[2024-11-13T19:59:07.543+1100] {processor.py:208} INFO - Processing /Users/yoonmoon/git/learn-airflow/airflow1/py_env/lib/python3.11/site-packages/airflow/example_dags/example_inlet_event_extra.py took 0.104 seconds
[2024-11-13T20:01:22.965+1100] {processor.py:186} INFO - Started process (PID=67756) to work on /Users/yoonmoon/git/learn-airflow/airflow1/py_env/lib/python3.11/site-packages/airflow/example_dags/example_inlet_event_extra.py
[2024-11-13T20:01:22.966+1100] {processor.py:914} INFO - Processing file /Users/yoonmoon/git/learn-airflow/airflow1/py_env/lib/python3.11/site-packages/airflow/example_dags/example_inlet_event_extra.py for tasks to queue
[2024-11-13T20:01:22.967+1100] {logging_mixin.py:190} INFO - [2024-11-13T20:01:22.966+1100] {dagbag.py:588} INFO - Filling up the DagBag from /Users/yoonmoon/git/learn-airflow/airflow1/py_env/lib/python3.11/site-packages/airflow/example_dags/example_inlet_event_extra.py
[2024-11-13T20:01:22.995+1100] {processor.py:925} INFO - DAG(s) 'read_dataset_event', 'read_dataset_event_from_classic' retrieved from /Users/yoonmoon/git/learn-airflow/airflow1/py_env/lib/python3.11/site-packages/airflow/example_dags/example_inlet_event_extra.py
[2024-11-13T20:01:23.054+1100] {logging_mixin.py:190} INFO - [2024-11-13T20:01:23.054+1100] {dag.py:3239} INFO - Sync 2 DAGs
[2024-11-13T20:01:23.060+1100] {logging_mixin.py:190} INFO - [2024-11-13T20:01:23.060+1100] {dag.py:4180} INFO - Setting next_dagrun for read_dataset_event to 2024-11-12 00:00:00+00:00, run_after=2024-11-13 00:00:00+00:00
[2024-11-13T20:01:23.062+1100] {logging_mixin.py:190} INFO - [2024-11-13T20:01:23.062+1100] {dag.py:4180} INFO - Setting next_dagrun for read_dataset_event_from_classic to 2024-11-12 00:00:00+00:00, run_after=2024-11-13 00:00:00+00:00
[2024-11-13T20:01:23.067+1100] {processor.py:208} INFO - Processing /Users/yoonmoon/git/learn-airflow/airflow1/py_env/lib/python3.11/site-packages/airflow/example_dags/example_inlet_event_extra.py took 0.105 seconds
[2024-11-13T20:03:40.626+1100] {processor.py:186} INFO - Started process (PID=68002) to work on /Users/yoonmoon/git/learn-airflow/airflow1/py_env/lib/python3.11/site-packages/airflow/example_dags/example_inlet_event_extra.py
[2024-11-13T20:03:40.627+1100] {processor.py:914} INFO - Processing file /Users/yoonmoon/git/learn-airflow/airflow1/py_env/lib/python3.11/site-packages/airflow/example_dags/example_inlet_event_extra.py for tasks to queue
[2024-11-13T20:03:40.628+1100] {logging_mixin.py:190} INFO - [2024-11-13T20:03:40.628+1100] {dagbag.py:588} INFO - Filling up the DagBag from /Users/yoonmoon/git/learn-airflow/airflow1/py_env/lib/python3.11/site-packages/airflow/example_dags/example_inlet_event_extra.py
[2024-11-13T20:03:40.656+1100] {processor.py:925} INFO - DAG(s) 'read_dataset_event_from_classic', 'read_dataset_event' retrieved from /Users/yoonmoon/git/learn-airflow/airflow1/py_env/lib/python3.11/site-packages/airflow/example_dags/example_inlet_event_extra.py
[2024-11-13T20:03:40.714+1100] {logging_mixin.py:190} INFO - [2024-11-13T20:03:40.714+1100] {dag.py:3239} INFO - Sync 2 DAGs
[2024-11-13T20:03:40.721+1100] {logging_mixin.py:190} INFO - [2024-11-13T20:03:40.721+1100] {dag.py:4180} INFO - Setting next_dagrun for read_dataset_event to 2024-11-12 00:00:00+00:00, run_after=2024-11-13 00:00:00+00:00
[2024-11-13T20:03:40.722+1100] {logging_mixin.py:190} INFO - [2024-11-13T20:03:40.722+1100] {dag.py:4180} INFO - Setting next_dagrun for read_dataset_event_from_classic to 2024-11-12 00:00:00+00:00, run_after=2024-11-13 00:00:00+00:00
[2024-11-13T20:03:40.728+1100] {processor.py:208} INFO - Processing /Users/yoonmoon/git/learn-airflow/airflow1/py_env/lib/python3.11/site-packages/airflow/example_dags/example_inlet_event_extra.py took 0.105 seconds
[2024-11-13T20:05:58.876+1100] {processor.py:186} INFO - Started process (PID=68276) to work on /Users/yoonmoon/git/learn-airflow/airflow1/py_env/lib/python3.11/site-packages/airflow/example_dags/example_inlet_event_extra.py
[2024-11-13T20:05:58.877+1100] {processor.py:914} INFO - Processing file /Users/yoonmoon/git/learn-airflow/airflow1/py_env/lib/python3.11/site-packages/airflow/example_dags/example_inlet_event_extra.py for tasks to queue
[2024-11-13T20:05:58.877+1100] {logging_mixin.py:190} INFO - [2024-11-13T20:05:58.877+1100] {dagbag.py:588} INFO - Filling up the DagBag from /Users/yoonmoon/git/learn-airflow/airflow1/py_env/lib/python3.11/site-packages/airflow/example_dags/example_inlet_event_extra.py
[2024-11-13T20:05:58.904+1100] {processor.py:925} INFO - DAG(s) 'read_dataset_event', 'read_dataset_event_from_classic' retrieved from /Users/yoonmoon/git/learn-airflow/airflow1/py_env/lib/python3.11/site-packages/airflow/example_dags/example_inlet_event_extra.py
[2024-11-13T20:05:58.964+1100] {logging_mixin.py:190} INFO - [2024-11-13T20:05:58.964+1100] {dag.py:3239} INFO - Sync 2 DAGs
[2024-11-13T20:05:58.971+1100] {logging_mixin.py:190} INFO - [2024-11-13T20:05:58.971+1100] {dag.py:4180} INFO - Setting next_dagrun for read_dataset_event to 2024-11-12 00:00:00+00:00, run_after=2024-11-13 00:00:00+00:00
[2024-11-13T20:05:58.972+1100] {logging_mixin.py:190} INFO - [2024-11-13T20:05:58.972+1100] {dag.py:4180} INFO - Setting next_dagrun for read_dataset_event_from_classic to 2024-11-12 00:00:00+00:00, run_after=2024-11-13 00:00:00+00:00
[2024-11-13T20:05:58.978+1100] {processor.py:208} INFO - Processing /Users/yoonmoon/git/learn-airflow/airflow1/py_env/lib/python3.11/site-packages/airflow/example_dags/example_inlet_event_extra.py took 0.105 seconds
[2024-11-13T20:08:17.618+1100] {processor.py:186} INFO - Started process (PID=68547) to work on /Users/yoonmoon/git/learn-airflow/airflow1/py_env/lib/python3.11/site-packages/airflow/example_dags/example_inlet_event_extra.py
[2024-11-13T20:08:17.619+1100] {processor.py:914} INFO - Processing file /Users/yoonmoon/git/learn-airflow/airflow1/py_env/lib/python3.11/site-packages/airflow/example_dags/example_inlet_event_extra.py for tasks to queue
[2024-11-13T20:08:17.620+1100] {logging_mixin.py:190} INFO - [2024-11-13T20:08:17.620+1100] {dagbag.py:588} INFO - Filling up the DagBag from /Users/yoonmoon/git/learn-airflow/airflow1/py_env/lib/python3.11/site-packages/airflow/example_dags/example_inlet_event_extra.py
[2024-11-13T20:08:17.649+1100] {processor.py:925} INFO - DAG(s) 'read_dataset_event', 'read_dataset_event_from_classic' retrieved from /Users/yoonmoon/git/learn-airflow/airflow1/py_env/lib/python3.11/site-packages/airflow/example_dags/example_inlet_event_extra.py
[2024-11-13T20:08:17.713+1100] {logging_mixin.py:190} INFO - [2024-11-13T20:08:17.713+1100] {dag.py:3239} INFO - Sync 2 DAGs
[2024-11-13T20:08:17.720+1100] {logging_mixin.py:190} INFO - [2024-11-13T20:08:17.720+1100] {dag.py:4180} INFO - Setting next_dagrun for read_dataset_event to 2024-11-12 00:00:00+00:00, run_after=2024-11-13 00:00:00+00:00
[2024-11-13T20:08:17.721+1100] {logging_mixin.py:190} INFO - [2024-11-13T20:08:17.721+1100] {dag.py:4180} INFO - Setting next_dagrun for read_dataset_event_from_classic to 2024-11-12 00:00:00+00:00, run_after=2024-11-13 00:00:00+00:00
[2024-11-13T20:08:17.727+1100] {processor.py:208} INFO - Processing /Users/yoonmoon/git/learn-airflow/airflow1/py_env/lib/python3.11/site-packages/airflow/example_dags/example_inlet_event_extra.py took 0.111 seconds
[2024-11-13T20:10:40.047+1100] {processor.py:186} INFO - Started process (PID=68838) to work on /Users/yoonmoon/git/learn-airflow/airflow1/py_env/lib/python3.11/site-packages/airflow/example_dags/example_inlet_event_extra.py
[2024-11-13T20:10:40.048+1100] {processor.py:914} INFO - Processing file /Users/yoonmoon/git/learn-airflow/airflow1/py_env/lib/python3.11/site-packages/airflow/example_dags/example_inlet_event_extra.py for tasks to queue
[2024-11-13T20:10:40.049+1100] {logging_mixin.py:190} INFO - [2024-11-13T20:10:40.049+1100] {dagbag.py:588} INFO - Filling up the DagBag from /Users/yoonmoon/git/learn-airflow/airflow1/py_env/lib/python3.11/site-packages/airflow/example_dags/example_inlet_event_extra.py
[2024-11-13T20:10:40.073+1100] {processor.py:925} INFO - DAG(s) 'read_dataset_event_from_classic', 'read_dataset_event' retrieved from /Users/yoonmoon/git/learn-airflow/airflow1/py_env/lib/python3.11/site-packages/airflow/example_dags/example_inlet_event_extra.py
[2024-11-13T20:10:40.133+1100] {logging_mixin.py:190} INFO - [2024-11-13T20:10:40.133+1100] {dag.py:3239} INFO - Sync 2 DAGs
[2024-11-13T20:10:40.140+1100] {logging_mixin.py:190} INFO - [2024-11-13T20:10:40.140+1100] {dag.py:4180} INFO - Setting next_dagrun for read_dataset_event to 2024-11-12 00:00:00+00:00, run_after=2024-11-13 00:00:00+00:00
[2024-11-13T20:10:40.141+1100] {logging_mixin.py:190} INFO - [2024-11-13T20:10:40.141+1100] {dag.py:4180} INFO - Setting next_dagrun for read_dataset_event_from_classic to 2024-11-12 00:00:00+00:00, run_after=2024-11-13 00:00:00+00:00
[2024-11-13T20:10:40.147+1100] {processor.py:208} INFO - Processing /Users/yoonmoon/git/learn-airflow/airflow1/py_env/lib/python3.11/site-packages/airflow/example_dags/example_inlet_event_extra.py took 0.102 seconds
[2024-11-13T20:12:53.345+1100] {processor.py:186} INFO - Started process (PID=69090) to work on /Users/yoonmoon/git/learn-airflow/airflow1/py_env/lib/python3.11/site-packages/airflow/example_dags/example_inlet_event_extra.py
[2024-11-13T20:12:53.346+1100] {processor.py:914} INFO - Processing file /Users/yoonmoon/git/learn-airflow/airflow1/py_env/lib/python3.11/site-packages/airflow/example_dags/example_inlet_event_extra.py for tasks to queue
[2024-11-13T20:12:53.347+1100] {logging_mixin.py:190} INFO - [2024-11-13T20:12:53.347+1100] {dagbag.py:588} INFO - Filling up the DagBag from /Users/yoonmoon/git/learn-airflow/airflow1/py_env/lib/python3.11/site-packages/airflow/example_dags/example_inlet_event_extra.py
[2024-11-13T20:12:53.371+1100] {processor.py:925} INFO - DAG(s) 'read_dataset_event_from_classic', 'read_dataset_event' retrieved from /Users/yoonmoon/git/learn-airflow/airflow1/py_env/lib/python3.11/site-packages/airflow/example_dags/example_inlet_event_extra.py
[2024-11-13T20:12:53.432+1100] {logging_mixin.py:190} INFO - [2024-11-13T20:12:53.432+1100] {dag.py:3239} INFO - Sync 2 DAGs
[2024-11-13T20:12:53.439+1100] {logging_mixin.py:190} INFO - [2024-11-13T20:12:53.439+1100] {dag.py:4180} INFO - Setting next_dagrun for read_dataset_event to 2024-11-12 00:00:00+00:00, run_after=2024-11-13 00:00:00+00:00
[2024-11-13T20:12:53.440+1100] {logging_mixin.py:190} INFO - [2024-11-13T20:12:53.440+1100] {dag.py:4180} INFO - Setting next_dagrun for read_dataset_event_from_classic to 2024-11-12 00:00:00+00:00, run_after=2024-11-13 00:00:00+00:00
[2024-11-13T20:12:53.446+1100] {processor.py:208} INFO - Processing /Users/yoonmoon/git/learn-airflow/airflow1/py_env/lib/python3.11/site-packages/airflow/example_dags/example_inlet_event_extra.py took 0.104 seconds
[2024-11-13T20:15:13.322+1100] {processor.py:186} INFO - Started process (PID=69339) to work on /Users/yoonmoon/git/learn-airflow/airflow1/py_env/lib/python3.11/site-packages/airflow/example_dags/example_inlet_event_extra.py
[2024-11-13T20:15:13.323+1100] {processor.py:914} INFO - Processing file /Users/yoonmoon/git/learn-airflow/airflow1/py_env/lib/python3.11/site-packages/airflow/example_dags/example_inlet_event_extra.py for tasks to queue
[2024-11-13T20:15:13.323+1100] {logging_mixin.py:190} INFO - [2024-11-13T20:15:13.323+1100] {dagbag.py:588} INFO - Filling up the DagBag from /Users/yoonmoon/git/learn-airflow/airflow1/py_env/lib/python3.11/site-packages/airflow/example_dags/example_inlet_event_extra.py
[2024-11-13T20:15:13.347+1100] {processor.py:925} INFO - DAG(s) 'read_dataset_event', 'read_dataset_event_from_classic' retrieved from /Users/yoonmoon/git/learn-airflow/airflow1/py_env/lib/python3.11/site-packages/airflow/example_dags/example_inlet_event_extra.py
[2024-11-13T20:15:13.408+1100] {logging_mixin.py:190} INFO - [2024-11-13T20:15:13.408+1100] {dag.py:3239} INFO - Sync 2 DAGs
[2024-11-13T20:15:13.415+1100] {logging_mixin.py:190} INFO - [2024-11-13T20:15:13.414+1100] {dag.py:4180} INFO - Setting next_dagrun for read_dataset_event to 2024-11-12 00:00:00+00:00, run_after=2024-11-13 00:00:00+00:00
[2024-11-13T20:15:13.416+1100] {logging_mixin.py:190} INFO - [2024-11-13T20:15:13.416+1100] {dag.py:4180} INFO - Setting next_dagrun for read_dataset_event_from_classic to 2024-11-12 00:00:00+00:00, run_after=2024-11-13 00:00:00+00:00
[2024-11-13T20:15:13.422+1100] {processor.py:208} INFO - Processing /Users/yoonmoon/git/learn-airflow/airflow1/py_env/lib/python3.11/site-packages/airflow/example_dags/example_inlet_event_extra.py took 0.102 seconds
[2024-11-13T20:17:30.189+1100] {processor.py:186} INFO - Started process (PID=69585) to work on /Users/yoonmoon/git/learn-airflow/airflow1/py_env/lib/python3.11/site-packages/airflow/example_dags/example_inlet_event_extra.py
[2024-11-13T20:17:30.190+1100] {processor.py:914} INFO - Processing file /Users/yoonmoon/git/learn-airflow/airflow1/py_env/lib/python3.11/site-packages/airflow/example_dags/example_inlet_event_extra.py for tasks to queue
[2024-11-13T20:17:30.191+1100] {logging_mixin.py:190} INFO - [2024-11-13T20:17:30.191+1100] {dagbag.py:588} INFO - Filling up the DagBag from /Users/yoonmoon/git/learn-airflow/airflow1/py_env/lib/python3.11/site-packages/airflow/example_dags/example_inlet_event_extra.py
[2024-11-13T20:17:30.215+1100] {processor.py:925} INFO - DAG(s) 'read_dataset_event', 'read_dataset_event_from_classic' retrieved from /Users/yoonmoon/git/learn-airflow/airflow1/py_env/lib/python3.11/site-packages/airflow/example_dags/example_inlet_event_extra.py
[2024-11-13T20:17:30.274+1100] {logging_mixin.py:190} INFO - [2024-11-13T20:17:30.274+1100] {dag.py:3239} INFO - Sync 2 DAGs
[2024-11-13T20:17:30.280+1100] {logging_mixin.py:190} INFO - [2024-11-13T20:17:30.280+1100] {dag.py:4180} INFO - Setting next_dagrun for read_dataset_event to 2024-11-12 00:00:00+00:00, run_after=2024-11-13 00:00:00+00:00
[2024-11-13T20:17:30.282+1100] {logging_mixin.py:190} INFO - [2024-11-13T20:17:30.282+1100] {dag.py:4180} INFO - Setting next_dagrun for read_dataset_event_from_classic to 2024-11-12 00:00:00+00:00, run_after=2024-11-13 00:00:00+00:00
[2024-11-13T20:17:30.288+1100] {processor.py:208} INFO - Processing /Users/yoonmoon/git/learn-airflow/airflow1/py_env/lib/python3.11/site-packages/airflow/example_dags/example_inlet_event_extra.py took 0.101 seconds
[2024-11-13T20:19:50.431+1100] {processor.py:186} INFO - Started process (PID=69918) to work on /Users/yoonmoon/git/learn-airflow/airflow1/py_env/lib/python3.11/site-packages/airflow/example_dags/example_inlet_event_extra.py
[2024-11-13T20:19:50.431+1100] {processor.py:914} INFO - Processing file /Users/yoonmoon/git/learn-airflow/airflow1/py_env/lib/python3.11/site-packages/airflow/example_dags/example_inlet_event_extra.py for tasks to queue
[2024-11-13T20:19:50.432+1100] {logging_mixin.py:190} INFO - [2024-11-13T20:19:50.432+1100] {dagbag.py:588} INFO - Filling up the DagBag from /Users/yoonmoon/git/learn-airflow/airflow1/py_env/lib/python3.11/site-packages/airflow/example_dags/example_inlet_event_extra.py
[2024-11-13T20:19:50.464+1100] {processor.py:925} INFO - DAG(s) 'read_dataset_event', 'read_dataset_event_from_classic' retrieved from /Users/yoonmoon/git/learn-airflow/airflow1/py_env/lib/python3.11/site-packages/airflow/example_dags/example_inlet_event_extra.py
[2024-11-13T20:19:50.527+1100] {logging_mixin.py:190} INFO - [2024-11-13T20:19:50.527+1100] {dag.py:3239} INFO - Sync 2 DAGs
[2024-11-13T20:19:50.536+1100] {logging_mixin.py:190} INFO - [2024-11-13T20:19:50.536+1100] {dag.py:4180} INFO - Setting next_dagrun for read_dataset_event to 2024-11-12 00:00:00+00:00, run_after=2024-11-13 00:00:00+00:00
[2024-11-13T20:19:50.538+1100] {logging_mixin.py:190} INFO - [2024-11-13T20:19:50.538+1100] {dag.py:4180} INFO - Setting next_dagrun for read_dataset_event_from_classic to 2024-11-12 00:00:00+00:00, run_after=2024-11-13 00:00:00+00:00
[2024-11-13T20:19:50.545+1100] {processor.py:208} INFO - Processing /Users/yoonmoon/git/learn-airflow/airflow1/py_env/lib/python3.11/site-packages/airflow/example_dags/example_inlet_event_extra.py took 0.117 seconds
[2024-11-13T20:22:06.901+1100] {processor.py:186} INFO - Started process (PID=70234) to work on /Users/yoonmoon/git/learn-airflow/airflow1/py_env/lib/python3.11/site-packages/airflow/example_dags/example_inlet_event_extra.py
[2024-11-13T20:22:06.902+1100] {processor.py:914} INFO - Processing file /Users/yoonmoon/git/learn-airflow/airflow1/py_env/lib/python3.11/site-packages/airflow/example_dags/example_inlet_event_extra.py for tasks to queue
[2024-11-13T20:22:06.902+1100] {logging_mixin.py:190} INFO - [2024-11-13T20:22:06.902+1100] {dagbag.py:588} INFO - Filling up the DagBag from /Users/yoonmoon/git/learn-airflow/airflow1/py_env/lib/python3.11/site-packages/airflow/example_dags/example_inlet_event_extra.py
[2024-11-13T20:22:06.930+1100] {processor.py:925} INFO - DAG(s) 'read_dataset_event', 'read_dataset_event_from_classic' retrieved from /Users/yoonmoon/git/learn-airflow/airflow1/py_env/lib/python3.11/site-packages/airflow/example_dags/example_inlet_event_extra.py
[2024-11-13T20:22:06.989+1100] {logging_mixin.py:190} INFO - [2024-11-13T20:22:06.989+1100] {dag.py:3239} INFO - Sync 2 DAGs
[2024-11-13T20:22:06.995+1100] {logging_mixin.py:190} INFO - [2024-11-13T20:22:06.995+1100] {dag.py:4180} INFO - Setting next_dagrun for read_dataset_event to 2024-11-12 00:00:00+00:00, run_after=2024-11-13 00:00:00+00:00
[2024-11-13T20:22:06.997+1100] {logging_mixin.py:190} INFO - [2024-11-13T20:22:06.997+1100] {dag.py:4180} INFO - Setting next_dagrun for read_dataset_event_from_classic to 2024-11-12 00:00:00+00:00, run_after=2024-11-13 00:00:00+00:00
[2024-11-13T20:22:07.003+1100] {processor.py:208} INFO - Processing /Users/yoonmoon/git/learn-airflow/airflow1/py_env/lib/python3.11/site-packages/airflow/example_dags/example_inlet_event_extra.py took 0.104 seconds
[2024-11-13T20:24:19.466+1100] {processor.py:186} INFO - Started process (PID=70489) to work on /Users/yoonmoon/git/learn-airflow/airflow1/py_env/lib/python3.11/site-packages/airflow/example_dags/example_inlet_event_extra.py
[2024-11-13T20:24:19.468+1100] {processor.py:914} INFO - Processing file /Users/yoonmoon/git/learn-airflow/airflow1/py_env/lib/python3.11/site-packages/airflow/example_dags/example_inlet_event_extra.py for tasks to queue
[2024-11-13T20:24:19.468+1100] {logging_mixin.py:190} INFO - [2024-11-13T20:24:19.468+1100] {dagbag.py:588} INFO - Filling up the DagBag from /Users/yoonmoon/git/learn-airflow/airflow1/py_env/lib/python3.11/site-packages/airflow/example_dags/example_inlet_event_extra.py
[2024-11-13T20:24:19.498+1100] {processor.py:925} INFO - DAG(s) 'read_dataset_event', 'read_dataset_event_from_classic' retrieved from /Users/yoonmoon/git/learn-airflow/airflow1/py_env/lib/python3.11/site-packages/airflow/example_dags/example_inlet_event_extra.py
[2024-11-13T20:24:19.560+1100] {logging_mixin.py:190} INFO - [2024-11-13T20:24:19.560+1100] {dag.py:3239} INFO - Sync 2 DAGs
[2024-11-13T20:24:19.567+1100] {logging_mixin.py:190} INFO - [2024-11-13T20:24:19.567+1100] {dag.py:4180} INFO - Setting next_dagrun for read_dataset_event to 2024-11-12 00:00:00+00:00, run_after=2024-11-13 00:00:00+00:00
[2024-11-13T20:24:19.568+1100] {logging_mixin.py:190} INFO - [2024-11-13T20:24:19.568+1100] {dag.py:4180} INFO - Setting next_dagrun for read_dataset_event_from_classic to 2024-11-12 00:00:00+00:00, run_after=2024-11-13 00:00:00+00:00
[2024-11-13T20:24:19.574+1100] {processor.py:208} INFO - Processing /Users/yoonmoon/git/learn-airflow/airflow1/py_env/lib/python3.11/site-packages/airflow/example_dags/example_inlet_event_extra.py took 0.110 seconds
[2024-11-13T20:26:35.648+1100] {processor.py:186} INFO - Started process (PID=70760) to work on /Users/yoonmoon/git/learn-airflow/airflow1/py_env/lib/python3.11/site-packages/airflow/example_dags/example_inlet_event_extra.py
[2024-11-13T20:26:35.648+1100] {processor.py:914} INFO - Processing file /Users/yoonmoon/git/learn-airflow/airflow1/py_env/lib/python3.11/site-packages/airflow/example_dags/example_inlet_event_extra.py for tasks to queue
[2024-11-13T20:26:35.649+1100] {logging_mixin.py:190} INFO - [2024-11-13T20:26:35.649+1100] {dagbag.py:588} INFO - Filling up the DagBag from /Users/yoonmoon/git/learn-airflow/airflow1/py_env/lib/python3.11/site-packages/airflow/example_dags/example_inlet_event_extra.py
[2024-11-13T20:26:35.680+1100] {processor.py:925} INFO - DAG(s) 'read_dataset_event_from_classic', 'read_dataset_event' retrieved from /Users/yoonmoon/git/learn-airflow/airflow1/py_env/lib/python3.11/site-packages/airflow/example_dags/example_inlet_event_extra.py
[2024-11-13T20:26:35.738+1100] {logging_mixin.py:190} INFO - [2024-11-13T20:26:35.738+1100] {dag.py:3239} INFO - Sync 2 DAGs
[2024-11-13T20:26:35.745+1100] {logging_mixin.py:190} INFO - [2024-11-13T20:26:35.745+1100] {dag.py:4180} INFO - Setting next_dagrun for read_dataset_event to 2024-11-12 00:00:00+00:00, run_after=2024-11-13 00:00:00+00:00
[2024-11-13T20:26:35.746+1100] {logging_mixin.py:190} INFO - [2024-11-13T20:26:35.746+1100] {dag.py:4180} INFO - Setting next_dagrun for read_dataset_event_from_classic to 2024-11-12 00:00:00+00:00, run_after=2024-11-13 00:00:00+00:00
[2024-11-13T20:26:35.752+1100] {processor.py:208} INFO - Processing /Users/yoonmoon/git/learn-airflow/airflow1/py_env/lib/python3.11/site-packages/airflow/example_dags/example_inlet_event_extra.py took 0.107 seconds
[2024-11-13T20:28:52.678+1100] {processor.py:186} INFO - Started process (PID=71043) to work on /Users/yoonmoon/git/learn-airflow/airflow1/py_env/lib/python3.11/site-packages/airflow/example_dags/example_inlet_event_extra.py
[2024-11-13T20:28:52.679+1100] {processor.py:914} INFO - Processing file /Users/yoonmoon/git/learn-airflow/airflow1/py_env/lib/python3.11/site-packages/airflow/example_dags/example_inlet_event_extra.py for tasks to queue
[2024-11-13T20:28:52.680+1100] {logging_mixin.py:190} INFO - [2024-11-13T20:28:52.679+1100] {dagbag.py:588} INFO - Filling up the DagBag from /Users/yoonmoon/git/learn-airflow/airflow1/py_env/lib/python3.11/site-packages/airflow/example_dags/example_inlet_event_extra.py
[2024-11-13T20:28:52.704+1100] {processor.py:925} INFO - DAG(s) 'read_dataset_event', 'read_dataset_event_from_classic' retrieved from /Users/yoonmoon/git/learn-airflow/airflow1/py_env/lib/python3.11/site-packages/airflow/example_dags/example_inlet_event_extra.py
[2024-11-13T20:28:52.764+1100] {logging_mixin.py:190} INFO - [2024-11-13T20:28:52.764+1100] {dag.py:3239} INFO - Sync 2 DAGs
[2024-11-13T20:28:52.771+1100] {logging_mixin.py:190} INFO - [2024-11-13T20:28:52.771+1100] {dag.py:4180} INFO - Setting next_dagrun for read_dataset_event to 2024-11-12 00:00:00+00:00, run_after=2024-11-13 00:00:00+00:00
[2024-11-13T20:28:52.772+1100] {logging_mixin.py:190} INFO - [2024-11-13T20:28:52.772+1100] {dag.py:4180} INFO - Setting next_dagrun for read_dataset_event_from_classic to 2024-11-12 00:00:00+00:00, run_after=2024-11-13 00:00:00+00:00
[2024-11-13T20:28:52.778+1100] {processor.py:208} INFO - Processing /Users/yoonmoon/git/learn-airflow/airflow1/py_env/lib/python3.11/site-packages/airflow/example_dags/example_inlet_event_extra.py took 0.103 seconds
[2024-11-13T20:31:10.209+1100] {processor.py:186} INFO - Started process (PID=71293) to work on /Users/yoonmoon/git/learn-airflow/airflow1/py_env/lib/python3.11/site-packages/airflow/example_dags/example_inlet_event_extra.py
[2024-11-13T20:31:10.209+1100] {processor.py:914} INFO - Processing file /Users/yoonmoon/git/learn-airflow/airflow1/py_env/lib/python3.11/site-packages/airflow/example_dags/example_inlet_event_extra.py for tasks to queue
[2024-11-13T20:31:10.210+1100] {logging_mixin.py:190} INFO - [2024-11-13T20:31:10.210+1100] {dagbag.py:588} INFO - Filling up the DagBag from /Users/yoonmoon/git/learn-airflow/airflow1/py_env/lib/python3.11/site-packages/airflow/example_dags/example_inlet_event_extra.py
[2024-11-13T20:31:10.238+1100] {processor.py:925} INFO - DAG(s) 'read_dataset_event_from_classic', 'read_dataset_event' retrieved from /Users/yoonmoon/git/learn-airflow/airflow1/py_env/lib/python3.11/site-packages/airflow/example_dags/example_inlet_event_extra.py
[2024-11-13T20:31:10.296+1100] {logging_mixin.py:190} INFO - [2024-11-13T20:31:10.296+1100] {dag.py:3239} INFO - Sync 2 DAGs
[2024-11-13T20:31:10.302+1100] {logging_mixin.py:190} INFO - [2024-11-13T20:31:10.302+1100] {dag.py:4180} INFO - Setting next_dagrun for read_dataset_event to 2024-11-12 00:00:00+00:00, run_after=2024-11-13 00:00:00+00:00
[2024-11-13T20:31:10.304+1100] {logging_mixin.py:190} INFO - [2024-11-13T20:31:10.304+1100] {dag.py:4180} INFO - Setting next_dagrun for read_dataset_event_from_classic to 2024-11-12 00:00:00+00:00, run_after=2024-11-13 00:00:00+00:00
[2024-11-13T20:31:10.309+1100] {processor.py:208} INFO - Processing /Users/yoonmoon/git/learn-airflow/airflow1/py_env/lib/python3.11/site-packages/airflow/example_dags/example_inlet_event_extra.py took 0.103 seconds
[2024-11-13T20:33:31.838+1100] {processor.py:186} INFO - Started process (PID=71548) to work on /Users/yoonmoon/git/learn-airflow/airflow1/py_env/lib/python3.11/site-packages/airflow/example_dags/example_inlet_event_extra.py
[2024-11-13T20:33:31.839+1100] {processor.py:914} INFO - Processing file /Users/yoonmoon/git/learn-airflow/airflow1/py_env/lib/python3.11/site-packages/airflow/example_dags/example_inlet_event_extra.py for tasks to queue
[2024-11-13T20:33:31.839+1100] {logging_mixin.py:190} INFO - [2024-11-13T20:33:31.839+1100] {dagbag.py:588} INFO - Filling up the DagBag from /Users/yoonmoon/git/learn-airflow/airflow1/py_env/lib/python3.11/site-packages/airflow/example_dags/example_inlet_event_extra.py
[2024-11-13T20:33:31.869+1100] {processor.py:925} INFO - DAG(s) 'read_dataset_event_from_classic', 'read_dataset_event' retrieved from /Users/yoonmoon/git/learn-airflow/airflow1/py_env/lib/python3.11/site-packages/airflow/example_dags/example_inlet_event_extra.py
[2024-11-13T20:33:31.929+1100] {logging_mixin.py:190} INFO - [2024-11-13T20:33:31.928+1100] {dag.py:3239} INFO - Sync 2 DAGs
[2024-11-13T20:33:31.935+1100] {logging_mixin.py:190} INFO - [2024-11-13T20:33:31.935+1100] {dag.py:4180} INFO - Setting next_dagrun for read_dataset_event to 2024-11-12 00:00:00+00:00, run_after=2024-11-13 00:00:00+00:00
[2024-11-13T20:33:31.936+1100] {logging_mixin.py:190} INFO - [2024-11-13T20:33:31.936+1100] {dag.py:4180} INFO - Setting next_dagrun for read_dataset_event_from_classic to 2024-11-12 00:00:00+00:00, run_after=2024-11-13 00:00:00+00:00
[2024-11-13T20:33:31.942+1100] {processor.py:208} INFO - Processing /Users/yoonmoon/git/learn-airflow/airflow1/py_env/lib/python3.11/site-packages/airflow/example_dags/example_inlet_event_extra.py took 0.106 seconds
[2024-11-13T20:35:53.426+1100] {processor.py:186} INFO - Started process (PID=71821) to work on /Users/yoonmoon/git/learn-airflow/airflow1/py_env/lib/python3.11/site-packages/airflow/example_dags/example_inlet_event_extra.py
[2024-11-13T20:35:53.427+1100] {processor.py:914} INFO - Processing file /Users/yoonmoon/git/learn-airflow/airflow1/py_env/lib/python3.11/site-packages/airflow/example_dags/example_inlet_event_extra.py for tasks to queue
[2024-11-13T20:35:53.427+1100] {logging_mixin.py:190} INFO - [2024-11-13T20:35:53.427+1100] {dagbag.py:588} INFO - Filling up the DagBag from /Users/yoonmoon/git/learn-airflow/airflow1/py_env/lib/python3.11/site-packages/airflow/example_dags/example_inlet_event_extra.py
[2024-11-13T20:35:53.457+1100] {processor.py:925} INFO - DAG(s) 'read_dataset_event_from_classic', 'read_dataset_event' retrieved from /Users/yoonmoon/git/learn-airflow/airflow1/py_env/lib/python3.11/site-packages/airflow/example_dags/example_inlet_event_extra.py
[2024-11-13T20:35:53.515+1100] {logging_mixin.py:190} INFO - [2024-11-13T20:35:53.515+1100] {dag.py:3239} INFO - Sync 2 DAGs
[2024-11-13T20:35:53.522+1100] {logging_mixin.py:190} INFO - [2024-11-13T20:35:53.522+1100] {dag.py:4180} INFO - Setting next_dagrun for read_dataset_event to 2024-11-12 00:00:00+00:00, run_after=2024-11-13 00:00:00+00:00
[2024-11-13T20:35:53.523+1100] {logging_mixin.py:190} INFO - [2024-11-13T20:35:53.523+1100] {dag.py:4180} INFO - Setting next_dagrun for read_dataset_event_from_classic to 2024-11-12 00:00:00+00:00, run_after=2024-11-13 00:00:00+00:00
[2024-11-13T20:35:53.528+1100] {processor.py:208} INFO - Processing /Users/yoonmoon/git/learn-airflow/airflow1/py_env/lib/python3.11/site-packages/airflow/example_dags/example_inlet_event_extra.py took 0.105 seconds
[2024-11-13T20:38:11.023+1100] {processor.py:186} INFO - Started process (PID=72122) to work on /Users/yoonmoon/git/learn-airflow/airflow1/py_env/lib/python3.11/site-packages/airflow/example_dags/example_inlet_event_extra.py
[2024-11-13T20:38:11.024+1100] {processor.py:914} INFO - Processing file /Users/yoonmoon/git/learn-airflow/airflow1/py_env/lib/python3.11/site-packages/airflow/example_dags/example_inlet_event_extra.py for tasks to queue
[2024-11-13T20:38:11.024+1100] {logging_mixin.py:190} INFO - [2024-11-13T20:38:11.024+1100] {dagbag.py:588} INFO - Filling up the DagBag from /Users/yoonmoon/git/learn-airflow/airflow1/py_env/lib/python3.11/site-packages/airflow/example_dags/example_inlet_event_extra.py
[2024-11-13T20:38:11.052+1100] {processor.py:925} INFO - DAG(s) 'read_dataset_event', 'read_dataset_event_from_classic' retrieved from /Users/yoonmoon/git/learn-airflow/airflow1/py_env/lib/python3.11/site-packages/airflow/example_dags/example_inlet_event_extra.py
[2024-11-13T20:38:11.110+1100] {logging_mixin.py:190} INFO - [2024-11-13T20:38:11.110+1100] {dag.py:3239} INFO - Sync 2 DAGs
[2024-11-13T20:38:11.118+1100] {logging_mixin.py:190} INFO - [2024-11-13T20:38:11.118+1100] {dag.py:4180} INFO - Setting next_dagrun for read_dataset_event to 2024-11-12 00:00:00+00:00, run_after=2024-11-13 00:00:00+00:00
[2024-11-13T20:38:11.119+1100] {logging_mixin.py:190} INFO - [2024-11-13T20:38:11.119+1100] {dag.py:4180} INFO - Setting next_dagrun for read_dataset_event_from_classic to 2024-11-12 00:00:00+00:00, run_after=2024-11-13 00:00:00+00:00
[2024-11-13T20:38:11.125+1100] {processor.py:208} INFO - Processing /Users/yoonmoon/git/learn-airflow/airflow1/py_env/lib/python3.11/site-packages/airflow/example_dags/example_inlet_event_extra.py took 0.105 seconds
[2024-11-13T20:40:28.907+1100] {processor.py:186} INFO - Started process (PID=72378) to work on /Users/yoonmoon/git/learn-airflow/airflow1/py_env/lib/python3.11/site-packages/airflow/example_dags/example_inlet_event_extra.py
[2024-11-13T20:40:28.908+1100] {processor.py:914} INFO - Processing file /Users/yoonmoon/git/learn-airflow/airflow1/py_env/lib/python3.11/site-packages/airflow/example_dags/example_inlet_event_extra.py for tasks to queue
[2024-11-13T20:40:28.908+1100] {logging_mixin.py:190} INFO - [2024-11-13T20:40:28.908+1100] {dagbag.py:588} INFO - Filling up the DagBag from /Users/yoonmoon/git/learn-airflow/airflow1/py_env/lib/python3.11/site-packages/airflow/example_dags/example_inlet_event_extra.py
[2024-11-13T20:40:28.936+1100] {processor.py:925} INFO - DAG(s) 'read_dataset_event', 'read_dataset_event_from_classic' retrieved from /Users/yoonmoon/git/learn-airflow/airflow1/py_env/lib/python3.11/site-packages/airflow/example_dags/example_inlet_event_extra.py
[2024-11-13T20:40:28.993+1100] {logging_mixin.py:190} INFO - [2024-11-13T20:40:28.993+1100] {dag.py:3239} INFO - Sync 2 DAGs
[2024-11-13T20:40:29.000+1100] {logging_mixin.py:190} INFO - [2024-11-13T20:40:29.000+1100] {dag.py:4180} INFO - Setting next_dagrun for read_dataset_event to 2024-11-12 00:00:00+00:00, run_after=2024-11-13 00:00:00+00:00
[2024-11-13T20:40:29.001+1100] {logging_mixin.py:190} INFO - [2024-11-13T20:40:29.001+1100] {dag.py:4180} INFO - Setting next_dagrun for read_dataset_event_from_classic to 2024-11-12 00:00:00+00:00, run_after=2024-11-13 00:00:00+00:00
[2024-11-13T20:40:29.007+1100] {processor.py:208} INFO - Processing /Users/yoonmoon/git/learn-airflow/airflow1/py_env/lib/python3.11/site-packages/airflow/example_dags/example_inlet_event_extra.py took 0.102 seconds
[2024-11-13T20:42:49.238+1100] {processor.py:186} INFO - Started process (PID=72640) to work on /Users/yoonmoon/git/learn-airflow/airflow1/py_env/lib/python3.11/site-packages/airflow/example_dags/example_inlet_event_extra.py
[2024-11-13T20:42:49.239+1100] {processor.py:914} INFO - Processing file /Users/yoonmoon/git/learn-airflow/airflow1/py_env/lib/python3.11/site-packages/airflow/example_dags/example_inlet_event_extra.py for tasks to queue
[2024-11-13T20:42:49.240+1100] {logging_mixin.py:190} INFO - [2024-11-13T20:42:49.239+1100] {dagbag.py:588} INFO - Filling up the DagBag from /Users/yoonmoon/git/learn-airflow/airflow1/py_env/lib/python3.11/site-packages/airflow/example_dags/example_inlet_event_extra.py
[2024-11-13T20:42:49.268+1100] {processor.py:925} INFO - DAG(s) 'read_dataset_event_from_classic', 'read_dataset_event' retrieved from /Users/yoonmoon/git/learn-airflow/airflow1/py_env/lib/python3.11/site-packages/airflow/example_dags/example_inlet_event_extra.py
[2024-11-13T20:42:49.327+1100] {logging_mixin.py:190} INFO - [2024-11-13T20:42:49.326+1100] {dag.py:3239} INFO - Sync 2 DAGs
[2024-11-13T20:42:49.333+1100] {logging_mixin.py:190} INFO - [2024-11-13T20:42:49.333+1100] {dag.py:4180} INFO - Setting next_dagrun for read_dataset_event to 2024-11-12 00:00:00+00:00, run_after=2024-11-13 00:00:00+00:00
[2024-11-13T20:42:49.335+1100] {logging_mixin.py:190} INFO - [2024-11-13T20:42:49.334+1100] {dag.py:4180} INFO - Setting next_dagrun for read_dataset_event_from_classic to 2024-11-12 00:00:00+00:00, run_after=2024-11-13 00:00:00+00:00
[2024-11-13T20:42:49.341+1100] {processor.py:208} INFO - Processing /Users/yoonmoon/git/learn-airflow/airflow1/py_env/lib/python3.11/site-packages/airflow/example_dags/example_inlet_event_extra.py took 0.106 seconds
[2024-11-13T20:45:07.989+1100] {processor.py:186} INFO - Started process (PID=72910) to work on /Users/yoonmoon/git/learn-airflow/airflow1/py_env/lib/python3.11/site-packages/airflow/example_dags/example_inlet_event_extra.py
[2024-11-13T20:45:07.991+1100] {processor.py:914} INFO - Processing file /Users/yoonmoon/git/learn-airflow/airflow1/py_env/lib/python3.11/site-packages/airflow/example_dags/example_inlet_event_extra.py for tasks to queue
[2024-11-13T20:45:07.991+1100] {logging_mixin.py:190} INFO - [2024-11-13T20:45:07.991+1100] {dagbag.py:588} INFO - Filling up the DagBag from /Users/yoonmoon/git/learn-airflow/airflow1/py_env/lib/python3.11/site-packages/airflow/example_dags/example_inlet_event_extra.py
[2024-11-13T20:45:08.019+1100] {processor.py:925} INFO - DAG(s) 'read_dataset_event_from_classic', 'read_dataset_event' retrieved from /Users/yoonmoon/git/learn-airflow/airflow1/py_env/lib/python3.11/site-packages/airflow/example_dags/example_inlet_event_extra.py
[2024-11-13T20:45:08.087+1100] {logging_mixin.py:190} INFO - [2024-11-13T20:45:08.087+1100] {dag.py:3239} INFO - Sync 2 DAGs
[2024-11-13T20:45:08.094+1100] {logging_mixin.py:190} INFO - [2024-11-13T20:45:08.094+1100] {dag.py:4180} INFO - Setting next_dagrun for read_dataset_event to 2024-11-12 00:00:00+00:00, run_after=2024-11-13 00:00:00+00:00
[2024-11-13T20:45:08.096+1100] {logging_mixin.py:190} INFO - [2024-11-13T20:45:08.096+1100] {dag.py:4180} INFO - Setting next_dagrun for read_dataset_event_from_classic to 2024-11-12 00:00:00+00:00, run_after=2024-11-13 00:00:00+00:00
[2024-11-13T20:45:08.104+1100] {processor.py:208} INFO - Processing /Users/yoonmoon/git/learn-airflow/airflow1/py_env/lib/python3.11/site-packages/airflow/example_dags/example_inlet_event_extra.py took 0.117 seconds
[2024-11-13T20:47:29.540+1100] {processor.py:186} INFO - Started process (PID=73180) to work on /Users/yoonmoon/git/learn-airflow/airflow1/py_env/lib/python3.11/site-packages/airflow/example_dags/example_inlet_event_extra.py
[2024-11-13T20:47:29.542+1100] {processor.py:914} INFO - Processing file /Users/yoonmoon/git/learn-airflow/airflow1/py_env/lib/python3.11/site-packages/airflow/example_dags/example_inlet_event_extra.py for tasks to queue
[2024-11-13T20:47:29.542+1100] {logging_mixin.py:190} INFO - [2024-11-13T20:47:29.542+1100] {dagbag.py:588} INFO - Filling up the DagBag from /Users/yoonmoon/git/learn-airflow/airflow1/py_env/lib/python3.11/site-packages/airflow/example_dags/example_inlet_event_extra.py
[2024-11-13T20:47:29.569+1100] {processor.py:925} INFO - DAG(s) 'read_dataset_event_from_classic', 'read_dataset_event' retrieved from /Users/yoonmoon/git/learn-airflow/airflow1/py_env/lib/python3.11/site-packages/airflow/example_dags/example_inlet_event_extra.py
[2024-11-13T20:47:29.629+1100] {logging_mixin.py:190} INFO - [2024-11-13T20:47:29.629+1100] {dag.py:3239} INFO - Sync 2 DAGs
[2024-11-13T20:47:29.636+1100] {logging_mixin.py:190} INFO - [2024-11-13T20:47:29.636+1100] {dag.py:4180} INFO - Setting next_dagrun for read_dataset_event to 2024-11-12 00:00:00+00:00, run_after=2024-11-13 00:00:00+00:00
[2024-11-13T20:47:29.637+1100] {logging_mixin.py:190} INFO - [2024-11-13T20:47:29.637+1100] {dag.py:4180} INFO - Setting next_dagrun for read_dataset_event_from_classic to 2024-11-12 00:00:00+00:00, run_after=2024-11-13 00:00:00+00:00
[2024-11-13T20:47:29.644+1100] {processor.py:208} INFO - Processing /Users/yoonmoon/git/learn-airflow/airflow1/py_env/lib/python3.11/site-packages/airflow/example_dags/example_inlet_event_extra.py took 0.106 seconds
[2024-11-13T20:49:56.593+1100] {processor.py:186} INFO - Started process (PID=73454) to work on /Users/yoonmoon/git/learn-airflow/airflow1/py_env/lib/python3.11/site-packages/airflow/example_dags/example_inlet_event_extra.py
[2024-11-13T20:49:56.594+1100] {processor.py:914} INFO - Processing file /Users/yoonmoon/git/learn-airflow/airflow1/py_env/lib/python3.11/site-packages/airflow/example_dags/example_inlet_event_extra.py for tasks to queue
[2024-11-13T20:49:56.594+1100] {logging_mixin.py:190} INFO - [2024-11-13T20:49:56.594+1100] {dagbag.py:588} INFO - Filling up the DagBag from /Users/yoonmoon/git/learn-airflow/airflow1/py_env/lib/python3.11/site-packages/airflow/example_dags/example_inlet_event_extra.py
[2024-11-13T20:49:56.628+1100] {processor.py:925} INFO - DAG(s) 'read_dataset_event', 'read_dataset_event_from_classic' retrieved from /Users/yoonmoon/git/learn-airflow/airflow1/py_env/lib/python3.11/site-packages/airflow/example_dags/example_inlet_event_extra.py
[2024-11-13T20:49:56.694+1100] {logging_mixin.py:190} INFO - [2024-11-13T20:49:56.694+1100] {dag.py:3239} INFO - Sync 2 DAGs
[2024-11-13T20:49:56.701+1100] {logging_mixin.py:190} INFO - [2024-11-13T20:49:56.701+1100] {dag.py:4180} INFO - Setting next_dagrun for read_dataset_event to 2024-11-12 00:00:00+00:00, run_after=2024-11-13 00:00:00+00:00
[2024-11-13T20:49:56.704+1100] {logging_mixin.py:190} INFO - [2024-11-13T20:49:56.704+1100] {dag.py:4180} INFO - Setting next_dagrun for read_dataset_event_from_classic to 2024-11-12 00:00:00+00:00, run_after=2024-11-13 00:00:00+00:00
[2024-11-13T20:49:56.711+1100] {processor.py:208} INFO - Processing /Users/yoonmoon/git/learn-airflow/airflow1/py_env/lib/python3.11/site-packages/airflow/example_dags/example_inlet_event_extra.py took 0.121 seconds
