[2024-11-13T19:29:57.497+1100] {processor.py:186} INFO - Started process (PID=63790) to work on /Users/yoonmoon/git/learn-airflow/airflow1/py_env/lib/python3.11/site-packages/airflow/example_dags/example_display_name.py
[2024-11-13T19:29:57.497+1100] {processor.py:914} INFO - Processing file /Users/yoonmoon/git/learn-airflow/airflow1/py_env/lib/python3.11/site-packages/airflow/example_dags/example_display_name.py for tasks to queue
[2024-11-13T19:29:57.498+1100] {logging_mixin.py:190} INFO - [2024-11-13T19:29:57.497+1100] {dagbag.py:588} INFO - Filling up the DagBag from /Users/yoonmoon/git/learn-airflow/airflow1/py_env/lib/python3.11/site-packages/airflow/example_dags/example_display_name.py
[2024-11-13T19:29:57.511+1100] {processor.py:925} INFO - DAG(s) 'example_display_name' retrieved from /Users/yoonmoon/git/learn-airflow/airflow1/py_env/lib/python3.11/site-packages/airflow/example_dags/example_display_name.py
[2024-11-13T19:29:57.603+1100] {logging_mixin.py:190} INFO - [2024-11-13T19:29:57.603+1100] {override.py:1911} INFO - Created Permission View: can delete on DAG:example_display_name
[2024-11-13T19:29:57.606+1100] {logging_mixin.py:190} INFO - [2024-11-13T19:29:57.606+1100] {override.py:1911} INFO - Created Permission View: can edit on DAG:example_display_name
[2024-11-13T19:29:57.608+1100] {logging_mixin.py:190} INFO - [2024-11-13T19:29:57.608+1100] {override.py:1911} INFO - Created Permission View: can read on DAG:example_display_name
[2024-11-13T19:29:57.611+1100] {logging_mixin.py:190} INFO - [2024-11-13T19:29:57.611+1100] {override.py:1911} INFO - Created Permission View: can delete on DAG Run:example_display_name
[2024-11-13T19:29:57.613+1100] {logging_mixin.py:190} INFO - [2024-11-13T19:29:57.613+1100] {override.py:1911} INFO - Created Permission View: menu access on DAG Run:example_display_name
[2024-11-13T19:29:57.615+1100] {logging_mixin.py:190} INFO - [2024-11-13T19:29:57.615+1100] {override.py:1911} INFO - Created Permission View: can read on DAG Run:example_display_name
[2024-11-13T19:29:57.616+1100] {logging_mixin.py:190} INFO - [2024-11-13T19:29:57.616+1100] {override.py:1911} INFO - Created Permission View: can create on DAG Run:example_display_name
[2024-11-13T19:29:57.617+1100] {logging_mixin.py:190} INFO - [2024-11-13T19:29:57.616+1100] {dag.py:3239} INFO - Sync 1 DAGs
[2024-11-13T19:29:57.620+1100] {logging_mixin.py:190} INFO - [2024-11-13T19:29:57.620+1100] {dag.py:3262} INFO - Creating ORM DAG for example_display_name
[2024-11-13T19:29:57.620+1100] {logging_mixin.py:190} INFO - [2024-11-13T19:29:57.620+1100] {dag.py:4180} INFO - Setting next_dagrun for example_display_name to None, run_after=None
[2024-11-13T19:29:57.626+1100] {processor.py:208} INFO - Processing /Users/yoonmoon/git/learn-airflow/airflow1/py_env/lib/python3.11/site-packages/airflow/example_dags/example_display_name.py took 0.131 seconds
[2024-11-13T19:32:19.208+1100] {processor.py:186} INFO - Started process (PID=64169) to work on /Users/yoonmoon/git/learn-airflow/airflow1/py_env/lib/python3.11/site-packages/airflow/example_dags/example_display_name.py
[2024-11-13T19:32:19.209+1100] {processor.py:914} INFO - Processing file /Users/yoonmoon/git/learn-airflow/airflow1/py_env/lib/python3.11/site-packages/airflow/example_dags/example_display_name.py for tasks to queue
[2024-11-13T19:32:19.210+1100] {logging_mixin.py:190} INFO - [2024-11-13T19:32:19.210+1100] {dagbag.py:588} INFO - Filling up the DagBag from /Users/yoonmoon/git/learn-airflow/airflow1/py_env/lib/python3.11/site-packages/airflow/example_dags/example_display_name.py
[2024-11-13T19:32:19.228+1100] {processor.py:925} INFO - DAG(s) 'example_display_name' retrieved from /Users/yoonmoon/git/learn-airflow/airflow1/py_env/lib/python3.11/site-packages/airflow/example_dags/example_display_name.py
[2024-11-13T19:32:19.291+1100] {logging_mixin.py:190} INFO - [2024-11-13T19:32:19.291+1100] {dag.py:3239} INFO - Sync 1 DAGs
[2024-11-13T19:32:19.295+1100] {logging_mixin.py:190} INFO - [2024-11-13T19:32:19.295+1100] {dag.py:4180} INFO - Setting next_dagrun for example_display_name to None, run_after=None
[2024-11-13T19:32:19.302+1100] {processor.py:208} INFO - Processing /Users/yoonmoon/git/learn-airflow/airflow1/py_env/lib/python3.11/site-packages/airflow/example_dags/example_display_name.py took 0.097 seconds
[2024-11-13T19:34:41.502+1100] {processor.py:186} INFO - Started process (PID=64653) to work on /Users/yoonmoon/git/learn-airflow/airflow1/py_env/lib/python3.11/site-packages/airflow/example_dags/example_display_name.py
[2024-11-13T19:34:41.502+1100] {processor.py:914} INFO - Processing file /Users/yoonmoon/git/learn-airflow/airflow1/py_env/lib/python3.11/site-packages/airflow/example_dags/example_display_name.py for tasks to queue
[2024-11-13T19:34:41.503+1100] {logging_mixin.py:190} INFO - [2024-11-13T19:34:41.503+1100] {dagbag.py:588} INFO - Filling up the DagBag from /Users/yoonmoon/git/learn-airflow/airflow1/py_env/lib/python3.11/site-packages/airflow/example_dags/example_display_name.py
[2024-11-13T19:34:41.516+1100] {processor.py:925} INFO - DAG(s) 'example_display_name' retrieved from /Users/yoonmoon/git/learn-airflow/airflow1/py_env/lib/python3.11/site-packages/airflow/example_dags/example_display_name.py
[2024-11-13T19:34:41.573+1100] {logging_mixin.py:190} INFO - [2024-11-13T19:34:41.572+1100] {dag.py:3239} INFO - Sync 1 DAGs
[2024-11-13T19:34:41.576+1100] {logging_mixin.py:190} INFO - [2024-11-13T19:34:41.576+1100] {dag.py:4180} INFO - Setting next_dagrun for example_display_name to None, run_after=None
[2024-11-13T19:34:41.583+1100] {processor.py:208} INFO - Processing /Users/yoonmoon/git/learn-airflow/airflow1/py_env/lib/python3.11/site-packages/airflow/example_dags/example_display_name.py took 0.084 seconds
[2024-11-13T19:36:34.440+1100] {processor.py:186} INFO - Started process (PID=64905) to work on /Users/yoonmoon/git/learn-airflow/airflow1/py_env/lib/python3.11/site-packages/airflow/example_dags/example_display_name.py
[2024-11-13T19:36:34.441+1100] {processor.py:914} INFO - Processing file /Users/yoonmoon/git/learn-airflow/airflow1/py_env/lib/python3.11/site-packages/airflow/example_dags/example_display_name.py for tasks to queue
[2024-11-13T19:36:34.441+1100] {logging_mixin.py:190} INFO - [2024-11-13T19:36:34.441+1100] {dagbag.py:588} INFO - Filling up the DagBag from /Users/yoonmoon/git/learn-airflow/airflow1/py_env/lib/python3.11/site-packages/airflow/example_dags/example_display_name.py
[2024-11-13T19:36:34.455+1100] {processor.py:925} INFO - DAG(s) 'example_display_name' retrieved from /Users/yoonmoon/git/learn-airflow/airflow1/py_env/lib/python3.11/site-packages/airflow/example_dags/example_display_name.py
[2024-11-13T19:36:34.514+1100] {logging_mixin.py:190} INFO - [2024-11-13T19:36:34.514+1100] {dag.py:3239} INFO - Sync 1 DAGs
[2024-11-13T19:36:34.518+1100] {logging_mixin.py:190} INFO - [2024-11-13T19:36:34.518+1100] {dag.py:4180} INFO - Setting next_dagrun for example_display_name to None, run_after=None
[2024-11-13T19:36:34.524+1100] {processor.py:208} INFO - Processing /Users/yoonmoon/git/learn-airflow/airflow1/py_env/lib/python3.11/site-packages/airflow/example_dags/example_display_name.py took 0.086 seconds
[2024-11-13T19:38:50.296+1100] {processor.py:186} INFO - Started process (PID=65179) to work on /Users/yoonmoon/git/learn-airflow/airflow1/py_env/lib/python3.11/site-packages/airflow/example_dags/example_display_name.py
[2024-11-13T19:38:50.297+1100] {processor.py:914} INFO - Processing file /Users/yoonmoon/git/learn-airflow/airflow1/py_env/lib/python3.11/site-packages/airflow/example_dags/example_display_name.py for tasks to queue
[2024-11-13T19:38:50.297+1100] {logging_mixin.py:190} INFO - [2024-11-13T19:38:50.297+1100] {dagbag.py:588} INFO - Filling up the DagBag from /Users/yoonmoon/git/learn-airflow/airflow1/py_env/lib/python3.11/site-packages/airflow/example_dags/example_display_name.py
[2024-11-13T19:38:50.310+1100] {processor.py:925} INFO - DAG(s) 'example_display_name' retrieved from /Users/yoonmoon/git/learn-airflow/airflow1/py_env/lib/python3.11/site-packages/airflow/example_dags/example_display_name.py
[2024-11-13T19:38:50.367+1100] {logging_mixin.py:190} INFO - [2024-11-13T19:38:50.367+1100] {dag.py:3239} INFO - Sync 1 DAGs
[2024-11-13T19:38:50.371+1100] {logging_mixin.py:190} INFO - [2024-11-13T19:38:50.371+1100] {dag.py:4180} INFO - Setting next_dagrun for example_display_name to None, run_after=None
[2024-11-13T19:38:50.378+1100] {processor.py:208} INFO - Processing /Users/yoonmoon/git/learn-airflow/airflow1/py_env/lib/python3.11/site-packages/airflow/example_dags/example_display_name.py took 0.084 seconds
[2024-11-13T19:41:07.833+1100] {processor.py:186} INFO - Started process (PID=65479) to work on /Users/yoonmoon/git/learn-airflow/airflow1/py_env/lib/python3.11/site-packages/airflow/example_dags/example_display_name.py
[2024-11-13T19:41:07.834+1100] {processor.py:914} INFO - Processing file /Users/yoonmoon/git/learn-airflow/airflow1/py_env/lib/python3.11/site-packages/airflow/example_dags/example_display_name.py for tasks to queue
[2024-11-13T19:41:07.835+1100] {logging_mixin.py:190} INFO - [2024-11-13T19:41:07.834+1100] {dagbag.py:588} INFO - Filling up the DagBag from /Users/yoonmoon/git/learn-airflow/airflow1/py_env/lib/python3.11/site-packages/airflow/example_dags/example_display_name.py
[2024-11-13T19:41:07.847+1100] {processor.py:925} INFO - DAG(s) 'example_display_name' retrieved from /Users/yoonmoon/git/learn-airflow/airflow1/py_env/lib/python3.11/site-packages/airflow/example_dags/example_display_name.py
[2024-11-13T19:41:07.905+1100] {logging_mixin.py:190} INFO - [2024-11-13T19:41:07.905+1100] {dag.py:3239} INFO - Sync 1 DAGs
[2024-11-13T19:41:07.909+1100] {logging_mixin.py:190} INFO - [2024-11-13T19:41:07.909+1100] {dag.py:4180} INFO - Setting next_dagrun for example_display_name to None, run_after=None
[2024-11-13T19:41:07.915+1100] {processor.py:208} INFO - Processing /Users/yoonmoon/git/learn-airflow/airflow1/py_env/lib/python3.11/site-packages/airflow/example_dags/example_display_name.py took 0.084 seconds
[2024-11-13T19:43:27.194+1100] {processor.py:186} INFO - Started process (PID=65736) to work on /Users/yoonmoon/git/learn-airflow/airflow1/py_env/lib/python3.11/site-packages/airflow/example_dags/example_display_name.py
[2024-11-13T19:43:27.194+1100] {processor.py:914} INFO - Processing file /Users/yoonmoon/git/learn-airflow/airflow1/py_env/lib/python3.11/site-packages/airflow/example_dags/example_display_name.py for tasks to queue
[2024-11-13T19:43:27.195+1100] {logging_mixin.py:190} INFO - [2024-11-13T19:43:27.195+1100] {dagbag.py:588} INFO - Filling up the DagBag from /Users/yoonmoon/git/learn-airflow/airflow1/py_env/lib/python3.11/site-packages/airflow/example_dags/example_display_name.py
[2024-11-13T19:43:27.208+1100] {processor.py:925} INFO - DAG(s) 'example_display_name' retrieved from /Users/yoonmoon/git/learn-airflow/airflow1/py_env/lib/python3.11/site-packages/airflow/example_dags/example_display_name.py
[2024-11-13T19:43:27.266+1100] {logging_mixin.py:190} INFO - [2024-11-13T19:43:27.266+1100] {dag.py:3239} INFO - Sync 1 DAGs
[2024-11-13T19:43:27.270+1100] {logging_mixin.py:190} INFO - [2024-11-13T19:43:27.270+1100] {dag.py:4180} INFO - Setting next_dagrun for example_display_name to None, run_after=None
[2024-11-13T19:43:27.277+1100] {processor.py:208} INFO - Processing /Users/yoonmoon/git/learn-airflow/airflow1/py_env/lib/python3.11/site-packages/airflow/example_dags/example_display_name.py took 0.085 seconds
[2024-11-13T19:45:43.265+1100] {processor.py:186} INFO - Started process (PID=66004) to work on /Users/yoonmoon/git/learn-airflow/airflow1/py_env/lib/python3.11/site-packages/airflow/example_dags/example_display_name.py
[2024-11-13T19:45:43.266+1100] {processor.py:914} INFO - Processing file /Users/yoonmoon/git/learn-airflow/airflow1/py_env/lib/python3.11/site-packages/airflow/example_dags/example_display_name.py for tasks to queue
[2024-11-13T19:45:43.267+1100] {logging_mixin.py:190} INFO - [2024-11-13T19:45:43.266+1100] {dagbag.py:588} INFO - Filling up the DagBag from /Users/yoonmoon/git/learn-airflow/airflow1/py_env/lib/python3.11/site-packages/airflow/example_dags/example_display_name.py
[2024-11-13T19:45:43.279+1100] {processor.py:925} INFO - DAG(s) 'example_display_name' retrieved from /Users/yoonmoon/git/learn-airflow/airflow1/py_env/lib/python3.11/site-packages/airflow/example_dags/example_display_name.py
[2024-11-13T19:45:43.337+1100] {logging_mixin.py:190} INFO - [2024-11-13T19:45:43.337+1100] {dag.py:3239} INFO - Sync 1 DAGs
[2024-11-13T19:45:43.341+1100] {logging_mixin.py:190} INFO - [2024-11-13T19:45:43.341+1100] {dag.py:4180} INFO - Setting next_dagrun for example_display_name to None, run_after=None
[2024-11-13T19:45:43.348+1100] {processor.py:208} INFO - Processing /Users/yoonmoon/git/learn-airflow/airflow1/py_env/lib/python3.11/site-packages/airflow/example_dags/example_display_name.py took 0.085 seconds
[2024-11-13T19:47:53.346+1100] {processor.py:186} INFO - Started process (PID=66250) to work on /Users/yoonmoon/git/learn-airflow/airflow1/py_env/lib/python3.11/site-packages/airflow/example_dags/example_display_name.py
[2024-11-13T19:47:53.347+1100] {processor.py:914} INFO - Processing file /Users/yoonmoon/git/learn-airflow/airflow1/py_env/lib/python3.11/site-packages/airflow/example_dags/example_display_name.py for tasks to queue
[2024-11-13T19:47:53.348+1100] {logging_mixin.py:190} INFO - [2024-11-13T19:47:53.347+1100] {dagbag.py:588} INFO - Filling up the DagBag from /Users/yoonmoon/git/learn-airflow/airflow1/py_env/lib/python3.11/site-packages/airflow/example_dags/example_display_name.py
[2024-11-13T19:47:53.361+1100] {processor.py:925} INFO - DAG(s) 'example_display_name' retrieved from /Users/yoonmoon/git/learn-airflow/airflow1/py_env/lib/python3.11/site-packages/airflow/example_dags/example_display_name.py
[2024-11-13T19:47:53.421+1100] {logging_mixin.py:190} INFO - [2024-11-13T19:47:53.421+1100] {dag.py:3239} INFO - Sync 1 DAGs
[2024-11-13T19:47:53.425+1100] {logging_mixin.py:190} INFO - [2024-11-13T19:47:53.425+1100] {dag.py:4180} INFO - Setting next_dagrun for example_display_name to None, run_after=None
[2024-11-13T19:47:53.432+1100] {processor.py:208} INFO - Processing /Users/yoonmoon/git/learn-airflow/airflow1/py_env/lib/python3.11/site-packages/airflow/example_dags/example_display_name.py took 0.088 seconds
[2024-11-13T19:50:02.080+1100] {processor.py:186} INFO - Started process (PID=66486) to work on /Users/yoonmoon/git/learn-airflow/airflow1/py_env/lib/python3.11/site-packages/airflow/example_dags/example_display_name.py
[2024-11-13T19:50:02.081+1100] {processor.py:914} INFO - Processing file /Users/yoonmoon/git/learn-airflow/airflow1/py_env/lib/python3.11/site-packages/airflow/example_dags/example_display_name.py for tasks to queue
[2024-11-13T19:50:02.081+1100] {logging_mixin.py:190} INFO - [2024-11-13T19:50:02.081+1100] {dagbag.py:588} INFO - Filling up the DagBag from /Users/yoonmoon/git/learn-airflow/airflow1/py_env/lib/python3.11/site-packages/airflow/example_dags/example_display_name.py
[2024-11-13T19:50:02.094+1100] {processor.py:925} INFO - DAG(s) 'example_display_name' retrieved from /Users/yoonmoon/git/learn-airflow/airflow1/py_env/lib/python3.11/site-packages/airflow/example_dags/example_display_name.py
[2024-11-13T19:50:02.151+1100] {logging_mixin.py:190} INFO - [2024-11-13T19:50:02.151+1100] {dag.py:3239} INFO - Sync 1 DAGs
[2024-11-13T19:50:02.155+1100] {logging_mixin.py:190} INFO - [2024-11-13T19:50:02.155+1100] {dag.py:4180} INFO - Setting next_dagrun for example_display_name to None, run_after=None
[2024-11-13T19:50:02.162+1100] {processor.py:208} INFO - Processing /Users/yoonmoon/git/learn-airflow/airflow1/py_env/lib/python3.11/site-packages/airflow/example_dags/example_display_name.py took 0.084 seconds
[2024-11-13T19:52:21.529+1100] {processor.py:186} INFO - Started process (PID=66736) to work on /Users/yoonmoon/git/learn-airflow/airflow1/py_env/lib/python3.11/site-packages/airflow/example_dags/example_display_name.py
[2024-11-13T19:52:21.531+1100] {processor.py:914} INFO - Processing file /Users/yoonmoon/git/learn-airflow/airflow1/py_env/lib/python3.11/site-packages/airflow/example_dags/example_display_name.py for tasks to queue
[2024-11-13T19:52:21.531+1100] {logging_mixin.py:190} INFO - [2024-11-13T19:52:21.531+1100] {dagbag.py:588} INFO - Filling up the DagBag from /Users/yoonmoon/git/learn-airflow/airflow1/py_env/lib/python3.11/site-packages/airflow/example_dags/example_display_name.py
[2024-11-13T19:52:21.544+1100] {processor.py:925} INFO - DAG(s) 'example_display_name' retrieved from /Users/yoonmoon/git/learn-airflow/airflow1/py_env/lib/python3.11/site-packages/airflow/example_dags/example_display_name.py
[2024-11-13T19:52:21.601+1100] {logging_mixin.py:190} INFO - [2024-11-13T19:52:21.601+1100] {dag.py:3239} INFO - Sync 1 DAGs
[2024-11-13T19:52:21.605+1100] {logging_mixin.py:190} INFO - [2024-11-13T19:52:21.605+1100] {dag.py:4180} INFO - Setting next_dagrun for example_display_name to None, run_after=None
[2024-11-13T19:52:21.612+1100] {processor.py:208} INFO - Processing /Users/yoonmoon/git/learn-airflow/airflow1/py_env/lib/python3.11/site-packages/airflow/example_dags/example_display_name.py took 0.085 seconds
[2024-11-13T19:54:41.482+1100] {processor.py:186} INFO - Started process (PID=67013) to work on /Users/yoonmoon/git/learn-airflow/airflow1/py_env/lib/python3.11/site-packages/airflow/example_dags/example_display_name.py
[2024-11-13T19:54:41.482+1100] {processor.py:914} INFO - Processing file /Users/yoonmoon/git/learn-airflow/airflow1/py_env/lib/python3.11/site-packages/airflow/example_dags/example_display_name.py for tasks to queue
[2024-11-13T19:54:41.483+1100] {logging_mixin.py:190} INFO - [2024-11-13T19:54:41.483+1100] {dagbag.py:588} INFO - Filling up the DagBag from /Users/yoonmoon/git/learn-airflow/airflow1/py_env/lib/python3.11/site-packages/airflow/example_dags/example_display_name.py
[2024-11-13T19:54:41.496+1100] {processor.py:925} INFO - DAG(s) 'example_display_name' retrieved from /Users/yoonmoon/git/learn-airflow/airflow1/py_env/lib/python3.11/site-packages/airflow/example_dags/example_display_name.py
[2024-11-13T19:54:41.552+1100] {logging_mixin.py:190} INFO - [2024-11-13T19:54:41.552+1100] {dag.py:3239} INFO - Sync 1 DAGs
[2024-11-13T19:54:41.556+1100] {logging_mixin.py:190} INFO - [2024-11-13T19:54:41.556+1100] {dag.py:4180} INFO - Setting next_dagrun for example_display_name to None, run_after=None
[2024-11-13T19:54:41.563+1100] {processor.py:208} INFO - Processing /Users/yoonmoon/git/learn-airflow/airflow1/py_env/lib/python3.11/site-packages/airflow/example_dags/example_display_name.py took 0.083 seconds
[2024-11-13T19:57:01.349+1100] {processor.py:186} INFO - Started process (PID=67276) to work on /Users/yoonmoon/git/learn-airflow/airflow1/py_env/lib/python3.11/site-packages/airflow/example_dags/example_display_name.py
[2024-11-13T19:57:01.350+1100] {processor.py:914} INFO - Processing file /Users/yoonmoon/git/learn-airflow/airflow1/py_env/lib/python3.11/site-packages/airflow/example_dags/example_display_name.py for tasks to queue
[2024-11-13T19:57:01.351+1100] {logging_mixin.py:190} INFO - [2024-11-13T19:57:01.351+1100] {dagbag.py:588} INFO - Filling up the DagBag from /Users/yoonmoon/git/learn-airflow/airflow1/py_env/lib/python3.11/site-packages/airflow/example_dags/example_display_name.py
[2024-11-13T19:57:01.364+1100] {processor.py:925} INFO - DAG(s) 'example_display_name' retrieved from /Users/yoonmoon/git/learn-airflow/airflow1/py_env/lib/python3.11/site-packages/airflow/example_dags/example_display_name.py
[2024-11-13T19:57:01.422+1100] {logging_mixin.py:190} INFO - [2024-11-13T19:57:01.421+1100] {dag.py:3239} INFO - Sync 1 DAGs
[2024-11-13T19:57:01.426+1100] {logging_mixin.py:190} INFO - [2024-11-13T19:57:01.426+1100] {dag.py:4180} INFO - Setting next_dagrun for example_display_name to None, run_after=None
[2024-11-13T19:57:01.433+1100] {processor.py:208} INFO - Processing /Users/yoonmoon/git/learn-airflow/airflow1/py_env/lib/python3.11/site-packages/airflow/example_dags/example_display_name.py took 0.086 seconds
[2024-11-13T19:59:14.611+1100] {processor.py:186} INFO - Started process (PID=67520) to work on /Users/yoonmoon/git/learn-airflow/airflow1/py_env/lib/python3.11/site-packages/airflow/example_dags/example_display_name.py
[2024-11-13T19:59:14.611+1100] {processor.py:914} INFO - Processing file /Users/yoonmoon/git/learn-airflow/airflow1/py_env/lib/python3.11/site-packages/airflow/example_dags/example_display_name.py for tasks to queue
[2024-11-13T19:59:14.612+1100] {logging_mixin.py:190} INFO - [2024-11-13T19:59:14.612+1100] {dagbag.py:588} INFO - Filling up the DagBag from /Users/yoonmoon/git/learn-airflow/airflow1/py_env/lib/python3.11/site-packages/airflow/example_dags/example_display_name.py
[2024-11-13T19:59:14.625+1100] {processor.py:925} INFO - DAG(s) 'example_display_name' retrieved from /Users/yoonmoon/git/learn-airflow/airflow1/py_env/lib/python3.11/site-packages/airflow/example_dags/example_display_name.py
[2024-11-13T19:59:14.683+1100] {logging_mixin.py:190} INFO - [2024-11-13T19:59:14.683+1100] {dag.py:3239} INFO - Sync 1 DAGs
[2024-11-13T19:59:14.687+1100] {logging_mixin.py:190} INFO - [2024-11-13T19:59:14.686+1100] {dag.py:4180} INFO - Setting next_dagrun for example_display_name to None, run_after=None
[2024-11-13T19:59:14.693+1100] {processor.py:208} INFO - Processing /Users/yoonmoon/git/learn-airflow/airflow1/py_env/lib/python3.11/site-packages/airflow/example_dags/example_display_name.py took 0.085 seconds
[2024-11-13T20:01:29.780+1100] {processor.py:186} INFO - Started process (PID=67768) to work on /Users/yoonmoon/git/learn-airflow/airflow1/py_env/lib/python3.11/site-packages/airflow/example_dags/example_display_name.py
[2024-11-13T20:01:29.780+1100] {processor.py:914} INFO - Processing file /Users/yoonmoon/git/learn-airflow/airflow1/py_env/lib/python3.11/site-packages/airflow/example_dags/example_display_name.py for tasks to queue
[2024-11-13T20:01:29.781+1100] {logging_mixin.py:190} INFO - [2024-11-13T20:01:29.781+1100] {dagbag.py:588} INFO - Filling up the DagBag from /Users/yoonmoon/git/learn-airflow/airflow1/py_env/lib/python3.11/site-packages/airflow/example_dags/example_display_name.py
[2024-11-13T20:01:29.794+1100] {processor.py:925} INFO - DAG(s) 'example_display_name' retrieved from /Users/yoonmoon/git/learn-airflow/airflow1/py_env/lib/python3.11/site-packages/airflow/example_dags/example_display_name.py
[2024-11-13T20:01:29.850+1100] {logging_mixin.py:190} INFO - [2024-11-13T20:01:29.850+1100] {dag.py:3239} INFO - Sync 1 DAGs
[2024-11-13T20:01:29.854+1100] {logging_mixin.py:190} INFO - [2024-11-13T20:01:29.854+1100] {dag.py:4180} INFO - Setting next_dagrun for example_display_name to None, run_after=None
[2024-11-13T20:01:29.861+1100] {processor.py:208} INFO - Processing /Users/yoonmoon/git/learn-airflow/airflow1/py_env/lib/python3.11/site-packages/airflow/example_dags/example_display_name.py took 0.083 seconds
[2024-11-13T20:03:47.447+1100] {processor.py:186} INFO - Started process (PID=68014) to work on /Users/yoonmoon/git/learn-airflow/airflow1/py_env/lib/python3.11/site-packages/airflow/example_dags/example_display_name.py
[2024-11-13T20:03:47.447+1100] {processor.py:914} INFO - Processing file /Users/yoonmoon/git/learn-airflow/airflow1/py_env/lib/python3.11/site-packages/airflow/example_dags/example_display_name.py for tasks to queue
[2024-11-13T20:03:47.448+1100] {logging_mixin.py:190} INFO - [2024-11-13T20:03:47.448+1100] {dagbag.py:588} INFO - Filling up the DagBag from /Users/yoonmoon/git/learn-airflow/airflow1/py_env/lib/python3.11/site-packages/airflow/example_dags/example_display_name.py
[2024-11-13T20:03:47.461+1100] {processor.py:925} INFO - DAG(s) 'example_display_name' retrieved from /Users/yoonmoon/git/learn-airflow/airflow1/py_env/lib/python3.11/site-packages/airflow/example_dags/example_display_name.py
[2024-11-13T20:03:47.518+1100] {logging_mixin.py:190} INFO - [2024-11-13T20:03:47.518+1100] {dag.py:3239} INFO - Sync 1 DAGs
[2024-11-13T20:03:47.522+1100] {logging_mixin.py:190} INFO - [2024-11-13T20:03:47.522+1100] {dag.py:4180} INFO - Setting next_dagrun for example_display_name to None, run_after=None
[2024-11-13T20:03:47.528+1100] {processor.py:208} INFO - Processing /Users/yoonmoon/git/learn-airflow/airflow1/py_env/lib/python3.11/site-packages/airflow/example_dags/example_display_name.py took 0.084 seconds
[2024-11-13T20:06:04.764+1100] {processor.py:186} INFO - Started process (PID=68293) to work on /Users/yoonmoon/git/learn-airflow/airflow1/py_env/lib/python3.11/site-packages/airflow/example_dags/example_display_name.py
[2024-11-13T20:06:04.765+1100] {processor.py:914} INFO - Processing file /Users/yoonmoon/git/learn-airflow/airflow1/py_env/lib/python3.11/site-packages/airflow/example_dags/example_display_name.py for tasks to queue
[2024-11-13T20:06:04.765+1100] {logging_mixin.py:190} INFO - [2024-11-13T20:06:04.765+1100] {dagbag.py:588} INFO - Filling up the DagBag from /Users/yoonmoon/git/learn-airflow/airflow1/py_env/lib/python3.11/site-packages/airflow/example_dags/example_display_name.py
[2024-11-13T20:06:04.779+1100] {processor.py:925} INFO - DAG(s) 'example_display_name' retrieved from /Users/yoonmoon/git/learn-airflow/airflow1/py_env/lib/python3.11/site-packages/airflow/example_dags/example_display_name.py
[2024-11-13T20:06:04.840+1100] {logging_mixin.py:190} INFO - [2024-11-13T20:06:04.840+1100] {dag.py:3239} INFO - Sync 1 DAGs
[2024-11-13T20:06:04.844+1100] {logging_mixin.py:190} INFO - [2024-11-13T20:06:04.844+1100] {dag.py:4180} INFO - Setting next_dagrun for example_display_name to None, run_after=None
[2024-11-13T20:06:04.850+1100] {processor.py:208} INFO - Processing /Users/yoonmoon/git/learn-airflow/airflow1/py_env/lib/python3.11/site-packages/airflow/example_dags/example_display_name.py took 0.089 seconds
[2024-11-13T20:08:24.750+1100] {processor.py:186} INFO - Started process (PID=68567) to work on /Users/yoonmoon/git/learn-airflow/airflow1/py_env/lib/python3.11/site-packages/airflow/example_dags/example_display_name.py
[2024-11-13T20:08:24.752+1100] {processor.py:914} INFO - Processing file /Users/yoonmoon/git/learn-airflow/airflow1/py_env/lib/python3.11/site-packages/airflow/example_dags/example_display_name.py for tasks to queue
[2024-11-13T20:08:24.752+1100] {logging_mixin.py:190} INFO - [2024-11-13T20:08:24.752+1100] {dagbag.py:588} INFO - Filling up the DagBag from /Users/yoonmoon/git/learn-airflow/airflow1/py_env/lib/python3.11/site-packages/airflow/example_dags/example_display_name.py
[2024-11-13T20:08:24.767+1100] {processor.py:925} INFO - DAG(s) 'example_display_name' retrieved from /Users/yoonmoon/git/learn-airflow/airflow1/py_env/lib/python3.11/site-packages/airflow/example_dags/example_display_name.py
[2024-11-13T20:08:24.829+1100] {logging_mixin.py:190} INFO - [2024-11-13T20:08:24.829+1100] {dag.py:3239} INFO - Sync 1 DAGs
[2024-11-13T20:08:24.833+1100] {logging_mixin.py:190} INFO - [2024-11-13T20:08:24.833+1100] {dag.py:4180} INFO - Setting next_dagrun for example_display_name to None, run_after=None
[2024-11-13T20:08:24.840+1100] {processor.py:208} INFO - Processing /Users/yoonmoon/git/learn-airflow/airflow1/py_env/lib/python3.11/site-packages/airflow/example_dags/example_display_name.py took 0.092 seconds
[2024-11-13T20:10:46.546+1100] {processor.py:186} INFO - Started process (PID=68852) to work on /Users/yoonmoon/git/learn-airflow/airflow1/py_env/lib/python3.11/site-packages/airflow/example_dags/example_display_name.py
[2024-11-13T20:10:46.547+1100] {processor.py:914} INFO - Processing file /Users/yoonmoon/git/learn-airflow/airflow1/py_env/lib/python3.11/site-packages/airflow/example_dags/example_display_name.py for tasks to queue
[2024-11-13T20:10:46.548+1100] {logging_mixin.py:190} INFO - [2024-11-13T20:10:46.548+1100] {dagbag.py:588} INFO - Filling up the DagBag from /Users/yoonmoon/git/learn-airflow/airflow1/py_env/lib/python3.11/site-packages/airflow/example_dags/example_display_name.py
[2024-11-13T20:10:46.561+1100] {processor.py:925} INFO - DAG(s) 'example_display_name' retrieved from /Users/yoonmoon/git/learn-airflow/airflow1/py_env/lib/python3.11/site-packages/airflow/example_dags/example_display_name.py
[2024-11-13T20:10:46.621+1100] {logging_mixin.py:190} INFO - [2024-11-13T20:10:46.621+1100] {dag.py:3239} INFO - Sync 1 DAGs
[2024-11-13T20:10:46.625+1100] {logging_mixin.py:190} INFO - [2024-11-13T20:10:46.625+1100] {dag.py:4180} INFO - Setting next_dagrun for example_display_name to None, run_after=None
[2024-11-13T20:10:46.631+1100] {processor.py:208} INFO - Processing /Users/yoonmoon/git/learn-airflow/airflow1/py_env/lib/python3.11/site-packages/airflow/example_dags/example_display_name.py took 0.087 seconds
[2024-11-13T20:13:00.332+1100] {processor.py:186} INFO - Started process (PID=69102) to work on /Users/yoonmoon/git/learn-airflow/airflow1/py_env/lib/python3.11/site-packages/airflow/example_dags/example_display_name.py
[2024-11-13T20:13:00.333+1100] {processor.py:914} INFO - Processing file /Users/yoonmoon/git/learn-airflow/airflow1/py_env/lib/python3.11/site-packages/airflow/example_dags/example_display_name.py for tasks to queue
[2024-11-13T20:13:00.334+1100] {logging_mixin.py:190} INFO - [2024-11-13T20:13:00.334+1100] {dagbag.py:588} INFO - Filling up the DagBag from /Users/yoonmoon/git/learn-airflow/airflow1/py_env/lib/python3.11/site-packages/airflow/example_dags/example_display_name.py
[2024-11-13T20:13:00.347+1100] {processor.py:925} INFO - DAG(s) 'example_display_name' retrieved from /Users/yoonmoon/git/learn-airflow/airflow1/py_env/lib/python3.11/site-packages/airflow/example_dags/example_display_name.py
[2024-11-13T20:13:00.408+1100] {logging_mixin.py:190} INFO - [2024-11-13T20:13:00.408+1100] {dag.py:3239} INFO - Sync 1 DAGs
[2024-11-13T20:13:00.412+1100] {logging_mixin.py:190} INFO - [2024-11-13T20:13:00.412+1100] {dag.py:4180} INFO - Setting next_dagrun for example_display_name to None, run_after=None
[2024-11-13T20:13:00.419+1100] {processor.py:208} INFO - Processing /Users/yoonmoon/git/learn-airflow/airflow1/py_env/lib/python3.11/site-packages/airflow/example_dags/example_display_name.py took 0.089 seconds
[2024-11-13T20:15:20.006+1100] {processor.py:186} INFO - Started process (PID=69351) to work on /Users/yoonmoon/git/learn-airflow/airflow1/py_env/lib/python3.11/site-packages/airflow/example_dags/example_display_name.py
[2024-11-13T20:15:20.007+1100] {processor.py:914} INFO - Processing file /Users/yoonmoon/git/learn-airflow/airflow1/py_env/lib/python3.11/site-packages/airflow/example_dags/example_display_name.py for tasks to queue
[2024-11-13T20:15:20.008+1100] {logging_mixin.py:190} INFO - [2024-11-13T20:15:20.008+1100] {dagbag.py:588} INFO - Filling up the DagBag from /Users/yoonmoon/git/learn-airflow/airflow1/py_env/lib/python3.11/site-packages/airflow/example_dags/example_display_name.py
[2024-11-13T20:15:20.021+1100] {processor.py:925} INFO - DAG(s) 'example_display_name' retrieved from /Users/yoonmoon/git/learn-airflow/airflow1/py_env/lib/python3.11/site-packages/airflow/example_dags/example_display_name.py
[2024-11-13T20:15:20.083+1100] {logging_mixin.py:190} INFO - [2024-11-13T20:15:20.083+1100] {dag.py:3239} INFO - Sync 1 DAGs
[2024-11-13T20:15:20.087+1100] {logging_mixin.py:190} INFO - [2024-11-13T20:15:20.087+1100] {dag.py:4180} INFO - Setting next_dagrun for example_display_name to None, run_after=None
[2024-11-13T20:15:20.093+1100] {processor.py:208} INFO - Processing /Users/yoonmoon/git/learn-airflow/airflow1/py_env/lib/python3.11/site-packages/airflow/example_dags/example_display_name.py took 0.090 seconds
[2024-11-13T20:17:36.862+1100] {processor.py:186} INFO - Started process (PID=69599) to work on /Users/yoonmoon/git/learn-airflow/airflow1/py_env/lib/python3.11/site-packages/airflow/example_dags/example_display_name.py
[2024-11-13T20:17:36.862+1100] {processor.py:914} INFO - Processing file /Users/yoonmoon/git/learn-airflow/airflow1/py_env/lib/python3.11/site-packages/airflow/example_dags/example_display_name.py for tasks to queue
[2024-11-13T20:17:36.863+1100] {logging_mixin.py:190} INFO - [2024-11-13T20:17:36.863+1100] {dagbag.py:588} INFO - Filling up the DagBag from /Users/yoonmoon/git/learn-airflow/airflow1/py_env/lib/python3.11/site-packages/airflow/example_dags/example_display_name.py
[2024-11-13T20:17:36.877+1100] {processor.py:925} INFO - DAG(s) 'example_display_name' retrieved from /Users/yoonmoon/git/learn-airflow/airflow1/py_env/lib/python3.11/site-packages/airflow/example_dags/example_display_name.py
[2024-11-13T20:17:36.937+1100] {logging_mixin.py:190} INFO - [2024-11-13T20:17:36.937+1100] {dag.py:3239} INFO - Sync 1 DAGs
[2024-11-13T20:17:36.941+1100] {logging_mixin.py:190} INFO - [2024-11-13T20:17:36.941+1100] {dag.py:4180} INFO - Setting next_dagrun for example_display_name to None, run_after=None
[2024-11-13T20:17:36.948+1100] {processor.py:208} INFO - Processing /Users/yoonmoon/git/learn-airflow/airflow1/py_env/lib/python3.11/site-packages/airflow/example_dags/example_display_name.py took 0.089 seconds
[2024-11-13T20:19:57.341+1100] {processor.py:186} INFO - Started process (PID=69932) to work on /Users/yoonmoon/git/learn-airflow/airflow1/py_env/lib/python3.11/site-packages/airflow/example_dags/example_display_name.py
[2024-11-13T20:19:57.342+1100] {processor.py:914} INFO - Processing file /Users/yoonmoon/git/learn-airflow/airflow1/py_env/lib/python3.11/site-packages/airflow/example_dags/example_display_name.py for tasks to queue
[2024-11-13T20:19:57.343+1100] {logging_mixin.py:190} INFO - [2024-11-13T20:19:57.342+1100] {dagbag.py:588} INFO - Filling up the DagBag from /Users/yoonmoon/git/learn-airflow/airflow1/py_env/lib/python3.11/site-packages/airflow/example_dags/example_display_name.py
[2024-11-13T20:19:57.356+1100] {processor.py:925} INFO - DAG(s) 'example_display_name' retrieved from /Users/yoonmoon/git/learn-airflow/airflow1/py_env/lib/python3.11/site-packages/airflow/example_dags/example_display_name.py
[2024-11-13T20:19:57.415+1100] {logging_mixin.py:190} INFO - [2024-11-13T20:19:57.415+1100] {dag.py:3239} INFO - Sync 1 DAGs
[2024-11-13T20:19:57.419+1100] {logging_mixin.py:190} INFO - [2024-11-13T20:19:57.419+1100] {dag.py:4180} INFO - Setting next_dagrun for example_display_name to None, run_after=None
[2024-11-13T20:19:57.426+1100] {processor.py:208} INFO - Processing /Users/yoonmoon/git/learn-airflow/airflow1/py_env/lib/python3.11/site-packages/airflow/example_dags/example_display_name.py took 0.087 seconds
[2024-11-13T20:22:14.232+1100] {processor.py:186} INFO - Started process (PID=70244) to work on /Users/yoonmoon/git/learn-airflow/airflow1/py_env/lib/python3.11/site-packages/airflow/example_dags/example_display_name.py
[2024-11-13T20:22:14.232+1100] {processor.py:914} INFO - Processing file /Users/yoonmoon/git/learn-airflow/airflow1/py_env/lib/python3.11/site-packages/airflow/example_dags/example_display_name.py for tasks to queue
[2024-11-13T20:22:14.233+1100] {logging_mixin.py:190} INFO - [2024-11-13T20:22:14.233+1100] {dagbag.py:588} INFO - Filling up the DagBag from /Users/yoonmoon/git/learn-airflow/airflow1/py_env/lib/python3.11/site-packages/airflow/example_dags/example_display_name.py
[2024-11-13T20:22:14.246+1100] {processor.py:925} INFO - DAG(s) 'example_display_name' retrieved from /Users/yoonmoon/git/learn-airflow/airflow1/py_env/lib/python3.11/site-packages/airflow/example_dags/example_display_name.py
[2024-11-13T20:22:14.306+1100] {logging_mixin.py:190} INFO - [2024-11-13T20:22:14.306+1100] {dag.py:3239} INFO - Sync 1 DAGs
[2024-11-13T20:22:14.310+1100] {logging_mixin.py:190} INFO - [2024-11-13T20:22:14.310+1100] {dag.py:4180} INFO - Setting next_dagrun for example_display_name to None, run_after=None
[2024-11-13T20:22:14.317+1100] {processor.py:208} INFO - Processing /Users/yoonmoon/git/learn-airflow/airflow1/py_env/lib/python3.11/site-packages/airflow/example_dags/example_display_name.py took 0.088 seconds
[2024-11-13T20:24:26.753+1100] {processor.py:186} INFO - Started process (PID=70501) to work on /Users/yoonmoon/git/learn-airflow/airflow1/py_env/lib/python3.11/site-packages/airflow/example_dags/example_display_name.py
[2024-11-13T20:24:26.754+1100] {processor.py:914} INFO - Processing file /Users/yoonmoon/git/learn-airflow/airflow1/py_env/lib/python3.11/site-packages/airflow/example_dags/example_display_name.py for tasks to queue
[2024-11-13T20:24:26.755+1100] {logging_mixin.py:190} INFO - [2024-11-13T20:24:26.755+1100] {dagbag.py:588} INFO - Filling up the DagBag from /Users/yoonmoon/git/learn-airflow/airflow1/py_env/lib/python3.11/site-packages/airflow/example_dags/example_display_name.py
[2024-11-13T20:24:26.768+1100] {processor.py:925} INFO - DAG(s) 'example_display_name' retrieved from /Users/yoonmoon/git/learn-airflow/airflow1/py_env/lib/python3.11/site-packages/airflow/example_dags/example_display_name.py
[2024-11-13T20:24:26.825+1100] {logging_mixin.py:190} INFO - [2024-11-13T20:24:26.824+1100] {dag.py:3239} INFO - Sync 1 DAGs
[2024-11-13T20:24:26.828+1100] {logging_mixin.py:190} INFO - [2024-11-13T20:24:26.828+1100] {dag.py:4180} INFO - Setting next_dagrun for example_display_name to None, run_after=None
[2024-11-13T20:24:26.835+1100] {processor.py:208} INFO - Processing /Users/yoonmoon/git/learn-airflow/airflow1/py_env/lib/python3.11/site-packages/airflow/example_dags/example_display_name.py took 0.084 seconds
[2024-11-13T20:26:43.001+1100] {processor.py:186} INFO - Started process (PID=70778) to work on /Users/yoonmoon/git/learn-airflow/airflow1/py_env/lib/python3.11/site-packages/airflow/example_dags/example_display_name.py
[2024-11-13T20:26:43.003+1100] {processor.py:914} INFO - Processing file /Users/yoonmoon/git/learn-airflow/airflow1/py_env/lib/python3.11/site-packages/airflow/example_dags/example_display_name.py for tasks to queue
[2024-11-13T20:26:43.003+1100] {logging_mixin.py:190} INFO - [2024-11-13T20:26:43.003+1100] {dagbag.py:588} INFO - Filling up the DagBag from /Users/yoonmoon/git/learn-airflow/airflow1/py_env/lib/python3.11/site-packages/airflow/example_dags/example_display_name.py
[2024-11-13T20:26:43.017+1100] {processor.py:925} INFO - DAG(s) 'example_display_name' retrieved from /Users/yoonmoon/git/learn-airflow/airflow1/py_env/lib/python3.11/site-packages/airflow/example_dags/example_display_name.py
[2024-11-13T20:26:43.074+1100] {logging_mixin.py:190} INFO - [2024-11-13T20:26:43.074+1100] {dag.py:3239} INFO - Sync 1 DAGs
[2024-11-13T20:26:43.078+1100] {logging_mixin.py:190} INFO - [2024-11-13T20:26:43.078+1100] {dag.py:4180} INFO - Setting next_dagrun for example_display_name to None, run_after=None
[2024-11-13T20:26:43.084+1100] {processor.py:208} INFO - Processing /Users/yoonmoon/git/learn-airflow/airflow1/py_env/lib/python3.11/site-packages/airflow/example_dags/example_display_name.py took 0.085 seconds
[2024-11-13T20:28:59.022+1100] {processor.py:186} INFO - Started process (PID=71055) to work on /Users/yoonmoon/git/learn-airflow/airflow1/py_env/lib/python3.11/site-packages/airflow/example_dags/example_display_name.py
[2024-11-13T20:28:59.024+1100] {processor.py:914} INFO - Processing file /Users/yoonmoon/git/learn-airflow/airflow1/py_env/lib/python3.11/site-packages/airflow/example_dags/example_display_name.py for tasks to queue
[2024-11-13T20:28:59.024+1100] {logging_mixin.py:190} INFO - [2024-11-13T20:28:59.024+1100] {dagbag.py:588} INFO - Filling up the DagBag from /Users/yoonmoon/git/learn-airflow/airflow1/py_env/lib/python3.11/site-packages/airflow/example_dags/example_display_name.py
[2024-11-13T20:28:59.037+1100] {processor.py:925} INFO - DAG(s) 'example_display_name' retrieved from /Users/yoonmoon/git/learn-airflow/airflow1/py_env/lib/python3.11/site-packages/airflow/example_dags/example_display_name.py
[2024-11-13T20:28:59.095+1100] {logging_mixin.py:190} INFO - [2024-11-13T20:28:59.095+1100] {dag.py:3239} INFO - Sync 1 DAGs
[2024-11-13T20:28:59.098+1100] {logging_mixin.py:190} INFO - [2024-11-13T20:28:59.098+1100] {dag.py:4180} INFO - Setting next_dagrun for example_display_name to None, run_after=None
[2024-11-13T20:28:59.105+1100] {processor.py:208} INFO - Processing /Users/yoonmoon/git/learn-airflow/airflow1/py_env/lib/python3.11/site-packages/airflow/example_dags/example_display_name.py took 0.085 seconds
[2024-11-13T20:31:16.951+1100] {processor.py:186} INFO - Started process (PID=71305) to work on /Users/yoonmoon/git/learn-airflow/airflow1/py_env/lib/python3.11/site-packages/airflow/example_dags/example_display_name.py
[2024-11-13T20:31:16.952+1100] {processor.py:914} INFO - Processing file /Users/yoonmoon/git/learn-airflow/airflow1/py_env/lib/python3.11/site-packages/airflow/example_dags/example_display_name.py for tasks to queue
[2024-11-13T20:31:16.953+1100] {logging_mixin.py:190} INFO - [2024-11-13T20:31:16.953+1100] {dagbag.py:588} INFO - Filling up the DagBag from /Users/yoonmoon/git/learn-airflow/airflow1/py_env/lib/python3.11/site-packages/airflow/example_dags/example_display_name.py
[2024-11-13T20:31:16.966+1100] {processor.py:925} INFO - DAG(s) 'example_display_name' retrieved from /Users/yoonmoon/git/learn-airflow/airflow1/py_env/lib/python3.11/site-packages/airflow/example_dags/example_display_name.py
[2024-11-13T20:31:17.023+1100] {logging_mixin.py:190} INFO - [2024-11-13T20:31:17.023+1100] {dag.py:3239} INFO - Sync 1 DAGs
[2024-11-13T20:31:17.027+1100] {logging_mixin.py:190} INFO - [2024-11-13T20:31:17.026+1100] {dag.py:4180} INFO - Setting next_dagrun for example_display_name to None, run_after=None
[2024-11-13T20:31:17.033+1100] {processor.py:208} INFO - Processing /Users/yoonmoon/git/learn-airflow/airflow1/py_env/lib/python3.11/site-packages/airflow/example_dags/example_display_name.py took 0.083 seconds
[2024-11-13T20:33:39.295+1100] {processor.py:186} INFO - Started process (PID=71563) to work on /Users/yoonmoon/git/learn-airflow/airflow1/py_env/lib/python3.11/site-packages/airflow/example_dags/example_display_name.py
[2024-11-13T20:33:39.296+1100] {processor.py:914} INFO - Processing file /Users/yoonmoon/git/learn-airflow/airflow1/py_env/lib/python3.11/site-packages/airflow/example_dags/example_display_name.py for tasks to queue
[2024-11-13T20:33:39.297+1100] {logging_mixin.py:190} INFO - [2024-11-13T20:33:39.296+1100] {dagbag.py:588} INFO - Filling up the DagBag from /Users/yoonmoon/git/learn-airflow/airflow1/py_env/lib/python3.11/site-packages/airflow/example_dags/example_display_name.py
[2024-11-13T20:33:39.311+1100] {processor.py:925} INFO - DAG(s) 'example_display_name' retrieved from /Users/yoonmoon/git/learn-airflow/airflow1/py_env/lib/python3.11/site-packages/airflow/example_dags/example_display_name.py
[2024-11-13T20:33:39.370+1100] {logging_mixin.py:190} INFO - [2024-11-13T20:33:39.370+1100] {dag.py:3239} INFO - Sync 1 DAGs
[2024-11-13T20:33:39.374+1100] {logging_mixin.py:190} INFO - [2024-11-13T20:33:39.374+1100] {dag.py:4180} INFO - Setting next_dagrun for example_display_name to None, run_after=None
[2024-11-13T20:33:39.382+1100] {processor.py:208} INFO - Processing /Users/yoonmoon/git/learn-airflow/airflow1/py_env/lib/python3.11/site-packages/airflow/example_dags/example_display_name.py took 0.089 seconds
[2024-11-13T20:35:59.842+1100] {processor.py:186} INFO - Started process (PID=71833) to work on /Users/yoonmoon/git/learn-airflow/airflow1/py_env/lib/python3.11/site-packages/airflow/example_dags/example_display_name.py
[2024-11-13T20:35:59.843+1100] {processor.py:914} INFO - Processing file /Users/yoonmoon/git/learn-airflow/airflow1/py_env/lib/python3.11/site-packages/airflow/example_dags/example_display_name.py for tasks to queue
[2024-11-13T20:35:59.843+1100] {logging_mixin.py:190} INFO - [2024-11-13T20:35:59.843+1100] {dagbag.py:588} INFO - Filling up the DagBag from /Users/yoonmoon/git/learn-airflow/airflow1/py_env/lib/python3.11/site-packages/airflow/example_dags/example_display_name.py
[2024-11-13T20:35:59.857+1100] {processor.py:925} INFO - DAG(s) 'example_display_name' retrieved from /Users/yoonmoon/git/learn-airflow/airflow1/py_env/lib/python3.11/site-packages/airflow/example_dags/example_display_name.py
[2024-11-13T20:35:59.915+1100] {logging_mixin.py:190} INFO - [2024-11-13T20:35:59.915+1100] {dag.py:3239} INFO - Sync 1 DAGs
[2024-11-13T20:35:59.919+1100] {logging_mixin.py:190} INFO - [2024-11-13T20:35:59.919+1100] {dag.py:4180} INFO - Setting next_dagrun for example_display_name to None, run_after=None
[2024-11-13T20:35:59.925+1100] {processor.py:208} INFO - Processing /Users/yoonmoon/git/learn-airflow/airflow1/py_env/lib/python3.11/site-packages/airflow/example_dags/example_display_name.py took 0.085 seconds
[2024-11-13T20:38:17.781+1100] {processor.py:186} INFO - Started process (PID=72134) to work on /Users/yoonmoon/git/learn-airflow/airflow1/py_env/lib/python3.11/site-packages/airflow/example_dags/example_display_name.py
[2024-11-13T20:38:17.781+1100] {processor.py:914} INFO - Processing file /Users/yoonmoon/git/learn-airflow/airflow1/py_env/lib/python3.11/site-packages/airflow/example_dags/example_display_name.py for tasks to queue
[2024-11-13T20:38:17.782+1100] {logging_mixin.py:190} INFO - [2024-11-13T20:38:17.782+1100] {dagbag.py:588} INFO - Filling up the DagBag from /Users/yoonmoon/git/learn-airflow/airflow1/py_env/lib/python3.11/site-packages/airflow/example_dags/example_display_name.py
[2024-11-13T20:38:17.797+1100] {processor.py:925} INFO - DAG(s) 'example_display_name' retrieved from /Users/yoonmoon/git/learn-airflow/airflow1/py_env/lib/python3.11/site-packages/airflow/example_dags/example_display_name.py
[2024-11-13T20:38:17.859+1100] {logging_mixin.py:190} INFO - [2024-11-13T20:38:17.859+1100] {dag.py:3239} INFO - Sync 1 DAGs
[2024-11-13T20:38:17.863+1100] {logging_mixin.py:190} INFO - [2024-11-13T20:38:17.863+1100] {dag.py:4180} INFO - Setting next_dagrun for example_display_name to None, run_after=None
[2024-11-13T20:38:17.869+1100] {processor.py:208} INFO - Processing /Users/yoonmoon/git/learn-airflow/airflow1/py_env/lib/python3.11/site-packages/airflow/example_dags/example_display_name.py took 0.091 seconds
[2024-11-13T20:40:36.265+1100] {processor.py:186} INFO - Started process (PID=72390) to work on /Users/yoonmoon/git/learn-airflow/airflow1/py_env/lib/python3.11/site-packages/airflow/example_dags/example_display_name.py
[2024-11-13T20:40:36.267+1100] {processor.py:914} INFO - Processing file /Users/yoonmoon/git/learn-airflow/airflow1/py_env/lib/python3.11/site-packages/airflow/example_dags/example_display_name.py for tasks to queue
[2024-11-13T20:40:36.267+1100] {logging_mixin.py:190} INFO - [2024-11-13T20:40:36.267+1100] {dagbag.py:588} INFO - Filling up the DagBag from /Users/yoonmoon/git/learn-airflow/airflow1/py_env/lib/python3.11/site-packages/airflow/example_dags/example_display_name.py
[2024-11-13T20:40:36.280+1100] {processor.py:925} INFO - DAG(s) 'example_display_name' retrieved from /Users/yoonmoon/git/learn-airflow/airflow1/py_env/lib/python3.11/site-packages/airflow/example_dags/example_display_name.py
[2024-11-13T20:40:36.341+1100] {logging_mixin.py:190} INFO - [2024-11-13T20:40:36.341+1100] {dag.py:3239} INFO - Sync 1 DAGs
[2024-11-13T20:40:36.345+1100] {logging_mixin.py:190} INFO - [2024-11-13T20:40:36.345+1100] {dag.py:4180} INFO - Setting next_dagrun for example_display_name to None, run_after=None
[2024-11-13T20:40:36.353+1100] {processor.py:208} INFO - Processing /Users/yoonmoon/git/learn-airflow/airflow1/py_env/lib/python3.11/site-packages/airflow/example_dags/example_display_name.py took 0.090 seconds
[2024-11-13T20:42:56.362+1100] {processor.py:186} INFO - Started process (PID=72652) to work on /Users/yoonmoon/git/learn-airflow/airflow1/py_env/lib/python3.11/site-packages/airflow/example_dags/example_display_name.py
[2024-11-13T20:42:56.363+1100] {processor.py:914} INFO - Processing file /Users/yoonmoon/git/learn-airflow/airflow1/py_env/lib/python3.11/site-packages/airflow/example_dags/example_display_name.py for tasks to queue
[2024-11-13T20:42:56.364+1100] {logging_mixin.py:190} INFO - [2024-11-13T20:42:56.364+1100] {dagbag.py:588} INFO - Filling up the DagBag from /Users/yoonmoon/git/learn-airflow/airflow1/py_env/lib/python3.11/site-packages/airflow/example_dags/example_display_name.py
[2024-11-13T20:42:56.377+1100] {processor.py:925} INFO - DAG(s) 'example_display_name' retrieved from /Users/yoonmoon/git/learn-airflow/airflow1/py_env/lib/python3.11/site-packages/airflow/example_dags/example_display_name.py
[2024-11-13T20:42:56.434+1100] {logging_mixin.py:190} INFO - [2024-11-13T20:42:56.434+1100] {dag.py:3239} INFO - Sync 1 DAGs
[2024-11-13T20:42:56.438+1100] {logging_mixin.py:190} INFO - [2024-11-13T20:42:56.438+1100] {dag.py:4180} INFO - Setting next_dagrun for example_display_name to None, run_after=None
[2024-11-13T20:42:56.446+1100] {processor.py:208} INFO - Processing /Users/yoonmoon/git/learn-airflow/airflow1/py_env/lib/python3.11/site-packages/airflow/example_dags/example_display_name.py took 0.087 seconds
[2024-11-13T20:45:15.392+1100] {processor.py:186} INFO - Started process (PID=72923) to work on /Users/yoonmoon/git/learn-airflow/airflow1/py_env/lib/python3.11/site-packages/airflow/example_dags/example_display_name.py
[2024-11-13T20:45:15.394+1100] {processor.py:914} INFO - Processing file /Users/yoonmoon/git/learn-airflow/airflow1/py_env/lib/python3.11/site-packages/airflow/example_dags/example_display_name.py for tasks to queue
[2024-11-13T20:45:15.394+1100] {logging_mixin.py:190} INFO - [2024-11-13T20:45:15.394+1100] {dagbag.py:588} INFO - Filling up the DagBag from /Users/yoonmoon/git/learn-airflow/airflow1/py_env/lib/python3.11/site-packages/airflow/example_dags/example_display_name.py
[2024-11-13T20:45:15.407+1100] {processor.py:925} INFO - DAG(s) 'example_display_name' retrieved from /Users/yoonmoon/git/learn-airflow/airflow1/py_env/lib/python3.11/site-packages/airflow/example_dags/example_display_name.py
[2024-11-13T20:45:15.466+1100] {logging_mixin.py:190} INFO - [2024-11-13T20:45:15.466+1100] {dag.py:3239} INFO - Sync 1 DAGs
[2024-11-13T20:45:15.470+1100] {logging_mixin.py:190} INFO - [2024-11-13T20:45:15.470+1100] {dag.py:4180} INFO - Setting next_dagrun for example_display_name to None, run_after=None
[2024-11-13T20:45:15.477+1100] {processor.py:208} INFO - Processing /Users/yoonmoon/git/learn-airflow/airflow1/py_env/lib/python3.11/site-packages/airflow/example_dags/example_display_name.py took 0.087 seconds
[2024-11-13T20:47:36.935+1100] {processor.py:186} INFO - Started process (PID=73193) to work on /Users/yoonmoon/git/learn-airflow/airflow1/py_env/lib/python3.11/site-packages/airflow/example_dags/example_display_name.py
[2024-11-13T20:47:36.937+1100] {processor.py:914} INFO - Processing file /Users/yoonmoon/git/learn-airflow/airflow1/py_env/lib/python3.11/site-packages/airflow/example_dags/example_display_name.py for tasks to queue
[2024-11-13T20:47:36.937+1100] {logging_mixin.py:190} INFO - [2024-11-13T20:47:36.937+1100] {dagbag.py:588} INFO - Filling up the DagBag from /Users/yoonmoon/git/learn-airflow/airflow1/py_env/lib/python3.11/site-packages/airflow/example_dags/example_display_name.py
[2024-11-13T20:47:36.950+1100] {processor.py:925} INFO - DAG(s) 'example_display_name' retrieved from /Users/yoonmoon/git/learn-airflow/airflow1/py_env/lib/python3.11/site-packages/airflow/example_dags/example_display_name.py
[2024-11-13T20:47:37.010+1100] {logging_mixin.py:190} INFO - [2024-11-13T20:47:37.010+1100] {dag.py:3239} INFO - Sync 1 DAGs
[2024-11-13T20:47:37.014+1100] {logging_mixin.py:190} INFO - [2024-11-13T20:47:37.014+1100] {dag.py:4180} INFO - Setting next_dagrun for example_display_name to None, run_after=None
[2024-11-13T20:47:37.021+1100] {processor.py:208} INFO - Processing /Users/yoonmoon/git/learn-airflow/airflow1/py_env/lib/python3.11/site-packages/airflow/example_dags/example_display_name.py took 0.088 seconds
[2024-11-13T20:50:03.744+1100] {processor.py:186} INFO - Started process (PID=73468) to work on /Users/yoonmoon/git/learn-airflow/airflow1/py_env/lib/python3.11/site-packages/airflow/example_dags/example_display_name.py
[2024-11-13T20:50:03.746+1100] {processor.py:914} INFO - Processing file /Users/yoonmoon/git/learn-airflow/airflow1/py_env/lib/python3.11/site-packages/airflow/example_dags/example_display_name.py for tasks to queue
[2024-11-13T20:50:03.746+1100] {logging_mixin.py:190} INFO - [2024-11-13T20:50:03.746+1100] {dagbag.py:588} INFO - Filling up the DagBag from /Users/yoonmoon/git/learn-airflow/airflow1/py_env/lib/python3.11/site-packages/airflow/example_dags/example_display_name.py
[2024-11-13T20:50:03.760+1100] {processor.py:925} INFO - DAG(s) 'example_display_name' retrieved from /Users/yoonmoon/git/learn-airflow/airflow1/py_env/lib/python3.11/site-packages/airflow/example_dags/example_display_name.py
[2024-11-13T20:50:03.827+1100] {logging_mixin.py:190} INFO - [2024-11-13T20:50:03.827+1100] {dag.py:3239} INFO - Sync 1 DAGs
[2024-11-13T20:50:03.831+1100] {logging_mixin.py:190} INFO - [2024-11-13T20:50:03.831+1100] {dag.py:4180} INFO - Setting next_dagrun for example_display_name to None, run_after=None
[2024-11-13T20:50:03.839+1100] {processor.py:208} INFO - Processing /Users/yoonmoon/git/learn-airflow/airflow1/py_env/lib/python3.11/site-packages/airflow/example_dags/example_display_name.py took 0.097 seconds
