[2024-11-13T19:29:22.889+1100] {processor.py:186} INFO - Started process (PID=63729) to work on /Users/yoonmoon/git/learn-airflow/airflow1/py_env/lib/python3.11/site-packages/airflow/example_dags/example_setup_teardown_taskflow.py
[2024-11-13T19:29:22.889+1100] {processor.py:914} INFO - Processing file /Users/yoonmoon/git/learn-airflow/airflow1/py_env/lib/python3.11/site-packages/airflow/example_dags/example_setup_teardown_taskflow.py for tasks to queue
[2024-11-13T19:29:22.890+1100] {logging_mixin.py:190} INFO - [2024-11-13T19:29:22.889+1100] {dagbag.py:588} INFO - Filling up the DagBag from /Users/yoonmoon/git/learn-airflow/airflow1/py_env/lib/python3.11/site-packages/airflow/example_dags/example_setup_teardown_taskflow.py
[2024-11-13T19:29:22.904+1100] {processor.py:925} INFO - DAG(s) 'example_setup_teardown_taskflow' retrieved from /Users/yoonmoon/git/learn-airflow/airflow1/py_env/lib/python3.11/site-packages/airflow/example_dags/example_setup_teardown_taskflow.py
[2024-11-13T19:29:22.992+1100] {logging_mixin.py:190} INFO - [2024-11-13T19:29:22.992+1100] {override.py:1911} INFO - Created Permission View: can edit on DAG:example_setup_teardown_taskflow
[2024-11-13T19:29:22.995+1100] {logging_mixin.py:190} INFO - [2024-11-13T19:29:22.995+1100] {override.py:1911} INFO - Created Permission View: can delete on DAG:example_setup_teardown_taskflow
[2024-11-13T19:29:22.997+1100] {logging_mixin.py:190} INFO - [2024-11-13T19:29:22.996+1100] {override.py:1911} INFO - Created Permission View: can read on DAG:example_setup_teardown_taskflow
[2024-11-13T19:29:23.000+1100] {logging_mixin.py:190} INFO - [2024-11-13T19:29:22.999+1100] {override.py:1911} INFO - Created Permission View: can create on DAG Run:example_setup_teardown_taskflow
[2024-11-13T19:29:23.001+1100] {logging_mixin.py:190} INFO - [2024-11-13T19:29:23.001+1100] {override.py:1911} INFO - Created Permission View: can delete on DAG Run:example_setup_teardown_taskflow
[2024-11-13T19:29:23.003+1100] {logging_mixin.py:190} INFO - [2024-11-13T19:29:23.003+1100] {override.py:1911} INFO - Created Permission View: menu access on DAG Run:example_setup_teardown_taskflow
[2024-11-13T19:29:23.005+1100] {logging_mixin.py:190} INFO - [2024-11-13T19:29:23.005+1100] {override.py:1911} INFO - Created Permission View: can read on DAG Run:example_setup_teardown_taskflow
[2024-11-13T19:29:23.005+1100] {logging_mixin.py:190} INFO - [2024-11-13T19:29:23.005+1100] {dag.py:3239} INFO - Sync 1 DAGs
[2024-11-13T19:29:23.009+1100] {logging_mixin.py:190} INFO - [2024-11-13T19:29:23.008+1100] {dag.py:3262} INFO - Creating ORM DAG for example_setup_teardown_taskflow
[2024-11-13T19:29:23.009+1100] {logging_mixin.py:190} INFO - [2024-11-13T19:29:23.009+1100] {dag.py:4180} INFO - Setting next_dagrun for example_setup_teardown_taskflow to None, run_after=None
[2024-11-13T19:29:23.014+1100] {processor.py:208} INFO - Processing /Users/yoonmoon/git/learn-airflow/airflow1/py_env/lib/python3.11/site-packages/airflow/example_dags/example_setup_teardown_taskflow.py took 0.128 seconds
[2024-11-13T19:31:04.508+1100] {processor.py:186} INFO - Started process (PID=63941) to work on /Users/yoonmoon/git/learn-airflow/airflow1/py_env/lib/python3.11/site-packages/airflow/example_dags/example_setup_teardown_taskflow.py
[2024-11-13T19:31:04.509+1100] {processor.py:914} INFO - Processing file /Users/yoonmoon/git/learn-airflow/airflow1/py_env/lib/python3.11/site-packages/airflow/example_dags/example_setup_teardown_taskflow.py for tasks to queue
[2024-11-13T19:31:04.510+1100] {logging_mixin.py:190} INFO - [2024-11-13T19:31:04.510+1100] {dagbag.py:588} INFO - Filling up the DagBag from /Users/yoonmoon/git/learn-airflow/airflow1/py_env/lib/python3.11/site-packages/airflow/example_dags/example_setup_teardown_taskflow.py
[2024-11-13T19:31:04.524+1100] {processor.py:925} INFO - DAG(s) 'example_setup_teardown_taskflow' retrieved from /Users/yoonmoon/git/learn-airflow/airflow1/py_env/lib/python3.11/site-packages/airflow/example_dags/example_setup_teardown_taskflow.py
[2024-11-13T19:31:04.582+1100] {logging_mixin.py:190} INFO - [2024-11-13T19:31:04.582+1100] {dag.py:3239} INFO - Sync 1 DAGs
[2024-11-13T19:31:04.586+1100] {logging_mixin.py:190} INFO - [2024-11-13T19:31:04.586+1100] {dag.py:4180} INFO - Setting next_dagrun for example_setup_teardown_taskflow to None, run_after=None
[2024-11-13T19:31:04.593+1100] {processor.py:208} INFO - Processing /Users/yoonmoon/git/learn-airflow/airflow1/py_env/lib/python3.11/site-packages/airflow/example_dags/example_setup_teardown_taskflow.py took 0.088 seconds
[2024-11-13T19:33:23.813+1100] {processor.py:186} INFO - Started process (PID=64334) to work on /Users/yoonmoon/git/learn-airflow/airflow1/py_env/lib/python3.11/site-packages/airflow/example_dags/example_setup_teardown_taskflow.py
[2024-11-13T19:33:23.813+1100] {processor.py:914} INFO - Processing file /Users/yoonmoon/git/learn-airflow/airflow1/py_env/lib/python3.11/site-packages/airflow/example_dags/example_setup_teardown_taskflow.py for tasks to queue
[2024-11-13T19:33:23.814+1100] {logging_mixin.py:190} INFO - [2024-11-13T19:33:23.814+1100] {dagbag.py:588} INFO - Filling up the DagBag from /Users/yoonmoon/git/learn-airflow/airflow1/py_env/lib/python3.11/site-packages/airflow/example_dags/example_setup_teardown_taskflow.py
[2024-11-13T19:33:23.828+1100] {processor.py:925} INFO - DAG(s) 'example_setup_teardown_taskflow' retrieved from /Users/yoonmoon/git/learn-airflow/airflow1/py_env/lib/python3.11/site-packages/airflow/example_dags/example_setup_teardown_taskflow.py
[2024-11-13T19:33:23.887+1100] {logging_mixin.py:190} INFO - [2024-11-13T19:33:23.886+1100] {dag.py:3239} INFO - Sync 1 DAGs
[2024-11-13T19:33:23.890+1100] {logging_mixin.py:190} INFO - [2024-11-13T19:33:23.890+1100] {dag.py:4180} INFO - Setting next_dagrun for example_setup_teardown_taskflow to None, run_after=None
[2024-11-13T19:33:23.897+1100] {processor.py:208} INFO - Processing /Users/yoonmoon/git/learn-airflow/airflow1/py_env/lib/python3.11/site-packages/airflow/example_dags/example_setup_teardown_taskflow.py took 0.087 seconds
[2024-11-13T19:34:35.971+1100] {processor.py:186} INFO - Started process (PID=64625) to work on /Users/yoonmoon/git/learn-airflow/airflow1/py_env/lib/python3.11/site-packages/airflow/example_dags/example_setup_teardown_taskflow.py
[2024-11-13T19:34:35.973+1100] {processor.py:914} INFO - Processing file /Users/yoonmoon/git/learn-airflow/airflow1/py_env/lib/python3.11/site-packages/airflow/example_dags/example_setup_teardown_taskflow.py for tasks to queue
[2024-11-13T19:34:35.973+1100] {logging_mixin.py:190} INFO - [2024-11-13T19:34:35.973+1100] {dagbag.py:588} INFO - Filling up the DagBag from /Users/yoonmoon/git/learn-airflow/airflow1/py_env/lib/python3.11/site-packages/airflow/example_dags/example_setup_teardown_taskflow.py
[2024-11-13T19:34:35.987+1100] {processor.py:925} INFO - DAG(s) 'example_setup_teardown_taskflow' retrieved from /Users/yoonmoon/git/learn-airflow/airflow1/py_env/lib/python3.11/site-packages/airflow/example_dags/example_setup_teardown_taskflow.py
[2024-11-13T19:34:36.048+1100] {logging_mixin.py:190} INFO - [2024-11-13T19:34:36.048+1100] {dag.py:3239} INFO - Sync 1 DAGs
[2024-11-13T19:34:36.052+1100] {logging_mixin.py:190} INFO - [2024-11-13T19:34:36.052+1100] {dag.py:4180} INFO - Setting next_dagrun for example_setup_teardown_taskflow to None, run_after=None
[2024-11-13T19:34:36.059+1100] {processor.py:208} INFO - Processing /Users/yoonmoon/git/learn-airflow/airflow1/py_env/lib/python3.11/site-packages/airflow/example_dags/example_setup_teardown_taskflow.py took 0.090 seconds
[2024-11-13T19:36:00.889+1100] {processor.py:186} INFO - Started process (PID=64829) to work on /Users/yoonmoon/git/learn-airflow/airflow1/py_env/lib/python3.11/site-packages/airflow/example_dags/example_setup_teardown_taskflow.py
[2024-11-13T19:36:00.889+1100] {processor.py:914} INFO - Processing file /Users/yoonmoon/git/learn-airflow/airflow1/py_env/lib/python3.11/site-packages/airflow/example_dags/example_setup_teardown_taskflow.py for tasks to queue
[2024-11-13T19:36:00.890+1100] {logging_mixin.py:190} INFO - [2024-11-13T19:36:00.890+1100] {dagbag.py:588} INFO - Filling up the DagBag from /Users/yoonmoon/git/learn-airflow/airflow1/py_env/lib/python3.11/site-packages/airflow/example_dags/example_setup_teardown_taskflow.py
[2024-11-13T19:36:00.904+1100] {processor.py:925} INFO - DAG(s) 'example_setup_teardown_taskflow' retrieved from /Users/yoonmoon/git/learn-airflow/airflow1/py_env/lib/python3.11/site-packages/airflow/example_dags/example_setup_teardown_taskflow.py
[2024-11-13T19:36:00.962+1100] {logging_mixin.py:190} INFO - [2024-11-13T19:36:00.962+1100] {dag.py:3239} INFO - Sync 1 DAGs
[2024-11-13T19:36:00.966+1100] {logging_mixin.py:190} INFO - [2024-11-13T19:36:00.966+1100] {dag.py:4180} INFO - Setting next_dagrun for example_setup_teardown_taskflow to None, run_after=None
[2024-11-13T19:36:00.972+1100] {processor.py:208} INFO - Processing /Users/yoonmoon/git/learn-airflow/airflow1/py_env/lib/python3.11/site-packages/airflow/example_dags/example_setup_teardown_taskflow.py took 0.086 seconds
[2024-11-13T19:37:24.926+1100] {processor.py:186} INFO - Started process (PID=65002) to work on /Users/yoonmoon/git/learn-airflow/airflow1/py_env/lib/python3.11/site-packages/airflow/example_dags/example_setup_teardown_taskflow.py
[2024-11-13T19:37:24.926+1100] {processor.py:914} INFO - Processing file /Users/yoonmoon/git/learn-airflow/airflow1/py_env/lib/python3.11/site-packages/airflow/example_dags/example_setup_teardown_taskflow.py for tasks to queue
[2024-11-13T19:37:24.927+1100] {logging_mixin.py:190} INFO - [2024-11-13T19:37:24.927+1100] {dagbag.py:588} INFO - Filling up the DagBag from /Users/yoonmoon/git/learn-airflow/airflow1/py_env/lib/python3.11/site-packages/airflow/example_dags/example_setup_teardown_taskflow.py
[2024-11-13T19:37:24.941+1100] {processor.py:925} INFO - DAG(s) 'example_setup_teardown_taskflow' retrieved from /Users/yoonmoon/git/learn-airflow/airflow1/py_env/lib/python3.11/site-packages/airflow/example_dags/example_setup_teardown_taskflow.py
[2024-11-13T19:37:25.001+1100] {logging_mixin.py:190} INFO - [2024-11-13T19:37:25.001+1100] {dag.py:3239} INFO - Sync 1 DAGs
[2024-11-13T19:37:25.005+1100] {logging_mixin.py:190} INFO - [2024-11-13T19:37:25.005+1100] {dag.py:4180} INFO - Setting next_dagrun for example_setup_teardown_taskflow to None, run_after=None
[2024-11-13T19:37:25.011+1100] {processor.py:208} INFO - Processing /Users/yoonmoon/git/learn-airflow/airflow1/py_env/lib/python3.11/site-packages/airflow/example_dags/example_setup_teardown_taskflow.py took 0.088 seconds
[2024-11-13T19:39:40.547+1100] {processor.py:186} INFO - Started process (PID=65274) to work on /Users/yoonmoon/git/learn-airflow/airflow1/py_env/lib/python3.11/site-packages/airflow/example_dags/example_setup_teardown_taskflow.py
[2024-11-13T19:39:40.548+1100] {processor.py:914} INFO - Processing file /Users/yoonmoon/git/learn-airflow/airflow1/py_env/lib/python3.11/site-packages/airflow/example_dags/example_setup_teardown_taskflow.py for tasks to queue
[2024-11-13T19:39:40.549+1100] {logging_mixin.py:190} INFO - [2024-11-13T19:39:40.548+1100] {dagbag.py:588} INFO - Filling up the DagBag from /Users/yoonmoon/git/learn-airflow/airflow1/py_env/lib/python3.11/site-packages/airflow/example_dags/example_setup_teardown_taskflow.py
[2024-11-13T19:39:40.562+1100] {processor.py:925} INFO - DAG(s) 'example_setup_teardown_taskflow' retrieved from /Users/yoonmoon/git/learn-airflow/airflow1/py_env/lib/python3.11/site-packages/airflow/example_dags/example_setup_teardown_taskflow.py
[2024-11-13T19:39:40.621+1100] {logging_mixin.py:190} INFO - [2024-11-13T19:39:40.621+1100] {dag.py:3239} INFO - Sync 1 DAGs
[2024-11-13T19:39:40.625+1100] {logging_mixin.py:190} INFO - [2024-11-13T19:39:40.625+1100] {dag.py:4180} INFO - Setting next_dagrun for example_setup_teardown_taskflow to None, run_after=None
[2024-11-13T19:39:40.631+1100] {processor.py:208} INFO - Processing /Users/yoonmoon/git/learn-airflow/airflow1/py_env/lib/python3.11/site-packages/airflow/example_dags/example_setup_teardown_taskflow.py took 0.087 seconds
[2024-11-13T19:41:58.876+1100] {processor.py:186} INFO - Started process (PID=65576) to work on /Users/yoonmoon/git/learn-airflow/airflow1/py_env/lib/python3.11/site-packages/airflow/example_dags/example_setup_teardown_taskflow.py
[2024-11-13T19:41:58.876+1100] {processor.py:914} INFO - Processing file /Users/yoonmoon/git/learn-airflow/airflow1/py_env/lib/python3.11/site-packages/airflow/example_dags/example_setup_teardown_taskflow.py for tasks to queue
[2024-11-13T19:41:58.877+1100] {logging_mixin.py:190} INFO - [2024-11-13T19:41:58.877+1100] {dagbag.py:588} INFO - Filling up the DagBag from /Users/yoonmoon/git/learn-airflow/airflow1/py_env/lib/python3.11/site-packages/airflow/example_dags/example_setup_teardown_taskflow.py
[2024-11-13T19:41:58.892+1100] {processor.py:925} INFO - DAG(s) 'example_setup_teardown_taskflow' retrieved from /Users/yoonmoon/git/learn-airflow/airflow1/py_env/lib/python3.11/site-packages/airflow/example_dags/example_setup_teardown_taskflow.py
[2024-11-13T19:41:58.952+1100] {logging_mixin.py:190} INFO - [2024-11-13T19:41:58.952+1100] {dag.py:3239} INFO - Sync 1 DAGs
[2024-11-13T19:41:58.956+1100] {logging_mixin.py:190} INFO - [2024-11-13T19:41:58.956+1100] {dag.py:4180} INFO - Setting next_dagrun for example_setup_teardown_taskflow to None, run_after=None
[2024-11-13T19:41:58.962+1100] {processor.py:208} INFO - Processing /Users/yoonmoon/git/learn-airflow/airflow1/py_env/lib/python3.11/site-packages/airflow/example_dags/example_setup_teardown_taskflow.py took 0.089 seconds
[2024-11-13T19:44:17.486+1100] {processor.py:186} INFO - Started process (PID=65843) to work on /Users/yoonmoon/git/learn-airflow/airflow1/py_env/lib/python3.11/site-packages/airflow/example_dags/example_setup_teardown_taskflow.py
[2024-11-13T19:44:17.487+1100] {processor.py:914} INFO - Processing file /Users/yoonmoon/git/learn-airflow/airflow1/py_env/lib/python3.11/site-packages/airflow/example_dags/example_setup_teardown_taskflow.py for tasks to queue
[2024-11-13T19:44:17.488+1100] {logging_mixin.py:190} INFO - [2024-11-13T19:44:17.487+1100] {dagbag.py:588} INFO - Filling up the DagBag from /Users/yoonmoon/git/learn-airflow/airflow1/py_env/lib/python3.11/site-packages/airflow/example_dags/example_setup_teardown_taskflow.py
[2024-11-13T19:44:17.501+1100] {processor.py:925} INFO - DAG(s) 'example_setup_teardown_taskflow' retrieved from /Users/yoonmoon/git/learn-airflow/airflow1/py_env/lib/python3.11/site-packages/airflow/example_dags/example_setup_teardown_taskflow.py
[2024-11-13T19:44:17.560+1100] {logging_mixin.py:190} INFO - [2024-11-13T19:44:17.560+1100] {dag.py:3239} INFO - Sync 1 DAGs
[2024-11-13T19:44:17.564+1100] {logging_mixin.py:190} INFO - [2024-11-13T19:44:17.564+1100] {dag.py:4180} INFO - Setting next_dagrun for example_setup_teardown_taskflow to None, run_after=None
[2024-11-13T19:44:17.570+1100] {processor.py:208} INFO - Processing /Users/yoonmoon/git/learn-airflow/airflow1/py_env/lib/python3.11/site-packages/airflow/example_dags/example_setup_teardown_taskflow.py took 0.087 seconds
[2024-11-13T19:46:28.245+1100] {processor.py:186} INFO - Started process (PID=66094) to work on /Users/yoonmoon/git/learn-airflow/airflow1/py_env/lib/python3.11/site-packages/airflow/example_dags/example_setup_teardown_taskflow.py
[2024-11-13T19:46:28.247+1100] {processor.py:914} INFO - Processing file /Users/yoonmoon/git/learn-airflow/airflow1/py_env/lib/python3.11/site-packages/airflow/example_dags/example_setup_teardown_taskflow.py for tasks to queue
[2024-11-13T19:46:28.247+1100] {logging_mixin.py:190} INFO - [2024-11-13T19:46:28.247+1100] {dagbag.py:588} INFO - Filling up the DagBag from /Users/yoonmoon/git/learn-airflow/airflow1/py_env/lib/python3.11/site-packages/airflow/example_dags/example_setup_teardown_taskflow.py
[2024-11-13T19:46:28.262+1100] {processor.py:925} INFO - DAG(s) 'example_setup_teardown_taskflow' retrieved from /Users/yoonmoon/git/learn-airflow/airflow1/py_env/lib/python3.11/site-packages/airflow/example_dags/example_setup_teardown_taskflow.py
[2024-11-13T19:46:28.320+1100] {logging_mixin.py:190} INFO - [2024-11-13T19:46:28.320+1100] {dag.py:3239} INFO - Sync 1 DAGs
[2024-11-13T19:46:28.324+1100] {logging_mixin.py:190} INFO - [2024-11-13T19:46:28.324+1100] {dag.py:4180} INFO - Setting next_dagrun for example_setup_teardown_taskflow to None, run_after=None
[2024-11-13T19:46:28.331+1100] {processor.py:208} INFO - Processing /Users/yoonmoon/git/learn-airflow/airflow1/py_env/lib/python3.11/site-packages/airflow/example_dags/example_setup_teardown_taskflow.py took 0.087 seconds
[2024-11-13T19:48:41.854+1100] {processor.py:186} INFO - Started process (PID=66338) to work on /Users/yoonmoon/git/learn-airflow/airflow1/py_env/lib/python3.11/site-packages/airflow/example_dags/example_setup_teardown_taskflow.py
[2024-11-13T19:48:41.855+1100] {processor.py:914} INFO - Processing file /Users/yoonmoon/git/learn-airflow/airflow1/py_env/lib/python3.11/site-packages/airflow/example_dags/example_setup_teardown_taskflow.py for tasks to queue
[2024-11-13T19:48:41.856+1100] {logging_mixin.py:190} INFO - [2024-11-13T19:48:41.856+1100] {dagbag.py:588} INFO - Filling up the DagBag from /Users/yoonmoon/git/learn-airflow/airflow1/py_env/lib/python3.11/site-packages/airflow/example_dags/example_setup_teardown_taskflow.py
[2024-11-13T19:48:41.869+1100] {processor.py:925} INFO - DAG(s) 'example_setup_teardown_taskflow' retrieved from /Users/yoonmoon/git/learn-airflow/airflow1/py_env/lib/python3.11/site-packages/airflow/example_dags/example_setup_teardown_taskflow.py
[2024-11-13T19:48:41.928+1100] {logging_mixin.py:190} INFO - [2024-11-13T19:48:41.928+1100] {dag.py:3239} INFO - Sync 1 DAGs
[2024-11-13T19:48:41.932+1100] {logging_mixin.py:190} INFO - [2024-11-13T19:48:41.932+1100] {dag.py:4180} INFO - Setting next_dagrun for example_setup_teardown_taskflow to None, run_after=None
[2024-11-13T19:48:41.939+1100] {processor.py:208} INFO - Processing /Users/yoonmoon/git/learn-airflow/airflow1/py_env/lib/python3.11/site-packages/airflow/example_dags/example_setup_teardown_taskflow.py took 0.086 seconds
[2024-11-13T19:50:51.041+1100] {processor.py:186} INFO - Started process (PID=66575) to work on /Users/yoonmoon/git/learn-airflow/airflow1/py_env/lib/python3.11/site-packages/airflow/example_dags/example_setup_teardown_taskflow.py
[2024-11-13T19:50:51.041+1100] {processor.py:914} INFO - Processing file /Users/yoonmoon/git/learn-airflow/airflow1/py_env/lib/python3.11/site-packages/airflow/example_dags/example_setup_teardown_taskflow.py for tasks to queue
[2024-11-13T19:50:51.042+1100] {logging_mixin.py:190} INFO - [2024-11-13T19:50:51.042+1100] {dagbag.py:588} INFO - Filling up the DagBag from /Users/yoonmoon/git/learn-airflow/airflow1/py_env/lib/python3.11/site-packages/airflow/example_dags/example_setup_teardown_taskflow.py
[2024-11-13T19:50:51.056+1100] {processor.py:925} INFO - DAG(s) 'example_setup_teardown_taskflow' retrieved from /Users/yoonmoon/git/learn-airflow/airflow1/py_env/lib/python3.11/site-packages/airflow/example_dags/example_setup_teardown_taskflow.py
[2024-11-13T19:50:51.114+1100] {logging_mixin.py:190} INFO - [2024-11-13T19:50:51.114+1100] {dag.py:3239} INFO - Sync 1 DAGs
[2024-11-13T19:50:51.118+1100] {logging_mixin.py:190} INFO - [2024-11-13T19:50:51.118+1100] {dag.py:4180} INFO - Setting next_dagrun for example_setup_teardown_taskflow to None, run_after=None
[2024-11-13T19:50:51.125+1100] {processor.py:208} INFO - Processing /Users/yoonmoon/git/learn-airflow/airflow1/py_env/lib/python3.11/site-packages/airflow/example_dags/example_setup_teardown_taskflow.py took 0.086 seconds
[2024-11-13T19:53:11.183+1100] {processor.py:186} INFO - Started process (PID=66826) to work on /Users/yoonmoon/git/learn-airflow/airflow1/py_env/lib/python3.11/site-packages/airflow/example_dags/example_setup_teardown_taskflow.py
[2024-11-13T19:53:11.183+1100] {processor.py:914} INFO - Processing file /Users/yoonmoon/git/learn-airflow/airflow1/py_env/lib/python3.11/site-packages/airflow/example_dags/example_setup_teardown_taskflow.py for tasks to queue
[2024-11-13T19:53:11.184+1100] {logging_mixin.py:190} INFO - [2024-11-13T19:53:11.184+1100] {dagbag.py:588} INFO - Filling up the DagBag from /Users/yoonmoon/git/learn-airflow/airflow1/py_env/lib/python3.11/site-packages/airflow/example_dags/example_setup_teardown_taskflow.py
[2024-11-13T19:53:11.198+1100] {processor.py:925} INFO - DAG(s) 'example_setup_teardown_taskflow' retrieved from /Users/yoonmoon/git/learn-airflow/airflow1/py_env/lib/python3.11/site-packages/airflow/example_dags/example_setup_teardown_taskflow.py
[2024-11-13T19:53:11.258+1100] {logging_mixin.py:190} INFO - [2024-11-13T19:53:11.258+1100] {dag.py:3239} INFO - Sync 1 DAGs
[2024-11-13T19:53:11.262+1100] {logging_mixin.py:190} INFO - [2024-11-13T19:53:11.262+1100] {dag.py:4180} INFO - Setting next_dagrun for example_setup_teardown_taskflow to None, run_after=None
[2024-11-13T19:53:11.268+1100] {processor.py:208} INFO - Processing /Users/yoonmoon/git/learn-airflow/airflow1/py_env/lib/python3.11/site-packages/airflow/example_dags/example_setup_teardown_taskflow.py took 0.088 seconds
[2024-11-13T19:55:31.896+1100] {processor.py:186} INFO - Started process (PID=67115) to work on /Users/yoonmoon/git/learn-airflow/airflow1/py_env/lib/python3.11/site-packages/airflow/example_dags/example_setup_teardown_taskflow.py
[2024-11-13T19:55:31.896+1100] {processor.py:914} INFO - Processing file /Users/yoonmoon/git/learn-airflow/airflow1/py_env/lib/python3.11/site-packages/airflow/example_dags/example_setup_teardown_taskflow.py for tasks to queue
[2024-11-13T19:55:31.897+1100] {logging_mixin.py:190} INFO - [2024-11-13T19:55:31.897+1100] {dagbag.py:588} INFO - Filling up the DagBag from /Users/yoonmoon/git/learn-airflow/airflow1/py_env/lib/python3.11/site-packages/airflow/example_dags/example_setup_teardown_taskflow.py
[2024-11-13T19:55:31.911+1100] {processor.py:925} INFO - DAG(s) 'example_setup_teardown_taskflow' retrieved from /Users/yoonmoon/git/learn-airflow/airflow1/py_env/lib/python3.11/site-packages/airflow/example_dags/example_setup_teardown_taskflow.py
[2024-11-13T19:55:31.970+1100] {logging_mixin.py:190} INFO - [2024-11-13T19:55:31.969+1100] {dag.py:3239} INFO - Sync 1 DAGs
[2024-11-13T19:55:31.973+1100] {logging_mixin.py:190} INFO - [2024-11-13T19:55:31.973+1100] {dag.py:4180} INFO - Setting next_dagrun for example_setup_teardown_taskflow to None, run_after=None
[2024-11-13T19:55:31.980+1100] {processor.py:208} INFO - Processing /Users/yoonmoon/git/learn-airflow/airflow1/py_env/lib/python3.11/site-packages/airflow/example_dags/example_setup_teardown_taskflow.py took 0.086 seconds
[2024-11-13T19:57:49.655+1100] {processor.py:186} INFO - Started process (PID=67365) to work on /Users/yoonmoon/git/learn-airflow/airflow1/py_env/lib/python3.11/site-packages/airflow/example_dags/example_setup_teardown_taskflow.py
[2024-11-13T19:57:49.655+1100] {processor.py:914} INFO - Processing file /Users/yoonmoon/git/learn-airflow/airflow1/py_env/lib/python3.11/site-packages/airflow/example_dags/example_setup_teardown_taskflow.py for tasks to queue
[2024-11-13T19:57:49.656+1100] {logging_mixin.py:190} INFO - [2024-11-13T19:57:49.656+1100] {dagbag.py:588} INFO - Filling up the DagBag from /Users/yoonmoon/git/learn-airflow/airflow1/py_env/lib/python3.11/site-packages/airflow/example_dags/example_setup_teardown_taskflow.py
[2024-11-13T19:57:49.670+1100] {processor.py:925} INFO - DAG(s) 'example_setup_teardown_taskflow' retrieved from /Users/yoonmoon/git/learn-airflow/airflow1/py_env/lib/python3.11/site-packages/airflow/example_dags/example_setup_teardown_taskflow.py
[2024-11-13T19:57:49.730+1100] {logging_mixin.py:190} INFO - [2024-11-13T19:57:49.730+1100] {dag.py:3239} INFO - Sync 1 DAGs
[2024-11-13T19:57:49.734+1100] {logging_mixin.py:190} INFO - [2024-11-13T19:57:49.734+1100] {dag.py:4180} INFO - Setting next_dagrun for example_setup_teardown_taskflow to None, run_after=None
[2024-11-13T19:57:49.741+1100] {processor.py:208} INFO - Processing /Users/yoonmoon/git/learn-airflow/airflow1/py_env/lib/python3.11/site-packages/airflow/example_dags/example_setup_teardown_taskflow.py took 0.088 seconds
[2024-11-13T20:00:04.506+1100] {processor.py:186} INFO - Started process (PID=67613) to work on /Users/yoonmoon/git/learn-airflow/airflow1/py_env/lib/python3.11/site-packages/airflow/example_dags/example_setup_teardown_taskflow.py
[2024-11-13T20:00:04.506+1100] {processor.py:914} INFO - Processing file /Users/yoonmoon/git/learn-airflow/airflow1/py_env/lib/python3.11/site-packages/airflow/example_dags/example_setup_teardown_taskflow.py for tasks to queue
[2024-11-13T20:00:04.507+1100] {logging_mixin.py:190} INFO - [2024-11-13T20:00:04.507+1100] {dagbag.py:588} INFO - Filling up the DagBag from /Users/yoonmoon/git/learn-airflow/airflow1/py_env/lib/python3.11/site-packages/airflow/example_dags/example_setup_teardown_taskflow.py
[2024-11-13T20:00:04.522+1100] {processor.py:925} INFO - DAG(s) 'example_setup_teardown_taskflow' retrieved from /Users/yoonmoon/git/learn-airflow/airflow1/py_env/lib/python3.11/site-packages/airflow/example_dags/example_setup_teardown_taskflow.py
[2024-11-13T20:00:04.581+1100] {logging_mixin.py:190} INFO - [2024-11-13T20:00:04.580+1100] {dag.py:3239} INFO - Sync 1 DAGs
[2024-11-13T20:00:04.584+1100] {logging_mixin.py:190} INFO - [2024-11-13T20:00:04.584+1100] {dag.py:4180} INFO - Setting next_dagrun for example_setup_teardown_taskflow to None, run_after=None
[2024-11-13T20:00:04.591+1100] {processor.py:208} INFO - Processing /Users/yoonmoon/git/learn-airflow/airflow1/py_env/lib/python3.11/site-packages/airflow/example_dags/example_setup_teardown_taskflow.py took 0.088 seconds
[2024-11-13T20:02:21.877+1100] {processor.py:186} INFO - Started process (PID=67859) to work on /Users/yoonmoon/git/learn-airflow/airflow1/py_env/lib/python3.11/site-packages/airflow/example_dags/example_setup_teardown_taskflow.py
[2024-11-13T20:02:21.878+1100] {processor.py:914} INFO - Processing file /Users/yoonmoon/git/learn-airflow/airflow1/py_env/lib/python3.11/site-packages/airflow/example_dags/example_setup_teardown_taskflow.py for tasks to queue
[2024-11-13T20:02:21.878+1100] {logging_mixin.py:190} INFO - [2024-11-13T20:02:21.878+1100] {dagbag.py:588} INFO - Filling up the DagBag from /Users/yoonmoon/git/learn-airflow/airflow1/py_env/lib/python3.11/site-packages/airflow/example_dags/example_setup_teardown_taskflow.py
[2024-11-13T20:02:21.892+1100] {processor.py:925} INFO - DAG(s) 'example_setup_teardown_taskflow' retrieved from /Users/yoonmoon/git/learn-airflow/airflow1/py_env/lib/python3.11/site-packages/airflow/example_dags/example_setup_teardown_taskflow.py
[2024-11-13T20:02:21.951+1100] {logging_mixin.py:190} INFO - [2024-11-13T20:02:21.951+1100] {dag.py:3239} INFO - Sync 1 DAGs
[2024-11-13T20:02:21.955+1100] {logging_mixin.py:190} INFO - [2024-11-13T20:02:21.955+1100] {dag.py:4180} INFO - Setting next_dagrun for example_setup_teardown_taskflow to None, run_after=None
[2024-11-13T20:02:21.962+1100] {processor.py:208} INFO - Processing /Users/yoonmoon/git/learn-airflow/airflow1/py_env/lib/python3.11/site-packages/airflow/example_dags/example_setup_teardown_taskflow.py took 0.087 seconds
[2024-11-13T20:04:33.620+1100] {processor.py:186} INFO - Started process (PID=68099) to work on /Users/yoonmoon/git/learn-airflow/airflow1/py_env/lib/python3.11/site-packages/airflow/example_dags/example_setup_teardown_taskflow.py
[2024-11-13T20:04:33.621+1100] {processor.py:914} INFO - Processing file /Users/yoonmoon/git/learn-airflow/airflow1/py_env/lib/python3.11/site-packages/airflow/example_dags/example_setup_teardown_taskflow.py for tasks to queue
[2024-11-13T20:04:33.622+1100] {logging_mixin.py:190} INFO - [2024-11-13T20:04:33.622+1100] {dagbag.py:588} INFO - Filling up the DagBag from /Users/yoonmoon/git/learn-airflow/airflow1/py_env/lib/python3.11/site-packages/airflow/example_dags/example_setup_teardown_taskflow.py
[2024-11-13T20:04:33.637+1100] {processor.py:925} INFO - DAG(s) 'example_setup_teardown_taskflow' retrieved from /Users/yoonmoon/git/learn-airflow/airflow1/py_env/lib/python3.11/site-packages/airflow/example_dags/example_setup_teardown_taskflow.py
[2024-11-13T20:04:33.695+1100] {logging_mixin.py:190} INFO - [2024-11-13T20:04:33.695+1100] {dag.py:3239} INFO - Sync 1 DAGs
[2024-11-13T20:04:33.699+1100] {logging_mixin.py:190} INFO - [2024-11-13T20:04:33.699+1100] {dag.py:4180} INFO - Setting next_dagrun for example_setup_teardown_taskflow to None, run_after=None
[2024-11-13T20:04:33.705+1100] {processor.py:208} INFO - Processing /Users/yoonmoon/git/learn-airflow/airflow1/py_env/lib/python3.11/site-packages/airflow/example_dags/example_setup_teardown_taskflow.py took 0.088 seconds
[2024-11-13T20:06:56.198+1100] {processor.py:186} INFO - Started process (PID=68394) to work on /Users/yoonmoon/git/learn-airflow/airflow1/py_env/lib/python3.11/site-packages/airflow/example_dags/example_setup_teardown_taskflow.py
[2024-11-13T20:06:56.199+1100] {processor.py:914} INFO - Processing file /Users/yoonmoon/git/learn-airflow/airflow1/py_env/lib/python3.11/site-packages/airflow/example_dags/example_setup_teardown_taskflow.py for tasks to queue
[2024-11-13T20:06:56.199+1100] {logging_mixin.py:190} INFO - [2024-11-13T20:06:56.199+1100] {dagbag.py:588} INFO - Filling up the DagBag from /Users/yoonmoon/git/learn-airflow/airflow1/py_env/lib/python3.11/site-packages/airflow/example_dags/example_setup_teardown_taskflow.py
[2024-11-13T20:06:56.215+1100] {processor.py:925} INFO - DAG(s) 'example_setup_teardown_taskflow' retrieved from /Users/yoonmoon/git/learn-airflow/airflow1/py_env/lib/python3.11/site-packages/airflow/example_dags/example_setup_teardown_taskflow.py
[2024-11-13T20:06:56.283+1100] {logging_mixin.py:190} INFO - [2024-11-13T20:06:56.283+1100] {dag.py:3239} INFO - Sync 1 DAGs
[2024-11-13T20:06:56.288+1100] {logging_mixin.py:190} INFO - [2024-11-13T20:06:56.287+1100] {dag.py:4180} INFO - Setting next_dagrun for example_setup_teardown_taskflow to None, run_after=None
[2024-11-13T20:06:56.295+1100] {processor.py:208} INFO - Processing /Users/yoonmoon/git/learn-airflow/airflow1/py_env/lib/python3.11/site-packages/airflow/example_dags/example_setup_teardown_taskflow.py took 0.099 seconds
[2024-11-13T20:09:16.738+1100] {processor.py:186} INFO - Started process (PID=68665) to work on /Users/yoonmoon/git/learn-airflow/airflow1/py_env/lib/python3.11/site-packages/airflow/example_dags/example_setup_teardown_taskflow.py
[2024-11-13T20:09:16.740+1100] {processor.py:914} INFO - Processing file /Users/yoonmoon/git/learn-airflow/airflow1/py_env/lib/python3.11/site-packages/airflow/example_dags/example_setup_teardown_taskflow.py for tasks to queue
[2024-11-13T20:09:16.740+1100] {logging_mixin.py:190} INFO - [2024-11-13T20:09:16.740+1100] {dagbag.py:588} INFO - Filling up the DagBag from /Users/yoonmoon/git/learn-airflow/airflow1/py_env/lib/python3.11/site-packages/airflow/example_dags/example_setup_teardown_taskflow.py
[2024-11-13T20:09:16.755+1100] {processor.py:925} INFO - DAG(s) 'example_setup_teardown_taskflow' retrieved from /Users/yoonmoon/git/learn-airflow/airflow1/py_env/lib/python3.11/site-packages/airflow/example_dags/example_setup_teardown_taskflow.py
[2024-11-13T20:09:16.817+1100] {logging_mixin.py:190} INFO - [2024-11-13T20:09:16.817+1100] {dag.py:3239} INFO - Sync 1 DAGs
[2024-11-13T20:09:16.821+1100] {logging_mixin.py:190} INFO - [2024-11-13T20:09:16.821+1100] {dag.py:4180} INFO - Setting next_dagrun for example_setup_teardown_taskflow to None, run_after=None
[2024-11-13T20:09:16.828+1100] {processor.py:208} INFO - Processing /Users/yoonmoon/git/learn-airflow/airflow1/py_env/lib/python3.11/site-packages/airflow/example_dags/example_setup_teardown_taskflow.py took 0.091 seconds
[2024-11-13T20:11:33.750+1100] {processor.py:186} INFO - Started process (PID=68934) to work on /Users/yoonmoon/git/learn-airflow/airflow1/py_env/lib/python3.11/site-packages/airflow/example_dags/example_setup_teardown_taskflow.py
[2024-11-13T20:11:33.752+1100] {processor.py:914} INFO - Processing file /Users/yoonmoon/git/learn-airflow/airflow1/py_env/lib/python3.11/site-packages/airflow/example_dags/example_setup_teardown_taskflow.py for tasks to queue
[2024-11-13T20:11:33.753+1100] {logging_mixin.py:190} INFO - [2024-11-13T20:11:33.752+1100] {dagbag.py:588} INFO - Filling up the DagBag from /Users/yoonmoon/git/learn-airflow/airflow1/py_env/lib/python3.11/site-packages/airflow/example_dags/example_setup_teardown_taskflow.py
[2024-11-13T20:11:33.767+1100] {processor.py:925} INFO - DAG(s) 'example_setup_teardown_taskflow' retrieved from /Users/yoonmoon/git/learn-airflow/airflow1/py_env/lib/python3.11/site-packages/airflow/example_dags/example_setup_teardown_taskflow.py
[2024-11-13T20:11:33.829+1100] {logging_mixin.py:190} INFO - [2024-11-13T20:11:33.828+1100] {dag.py:3239} INFO - Sync 1 DAGs
[2024-11-13T20:11:33.833+1100] {logging_mixin.py:190} INFO - [2024-11-13T20:11:33.833+1100] {dag.py:4180} INFO - Setting next_dagrun for example_setup_teardown_taskflow to None, run_after=None
[2024-11-13T20:11:33.839+1100] {processor.py:208} INFO - Processing /Users/yoonmoon/git/learn-airflow/airflow1/py_env/lib/python3.11/site-packages/airflow/example_dags/example_setup_teardown_taskflow.py took 0.091 seconds
[2024-11-13T20:13:49.993+1100] {processor.py:186} INFO - Started process (PID=69191) to work on /Users/yoonmoon/git/learn-airflow/airflow1/py_env/lib/python3.11/site-packages/airflow/example_dags/example_setup_teardown_taskflow.py
[2024-11-13T20:13:49.994+1100] {processor.py:914} INFO - Processing file /Users/yoonmoon/git/learn-airflow/airflow1/py_env/lib/python3.11/site-packages/airflow/example_dags/example_setup_teardown_taskflow.py for tasks to queue
[2024-11-13T20:13:49.995+1100] {logging_mixin.py:190} INFO - [2024-11-13T20:13:49.994+1100] {dagbag.py:588} INFO - Filling up the DagBag from /Users/yoonmoon/git/learn-airflow/airflow1/py_env/lib/python3.11/site-packages/airflow/example_dags/example_setup_teardown_taskflow.py
[2024-11-13T20:13:50.009+1100] {processor.py:925} INFO - DAG(s) 'example_setup_teardown_taskflow' retrieved from /Users/yoonmoon/git/learn-airflow/airflow1/py_env/lib/python3.11/site-packages/airflow/example_dags/example_setup_teardown_taskflow.py
[2024-11-13T20:13:50.069+1100] {logging_mixin.py:190} INFO - [2024-11-13T20:13:50.069+1100] {dag.py:3239} INFO - Sync 1 DAGs
[2024-11-13T20:13:50.074+1100] {logging_mixin.py:190} INFO - [2024-11-13T20:13:50.073+1100] {dag.py:4180} INFO - Setting next_dagrun for example_setup_teardown_taskflow to None, run_after=None
[2024-11-13T20:13:50.080+1100] {processor.py:208} INFO - Processing /Users/yoonmoon/git/learn-airflow/airflow1/py_env/lib/python3.11/site-packages/airflow/example_dags/example_setup_teardown_taskflow.py took 0.090 seconds
[2024-11-13T20:16:09.645+1100] {processor.py:186} INFO - Started process (PID=69440) to work on /Users/yoonmoon/git/learn-airflow/airflow1/py_env/lib/python3.11/site-packages/airflow/example_dags/example_setup_teardown_taskflow.py
[2024-11-13T20:16:09.646+1100] {processor.py:914} INFO - Processing file /Users/yoonmoon/git/learn-airflow/airflow1/py_env/lib/python3.11/site-packages/airflow/example_dags/example_setup_teardown_taskflow.py for tasks to queue
[2024-11-13T20:16:09.647+1100] {logging_mixin.py:190} INFO - [2024-11-13T20:16:09.647+1100] {dagbag.py:588} INFO - Filling up the DagBag from /Users/yoonmoon/git/learn-airflow/airflow1/py_env/lib/python3.11/site-packages/airflow/example_dags/example_setup_teardown_taskflow.py
[2024-11-13T20:16:09.661+1100] {processor.py:925} INFO - DAG(s) 'example_setup_teardown_taskflow' retrieved from /Users/yoonmoon/git/learn-airflow/airflow1/py_env/lib/python3.11/site-packages/airflow/example_dags/example_setup_teardown_taskflow.py
[2024-11-13T20:16:09.723+1100] {logging_mixin.py:190} INFO - [2024-11-13T20:16:09.723+1100] {dag.py:3239} INFO - Sync 1 DAGs
[2024-11-13T20:16:09.727+1100] {logging_mixin.py:190} INFO - [2024-11-13T20:16:09.727+1100] {dag.py:4180} INFO - Setting next_dagrun for example_setup_teardown_taskflow to None, run_after=None
[2024-11-13T20:16:09.733+1100] {processor.py:208} INFO - Processing /Users/yoonmoon/git/learn-airflow/airflow1/py_env/lib/python3.11/site-packages/airflow/example_dags/example_setup_teardown_taskflow.py took 0.091 seconds
[2024-11-13T20:18:28.235+1100] {processor.py:186} INFO - Started process (PID=69705) to work on /Users/yoonmoon/git/learn-airflow/airflow1/py_env/lib/python3.11/site-packages/airflow/example_dags/example_setup_teardown_taskflow.py
[2024-11-13T20:18:28.237+1100] {processor.py:914} INFO - Processing file /Users/yoonmoon/git/learn-airflow/airflow1/py_env/lib/python3.11/site-packages/airflow/example_dags/example_setup_teardown_taskflow.py for tasks to queue
[2024-11-13T20:18:28.237+1100] {logging_mixin.py:190} INFO - [2024-11-13T20:18:28.237+1100] {dagbag.py:588} INFO - Filling up the DagBag from /Users/yoonmoon/git/learn-airflow/airflow1/py_env/lib/python3.11/site-packages/airflow/example_dags/example_setup_teardown_taskflow.py
[2024-11-13T20:18:28.251+1100] {processor.py:925} INFO - DAG(s) 'example_setup_teardown_taskflow' retrieved from /Users/yoonmoon/git/learn-airflow/airflow1/py_env/lib/python3.11/site-packages/airflow/example_dags/example_setup_teardown_taskflow.py
[2024-11-13T20:18:28.311+1100] {logging_mixin.py:190} INFO - [2024-11-13T20:18:28.311+1100] {dag.py:3239} INFO - Sync 1 DAGs
[2024-11-13T20:18:28.315+1100] {logging_mixin.py:190} INFO - [2024-11-13T20:18:28.315+1100] {dag.py:4180} INFO - Setting next_dagrun for example_setup_teardown_taskflow to None, run_after=None
[2024-11-13T20:18:28.321+1100] {processor.py:208} INFO - Processing /Users/yoonmoon/git/learn-airflow/airflow1/py_env/lib/python3.11/site-packages/airflow/example_dags/example_setup_teardown_taskflow.py took 0.089 seconds
[2024-11-13T20:20:48.217+1100] {processor.py:186} INFO - Started process (PID=70065) to work on /Users/yoonmoon/git/learn-airflow/airflow1/py_env/lib/python3.11/site-packages/airflow/example_dags/example_setup_teardown_taskflow.py
[2024-11-13T20:20:48.218+1100] {processor.py:914} INFO - Processing file /Users/yoonmoon/git/learn-airflow/airflow1/py_env/lib/python3.11/site-packages/airflow/example_dags/example_setup_teardown_taskflow.py for tasks to queue
[2024-11-13T20:20:48.219+1100] {logging_mixin.py:190} INFO - [2024-11-13T20:20:48.219+1100] {dagbag.py:588} INFO - Filling up the DagBag from /Users/yoonmoon/git/learn-airflow/airflow1/py_env/lib/python3.11/site-packages/airflow/example_dags/example_setup_teardown_taskflow.py
[2024-11-13T20:20:48.234+1100] {processor.py:925} INFO - DAG(s) 'example_setup_teardown_taskflow' retrieved from /Users/yoonmoon/git/learn-airflow/airflow1/py_env/lib/python3.11/site-packages/airflow/example_dags/example_setup_teardown_taskflow.py
[2024-11-13T20:20:48.297+1100] {logging_mixin.py:190} INFO - [2024-11-13T20:20:48.296+1100] {dag.py:3239} INFO - Sync 1 DAGs
[2024-11-13T20:20:48.301+1100] {logging_mixin.py:190} INFO - [2024-11-13T20:20:48.301+1100] {dag.py:4180} INFO - Setting next_dagrun for example_setup_teardown_taskflow to None, run_after=None
[2024-11-13T20:20:48.308+1100] {processor.py:208} INFO - Processing /Users/yoonmoon/git/learn-airflow/airflow1/py_env/lib/python3.11/site-packages/airflow/example_dags/example_setup_teardown_taskflow.py took 0.094 seconds
[2024-11-13T20:23:01.491+1100] {processor.py:186} INFO - Started process (PID=70335) to work on /Users/yoonmoon/git/learn-airflow/airflow1/py_env/lib/python3.11/site-packages/airflow/example_dags/example_setup_teardown_taskflow.py
[2024-11-13T20:23:01.492+1100] {processor.py:914} INFO - Processing file /Users/yoonmoon/git/learn-airflow/airflow1/py_env/lib/python3.11/site-packages/airflow/example_dags/example_setup_teardown_taskflow.py for tasks to queue
[2024-11-13T20:23:01.493+1100] {logging_mixin.py:190} INFO - [2024-11-13T20:23:01.492+1100] {dagbag.py:588} INFO - Filling up the DagBag from /Users/yoonmoon/git/learn-airflow/airflow1/py_env/lib/python3.11/site-packages/airflow/example_dags/example_setup_teardown_taskflow.py
[2024-11-13T20:23:01.507+1100] {processor.py:925} INFO - DAG(s) 'example_setup_teardown_taskflow' retrieved from /Users/yoonmoon/git/learn-airflow/airflow1/py_env/lib/python3.11/site-packages/airflow/example_dags/example_setup_teardown_taskflow.py
[2024-11-13T20:23:01.566+1100] {logging_mixin.py:190} INFO - [2024-11-13T20:23:01.565+1100] {dag.py:3239} INFO - Sync 1 DAGs
[2024-11-13T20:23:01.569+1100] {logging_mixin.py:190} INFO - [2024-11-13T20:23:01.569+1100] {dag.py:4180} INFO - Setting next_dagrun for example_setup_teardown_taskflow to None, run_after=None
[2024-11-13T20:23:01.576+1100] {processor.py:208} INFO - Processing /Users/yoonmoon/git/learn-airflow/airflow1/py_env/lib/python3.11/site-packages/airflow/example_dags/example_setup_teardown_taskflow.py took 0.087 seconds
[2024-11-13T20:25:14.675+1100] {processor.py:186} INFO - Started process (PID=70592) to work on /Users/yoonmoon/git/learn-airflow/airflow1/py_env/lib/python3.11/site-packages/airflow/example_dags/example_setup_teardown_taskflow.py
[2024-11-13T20:25:14.676+1100] {processor.py:914} INFO - Processing file /Users/yoonmoon/git/learn-airflow/airflow1/py_env/lib/python3.11/site-packages/airflow/example_dags/example_setup_teardown_taskflow.py for tasks to queue
[2024-11-13T20:25:14.676+1100] {logging_mixin.py:190} INFO - [2024-11-13T20:25:14.676+1100] {dagbag.py:588} INFO - Filling up the DagBag from /Users/yoonmoon/git/learn-airflow/airflow1/py_env/lib/python3.11/site-packages/airflow/example_dags/example_setup_teardown_taskflow.py
[2024-11-13T20:25:14.690+1100] {processor.py:925} INFO - DAG(s) 'example_setup_teardown_taskflow' retrieved from /Users/yoonmoon/git/learn-airflow/airflow1/py_env/lib/python3.11/site-packages/airflow/example_dags/example_setup_teardown_taskflow.py
[2024-11-13T20:25:14.751+1100] {logging_mixin.py:190} INFO - [2024-11-13T20:25:14.751+1100] {dag.py:3239} INFO - Sync 1 DAGs
[2024-11-13T20:25:14.755+1100] {logging_mixin.py:190} INFO - [2024-11-13T20:25:14.754+1100] {dag.py:4180} INFO - Setting next_dagrun for example_setup_teardown_taskflow to None, run_after=None
[2024-11-13T20:25:14.762+1100] {processor.py:208} INFO - Processing /Users/yoonmoon/git/learn-airflow/airflow1/py_env/lib/python3.11/site-packages/airflow/example_dags/example_setup_teardown_taskflow.py took 0.089 seconds
[2024-11-13T20:27:35.039+1100] {processor.py:186} INFO - Started process (PID=70876) to work on /Users/yoonmoon/git/learn-airflow/airflow1/py_env/lib/python3.11/site-packages/airflow/example_dags/example_setup_teardown_taskflow.py
[2024-11-13T20:27:35.040+1100] {processor.py:914} INFO - Processing file /Users/yoonmoon/git/learn-airflow/airflow1/py_env/lib/python3.11/site-packages/airflow/example_dags/example_setup_teardown_taskflow.py for tasks to queue
[2024-11-13T20:27:35.041+1100] {logging_mixin.py:190} INFO - [2024-11-13T20:27:35.040+1100] {dagbag.py:588} INFO - Filling up the DagBag from /Users/yoonmoon/git/learn-airflow/airflow1/py_env/lib/python3.11/site-packages/airflow/example_dags/example_setup_teardown_taskflow.py
[2024-11-13T20:27:35.057+1100] {processor.py:925} INFO - DAG(s) 'example_setup_teardown_taskflow' retrieved from /Users/yoonmoon/git/learn-airflow/airflow1/py_env/lib/python3.11/site-packages/airflow/example_dags/example_setup_teardown_taskflow.py
[2024-11-13T20:27:35.117+1100] {logging_mixin.py:190} INFO - [2024-11-13T20:27:35.117+1100] {dag.py:3239} INFO - Sync 1 DAGs
[2024-11-13T20:27:35.121+1100] {logging_mixin.py:190} INFO - [2024-11-13T20:27:35.121+1100] {dag.py:4180} INFO - Setting next_dagrun for example_setup_teardown_taskflow to None, run_after=None
[2024-11-13T20:27:35.128+1100] {processor.py:208} INFO - Processing /Users/yoonmoon/git/learn-airflow/airflow1/py_env/lib/python3.11/site-packages/airflow/example_dags/example_setup_teardown_taskflow.py took 0.091 seconds
[2024-11-13T20:29:48.190+1100] {processor.py:186} INFO - Started process (PID=71146) to work on /Users/yoonmoon/git/learn-airflow/airflow1/py_env/lib/python3.11/site-packages/airflow/example_dags/example_setup_teardown_taskflow.py
[2024-11-13T20:29:48.191+1100] {processor.py:914} INFO - Processing file /Users/yoonmoon/git/learn-airflow/airflow1/py_env/lib/python3.11/site-packages/airflow/example_dags/example_setup_teardown_taskflow.py for tasks to queue
[2024-11-13T20:29:48.191+1100] {logging_mixin.py:190} INFO - [2024-11-13T20:29:48.191+1100] {dagbag.py:588} INFO - Filling up the DagBag from /Users/yoonmoon/git/learn-airflow/airflow1/py_env/lib/python3.11/site-packages/airflow/example_dags/example_setup_teardown_taskflow.py
[2024-11-13T20:29:48.206+1100] {processor.py:925} INFO - DAG(s) 'example_setup_teardown_taskflow' retrieved from /Users/yoonmoon/git/learn-airflow/airflow1/py_env/lib/python3.11/site-packages/airflow/example_dags/example_setup_teardown_taskflow.py
[2024-11-13T20:29:48.266+1100] {logging_mixin.py:190} INFO - [2024-11-13T20:29:48.266+1100] {dag.py:3239} INFO - Sync 1 DAGs
[2024-11-13T20:29:48.270+1100] {logging_mixin.py:190} INFO - [2024-11-13T20:29:48.269+1100] {dag.py:4180} INFO - Setting next_dagrun for example_setup_teardown_taskflow to None, run_after=None
[2024-11-13T20:29:48.276+1100] {processor.py:208} INFO - Processing /Users/yoonmoon/git/learn-airflow/airflow1/py_env/lib/python3.11/site-packages/airflow/example_dags/example_setup_teardown_taskflow.py took 0.088 seconds
[2024-11-13T20:32:07.268+1100] {processor.py:186} INFO - Started process (PID=71395) to work on /Users/yoonmoon/git/learn-airflow/airflow1/py_env/lib/python3.11/site-packages/airflow/example_dags/example_setup_teardown_taskflow.py
[2024-11-13T20:32:07.269+1100] {processor.py:914} INFO - Processing file /Users/yoonmoon/git/learn-airflow/airflow1/py_env/lib/python3.11/site-packages/airflow/example_dags/example_setup_teardown_taskflow.py for tasks to queue
[2024-11-13T20:32:07.269+1100] {logging_mixin.py:190} INFO - [2024-11-13T20:32:07.269+1100] {dagbag.py:588} INFO - Filling up the DagBag from /Users/yoonmoon/git/learn-airflow/airflow1/py_env/lib/python3.11/site-packages/airflow/example_dags/example_setup_teardown_taskflow.py
[2024-11-13T20:32:07.284+1100] {processor.py:925} INFO - DAG(s) 'example_setup_teardown_taskflow' retrieved from /Users/yoonmoon/git/learn-airflow/airflow1/py_env/lib/python3.11/site-packages/airflow/example_dags/example_setup_teardown_taskflow.py
[2024-11-13T20:32:07.342+1100] {logging_mixin.py:190} INFO - [2024-11-13T20:32:07.342+1100] {dag.py:3239} INFO - Sync 1 DAGs
[2024-11-13T20:32:07.346+1100] {logging_mixin.py:190} INFO - [2024-11-13T20:32:07.346+1100] {dag.py:4180} INFO - Setting next_dagrun for example_setup_teardown_taskflow to None, run_after=None
[2024-11-13T20:32:07.352+1100] {processor.py:208} INFO - Processing /Users/yoonmoon/git/learn-airflow/airflow1/py_env/lib/python3.11/site-packages/airflow/example_dags/example_setup_teardown_taskflow.py took 0.086 seconds
[2024-11-13T20:34:30.418+1100] {processor.py:186} INFO - Started process (PID=71655) to work on /Users/yoonmoon/git/learn-airflow/airflow1/py_env/lib/python3.11/site-packages/airflow/example_dags/example_setup_teardown_taskflow.py
[2024-11-13T20:34:30.419+1100] {processor.py:914} INFO - Processing file /Users/yoonmoon/git/learn-airflow/airflow1/py_env/lib/python3.11/site-packages/airflow/example_dags/example_setup_teardown_taskflow.py for tasks to queue
[2024-11-13T20:34:30.420+1100] {logging_mixin.py:190} INFO - [2024-11-13T20:34:30.420+1100] {dagbag.py:588} INFO - Filling up the DagBag from /Users/yoonmoon/git/learn-airflow/airflow1/py_env/lib/python3.11/site-packages/airflow/example_dags/example_setup_teardown_taskflow.py
[2024-11-13T20:34:30.433+1100] {processor.py:925} INFO - DAG(s) 'example_setup_teardown_taskflow' retrieved from /Users/yoonmoon/git/learn-airflow/airflow1/py_env/lib/python3.11/site-packages/airflow/example_dags/example_setup_teardown_taskflow.py
[2024-11-13T20:34:30.492+1100] {logging_mixin.py:190} INFO - [2024-11-13T20:34:30.491+1100] {dag.py:3239} INFO - Sync 1 DAGs
[2024-11-13T20:34:30.495+1100] {logging_mixin.py:190} INFO - [2024-11-13T20:34:30.495+1100] {dag.py:4180} INFO - Setting next_dagrun for example_setup_teardown_taskflow to None, run_after=None
[2024-11-13T20:34:30.502+1100] {processor.py:208} INFO - Processing /Users/yoonmoon/git/learn-airflow/airflow1/py_env/lib/python3.11/site-packages/airflow/example_dags/example_setup_teardown_taskflow.py took 0.087 seconds
[2024-11-13T20:36:48.366+1100] {processor.py:186} INFO - Started process (PID=71936) to work on /Users/yoonmoon/git/learn-airflow/airflow1/py_env/lib/python3.11/site-packages/airflow/example_dags/example_setup_teardown_taskflow.py
[2024-11-13T20:36:48.367+1100] {processor.py:914} INFO - Processing file /Users/yoonmoon/git/learn-airflow/airflow1/py_env/lib/python3.11/site-packages/airflow/example_dags/example_setup_teardown_taskflow.py for tasks to queue
[2024-11-13T20:36:48.367+1100] {logging_mixin.py:190} INFO - [2024-11-13T20:36:48.367+1100] {dagbag.py:588} INFO - Filling up the DagBag from /Users/yoonmoon/git/learn-airflow/airflow1/py_env/lib/python3.11/site-packages/airflow/example_dags/example_setup_teardown_taskflow.py
[2024-11-13T20:36:48.383+1100] {processor.py:925} INFO - DAG(s) 'example_setup_teardown_taskflow' retrieved from /Users/yoonmoon/git/learn-airflow/airflow1/py_env/lib/python3.11/site-packages/airflow/example_dags/example_setup_teardown_taskflow.py
[2024-11-13T20:36:48.441+1100] {logging_mixin.py:190} INFO - [2024-11-13T20:36:48.441+1100] {dag.py:3239} INFO - Sync 1 DAGs
[2024-11-13T20:36:48.445+1100] {logging_mixin.py:190} INFO - [2024-11-13T20:36:48.445+1100] {dag.py:4180} INFO - Setting next_dagrun for example_setup_teardown_taskflow to None, run_after=None
[2024-11-13T20:36:48.452+1100] {processor.py:208} INFO - Processing /Users/yoonmoon/git/learn-airflow/airflow1/py_env/lib/python3.11/site-packages/airflow/example_dags/example_setup_teardown_taskflow.py took 0.088 seconds
[2024-11-13T20:39:04.982+1100] {processor.py:186} INFO - Started process (PID=72228) to work on /Users/yoonmoon/git/learn-airflow/airflow1/py_env/lib/python3.11/site-packages/airflow/example_dags/example_setup_teardown_taskflow.py
[2024-11-13T20:39:04.983+1100] {processor.py:914} INFO - Processing file /Users/yoonmoon/git/learn-airflow/airflow1/py_env/lib/python3.11/site-packages/airflow/example_dags/example_setup_teardown_taskflow.py for tasks to queue
[2024-11-13T20:39:04.984+1100] {logging_mixin.py:190} INFO - [2024-11-13T20:39:04.984+1100] {dagbag.py:588} INFO - Filling up the DagBag from /Users/yoonmoon/git/learn-airflow/airflow1/py_env/lib/python3.11/site-packages/airflow/example_dags/example_setup_teardown_taskflow.py
[2024-11-13T20:39:04.998+1100] {processor.py:925} INFO - DAG(s) 'example_setup_teardown_taskflow' retrieved from /Users/yoonmoon/git/learn-airflow/airflow1/py_env/lib/python3.11/site-packages/airflow/example_dags/example_setup_teardown_taskflow.py
[2024-11-13T20:39:05.056+1100] {logging_mixin.py:190} INFO - [2024-11-13T20:39:05.056+1100] {dag.py:3239} INFO - Sync 1 DAGs
[2024-11-13T20:39:05.060+1100] {logging_mixin.py:190} INFO - [2024-11-13T20:39:05.060+1100] {dag.py:4180} INFO - Setting next_dagrun for example_setup_teardown_taskflow to None, run_after=None
[2024-11-13T20:39:05.066+1100] {processor.py:208} INFO - Processing /Users/yoonmoon/git/learn-airflow/airflow1/py_env/lib/python3.11/site-packages/airflow/example_dags/example_setup_teardown_taskflow.py took 0.086 seconds
[2024-11-13T20:41:26.058+1100] {processor.py:186} INFO - Started process (PID=72488) to work on /Users/yoonmoon/git/learn-airflow/airflow1/py_env/lib/python3.11/site-packages/airflow/example_dags/example_setup_teardown_taskflow.py
[2024-11-13T20:41:26.058+1100] {processor.py:914} INFO - Processing file /Users/yoonmoon/git/learn-airflow/airflow1/py_env/lib/python3.11/site-packages/airflow/example_dags/example_setup_teardown_taskflow.py for tasks to queue
[2024-11-13T20:41:26.059+1100] {logging_mixin.py:190} INFO - [2024-11-13T20:41:26.059+1100] {dagbag.py:588} INFO - Filling up the DagBag from /Users/yoonmoon/git/learn-airflow/airflow1/py_env/lib/python3.11/site-packages/airflow/example_dags/example_setup_teardown_taskflow.py
[2024-11-13T20:41:26.073+1100] {processor.py:925} INFO - DAG(s) 'example_setup_teardown_taskflow' retrieved from /Users/yoonmoon/git/learn-airflow/airflow1/py_env/lib/python3.11/site-packages/airflow/example_dags/example_setup_teardown_taskflow.py
[2024-11-13T20:41:26.132+1100] {logging_mixin.py:190} INFO - [2024-11-13T20:41:26.132+1100] {dag.py:3239} INFO - Sync 1 DAGs
[2024-11-13T20:41:26.136+1100] {logging_mixin.py:190} INFO - [2024-11-13T20:41:26.136+1100] {dag.py:4180} INFO - Setting next_dagrun for example_setup_teardown_taskflow to None, run_after=None
[2024-11-13T20:41:26.143+1100] {processor.py:208} INFO - Processing /Users/yoonmoon/git/learn-airflow/airflow1/py_env/lib/python3.11/site-packages/airflow/example_dags/example_setup_teardown_taskflow.py took 0.088 seconds
[2024-11-13T20:43:41.485+1100] {processor.py:186} INFO - Started process (PID=72736) to work on /Users/yoonmoon/git/learn-airflow/airflow1/py_env/lib/python3.11/site-packages/airflow/example_dags/example_setup_teardown_taskflow.py
[2024-11-13T20:43:41.486+1100] {processor.py:914} INFO - Processing file /Users/yoonmoon/git/learn-airflow/airflow1/py_env/lib/python3.11/site-packages/airflow/example_dags/example_setup_teardown_taskflow.py for tasks to queue
[2024-11-13T20:43:41.486+1100] {logging_mixin.py:190} INFO - [2024-11-13T20:43:41.486+1100] {dagbag.py:588} INFO - Filling up the DagBag from /Users/yoonmoon/git/learn-airflow/airflow1/py_env/lib/python3.11/site-packages/airflow/example_dags/example_setup_teardown_taskflow.py
[2024-11-13T20:43:41.500+1100] {processor.py:925} INFO - DAG(s) 'example_setup_teardown_taskflow' retrieved from /Users/yoonmoon/git/learn-airflow/airflow1/py_env/lib/python3.11/site-packages/airflow/example_dags/example_setup_teardown_taskflow.py
[2024-11-13T20:43:41.559+1100] {logging_mixin.py:190} INFO - [2024-11-13T20:43:41.558+1100] {dag.py:3239} INFO - Sync 1 DAGs
[2024-11-13T20:43:41.562+1100] {logging_mixin.py:190} INFO - [2024-11-13T20:43:41.562+1100] {dag.py:4180} INFO - Setting next_dagrun for example_setup_teardown_taskflow to None, run_after=None
[2024-11-13T20:43:41.569+1100] {processor.py:208} INFO - Processing /Users/yoonmoon/git/learn-airflow/airflow1/py_env/lib/python3.11/site-packages/airflow/example_dags/example_setup_teardown_taskflow.py took 0.087 seconds
[2024-11-13T20:46:05.347+1100] {processor.py:186} INFO - Started process (PID=73011) to work on /Users/yoonmoon/git/learn-airflow/airflow1/py_env/lib/python3.11/site-packages/airflow/example_dags/example_setup_teardown_taskflow.py
[2024-11-13T20:46:05.347+1100] {processor.py:914} INFO - Processing file /Users/yoonmoon/git/learn-airflow/airflow1/py_env/lib/python3.11/site-packages/airflow/example_dags/example_setup_teardown_taskflow.py for tasks to queue
[2024-11-13T20:46:05.348+1100] {logging_mixin.py:190} INFO - [2024-11-13T20:46:05.348+1100] {dagbag.py:588} INFO - Filling up the DagBag from /Users/yoonmoon/git/learn-airflow/airflow1/py_env/lib/python3.11/site-packages/airflow/example_dags/example_setup_teardown_taskflow.py
[2024-11-13T20:46:05.362+1100] {processor.py:925} INFO - DAG(s) 'example_setup_teardown_taskflow' retrieved from /Users/yoonmoon/git/learn-airflow/airflow1/py_env/lib/python3.11/site-packages/airflow/example_dags/example_setup_teardown_taskflow.py
[2024-11-13T20:46:05.423+1100] {logging_mixin.py:190} INFO - [2024-11-13T20:46:05.422+1100] {dag.py:3239} INFO - Sync 1 DAGs
[2024-11-13T20:46:05.427+1100] {logging_mixin.py:190} INFO - [2024-11-13T20:46:05.426+1100] {dag.py:4180} INFO - Setting next_dagrun for example_setup_teardown_taskflow to None, run_after=None
[2024-11-13T20:46:05.433+1100] {processor.py:208} INFO - Processing /Users/yoonmoon/git/learn-airflow/airflow1/py_env/lib/python3.11/site-packages/airflow/example_dags/example_setup_teardown_taskflow.py took 0.089 seconds
[2024-11-13T20:48:27.770+1100] {processor.py:186} INFO - Started process (PID=73295) to work on /Users/yoonmoon/git/learn-airflow/airflow1/py_env/lib/python3.11/site-packages/airflow/example_dags/example_setup_teardown_taskflow.py
[2024-11-13T20:48:27.771+1100] {processor.py:914} INFO - Processing file /Users/yoonmoon/git/learn-airflow/airflow1/py_env/lib/python3.11/site-packages/airflow/example_dags/example_setup_teardown_taskflow.py for tasks to queue
[2024-11-13T20:48:27.772+1100] {logging_mixin.py:190} INFO - [2024-11-13T20:48:27.772+1100] {dagbag.py:588} INFO - Filling up the DagBag from /Users/yoonmoon/git/learn-airflow/airflow1/py_env/lib/python3.11/site-packages/airflow/example_dags/example_setup_teardown_taskflow.py
[2024-11-13T20:48:27.787+1100] {processor.py:925} INFO - DAG(s) 'example_setup_teardown_taskflow' retrieved from /Users/yoonmoon/git/learn-airflow/airflow1/py_env/lib/python3.11/site-packages/airflow/example_dags/example_setup_teardown_taskflow.py
[2024-11-13T20:48:27.850+1100] {logging_mixin.py:190} INFO - [2024-11-13T20:48:27.850+1100] {dag.py:3239} INFO - Sync 1 DAGs
[2024-11-13T20:48:27.855+1100] {logging_mixin.py:190} INFO - [2024-11-13T20:48:27.855+1100] {dag.py:4180} INFO - Setting next_dagrun for example_setup_teardown_taskflow to None, run_after=None
[2024-11-13T20:48:27.862+1100] {processor.py:208} INFO - Processing /Users/yoonmoon/git/learn-airflow/airflow1/py_env/lib/python3.11/site-packages/airflow/example_dags/example_setup_teardown_taskflow.py took 0.093 seconds
[2024-11-13T20:49:42.204+1100] {processor.py:186} INFO - Started process (PID=73427) to work on /Users/yoonmoon/git/learn-airflow/airflow1/py_env/lib/python3.11/site-packages/airflow/example_dags/example_setup_teardown_taskflow.py
[2024-11-13T20:49:42.205+1100] {processor.py:914} INFO - Processing file /Users/yoonmoon/git/learn-airflow/airflow1/py_env/lib/python3.11/site-packages/airflow/example_dags/example_setup_teardown_taskflow.py for tasks to queue
[2024-11-13T20:49:42.206+1100] {logging_mixin.py:190} INFO - [2024-11-13T20:49:42.206+1100] {dagbag.py:588} INFO - Filling up the DagBag from /Users/yoonmoon/git/learn-airflow/airflow1/py_env/lib/python3.11/site-packages/airflow/example_dags/example_setup_teardown_taskflow.py
[2024-11-13T20:49:42.220+1100] {processor.py:925} INFO - DAG(s) 'example_setup_teardown_taskflow' retrieved from /Users/yoonmoon/git/learn-airflow/airflow1/py_env/lib/python3.11/site-packages/airflow/example_dags/example_setup_teardown_taskflow.py
[2024-11-13T20:49:42.281+1100] {logging_mixin.py:190} INFO - [2024-11-13T20:49:42.280+1100] {dag.py:3239} INFO - Sync 1 DAGs
[2024-11-13T20:49:42.284+1100] {logging_mixin.py:190} INFO - [2024-11-13T20:49:42.284+1100] {dag.py:4180} INFO - Setting next_dagrun for example_setup_teardown_taskflow to None, run_after=None
[2024-11-13T20:49:42.291+1100] {processor.py:208} INFO - Processing /Users/yoonmoon/git/learn-airflow/airflow1/py_env/lib/python3.11/site-packages/airflow/example_dags/example_setup_teardown_taskflow.py took 0.089 seconds
[2024-11-13T20:50:53.623+1100] {processor.py:186} INFO - Started process (PID=73562) to work on /Users/yoonmoon/git/learn-airflow/airflow1/py_env/lib/python3.11/site-packages/airflow/example_dags/example_setup_teardown_taskflow.py
[2024-11-13T20:50:53.624+1100] {processor.py:914} INFO - Processing file /Users/yoonmoon/git/learn-airflow/airflow1/py_env/lib/python3.11/site-packages/airflow/example_dags/example_setup_teardown_taskflow.py for tasks to queue
[2024-11-13T20:50:53.624+1100] {logging_mixin.py:190} INFO - [2024-11-13T20:50:53.624+1100] {dagbag.py:588} INFO - Filling up the DagBag from /Users/yoonmoon/git/learn-airflow/airflow1/py_env/lib/python3.11/site-packages/airflow/example_dags/example_setup_teardown_taskflow.py
[2024-11-13T20:50:53.639+1100] {processor.py:925} INFO - DAG(s) 'example_setup_teardown_taskflow' retrieved from /Users/yoonmoon/git/learn-airflow/airflow1/py_env/lib/python3.11/site-packages/airflow/example_dags/example_setup_teardown_taskflow.py
[2024-11-13T20:50:53.699+1100] {logging_mixin.py:190} INFO - [2024-11-13T20:50:53.699+1100] {dag.py:3239} INFO - Sync 1 DAGs
[2024-11-13T20:50:53.703+1100] {logging_mixin.py:190} INFO - [2024-11-13T20:50:53.703+1100] {dag.py:4180} INFO - Setting next_dagrun for example_setup_teardown_taskflow to None, run_after=None
[2024-11-13T20:50:53.710+1100] {processor.py:208} INFO - Processing /Users/yoonmoon/git/learn-airflow/airflow1/py_env/lib/python3.11/site-packages/airflow/example_dags/example_setup_teardown_taskflow.py took 0.089 seconds
