[2024-11-13T19:29:39.748+1100] {processor.py:186} INFO - Started process (PID=63757) to work on /Users/yoonmoon/git/learn-airflow/airflow1/py_env/lib/python3.11/site-packages/airflow/example_dags/example_outlet_event_extra.py
[2024-11-13T19:29:39.748+1100] {processor.py:914} INFO - Processing file /Users/yoonmoon/git/learn-airflow/airflow1/py_env/lib/python3.11/site-packages/airflow/example_dags/example_outlet_event_extra.py for tasks to queue
[2024-11-13T19:29:39.749+1100] {logging_mixin.py:190} INFO - [2024-11-13T19:29:39.749+1100] {dagbag.py:588} INFO - Filling up the DagBag from /Users/yoonmoon/git/learn-airflow/airflow1/py_env/lib/python3.11/site-packages/airflow/example_dags/example_outlet_event_extra.py
[2024-11-13T19:29:39.784+1100] {processor.py:925} INFO - DAG(s) 'dataset_with_extra_from_classic_operator', 'dataset_with_extra_by_yield', 'dataset_with_extra_by_context' retrieved from /Users/yoonmoon/git/learn-airflow/airflow1/py_env/lib/python3.11/site-packages/airflow/example_dags/example_outlet_event_extra.py
[2024-11-13T19:29:39.886+1100] {logging_mixin.py:190} INFO - [2024-11-13T19:29:39.886+1100] {override.py:1911} INFO - Created Permission View: can read on DAG:dataset_with_extra_from_classic_operator
[2024-11-13T19:29:39.889+1100] {logging_mixin.py:190} INFO - [2024-11-13T19:29:39.889+1100] {override.py:1911} INFO - Created Permission View: can delete on DAG:dataset_with_extra_from_classic_operator
[2024-11-13T19:29:39.892+1100] {logging_mixin.py:190} INFO - [2024-11-13T19:29:39.892+1100] {override.py:1911} INFO - Created Permission View: can edit on DAG:dataset_with_extra_from_classic_operator
[2024-11-13T19:29:39.895+1100] {logging_mixin.py:190} INFO - [2024-11-13T19:29:39.895+1100] {override.py:1911} INFO - Created Permission View: can read on DAG Run:dataset_with_extra_from_classic_operator
[2024-11-13T19:29:39.897+1100] {logging_mixin.py:190} INFO - [2024-11-13T19:29:39.897+1100] {override.py:1911} INFO - Created Permission View: can delete on DAG Run:dataset_with_extra_from_classic_operator
[2024-11-13T19:29:39.900+1100] {logging_mixin.py:190} INFO - [2024-11-13T19:29:39.900+1100] {override.py:1911} INFO - Created Permission View: can create on DAG Run:dataset_with_extra_from_classic_operator
[2024-11-13T19:29:39.902+1100] {logging_mixin.py:190} INFO - [2024-11-13T19:29:39.902+1100] {override.py:1911} INFO - Created Permission View: menu access on DAG Run:dataset_with_extra_from_classic_operator
[2024-11-13T19:29:39.907+1100] {logging_mixin.py:190} INFO - [2024-11-13T19:29:39.907+1100] {override.py:1911} INFO - Created Permission View: can read on DAG:dataset_with_extra_by_yield
[2024-11-13T19:29:39.909+1100] {logging_mixin.py:190} INFO - [2024-11-13T19:29:39.909+1100] {override.py:1911} INFO - Created Permission View: can delete on DAG:dataset_with_extra_by_yield
[2024-11-13T19:29:39.912+1100] {logging_mixin.py:190} INFO - [2024-11-13T19:29:39.912+1100] {override.py:1911} INFO - Created Permission View: can edit on DAG:dataset_with_extra_by_yield
[2024-11-13T19:29:39.915+1100] {logging_mixin.py:190} INFO - [2024-11-13T19:29:39.915+1100] {override.py:1911} INFO - Created Permission View: can read on DAG Run:dataset_with_extra_by_yield
[2024-11-13T19:29:39.917+1100] {logging_mixin.py:190} INFO - [2024-11-13T19:29:39.917+1100] {override.py:1911} INFO - Created Permission View: can delete on DAG Run:dataset_with_extra_by_yield
[2024-11-13T19:29:39.920+1100] {logging_mixin.py:190} INFO - [2024-11-13T19:29:39.920+1100] {override.py:1911} INFO - Created Permission View: can create on DAG Run:dataset_with_extra_by_yield
[2024-11-13T19:29:39.922+1100] {logging_mixin.py:190} INFO - [2024-11-13T19:29:39.922+1100] {override.py:1911} INFO - Created Permission View: menu access on DAG Run:dataset_with_extra_by_yield
[2024-11-13T19:29:39.927+1100] {logging_mixin.py:190} INFO - [2024-11-13T19:29:39.927+1100] {override.py:1911} INFO - Created Permission View: can read on DAG:dataset_with_extra_by_context
[2024-11-13T19:29:39.929+1100] {logging_mixin.py:190} INFO - [2024-11-13T19:29:39.929+1100] {override.py:1911} INFO - Created Permission View: can delete on DAG:dataset_with_extra_by_context
[2024-11-13T19:29:39.931+1100] {logging_mixin.py:190} INFO - [2024-11-13T19:29:39.931+1100] {override.py:1911} INFO - Created Permission View: can edit on DAG:dataset_with_extra_by_context
[2024-11-13T19:29:39.934+1100] {logging_mixin.py:190} INFO - [2024-11-13T19:29:39.934+1100] {override.py:1911} INFO - Created Permission View: can read on DAG Run:dataset_with_extra_by_context
[2024-11-13T19:29:39.936+1100] {logging_mixin.py:190} INFO - [2024-11-13T19:29:39.935+1100] {override.py:1911} INFO - Created Permission View: can delete on DAG Run:dataset_with_extra_by_context
[2024-11-13T19:29:39.937+1100] {logging_mixin.py:190} INFO - [2024-11-13T19:29:39.937+1100] {override.py:1911} INFO - Created Permission View: can create on DAG Run:dataset_with_extra_by_context
[2024-11-13T19:29:39.939+1100] {logging_mixin.py:190} INFO - [2024-11-13T19:29:39.939+1100] {override.py:1911} INFO - Created Permission View: menu access on DAG Run:dataset_with_extra_by_context
[2024-11-13T19:29:39.939+1100] {logging_mixin.py:190} INFO - [2024-11-13T19:29:39.939+1100] {dag.py:3239} INFO - Sync 3 DAGs
[2024-11-13T19:29:39.943+1100] {logging_mixin.py:190} INFO - [2024-11-13T19:29:39.943+1100] {dag.py:3262} INFO - Creating ORM DAG for dataset_with_extra_by_yield
[2024-11-13T19:29:39.943+1100] {logging_mixin.py:190} INFO - [2024-11-13T19:29:39.943+1100] {dag.py:3262} INFO - Creating ORM DAG for dataset_with_extra_from_classic_operator
[2024-11-13T19:29:39.944+1100] {logging_mixin.py:190} INFO - [2024-11-13T19:29:39.943+1100] {dag.py:3262} INFO - Creating ORM DAG for dataset_with_extra_by_context
[2024-11-13T19:29:39.947+1100] {logging_mixin.py:190} INFO - [2024-11-13T19:29:39.947+1100] {dag.py:4180} INFO - Setting next_dagrun for dataset_with_extra_by_context to 2024-11-12 00:00:00+00:00, run_after=2024-11-13 00:00:00+00:00
[2024-11-13T19:29:39.948+1100] {logging_mixin.py:190} INFO - [2024-11-13T19:29:39.948+1100] {dag.py:4180} INFO - Setting next_dagrun for dataset_with_extra_by_yield to 2024-11-12 00:00:00+00:00, run_after=2024-11-13 00:00:00+00:00
[2024-11-13T19:29:39.948+1100] {logging_mixin.py:190} INFO - [2024-11-13T19:29:39.948+1100] {dag.py:4180} INFO - Setting next_dagrun for dataset_with_extra_from_classic_operator to 2024-11-12 00:00:00+00:00, run_after=2024-11-13 00:00:00+00:00
[2024-11-13T19:29:39.955+1100] {logging_mixin.py:190} INFO - [2024-11-13T19:29:39.955+1100] {workday.py:41} WARNING - Could not import pandas. Holidays will not be considered.
[2024-11-13T19:29:39.960+1100] {processor.py:208} INFO - Processing /Users/yoonmoon/git/learn-airflow/airflow1/py_env/lib/python3.11/site-packages/airflow/example_dags/example_outlet_event_extra.py took 0.215 seconds
[2024-11-13T19:31:20.430+1100] {processor.py:186} INFO - Started process (PID=63967) to work on /Users/yoonmoon/git/learn-airflow/airflow1/py_env/lib/python3.11/site-packages/airflow/example_dags/example_outlet_event_extra.py
[2024-11-13T19:31:20.430+1100] {processor.py:914} INFO - Processing file /Users/yoonmoon/git/learn-airflow/airflow1/py_env/lib/python3.11/site-packages/airflow/example_dags/example_outlet_event_extra.py for tasks to queue
[2024-11-13T19:31:20.431+1100] {logging_mixin.py:190} INFO - [2024-11-13T19:31:20.431+1100] {dagbag.py:588} INFO - Filling up the DagBag from /Users/yoonmoon/git/learn-airflow/airflow1/py_env/lib/python3.11/site-packages/airflow/example_dags/example_outlet_event_extra.py
[2024-11-13T19:31:20.468+1100] {processor.py:925} INFO - DAG(s) 'dataset_with_extra_from_classic_operator', 'dataset_with_extra_by_yield', 'dataset_with_extra_by_context' retrieved from /Users/yoonmoon/git/learn-airflow/airflow1/py_env/lib/python3.11/site-packages/airflow/example_dags/example_outlet_event_extra.py
[2024-11-13T19:31:20.529+1100] {logging_mixin.py:190} INFO - [2024-11-13T19:31:20.529+1100] {dag.py:3239} INFO - Sync 3 DAGs
[2024-11-13T19:31:20.536+1100] {logging_mixin.py:190} INFO - [2024-11-13T19:31:20.536+1100] {dag.py:4180} INFO - Setting next_dagrun for dataset_with_extra_by_context to 2024-11-12 00:00:00+00:00, run_after=2024-11-13 00:00:00+00:00
[2024-11-13T19:31:20.538+1100] {logging_mixin.py:190} INFO - [2024-11-13T19:31:20.537+1100] {dag.py:4180} INFO - Setting next_dagrun for dataset_with_extra_by_yield to 2024-11-12 00:00:00+00:00, run_after=2024-11-13 00:00:00+00:00
[2024-11-13T19:31:20.538+1100] {logging_mixin.py:190} INFO - [2024-11-13T19:31:20.538+1100] {dag.py:4180} INFO - Setting next_dagrun for dataset_with_extra_from_classic_operator to 2024-11-12 00:00:00+00:00, run_after=2024-11-13 00:00:00+00:00
[2024-11-13T19:31:20.546+1100] {processor.py:208} INFO - Processing /Users/yoonmoon/git/learn-airflow/airflow1/py_env/lib/python3.11/site-packages/airflow/example_dags/example_outlet_event_extra.py took 0.119 seconds
[2024-11-13T19:33:40.953+1100] {processor.py:186} INFO - Started process (PID=64380) to work on /Users/yoonmoon/git/learn-airflow/airflow1/py_env/lib/python3.11/site-packages/airflow/example_dags/example_outlet_event_extra.py
[2024-11-13T19:33:40.954+1100] {processor.py:914} INFO - Processing file /Users/yoonmoon/git/learn-airflow/airflow1/py_env/lib/python3.11/site-packages/airflow/example_dags/example_outlet_event_extra.py for tasks to queue
[2024-11-13T19:33:40.954+1100] {logging_mixin.py:190} INFO - [2024-11-13T19:33:40.954+1100] {dagbag.py:588} INFO - Filling up the DagBag from /Users/yoonmoon/git/learn-airflow/airflow1/py_env/lib/python3.11/site-packages/airflow/example_dags/example_outlet_event_extra.py
[2024-11-13T19:33:40.989+1100] {processor.py:925} INFO - DAG(s) 'dataset_with_extra_from_classic_operator', 'dataset_with_extra_by_yield', 'dataset_with_extra_by_context' retrieved from /Users/yoonmoon/git/learn-airflow/airflow1/py_env/lib/python3.11/site-packages/airflow/example_dags/example_outlet_event_extra.py
[2024-11-13T19:33:41.051+1100] {logging_mixin.py:190} INFO - [2024-11-13T19:33:41.051+1100] {dag.py:3239} INFO - Sync 3 DAGs
[2024-11-13T19:33:41.057+1100] {logging_mixin.py:190} INFO - [2024-11-13T19:33:41.057+1100] {dag.py:4180} INFO - Setting next_dagrun for dataset_with_extra_by_context to 2024-11-12 00:00:00+00:00, run_after=2024-11-13 00:00:00+00:00
[2024-11-13T19:33:41.059+1100] {logging_mixin.py:190} INFO - [2024-11-13T19:33:41.059+1100] {dag.py:4180} INFO - Setting next_dagrun for dataset_with_extra_by_yield to 2024-11-12 00:00:00+00:00, run_after=2024-11-13 00:00:00+00:00
[2024-11-13T19:33:41.059+1100] {logging_mixin.py:190} INFO - [2024-11-13T19:33:41.059+1100] {dag.py:4180} INFO - Setting next_dagrun for dataset_with_extra_from_classic_operator to 2024-11-12 00:00:00+00:00, run_after=2024-11-13 00:00:00+00:00
[2024-11-13T19:33:41.066+1100] {processor.py:208} INFO - Processing /Users/yoonmoon/git/learn-airflow/airflow1/py_env/lib/python3.11/site-packages/airflow/example_dags/example_outlet_event_extra.py took 0.116 seconds
[2024-11-13T19:36:16.705+1100] {processor.py:186} INFO - Started process (PID=64857) to work on /Users/yoonmoon/git/learn-airflow/airflow1/py_env/lib/python3.11/site-packages/airflow/example_dags/example_outlet_event_extra.py
[2024-11-13T19:36:16.706+1100] {processor.py:914} INFO - Processing file /Users/yoonmoon/git/learn-airflow/airflow1/py_env/lib/python3.11/site-packages/airflow/example_dags/example_outlet_event_extra.py for tasks to queue
[2024-11-13T19:36:16.707+1100] {logging_mixin.py:190} INFO - [2024-11-13T19:36:16.707+1100] {dagbag.py:588} INFO - Filling up the DagBag from /Users/yoonmoon/git/learn-airflow/airflow1/py_env/lib/python3.11/site-packages/airflow/example_dags/example_outlet_event_extra.py
[2024-11-13T19:36:16.737+1100] {processor.py:925} INFO - DAG(s) 'dataset_with_extra_from_classic_operator', 'dataset_with_extra_by_context', 'dataset_with_extra_by_yield' retrieved from /Users/yoonmoon/git/learn-airflow/airflow1/py_env/lib/python3.11/site-packages/airflow/example_dags/example_outlet_event_extra.py
[2024-11-13T19:36:16.795+1100] {logging_mixin.py:190} INFO - [2024-11-13T19:36:16.795+1100] {dag.py:3239} INFO - Sync 3 DAGs
[2024-11-13T19:36:16.802+1100] {logging_mixin.py:190} INFO - [2024-11-13T19:36:16.802+1100] {dag.py:4180} INFO - Setting next_dagrun for dataset_with_extra_by_context to 2024-11-12 00:00:00+00:00, run_after=2024-11-13 00:00:00+00:00
[2024-11-13T19:36:16.803+1100] {logging_mixin.py:190} INFO - [2024-11-13T19:36:16.803+1100] {dag.py:4180} INFO - Setting next_dagrun for dataset_with_extra_by_yield to 2024-11-12 00:00:00+00:00, run_after=2024-11-13 00:00:00+00:00
[2024-11-13T19:36:16.804+1100] {logging_mixin.py:190} INFO - [2024-11-13T19:36:16.804+1100] {dag.py:4180} INFO - Setting next_dagrun for dataset_with_extra_from_classic_operator to 2024-11-12 00:00:00+00:00, run_after=2024-11-13 00:00:00+00:00
[2024-11-13T19:36:16.810+1100] {processor.py:208} INFO - Processing /Users/yoonmoon/git/learn-airflow/airflow1/py_env/lib/python3.11/site-packages/airflow/example_dags/example_outlet_event_extra.py took 0.108 seconds
[2024-11-13T19:38:35.283+1100] {processor.py:186} INFO - Started process (PID=65151) to work on /Users/yoonmoon/git/learn-airflow/airflow1/py_env/lib/python3.11/site-packages/airflow/example_dags/example_outlet_event_extra.py
[2024-11-13T19:38:35.284+1100] {processor.py:914} INFO - Processing file /Users/yoonmoon/git/learn-airflow/airflow1/py_env/lib/python3.11/site-packages/airflow/example_dags/example_outlet_event_extra.py for tasks to queue
[2024-11-13T19:38:35.285+1100] {logging_mixin.py:190} INFO - [2024-11-13T19:38:35.285+1100] {dagbag.py:588} INFO - Filling up the DagBag from /Users/yoonmoon/git/learn-airflow/airflow1/py_env/lib/python3.11/site-packages/airflow/example_dags/example_outlet_event_extra.py
[2024-11-13T19:38:35.331+1100] {processor.py:925} INFO - DAG(s) 'dataset_with_extra_by_context', 'dataset_with_extra_by_yield', 'dataset_with_extra_from_classic_operator' retrieved from /Users/yoonmoon/git/learn-airflow/airflow1/py_env/lib/python3.11/site-packages/airflow/example_dags/example_outlet_event_extra.py
[2024-11-13T19:38:35.393+1100] {logging_mixin.py:190} INFO - [2024-11-13T19:38:35.393+1100] {dag.py:3239} INFO - Sync 3 DAGs
[2024-11-13T19:38:35.400+1100] {logging_mixin.py:190} INFO - [2024-11-13T19:38:35.400+1100] {dag.py:4180} INFO - Setting next_dagrun for dataset_with_extra_by_context to 2024-11-12 00:00:00+00:00, run_after=2024-11-13 00:00:00+00:00
[2024-11-13T19:38:35.401+1100] {logging_mixin.py:190} INFO - [2024-11-13T19:38:35.401+1100] {dag.py:4180} INFO - Setting next_dagrun for dataset_with_extra_by_yield to 2024-11-12 00:00:00+00:00, run_after=2024-11-13 00:00:00+00:00
[2024-11-13T19:38:35.402+1100] {logging_mixin.py:190} INFO - [2024-11-13T19:38:35.401+1100] {dag.py:4180} INFO - Setting next_dagrun for dataset_with_extra_from_classic_operator to 2024-11-12 00:00:00+00:00, run_after=2024-11-13 00:00:00+00:00
[2024-11-13T19:38:35.408+1100] {processor.py:208} INFO - Processing /Users/yoonmoon/git/learn-airflow/airflow1/py_env/lib/python3.11/site-packages/airflow/example_dags/example_outlet_event_extra.py took 0.127 seconds
[2024-11-13T19:40:49.918+1100] {processor.py:186} INFO - Started process (PID=65440) to work on /Users/yoonmoon/git/learn-airflow/airflow1/py_env/lib/python3.11/site-packages/airflow/example_dags/example_outlet_event_extra.py
[2024-11-13T19:40:49.919+1100] {processor.py:914} INFO - Processing file /Users/yoonmoon/git/learn-airflow/airflow1/py_env/lib/python3.11/site-packages/airflow/example_dags/example_outlet_event_extra.py for tasks to queue
[2024-11-13T19:40:49.920+1100] {logging_mixin.py:190} INFO - [2024-11-13T19:40:49.920+1100] {dagbag.py:588} INFO - Filling up the DagBag from /Users/yoonmoon/git/learn-airflow/airflow1/py_env/lib/python3.11/site-packages/airflow/example_dags/example_outlet_event_extra.py
[2024-11-13T19:40:49.954+1100] {processor.py:925} INFO - DAG(s) 'dataset_with_extra_by_yield', 'dataset_with_extra_from_classic_operator', 'dataset_with_extra_by_context' retrieved from /Users/yoonmoon/git/learn-airflow/airflow1/py_env/lib/python3.11/site-packages/airflow/example_dags/example_outlet_event_extra.py
[2024-11-13T19:40:50.013+1100] {logging_mixin.py:190} INFO - [2024-11-13T19:40:50.013+1100] {dag.py:3239} INFO - Sync 3 DAGs
[2024-11-13T19:40:50.019+1100] {logging_mixin.py:190} INFO - [2024-11-13T19:40:50.019+1100] {dag.py:4180} INFO - Setting next_dagrun for dataset_with_extra_by_context to 2024-11-12 00:00:00+00:00, run_after=2024-11-13 00:00:00+00:00
[2024-11-13T19:40:50.021+1100] {logging_mixin.py:190} INFO - [2024-11-13T19:40:50.021+1100] {dag.py:4180} INFO - Setting next_dagrun for dataset_with_extra_by_yield to 2024-11-12 00:00:00+00:00, run_after=2024-11-13 00:00:00+00:00
[2024-11-13T19:40:50.021+1100] {logging_mixin.py:190} INFO - [2024-11-13T19:40:50.021+1100] {dag.py:4180} INFO - Setting next_dagrun for dataset_with_extra_from_classic_operator to 2024-11-12 00:00:00+00:00, run_after=2024-11-13 00:00:00+00:00
[2024-11-13T19:40:50.028+1100] {processor.py:208} INFO - Processing /Users/yoonmoon/git/learn-airflow/airflow1/py_env/lib/python3.11/site-packages/airflow/example_dags/example_outlet_event_extra.py took 0.112 seconds
[2024-11-13T19:43:09.102+1100] {processor.py:186} INFO - Started process (PID=65706) to work on /Users/yoonmoon/git/learn-airflow/airflow1/py_env/lib/python3.11/site-packages/airflow/example_dags/example_outlet_event_extra.py
[2024-11-13T19:43:09.103+1100] {processor.py:914} INFO - Processing file /Users/yoonmoon/git/learn-airflow/airflow1/py_env/lib/python3.11/site-packages/airflow/example_dags/example_outlet_event_extra.py for tasks to queue
[2024-11-13T19:43:09.103+1100] {logging_mixin.py:190} INFO - [2024-11-13T19:43:09.103+1100] {dagbag.py:588} INFO - Filling up the DagBag from /Users/yoonmoon/git/learn-airflow/airflow1/py_env/lib/python3.11/site-packages/airflow/example_dags/example_outlet_event_extra.py
[2024-11-13T19:43:09.137+1100] {processor.py:925} INFO - DAG(s) 'dataset_with_extra_by_context', 'dataset_with_extra_by_yield', 'dataset_with_extra_from_classic_operator' retrieved from /Users/yoonmoon/git/learn-airflow/airflow1/py_env/lib/python3.11/site-packages/airflow/example_dags/example_outlet_event_extra.py
[2024-11-13T19:43:09.196+1100] {logging_mixin.py:190} INFO - [2024-11-13T19:43:09.196+1100] {dag.py:3239} INFO - Sync 3 DAGs
[2024-11-13T19:43:09.203+1100] {logging_mixin.py:190} INFO - [2024-11-13T19:43:09.203+1100] {dag.py:4180} INFO - Setting next_dagrun for dataset_with_extra_by_context to 2024-11-12 00:00:00+00:00, run_after=2024-11-13 00:00:00+00:00
[2024-11-13T19:43:09.204+1100] {logging_mixin.py:190} INFO - [2024-11-13T19:43:09.204+1100] {dag.py:4180} INFO - Setting next_dagrun for dataset_with_extra_by_yield to 2024-11-12 00:00:00+00:00, run_after=2024-11-13 00:00:00+00:00
[2024-11-13T19:43:09.205+1100] {logging_mixin.py:190} INFO - [2024-11-13T19:43:09.205+1100] {dag.py:4180} INFO - Setting next_dagrun for dataset_with_extra_from_classic_operator to 2024-11-12 00:00:00+00:00, run_after=2024-11-13 00:00:00+00:00
[2024-11-13T19:43:09.212+1100] {processor.py:208} INFO - Processing /Users/yoonmoon/git/learn-airflow/airflow1/py_env/lib/python3.11/site-packages/airflow/example_dags/example_outlet_event_extra.py took 0.112 seconds
[2024-11-13T19:45:25.571+1100] {processor.py:186} INFO - Started process (PID=65976) to work on /Users/yoonmoon/git/learn-airflow/airflow1/py_env/lib/python3.11/site-packages/airflow/example_dags/example_outlet_event_extra.py
[2024-11-13T19:45:25.572+1100] {processor.py:914} INFO - Processing file /Users/yoonmoon/git/learn-airflow/airflow1/py_env/lib/python3.11/site-packages/airflow/example_dags/example_outlet_event_extra.py for tasks to queue
[2024-11-13T19:45:25.572+1100] {logging_mixin.py:190} INFO - [2024-11-13T19:45:25.572+1100] {dagbag.py:588} INFO - Filling up the DagBag from /Users/yoonmoon/git/learn-airflow/airflow1/py_env/lib/python3.11/site-packages/airflow/example_dags/example_outlet_event_extra.py
[2024-11-13T19:45:25.605+1100] {processor.py:925} INFO - DAG(s) 'dataset_with_extra_from_classic_operator', 'dataset_with_extra_by_context', 'dataset_with_extra_by_yield' retrieved from /Users/yoonmoon/git/learn-airflow/airflow1/py_env/lib/python3.11/site-packages/airflow/example_dags/example_outlet_event_extra.py
[2024-11-13T19:45:25.665+1100] {logging_mixin.py:190} INFO - [2024-11-13T19:45:25.665+1100] {dag.py:3239} INFO - Sync 3 DAGs
[2024-11-13T19:45:25.672+1100] {logging_mixin.py:190} INFO - [2024-11-13T19:45:25.672+1100] {dag.py:4180} INFO - Setting next_dagrun for dataset_with_extra_by_context to 2024-11-12 00:00:00+00:00, run_after=2024-11-13 00:00:00+00:00
[2024-11-13T19:45:25.673+1100] {logging_mixin.py:190} INFO - [2024-11-13T19:45:25.673+1100] {dag.py:4180} INFO - Setting next_dagrun for dataset_with_extra_by_yield to 2024-11-12 00:00:00+00:00, run_after=2024-11-13 00:00:00+00:00
[2024-11-13T19:45:25.674+1100] {logging_mixin.py:190} INFO - [2024-11-13T19:45:25.674+1100] {dag.py:4180} INFO - Setting next_dagrun for dataset_with_extra_from_classic_operator to 2024-11-12 00:00:00+00:00, run_after=2024-11-13 00:00:00+00:00
[2024-11-13T19:45:25.680+1100] {processor.py:208} INFO - Processing /Users/yoonmoon/git/learn-airflow/airflow1/py_env/lib/python3.11/site-packages/airflow/example_dags/example_outlet_event_extra.py took 0.112 seconds
[2024-11-13T19:47:37.291+1100] {processor.py:186} INFO - Started process (PID=66222) to work on /Users/yoonmoon/git/learn-airflow/airflow1/py_env/lib/python3.11/site-packages/airflow/example_dags/example_outlet_event_extra.py
[2024-11-13T19:47:37.293+1100] {processor.py:914} INFO - Processing file /Users/yoonmoon/git/learn-airflow/airflow1/py_env/lib/python3.11/site-packages/airflow/example_dags/example_outlet_event_extra.py for tasks to queue
[2024-11-13T19:47:37.293+1100] {logging_mixin.py:190} INFO - [2024-11-13T19:47:37.293+1100] {dagbag.py:588} INFO - Filling up the DagBag from /Users/yoonmoon/git/learn-airflow/airflow1/py_env/lib/python3.11/site-packages/airflow/example_dags/example_outlet_event_extra.py
[2024-11-13T19:47:37.327+1100] {processor.py:925} INFO - DAG(s) 'dataset_with_extra_from_classic_operator', 'dataset_with_extra_by_context', 'dataset_with_extra_by_yield' retrieved from /Users/yoonmoon/git/learn-airflow/airflow1/py_env/lib/python3.11/site-packages/airflow/example_dags/example_outlet_event_extra.py
[2024-11-13T19:47:37.386+1100] {logging_mixin.py:190} INFO - [2024-11-13T19:47:37.386+1100] {dag.py:3239} INFO - Sync 3 DAGs
[2024-11-13T19:47:37.393+1100] {logging_mixin.py:190} INFO - [2024-11-13T19:47:37.393+1100] {dag.py:4180} INFO - Setting next_dagrun for dataset_with_extra_by_context to 2024-11-12 00:00:00+00:00, run_after=2024-11-13 00:00:00+00:00
[2024-11-13T19:47:37.394+1100] {logging_mixin.py:190} INFO - [2024-11-13T19:47:37.394+1100] {dag.py:4180} INFO - Setting next_dagrun for dataset_with_extra_by_yield to 2024-11-12 00:00:00+00:00, run_after=2024-11-13 00:00:00+00:00
[2024-11-13T19:47:37.395+1100] {logging_mixin.py:190} INFO - [2024-11-13T19:47:37.395+1100] {dag.py:4180} INFO - Setting next_dagrun for dataset_with_extra_from_classic_operator to 2024-11-12 00:00:00+00:00, run_after=2024-11-13 00:00:00+00:00
[2024-11-13T19:47:37.402+1100] {processor.py:208} INFO - Processing /Users/yoonmoon/git/learn-airflow/airflow1/py_env/lib/python3.11/site-packages/airflow/example_dags/example_outlet_event_extra.py took 0.113 seconds
[2024-11-13T19:49:45.260+1100] {processor.py:186} INFO - Started process (PID=66458) to work on /Users/yoonmoon/git/learn-airflow/airflow1/py_env/lib/python3.11/site-packages/airflow/example_dags/example_outlet_event_extra.py
[2024-11-13T19:49:45.261+1100] {processor.py:914} INFO - Processing file /Users/yoonmoon/git/learn-airflow/airflow1/py_env/lib/python3.11/site-packages/airflow/example_dags/example_outlet_event_extra.py for tasks to queue
[2024-11-13T19:49:45.261+1100] {logging_mixin.py:190} INFO - [2024-11-13T19:49:45.261+1100] {dagbag.py:588} INFO - Filling up the DagBag from /Users/yoonmoon/git/learn-airflow/airflow1/py_env/lib/python3.11/site-packages/airflow/example_dags/example_outlet_event_extra.py
[2024-11-13T19:49:45.295+1100] {processor.py:925} INFO - DAG(s) 'dataset_with_extra_by_yield', 'dataset_with_extra_from_classic_operator', 'dataset_with_extra_by_context' retrieved from /Users/yoonmoon/git/learn-airflow/airflow1/py_env/lib/python3.11/site-packages/airflow/example_dags/example_outlet_event_extra.py
[2024-11-13T19:49:45.354+1100] {logging_mixin.py:190} INFO - [2024-11-13T19:49:45.354+1100] {dag.py:3239} INFO - Sync 3 DAGs
[2024-11-13T19:49:45.360+1100] {logging_mixin.py:190} INFO - [2024-11-13T19:49:45.360+1100] {dag.py:4180} INFO - Setting next_dagrun for dataset_with_extra_by_context to 2024-11-12 00:00:00+00:00, run_after=2024-11-13 00:00:00+00:00
[2024-11-13T19:49:45.362+1100] {logging_mixin.py:190} INFO - [2024-11-13T19:49:45.362+1100] {dag.py:4180} INFO - Setting next_dagrun for dataset_with_extra_by_yield to 2024-11-12 00:00:00+00:00, run_after=2024-11-13 00:00:00+00:00
[2024-11-13T19:49:45.362+1100] {logging_mixin.py:190} INFO - [2024-11-13T19:49:45.362+1100] {dag.py:4180} INFO - Setting next_dagrun for dataset_with_extra_from_classic_operator to 2024-11-12 00:00:00+00:00, run_after=2024-11-13 00:00:00+00:00
[2024-11-13T19:49:45.370+1100] {processor.py:208} INFO - Processing /Users/yoonmoon/git/learn-airflow/airflow1/py_env/lib/python3.11/site-packages/airflow/example_dags/example_outlet_event_extra.py took 0.112 seconds
[2024-11-13T19:52:03.601+1100] {processor.py:186} INFO - Started process (PID=66703) to work on /Users/yoonmoon/git/learn-airflow/airflow1/py_env/lib/python3.11/site-packages/airflow/example_dags/example_outlet_event_extra.py
[2024-11-13T19:52:03.601+1100] {processor.py:914} INFO - Processing file /Users/yoonmoon/git/learn-airflow/airflow1/py_env/lib/python3.11/site-packages/airflow/example_dags/example_outlet_event_extra.py for tasks to queue
[2024-11-13T19:52:03.602+1100] {logging_mixin.py:190} INFO - [2024-11-13T19:52:03.602+1100] {dagbag.py:588} INFO - Filling up the DagBag from /Users/yoonmoon/git/learn-airflow/airflow1/py_env/lib/python3.11/site-packages/airflow/example_dags/example_outlet_event_extra.py
[2024-11-13T19:52:03.636+1100] {processor.py:925} INFO - DAG(s) 'dataset_with_extra_by_yield', 'dataset_with_extra_by_context', 'dataset_with_extra_from_classic_operator' retrieved from /Users/yoonmoon/git/learn-airflow/airflow1/py_env/lib/python3.11/site-packages/airflow/example_dags/example_outlet_event_extra.py
[2024-11-13T19:52:03.695+1100] {logging_mixin.py:190} INFO - [2024-11-13T19:52:03.695+1100] {dag.py:3239} INFO - Sync 3 DAGs
[2024-11-13T19:52:03.703+1100] {logging_mixin.py:190} INFO - [2024-11-13T19:52:03.703+1100] {dag.py:4180} INFO - Setting next_dagrun for dataset_with_extra_by_context to 2024-11-12 00:00:00+00:00, run_after=2024-11-13 00:00:00+00:00
[2024-11-13T19:52:03.709+1100] {logging_mixin.py:190} INFO - [2024-11-13T19:52:03.709+1100] {dag.py:4180} INFO - Setting next_dagrun for dataset_with_extra_by_yield to 2024-11-12 00:00:00+00:00, run_after=2024-11-13 00:00:00+00:00
[2024-11-13T19:52:03.710+1100] {logging_mixin.py:190} INFO - [2024-11-13T19:52:03.710+1100] {dag.py:4180} INFO - Setting next_dagrun for dataset_with_extra_from_classic_operator to 2024-11-12 00:00:00+00:00, run_after=2024-11-13 00:00:00+00:00
[2024-11-13T19:52:03.717+1100] {processor.py:208} INFO - Processing /Users/yoonmoon/git/learn-airflow/airflow1/py_env/lib/python3.11/site-packages/airflow/example_dags/example_outlet_event_extra.py took 0.119 seconds
[2024-11-13T19:54:23.980+1100] {processor.py:186} INFO - Started process (PID=66981) to work on /Users/yoonmoon/git/learn-airflow/airflow1/py_env/lib/python3.11/site-packages/airflow/example_dags/example_outlet_event_extra.py
[2024-11-13T19:54:23.981+1100] {processor.py:914} INFO - Processing file /Users/yoonmoon/git/learn-airflow/airflow1/py_env/lib/python3.11/site-packages/airflow/example_dags/example_outlet_event_extra.py for tasks to queue
[2024-11-13T19:54:23.981+1100] {logging_mixin.py:190} INFO - [2024-11-13T19:54:23.981+1100] {dagbag.py:588} INFO - Filling up the DagBag from /Users/yoonmoon/git/learn-airflow/airflow1/py_env/lib/python3.11/site-packages/airflow/example_dags/example_outlet_event_extra.py
[2024-11-13T19:54:24.015+1100] {processor.py:925} INFO - DAG(s) 'dataset_with_extra_by_context', 'dataset_with_extra_by_yield', 'dataset_with_extra_from_classic_operator' retrieved from /Users/yoonmoon/git/learn-airflow/airflow1/py_env/lib/python3.11/site-packages/airflow/example_dags/example_outlet_event_extra.py
[2024-11-13T19:54:24.073+1100] {logging_mixin.py:190} INFO - [2024-11-13T19:54:24.073+1100] {dag.py:3239} INFO - Sync 3 DAGs
[2024-11-13T19:54:24.080+1100] {logging_mixin.py:190} INFO - [2024-11-13T19:54:24.080+1100] {dag.py:4180} INFO - Setting next_dagrun for dataset_with_extra_by_context to 2024-11-12 00:00:00+00:00, run_after=2024-11-13 00:00:00+00:00
[2024-11-13T19:54:24.081+1100] {logging_mixin.py:190} INFO - [2024-11-13T19:54:24.081+1100] {dag.py:4180} INFO - Setting next_dagrun for dataset_with_extra_by_yield to 2024-11-12 00:00:00+00:00, run_after=2024-11-13 00:00:00+00:00
[2024-11-13T19:54:24.082+1100] {logging_mixin.py:190} INFO - [2024-11-13T19:54:24.082+1100] {dag.py:4180} INFO - Setting next_dagrun for dataset_with_extra_from_classic_operator to 2024-11-12 00:00:00+00:00, run_after=2024-11-13 00:00:00+00:00
[2024-11-13T19:54:24.088+1100] {processor.py:208} INFO - Processing /Users/yoonmoon/git/learn-airflow/airflow1/py_env/lib/python3.11/site-packages/airflow/example_dags/example_outlet_event_extra.py took 0.111 seconds
[2024-11-13T19:56:43.785+1100] {processor.py:186} INFO - Started process (PID=67244) to work on /Users/yoonmoon/git/learn-airflow/airflow1/py_env/lib/python3.11/site-packages/airflow/example_dags/example_outlet_event_extra.py
[2024-11-13T19:56:43.786+1100] {processor.py:914} INFO - Processing file /Users/yoonmoon/git/learn-airflow/airflow1/py_env/lib/python3.11/site-packages/airflow/example_dags/example_outlet_event_extra.py for tasks to queue
[2024-11-13T19:56:43.787+1100] {logging_mixin.py:190} INFO - [2024-11-13T19:56:43.787+1100] {dagbag.py:588} INFO - Filling up the DagBag from /Users/yoonmoon/git/learn-airflow/airflow1/py_env/lib/python3.11/site-packages/airflow/example_dags/example_outlet_event_extra.py
[2024-11-13T19:56:43.820+1100] {processor.py:925} INFO - DAG(s) 'dataset_with_extra_by_context', 'dataset_with_extra_by_yield', 'dataset_with_extra_from_classic_operator' retrieved from /Users/yoonmoon/git/learn-airflow/airflow1/py_env/lib/python3.11/site-packages/airflow/example_dags/example_outlet_event_extra.py
[2024-11-13T19:56:43.881+1100] {logging_mixin.py:190} INFO - [2024-11-13T19:56:43.881+1100] {dag.py:3239} INFO - Sync 3 DAGs
[2024-11-13T19:56:43.888+1100] {logging_mixin.py:190} INFO - [2024-11-13T19:56:43.888+1100] {dag.py:4180} INFO - Setting next_dagrun for dataset_with_extra_by_context to 2024-11-12 00:00:00+00:00, run_after=2024-11-13 00:00:00+00:00
[2024-11-13T19:56:43.889+1100] {logging_mixin.py:190} INFO - [2024-11-13T19:56:43.889+1100] {dag.py:4180} INFO - Setting next_dagrun for dataset_with_extra_by_yield to 2024-11-12 00:00:00+00:00, run_after=2024-11-13 00:00:00+00:00
[2024-11-13T19:56:43.890+1100] {logging_mixin.py:190} INFO - [2024-11-13T19:56:43.890+1100] {dag.py:4180} INFO - Setting next_dagrun for dataset_with_extra_from_classic_operator to 2024-11-12 00:00:00+00:00, run_after=2024-11-13 00:00:00+00:00
[2024-11-13T19:56:43.897+1100] {processor.py:208} INFO - Processing /Users/yoonmoon/git/learn-airflow/airflow1/py_env/lib/python3.11/site-packages/airflow/example_dags/example_outlet_event_extra.py took 0.114 seconds
[2024-11-13T19:58:56.603+1100] {processor.py:186} INFO - Started process (PID=67490) to work on /Users/yoonmoon/git/learn-airflow/airflow1/py_env/lib/python3.11/site-packages/airflow/example_dags/example_outlet_event_extra.py
[2024-11-13T19:58:56.604+1100] {processor.py:914} INFO - Processing file /Users/yoonmoon/git/learn-airflow/airflow1/py_env/lib/python3.11/site-packages/airflow/example_dags/example_outlet_event_extra.py for tasks to queue
[2024-11-13T19:58:56.605+1100] {logging_mixin.py:190} INFO - [2024-11-13T19:58:56.605+1100] {dagbag.py:588} INFO - Filling up the DagBag from /Users/yoonmoon/git/learn-airflow/airflow1/py_env/lib/python3.11/site-packages/airflow/example_dags/example_outlet_event_extra.py
[2024-11-13T19:58:56.638+1100] {processor.py:925} INFO - DAG(s) 'dataset_with_extra_from_classic_operator', 'dataset_with_extra_by_context', 'dataset_with_extra_by_yield' retrieved from /Users/yoonmoon/git/learn-airflow/airflow1/py_env/lib/python3.11/site-packages/airflow/example_dags/example_outlet_event_extra.py
[2024-11-13T19:58:56.697+1100] {logging_mixin.py:190} INFO - [2024-11-13T19:58:56.697+1100] {dag.py:3239} INFO - Sync 3 DAGs
[2024-11-13T19:58:56.703+1100] {logging_mixin.py:190} INFO - [2024-11-13T19:58:56.703+1100] {dag.py:4180} INFO - Setting next_dagrun for dataset_with_extra_by_context to 2024-11-12 00:00:00+00:00, run_after=2024-11-13 00:00:00+00:00
[2024-11-13T19:58:56.705+1100] {logging_mixin.py:190} INFO - [2024-11-13T19:58:56.705+1100] {dag.py:4180} INFO - Setting next_dagrun for dataset_with_extra_by_yield to 2024-11-12 00:00:00+00:00, run_after=2024-11-13 00:00:00+00:00
[2024-11-13T19:58:56.705+1100] {logging_mixin.py:190} INFO - [2024-11-13T19:58:56.705+1100] {dag.py:4180} INFO - Setting next_dagrun for dataset_with_extra_from_classic_operator to 2024-11-12 00:00:00+00:00, run_after=2024-11-13 00:00:00+00:00
[2024-11-13T19:58:56.713+1100] {processor.py:208} INFO - Processing /Users/yoonmoon/git/learn-airflow/airflow1/py_env/lib/python3.11/site-packages/airflow/example_dags/example_outlet_event_extra.py took 0.112 seconds
[2024-11-13T20:01:13.978+1100] {processor.py:186} INFO - Started process (PID=67738) to work on /Users/yoonmoon/git/learn-airflow/airflow1/py_env/lib/python3.11/site-packages/airflow/example_dags/example_outlet_event_extra.py
[2024-11-13T20:01:13.979+1100] {processor.py:914} INFO - Processing file /Users/yoonmoon/git/learn-airflow/airflow1/py_env/lib/python3.11/site-packages/airflow/example_dags/example_outlet_event_extra.py for tasks to queue
[2024-11-13T20:01:13.979+1100] {logging_mixin.py:190} INFO - [2024-11-13T20:01:13.979+1100] {dagbag.py:588} INFO - Filling up the DagBag from /Users/yoonmoon/git/learn-airflow/airflow1/py_env/lib/python3.11/site-packages/airflow/example_dags/example_outlet_event_extra.py
[2024-11-13T20:01:14.014+1100] {processor.py:925} INFO - DAG(s) 'dataset_with_extra_by_context', 'dataset_with_extra_by_yield', 'dataset_with_extra_from_classic_operator' retrieved from /Users/yoonmoon/git/learn-airflow/airflow1/py_env/lib/python3.11/site-packages/airflow/example_dags/example_outlet_event_extra.py
[2024-11-13T20:01:14.075+1100] {logging_mixin.py:190} INFO - [2024-11-13T20:01:14.075+1100] {dag.py:3239} INFO - Sync 3 DAGs
[2024-11-13T20:01:14.082+1100] {logging_mixin.py:190} INFO - [2024-11-13T20:01:14.082+1100] {dag.py:4180} INFO - Setting next_dagrun for dataset_with_extra_by_context to 2024-11-12 00:00:00+00:00, run_after=2024-11-13 00:00:00+00:00
[2024-11-13T20:01:14.083+1100] {logging_mixin.py:190} INFO - [2024-11-13T20:01:14.083+1100] {dag.py:4180} INFO - Setting next_dagrun for dataset_with_extra_by_yield to 2024-11-12 00:00:00+00:00, run_after=2024-11-13 00:00:00+00:00
[2024-11-13T20:01:14.084+1100] {logging_mixin.py:190} INFO - [2024-11-13T20:01:14.084+1100] {dag.py:4180} INFO - Setting next_dagrun for dataset_with_extra_from_classic_operator to 2024-11-12 00:00:00+00:00, run_after=2024-11-13 00:00:00+00:00
[2024-11-13T20:01:14.091+1100] {processor.py:208} INFO - Processing /Users/yoonmoon/git/learn-airflow/airflow1/py_env/lib/python3.11/site-packages/airflow/example_dags/example_outlet_event_extra.py took 0.115 seconds
[2024-11-13T20:03:29.773+1100] {processor.py:186} INFO - Started process (PID=67982) to work on /Users/yoonmoon/git/learn-airflow/airflow1/py_env/lib/python3.11/site-packages/airflow/example_dags/example_outlet_event_extra.py
[2024-11-13T20:03:29.774+1100] {processor.py:914} INFO - Processing file /Users/yoonmoon/git/learn-airflow/airflow1/py_env/lib/python3.11/site-packages/airflow/example_dags/example_outlet_event_extra.py for tasks to queue
[2024-11-13T20:03:29.775+1100] {logging_mixin.py:190} INFO - [2024-11-13T20:03:29.775+1100] {dagbag.py:588} INFO - Filling up the DagBag from /Users/yoonmoon/git/learn-airflow/airflow1/py_env/lib/python3.11/site-packages/airflow/example_dags/example_outlet_event_extra.py
[2024-11-13T20:03:29.809+1100] {processor.py:925} INFO - DAG(s) 'dataset_with_extra_from_classic_operator', 'dataset_with_extra_by_context', 'dataset_with_extra_by_yield' retrieved from /Users/yoonmoon/git/learn-airflow/airflow1/py_env/lib/python3.11/site-packages/airflow/example_dags/example_outlet_event_extra.py
[2024-11-13T20:03:29.870+1100] {logging_mixin.py:190} INFO - [2024-11-13T20:03:29.870+1100] {dag.py:3239} INFO - Sync 3 DAGs
[2024-11-13T20:03:29.877+1100] {logging_mixin.py:190} INFO - [2024-11-13T20:03:29.877+1100] {dag.py:4180} INFO - Setting next_dagrun for dataset_with_extra_by_context to 2024-11-12 00:00:00+00:00, run_after=2024-11-13 00:00:00+00:00
[2024-11-13T20:03:29.878+1100] {logging_mixin.py:190} INFO - [2024-11-13T20:03:29.878+1100] {dag.py:4180} INFO - Setting next_dagrun for dataset_with_extra_by_yield to 2024-11-12 00:00:00+00:00, run_after=2024-11-13 00:00:00+00:00
[2024-11-13T20:03:29.878+1100] {logging_mixin.py:190} INFO - [2024-11-13T20:03:29.878+1100] {dag.py:4180} INFO - Setting next_dagrun for dataset_with_extra_from_classic_operator to 2024-11-12 00:00:00+00:00, run_after=2024-11-13 00:00:00+00:00
[2024-11-13T20:03:29.886+1100] {processor.py:208} INFO - Processing /Users/yoonmoon/git/learn-airflow/airflow1/py_env/lib/python3.11/site-packages/airflow/example_dags/example_outlet_event_extra.py took 0.116 seconds
[2024-11-13T20:05:48.153+1100] {processor.py:186} INFO - Started process (PID=68258) to work on /Users/yoonmoon/git/learn-airflow/airflow1/py_env/lib/python3.11/site-packages/airflow/example_dags/example_outlet_event_extra.py
[2024-11-13T20:05:48.153+1100] {processor.py:914} INFO - Processing file /Users/yoonmoon/git/learn-airflow/airflow1/py_env/lib/python3.11/site-packages/airflow/example_dags/example_outlet_event_extra.py for tasks to queue
[2024-11-13T20:05:48.154+1100] {logging_mixin.py:190} INFO - [2024-11-13T20:05:48.154+1100] {dagbag.py:588} INFO - Filling up the DagBag from /Users/yoonmoon/git/learn-airflow/airflow1/py_env/lib/python3.11/site-packages/airflow/example_dags/example_outlet_event_extra.py
[2024-11-13T20:05:48.189+1100] {processor.py:925} INFO - DAG(s) 'dataset_with_extra_by_context', 'dataset_with_extra_by_yield', 'dataset_with_extra_from_classic_operator' retrieved from /Users/yoonmoon/git/learn-airflow/airflow1/py_env/lib/python3.11/site-packages/airflow/example_dags/example_outlet_event_extra.py
[2024-11-13T20:05:48.253+1100] {logging_mixin.py:190} INFO - [2024-11-13T20:05:48.253+1100] {dag.py:3239} INFO - Sync 3 DAGs
[2024-11-13T20:05:48.260+1100] {logging_mixin.py:190} INFO - [2024-11-13T20:05:48.260+1100] {dag.py:4180} INFO - Setting next_dagrun for dataset_with_extra_by_context to 2024-11-12 00:00:00+00:00, run_after=2024-11-13 00:00:00+00:00
[2024-11-13T20:05:48.262+1100] {logging_mixin.py:190} INFO - [2024-11-13T20:05:48.261+1100] {dag.py:4180} INFO - Setting next_dagrun for dataset_with_extra_by_yield to 2024-11-12 00:00:00+00:00, run_after=2024-11-13 00:00:00+00:00
[2024-11-13T20:05:48.262+1100] {logging_mixin.py:190} INFO - [2024-11-13T20:05:48.262+1100] {dag.py:4180} INFO - Setting next_dagrun for dataset_with_extra_from_classic_operator to 2024-11-12 00:00:00+00:00, run_after=2024-11-13 00:00:00+00:00
[2024-11-13T20:05:48.270+1100] {processor.py:208} INFO - Processing /Users/yoonmoon/git/learn-airflow/airflow1/py_env/lib/python3.11/site-packages/airflow/example_dags/example_outlet_event_extra.py took 0.120 seconds
[2024-11-13T20:08:08.359+1100] {processor.py:186} INFO - Started process (PID=68529) to work on /Users/yoonmoon/git/learn-airflow/airflow1/py_env/lib/python3.11/site-packages/airflow/example_dags/example_outlet_event_extra.py
[2024-11-13T20:08:08.360+1100] {processor.py:914} INFO - Processing file /Users/yoonmoon/git/learn-airflow/airflow1/py_env/lib/python3.11/site-packages/airflow/example_dags/example_outlet_event_extra.py for tasks to queue
[2024-11-13T20:08:08.360+1100] {logging_mixin.py:190} INFO - [2024-11-13T20:08:08.360+1100] {dagbag.py:588} INFO - Filling up the DagBag from /Users/yoonmoon/git/learn-airflow/airflow1/py_env/lib/python3.11/site-packages/airflow/example_dags/example_outlet_event_extra.py
[2024-11-13T20:08:08.395+1100] {processor.py:925} INFO - DAG(s) 'dataset_with_extra_by_context', 'dataset_with_extra_by_yield', 'dataset_with_extra_from_classic_operator' retrieved from /Users/yoonmoon/git/learn-airflow/airflow1/py_env/lib/python3.11/site-packages/airflow/example_dags/example_outlet_event_extra.py
[2024-11-13T20:08:08.457+1100] {logging_mixin.py:190} INFO - [2024-11-13T20:08:08.457+1100] {dag.py:3239} INFO - Sync 3 DAGs
[2024-11-13T20:08:08.463+1100] {logging_mixin.py:190} INFO - [2024-11-13T20:08:08.463+1100] {dag.py:4180} INFO - Setting next_dagrun for dataset_with_extra_by_context to 2024-11-12 00:00:00+00:00, run_after=2024-11-13 00:00:00+00:00
[2024-11-13T20:08:08.465+1100] {logging_mixin.py:190} INFO - [2024-11-13T20:08:08.465+1100] {dag.py:4180} INFO - Setting next_dagrun for dataset_with_extra_by_yield to 2024-11-12 00:00:00+00:00, run_after=2024-11-13 00:00:00+00:00
[2024-11-13T20:08:08.465+1100] {logging_mixin.py:190} INFO - [2024-11-13T20:08:08.465+1100] {dag.py:4180} INFO - Setting next_dagrun for dataset_with_extra_from_classic_operator to 2024-11-12 00:00:00+00:00, run_after=2024-11-13 00:00:00+00:00
[2024-11-13T20:08:08.473+1100] {processor.py:208} INFO - Processing /Users/yoonmoon/git/learn-airflow/airflow1/py_env/lib/python3.11/site-packages/airflow/example_dags/example_outlet_event_extra.py took 0.116 seconds
[2024-11-13T20:10:30.673+1100] {processor.py:186} INFO - Started process (PID=68820) to work on /Users/yoonmoon/git/learn-airflow/airflow1/py_env/lib/python3.11/site-packages/airflow/example_dags/example_outlet_event_extra.py
[2024-11-13T20:10:30.674+1100] {processor.py:914} INFO - Processing file /Users/yoonmoon/git/learn-airflow/airflow1/py_env/lib/python3.11/site-packages/airflow/example_dags/example_outlet_event_extra.py for tasks to queue
[2024-11-13T20:10:30.674+1100] {logging_mixin.py:190} INFO - [2024-11-13T20:10:30.674+1100] {dagbag.py:588} INFO - Filling up the DagBag from /Users/yoonmoon/git/learn-airflow/airflow1/py_env/lib/python3.11/site-packages/airflow/example_dags/example_outlet_event_extra.py
[2024-11-13T20:10:30.709+1100] {processor.py:925} INFO - DAG(s) 'dataset_with_extra_from_classic_operator', 'dataset_with_extra_by_yield', 'dataset_with_extra_by_context' retrieved from /Users/yoonmoon/git/learn-airflow/airflow1/py_env/lib/python3.11/site-packages/airflow/example_dags/example_outlet_event_extra.py
[2024-11-13T20:10:30.772+1100] {logging_mixin.py:190} INFO - [2024-11-13T20:10:30.772+1100] {dag.py:3239} INFO - Sync 3 DAGs
[2024-11-13T20:10:30.779+1100] {logging_mixin.py:190} INFO - [2024-11-13T20:10:30.779+1100] {dag.py:4180} INFO - Setting next_dagrun for dataset_with_extra_by_context to 2024-11-12 00:00:00+00:00, run_after=2024-11-13 00:00:00+00:00
[2024-11-13T20:10:30.780+1100] {logging_mixin.py:190} INFO - [2024-11-13T20:10:30.780+1100] {dag.py:4180} INFO - Setting next_dagrun for dataset_with_extra_by_yield to 2024-11-12 00:00:00+00:00, run_after=2024-11-13 00:00:00+00:00
[2024-11-13T20:10:30.781+1100] {logging_mixin.py:190} INFO - [2024-11-13T20:10:30.781+1100] {dag.py:4180} INFO - Setting next_dagrun for dataset_with_extra_from_classic_operator to 2024-11-12 00:00:00+00:00, run_after=2024-11-13 00:00:00+00:00
[2024-11-13T20:10:30.788+1100] {processor.py:208} INFO - Processing /Users/yoonmoon/git/learn-airflow/airflow1/py_env/lib/python3.11/site-packages/airflow/example_dags/example_outlet_event_extra.py took 0.117 seconds
[2024-11-13T20:12:43.912+1100] {processor.py:186} INFO - Started process (PID=69071) to work on /Users/yoonmoon/git/learn-airflow/airflow1/py_env/lib/python3.11/site-packages/airflow/example_dags/example_outlet_event_extra.py
[2024-11-13T20:12:43.913+1100] {processor.py:914} INFO - Processing file /Users/yoonmoon/git/learn-airflow/airflow1/py_env/lib/python3.11/site-packages/airflow/example_dags/example_outlet_event_extra.py for tasks to queue
[2024-11-13T20:12:43.913+1100] {logging_mixin.py:190} INFO - [2024-11-13T20:12:43.913+1100] {dagbag.py:588} INFO - Filling up the DagBag from /Users/yoonmoon/git/learn-airflow/airflow1/py_env/lib/python3.11/site-packages/airflow/example_dags/example_outlet_event_extra.py
[2024-11-13T20:12:43.947+1100] {processor.py:925} INFO - DAG(s) 'dataset_with_extra_from_classic_operator', 'dataset_with_extra_by_context', 'dataset_with_extra_by_yield' retrieved from /Users/yoonmoon/git/learn-airflow/airflow1/py_env/lib/python3.11/site-packages/airflow/example_dags/example_outlet_event_extra.py
[2024-11-13T20:12:44.008+1100] {logging_mixin.py:190} INFO - [2024-11-13T20:12:44.008+1100] {dag.py:3239} INFO - Sync 3 DAGs
[2024-11-13T20:12:44.015+1100] {logging_mixin.py:190} INFO - [2024-11-13T20:12:44.015+1100] {dag.py:4180} INFO - Setting next_dagrun for dataset_with_extra_by_context to 2024-11-12 00:00:00+00:00, run_after=2024-11-13 00:00:00+00:00
[2024-11-13T20:12:44.016+1100] {logging_mixin.py:190} INFO - [2024-11-13T20:12:44.016+1100] {dag.py:4180} INFO - Setting next_dagrun for dataset_with_extra_by_yield to 2024-11-12 00:00:00+00:00, run_after=2024-11-13 00:00:00+00:00
[2024-11-13T20:12:44.017+1100] {logging_mixin.py:190} INFO - [2024-11-13T20:12:44.017+1100] {dag.py:4180} INFO - Setting next_dagrun for dataset_with_extra_from_classic_operator to 2024-11-12 00:00:00+00:00, run_after=2024-11-13 00:00:00+00:00
[2024-11-13T20:12:44.024+1100] {processor.py:208} INFO - Processing /Users/yoonmoon/git/learn-airflow/airflow1/py_env/lib/python3.11/site-packages/airflow/example_dags/example_outlet_event_extra.py took 0.114 seconds
[2024-11-13T20:15:03.804+1100] {processor.py:186} INFO - Started process (PID=69320) to work on /Users/yoonmoon/git/learn-airflow/airflow1/py_env/lib/python3.11/site-packages/airflow/example_dags/example_outlet_event_extra.py
[2024-11-13T20:15:03.805+1100] {processor.py:914} INFO - Processing file /Users/yoonmoon/git/learn-airflow/airflow1/py_env/lib/python3.11/site-packages/airflow/example_dags/example_outlet_event_extra.py for tasks to queue
[2024-11-13T20:15:03.805+1100] {logging_mixin.py:190} INFO - [2024-11-13T20:15:03.805+1100] {dagbag.py:588} INFO - Filling up the DagBag from /Users/yoonmoon/git/learn-airflow/airflow1/py_env/lib/python3.11/site-packages/airflow/example_dags/example_outlet_event_extra.py
[2024-11-13T20:15:03.840+1100] {processor.py:925} INFO - DAG(s) 'dataset_with_extra_by_yield', 'dataset_with_extra_from_classic_operator', 'dataset_with_extra_by_context' retrieved from /Users/yoonmoon/git/learn-airflow/airflow1/py_env/lib/python3.11/site-packages/airflow/example_dags/example_outlet_event_extra.py
[2024-11-13T20:15:03.901+1100] {logging_mixin.py:190} INFO - [2024-11-13T20:15:03.901+1100] {dag.py:3239} INFO - Sync 3 DAGs
[2024-11-13T20:15:03.908+1100] {logging_mixin.py:190} INFO - [2024-11-13T20:15:03.907+1100] {dag.py:4180} INFO - Setting next_dagrun for dataset_with_extra_by_context to 2024-11-12 00:00:00+00:00, run_after=2024-11-13 00:00:00+00:00
[2024-11-13T20:15:03.910+1100] {logging_mixin.py:190} INFO - [2024-11-13T20:15:03.910+1100] {dag.py:4180} INFO - Setting next_dagrun for dataset_with_extra_by_yield to 2024-11-12 00:00:00+00:00, run_after=2024-11-13 00:00:00+00:00
[2024-11-13T20:15:03.910+1100] {logging_mixin.py:190} INFO - [2024-11-13T20:15:03.910+1100] {dag.py:4180} INFO - Setting next_dagrun for dataset_with_extra_from_classic_operator to 2024-11-12 00:00:00+00:00, run_after=2024-11-13 00:00:00+00:00
[2024-11-13T20:15:03.917+1100] {processor.py:208} INFO - Processing /Users/yoonmoon/git/learn-airflow/airflow1/py_env/lib/python3.11/site-packages/airflow/example_dags/example_outlet_event_extra.py took 0.116 seconds
[2024-11-13T20:17:19.056+1100] {processor.py:186} INFO - Started process (PID=69567) to work on /Users/yoonmoon/git/learn-airflow/airflow1/py_env/lib/python3.11/site-packages/airflow/example_dags/example_outlet_event_extra.py
[2024-11-13T20:17:19.058+1100] {processor.py:914} INFO - Processing file /Users/yoonmoon/git/learn-airflow/airflow1/py_env/lib/python3.11/site-packages/airflow/example_dags/example_outlet_event_extra.py for tasks to queue
[2024-11-13T20:17:19.058+1100] {logging_mixin.py:190} INFO - [2024-11-13T20:17:19.058+1100] {dagbag.py:588} INFO - Filling up the DagBag from /Users/yoonmoon/git/learn-airflow/airflow1/py_env/lib/python3.11/site-packages/airflow/example_dags/example_outlet_event_extra.py
[2024-11-13T20:17:19.093+1100] {processor.py:925} INFO - DAG(s) 'dataset_with_extra_from_classic_operator', 'dataset_with_extra_by_yield', 'dataset_with_extra_by_context' retrieved from /Users/yoonmoon/git/learn-airflow/airflow1/py_env/lib/python3.11/site-packages/airflow/example_dags/example_outlet_event_extra.py
[2024-11-13T20:17:19.156+1100] {logging_mixin.py:190} INFO - [2024-11-13T20:17:19.156+1100] {dag.py:3239} INFO - Sync 3 DAGs
[2024-11-13T20:17:19.163+1100] {logging_mixin.py:190} INFO - [2024-11-13T20:17:19.163+1100] {dag.py:4180} INFO - Setting next_dagrun for dataset_with_extra_by_context to 2024-11-12 00:00:00+00:00, run_after=2024-11-13 00:00:00+00:00
[2024-11-13T20:17:19.164+1100] {logging_mixin.py:190} INFO - [2024-11-13T20:17:19.164+1100] {dag.py:4180} INFO - Setting next_dagrun for dataset_with_extra_by_yield to 2024-11-12 00:00:00+00:00, run_after=2024-11-13 00:00:00+00:00
[2024-11-13T20:17:19.165+1100] {logging_mixin.py:190} INFO - [2024-11-13T20:17:19.165+1100] {dag.py:4180} INFO - Setting next_dagrun for dataset_with_extra_from_classic_operator to 2024-11-12 00:00:00+00:00, run_after=2024-11-13 00:00:00+00:00
[2024-11-13T20:17:19.172+1100] {processor.py:208} INFO - Processing /Users/yoonmoon/git/learn-airflow/airflow1/py_env/lib/python3.11/site-packages/airflow/example_dags/example_outlet_event_extra.py took 0.118 seconds
[2024-11-13T20:19:39.591+1100] {processor.py:186} INFO - Started process (PID=69900) to work on /Users/yoonmoon/git/learn-airflow/airflow1/py_env/lib/python3.11/site-packages/airflow/example_dags/example_outlet_event_extra.py
[2024-11-13T20:19:39.593+1100] {processor.py:914} INFO - Processing file /Users/yoonmoon/git/learn-airflow/airflow1/py_env/lib/python3.11/site-packages/airflow/example_dags/example_outlet_event_extra.py for tasks to queue
[2024-11-13T20:19:39.593+1100] {logging_mixin.py:190} INFO - [2024-11-13T20:19:39.593+1100] {dagbag.py:588} INFO - Filling up the DagBag from /Users/yoonmoon/git/learn-airflow/airflow1/py_env/lib/python3.11/site-packages/airflow/example_dags/example_outlet_event_extra.py
[2024-11-13T20:19:39.628+1100] {processor.py:925} INFO - DAG(s) 'dataset_with_extra_by_yield', 'dataset_with_extra_from_classic_operator', 'dataset_with_extra_by_context' retrieved from /Users/yoonmoon/git/learn-airflow/airflow1/py_env/lib/python3.11/site-packages/airflow/example_dags/example_outlet_event_extra.py
[2024-11-13T20:19:39.689+1100] {logging_mixin.py:190} INFO - [2024-11-13T20:19:39.689+1100] {dag.py:3239} INFO - Sync 3 DAGs
[2024-11-13T20:19:39.696+1100] {logging_mixin.py:190} INFO - [2024-11-13T20:19:39.696+1100] {dag.py:4180} INFO - Setting next_dagrun for dataset_with_extra_by_context to 2024-11-12 00:00:00+00:00, run_after=2024-11-13 00:00:00+00:00
[2024-11-13T20:19:39.697+1100] {logging_mixin.py:190} INFO - [2024-11-13T20:19:39.697+1100] {dag.py:4180} INFO - Setting next_dagrun for dataset_with_extra_by_yield to 2024-11-12 00:00:00+00:00, run_after=2024-11-13 00:00:00+00:00
[2024-11-13T20:19:39.698+1100] {logging_mixin.py:190} INFO - [2024-11-13T20:19:39.698+1100] {dag.py:4180} INFO - Setting next_dagrun for dataset_with_extra_from_classic_operator to 2024-11-12 00:00:00+00:00, run_after=2024-11-13 00:00:00+00:00
[2024-11-13T20:19:39.705+1100] {processor.py:208} INFO - Processing /Users/yoonmoon/git/learn-airflow/airflow1/py_env/lib/python3.11/site-packages/airflow/example_dags/example_outlet_event_extra.py took 0.116 seconds
[2024-11-13T20:21:57.412+1100] {processor.py:186} INFO - Started process (PID=70216) to work on /Users/yoonmoon/git/learn-airflow/airflow1/py_env/lib/python3.11/site-packages/airflow/example_dags/example_outlet_event_extra.py
[2024-11-13T20:21:57.413+1100] {processor.py:914} INFO - Processing file /Users/yoonmoon/git/learn-airflow/airflow1/py_env/lib/python3.11/site-packages/airflow/example_dags/example_outlet_event_extra.py for tasks to queue
[2024-11-13T20:21:57.414+1100] {logging_mixin.py:190} INFO - [2024-11-13T20:21:57.413+1100] {dagbag.py:588} INFO - Filling up the DagBag from /Users/yoonmoon/git/learn-airflow/airflow1/py_env/lib/python3.11/site-packages/airflow/example_dags/example_outlet_event_extra.py
[2024-11-13T20:21:57.448+1100] {processor.py:925} INFO - DAG(s) 'dataset_with_extra_by_context', 'dataset_with_extra_by_yield', 'dataset_with_extra_from_classic_operator' retrieved from /Users/yoonmoon/git/learn-airflow/airflow1/py_env/lib/python3.11/site-packages/airflow/example_dags/example_outlet_event_extra.py
[2024-11-13T20:21:57.506+1100] {logging_mixin.py:190} INFO - [2024-11-13T20:21:57.506+1100] {dag.py:3239} INFO - Sync 3 DAGs
[2024-11-13T20:21:57.513+1100] {logging_mixin.py:190} INFO - [2024-11-13T20:21:57.513+1100] {dag.py:4180} INFO - Setting next_dagrun for dataset_with_extra_by_context to 2024-11-12 00:00:00+00:00, run_after=2024-11-13 00:00:00+00:00
[2024-11-13T20:21:57.514+1100] {logging_mixin.py:190} INFO - [2024-11-13T20:21:57.514+1100] {dag.py:4180} INFO - Setting next_dagrun for dataset_with_extra_by_yield to 2024-11-12 00:00:00+00:00, run_after=2024-11-13 00:00:00+00:00
[2024-11-13T20:21:57.515+1100] {logging_mixin.py:190} INFO - [2024-11-13T20:21:57.515+1100] {dag.py:4180} INFO - Setting next_dagrun for dataset_with_extra_from_classic_operator to 2024-11-12 00:00:00+00:00, run_after=2024-11-13 00:00:00+00:00
[2024-11-13T20:21:57.522+1100] {processor.py:208} INFO - Processing /Users/yoonmoon/git/learn-airflow/airflow1/py_env/lib/python3.11/site-packages/airflow/example_dags/example_outlet_event_extra.py took 0.113 seconds
[2024-11-13T20:24:09.066+1100] {processor.py:186} INFO - Started process (PID=70471) to work on /Users/yoonmoon/git/learn-airflow/airflow1/py_env/lib/python3.11/site-packages/airflow/example_dags/example_outlet_event_extra.py
[2024-11-13T20:24:09.068+1100] {processor.py:914} INFO - Processing file /Users/yoonmoon/git/learn-airflow/airflow1/py_env/lib/python3.11/site-packages/airflow/example_dags/example_outlet_event_extra.py for tasks to queue
[2024-11-13T20:24:09.068+1100] {logging_mixin.py:190} INFO - [2024-11-13T20:24:09.068+1100] {dagbag.py:588} INFO - Filling up the DagBag from /Users/yoonmoon/git/learn-airflow/airflow1/py_env/lib/python3.11/site-packages/airflow/example_dags/example_outlet_event_extra.py
[2024-11-13T20:24:09.102+1100] {processor.py:925} INFO - DAG(s) 'dataset_with_extra_from_classic_operator', 'dataset_with_extra_by_yield', 'dataset_with_extra_by_context' retrieved from /Users/yoonmoon/git/learn-airflow/airflow1/py_env/lib/python3.11/site-packages/airflow/example_dags/example_outlet_event_extra.py
[2024-11-13T20:24:09.166+1100] {logging_mixin.py:190} INFO - [2024-11-13T20:24:09.166+1100] {dag.py:3239} INFO - Sync 3 DAGs
[2024-11-13T20:24:09.173+1100] {logging_mixin.py:190} INFO - [2024-11-13T20:24:09.173+1100] {dag.py:4180} INFO - Setting next_dagrun for dataset_with_extra_by_context to 2024-11-12 00:00:00+00:00, run_after=2024-11-13 00:00:00+00:00
[2024-11-13T20:24:09.174+1100] {logging_mixin.py:190} INFO - [2024-11-13T20:24:09.174+1100] {dag.py:4180} INFO - Setting next_dagrun for dataset_with_extra_by_yield to 2024-11-12 00:00:00+00:00, run_after=2024-11-13 00:00:00+00:00
[2024-11-13T20:24:09.175+1100] {logging_mixin.py:190} INFO - [2024-11-13T20:24:09.175+1100] {dag.py:4180} INFO - Setting next_dagrun for dataset_with_extra_from_classic_operator to 2024-11-12 00:00:00+00:00, run_after=2024-11-13 00:00:00+00:00
[2024-11-13T20:24:09.182+1100] {processor.py:208} INFO - Processing /Users/yoonmoon/git/learn-airflow/airflow1/py_env/lib/python3.11/site-packages/airflow/example_dags/example_outlet_event_extra.py took 0.118 seconds
[2024-11-13T20:26:26.179+1100] {processor.py:186} INFO - Started process (PID=70737) to work on /Users/yoonmoon/git/learn-airflow/airflow1/py_env/lib/python3.11/site-packages/airflow/example_dags/example_outlet_event_extra.py
[2024-11-13T20:26:26.181+1100] {processor.py:914} INFO - Processing file /Users/yoonmoon/git/learn-airflow/airflow1/py_env/lib/python3.11/site-packages/airflow/example_dags/example_outlet_event_extra.py for tasks to queue
[2024-11-13T20:26:26.181+1100] {logging_mixin.py:190} INFO - [2024-11-13T20:26:26.181+1100] {dagbag.py:588} INFO - Filling up the DagBag from /Users/yoonmoon/git/learn-airflow/airflow1/py_env/lib/python3.11/site-packages/airflow/example_dags/example_outlet_event_extra.py
[2024-11-13T20:26:26.216+1100] {processor.py:925} INFO - DAG(s) 'dataset_with_extra_by_context', 'dataset_with_extra_by_yield', 'dataset_with_extra_from_classic_operator' retrieved from /Users/yoonmoon/git/learn-airflow/airflow1/py_env/lib/python3.11/site-packages/airflow/example_dags/example_outlet_event_extra.py
[2024-11-13T20:26:26.275+1100] {logging_mixin.py:190} INFO - [2024-11-13T20:26:26.275+1100] {dag.py:3239} INFO - Sync 3 DAGs
[2024-11-13T20:26:26.283+1100] {logging_mixin.py:190} INFO - [2024-11-13T20:26:26.283+1100] {dag.py:4180} INFO - Setting next_dagrun for dataset_with_extra_by_context to 2024-11-12 00:00:00+00:00, run_after=2024-11-13 00:00:00+00:00
[2024-11-13T20:26:26.284+1100] {logging_mixin.py:190} INFO - [2024-11-13T20:26:26.284+1100] {dag.py:4180} INFO - Setting next_dagrun for dataset_with_extra_by_yield to 2024-11-12 00:00:00+00:00, run_after=2024-11-13 00:00:00+00:00
[2024-11-13T20:26:26.285+1100] {logging_mixin.py:190} INFO - [2024-11-13T20:26:26.285+1100] {dag.py:4180} INFO - Setting next_dagrun for dataset_with_extra_from_classic_operator to 2024-11-12 00:00:00+00:00, run_after=2024-11-13 00:00:00+00:00
[2024-11-13T20:26:26.293+1100] {processor.py:208} INFO - Processing /Users/yoonmoon/git/learn-airflow/airflow1/py_env/lib/python3.11/site-packages/airflow/example_dags/example_outlet_event_extra.py took 0.116 seconds
[2024-11-13T20:28:44.743+1100] {processor.py:186} INFO - Started process (PID=71025) to work on /Users/yoonmoon/git/learn-airflow/airflow1/py_env/lib/python3.11/site-packages/airflow/example_dags/example_outlet_event_extra.py
[2024-11-13T20:28:44.745+1100] {processor.py:914} INFO - Processing file /Users/yoonmoon/git/learn-airflow/airflow1/py_env/lib/python3.11/site-packages/airflow/example_dags/example_outlet_event_extra.py for tasks to queue
[2024-11-13T20:28:44.745+1100] {logging_mixin.py:190} INFO - [2024-11-13T20:28:44.745+1100] {dagbag.py:588} INFO - Filling up the DagBag from /Users/yoonmoon/git/learn-airflow/airflow1/py_env/lib/python3.11/site-packages/airflow/example_dags/example_outlet_event_extra.py
[2024-11-13T20:28:44.780+1100] {processor.py:925} INFO - DAG(s) 'dataset_with_extra_from_classic_operator', 'dataset_with_extra_by_yield', 'dataset_with_extra_by_context' retrieved from /Users/yoonmoon/git/learn-airflow/airflow1/py_env/lib/python3.11/site-packages/airflow/example_dags/example_outlet_event_extra.py
[2024-11-13T20:28:44.840+1100] {logging_mixin.py:190} INFO - [2024-11-13T20:28:44.840+1100] {dag.py:3239} INFO - Sync 3 DAGs
[2024-11-13T20:28:44.847+1100] {logging_mixin.py:190} INFO - [2024-11-13T20:28:44.847+1100] {dag.py:4180} INFO - Setting next_dagrun for dataset_with_extra_by_context to 2024-11-12 00:00:00+00:00, run_after=2024-11-13 00:00:00+00:00
[2024-11-13T20:28:44.848+1100] {logging_mixin.py:190} INFO - [2024-11-13T20:28:44.848+1100] {dag.py:4180} INFO - Setting next_dagrun for dataset_with_extra_by_yield to 2024-11-12 00:00:00+00:00, run_after=2024-11-13 00:00:00+00:00
[2024-11-13T20:28:44.849+1100] {logging_mixin.py:190} INFO - [2024-11-13T20:28:44.849+1100] {dag.py:4180} INFO - Setting next_dagrun for dataset_with_extra_from_classic_operator to 2024-11-12 00:00:00+00:00, run_after=2024-11-13 00:00:00+00:00
[2024-11-13T20:28:44.856+1100] {processor.py:208} INFO - Processing /Users/yoonmoon/git/learn-airflow/airflow1/py_env/lib/python3.11/site-packages/airflow/example_dags/example_outlet_event_extra.py took 0.115 seconds
[2024-11-13T20:31:00.695+1100] {processor.py:186} INFO - Started process (PID=71275) to work on /Users/yoonmoon/git/learn-airflow/airflow1/py_env/lib/python3.11/site-packages/airflow/example_dags/example_outlet_event_extra.py
[2024-11-13T20:31:00.696+1100] {processor.py:914} INFO - Processing file /Users/yoonmoon/git/learn-airflow/airflow1/py_env/lib/python3.11/site-packages/airflow/example_dags/example_outlet_event_extra.py for tasks to queue
[2024-11-13T20:31:00.697+1100] {logging_mixin.py:190} INFO - [2024-11-13T20:31:00.697+1100] {dagbag.py:588} INFO - Filling up the DagBag from /Users/yoonmoon/git/learn-airflow/airflow1/py_env/lib/python3.11/site-packages/airflow/example_dags/example_outlet_event_extra.py
[2024-11-13T20:31:00.731+1100] {processor.py:925} INFO - DAG(s) 'dataset_with_extra_by_context', 'dataset_with_extra_by_yield', 'dataset_with_extra_from_classic_operator' retrieved from /Users/yoonmoon/git/learn-airflow/airflow1/py_env/lib/python3.11/site-packages/airflow/example_dags/example_outlet_event_extra.py
[2024-11-13T20:31:00.791+1100] {logging_mixin.py:190} INFO - [2024-11-13T20:31:00.791+1100] {dag.py:3239} INFO - Sync 3 DAGs
[2024-11-13T20:31:00.798+1100] {logging_mixin.py:190} INFO - [2024-11-13T20:31:00.798+1100] {dag.py:4180} INFO - Setting next_dagrun for dataset_with_extra_by_context to 2024-11-12 00:00:00+00:00, run_after=2024-11-13 00:00:00+00:00
[2024-11-13T20:31:00.799+1100] {logging_mixin.py:190} INFO - [2024-11-13T20:31:00.799+1100] {dag.py:4180} INFO - Setting next_dagrun for dataset_with_extra_by_yield to 2024-11-12 00:00:00+00:00, run_after=2024-11-13 00:00:00+00:00
[2024-11-13T20:31:00.800+1100] {logging_mixin.py:190} INFO - [2024-11-13T20:31:00.800+1100] {dag.py:4180} INFO - Setting next_dagrun for dataset_with_extra_from_classic_operator to 2024-11-12 00:00:00+00:00, run_after=2024-11-13 00:00:00+00:00
[2024-11-13T20:31:00.807+1100] {processor.py:208} INFO - Processing /Users/yoonmoon/git/learn-airflow/airflow1/py_env/lib/python3.11/site-packages/airflow/example_dags/example_outlet_event_extra.py took 0.114 seconds
[2024-11-13T20:33:21.128+1100] {processor.py:186} INFO - Started process (PID=71530) to work on /Users/yoonmoon/git/learn-airflow/airflow1/py_env/lib/python3.11/site-packages/airflow/example_dags/example_outlet_event_extra.py
[2024-11-13T20:33:21.129+1100] {processor.py:914} INFO - Processing file /Users/yoonmoon/git/learn-airflow/airflow1/py_env/lib/python3.11/site-packages/airflow/example_dags/example_outlet_event_extra.py for tasks to queue
[2024-11-13T20:33:21.129+1100] {logging_mixin.py:190} INFO - [2024-11-13T20:33:21.129+1100] {dagbag.py:588} INFO - Filling up the DagBag from /Users/yoonmoon/git/learn-airflow/airflow1/py_env/lib/python3.11/site-packages/airflow/example_dags/example_outlet_event_extra.py
[2024-11-13T20:33:21.163+1100] {processor.py:925} INFO - DAG(s) 'dataset_with_extra_by_yield', 'dataset_with_extra_by_context', 'dataset_with_extra_from_classic_operator' retrieved from /Users/yoonmoon/git/learn-airflow/airflow1/py_env/lib/python3.11/site-packages/airflow/example_dags/example_outlet_event_extra.py
[2024-11-13T20:33:21.223+1100] {logging_mixin.py:190} INFO - [2024-11-13T20:33:21.223+1100] {dag.py:3239} INFO - Sync 3 DAGs
[2024-11-13T20:33:21.230+1100] {logging_mixin.py:190} INFO - [2024-11-13T20:33:21.230+1100] {dag.py:4180} INFO - Setting next_dagrun for dataset_with_extra_by_context to 2024-11-12 00:00:00+00:00, run_after=2024-11-13 00:00:00+00:00
[2024-11-13T20:33:21.231+1100] {logging_mixin.py:190} INFO - [2024-11-13T20:33:21.231+1100] {dag.py:4180} INFO - Setting next_dagrun for dataset_with_extra_by_yield to 2024-11-12 00:00:00+00:00, run_after=2024-11-13 00:00:00+00:00
[2024-11-13T20:33:21.232+1100] {logging_mixin.py:190} INFO - [2024-11-13T20:33:21.232+1100] {dag.py:4180} INFO - Setting next_dagrun for dataset_with_extra_from_classic_operator to 2024-11-12 00:00:00+00:00, run_after=2024-11-13 00:00:00+00:00
[2024-11-13T20:33:21.238+1100] {processor.py:208} INFO - Processing /Users/yoonmoon/git/learn-airflow/airflow1/py_env/lib/python3.11/site-packages/airflow/example_dags/example_outlet_event_extra.py took 0.113 seconds
[2024-11-13T20:35:42.925+1100] {processor.py:186} INFO - Started process (PID=71803) to work on /Users/yoonmoon/git/learn-airflow/airflow1/py_env/lib/python3.11/site-packages/airflow/example_dags/example_outlet_event_extra.py
[2024-11-13T20:35:42.926+1100] {processor.py:914} INFO - Processing file /Users/yoonmoon/git/learn-airflow/airflow1/py_env/lib/python3.11/site-packages/airflow/example_dags/example_outlet_event_extra.py for tasks to queue
[2024-11-13T20:35:42.927+1100] {logging_mixin.py:190} INFO - [2024-11-13T20:35:42.927+1100] {dagbag.py:588} INFO - Filling up the DagBag from /Users/yoonmoon/git/learn-airflow/airflow1/py_env/lib/python3.11/site-packages/airflow/example_dags/example_outlet_event_extra.py
[2024-11-13T20:35:42.961+1100] {processor.py:925} INFO - DAG(s) 'dataset_with_extra_by_context', 'dataset_with_extra_by_yield', 'dataset_with_extra_from_classic_operator' retrieved from /Users/yoonmoon/git/learn-airflow/airflow1/py_env/lib/python3.11/site-packages/airflow/example_dags/example_outlet_event_extra.py
[2024-11-13T20:35:43.020+1100] {logging_mixin.py:190} INFO - [2024-11-13T20:35:43.020+1100] {dag.py:3239} INFO - Sync 3 DAGs
[2024-11-13T20:35:43.027+1100] {logging_mixin.py:190} INFO - [2024-11-13T20:35:43.027+1100] {dag.py:4180} INFO - Setting next_dagrun for dataset_with_extra_by_context to 2024-11-12 00:00:00+00:00, run_after=2024-11-13 00:00:00+00:00
[2024-11-13T20:35:43.028+1100] {logging_mixin.py:190} INFO - [2024-11-13T20:35:43.028+1100] {dag.py:4180} INFO - Setting next_dagrun for dataset_with_extra_by_yield to 2024-11-12 00:00:00+00:00, run_after=2024-11-13 00:00:00+00:00
[2024-11-13T20:35:43.029+1100] {logging_mixin.py:190} INFO - [2024-11-13T20:35:43.029+1100] {dag.py:4180} INFO - Setting next_dagrun for dataset_with_extra_from_classic_operator to 2024-11-12 00:00:00+00:00, run_after=2024-11-13 00:00:00+00:00
[2024-11-13T20:35:43.036+1100] {processor.py:208} INFO - Processing /Users/yoonmoon/git/learn-airflow/airflow1/py_env/lib/python3.11/site-packages/airflow/example_dags/example_outlet_event_extra.py took 0.113 seconds
[2024-11-13T20:37:59.952+1100] {processor.py:186} INFO - Started process (PID=72097) to work on /Users/yoonmoon/git/learn-airflow/airflow1/py_env/lib/python3.11/site-packages/airflow/example_dags/example_outlet_event_extra.py
[2024-11-13T20:37:59.953+1100] {processor.py:914} INFO - Processing file /Users/yoonmoon/git/learn-airflow/airflow1/py_env/lib/python3.11/site-packages/airflow/example_dags/example_outlet_event_extra.py for tasks to queue
[2024-11-13T20:37:59.953+1100] {logging_mixin.py:190} INFO - [2024-11-13T20:37:59.953+1100] {dagbag.py:588} INFO - Filling up the DagBag from /Users/yoonmoon/git/learn-airflow/airflow1/py_env/lib/python3.11/site-packages/airflow/example_dags/example_outlet_event_extra.py
[2024-11-13T20:37:59.987+1100] {processor.py:925} INFO - DAG(s) 'dataset_with_extra_from_classic_operator', 'dataset_with_extra_by_yield', 'dataset_with_extra_by_context' retrieved from /Users/yoonmoon/git/learn-airflow/airflow1/py_env/lib/python3.11/site-packages/airflow/example_dags/example_outlet_event_extra.py
[2024-11-13T20:38:00.051+1100] {logging_mixin.py:190} INFO - [2024-11-13T20:38:00.051+1100] {dag.py:3239} INFO - Sync 3 DAGs
[2024-11-13T20:38:00.058+1100] {logging_mixin.py:190} INFO - [2024-11-13T20:38:00.058+1100] {dag.py:4180} INFO - Setting next_dagrun for dataset_with_extra_by_context to 2024-11-12 00:00:00+00:00, run_after=2024-11-13 00:00:00+00:00
[2024-11-13T20:38:00.059+1100] {logging_mixin.py:190} INFO - [2024-11-13T20:38:00.059+1100] {dag.py:4180} INFO - Setting next_dagrun for dataset_with_extra_by_yield to 2024-11-12 00:00:00+00:00, run_after=2024-11-13 00:00:00+00:00
[2024-11-13T20:38:00.060+1100] {logging_mixin.py:190} INFO - [2024-11-13T20:38:00.060+1100] {dag.py:4180} INFO - Setting next_dagrun for dataset_with_extra_from_classic_operator to 2024-11-12 00:00:00+00:00, run_after=2024-11-13 00:00:00+00:00
[2024-11-13T20:38:00.068+1100] {processor.py:208} INFO - Processing /Users/yoonmoon/git/learn-airflow/airflow1/py_env/lib/python3.11/site-packages/airflow/example_dags/example_outlet_event_extra.py took 0.119 seconds
[2024-11-13T20:40:18.138+1100] {processor.py:186} INFO - Started process (PID=72358) to work on /Users/yoonmoon/git/learn-airflow/airflow1/py_env/lib/python3.11/site-packages/airflow/example_dags/example_outlet_event_extra.py
[2024-11-13T20:40:18.139+1100] {processor.py:914} INFO - Processing file /Users/yoonmoon/git/learn-airflow/airflow1/py_env/lib/python3.11/site-packages/airflow/example_dags/example_outlet_event_extra.py for tasks to queue
[2024-11-13T20:40:18.140+1100] {logging_mixin.py:190} INFO - [2024-11-13T20:40:18.139+1100] {dagbag.py:588} INFO - Filling up the DagBag from /Users/yoonmoon/git/learn-airflow/airflow1/py_env/lib/python3.11/site-packages/airflow/example_dags/example_outlet_event_extra.py
[2024-11-13T20:40:18.175+1100] {processor.py:925} INFO - DAG(s) 'dataset_with_extra_by_yield', 'dataset_with_extra_from_classic_operator', 'dataset_with_extra_by_context' retrieved from /Users/yoonmoon/git/learn-airflow/airflow1/py_env/lib/python3.11/site-packages/airflow/example_dags/example_outlet_event_extra.py
[2024-11-13T20:40:18.235+1100] {logging_mixin.py:190} INFO - [2024-11-13T20:40:18.235+1100] {dag.py:3239} INFO - Sync 3 DAGs
[2024-11-13T20:40:18.241+1100] {logging_mixin.py:190} INFO - [2024-11-13T20:40:18.241+1100] {dag.py:4180} INFO - Setting next_dagrun for dataset_with_extra_by_context to 2024-11-12 00:00:00+00:00, run_after=2024-11-13 00:00:00+00:00
[2024-11-13T20:40:18.243+1100] {logging_mixin.py:190} INFO - [2024-11-13T20:40:18.243+1100] {dag.py:4180} INFO - Setting next_dagrun for dataset_with_extra_by_yield to 2024-11-12 00:00:00+00:00, run_after=2024-11-13 00:00:00+00:00
[2024-11-13T20:40:18.243+1100] {logging_mixin.py:190} INFO - [2024-11-13T20:40:18.243+1100] {dag.py:4180} INFO - Setting next_dagrun for dataset_with_extra_from_classic_operator to 2024-11-12 00:00:00+00:00, run_after=2024-11-13 00:00:00+00:00
[2024-11-13T20:40:18.251+1100] {processor.py:208} INFO - Processing /Users/yoonmoon/git/learn-airflow/airflow1/py_env/lib/python3.11/site-packages/airflow/example_dags/example_outlet_event_extra.py took 0.115 seconds
[2024-11-13T20:42:39.712+1100] {processor.py:186} INFO - Started process (PID=72622) to work on /Users/yoonmoon/git/learn-airflow/airflow1/py_env/lib/python3.11/site-packages/airflow/example_dags/example_outlet_event_extra.py
[2024-11-13T20:42:39.714+1100] {processor.py:914} INFO - Processing file /Users/yoonmoon/git/learn-airflow/airflow1/py_env/lib/python3.11/site-packages/airflow/example_dags/example_outlet_event_extra.py for tasks to queue
[2024-11-13T20:42:39.714+1100] {logging_mixin.py:190} INFO - [2024-11-13T20:42:39.714+1100] {dagbag.py:588} INFO - Filling up the DagBag from /Users/yoonmoon/git/learn-airflow/airflow1/py_env/lib/python3.11/site-packages/airflow/example_dags/example_outlet_event_extra.py
[2024-11-13T20:42:39.748+1100] {processor.py:925} INFO - DAG(s) 'dataset_with_extra_by_context', 'dataset_with_extra_by_yield', 'dataset_with_extra_from_classic_operator' retrieved from /Users/yoonmoon/git/learn-airflow/airflow1/py_env/lib/python3.11/site-packages/airflow/example_dags/example_outlet_event_extra.py
[2024-11-13T20:42:39.807+1100] {logging_mixin.py:190} INFO - [2024-11-13T20:42:39.807+1100] {dag.py:3239} INFO - Sync 3 DAGs
[2024-11-13T20:42:39.814+1100] {logging_mixin.py:190} INFO - [2024-11-13T20:42:39.814+1100] {dag.py:4180} INFO - Setting next_dagrun for dataset_with_extra_by_context to 2024-11-12 00:00:00+00:00, run_after=2024-11-13 00:00:00+00:00
[2024-11-13T20:42:39.815+1100] {logging_mixin.py:190} INFO - [2024-11-13T20:42:39.815+1100] {dag.py:4180} INFO - Setting next_dagrun for dataset_with_extra_by_yield to 2024-11-12 00:00:00+00:00, run_after=2024-11-13 00:00:00+00:00
[2024-11-13T20:42:39.816+1100] {logging_mixin.py:190} INFO - [2024-11-13T20:42:39.816+1100] {dag.py:4180} INFO - Setting next_dagrun for dataset_with_extra_from_classic_operator to 2024-11-12 00:00:00+00:00, run_after=2024-11-13 00:00:00+00:00
[2024-11-13T20:42:39.823+1100] {processor.py:208} INFO - Processing /Users/yoonmoon/git/learn-airflow/airflow1/py_env/lib/python3.11/site-packages/airflow/example_dags/example_outlet_event_extra.py took 0.113 seconds
[2024-11-13T20:44:58.299+1100] {processor.py:186} INFO - Started process (PID=72892) to work on /Users/yoonmoon/git/learn-airflow/airflow1/py_env/lib/python3.11/site-packages/airflow/example_dags/example_outlet_event_extra.py
[2024-11-13T20:44:58.301+1100] {processor.py:914} INFO - Processing file /Users/yoonmoon/git/learn-airflow/airflow1/py_env/lib/python3.11/site-packages/airflow/example_dags/example_outlet_event_extra.py for tasks to queue
[2024-11-13T20:44:58.302+1100] {logging_mixin.py:190} INFO - [2024-11-13T20:44:58.302+1100] {dagbag.py:588} INFO - Filling up the DagBag from /Users/yoonmoon/git/learn-airflow/airflow1/py_env/lib/python3.11/site-packages/airflow/example_dags/example_outlet_event_extra.py
[2024-11-13T20:44:58.337+1100] {processor.py:925} INFO - DAG(s) 'dataset_with_extra_from_classic_operator', 'dataset_with_extra_by_context', 'dataset_with_extra_by_yield' retrieved from /Users/yoonmoon/git/learn-airflow/airflow1/py_env/lib/python3.11/site-packages/airflow/example_dags/example_outlet_event_extra.py
[2024-11-13T20:44:58.398+1100] {logging_mixin.py:190} INFO - [2024-11-13T20:44:58.398+1100] {dag.py:3239} INFO - Sync 3 DAGs
[2024-11-13T20:44:58.404+1100] {logging_mixin.py:190} INFO - [2024-11-13T20:44:58.404+1100] {dag.py:4180} INFO - Setting next_dagrun for dataset_with_extra_by_context to 2024-11-12 00:00:00+00:00, run_after=2024-11-13 00:00:00+00:00
[2024-11-13T20:44:58.406+1100] {logging_mixin.py:190} INFO - [2024-11-13T20:44:58.406+1100] {dag.py:4180} INFO - Setting next_dagrun for dataset_with_extra_by_yield to 2024-11-12 00:00:00+00:00, run_after=2024-11-13 00:00:00+00:00
[2024-11-13T20:44:58.406+1100] {logging_mixin.py:190} INFO - [2024-11-13T20:44:58.406+1100] {dag.py:4180} INFO - Setting next_dagrun for dataset_with_extra_from_classic_operator to 2024-11-12 00:00:00+00:00, run_after=2024-11-13 00:00:00+00:00
[2024-11-13T20:44:58.413+1100] {processor.py:208} INFO - Processing /Users/yoonmoon/git/learn-airflow/airflow1/py_env/lib/python3.11/site-packages/airflow/example_dags/example_outlet_event_extra.py took 0.116 seconds
[2024-11-13T20:47:19.385+1100] {processor.py:186} INFO - Started process (PID=73161) to work on /Users/yoonmoon/git/learn-airflow/airflow1/py_env/lib/python3.11/site-packages/airflow/example_dags/example_outlet_event_extra.py
[2024-11-13T20:47:19.389+1100] {processor.py:914} INFO - Processing file /Users/yoonmoon/git/learn-airflow/airflow1/py_env/lib/python3.11/site-packages/airflow/example_dags/example_outlet_event_extra.py for tasks to queue
[2024-11-13T20:47:19.390+1100] {logging_mixin.py:190} INFO - [2024-11-13T20:47:19.390+1100] {dagbag.py:588} INFO - Filling up the DagBag from /Users/yoonmoon/git/learn-airflow/airflow1/py_env/lib/python3.11/site-packages/airflow/example_dags/example_outlet_event_extra.py
[2024-11-13T20:47:19.424+1100] {processor.py:925} INFO - DAG(s) 'dataset_with_extra_from_classic_operator', 'dataset_with_extra_by_yield', 'dataset_with_extra_by_context' retrieved from /Users/yoonmoon/git/learn-airflow/airflow1/py_env/lib/python3.11/site-packages/airflow/example_dags/example_outlet_event_extra.py
[2024-11-13T20:47:19.486+1100] {logging_mixin.py:190} INFO - [2024-11-13T20:47:19.486+1100] {dag.py:3239} INFO - Sync 3 DAGs
[2024-11-13T20:47:19.493+1100] {logging_mixin.py:190} INFO - [2024-11-13T20:47:19.493+1100] {dag.py:4180} INFO - Setting next_dagrun for dataset_with_extra_by_context to 2024-11-12 00:00:00+00:00, run_after=2024-11-13 00:00:00+00:00
[2024-11-13T20:47:19.494+1100] {logging_mixin.py:190} INFO - [2024-11-13T20:47:19.494+1100] {dag.py:4180} INFO - Setting next_dagrun for dataset_with_extra_by_yield to 2024-11-12 00:00:00+00:00, run_after=2024-11-13 00:00:00+00:00
[2024-11-13T20:47:19.495+1100] {logging_mixin.py:190} INFO - [2024-11-13T20:47:19.495+1100] {dag.py:4180} INFO - Setting next_dagrun for dataset_with_extra_from_classic_operator to 2024-11-12 00:00:00+00:00, run_after=2024-11-13 00:00:00+00:00
[2024-11-13T20:47:19.503+1100] {processor.py:208} INFO - Processing /Users/yoonmoon/git/learn-airflow/airflow1/py_env/lib/python3.11/site-packages/airflow/example_dags/example_outlet_event_extra.py took 0.120 seconds
[2024-11-13T20:49:46.045+1100] {processor.py:186} INFO - Started process (PID=73433) to work on /Users/yoonmoon/git/learn-airflow/airflow1/py_env/lib/python3.11/site-packages/airflow/example_dags/example_outlet_event_extra.py
[2024-11-13T20:49:46.048+1100] {processor.py:914} INFO - Processing file /Users/yoonmoon/git/learn-airflow/airflow1/py_env/lib/python3.11/site-packages/airflow/example_dags/example_outlet_event_extra.py for tasks to queue
[2024-11-13T20:49:46.049+1100] {logging_mixin.py:190} INFO - [2024-11-13T20:49:46.049+1100] {dagbag.py:588} INFO - Filling up the DagBag from /Users/yoonmoon/git/learn-airflow/airflow1/py_env/lib/python3.11/site-packages/airflow/example_dags/example_outlet_event_extra.py
[2024-11-13T20:49:46.085+1100] {processor.py:925} INFO - DAG(s) 'dataset_with_extra_by_context', 'dataset_with_extra_by_yield', 'dataset_with_extra_from_classic_operator' retrieved from /Users/yoonmoon/git/learn-airflow/airflow1/py_env/lib/python3.11/site-packages/airflow/example_dags/example_outlet_event_extra.py
[2024-11-13T20:49:46.150+1100] {logging_mixin.py:190} INFO - [2024-11-13T20:49:46.150+1100] {dag.py:3239} INFO - Sync 3 DAGs
[2024-11-13T20:49:46.157+1100] {logging_mixin.py:190} INFO - [2024-11-13T20:49:46.157+1100] {dag.py:4180} INFO - Setting next_dagrun for dataset_with_extra_by_context to 2024-11-12 00:00:00+00:00, run_after=2024-11-13 00:00:00+00:00
[2024-11-13T20:49:46.160+1100] {logging_mixin.py:190} INFO - [2024-11-13T20:49:46.160+1100] {dag.py:4180} INFO - Setting next_dagrun for dataset_with_extra_by_yield to 2024-11-12 00:00:00+00:00, run_after=2024-11-13 00:00:00+00:00
[2024-11-13T20:49:46.161+1100] {logging_mixin.py:190} INFO - [2024-11-13T20:49:46.161+1100] {dag.py:4180} INFO - Setting next_dagrun for dataset_with_extra_from_classic_operator to 2024-11-12 00:00:00+00:00, run_after=2024-11-13 00:00:00+00:00
[2024-11-13T20:49:46.169+1100] {processor.py:208} INFO - Processing /Users/yoonmoon/git/learn-airflow/airflow1/py_env/lib/python3.11/site-packages/airflow/example_dags/example_outlet_event_extra.py took 0.127 seconds
