[2024-11-13T19:29:42.861+1100] {processor.py:186} INFO - Started process (PID=63763) to work on /Users/yoonmoon/git/learn-airflow/airflow1/py_env/lib/python3.11/site-packages/airflow/example_dags/example_local_kubernetes_executor.py
[2024-11-13T19:29:42.861+1100] {processor.py:914} INFO - Processing file /Users/yoonmoon/git/learn-airflow/airflow1/py_env/lib/python3.11/site-packages/airflow/example_dags/example_local_kubernetes_executor.py for tasks to queue
[2024-11-13T19:29:42.862+1100] {logging_mixin.py:190} INFO - [2024-11-13T19:29:42.862+1100] {dagbag.py:588} INFO - Filling up the DagBag from /Users/yoonmoon/git/learn-airflow/airflow1/py_env/lib/python3.11/site-packages/airflow/example_dags/example_local_kubernetes_executor.py
[2024-11-13T19:29:42.875+1100] {logging_mixin.py:190} INFO - [2024-11-13T19:29:42.875+1100] {example_local_kubernetes_executor.py:40} WARNING - Could not import DAGs in example_local_kubernetes_executor.py
Traceback (most recent call last):
  File "/Users/yoonmoon/git/learn-airflow/airflow1/py_env/lib/python3.11/site-packages/airflow/example_dags/example_local_kubernetes_executor.py", line 38, in <module>
    from kubernetes.client import models as k8s
ModuleNotFoundError: No module named 'kubernetes'
[2024-11-13T19:29:42.875+1100] {logging_mixin.py:190} INFO - [2024-11-13T19:29:42.875+1100] {example_local_kubernetes_executor.py:41} WARNING - Install Kubernetes dependencies with: pip install apache-airflow[cncf.kubernetes]
[2024-11-13T19:29:42.875+1100] {processor.py:927} WARNING - No viable dags retrieved from /Users/yoonmoon/git/learn-airflow/airflow1/py_env/lib/python3.11/site-packages/airflow/example_dags/example_local_kubernetes_executor.py
[2024-11-13T19:29:42.931+1100] {processor.py:208} INFO - Processing /Users/yoonmoon/git/learn-airflow/airflow1/py_env/lib/python3.11/site-packages/airflow/example_dags/example_local_kubernetes_executor.py took 0.073 seconds
[2024-11-13T19:31:24.150+1100] {processor.py:186} INFO - Started process (PID=63975) to work on /Users/yoonmoon/git/learn-airflow/airflow1/py_env/lib/python3.11/site-packages/airflow/example_dags/example_local_kubernetes_executor.py
[2024-11-13T19:31:24.151+1100] {processor.py:914} INFO - Processing file /Users/yoonmoon/git/learn-airflow/airflow1/py_env/lib/python3.11/site-packages/airflow/example_dags/example_local_kubernetes_executor.py for tasks to queue
[2024-11-13T19:31:24.152+1100] {logging_mixin.py:190} INFO - [2024-11-13T19:31:24.152+1100] {dagbag.py:588} INFO - Filling up the DagBag from /Users/yoonmoon/git/learn-airflow/airflow1/py_env/lib/python3.11/site-packages/airflow/example_dags/example_local_kubernetes_executor.py
[2024-11-13T19:31:24.165+1100] {logging_mixin.py:190} INFO - [2024-11-13T19:31:24.165+1100] {example_local_kubernetes_executor.py:40} WARNING - Could not import DAGs in example_local_kubernetes_executor.py
Traceback (most recent call last):
  File "/Users/yoonmoon/git/learn-airflow/airflow1/py_env/lib/python3.11/site-packages/airflow/example_dags/example_local_kubernetes_executor.py", line 38, in <module>
    from kubernetes.client import models as k8s
ModuleNotFoundError: No module named 'kubernetes'
[2024-11-13T19:31:24.166+1100] {logging_mixin.py:190} INFO - [2024-11-13T19:31:24.166+1100] {example_local_kubernetes_executor.py:41} WARNING - Install Kubernetes dependencies with: pip install apache-airflow[cncf.kubernetes]
[2024-11-13T19:31:24.166+1100] {processor.py:927} WARNING - No viable dags retrieved from /Users/yoonmoon/git/learn-airflow/airflow1/py_env/lib/python3.11/site-packages/airflow/example_dags/example_local_kubernetes_executor.py
[2024-11-13T19:31:24.222+1100] {processor.py:208} INFO - Processing /Users/yoonmoon/git/learn-airflow/airflow1/py_env/lib/python3.11/site-packages/airflow/example_dags/example_local_kubernetes_executor.py took 0.074 seconds
[2024-11-13T19:33:44.770+1100] {processor.py:186} INFO - Started process (PID=64409) to work on /Users/yoonmoon/git/learn-airflow/airflow1/py_env/lib/python3.11/site-packages/airflow/example_dags/example_local_kubernetes_executor.py
[2024-11-13T19:33:44.771+1100] {processor.py:914} INFO - Processing file /Users/yoonmoon/git/learn-airflow/airflow1/py_env/lib/python3.11/site-packages/airflow/example_dags/example_local_kubernetes_executor.py for tasks to queue
[2024-11-13T19:33:44.772+1100] {logging_mixin.py:190} INFO - [2024-11-13T19:33:44.772+1100] {dagbag.py:588} INFO - Filling up the DagBag from /Users/yoonmoon/git/learn-airflow/airflow1/py_env/lib/python3.11/site-packages/airflow/example_dags/example_local_kubernetes_executor.py
[2024-11-13T19:33:44.785+1100] {logging_mixin.py:190} INFO - [2024-11-13T19:33:44.785+1100] {example_local_kubernetes_executor.py:40} WARNING - Could not import DAGs in example_local_kubernetes_executor.py
Traceback (most recent call last):
  File "/Users/yoonmoon/git/learn-airflow/airflow1/py_env/lib/python3.11/site-packages/airflow/example_dags/example_local_kubernetes_executor.py", line 38, in <module>
    from kubernetes.client import models as k8s
ModuleNotFoundError: No module named 'kubernetes'
[2024-11-13T19:33:44.785+1100] {logging_mixin.py:190} INFO - [2024-11-13T19:33:44.785+1100] {example_local_kubernetes_executor.py:41} WARNING - Install Kubernetes dependencies with: pip install apache-airflow[cncf.kubernetes]
[2024-11-13T19:33:44.785+1100] {processor.py:927} WARNING - No viable dags retrieved from /Users/yoonmoon/git/learn-airflow/airflow1/py_env/lib/python3.11/site-packages/airflow/example_dags/example_local_kubernetes_executor.py
[2024-11-13T19:33:44.841+1100] {processor.py:208} INFO - Processing /Users/yoonmoon/git/learn-airflow/airflow1/py_env/lib/python3.11/site-packages/airflow/example_dags/example_local_kubernetes_executor.py took 0.073 seconds
[2024-11-13T19:36:20.415+1100] {processor.py:186} INFO - Started process (PID=64866) to work on /Users/yoonmoon/git/learn-airflow/airflow1/py_env/lib/python3.11/site-packages/airflow/example_dags/example_local_kubernetes_executor.py
[2024-11-13T19:36:20.416+1100] {processor.py:914} INFO - Processing file /Users/yoonmoon/git/learn-airflow/airflow1/py_env/lib/python3.11/site-packages/airflow/example_dags/example_local_kubernetes_executor.py for tasks to queue
[2024-11-13T19:36:20.417+1100] {logging_mixin.py:190} INFO - [2024-11-13T19:36:20.417+1100] {dagbag.py:588} INFO - Filling up the DagBag from /Users/yoonmoon/git/learn-airflow/airflow1/py_env/lib/python3.11/site-packages/airflow/example_dags/example_local_kubernetes_executor.py
[2024-11-13T19:36:20.431+1100] {logging_mixin.py:190} INFO - [2024-11-13T19:36:20.431+1100] {example_local_kubernetes_executor.py:40} WARNING - Could not import DAGs in example_local_kubernetes_executor.py
Traceback (most recent call last):
  File "/Users/yoonmoon/git/learn-airflow/airflow1/py_env/lib/python3.11/site-packages/airflow/example_dags/example_local_kubernetes_executor.py", line 38, in <module>
    from kubernetes.client import models as k8s
ModuleNotFoundError: No module named 'kubernetes'
[2024-11-13T19:36:20.432+1100] {logging_mixin.py:190} INFO - [2024-11-13T19:36:20.431+1100] {example_local_kubernetes_executor.py:41} WARNING - Install Kubernetes dependencies with: pip install apache-airflow[cncf.kubernetes]
[2024-11-13T19:36:20.432+1100] {processor.py:927} WARNING - No viable dags retrieved from /Users/yoonmoon/git/learn-airflow/airflow1/py_env/lib/python3.11/site-packages/airflow/example_dags/example_local_kubernetes_executor.py
[2024-11-13T19:36:20.494+1100] {processor.py:208} INFO - Processing /Users/yoonmoon/git/learn-airflow/airflow1/py_env/lib/python3.11/site-packages/airflow/example_dags/example_local_kubernetes_executor.py took 0.082 seconds
[2024-11-13T19:38:37.877+1100] {processor.py:186} INFO - Started process (PID=65155) to work on /Users/yoonmoon/git/learn-airflow/airflow1/py_env/lib/python3.11/site-packages/airflow/example_dags/example_local_kubernetes_executor.py
[2024-11-13T19:38:37.878+1100] {processor.py:914} INFO - Processing file /Users/yoonmoon/git/learn-airflow/airflow1/py_env/lib/python3.11/site-packages/airflow/example_dags/example_local_kubernetes_executor.py for tasks to queue
[2024-11-13T19:38:37.879+1100] {logging_mixin.py:190} INFO - [2024-11-13T19:38:37.878+1100] {dagbag.py:588} INFO - Filling up the DagBag from /Users/yoonmoon/git/learn-airflow/airflow1/py_env/lib/python3.11/site-packages/airflow/example_dags/example_local_kubernetes_executor.py
[2024-11-13T19:38:37.891+1100] {logging_mixin.py:190} INFO - [2024-11-13T19:38:37.891+1100] {example_local_kubernetes_executor.py:40} WARNING - Could not import DAGs in example_local_kubernetes_executor.py
Traceback (most recent call last):
  File "/Users/yoonmoon/git/learn-airflow/airflow1/py_env/lib/python3.11/site-packages/airflow/example_dags/example_local_kubernetes_executor.py", line 38, in <module>
    from kubernetes.client import models as k8s
ModuleNotFoundError: No module named 'kubernetes'
[2024-11-13T19:38:37.891+1100] {logging_mixin.py:190} INFO - [2024-11-13T19:38:37.891+1100] {example_local_kubernetes_executor.py:41} WARNING - Install Kubernetes dependencies with: pip install apache-airflow[cncf.kubernetes]
[2024-11-13T19:38:37.891+1100] {processor.py:927} WARNING - No viable dags retrieved from /Users/yoonmoon/git/learn-airflow/airflow1/py_env/lib/python3.11/site-packages/airflow/example_dags/example_local_kubernetes_executor.py
[2024-11-13T19:38:37.946+1100] {processor.py:208} INFO - Processing /Users/yoonmoon/git/learn-airflow/airflow1/py_env/lib/python3.11/site-packages/airflow/example_dags/example_local_kubernetes_executor.py took 0.072 seconds
[2024-11-13T19:40:53.594+1100] {processor.py:186} INFO - Started process (PID=65448) to work on /Users/yoonmoon/git/learn-airflow/airflow1/py_env/lib/python3.11/site-packages/airflow/example_dags/example_local_kubernetes_executor.py
[2024-11-13T19:40:53.595+1100] {processor.py:914} INFO - Processing file /Users/yoonmoon/git/learn-airflow/airflow1/py_env/lib/python3.11/site-packages/airflow/example_dags/example_local_kubernetes_executor.py for tasks to queue
[2024-11-13T19:40:53.595+1100] {logging_mixin.py:190} INFO - [2024-11-13T19:40:53.595+1100] {dagbag.py:588} INFO - Filling up the DagBag from /Users/yoonmoon/git/learn-airflow/airflow1/py_env/lib/python3.11/site-packages/airflow/example_dags/example_local_kubernetes_executor.py
[2024-11-13T19:40:53.608+1100] {logging_mixin.py:190} INFO - [2024-11-13T19:40:53.608+1100] {example_local_kubernetes_executor.py:40} WARNING - Could not import DAGs in example_local_kubernetes_executor.py
Traceback (most recent call last):
  File "/Users/yoonmoon/git/learn-airflow/airflow1/py_env/lib/python3.11/site-packages/airflow/example_dags/example_local_kubernetes_executor.py", line 38, in <module>
    from kubernetes.client import models as k8s
ModuleNotFoundError: No module named 'kubernetes'
[2024-11-13T19:40:53.608+1100] {logging_mixin.py:190} INFO - [2024-11-13T19:40:53.608+1100] {example_local_kubernetes_executor.py:41} WARNING - Install Kubernetes dependencies with: pip install apache-airflow[cncf.kubernetes]
[2024-11-13T19:40:53.608+1100] {processor.py:927} WARNING - No viable dags retrieved from /Users/yoonmoon/git/learn-airflow/airflow1/py_env/lib/python3.11/site-packages/airflow/example_dags/example_local_kubernetes_executor.py
[2024-11-13T19:40:53.664+1100] {processor.py:208} INFO - Processing /Users/yoonmoon/git/learn-airflow/airflow1/py_env/lib/python3.11/site-packages/airflow/example_dags/example_local_kubernetes_executor.py took 0.072 seconds
[2024-11-13T19:43:12.784+1100] {processor.py:186} INFO - Started process (PID=65710) to work on /Users/yoonmoon/git/learn-airflow/airflow1/py_env/lib/python3.11/site-packages/airflow/example_dags/example_local_kubernetes_executor.py
[2024-11-13T19:43:12.786+1100] {processor.py:914} INFO - Processing file /Users/yoonmoon/git/learn-airflow/airflow1/py_env/lib/python3.11/site-packages/airflow/example_dags/example_local_kubernetes_executor.py for tasks to queue
[2024-11-13T19:43:12.786+1100] {logging_mixin.py:190} INFO - [2024-11-13T19:43:12.786+1100] {dagbag.py:588} INFO - Filling up the DagBag from /Users/yoonmoon/git/learn-airflow/airflow1/py_env/lib/python3.11/site-packages/airflow/example_dags/example_local_kubernetes_executor.py
[2024-11-13T19:43:12.800+1100] {logging_mixin.py:190} INFO - [2024-11-13T19:43:12.799+1100] {example_local_kubernetes_executor.py:40} WARNING - Could not import DAGs in example_local_kubernetes_executor.py
Traceback (most recent call last):
  File "/Users/yoonmoon/git/learn-airflow/airflow1/py_env/lib/python3.11/site-packages/airflow/example_dags/example_local_kubernetes_executor.py", line 38, in <module>
    from kubernetes.client import models as k8s
ModuleNotFoundError: No module named 'kubernetes'
[2024-11-13T19:43:12.800+1100] {logging_mixin.py:190} INFO - [2024-11-13T19:43:12.800+1100] {example_local_kubernetes_executor.py:41} WARNING - Install Kubernetes dependencies with: pip install apache-airflow[cncf.kubernetes]
[2024-11-13T19:43:12.800+1100] {processor.py:927} WARNING - No viable dags retrieved from /Users/yoonmoon/git/learn-airflow/airflow1/py_env/lib/python3.11/site-packages/airflow/example_dags/example_local_kubernetes_executor.py
[2024-11-13T19:43:12.855+1100] {processor.py:208} INFO - Processing /Users/yoonmoon/git/learn-airflow/airflow1/py_env/lib/python3.11/site-packages/airflow/example_dags/example_local_kubernetes_executor.py took 0.072 seconds
[2024-11-13T19:45:29.266+1100] {processor.py:186} INFO - Started process (PID=65982) to work on /Users/yoonmoon/git/learn-airflow/airflow1/py_env/lib/python3.11/site-packages/airflow/example_dags/example_local_kubernetes_executor.py
[2024-11-13T19:45:29.268+1100] {processor.py:914} INFO - Processing file /Users/yoonmoon/git/learn-airflow/airflow1/py_env/lib/python3.11/site-packages/airflow/example_dags/example_local_kubernetes_executor.py for tasks to queue
[2024-11-13T19:45:29.268+1100] {logging_mixin.py:190} INFO - [2024-11-13T19:45:29.268+1100] {dagbag.py:588} INFO - Filling up the DagBag from /Users/yoonmoon/git/learn-airflow/airflow1/py_env/lib/python3.11/site-packages/airflow/example_dags/example_local_kubernetes_executor.py
[2024-11-13T19:45:29.282+1100] {logging_mixin.py:190} INFO - [2024-11-13T19:45:29.281+1100] {example_local_kubernetes_executor.py:40} WARNING - Could not import DAGs in example_local_kubernetes_executor.py
Traceback (most recent call last):
  File "/Users/yoonmoon/git/learn-airflow/airflow1/py_env/lib/python3.11/site-packages/airflow/example_dags/example_local_kubernetes_executor.py", line 38, in <module>
    from kubernetes.client import models as k8s
ModuleNotFoundError: No module named 'kubernetes'
[2024-11-13T19:45:29.282+1100] {logging_mixin.py:190} INFO - [2024-11-13T19:45:29.282+1100] {example_local_kubernetes_executor.py:41} WARNING - Install Kubernetes dependencies with: pip install apache-airflow[cncf.kubernetes]
[2024-11-13T19:45:29.282+1100] {processor.py:927} WARNING - No viable dags retrieved from /Users/yoonmoon/git/learn-airflow/airflow1/py_env/lib/python3.11/site-packages/airflow/example_dags/example_local_kubernetes_executor.py
[2024-11-13T19:45:29.336+1100] {processor.py:208} INFO - Processing /Users/yoonmoon/git/learn-airflow/airflow1/py_env/lib/python3.11/site-packages/airflow/example_dags/example_local_kubernetes_executor.py took 0.072 seconds
[2024-11-13T19:47:40.970+1100] {processor.py:186} INFO - Started process (PID=66228) to work on /Users/yoonmoon/git/learn-airflow/airflow1/py_env/lib/python3.11/site-packages/airflow/example_dags/example_local_kubernetes_executor.py
[2024-11-13T19:47:40.971+1100] {processor.py:914} INFO - Processing file /Users/yoonmoon/git/learn-airflow/airflow1/py_env/lib/python3.11/site-packages/airflow/example_dags/example_local_kubernetes_executor.py for tasks to queue
[2024-11-13T19:47:40.972+1100] {logging_mixin.py:190} INFO - [2024-11-13T19:47:40.972+1100] {dagbag.py:588} INFO - Filling up the DagBag from /Users/yoonmoon/git/learn-airflow/airflow1/py_env/lib/python3.11/site-packages/airflow/example_dags/example_local_kubernetes_executor.py
[2024-11-13T19:47:40.985+1100] {logging_mixin.py:190} INFO - [2024-11-13T19:47:40.985+1100] {example_local_kubernetes_executor.py:40} WARNING - Could not import DAGs in example_local_kubernetes_executor.py
Traceback (most recent call last):
  File "/Users/yoonmoon/git/learn-airflow/airflow1/py_env/lib/python3.11/site-packages/airflow/example_dags/example_local_kubernetes_executor.py", line 38, in <module>
    from kubernetes.client import models as k8s
ModuleNotFoundError: No module named 'kubernetes'
[2024-11-13T19:47:40.985+1100] {logging_mixin.py:190} INFO - [2024-11-13T19:47:40.985+1100] {example_local_kubernetes_executor.py:41} WARNING - Install Kubernetes dependencies with: pip install apache-airflow[cncf.kubernetes]
[2024-11-13T19:47:40.985+1100] {processor.py:927} WARNING - No viable dags retrieved from /Users/yoonmoon/git/learn-airflow/airflow1/py_env/lib/python3.11/site-packages/airflow/example_dags/example_local_kubernetes_executor.py
[2024-11-13T19:47:41.040+1100] {processor.py:208} INFO - Processing /Users/yoonmoon/git/learn-airflow/airflow1/py_env/lib/python3.11/site-packages/airflow/example_dags/example_local_kubernetes_executor.py took 0.072 seconds
[2024-11-13T19:49:48.959+1100] {processor.py:186} INFO - Started process (PID=66462) to work on /Users/yoonmoon/git/learn-airflow/airflow1/py_env/lib/python3.11/site-packages/airflow/example_dags/example_local_kubernetes_executor.py
[2024-11-13T19:49:48.961+1100] {processor.py:914} INFO - Processing file /Users/yoonmoon/git/learn-airflow/airflow1/py_env/lib/python3.11/site-packages/airflow/example_dags/example_local_kubernetes_executor.py for tasks to queue
[2024-11-13T19:49:48.961+1100] {logging_mixin.py:190} INFO - [2024-11-13T19:49:48.961+1100] {dagbag.py:588} INFO - Filling up the DagBag from /Users/yoonmoon/git/learn-airflow/airflow1/py_env/lib/python3.11/site-packages/airflow/example_dags/example_local_kubernetes_executor.py
[2024-11-13T19:49:48.974+1100] {logging_mixin.py:190} INFO - [2024-11-13T19:49:48.974+1100] {example_local_kubernetes_executor.py:40} WARNING - Could not import DAGs in example_local_kubernetes_executor.py
Traceback (most recent call last):
  File "/Users/yoonmoon/git/learn-airflow/airflow1/py_env/lib/python3.11/site-packages/airflow/example_dags/example_local_kubernetes_executor.py", line 38, in <module>
    from kubernetes.client import models as k8s
ModuleNotFoundError: No module named 'kubernetes'
[2024-11-13T19:49:48.974+1100] {logging_mixin.py:190} INFO - [2024-11-13T19:49:48.974+1100] {example_local_kubernetes_executor.py:41} WARNING - Install Kubernetes dependencies with: pip install apache-airflow[cncf.kubernetes]
[2024-11-13T19:49:48.975+1100] {processor.py:927} WARNING - No viable dags retrieved from /Users/yoonmoon/git/learn-airflow/airflow1/py_env/lib/python3.11/site-packages/airflow/example_dags/example_local_kubernetes_executor.py
[2024-11-13T19:49:49.029+1100] {processor.py:208} INFO - Processing /Users/yoonmoon/git/learn-airflow/airflow1/py_env/lib/python3.11/site-packages/airflow/example_dags/example_local_kubernetes_executor.py took 0.072 seconds
[2024-11-13T19:52:07.387+1100] {processor.py:186} INFO - Started process (PID=66712) to work on /Users/yoonmoon/git/learn-airflow/airflow1/py_env/lib/python3.11/site-packages/airflow/example_dags/example_local_kubernetes_executor.py
[2024-11-13T19:52:07.387+1100] {processor.py:914} INFO - Processing file /Users/yoonmoon/git/learn-airflow/airflow1/py_env/lib/python3.11/site-packages/airflow/example_dags/example_local_kubernetes_executor.py for tasks to queue
[2024-11-13T19:52:07.388+1100] {logging_mixin.py:190} INFO - [2024-11-13T19:52:07.388+1100] {dagbag.py:588} INFO - Filling up the DagBag from /Users/yoonmoon/git/learn-airflow/airflow1/py_env/lib/python3.11/site-packages/airflow/example_dags/example_local_kubernetes_executor.py
[2024-11-13T19:52:07.400+1100] {logging_mixin.py:190} INFO - [2024-11-13T19:52:07.400+1100] {example_local_kubernetes_executor.py:40} WARNING - Could not import DAGs in example_local_kubernetes_executor.py
Traceback (most recent call last):
  File "/Users/yoonmoon/git/learn-airflow/airflow1/py_env/lib/python3.11/site-packages/airflow/example_dags/example_local_kubernetes_executor.py", line 38, in <module>
    from kubernetes.client import models as k8s
ModuleNotFoundError: No module named 'kubernetes'
[2024-11-13T19:52:07.400+1100] {logging_mixin.py:190} INFO - [2024-11-13T19:52:07.400+1100] {example_local_kubernetes_executor.py:41} WARNING - Install Kubernetes dependencies with: pip install apache-airflow[cncf.kubernetes]
[2024-11-13T19:52:07.400+1100] {processor.py:927} WARNING - No viable dags retrieved from /Users/yoonmoon/git/learn-airflow/airflow1/py_env/lib/python3.11/site-packages/airflow/example_dags/example_local_kubernetes_executor.py
[2024-11-13T19:52:07.454+1100] {processor.py:208} INFO - Processing /Users/yoonmoon/git/learn-airflow/airflow1/py_env/lib/python3.11/site-packages/airflow/example_dags/example_local_kubernetes_executor.py took 0.070 seconds
[2024-11-13T19:54:27.383+1100] {processor.py:186} INFO - Started process (PID=66989) to work on /Users/yoonmoon/git/learn-airflow/airflow1/py_env/lib/python3.11/site-packages/airflow/example_dags/example_local_kubernetes_executor.py
[2024-11-13T19:54:27.385+1100] {processor.py:914} INFO - Processing file /Users/yoonmoon/git/learn-airflow/airflow1/py_env/lib/python3.11/site-packages/airflow/example_dags/example_local_kubernetes_executor.py for tasks to queue
[2024-11-13T19:54:27.385+1100] {logging_mixin.py:190} INFO - [2024-11-13T19:54:27.385+1100] {dagbag.py:588} INFO - Filling up the DagBag from /Users/yoonmoon/git/learn-airflow/airflow1/py_env/lib/python3.11/site-packages/airflow/example_dags/example_local_kubernetes_executor.py
[2024-11-13T19:54:27.398+1100] {logging_mixin.py:190} INFO - [2024-11-13T19:54:27.398+1100] {example_local_kubernetes_executor.py:40} WARNING - Could not import DAGs in example_local_kubernetes_executor.py
Traceback (most recent call last):
  File "/Users/yoonmoon/git/learn-airflow/airflow1/py_env/lib/python3.11/site-packages/airflow/example_dags/example_local_kubernetes_executor.py", line 38, in <module>
    from kubernetes.client import models as k8s
ModuleNotFoundError: No module named 'kubernetes'
[2024-11-13T19:54:27.398+1100] {logging_mixin.py:190} INFO - [2024-11-13T19:54:27.398+1100] {example_local_kubernetes_executor.py:41} WARNING - Install Kubernetes dependencies with: pip install apache-airflow[cncf.kubernetes]
[2024-11-13T19:54:27.399+1100] {processor.py:927} WARNING - No viable dags retrieved from /Users/yoonmoon/git/learn-airflow/airflow1/py_env/lib/python3.11/site-packages/airflow/example_dags/example_local_kubernetes_executor.py
[2024-11-13T19:54:27.453+1100] {processor.py:208} INFO - Processing /Users/yoonmoon/git/learn-airflow/airflow1/py_env/lib/python3.11/site-packages/airflow/example_dags/example_local_kubernetes_executor.py took 0.072 seconds
[2024-11-13T19:56:47.305+1100] {processor.py:186} INFO - Started process (PID=67252) to work on /Users/yoonmoon/git/learn-airflow/airflow1/py_env/lib/python3.11/site-packages/airflow/example_dags/example_local_kubernetes_executor.py
[2024-11-13T19:56:47.306+1100] {processor.py:914} INFO - Processing file /Users/yoonmoon/git/learn-airflow/airflow1/py_env/lib/python3.11/site-packages/airflow/example_dags/example_local_kubernetes_executor.py for tasks to queue
[2024-11-13T19:56:47.307+1100] {logging_mixin.py:190} INFO - [2024-11-13T19:56:47.307+1100] {dagbag.py:588} INFO - Filling up the DagBag from /Users/yoonmoon/git/learn-airflow/airflow1/py_env/lib/python3.11/site-packages/airflow/example_dags/example_local_kubernetes_executor.py
[2024-11-13T19:56:47.320+1100] {logging_mixin.py:190} INFO - [2024-11-13T19:56:47.319+1100] {example_local_kubernetes_executor.py:40} WARNING - Could not import DAGs in example_local_kubernetes_executor.py
Traceback (most recent call last):
  File "/Users/yoonmoon/git/learn-airflow/airflow1/py_env/lib/python3.11/site-packages/airflow/example_dags/example_local_kubernetes_executor.py", line 38, in <module>
    from kubernetes.client import models as k8s
ModuleNotFoundError: No module named 'kubernetes'
[2024-11-13T19:56:47.320+1100] {logging_mixin.py:190} INFO - [2024-11-13T19:56:47.320+1100] {example_local_kubernetes_executor.py:41} WARNING - Install Kubernetes dependencies with: pip install apache-airflow[cncf.kubernetes]
[2024-11-13T19:56:47.320+1100] {processor.py:927} WARNING - No viable dags retrieved from /Users/yoonmoon/git/learn-airflow/airflow1/py_env/lib/python3.11/site-packages/airflow/example_dags/example_local_kubernetes_executor.py
[2024-11-13T19:56:47.374+1100] {processor.py:208} INFO - Processing /Users/yoonmoon/git/learn-airflow/airflow1/py_env/lib/python3.11/site-packages/airflow/example_dags/example_local_kubernetes_executor.py took 0.072 seconds
[2024-11-13T19:59:00.140+1100] {processor.py:186} INFO - Started process (PID=67496) to work on /Users/yoonmoon/git/learn-airflow/airflow1/py_env/lib/python3.11/site-packages/airflow/example_dags/example_local_kubernetes_executor.py
[2024-11-13T19:59:00.142+1100] {processor.py:914} INFO - Processing file /Users/yoonmoon/git/learn-airflow/airflow1/py_env/lib/python3.11/site-packages/airflow/example_dags/example_local_kubernetes_executor.py for tasks to queue
[2024-11-13T19:59:00.142+1100] {logging_mixin.py:190} INFO - [2024-11-13T19:59:00.142+1100] {dagbag.py:588} INFO - Filling up the DagBag from /Users/yoonmoon/git/learn-airflow/airflow1/py_env/lib/python3.11/site-packages/airflow/example_dags/example_local_kubernetes_executor.py
[2024-11-13T19:59:00.154+1100] {logging_mixin.py:190} INFO - [2024-11-13T19:59:00.154+1100] {example_local_kubernetes_executor.py:40} WARNING - Could not import DAGs in example_local_kubernetes_executor.py
Traceback (most recent call last):
  File "/Users/yoonmoon/git/learn-airflow/airflow1/py_env/lib/python3.11/site-packages/airflow/example_dags/example_local_kubernetes_executor.py", line 38, in <module>
    from kubernetes.client import models as k8s
ModuleNotFoundError: No module named 'kubernetes'
[2024-11-13T19:59:00.155+1100] {logging_mixin.py:190} INFO - [2024-11-13T19:59:00.155+1100] {example_local_kubernetes_executor.py:41} WARNING - Install Kubernetes dependencies with: pip install apache-airflow[cncf.kubernetes]
[2024-11-13T19:59:00.155+1100] {processor.py:927} WARNING - No viable dags retrieved from /Users/yoonmoon/git/learn-airflow/airflow1/py_env/lib/python3.11/site-packages/airflow/example_dags/example_local_kubernetes_executor.py
[2024-11-13T19:59:00.209+1100] {processor.py:208} INFO - Processing /Users/yoonmoon/git/learn-airflow/airflow1/py_env/lib/python3.11/site-packages/airflow/example_dags/example_local_kubernetes_executor.py took 0.071 seconds
[2024-11-13T20:01:16.648+1100] {processor.py:186} INFO - Started process (PID=67746) to work on /Users/yoonmoon/git/learn-airflow/airflow1/py_env/lib/python3.11/site-packages/airflow/example_dags/example_local_kubernetes_executor.py
[2024-11-13T20:01:16.649+1100] {processor.py:914} INFO - Processing file /Users/yoonmoon/git/learn-airflow/airflow1/py_env/lib/python3.11/site-packages/airflow/example_dags/example_local_kubernetes_executor.py for tasks to queue
[2024-11-13T20:01:16.650+1100] {logging_mixin.py:190} INFO - [2024-11-13T20:01:16.650+1100] {dagbag.py:588} INFO - Filling up the DagBag from /Users/yoonmoon/git/learn-airflow/airflow1/py_env/lib/python3.11/site-packages/airflow/example_dags/example_local_kubernetes_executor.py
[2024-11-13T20:01:16.662+1100] {logging_mixin.py:190} INFO - [2024-11-13T20:01:16.662+1100] {example_local_kubernetes_executor.py:40} WARNING - Could not import DAGs in example_local_kubernetes_executor.py
Traceback (most recent call last):
  File "/Users/yoonmoon/git/learn-airflow/airflow1/py_env/lib/python3.11/site-packages/airflow/example_dags/example_local_kubernetes_executor.py", line 38, in <module>
    from kubernetes.client import models as k8s
ModuleNotFoundError: No module named 'kubernetes'
[2024-11-13T20:01:16.662+1100] {logging_mixin.py:190} INFO - [2024-11-13T20:01:16.662+1100] {example_local_kubernetes_executor.py:41} WARNING - Install Kubernetes dependencies with: pip install apache-airflow[cncf.kubernetes]
[2024-11-13T20:01:16.662+1100] {processor.py:927} WARNING - No viable dags retrieved from /Users/yoonmoon/git/learn-airflow/airflow1/py_env/lib/python3.11/site-packages/airflow/example_dags/example_local_kubernetes_executor.py
[2024-11-13T20:01:16.718+1100] {processor.py:208} INFO - Processing /Users/yoonmoon/git/learn-airflow/airflow1/py_env/lib/python3.11/site-packages/airflow/example_dags/example_local_kubernetes_executor.py took 0.073 seconds
[2024-11-13T20:03:33.511+1100] {processor.py:186} INFO - Started process (PID=67988) to work on /Users/yoonmoon/git/learn-airflow/airflow1/py_env/lib/python3.11/site-packages/airflow/example_dags/example_local_kubernetes_executor.py
[2024-11-13T20:03:33.512+1100] {processor.py:914} INFO - Processing file /Users/yoonmoon/git/learn-airflow/airflow1/py_env/lib/python3.11/site-packages/airflow/example_dags/example_local_kubernetes_executor.py for tasks to queue
[2024-11-13T20:03:33.513+1100] {logging_mixin.py:190} INFO - [2024-11-13T20:03:33.513+1100] {dagbag.py:588} INFO - Filling up the DagBag from /Users/yoonmoon/git/learn-airflow/airflow1/py_env/lib/python3.11/site-packages/airflow/example_dags/example_local_kubernetes_executor.py
[2024-11-13T20:03:33.526+1100] {logging_mixin.py:190} INFO - [2024-11-13T20:03:33.526+1100] {example_local_kubernetes_executor.py:40} WARNING - Could not import DAGs in example_local_kubernetes_executor.py
Traceback (most recent call last):
  File "/Users/yoonmoon/git/learn-airflow/airflow1/py_env/lib/python3.11/site-packages/airflow/example_dags/example_local_kubernetes_executor.py", line 38, in <module>
    from kubernetes.client import models as k8s
ModuleNotFoundError: No module named 'kubernetes'
[2024-11-13T20:03:33.526+1100] {logging_mixin.py:190} INFO - [2024-11-13T20:03:33.526+1100] {example_local_kubernetes_executor.py:41} WARNING - Install Kubernetes dependencies with: pip install apache-airflow[cncf.kubernetes]
[2024-11-13T20:03:33.527+1100] {processor.py:927} WARNING - No viable dags retrieved from /Users/yoonmoon/git/learn-airflow/airflow1/py_env/lib/python3.11/site-packages/airflow/example_dags/example_local_kubernetes_executor.py
[2024-11-13T20:03:33.582+1100] {processor.py:208} INFO - Processing /Users/yoonmoon/git/learn-airflow/airflow1/py_env/lib/python3.11/site-packages/airflow/example_dags/example_local_kubernetes_executor.py took 0.073 seconds
[2024-11-13T20:05:51.501+1100] {processor.py:186} INFO - Started process (PID=68264) to work on /Users/yoonmoon/git/learn-airflow/airflow1/py_env/lib/python3.11/site-packages/airflow/example_dags/example_local_kubernetes_executor.py
[2024-11-13T20:05:51.502+1100] {processor.py:914} INFO - Processing file /Users/yoonmoon/git/learn-airflow/airflow1/py_env/lib/python3.11/site-packages/airflow/example_dags/example_local_kubernetes_executor.py for tasks to queue
[2024-11-13T20:05:51.503+1100] {logging_mixin.py:190} INFO - [2024-11-13T20:05:51.503+1100] {dagbag.py:588} INFO - Filling up the DagBag from /Users/yoonmoon/git/learn-airflow/airflow1/py_env/lib/python3.11/site-packages/airflow/example_dags/example_local_kubernetes_executor.py
[2024-11-13T20:05:51.516+1100] {logging_mixin.py:190} INFO - [2024-11-13T20:05:51.515+1100] {example_local_kubernetes_executor.py:40} WARNING - Could not import DAGs in example_local_kubernetes_executor.py
Traceback (most recent call last):
  File "/Users/yoonmoon/git/learn-airflow/airflow1/py_env/lib/python3.11/site-packages/airflow/example_dags/example_local_kubernetes_executor.py", line 38, in <module>
    from kubernetes.client import models as k8s
ModuleNotFoundError: No module named 'kubernetes'
[2024-11-13T20:05:51.516+1100] {logging_mixin.py:190} INFO - [2024-11-13T20:05:51.516+1100] {example_local_kubernetes_executor.py:41} WARNING - Install Kubernetes dependencies with: pip install apache-airflow[cncf.kubernetes]
[2024-11-13T20:05:51.516+1100] {processor.py:927} WARNING - No viable dags retrieved from /Users/yoonmoon/git/learn-airflow/airflow1/py_env/lib/python3.11/site-packages/airflow/example_dags/example_local_kubernetes_executor.py
[2024-11-13T20:05:51.572+1100] {processor.py:208} INFO - Processing /Users/yoonmoon/git/learn-airflow/airflow1/py_env/lib/python3.11/site-packages/airflow/example_dags/example_local_kubernetes_executor.py took 0.074 seconds
[2024-11-13T20:08:10.189+1100] {processor.py:186} INFO - Started process (PID=68533) to work on /Users/yoonmoon/git/learn-airflow/airflow1/py_env/lib/python3.11/site-packages/airflow/example_dags/example_local_kubernetes_executor.py
[2024-11-13T20:08:10.191+1100] {processor.py:914} INFO - Processing file /Users/yoonmoon/git/learn-airflow/airflow1/py_env/lib/python3.11/site-packages/airflow/example_dags/example_local_kubernetes_executor.py for tasks to queue
[2024-11-13T20:08:10.192+1100] {logging_mixin.py:190} INFO - [2024-11-13T20:08:10.191+1100] {dagbag.py:588} INFO - Filling up the DagBag from /Users/yoonmoon/git/learn-airflow/airflow1/py_env/lib/python3.11/site-packages/airflow/example_dags/example_local_kubernetes_executor.py
[2024-11-13T20:08:10.205+1100] {logging_mixin.py:190} INFO - [2024-11-13T20:08:10.205+1100] {example_local_kubernetes_executor.py:40} WARNING - Could not import DAGs in example_local_kubernetes_executor.py
Traceback (most recent call last):
  File "/Users/yoonmoon/git/learn-airflow/airflow1/py_env/lib/python3.11/site-packages/airflow/example_dags/example_local_kubernetes_executor.py", line 38, in <module>
    from kubernetes.client import models as k8s
ModuleNotFoundError: No module named 'kubernetes'
[2024-11-13T20:08:10.205+1100] {logging_mixin.py:190} INFO - [2024-11-13T20:08:10.205+1100] {example_local_kubernetes_executor.py:41} WARNING - Install Kubernetes dependencies with: pip install apache-airflow[cncf.kubernetes]
[2024-11-13T20:08:10.205+1100] {processor.py:927} WARNING - No viable dags retrieved from /Users/yoonmoon/git/learn-airflow/airflow1/py_env/lib/python3.11/site-packages/airflow/example_dags/example_local_kubernetes_executor.py
[2024-11-13T20:08:10.264+1100] {processor.py:208} INFO - Processing /Users/yoonmoon/git/learn-airflow/airflow1/py_env/lib/python3.11/site-packages/airflow/example_dags/example_local_kubernetes_executor.py took 0.077 seconds
[2024-11-13T20:10:33.507+1100] {processor.py:186} INFO - Started process (PID=68826) to work on /Users/yoonmoon/git/learn-airflow/airflow1/py_env/lib/python3.11/site-packages/airflow/example_dags/example_local_kubernetes_executor.py
[2024-11-13T20:10:33.509+1100] {processor.py:914} INFO - Processing file /Users/yoonmoon/git/learn-airflow/airflow1/py_env/lib/python3.11/site-packages/airflow/example_dags/example_local_kubernetes_executor.py for tasks to queue
[2024-11-13T20:10:33.509+1100] {logging_mixin.py:190} INFO - [2024-11-13T20:10:33.509+1100] {dagbag.py:588} INFO - Filling up the DagBag from /Users/yoonmoon/git/learn-airflow/airflow1/py_env/lib/python3.11/site-packages/airflow/example_dags/example_local_kubernetes_executor.py
[2024-11-13T20:10:33.522+1100] {logging_mixin.py:190} INFO - [2024-11-13T20:10:33.522+1100] {example_local_kubernetes_executor.py:40} WARNING - Could not import DAGs in example_local_kubernetes_executor.py
Traceback (most recent call last):
  File "/Users/yoonmoon/git/learn-airflow/airflow1/py_env/lib/python3.11/site-packages/airflow/example_dags/example_local_kubernetes_executor.py", line 38, in <module>
    from kubernetes.client import models as k8s
ModuleNotFoundError: No module named 'kubernetes'
[2024-11-13T20:10:33.522+1100] {logging_mixin.py:190} INFO - [2024-11-13T20:10:33.522+1100] {example_local_kubernetes_executor.py:41} WARNING - Install Kubernetes dependencies with: pip install apache-airflow[cncf.kubernetes]
[2024-11-13T20:10:33.522+1100] {processor.py:927} WARNING - No viable dags retrieved from /Users/yoonmoon/git/learn-airflow/airflow1/py_env/lib/python3.11/site-packages/airflow/example_dags/example_local_kubernetes_executor.py
[2024-11-13T20:10:33.578+1100] {processor.py:208} INFO - Processing /Users/yoonmoon/git/learn-airflow/airflow1/py_env/lib/python3.11/site-packages/airflow/example_dags/example_local_kubernetes_executor.py took 0.073 seconds
[2024-11-13T20:12:47.654+1100] {processor.py:186} INFO - Started process (PID=69079) to work on /Users/yoonmoon/git/learn-airflow/airflow1/py_env/lib/python3.11/site-packages/airflow/example_dags/example_local_kubernetes_executor.py
[2024-11-13T20:12:47.655+1100] {processor.py:914} INFO - Processing file /Users/yoonmoon/git/learn-airflow/airflow1/py_env/lib/python3.11/site-packages/airflow/example_dags/example_local_kubernetes_executor.py for tasks to queue
[2024-11-13T20:12:47.656+1100] {logging_mixin.py:190} INFO - [2024-11-13T20:12:47.655+1100] {dagbag.py:588} INFO - Filling up the DagBag from /Users/yoonmoon/git/learn-airflow/airflow1/py_env/lib/python3.11/site-packages/airflow/example_dags/example_local_kubernetes_executor.py
[2024-11-13T20:12:47.668+1100] {logging_mixin.py:190} INFO - [2024-11-13T20:12:47.668+1100] {example_local_kubernetes_executor.py:40} WARNING - Could not import DAGs in example_local_kubernetes_executor.py
Traceback (most recent call last):
  File "/Users/yoonmoon/git/learn-airflow/airflow1/py_env/lib/python3.11/site-packages/airflow/example_dags/example_local_kubernetes_executor.py", line 38, in <module>
    from kubernetes.client import models as k8s
ModuleNotFoundError: No module named 'kubernetes'
[2024-11-13T20:12:47.669+1100] {logging_mixin.py:190} INFO - [2024-11-13T20:12:47.669+1100] {example_local_kubernetes_executor.py:41} WARNING - Install Kubernetes dependencies with: pip install apache-airflow[cncf.kubernetes]
[2024-11-13T20:12:47.669+1100] {processor.py:927} WARNING - No viable dags retrieved from /Users/yoonmoon/git/learn-airflow/airflow1/py_env/lib/python3.11/site-packages/airflow/example_dags/example_local_kubernetes_executor.py
[2024-11-13T20:12:47.727+1100] {processor.py:208} INFO - Processing /Users/yoonmoon/git/learn-airflow/airflow1/py_env/lib/python3.11/site-packages/airflow/example_dags/example_local_kubernetes_executor.py took 0.075 seconds
[2024-11-13T20:15:06.965+1100] {processor.py:186} INFO - Started process (PID=69328) to work on /Users/yoonmoon/git/learn-airflow/airflow1/py_env/lib/python3.11/site-packages/airflow/example_dags/example_local_kubernetes_executor.py
[2024-11-13T20:15:06.966+1100] {processor.py:914} INFO - Processing file /Users/yoonmoon/git/learn-airflow/airflow1/py_env/lib/python3.11/site-packages/airflow/example_dags/example_local_kubernetes_executor.py for tasks to queue
[2024-11-13T20:15:06.967+1100] {logging_mixin.py:190} INFO - [2024-11-13T20:15:06.967+1100] {dagbag.py:588} INFO - Filling up the DagBag from /Users/yoonmoon/git/learn-airflow/airflow1/py_env/lib/python3.11/site-packages/airflow/example_dags/example_local_kubernetes_executor.py
[2024-11-13T20:15:06.980+1100] {logging_mixin.py:190} INFO - [2024-11-13T20:15:06.979+1100] {example_local_kubernetes_executor.py:40} WARNING - Could not import DAGs in example_local_kubernetes_executor.py
Traceback (most recent call last):
  File "/Users/yoonmoon/git/learn-airflow/airflow1/py_env/lib/python3.11/site-packages/airflow/example_dags/example_local_kubernetes_executor.py", line 38, in <module>
    from kubernetes.client import models as k8s
ModuleNotFoundError: No module named 'kubernetes'
[2024-11-13T20:15:06.980+1100] {logging_mixin.py:190} INFO - [2024-11-13T20:15:06.980+1100] {example_local_kubernetes_executor.py:41} WARNING - Install Kubernetes dependencies with: pip install apache-airflow[cncf.kubernetes]
[2024-11-13T20:15:06.980+1100] {processor.py:927} WARNING - No viable dags retrieved from /Users/yoonmoon/git/learn-airflow/airflow1/py_env/lib/python3.11/site-packages/airflow/example_dags/example_local_kubernetes_executor.py
[2024-11-13T20:15:07.037+1100] {processor.py:208} INFO - Processing /Users/yoonmoon/git/learn-airflow/airflow1/py_env/lib/python3.11/site-packages/airflow/example_dags/example_local_kubernetes_executor.py took 0.075 seconds
[2024-11-13T20:17:22.811+1100] {processor.py:186} INFO - Started process (PID=69573) to work on /Users/yoonmoon/git/learn-airflow/airflow1/py_env/lib/python3.11/site-packages/airflow/example_dags/example_local_kubernetes_executor.py
[2024-11-13T20:17:22.812+1100] {processor.py:914} INFO - Processing file /Users/yoonmoon/git/learn-airflow/airflow1/py_env/lib/python3.11/site-packages/airflow/example_dags/example_local_kubernetes_executor.py for tasks to queue
[2024-11-13T20:17:22.813+1100] {logging_mixin.py:190} INFO - [2024-11-13T20:17:22.813+1100] {dagbag.py:588} INFO - Filling up the DagBag from /Users/yoonmoon/git/learn-airflow/airflow1/py_env/lib/python3.11/site-packages/airflow/example_dags/example_local_kubernetes_executor.py
[2024-11-13T20:17:22.826+1100] {logging_mixin.py:190} INFO - [2024-11-13T20:17:22.825+1100] {example_local_kubernetes_executor.py:40} WARNING - Could not import DAGs in example_local_kubernetes_executor.py
Traceback (most recent call last):
  File "/Users/yoonmoon/git/learn-airflow/airflow1/py_env/lib/python3.11/site-packages/airflow/example_dags/example_local_kubernetes_executor.py", line 38, in <module>
    from kubernetes.client import models as k8s
ModuleNotFoundError: No module named 'kubernetes'
[2024-11-13T20:17:22.826+1100] {logging_mixin.py:190} INFO - [2024-11-13T20:17:22.826+1100] {example_local_kubernetes_executor.py:41} WARNING - Install Kubernetes dependencies with: pip install apache-airflow[cncf.kubernetes]
[2024-11-13T20:17:22.826+1100] {processor.py:927} WARNING - No viable dags retrieved from /Users/yoonmoon/git/learn-airflow/airflow1/py_env/lib/python3.11/site-packages/airflow/example_dags/example_local_kubernetes_executor.py
[2024-11-13T20:17:22.884+1100] {processor.py:208} INFO - Processing /Users/yoonmoon/git/learn-airflow/airflow1/py_env/lib/python3.11/site-packages/airflow/example_dags/example_local_kubernetes_executor.py took 0.076 seconds
[2024-11-13T20:19:42.977+1100] {processor.py:186} INFO - Started process (PID=69906) to work on /Users/yoonmoon/git/learn-airflow/airflow1/py_env/lib/python3.11/site-packages/airflow/example_dags/example_local_kubernetes_executor.py
[2024-11-13T20:19:42.978+1100] {processor.py:914} INFO - Processing file /Users/yoonmoon/git/learn-airflow/airflow1/py_env/lib/python3.11/site-packages/airflow/example_dags/example_local_kubernetes_executor.py for tasks to queue
[2024-11-13T20:19:42.979+1100] {logging_mixin.py:190} INFO - [2024-11-13T20:19:42.979+1100] {dagbag.py:588} INFO - Filling up the DagBag from /Users/yoonmoon/git/learn-airflow/airflow1/py_env/lib/python3.11/site-packages/airflow/example_dags/example_local_kubernetes_executor.py
[2024-11-13T20:19:42.992+1100] {logging_mixin.py:190} INFO - [2024-11-13T20:19:42.992+1100] {example_local_kubernetes_executor.py:40} WARNING - Could not import DAGs in example_local_kubernetes_executor.py
Traceback (most recent call last):
  File "/Users/yoonmoon/git/learn-airflow/airflow1/py_env/lib/python3.11/site-packages/airflow/example_dags/example_local_kubernetes_executor.py", line 38, in <module>
    from kubernetes.client import models as k8s
ModuleNotFoundError: No module named 'kubernetes'
[2024-11-13T20:19:42.992+1100] {logging_mixin.py:190} INFO - [2024-11-13T20:19:42.992+1100] {example_local_kubernetes_executor.py:41} WARNING - Install Kubernetes dependencies with: pip install apache-airflow[cncf.kubernetes]
[2024-11-13T20:19:42.992+1100] {processor.py:927} WARNING - No viable dags retrieved from /Users/yoonmoon/git/learn-airflow/airflow1/py_env/lib/python3.11/site-packages/airflow/example_dags/example_local_kubernetes_executor.py
[2024-11-13T20:19:43.049+1100] {processor.py:208} INFO - Processing /Users/yoonmoon/git/learn-airflow/airflow1/py_env/lib/python3.11/site-packages/airflow/example_dags/example_local_kubernetes_executor.py took 0.075 seconds
[2024-11-13T20:22:01.079+1100] {processor.py:186} INFO - Started process (PID=70220) to work on /Users/yoonmoon/git/learn-airflow/airflow1/py_env/lib/python3.11/site-packages/airflow/example_dags/example_local_kubernetes_executor.py
[2024-11-13T20:22:01.081+1100] {processor.py:914} INFO - Processing file /Users/yoonmoon/git/learn-airflow/airflow1/py_env/lib/python3.11/site-packages/airflow/example_dags/example_local_kubernetes_executor.py for tasks to queue
[2024-11-13T20:22:01.081+1100] {logging_mixin.py:190} INFO - [2024-11-13T20:22:01.081+1100] {dagbag.py:588} INFO - Filling up the DagBag from /Users/yoonmoon/git/learn-airflow/airflow1/py_env/lib/python3.11/site-packages/airflow/example_dags/example_local_kubernetes_executor.py
[2024-11-13T20:22:01.095+1100] {logging_mixin.py:190} INFO - [2024-11-13T20:22:01.095+1100] {example_local_kubernetes_executor.py:40} WARNING - Could not import DAGs in example_local_kubernetes_executor.py
Traceback (most recent call last):
  File "/Users/yoonmoon/git/learn-airflow/airflow1/py_env/lib/python3.11/site-packages/airflow/example_dags/example_local_kubernetes_executor.py", line 38, in <module>
    from kubernetes.client import models as k8s
ModuleNotFoundError: No module named 'kubernetes'
[2024-11-13T20:22:01.095+1100] {logging_mixin.py:190} INFO - [2024-11-13T20:22:01.095+1100] {example_local_kubernetes_executor.py:41} WARNING - Install Kubernetes dependencies with: pip install apache-airflow[cncf.kubernetes]
[2024-11-13T20:22:01.095+1100] {processor.py:927} WARNING - No viable dags retrieved from /Users/yoonmoon/git/learn-airflow/airflow1/py_env/lib/python3.11/site-packages/airflow/example_dags/example_local_kubernetes_executor.py
[2024-11-13T20:22:01.150+1100] {processor.py:208} INFO - Processing /Users/yoonmoon/git/learn-airflow/airflow1/py_env/lib/python3.11/site-packages/airflow/example_dags/example_local_kubernetes_executor.py took 0.073 seconds
[2024-11-13T20:24:12.520+1100] {processor.py:186} INFO - Started process (PID=70477) to work on /Users/yoonmoon/git/learn-airflow/airflow1/py_env/lib/python3.11/site-packages/airflow/example_dags/example_local_kubernetes_executor.py
[2024-11-13T20:24:12.522+1100] {processor.py:914} INFO - Processing file /Users/yoonmoon/git/learn-airflow/airflow1/py_env/lib/python3.11/site-packages/airflow/example_dags/example_local_kubernetes_executor.py for tasks to queue
[2024-11-13T20:24:12.522+1100] {logging_mixin.py:190} INFO - [2024-11-13T20:24:12.522+1100] {dagbag.py:588} INFO - Filling up the DagBag from /Users/yoonmoon/git/learn-airflow/airflow1/py_env/lib/python3.11/site-packages/airflow/example_dags/example_local_kubernetes_executor.py
[2024-11-13T20:24:12.535+1100] {logging_mixin.py:190} INFO - [2024-11-13T20:24:12.535+1100] {example_local_kubernetes_executor.py:40} WARNING - Could not import DAGs in example_local_kubernetes_executor.py
Traceback (most recent call last):
  File "/Users/yoonmoon/git/learn-airflow/airflow1/py_env/lib/python3.11/site-packages/airflow/example_dags/example_local_kubernetes_executor.py", line 38, in <module>
    from kubernetes.client import models as k8s
ModuleNotFoundError: No module named 'kubernetes'
[2024-11-13T20:24:12.535+1100] {logging_mixin.py:190} INFO - [2024-11-13T20:24:12.535+1100] {example_local_kubernetes_executor.py:41} WARNING - Install Kubernetes dependencies with: pip install apache-airflow[cncf.kubernetes]
[2024-11-13T20:24:12.535+1100] {processor.py:927} WARNING - No viable dags retrieved from /Users/yoonmoon/git/learn-airflow/airflow1/py_env/lib/python3.11/site-packages/airflow/example_dags/example_local_kubernetes_executor.py
[2024-11-13T20:24:12.590+1100] {processor.py:208} INFO - Processing /Users/yoonmoon/git/learn-airflow/airflow1/py_env/lib/python3.11/site-packages/airflow/example_dags/example_local_kubernetes_executor.py took 0.072 seconds
[2024-11-13T20:26:29.000+1100] {processor.py:186} INFO - Started process (PID=70743) to work on /Users/yoonmoon/git/learn-airflow/airflow1/py_env/lib/python3.11/site-packages/airflow/example_dags/example_local_kubernetes_executor.py
[2024-11-13T20:26:29.001+1100] {processor.py:914} INFO - Processing file /Users/yoonmoon/git/learn-airflow/airflow1/py_env/lib/python3.11/site-packages/airflow/example_dags/example_local_kubernetes_executor.py for tasks to queue
[2024-11-13T20:26:29.002+1100] {logging_mixin.py:190} INFO - [2024-11-13T20:26:29.002+1100] {dagbag.py:588} INFO - Filling up the DagBag from /Users/yoonmoon/git/learn-airflow/airflow1/py_env/lib/python3.11/site-packages/airflow/example_dags/example_local_kubernetes_executor.py
[2024-11-13T20:26:29.015+1100] {logging_mixin.py:190} INFO - [2024-11-13T20:26:29.014+1100] {example_local_kubernetes_executor.py:40} WARNING - Could not import DAGs in example_local_kubernetes_executor.py
Traceback (most recent call last):
  File "/Users/yoonmoon/git/learn-airflow/airflow1/py_env/lib/python3.11/site-packages/airflow/example_dags/example_local_kubernetes_executor.py", line 38, in <module>
    from kubernetes.client import models as k8s
ModuleNotFoundError: No module named 'kubernetes'
[2024-11-13T20:26:29.015+1100] {logging_mixin.py:190} INFO - [2024-11-13T20:26:29.015+1100] {example_local_kubernetes_executor.py:41} WARNING - Install Kubernetes dependencies with: pip install apache-airflow[cncf.kubernetes]
[2024-11-13T20:26:29.015+1100] {processor.py:927} WARNING - No viable dags retrieved from /Users/yoonmoon/git/learn-airflow/airflow1/py_env/lib/python3.11/site-packages/airflow/example_dags/example_local_kubernetes_executor.py
[2024-11-13T20:26:29.070+1100] {processor.py:208} INFO - Processing /Users/yoonmoon/git/learn-airflow/airflow1/py_env/lib/python3.11/site-packages/airflow/example_dags/example_local_kubernetes_executor.py took 0.073 seconds
[2024-11-13T20:28:46.900+1100] {processor.py:186} INFO - Started process (PID=71031) to work on /Users/yoonmoon/git/learn-airflow/airflow1/py_env/lib/python3.11/site-packages/airflow/example_dags/example_local_kubernetes_executor.py
[2024-11-13T20:28:46.901+1100] {processor.py:914} INFO - Processing file /Users/yoonmoon/git/learn-airflow/airflow1/py_env/lib/python3.11/site-packages/airflow/example_dags/example_local_kubernetes_executor.py for tasks to queue
[2024-11-13T20:28:46.901+1100] {logging_mixin.py:190} INFO - [2024-11-13T20:28:46.901+1100] {dagbag.py:588} INFO - Filling up the DagBag from /Users/yoonmoon/git/learn-airflow/airflow1/py_env/lib/python3.11/site-packages/airflow/example_dags/example_local_kubernetes_executor.py
[2024-11-13T20:28:46.914+1100] {logging_mixin.py:190} INFO - [2024-11-13T20:28:46.914+1100] {example_local_kubernetes_executor.py:40} WARNING - Could not import DAGs in example_local_kubernetes_executor.py
Traceback (most recent call last):
  File "/Users/yoonmoon/git/learn-airflow/airflow1/py_env/lib/python3.11/site-packages/airflow/example_dags/example_local_kubernetes_executor.py", line 38, in <module>
    from kubernetes.client import models as k8s
ModuleNotFoundError: No module named 'kubernetes'
[2024-11-13T20:28:46.914+1100] {logging_mixin.py:190} INFO - [2024-11-13T20:28:46.914+1100] {example_local_kubernetes_executor.py:41} WARNING - Install Kubernetes dependencies with: pip install apache-airflow[cncf.kubernetes]
[2024-11-13T20:28:46.914+1100] {processor.py:927} WARNING - No viable dags retrieved from /Users/yoonmoon/git/learn-airflow/airflow1/py_env/lib/python3.11/site-packages/airflow/example_dags/example_local_kubernetes_executor.py
[2024-11-13T20:28:46.969+1100] {processor.py:208} INFO - Processing /Users/yoonmoon/git/learn-airflow/airflow1/py_env/lib/python3.11/site-packages/airflow/example_dags/example_local_kubernetes_executor.py took 0.071 seconds
[2024-11-13T20:31:04.430+1100] {processor.py:186} INFO - Started process (PID=71281) to work on /Users/yoonmoon/git/learn-airflow/airflow1/py_env/lib/python3.11/site-packages/airflow/example_dags/example_local_kubernetes_executor.py
[2024-11-13T20:31:04.431+1100] {processor.py:914} INFO - Processing file /Users/yoonmoon/git/learn-airflow/airflow1/py_env/lib/python3.11/site-packages/airflow/example_dags/example_local_kubernetes_executor.py for tasks to queue
[2024-11-13T20:31:04.431+1100] {logging_mixin.py:190} INFO - [2024-11-13T20:31:04.431+1100] {dagbag.py:588} INFO - Filling up the DagBag from /Users/yoonmoon/git/learn-airflow/airflow1/py_env/lib/python3.11/site-packages/airflow/example_dags/example_local_kubernetes_executor.py
[2024-11-13T20:31:04.445+1100] {logging_mixin.py:190} INFO - [2024-11-13T20:31:04.445+1100] {example_local_kubernetes_executor.py:40} WARNING - Could not import DAGs in example_local_kubernetes_executor.py
Traceback (most recent call last):
  File "/Users/yoonmoon/git/learn-airflow/airflow1/py_env/lib/python3.11/site-packages/airflow/example_dags/example_local_kubernetes_executor.py", line 38, in <module>
    from kubernetes.client import models as k8s
ModuleNotFoundError: No module named 'kubernetes'
[2024-11-13T20:31:04.445+1100] {logging_mixin.py:190} INFO - [2024-11-13T20:31:04.445+1100] {example_local_kubernetes_executor.py:41} WARNING - Install Kubernetes dependencies with: pip install apache-airflow[cncf.kubernetes]
[2024-11-13T20:31:04.445+1100] {processor.py:927} WARNING - No viable dags retrieved from /Users/yoonmoon/git/learn-airflow/airflow1/py_env/lib/python3.11/site-packages/airflow/example_dags/example_local_kubernetes_executor.py
[2024-11-13T20:31:04.501+1100] {processor.py:208} INFO - Processing /Users/yoonmoon/git/learn-airflow/airflow1/py_env/lib/python3.11/site-packages/airflow/example_dags/example_local_kubernetes_executor.py took 0.073 seconds
[2024-11-13T20:33:24.867+1100] {processor.py:186} INFO - Started process (PID=71536) to work on /Users/yoonmoon/git/learn-airflow/airflow1/py_env/lib/python3.11/site-packages/airflow/example_dags/example_local_kubernetes_executor.py
[2024-11-13T20:33:24.867+1100] {processor.py:914} INFO - Processing file /Users/yoonmoon/git/learn-airflow/airflow1/py_env/lib/python3.11/site-packages/airflow/example_dags/example_local_kubernetes_executor.py for tasks to queue
[2024-11-13T20:33:24.868+1100] {logging_mixin.py:190} INFO - [2024-11-13T20:33:24.868+1100] {dagbag.py:588} INFO - Filling up the DagBag from /Users/yoonmoon/git/learn-airflow/airflow1/py_env/lib/python3.11/site-packages/airflow/example_dags/example_local_kubernetes_executor.py
[2024-11-13T20:33:24.881+1100] {logging_mixin.py:190} INFO - [2024-11-13T20:33:24.881+1100] {example_local_kubernetes_executor.py:40} WARNING - Could not import DAGs in example_local_kubernetes_executor.py
Traceback (most recent call last):
  File "/Users/yoonmoon/git/learn-airflow/airflow1/py_env/lib/python3.11/site-packages/airflow/example_dags/example_local_kubernetes_executor.py", line 38, in <module>
    from kubernetes.client import models as k8s
ModuleNotFoundError: No module named 'kubernetes'
[2024-11-13T20:33:24.881+1100] {logging_mixin.py:190} INFO - [2024-11-13T20:33:24.881+1100] {example_local_kubernetes_executor.py:41} WARNING - Install Kubernetes dependencies with: pip install apache-airflow[cncf.kubernetes]
[2024-11-13T20:33:24.881+1100] {processor.py:927} WARNING - No viable dags retrieved from /Users/yoonmoon/git/learn-airflow/airflow1/py_env/lib/python3.11/site-packages/airflow/example_dags/example_local_kubernetes_executor.py
[2024-11-13T20:33:24.936+1100] {processor.py:208} INFO - Processing /Users/yoonmoon/git/learn-airflow/airflow1/py_env/lib/python3.11/site-packages/airflow/example_dags/example_local_kubernetes_executor.py took 0.072 seconds
[2024-11-13T20:35:46.638+1100] {processor.py:186} INFO - Started process (PID=71809) to work on /Users/yoonmoon/git/learn-airflow/airflow1/py_env/lib/python3.11/site-packages/airflow/example_dags/example_local_kubernetes_executor.py
[2024-11-13T20:35:46.638+1100] {processor.py:914} INFO - Processing file /Users/yoonmoon/git/learn-airflow/airflow1/py_env/lib/python3.11/site-packages/airflow/example_dags/example_local_kubernetes_executor.py for tasks to queue
[2024-11-13T20:35:46.639+1100] {logging_mixin.py:190} INFO - [2024-11-13T20:35:46.639+1100] {dagbag.py:588} INFO - Filling up the DagBag from /Users/yoonmoon/git/learn-airflow/airflow1/py_env/lib/python3.11/site-packages/airflow/example_dags/example_local_kubernetes_executor.py
[2024-11-13T20:35:46.653+1100] {logging_mixin.py:190} INFO - [2024-11-13T20:35:46.652+1100] {example_local_kubernetes_executor.py:40} WARNING - Could not import DAGs in example_local_kubernetes_executor.py
Traceback (most recent call last):
  File "/Users/yoonmoon/git/learn-airflow/airflow1/py_env/lib/python3.11/site-packages/airflow/example_dags/example_local_kubernetes_executor.py", line 38, in <module>
    from kubernetes.client import models as k8s
ModuleNotFoundError: No module named 'kubernetes'
[2024-11-13T20:35:46.653+1100] {logging_mixin.py:190} INFO - [2024-11-13T20:35:46.653+1100] {example_local_kubernetes_executor.py:41} WARNING - Install Kubernetes dependencies with: pip install apache-airflow[cncf.kubernetes]
[2024-11-13T20:35:46.653+1100] {processor.py:927} WARNING - No viable dags retrieved from /Users/yoonmoon/git/learn-airflow/airflow1/py_env/lib/python3.11/site-packages/airflow/example_dags/example_local_kubernetes_executor.py
[2024-11-13T20:35:46.709+1100] {processor.py:208} INFO - Processing /Users/yoonmoon/git/learn-airflow/airflow1/py_env/lib/python3.11/site-packages/airflow/example_dags/example_local_kubernetes_executor.py took 0.074 seconds
[2024-11-13T20:38:03.451+1100] {processor.py:186} INFO - Started process (PID=72104) to work on /Users/yoonmoon/git/learn-airflow/airflow1/py_env/lib/python3.11/site-packages/airflow/example_dags/example_local_kubernetes_executor.py
[2024-11-13T20:38:03.452+1100] {processor.py:914} INFO - Processing file /Users/yoonmoon/git/learn-airflow/airflow1/py_env/lib/python3.11/site-packages/airflow/example_dags/example_local_kubernetes_executor.py for tasks to queue
[2024-11-13T20:38:03.452+1100] {logging_mixin.py:190} INFO - [2024-11-13T20:38:03.452+1100] {dagbag.py:588} INFO - Filling up the DagBag from /Users/yoonmoon/git/learn-airflow/airflow1/py_env/lib/python3.11/site-packages/airflow/example_dags/example_local_kubernetes_executor.py
[2024-11-13T20:38:03.466+1100] {logging_mixin.py:190} INFO - [2024-11-13T20:38:03.466+1100] {example_local_kubernetes_executor.py:40} WARNING - Could not import DAGs in example_local_kubernetes_executor.py
Traceback (most recent call last):
  File "/Users/yoonmoon/git/learn-airflow/airflow1/py_env/lib/python3.11/site-packages/airflow/example_dags/example_local_kubernetes_executor.py", line 38, in <module>
    from kubernetes.client import models as k8s
ModuleNotFoundError: No module named 'kubernetes'
[2024-11-13T20:38:03.466+1100] {logging_mixin.py:190} INFO - [2024-11-13T20:38:03.466+1100] {example_local_kubernetes_executor.py:41} WARNING - Install Kubernetes dependencies with: pip install apache-airflow[cncf.kubernetes]
[2024-11-13T20:38:03.466+1100] {processor.py:927} WARNING - No viable dags retrieved from /Users/yoonmoon/git/learn-airflow/airflow1/py_env/lib/python3.11/site-packages/airflow/example_dags/example_local_kubernetes_executor.py
[2024-11-13T20:38:03.525+1100] {processor.py:208} INFO - Processing /Users/yoonmoon/git/learn-airflow/airflow1/py_env/lib/python3.11/site-packages/airflow/example_dags/example_local_kubernetes_executor.py took 0.077 seconds
[2024-11-13T20:40:21.856+1100] {processor.py:186} INFO - Started process (PID=72364) to work on /Users/yoonmoon/git/learn-airflow/airflow1/py_env/lib/python3.11/site-packages/airflow/example_dags/example_local_kubernetes_executor.py
[2024-11-13T20:40:21.858+1100] {processor.py:914} INFO - Processing file /Users/yoonmoon/git/learn-airflow/airflow1/py_env/lib/python3.11/site-packages/airflow/example_dags/example_local_kubernetes_executor.py for tasks to queue
[2024-11-13T20:40:21.858+1100] {logging_mixin.py:190} INFO - [2024-11-13T20:40:21.858+1100] {dagbag.py:588} INFO - Filling up the DagBag from /Users/yoonmoon/git/learn-airflow/airflow1/py_env/lib/python3.11/site-packages/airflow/example_dags/example_local_kubernetes_executor.py
[2024-11-13T20:40:21.872+1100] {logging_mixin.py:190} INFO - [2024-11-13T20:40:21.872+1100] {example_local_kubernetes_executor.py:40} WARNING - Could not import DAGs in example_local_kubernetes_executor.py
Traceback (most recent call last):
  File "/Users/yoonmoon/git/learn-airflow/airflow1/py_env/lib/python3.11/site-packages/airflow/example_dags/example_local_kubernetes_executor.py", line 38, in <module>
    from kubernetes.client import models as k8s
ModuleNotFoundError: No module named 'kubernetes'
[2024-11-13T20:40:21.872+1100] {logging_mixin.py:190} INFO - [2024-11-13T20:40:21.872+1100] {example_local_kubernetes_executor.py:41} WARNING - Install Kubernetes dependencies with: pip install apache-airflow[cncf.kubernetes]
[2024-11-13T20:40:21.872+1100] {processor.py:927} WARNING - No viable dags retrieved from /Users/yoonmoon/git/learn-airflow/airflow1/py_env/lib/python3.11/site-packages/airflow/example_dags/example_local_kubernetes_executor.py
[2024-11-13T20:40:21.927+1100] {processor.py:208} INFO - Processing /Users/yoonmoon/git/learn-airflow/airflow1/py_env/lib/python3.11/site-packages/airflow/example_dags/example_local_kubernetes_executor.py took 0.073 seconds
[2024-11-13T20:42:42.362+1100] {processor.py:186} INFO - Started process (PID=72626) to work on /Users/yoonmoon/git/learn-airflow/airflow1/py_env/lib/python3.11/site-packages/airflow/example_dags/example_local_kubernetes_executor.py
[2024-11-13T20:42:42.363+1100] {processor.py:914} INFO - Processing file /Users/yoonmoon/git/learn-airflow/airflow1/py_env/lib/python3.11/site-packages/airflow/example_dags/example_local_kubernetes_executor.py for tasks to queue
[2024-11-13T20:42:42.363+1100] {logging_mixin.py:190} INFO - [2024-11-13T20:42:42.363+1100] {dagbag.py:588} INFO - Filling up the DagBag from /Users/yoonmoon/git/learn-airflow/airflow1/py_env/lib/python3.11/site-packages/airflow/example_dags/example_local_kubernetes_executor.py
[2024-11-13T20:42:42.376+1100] {logging_mixin.py:190} INFO - [2024-11-13T20:42:42.376+1100] {example_local_kubernetes_executor.py:40} WARNING - Could not import DAGs in example_local_kubernetes_executor.py
Traceback (most recent call last):
  File "/Users/yoonmoon/git/learn-airflow/airflow1/py_env/lib/python3.11/site-packages/airflow/example_dags/example_local_kubernetes_executor.py", line 38, in <module>
    from kubernetes.client import models as k8s
ModuleNotFoundError: No module named 'kubernetes'
[2024-11-13T20:42:42.376+1100] {logging_mixin.py:190} INFO - [2024-11-13T20:42:42.376+1100] {example_local_kubernetes_executor.py:41} WARNING - Install Kubernetes dependencies with: pip install apache-airflow[cncf.kubernetes]
[2024-11-13T20:42:42.376+1100] {processor.py:927} WARNING - No viable dags retrieved from /Users/yoonmoon/git/learn-airflow/airflow1/py_env/lib/python3.11/site-packages/airflow/example_dags/example_local_kubernetes_executor.py
[2024-11-13T20:42:42.431+1100] {processor.py:208} INFO - Processing /Users/yoonmoon/git/learn-airflow/airflow1/py_env/lib/python3.11/site-packages/airflow/example_dags/example_local_kubernetes_executor.py took 0.070 seconds
[2024-11-13T20:45:02.087+1100] {processor.py:186} INFO - Started process (PID=72898) to work on /Users/yoonmoon/git/learn-airflow/airflow1/py_env/lib/python3.11/site-packages/airflow/example_dags/example_local_kubernetes_executor.py
[2024-11-13T20:45:02.088+1100] {processor.py:914} INFO - Processing file /Users/yoonmoon/git/learn-airflow/airflow1/py_env/lib/python3.11/site-packages/airflow/example_dags/example_local_kubernetes_executor.py for tasks to queue
[2024-11-13T20:45:02.088+1100] {logging_mixin.py:190} INFO - [2024-11-13T20:45:02.088+1100] {dagbag.py:588} INFO - Filling up the DagBag from /Users/yoonmoon/git/learn-airflow/airflow1/py_env/lib/python3.11/site-packages/airflow/example_dags/example_local_kubernetes_executor.py
[2024-11-13T20:45:02.103+1100] {logging_mixin.py:190} INFO - [2024-11-13T20:45:02.102+1100] {example_local_kubernetes_executor.py:40} WARNING - Could not import DAGs in example_local_kubernetes_executor.py
Traceback (most recent call last):
  File "/Users/yoonmoon/git/learn-airflow/airflow1/py_env/lib/python3.11/site-packages/airflow/example_dags/example_local_kubernetes_executor.py", line 38, in <module>
    from kubernetes.client import models as k8s
ModuleNotFoundError: No module named 'kubernetes'
[2024-11-13T20:45:02.103+1100] {logging_mixin.py:190} INFO - [2024-11-13T20:45:02.103+1100] {example_local_kubernetes_executor.py:41} WARNING - Install Kubernetes dependencies with: pip install apache-airflow[cncf.kubernetes]
[2024-11-13T20:45:02.103+1100] {processor.py:927} WARNING - No viable dags retrieved from /Users/yoonmoon/git/learn-airflow/airflow1/py_env/lib/python3.11/site-packages/airflow/example_dags/example_local_kubernetes_executor.py
[2024-11-13T20:45:02.167+1100] {processor.py:208} INFO - Processing /Users/yoonmoon/git/learn-airflow/airflow1/py_env/lib/python3.11/site-packages/airflow/example_dags/example_local_kubernetes_executor.py took 0.083 seconds
[2024-11-13T20:47:23.127+1100] {processor.py:186} INFO - Started process (PID=73165) to work on /Users/yoonmoon/git/learn-airflow/airflow1/py_env/lib/python3.11/site-packages/airflow/example_dags/example_local_kubernetes_executor.py
[2024-11-13T20:47:23.128+1100] {processor.py:914} INFO - Processing file /Users/yoonmoon/git/learn-airflow/airflow1/py_env/lib/python3.11/site-packages/airflow/example_dags/example_local_kubernetes_executor.py for tasks to queue
[2024-11-13T20:47:23.129+1100] {logging_mixin.py:190} INFO - [2024-11-13T20:47:23.129+1100] {dagbag.py:588} INFO - Filling up the DagBag from /Users/yoonmoon/git/learn-airflow/airflow1/py_env/lib/python3.11/site-packages/airflow/example_dags/example_local_kubernetes_executor.py
[2024-11-13T20:47:23.143+1100] {logging_mixin.py:190} INFO - [2024-11-13T20:47:23.143+1100] {example_local_kubernetes_executor.py:40} WARNING - Could not import DAGs in example_local_kubernetes_executor.py
Traceback (most recent call last):
  File "/Users/yoonmoon/git/learn-airflow/airflow1/py_env/lib/python3.11/site-packages/airflow/example_dags/example_local_kubernetes_executor.py", line 38, in <module>
    from kubernetes.client import models as k8s
ModuleNotFoundError: No module named 'kubernetes'
[2024-11-13T20:47:23.143+1100] {logging_mixin.py:190} INFO - [2024-11-13T20:47:23.143+1100] {example_local_kubernetes_executor.py:41} WARNING - Install Kubernetes dependencies with: pip install apache-airflow[cncf.kubernetes]
[2024-11-13T20:47:23.143+1100] {processor.py:927} WARNING - No viable dags retrieved from /Users/yoonmoon/git/learn-airflow/airflow1/py_env/lib/python3.11/site-packages/airflow/example_dags/example_local_kubernetes_executor.py
[2024-11-13T20:47:23.203+1100] {processor.py:208} INFO - Processing /Users/yoonmoon/git/learn-airflow/airflow1/py_env/lib/python3.11/site-packages/airflow/example_dags/example_local_kubernetes_executor.py took 0.077 seconds
[2024-11-13T20:49:49.115+1100] {processor.py:186} INFO - Started process (PID=73441) to work on /Users/yoonmoon/git/learn-airflow/airflow1/py_env/lib/python3.11/site-packages/airflow/example_dags/example_local_kubernetes_executor.py
[2024-11-13T20:49:49.116+1100] {processor.py:914} INFO - Processing file /Users/yoonmoon/git/learn-airflow/airflow1/py_env/lib/python3.11/site-packages/airflow/example_dags/example_local_kubernetes_executor.py for tasks to queue
[2024-11-13T20:49:49.117+1100] {logging_mixin.py:190} INFO - [2024-11-13T20:49:49.117+1100] {dagbag.py:588} INFO - Filling up the DagBag from /Users/yoonmoon/git/learn-airflow/airflow1/py_env/lib/python3.11/site-packages/airflow/example_dags/example_local_kubernetes_executor.py
[2024-11-13T20:49:49.130+1100] {logging_mixin.py:190} INFO - [2024-11-13T20:49:49.130+1100] {example_local_kubernetes_executor.py:40} WARNING - Could not import DAGs in example_local_kubernetes_executor.py
Traceback (most recent call last):
  File "/Users/yoonmoon/git/learn-airflow/airflow1/py_env/lib/python3.11/site-packages/airflow/example_dags/example_local_kubernetes_executor.py", line 38, in <module>
    from kubernetes.client import models as k8s
ModuleNotFoundError: No module named 'kubernetes'
[2024-11-13T20:49:49.130+1100] {logging_mixin.py:190} INFO - [2024-11-13T20:49:49.130+1100] {example_local_kubernetes_executor.py:41} WARNING - Install Kubernetes dependencies with: pip install apache-airflow[cncf.kubernetes]
[2024-11-13T20:49:49.130+1100] {processor.py:927} WARNING - No viable dags retrieved from /Users/yoonmoon/git/learn-airflow/airflow1/py_env/lib/python3.11/site-packages/airflow/example_dags/example_local_kubernetes_executor.py
[2024-11-13T20:49:49.187+1100] {processor.py:208} INFO - Processing /Users/yoonmoon/git/learn-airflow/airflow1/py_env/lib/python3.11/site-packages/airflow/example_dags/example_local_kubernetes_executor.py took 0.074 seconds
