[2024-11-13T19:29:26.751+1100] {processor.py:186} INFO - Started process (PID=63735) to work on /Users/yoonmoon/git/learn-airflow/airflow1/py_env/lib/python3.11/site-packages/airflow/example_dags/example_sensors.py
[2024-11-13T19:29:26.752+1100] {processor.py:914} INFO - Processing file /Users/yoonmoon/git/learn-airflow/airflow1/py_env/lib/python3.11/site-packages/airflow/example_dags/example_sensors.py for tasks to queue
[2024-11-13T19:29:26.752+1100] {logging_mixin.py:190} INFO - [2024-11-13T19:29:26.752+1100] {dagbag.py:588} INFO - Filling up the DagBag from /Users/yoonmoon/git/learn-airflow/airflow1/py_env/lib/python3.11/site-packages/airflow/example_dags/example_sensors.py
[2024-11-13T19:29:26.758+1100] {processor.py:925} INFO - DAG(s) 'example_sensors' retrieved from /Users/yoonmoon/git/learn-airflow/airflow1/py_env/lib/python3.11/site-packages/airflow/example_dags/example_sensors.py
[2024-11-13T19:29:26.828+1100] {logging_mixin.py:190} INFO - [2024-11-13T19:29:26.827+1100] {workday.py:41} WARNING - Could not import pandas. Holidays will not be considered.
[2024-11-13T19:29:26.870+1100] {logging_mixin.py:190} INFO - [2024-11-13T19:29:26.870+1100] {override.py:1911} INFO - Created Permission View: can read on DAG:example_sensors
[2024-11-13T19:29:26.873+1100] {logging_mixin.py:190} INFO - [2024-11-13T19:29:26.873+1100] {override.py:1911} INFO - Created Permission View: can delete on DAG:example_sensors
[2024-11-13T19:29:26.876+1100] {logging_mixin.py:190} INFO - [2024-11-13T19:29:26.876+1100] {override.py:1911} INFO - Created Permission View: can edit on DAG:example_sensors
[2024-11-13T19:29:26.879+1100] {logging_mixin.py:190} INFO - [2024-11-13T19:29:26.879+1100] {override.py:1911} INFO - Created Permission View: can read on DAG Run:example_sensors
[2024-11-13T19:29:26.881+1100] {logging_mixin.py:190} INFO - [2024-11-13T19:29:26.880+1100] {override.py:1911} INFO - Created Permission View: can delete on DAG Run:example_sensors
[2024-11-13T19:29:26.883+1100] {logging_mixin.py:190} INFO - [2024-11-13T19:29:26.882+1100] {override.py:1911} INFO - Created Permission View: menu access on DAG Run:example_sensors
[2024-11-13T19:29:26.885+1100] {logging_mixin.py:190} INFO - [2024-11-13T19:29:26.885+1100] {override.py:1911} INFO - Created Permission View: can create on DAG Run:example_sensors
[2024-11-13T19:29:26.885+1100] {logging_mixin.py:190} INFO - [2024-11-13T19:29:26.885+1100] {dag.py:3239} INFO - Sync 1 DAGs
[2024-11-13T19:29:26.889+1100] {logging_mixin.py:190} INFO - [2024-11-13T19:29:26.889+1100] {dag.py:3262} INFO - Creating ORM DAG for example_sensors
[2024-11-13T19:29:26.889+1100] {logging_mixin.py:190} INFO - [2024-11-13T19:29:26.889+1100] {dag.py:4180} INFO - Setting next_dagrun for example_sensors to None, run_after=None
[2024-11-13T19:29:26.895+1100] {processor.py:208} INFO - Processing /Users/yoonmoon/git/learn-airflow/airflow1/py_env/lib/python3.11/site-packages/airflow/example_dags/example_sensors.py took 0.146 seconds
[2024-11-13T19:31:07.858+1100] {processor.py:186} INFO - Started process (PID=63947) to work on /Users/yoonmoon/git/learn-airflow/airflow1/py_env/lib/python3.11/site-packages/airflow/example_dags/example_sensors.py
[2024-11-13T19:31:07.859+1100] {processor.py:914} INFO - Processing file /Users/yoonmoon/git/learn-airflow/airflow1/py_env/lib/python3.11/site-packages/airflow/example_dags/example_sensors.py for tasks to queue
[2024-11-13T19:31:07.860+1100] {logging_mixin.py:190} INFO - [2024-11-13T19:31:07.860+1100] {dagbag.py:588} INFO - Filling up the DagBag from /Users/yoonmoon/git/learn-airflow/airflow1/py_env/lib/python3.11/site-packages/airflow/example_dags/example_sensors.py
[2024-11-13T19:31:07.867+1100] {processor.py:925} INFO - DAG(s) 'example_sensors' retrieved from /Users/yoonmoon/git/learn-airflow/airflow1/py_env/lib/python3.11/site-packages/airflow/example_dags/example_sensors.py
[2024-11-13T19:31:07.926+1100] {logging_mixin.py:190} INFO - [2024-11-13T19:31:07.926+1100] {workday.py:41} WARNING - Could not import pandas. Holidays will not be considered.
[2024-11-13T19:31:07.934+1100] {logging_mixin.py:190} INFO - [2024-11-13T19:31:07.934+1100] {dag.py:3239} INFO - Sync 1 DAGs
[2024-11-13T19:31:07.938+1100] {logging_mixin.py:190} INFO - [2024-11-13T19:31:07.938+1100] {dag.py:4180} INFO - Setting next_dagrun for example_sensors to None, run_after=None
[2024-11-13T19:31:07.944+1100] {processor.py:208} INFO - Processing /Users/yoonmoon/git/learn-airflow/airflow1/py_env/lib/python3.11/site-packages/airflow/example_dags/example_sensors.py took 0.088 seconds
[2024-11-13T19:33:27.315+1100] {processor.py:186} INFO - Started process (PID=64338) to work on /Users/yoonmoon/git/learn-airflow/airflow1/py_env/lib/python3.11/site-packages/airflow/example_dags/example_sensors.py
[2024-11-13T19:33:27.317+1100] {processor.py:914} INFO - Processing file /Users/yoonmoon/git/learn-airflow/airflow1/py_env/lib/python3.11/site-packages/airflow/example_dags/example_sensors.py for tasks to queue
[2024-11-13T19:33:27.318+1100] {logging_mixin.py:190} INFO - [2024-11-13T19:33:27.318+1100] {dagbag.py:588} INFO - Filling up the DagBag from /Users/yoonmoon/git/learn-airflow/airflow1/py_env/lib/python3.11/site-packages/airflow/example_dags/example_sensors.py
[2024-11-13T19:33:27.325+1100] {processor.py:925} INFO - DAG(s) 'example_sensors' retrieved from /Users/yoonmoon/git/learn-airflow/airflow1/py_env/lib/python3.11/site-packages/airflow/example_dags/example_sensors.py
[2024-11-13T19:33:27.388+1100] {logging_mixin.py:190} INFO - [2024-11-13T19:33:27.388+1100] {workday.py:41} WARNING - Could not import pandas. Holidays will not be considered.
[2024-11-13T19:33:27.397+1100] {logging_mixin.py:190} INFO - [2024-11-13T19:33:27.397+1100] {dag.py:3239} INFO - Sync 1 DAGs
[2024-11-13T19:33:27.401+1100] {logging_mixin.py:190} INFO - [2024-11-13T19:33:27.401+1100] {dag.py:4180} INFO - Setting next_dagrun for example_sensors to None, run_after=None
[2024-11-13T19:33:27.407+1100] {processor.py:208} INFO - Processing /Users/yoonmoon/git/learn-airflow/airflow1/py_env/lib/python3.11/site-packages/airflow/example_dags/example_sensors.py took 0.094 seconds
[2024-11-13T19:36:04.609+1100] {processor.py:186} INFO - Started process (PID=64837) to work on /Users/yoonmoon/git/learn-airflow/airflow1/py_env/lib/python3.11/site-packages/airflow/example_dags/example_sensors.py
[2024-11-13T19:36:04.610+1100] {processor.py:914} INFO - Processing file /Users/yoonmoon/git/learn-airflow/airflow1/py_env/lib/python3.11/site-packages/airflow/example_dags/example_sensors.py for tasks to queue
[2024-11-13T19:36:04.611+1100] {logging_mixin.py:190} INFO - [2024-11-13T19:36:04.611+1100] {dagbag.py:588} INFO - Filling up the DagBag from /Users/yoonmoon/git/learn-airflow/airflow1/py_env/lib/python3.11/site-packages/airflow/example_dags/example_sensors.py
[2024-11-13T19:36:04.618+1100] {processor.py:925} INFO - DAG(s) 'example_sensors' retrieved from /Users/yoonmoon/git/learn-airflow/airflow1/py_env/lib/python3.11/site-packages/airflow/example_dags/example_sensors.py
[2024-11-13T19:36:04.674+1100] {logging_mixin.py:190} INFO - [2024-11-13T19:36:04.674+1100] {workday.py:41} WARNING - Could not import pandas. Holidays will not be considered.
[2024-11-13T19:36:04.683+1100] {logging_mixin.py:190} INFO - [2024-11-13T19:36:04.683+1100] {dag.py:3239} INFO - Sync 1 DAGs
[2024-11-13T19:36:04.686+1100] {logging_mixin.py:190} INFO - [2024-11-13T19:36:04.686+1100] {dag.py:4180} INFO - Setting next_dagrun for example_sensors to None, run_after=None
[2024-11-13T19:36:04.692+1100] {processor.py:208} INFO - Processing /Users/yoonmoon/git/learn-airflow/airflow1/py_env/lib/python3.11/site-packages/airflow/example_dags/example_sensors.py took 0.086 seconds
[2024-11-13T19:37:28.539+1100] {processor.py:186} INFO - Started process (PID=65008) to work on /Users/yoonmoon/git/learn-airflow/airflow1/py_env/lib/python3.11/site-packages/airflow/example_dags/example_sensors.py
[2024-11-13T19:37:28.541+1100] {processor.py:914} INFO - Processing file /Users/yoonmoon/git/learn-airflow/airflow1/py_env/lib/python3.11/site-packages/airflow/example_dags/example_sensors.py for tasks to queue
[2024-11-13T19:37:28.541+1100] {logging_mixin.py:190} INFO - [2024-11-13T19:37:28.541+1100] {dagbag.py:588} INFO - Filling up the DagBag from /Users/yoonmoon/git/learn-airflow/airflow1/py_env/lib/python3.11/site-packages/airflow/example_dags/example_sensors.py
[2024-11-13T19:37:28.548+1100] {processor.py:925} INFO - DAG(s) 'example_sensors' retrieved from /Users/yoonmoon/git/learn-airflow/airflow1/py_env/lib/python3.11/site-packages/airflow/example_dags/example_sensors.py
[2024-11-13T19:37:28.605+1100] {logging_mixin.py:190} INFO - [2024-11-13T19:37:28.605+1100] {workday.py:41} WARNING - Could not import pandas. Holidays will not be considered.
[2024-11-13T19:37:28.613+1100] {logging_mixin.py:190} INFO - [2024-11-13T19:37:28.613+1100] {dag.py:3239} INFO - Sync 1 DAGs
[2024-11-13T19:37:28.617+1100] {logging_mixin.py:190} INFO - [2024-11-13T19:37:28.617+1100] {dag.py:4180} INFO - Setting next_dagrun for example_sensors to None, run_after=None
[2024-11-13T19:37:28.623+1100] {processor.py:208} INFO - Processing /Users/yoonmoon/git/learn-airflow/airflow1/py_env/lib/python3.11/site-packages/airflow/example_dags/example_sensors.py took 0.086 seconds
[2024-11-13T19:39:43.991+1100] {processor.py:186} INFO - Started process (PID=65282) to work on /Users/yoonmoon/git/learn-airflow/airflow1/py_env/lib/python3.11/site-packages/airflow/example_dags/example_sensors.py
[2024-11-13T19:39:43.992+1100] {processor.py:914} INFO - Processing file /Users/yoonmoon/git/learn-airflow/airflow1/py_env/lib/python3.11/site-packages/airflow/example_dags/example_sensors.py for tasks to queue
[2024-11-13T19:39:43.993+1100] {logging_mixin.py:190} INFO - [2024-11-13T19:39:43.993+1100] {dagbag.py:588} INFO - Filling up the DagBag from /Users/yoonmoon/git/learn-airflow/airflow1/py_env/lib/python3.11/site-packages/airflow/example_dags/example_sensors.py
[2024-11-13T19:39:44.000+1100] {processor.py:925} INFO - DAG(s) 'example_sensors' retrieved from /Users/yoonmoon/git/learn-airflow/airflow1/py_env/lib/python3.11/site-packages/airflow/example_dags/example_sensors.py
[2024-11-13T19:39:44.056+1100] {logging_mixin.py:190} INFO - [2024-11-13T19:39:44.055+1100] {workday.py:41} WARNING - Could not import pandas. Holidays will not be considered.
[2024-11-13T19:39:44.063+1100] {logging_mixin.py:190} INFO - [2024-11-13T19:39:44.063+1100] {dag.py:3239} INFO - Sync 1 DAGs
[2024-11-13T19:39:44.067+1100] {logging_mixin.py:190} INFO - [2024-11-13T19:39:44.067+1100] {dag.py:4180} INFO - Setting next_dagrun for example_sensors to None, run_after=None
[2024-11-13T19:39:44.074+1100] {processor.py:208} INFO - Processing /Users/yoonmoon/git/learn-airflow/airflow1/py_env/lib/python3.11/site-packages/airflow/example_dags/example_sensors.py took 0.085 seconds
[2024-11-13T19:42:02.417+1100] {processor.py:186} INFO - Started process (PID=65580) to work on /Users/yoonmoon/git/learn-airflow/airflow1/py_env/lib/python3.11/site-packages/airflow/example_dags/example_sensors.py
[2024-11-13T19:42:02.419+1100] {processor.py:914} INFO - Processing file /Users/yoonmoon/git/learn-airflow/airflow1/py_env/lib/python3.11/site-packages/airflow/example_dags/example_sensors.py for tasks to queue
[2024-11-13T19:42:02.419+1100] {logging_mixin.py:190} INFO - [2024-11-13T19:42:02.419+1100] {dagbag.py:588} INFO - Filling up the DagBag from /Users/yoonmoon/git/learn-airflow/airflow1/py_env/lib/python3.11/site-packages/airflow/example_dags/example_sensors.py
[2024-11-13T19:42:02.426+1100] {processor.py:925} INFO - DAG(s) 'example_sensors' retrieved from /Users/yoonmoon/git/learn-airflow/airflow1/py_env/lib/python3.11/site-packages/airflow/example_dags/example_sensors.py
[2024-11-13T19:42:02.484+1100] {logging_mixin.py:190} INFO - [2024-11-13T19:42:02.484+1100] {workday.py:41} WARNING - Could not import pandas. Holidays will not be considered.
[2024-11-13T19:42:02.493+1100] {logging_mixin.py:190} INFO - [2024-11-13T19:42:02.493+1100] {dag.py:3239} INFO - Sync 1 DAGs
[2024-11-13T19:42:02.496+1100] {logging_mixin.py:190} INFO - [2024-11-13T19:42:02.496+1100] {dag.py:4180} INFO - Setting next_dagrun for example_sensors to None, run_after=None
[2024-11-13T19:42:02.502+1100] {processor.py:208} INFO - Processing /Users/yoonmoon/git/learn-airflow/airflow1/py_env/lib/python3.11/site-packages/airflow/example_dags/example_sensors.py took 0.088 seconds
[2024-11-13T19:44:20.732+1100] {processor.py:186} INFO - Started process (PID=65850) to work on /Users/yoonmoon/git/learn-airflow/airflow1/py_env/lib/python3.11/site-packages/airflow/example_dags/example_sensors.py
[2024-11-13T19:44:20.733+1100] {processor.py:914} INFO - Processing file /Users/yoonmoon/git/learn-airflow/airflow1/py_env/lib/python3.11/site-packages/airflow/example_dags/example_sensors.py for tasks to queue
[2024-11-13T19:44:20.734+1100] {logging_mixin.py:190} INFO - [2024-11-13T19:44:20.733+1100] {dagbag.py:588} INFO - Filling up the DagBag from /Users/yoonmoon/git/learn-airflow/airflow1/py_env/lib/python3.11/site-packages/airflow/example_dags/example_sensors.py
[2024-11-13T19:44:20.741+1100] {processor.py:925} INFO - DAG(s) 'example_sensors' retrieved from /Users/yoonmoon/git/learn-airflow/airflow1/py_env/lib/python3.11/site-packages/airflow/example_dags/example_sensors.py
[2024-11-13T19:44:20.796+1100] {logging_mixin.py:190} INFO - [2024-11-13T19:44:20.796+1100] {workday.py:41} WARNING - Could not import pandas. Holidays will not be considered.
[2024-11-13T19:44:20.804+1100] {logging_mixin.py:190} INFO - [2024-11-13T19:44:20.804+1100] {dag.py:3239} INFO - Sync 1 DAGs
[2024-11-13T19:44:20.807+1100] {logging_mixin.py:190} INFO - [2024-11-13T19:44:20.807+1100] {dag.py:4180} INFO - Setting next_dagrun for example_sensors to None, run_after=None
[2024-11-13T19:44:20.814+1100] {processor.py:208} INFO - Processing /Users/yoonmoon/git/learn-airflow/airflow1/py_env/lib/python3.11/site-packages/airflow/example_dags/example_sensors.py took 0.085 seconds
[2024-11-13T19:46:31.352+1100] {processor.py:186} INFO - Started process (PID=66100) to work on /Users/yoonmoon/git/learn-airflow/airflow1/py_env/lib/python3.11/site-packages/airflow/example_dags/example_sensors.py
[2024-11-13T19:46:31.353+1100] {processor.py:914} INFO - Processing file /Users/yoonmoon/git/learn-airflow/airflow1/py_env/lib/python3.11/site-packages/airflow/example_dags/example_sensors.py for tasks to queue
[2024-11-13T19:46:31.354+1100] {logging_mixin.py:190} INFO - [2024-11-13T19:46:31.353+1100] {dagbag.py:588} INFO - Filling up the DagBag from /Users/yoonmoon/git/learn-airflow/airflow1/py_env/lib/python3.11/site-packages/airflow/example_dags/example_sensors.py
[2024-11-13T19:46:31.360+1100] {processor.py:925} INFO - DAG(s) 'example_sensors' retrieved from /Users/yoonmoon/git/learn-airflow/airflow1/py_env/lib/python3.11/site-packages/airflow/example_dags/example_sensors.py
[2024-11-13T19:46:31.417+1100] {logging_mixin.py:190} INFO - [2024-11-13T19:46:31.417+1100] {workday.py:41} WARNING - Could not import pandas. Holidays will not be considered.
[2024-11-13T19:46:31.425+1100] {logging_mixin.py:190} INFO - [2024-11-13T19:46:31.425+1100] {dag.py:3239} INFO - Sync 1 DAGs
[2024-11-13T19:46:31.428+1100] {logging_mixin.py:190} INFO - [2024-11-13T19:46:31.428+1100] {dag.py:4180} INFO - Setting next_dagrun for example_sensors to None, run_after=None
[2024-11-13T19:46:31.434+1100] {processor.py:208} INFO - Processing /Users/yoonmoon/git/learn-airflow/airflow1/py_env/lib/python3.11/site-packages/airflow/example_dags/example_sensors.py took 0.085 seconds
[2024-11-13T19:48:45.539+1100] {processor.py:186} INFO - Started process (PID=66346) to work on /Users/yoonmoon/git/learn-airflow/airflow1/py_env/lib/python3.11/site-packages/airflow/example_dags/example_sensors.py
[2024-11-13T19:48:45.540+1100] {processor.py:914} INFO - Processing file /Users/yoonmoon/git/learn-airflow/airflow1/py_env/lib/python3.11/site-packages/airflow/example_dags/example_sensors.py for tasks to queue
[2024-11-13T19:48:45.541+1100] {logging_mixin.py:190} INFO - [2024-11-13T19:48:45.540+1100] {dagbag.py:588} INFO - Filling up the DagBag from /Users/yoonmoon/git/learn-airflow/airflow1/py_env/lib/python3.11/site-packages/airflow/example_dags/example_sensors.py
[2024-11-13T19:48:45.547+1100] {processor.py:925} INFO - DAG(s) 'example_sensors' retrieved from /Users/yoonmoon/git/learn-airflow/airflow1/py_env/lib/python3.11/site-packages/airflow/example_dags/example_sensors.py
[2024-11-13T19:48:45.603+1100] {logging_mixin.py:190} INFO - [2024-11-13T19:48:45.603+1100] {workday.py:41} WARNING - Could not import pandas. Holidays will not be considered.
[2024-11-13T19:48:45.611+1100] {logging_mixin.py:190} INFO - [2024-11-13T19:48:45.611+1100] {dag.py:3239} INFO - Sync 1 DAGs
[2024-11-13T19:48:45.615+1100] {logging_mixin.py:190} INFO - [2024-11-13T19:48:45.615+1100] {dag.py:4180} INFO - Setting next_dagrun for example_sensors to None, run_after=None
[2024-11-13T19:48:45.622+1100] {processor.py:208} INFO - Processing /Users/yoonmoon/git/learn-airflow/airflow1/py_env/lib/python3.11/site-packages/airflow/example_dags/example_sensors.py took 0.085 seconds
[2024-11-13T19:50:54.691+1100] {processor.py:186} INFO - Started process (PID=66584) to work on /Users/yoonmoon/git/learn-airflow/airflow1/py_env/lib/python3.11/site-packages/airflow/example_dags/example_sensors.py
[2024-11-13T19:50:54.692+1100] {processor.py:914} INFO - Processing file /Users/yoonmoon/git/learn-airflow/airflow1/py_env/lib/python3.11/site-packages/airflow/example_dags/example_sensors.py for tasks to queue
[2024-11-13T19:50:54.693+1100] {logging_mixin.py:190} INFO - [2024-11-13T19:50:54.693+1100] {dagbag.py:588} INFO - Filling up the DagBag from /Users/yoonmoon/git/learn-airflow/airflow1/py_env/lib/python3.11/site-packages/airflow/example_dags/example_sensors.py
[2024-11-13T19:50:54.700+1100] {processor.py:925} INFO - DAG(s) 'example_sensors' retrieved from /Users/yoonmoon/git/learn-airflow/airflow1/py_env/lib/python3.11/site-packages/airflow/example_dags/example_sensors.py
[2024-11-13T19:50:54.757+1100] {logging_mixin.py:190} INFO - [2024-11-13T19:50:54.757+1100] {workday.py:41} WARNING - Could not import pandas. Holidays will not be considered.
[2024-11-13T19:50:54.766+1100] {logging_mixin.py:190} INFO - [2024-11-13T19:50:54.765+1100] {dag.py:3239} INFO - Sync 1 DAGs
[2024-11-13T19:50:54.769+1100] {logging_mixin.py:190} INFO - [2024-11-13T19:50:54.769+1100] {dag.py:4180} INFO - Setting next_dagrun for example_sensors to None, run_after=None
[2024-11-13T19:50:54.775+1100] {processor.py:208} INFO - Processing /Users/yoonmoon/git/learn-airflow/airflow1/py_env/lib/python3.11/site-packages/airflow/example_dags/example_sensors.py took 0.087 seconds
[2024-11-13T19:53:13.925+1100] {processor.py:186} INFO - Started process (PID=66830) to work on /Users/yoonmoon/git/learn-airflow/airflow1/py_env/lib/python3.11/site-packages/airflow/example_dags/example_sensors.py
[2024-11-13T19:53:13.926+1100] {processor.py:914} INFO - Processing file /Users/yoonmoon/git/learn-airflow/airflow1/py_env/lib/python3.11/site-packages/airflow/example_dags/example_sensors.py for tasks to queue
[2024-11-13T19:53:13.926+1100] {logging_mixin.py:190} INFO - [2024-11-13T19:53:13.926+1100] {dagbag.py:588} INFO - Filling up the DagBag from /Users/yoonmoon/git/learn-airflow/airflow1/py_env/lib/python3.11/site-packages/airflow/example_dags/example_sensors.py
[2024-11-13T19:53:13.935+1100] {processor.py:925} INFO - DAG(s) 'example_sensors' retrieved from /Users/yoonmoon/git/learn-airflow/airflow1/py_env/lib/python3.11/site-packages/airflow/example_dags/example_sensors.py
[2024-11-13T19:53:13.994+1100] {logging_mixin.py:190} INFO - [2024-11-13T19:53:13.994+1100] {workday.py:41} WARNING - Could not import pandas. Holidays will not be considered.
[2024-11-13T19:53:14.003+1100] {logging_mixin.py:190} INFO - [2024-11-13T19:53:14.003+1100] {dag.py:3239} INFO - Sync 1 DAGs
[2024-11-13T19:53:14.006+1100] {logging_mixin.py:190} INFO - [2024-11-13T19:53:14.006+1100] {dag.py:4180} INFO - Setting next_dagrun for example_sensors to None, run_after=None
[2024-11-13T19:53:14.013+1100] {processor.py:208} INFO - Processing /Users/yoonmoon/git/learn-airflow/airflow1/py_env/lib/python3.11/site-packages/airflow/example_dags/example_sensors.py took 0.090 seconds
[2024-11-13T19:55:35.587+1100] {processor.py:186} INFO - Started process (PID=67123) to work on /Users/yoonmoon/git/learn-airflow/airflow1/py_env/lib/python3.11/site-packages/airflow/example_dags/example_sensors.py
[2024-11-13T19:55:35.587+1100] {processor.py:914} INFO - Processing file /Users/yoonmoon/git/learn-airflow/airflow1/py_env/lib/python3.11/site-packages/airflow/example_dags/example_sensors.py for tasks to queue
[2024-11-13T19:55:35.588+1100] {logging_mixin.py:190} INFO - [2024-11-13T19:55:35.588+1100] {dagbag.py:588} INFO - Filling up the DagBag from /Users/yoonmoon/git/learn-airflow/airflow1/py_env/lib/python3.11/site-packages/airflow/example_dags/example_sensors.py
[2024-11-13T19:55:35.595+1100] {processor.py:925} INFO - DAG(s) 'example_sensors' retrieved from /Users/yoonmoon/git/learn-airflow/airflow1/py_env/lib/python3.11/site-packages/airflow/example_dags/example_sensors.py
[2024-11-13T19:55:35.652+1100] {logging_mixin.py:190} INFO - [2024-11-13T19:55:35.652+1100] {workday.py:41} WARNING - Could not import pandas. Holidays will not be considered.
[2024-11-13T19:55:35.660+1100] {logging_mixin.py:190} INFO - [2024-11-13T19:55:35.660+1100] {dag.py:3239} INFO - Sync 1 DAGs
[2024-11-13T19:55:35.663+1100] {logging_mixin.py:190} INFO - [2024-11-13T19:55:35.663+1100] {dag.py:4180} INFO - Setting next_dagrun for example_sensors to None, run_after=None
[2024-11-13T19:55:35.669+1100] {processor.py:208} INFO - Processing /Users/yoonmoon/git/learn-airflow/airflow1/py_env/lib/python3.11/site-packages/airflow/example_dags/example_sensors.py took 0.085 seconds
[2024-11-13T19:57:52.277+1100] {processor.py:186} INFO - Started process (PID=67371) to work on /Users/yoonmoon/git/learn-airflow/airflow1/py_env/lib/python3.11/site-packages/airflow/example_dags/example_sensors.py
[2024-11-13T19:57:52.278+1100] {processor.py:914} INFO - Processing file /Users/yoonmoon/git/learn-airflow/airflow1/py_env/lib/python3.11/site-packages/airflow/example_dags/example_sensors.py for tasks to queue
[2024-11-13T19:57:52.278+1100] {logging_mixin.py:190} INFO - [2024-11-13T19:57:52.278+1100] {dagbag.py:588} INFO - Filling up the DagBag from /Users/yoonmoon/git/learn-airflow/airflow1/py_env/lib/python3.11/site-packages/airflow/example_dags/example_sensors.py
[2024-11-13T19:57:52.285+1100] {processor.py:925} INFO - DAG(s) 'example_sensors' retrieved from /Users/yoonmoon/git/learn-airflow/airflow1/py_env/lib/python3.11/site-packages/airflow/example_dags/example_sensors.py
[2024-11-13T19:57:52.342+1100] {logging_mixin.py:190} INFO - [2024-11-13T19:57:52.342+1100] {workday.py:41} WARNING - Could not import pandas. Holidays will not be considered.
[2024-11-13T19:57:52.351+1100] {logging_mixin.py:190} INFO - [2024-11-13T19:57:52.351+1100] {dag.py:3239} INFO - Sync 1 DAGs
[2024-11-13T19:57:52.354+1100] {logging_mixin.py:190} INFO - [2024-11-13T19:57:52.354+1100] {dag.py:4180} INFO - Setting next_dagrun for example_sensors to None, run_after=None
[2024-11-13T19:57:52.360+1100] {processor.py:208} INFO - Processing /Users/yoonmoon/git/learn-airflow/airflow1/py_env/lib/python3.11/site-packages/airflow/example_dags/example_sensors.py took 0.086 seconds
[2024-11-13T20:00:07.972+1100] {processor.py:186} INFO - Started process (PID=67619) to work on /Users/yoonmoon/git/learn-airflow/airflow1/py_env/lib/python3.11/site-packages/airflow/example_dags/example_sensors.py
[2024-11-13T20:00:07.974+1100] {processor.py:914} INFO - Processing file /Users/yoonmoon/git/learn-airflow/airflow1/py_env/lib/python3.11/site-packages/airflow/example_dags/example_sensors.py for tasks to queue
[2024-11-13T20:00:07.974+1100] {logging_mixin.py:190} INFO - [2024-11-13T20:00:07.974+1100] {dagbag.py:588} INFO - Filling up the DagBag from /Users/yoonmoon/git/learn-airflow/airflow1/py_env/lib/python3.11/site-packages/airflow/example_dags/example_sensors.py
[2024-11-13T20:00:07.981+1100] {processor.py:925} INFO - DAG(s) 'example_sensors' retrieved from /Users/yoonmoon/git/learn-airflow/airflow1/py_env/lib/python3.11/site-packages/airflow/example_dags/example_sensors.py
[2024-11-13T20:00:08.038+1100] {logging_mixin.py:190} INFO - [2024-11-13T20:00:08.038+1100] {workday.py:41} WARNING - Could not import pandas. Holidays will not be considered.
[2024-11-13T20:00:08.047+1100] {logging_mixin.py:190} INFO - [2024-11-13T20:00:08.047+1100] {dag.py:3239} INFO - Sync 1 DAGs
[2024-11-13T20:00:08.050+1100] {logging_mixin.py:190} INFO - [2024-11-13T20:00:08.050+1100] {dag.py:4180} INFO - Setting next_dagrun for example_sensors to None, run_after=None
[2024-11-13T20:00:08.056+1100] {processor.py:208} INFO - Processing /Users/yoonmoon/git/learn-airflow/airflow1/py_env/lib/python3.11/site-packages/airflow/example_dags/example_sensors.py took 0.086 seconds
[2024-11-13T20:02:24.864+1100] {processor.py:186} INFO - Started process (PID=67865) to work on /Users/yoonmoon/git/learn-airflow/airflow1/py_env/lib/python3.11/site-packages/airflow/example_dags/example_sensors.py
[2024-11-13T20:02:24.864+1100] {processor.py:914} INFO - Processing file /Users/yoonmoon/git/learn-airflow/airflow1/py_env/lib/python3.11/site-packages/airflow/example_dags/example_sensors.py for tasks to queue
[2024-11-13T20:02:24.865+1100] {logging_mixin.py:190} INFO - [2024-11-13T20:02:24.865+1100] {dagbag.py:588} INFO - Filling up the DagBag from /Users/yoonmoon/git/learn-airflow/airflow1/py_env/lib/python3.11/site-packages/airflow/example_dags/example_sensors.py
[2024-11-13T20:02:24.872+1100] {processor.py:925} INFO - DAG(s) 'example_sensors' retrieved from /Users/yoonmoon/git/learn-airflow/airflow1/py_env/lib/python3.11/site-packages/airflow/example_dags/example_sensors.py
[2024-11-13T20:02:24.929+1100] {logging_mixin.py:190} INFO - [2024-11-13T20:02:24.929+1100] {workday.py:41} WARNING - Could not import pandas. Holidays will not be considered.
[2024-11-13T20:02:24.937+1100] {logging_mixin.py:190} INFO - [2024-11-13T20:02:24.937+1100] {dag.py:3239} INFO - Sync 1 DAGs
[2024-11-13T20:02:24.941+1100] {logging_mixin.py:190} INFO - [2024-11-13T20:02:24.941+1100] {dag.py:4180} INFO - Setting next_dagrun for example_sensors to None, run_after=None
[2024-11-13T20:02:24.947+1100] {processor.py:208} INFO - Processing /Users/yoonmoon/git/learn-airflow/airflow1/py_env/lib/python3.11/site-packages/airflow/example_dags/example_sensors.py took 0.085 seconds
[2024-11-13T20:04:37.308+1100] {processor.py:186} INFO - Started process (PID=68107) to work on /Users/yoonmoon/git/learn-airflow/airflow1/py_env/lib/python3.11/site-packages/airflow/example_dags/example_sensors.py
[2024-11-13T20:04:37.308+1100] {processor.py:914} INFO - Processing file /Users/yoonmoon/git/learn-airflow/airflow1/py_env/lib/python3.11/site-packages/airflow/example_dags/example_sensors.py for tasks to queue
[2024-11-13T20:04:37.309+1100] {logging_mixin.py:190} INFO - [2024-11-13T20:04:37.309+1100] {dagbag.py:588} INFO - Filling up the DagBag from /Users/yoonmoon/git/learn-airflow/airflow1/py_env/lib/python3.11/site-packages/airflow/example_dags/example_sensors.py
[2024-11-13T20:04:37.315+1100] {processor.py:925} INFO - DAG(s) 'example_sensors' retrieved from /Users/yoonmoon/git/learn-airflow/airflow1/py_env/lib/python3.11/site-packages/airflow/example_dags/example_sensors.py
[2024-11-13T20:04:37.370+1100] {logging_mixin.py:190} INFO - [2024-11-13T20:04:37.370+1100] {workday.py:41} WARNING - Could not import pandas. Holidays will not be considered.
[2024-11-13T20:04:37.378+1100] {logging_mixin.py:190} INFO - [2024-11-13T20:04:37.378+1100] {dag.py:3239} INFO - Sync 1 DAGs
[2024-11-13T20:04:37.381+1100] {logging_mixin.py:190} INFO - [2024-11-13T20:04:37.381+1100] {dag.py:4180} INFO - Setting next_dagrun for example_sensors to None, run_after=None
[2024-11-13T20:04:37.388+1100] {processor.py:208} INFO - Processing /Users/yoonmoon/git/learn-airflow/airflow1/py_env/lib/python3.11/site-packages/airflow/example_dags/example_sensors.py took 0.083 seconds
[2024-11-13T20:06:59.925+1100] {processor.py:186} INFO - Started process (PID=68398) to work on /Users/yoonmoon/git/learn-airflow/airflow1/py_env/lib/python3.11/site-packages/airflow/example_dags/example_sensors.py
[2024-11-13T20:06:59.926+1100] {processor.py:914} INFO - Processing file /Users/yoonmoon/git/learn-airflow/airflow1/py_env/lib/python3.11/site-packages/airflow/example_dags/example_sensors.py for tasks to queue
[2024-11-13T20:06:59.926+1100] {logging_mixin.py:190} INFO - [2024-11-13T20:06:59.926+1100] {dagbag.py:588} INFO - Filling up the DagBag from /Users/yoonmoon/git/learn-airflow/airflow1/py_env/lib/python3.11/site-packages/airflow/example_dags/example_sensors.py
[2024-11-13T20:06:59.933+1100] {processor.py:925} INFO - DAG(s) 'example_sensors' retrieved from /Users/yoonmoon/git/learn-airflow/airflow1/py_env/lib/python3.11/site-packages/airflow/example_dags/example_sensors.py
[2024-11-13T20:06:59.991+1100] {logging_mixin.py:190} INFO - [2024-11-13T20:06:59.991+1100] {workday.py:41} WARNING - Could not import pandas. Holidays will not be considered.
[2024-11-13T20:06:59.999+1100] {logging_mixin.py:190} INFO - [2024-11-13T20:06:59.999+1100] {dag.py:3239} INFO - Sync 1 DAGs
[2024-11-13T20:07:00.003+1100] {logging_mixin.py:190} INFO - [2024-11-13T20:07:00.003+1100] {dag.py:4180} INFO - Setting next_dagrun for example_sensors to None, run_after=None
[2024-11-13T20:07:00.009+1100] {processor.py:208} INFO - Processing /Users/yoonmoon/git/learn-airflow/airflow1/py_env/lib/python3.11/site-packages/airflow/example_dags/example_sensors.py took 0.086 seconds
[2024-11-13T20:09:20.456+1100] {processor.py:186} INFO - Started process (PID=68669) to work on /Users/yoonmoon/git/learn-airflow/airflow1/py_env/lib/python3.11/site-packages/airflow/example_dags/example_sensors.py
[2024-11-13T20:09:20.457+1100] {processor.py:914} INFO - Processing file /Users/yoonmoon/git/learn-airflow/airflow1/py_env/lib/python3.11/site-packages/airflow/example_dags/example_sensors.py for tasks to queue
[2024-11-13T20:09:20.458+1100] {logging_mixin.py:190} INFO - [2024-11-13T20:09:20.458+1100] {dagbag.py:588} INFO - Filling up the DagBag from /Users/yoonmoon/git/learn-airflow/airflow1/py_env/lib/python3.11/site-packages/airflow/example_dags/example_sensors.py
[2024-11-13T20:09:20.465+1100] {processor.py:925} INFO - DAG(s) 'example_sensors' retrieved from /Users/yoonmoon/git/learn-airflow/airflow1/py_env/lib/python3.11/site-packages/airflow/example_dags/example_sensors.py
[2024-11-13T20:09:20.527+1100] {logging_mixin.py:190} INFO - [2024-11-13T20:09:20.527+1100] {workday.py:41} WARNING - Could not import pandas. Holidays will not be considered.
[2024-11-13T20:09:20.536+1100] {logging_mixin.py:190} INFO - [2024-11-13T20:09:20.536+1100] {dag.py:3239} INFO - Sync 1 DAGs
[2024-11-13T20:09:20.540+1100] {logging_mixin.py:190} INFO - [2024-11-13T20:09:20.540+1100] {dag.py:4180} INFO - Setting next_dagrun for example_sensors to None, run_after=None
[2024-11-13T20:09:20.546+1100] {processor.py:208} INFO - Processing /Users/yoonmoon/git/learn-airflow/airflow1/py_env/lib/python3.11/site-packages/airflow/example_dags/example_sensors.py took 0.093 seconds
[2024-11-13T20:11:37.479+1100] {processor.py:186} INFO - Started process (PID=68942) to work on /Users/yoonmoon/git/learn-airflow/airflow1/py_env/lib/python3.11/site-packages/airflow/example_dags/example_sensors.py
[2024-11-13T20:11:37.481+1100] {processor.py:914} INFO - Processing file /Users/yoonmoon/git/learn-airflow/airflow1/py_env/lib/python3.11/site-packages/airflow/example_dags/example_sensors.py for tasks to queue
[2024-11-13T20:11:37.482+1100] {logging_mixin.py:190} INFO - [2024-11-13T20:11:37.481+1100] {dagbag.py:588} INFO - Filling up the DagBag from /Users/yoonmoon/git/learn-airflow/airflow1/py_env/lib/python3.11/site-packages/airflow/example_dags/example_sensors.py
[2024-11-13T20:11:37.489+1100] {processor.py:925} INFO - DAG(s) 'example_sensors' retrieved from /Users/yoonmoon/git/learn-airflow/airflow1/py_env/lib/python3.11/site-packages/airflow/example_dags/example_sensors.py
[2024-11-13T20:11:37.547+1100] {logging_mixin.py:190} INFO - [2024-11-13T20:11:37.547+1100] {workday.py:41} WARNING - Could not import pandas. Holidays will not be considered.
[2024-11-13T20:11:37.555+1100] {logging_mixin.py:190} INFO - [2024-11-13T20:11:37.555+1100] {dag.py:3239} INFO - Sync 1 DAGs
[2024-11-13T20:11:37.559+1100] {logging_mixin.py:190} INFO - [2024-11-13T20:11:37.559+1100] {dag.py:4180} INFO - Setting next_dagrun for example_sensors to None, run_after=None
[2024-11-13T20:11:37.565+1100] {processor.py:208} INFO - Processing /Users/yoonmoon/git/learn-airflow/airflow1/py_env/lib/python3.11/site-packages/airflow/example_dags/example_sensors.py took 0.088 seconds
[2024-11-13T20:13:53.673+1100] {processor.py:186} INFO - Started process (PID=69197) to work on /Users/yoonmoon/git/learn-airflow/airflow1/py_env/lib/python3.11/site-packages/airflow/example_dags/example_sensors.py
[2024-11-13T20:13:53.674+1100] {processor.py:914} INFO - Processing file /Users/yoonmoon/git/learn-airflow/airflow1/py_env/lib/python3.11/site-packages/airflow/example_dags/example_sensors.py for tasks to queue
[2024-11-13T20:13:53.675+1100] {logging_mixin.py:190} INFO - [2024-11-13T20:13:53.675+1100] {dagbag.py:588} INFO - Filling up the DagBag from /Users/yoonmoon/git/learn-airflow/airflow1/py_env/lib/python3.11/site-packages/airflow/example_dags/example_sensors.py
[2024-11-13T20:13:53.681+1100] {processor.py:925} INFO - DAG(s) 'example_sensors' retrieved from /Users/yoonmoon/git/learn-airflow/airflow1/py_env/lib/python3.11/site-packages/airflow/example_dags/example_sensors.py
[2024-11-13T20:13:53.740+1100] {logging_mixin.py:190} INFO - [2024-11-13T20:13:53.740+1100] {workday.py:41} WARNING - Could not import pandas. Holidays will not be considered.
[2024-11-13T20:13:53.748+1100] {logging_mixin.py:190} INFO - [2024-11-13T20:13:53.748+1100] {dag.py:3239} INFO - Sync 1 DAGs
[2024-11-13T20:13:53.751+1100] {logging_mixin.py:190} INFO - [2024-11-13T20:13:53.751+1100] {dag.py:4180} INFO - Setting next_dagrun for example_sensors to None, run_after=None
[2024-11-13T20:13:53.757+1100] {processor.py:208} INFO - Processing /Users/yoonmoon/git/learn-airflow/airflow1/py_env/lib/python3.11/site-packages/airflow/example_dags/example_sensors.py took 0.087 seconds
[2024-11-13T20:16:12.619+1100] {processor.py:186} INFO - Started process (PID=69446) to work on /Users/yoonmoon/git/learn-airflow/airflow1/py_env/lib/python3.11/site-packages/airflow/example_dags/example_sensors.py
[2024-11-13T20:16:12.620+1100] {processor.py:914} INFO - Processing file /Users/yoonmoon/git/learn-airflow/airflow1/py_env/lib/python3.11/site-packages/airflow/example_dags/example_sensors.py for tasks to queue
[2024-11-13T20:16:12.621+1100] {logging_mixin.py:190} INFO - [2024-11-13T20:16:12.620+1100] {dagbag.py:588} INFO - Filling up the DagBag from /Users/yoonmoon/git/learn-airflow/airflow1/py_env/lib/python3.11/site-packages/airflow/example_dags/example_sensors.py
[2024-11-13T20:16:12.627+1100] {processor.py:925} INFO - DAG(s) 'example_sensors' retrieved from /Users/yoonmoon/git/learn-airflow/airflow1/py_env/lib/python3.11/site-packages/airflow/example_dags/example_sensors.py
[2024-11-13T20:16:12.684+1100] {logging_mixin.py:190} INFO - [2024-11-13T20:16:12.684+1100] {workday.py:41} WARNING - Could not import pandas. Holidays will not be considered.
[2024-11-13T20:16:12.692+1100] {logging_mixin.py:190} INFO - [2024-11-13T20:16:12.692+1100] {dag.py:3239} INFO - Sync 1 DAGs
[2024-11-13T20:16:12.696+1100] {logging_mixin.py:190} INFO - [2024-11-13T20:16:12.696+1100] {dag.py:4180} INFO - Setting next_dagrun for example_sensors to None, run_after=None
[2024-11-13T20:16:12.702+1100] {processor.py:208} INFO - Processing /Users/yoonmoon/git/learn-airflow/airflow1/py_env/lib/python3.11/site-packages/airflow/example_dags/example_sensors.py took 0.086 seconds
[2024-11-13T20:18:30.951+1100] {processor.py:186} INFO - Started process (PID=69709) to work on /Users/yoonmoon/git/learn-airflow/airflow1/py_env/lib/python3.11/site-packages/airflow/example_dags/example_sensors.py
[2024-11-13T20:18:30.953+1100] {processor.py:914} INFO - Processing file /Users/yoonmoon/git/learn-airflow/airflow1/py_env/lib/python3.11/site-packages/airflow/example_dags/example_sensors.py for tasks to queue
[2024-11-13T20:18:30.953+1100] {logging_mixin.py:190} INFO - [2024-11-13T20:18:30.953+1100] {dagbag.py:588} INFO - Filling up the DagBag from /Users/yoonmoon/git/learn-airflow/airflow1/py_env/lib/python3.11/site-packages/airflow/example_dags/example_sensors.py
[2024-11-13T20:18:30.960+1100] {processor.py:925} INFO - DAG(s) 'example_sensors' retrieved from /Users/yoonmoon/git/learn-airflow/airflow1/py_env/lib/python3.11/site-packages/airflow/example_dags/example_sensors.py
[2024-11-13T20:18:31.018+1100] {logging_mixin.py:190} INFO - [2024-11-13T20:18:31.018+1100] {workday.py:41} WARNING - Could not import pandas. Holidays will not be considered.
[2024-11-13T20:18:31.027+1100] {logging_mixin.py:190} INFO - [2024-11-13T20:18:31.027+1100] {dag.py:3239} INFO - Sync 1 DAGs
[2024-11-13T20:18:31.031+1100] {logging_mixin.py:190} INFO - [2024-11-13T20:18:31.031+1100] {dag.py:4180} INFO - Setting next_dagrun for example_sensors to None, run_after=None
[2024-11-13T20:18:31.037+1100] {processor.py:208} INFO - Processing /Users/yoonmoon/git/learn-airflow/airflow1/py_env/lib/python3.11/site-packages/airflow/example_dags/example_sensors.py took 0.088 seconds
[2024-11-13T20:20:51.918+1100] {processor.py:186} INFO - Started process (PID=70072) to work on /Users/yoonmoon/git/learn-airflow/airflow1/py_env/lib/python3.11/site-packages/airflow/example_dags/example_sensors.py
[2024-11-13T20:20:51.919+1100] {processor.py:914} INFO - Processing file /Users/yoonmoon/git/learn-airflow/airflow1/py_env/lib/python3.11/site-packages/airflow/example_dags/example_sensors.py for tasks to queue
[2024-11-13T20:20:51.919+1100] {logging_mixin.py:190} INFO - [2024-11-13T20:20:51.919+1100] {dagbag.py:588} INFO - Filling up the DagBag from /Users/yoonmoon/git/learn-airflow/airflow1/py_env/lib/python3.11/site-packages/airflow/example_dags/example_sensors.py
[2024-11-13T20:20:51.926+1100] {processor.py:925} INFO - DAG(s) 'example_sensors' retrieved from /Users/yoonmoon/git/learn-airflow/airflow1/py_env/lib/python3.11/site-packages/airflow/example_dags/example_sensors.py
[2024-11-13T20:20:51.987+1100] {logging_mixin.py:190} INFO - [2024-11-13T20:20:51.987+1100] {workday.py:41} WARNING - Could not import pandas. Holidays will not be considered.
[2024-11-13T20:20:51.995+1100] {logging_mixin.py:190} INFO - [2024-11-13T20:20:51.995+1100] {dag.py:3239} INFO - Sync 1 DAGs
[2024-11-13T20:20:51.999+1100] {logging_mixin.py:190} INFO - [2024-11-13T20:20:51.998+1100] {dag.py:4180} INFO - Setting next_dagrun for example_sensors to None, run_after=None
[2024-11-13T20:20:52.005+1100] {processor.py:208} INFO - Processing /Users/yoonmoon/git/learn-airflow/airflow1/py_env/lib/python3.11/site-packages/airflow/example_dags/example_sensors.py took 0.089 seconds
[2024-11-13T20:23:04.679+1100] {processor.py:186} INFO - Started process (PID=70341) to work on /Users/yoonmoon/git/learn-airflow/airflow1/py_env/lib/python3.11/site-packages/airflow/example_dags/example_sensors.py
[2024-11-13T20:23:04.680+1100] {processor.py:914} INFO - Processing file /Users/yoonmoon/git/learn-airflow/airflow1/py_env/lib/python3.11/site-packages/airflow/example_dags/example_sensors.py for tasks to queue
[2024-11-13T20:23:04.681+1100] {logging_mixin.py:190} INFO - [2024-11-13T20:23:04.681+1100] {dagbag.py:588} INFO - Filling up the DagBag from /Users/yoonmoon/git/learn-airflow/airflow1/py_env/lib/python3.11/site-packages/airflow/example_dags/example_sensors.py
[2024-11-13T20:23:04.688+1100] {processor.py:925} INFO - DAG(s) 'example_sensors' retrieved from /Users/yoonmoon/git/learn-airflow/airflow1/py_env/lib/python3.11/site-packages/airflow/example_dags/example_sensors.py
[2024-11-13T20:23:04.745+1100] {logging_mixin.py:190} INFO - [2024-11-13T20:23:04.745+1100] {workday.py:41} WARNING - Could not import pandas. Holidays will not be considered.
[2024-11-13T20:23:04.758+1100] {logging_mixin.py:190} INFO - [2024-11-13T20:23:04.758+1100] {dag.py:3239} INFO - Sync 1 DAGs
[2024-11-13T20:23:04.763+1100] {logging_mixin.py:190} INFO - [2024-11-13T20:23:04.762+1100] {dag.py:4180} INFO - Setting next_dagrun for example_sensors to None, run_after=None
[2024-11-13T20:23:04.772+1100] {processor.py:208} INFO - Processing /Users/yoonmoon/git/learn-airflow/airflow1/py_env/lib/python3.11/site-packages/airflow/example_dags/example_sensors.py took 0.095 seconds
[2024-11-13T20:25:18.429+1100] {processor.py:186} INFO - Started process (PID=70600) to work on /Users/yoonmoon/git/learn-airflow/airflow1/py_env/lib/python3.11/site-packages/airflow/example_dags/example_sensors.py
[2024-11-13T20:25:18.430+1100] {processor.py:914} INFO - Processing file /Users/yoonmoon/git/learn-airflow/airflow1/py_env/lib/python3.11/site-packages/airflow/example_dags/example_sensors.py for tasks to queue
[2024-11-13T20:25:18.431+1100] {logging_mixin.py:190} INFO - [2024-11-13T20:25:18.431+1100] {dagbag.py:588} INFO - Filling up the DagBag from /Users/yoonmoon/git/learn-airflow/airflow1/py_env/lib/python3.11/site-packages/airflow/example_dags/example_sensors.py
[2024-11-13T20:25:18.438+1100] {processor.py:925} INFO - DAG(s) 'example_sensors' retrieved from /Users/yoonmoon/git/learn-airflow/airflow1/py_env/lib/python3.11/site-packages/airflow/example_dags/example_sensors.py
[2024-11-13T20:25:18.498+1100] {logging_mixin.py:190} INFO - [2024-11-13T20:25:18.498+1100] {workday.py:41} WARNING - Could not import pandas. Holidays will not be considered.
[2024-11-13T20:25:18.506+1100] {logging_mixin.py:190} INFO - [2024-11-13T20:25:18.506+1100] {dag.py:3239} INFO - Sync 1 DAGs
[2024-11-13T20:25:18.509+1100] {logging_mixin.py:190} INFO - [2024-11-13T20:25:18.509+1100] {dag.py:4180} INFO - Setting next_dagrun for example_sensors to None, run_after=None
[2024-11-13T20:25:18.515+1100] {processor.py:208} INFO - Processing /Users/yoonmoon/git/learn-airflow/airflow1/py_env/lib/python3.11/site-packages/airflow/example_dags/example_sensors.py took 0.089 seconds
[2024-11-13T20:27:38.712+1100] {processor.py:186} INFO - Started process (PID=70884) to work on /Users/yoonmoon/git/learn-airflow/airflow1/py_env/lib/python3.11/site-packages/airflow/example_dags/example_sensors.py
[2024-11-13T20:27:38.713+1100] {processor.py:914} INFO - Processing file /Users/yoonmoon/git/learn-airflow/airflow1/py_env/lib/python3.11/site-packages/airflow/example_dags/example_sensors.py for tasks to queue
[2024-11-13T20:27:38.714+1100] {logging_mixin.py:190} INFO - [2024-11-13T20:27:38.714+1100] {dagbag.py:588} INFO - Filling up the DagBag from /Users/yoonmoon/git/learn-airflow/airflow1/py_env/lib/python3.11/site-packages/airflow/example_dags/example_sensors.py
[2024-11-13T20:27:38.721+1100] {processor.py:925} INFO - DAG(s) 'example_sensors' retrieved from /Users/yoonmoon/git/learn-airflow/airflow1/py_env/lib/python3.11/site-packages/airflow/example_dags/example_sensors.py
[2024-11-13T20:27:38.777+1100] {logging_mixin.py:190} INFO - [2024-11-13T20:27:38.777+1100] {workday.py:41} WARNING - Could not import pandas. Holidays will not be considered.
[2024-11-13T20:27:38.785+1100] {logging_mixin.py:190} INFO - [2024-11-13T20:27:38.785+1100] {dag.py:3239} INFO - Sync 1 DAGs
[2024-11-13T20:27:38.788+1100] {logging_mixin.py:190} INFO - [2024-11-13T20:27:38.788+1100] {dag.py:4180} INFO - Setting next_dagrun for example_sensors to None, run_after=None
[2024-11-13T20:27:38.794+1100] {processor.py:208} INFO - Processing /Users/yoonmoon/git/learn-airflow/airflow1/py_env/lib/python3.11/site-packages/airflow/example_dags/example_sensors.py took 0.085 seconds
[2024-11-13T20:29:51.284+1100] {processor.py:186} INFO - Started process (PID=71151) to work on /Users/yoonmoon/git/learn-airflow/airflow1/py_env/lib/python3.11/site-packages/airflow/example_dags/example_sensors.py
[2024-11-13T20:29:51.285+1100] {processor.py:914} INFO - Processing file /Users/yoonmoon/git/learn-airflow/airflow1/py_env/lib/python3.11/site-packages/airflow/example_dags/example_sensors.py for tasks to queue
[2024-11-13T20:29:51.286+1100] {logging_mixin.py:190} INFO - [2024-11-13T20:29:51.286+1100] {dagbag.py:588} INFO - Filling up the DagBag from /Users/yoonmoon/git/learn-airflow/airflow1/py_env/lib/python3.11/site-packages/airflow/example_dags/example_sensors.py
[2024-11-13T20:29:51.293+1100] {processor.py:925} INFO - DAG(s) 'example_sensors' retrieved from /Users/yoonmoon/git/learn-airflow/airflow1/py_env/lib/python3.11/site-packages/airflow/example_dags/example_sensors.py
[2024-11-13T20:29:51.360+1100] {logging_mixin.py:190} INFO - [2024-11-13T20:29:51.360+1100] {workday.py:41} WARNING - Could not import pandas. Holidays will not be considered.
[2024-11-13T20:29:51.369+1100] {logging_mixin.py:190} INFO - [2024-11-13T20:29:51.368+1100] {dag.py:3239} INFO - Sync 1 DAGs
[2024-11-13T20:29:51.372+1100] {logging_mixin.py:190} INFO - [2024-11-13T20:29:51.372+1100] {dag.py:4180} INFO - Setting next_dagrun for example_sensors to None, run_after=None
[2024-11-13T20:29:51.378+1100] {processor.py:208} INFO - Processing /Users/yoonmoon/git/learn-airflow/airflow1/py_env/lib/python3.11/site-packages/airflow/example_dags/example_sensors.py took 0.097 seconds
[2024-11-13T20:32:10.937+1100] {processor.py:186} INFO - Started process (PID=71401) to work on /Users/yoonmoon/git/learn-airflow/airflow1/py_env/lib/python3.11/site-packages/airflow/example_dags/example_sensors.py
[2024-11-13T20:32:10.938+1100] {processor.py:914} INFO - Processing file /Users/yoonmoon/git/learn-airflow/airflow1/py_env/lib/python3.11/site-packages/airflow/example_dags/example_sensors.py for tasks to queue
[2024-11-13T20:32:10.938+1100] {logging_mixin.py:190} INFO - [2024-11-13T20:32:10.938+1100] {dagbag.py:588} INFO - Filling up the DagBag from /Users/yoonmoon/git/learn-airflow/airflow1/py_env/lib/python3.11/site-packages/airflow/example_dags/example_sensors.py
[2024-11-13T20:32:10.945+1100] {processor.py:925} INFO - DAG(s) 'example_sensors' retrieved from /Users/yoonmoon/git/learn-airflow/airflow1/py_env/lib/python3.11/site-packages/airflow/example_dags/example_sensors.py
[2024-11-13T20:32:11.001+1100] {logging_mixin.py:190} INFO - [2024-11-13T20:32:11.001+1100] {workday.py:41} WARNING - Could not import pandas. Holidays will not be considered.
[2024-11-13T20:32:11.009+1100] {logging_mixin.py:190} INFO - [2024-11-13T20:32:11.009+1100] {dag.py:3239} INFO - Sync 1 DAGs
[2024-11-13T20:32:11.013+1100] {logging_mixin.py:190} INFO - [2024-11-13T20:32:11.013+1100] {dag.py:4180} INFO - Setting next_dagrun for example_sensors to None, run_after=None
[2024-11-13T20:32:11.019+1100] {processor.py:208} INFO - Processing /Users/yoonmoon/git/learn-airflow/airflow1/py_env/lib/python3.11/site-packages/airflow/example_dags/example_sensors.py took 0.084 seconds
[2024-11-13T20:34:34.133+1100] {processor.py:186} INFO - Started process (PID=71665) to work on /Users/yoonmoon/git/learn-airflow/airflow1/py_env/lib/python3.11/site-packages/airflow/example_dags/example_sensors.py
[2024-11-13T20:34:34.134+1100] {processor.py:914} INFO - Processing file /Users/yoonmoon/git/learn-airflow/airflow1/py_env/lib/python3.11/site-packages/airflow/example_dags/example_sensors.py for tasks to queue
[2024-11-13T20:34:34.135+1100] {logging_mixin.py:190} INFO - [2024-11-13T20:34:34.135+1100] {dagbag.py:588} INFO - Filling up the DagBag from /Users/yoonmoon/git/learn-airflow/airflow1/py_env/lib/python3.11/site-packages/airflow/example_dags/example_sensors.py
[2024-11-13T20:34:34.142+1100] {processor.py:925} INFO - DAG(s) 'example_sensors' retrieved from /Users/yoonmoon/git/learn-airflow/airflow1/py_env/lib/python3.11/site-packages/airflow/example_dags/example_sensors.py
[2024-11-13T20:34:34.202+1100] {logging_mixin.py:190} INFO - [2024-11-13T20:34:34.202+1100] {workday.py:41} WARNING - Could not import pandas. Holidays will not be considered.
[2024-11-13T20:34:34.210+1100] {logging_mixin.py:190} INFO - [2024-11-13T20:34:34.210+1100] {dag.py:3239} INFO - Sync 1 DAGs
[2024-11-13T20:34:34.213+1100] {logging_mixin.py:190} INFO - [2024-11-13T20:34:34.213+1100] {dag.py:4180} INFO - Setting next_dagrun for example_sensors to None, run_after=None
[2024-11-13T20:34:34.219+1100] {processor.py:208} INFO - Processing /Users/yoonmoon/git/learn-airflow/airflow1/py_env/lib/python3.11/site-packages/airflow/example_dags/example_sensors.py took 0.089 seconds
[2024-11-13T20:36:52.046+1100] {processor.py:186} INFO - Started process (PID=71944) to work on /Users/yoonmoon/git/learn-airflow/airflow1/py_env/lib/python3.11/site-packages/airflow/example_dags/example_sensors.py
[2024-11-13T20:36:52.046+1100] {processor.py:914} INFO - Processing file /Users/yoonmoon/git/learn-airflow/airflow1/py_env/lib/python3.11/site-packages/airflow/example_dags/example_sensors.py for tasks to queue
[2024-11-13T20:36:52.047+1100] {logging_mixin.py:190} INFO - [2024-11-13T20:36:52.047+1100] {dagbag.py:588} INFO - Filling up the DagBag from /Users/yoonmoon/git/learn-airflow/airflow1/py_env/lib/python3.11/site-packages/airflow/example_dags/example_sensors.py
[2024-11-13T20:36:52.054+1100] {processor.py:925} INFO - DAG(s) 'example_sensors' retrieved from /Users/yoonmoon/git/learn-airflow/airflow1/py_env/lib/python3.11/site-packages/airflow/example_dags/example_sensors.py
[2024-11-13T20:36:52.113+1100] {logging_mixin.py:190} INFO - [2024-11-13T20:36:52.112+1100] {workday.py:41} WARNING - Could not import pandas. Holidays will not be considered.
[2024-11-13T20:36:52.121+1100] {logging_mixin.py:190} INFO - [2024-11-13T20:36:52.121+1100] {dag.py:3239} INFO - Sync 1 DAGs
[2024-11-13T20:36:52.124+1100] {logging_mixin.py:190} INFO - [2024-11-13T20:36:52.124+1100] {dag.py:4180} INFO - Setting next_dagrun for example_sensors to None, run_after=None
[2024-11-13T20:36:52.130+1100] {processor.py:208} INFO - Processing /Users/yoonmoon/git/learn-airflow/airflow1/py_env/lib/python3.11/site-packages/airflow/example_dags/example_sensors.py took 0.087 seconds
[2024-11-13T20:39:08.651+1100] {processor.py:186} INFO - Started process (PID=72236) to work on /Users/yoonmoon/git/learn-airflow/airflow1/py_env/lib/python3.11/site-packages/airflow/example_dags/example_sensors.py
[2024-11-13T20:39:08.651+1100] {processor.py:914} INFO - Processing file /Users/yoonmoon/git/learn-airflow/airflow1/py_env/lib/python3.11/site-packages/airflow/example_dags/example_sensors.py for tasks to queue
[2024-11-13T20:39:08.652+1100] {logging_mixin.py:190} INFO - [2024-11-13T20:39:08.652+1100] {dagbag.py:588} INFO - Filling up the DagBag from /Users/yoonmoon/git/learn-airflow/airflow1/py_env/lib/python3.11/site-packages/airflow/example_dags/example_sensors.py
[2024-11-13T20:39:08.659+1100] {processor.py:925} INFO - DAG(s) 'example_sensors' retrieved from /Users/yoonmoon/git/learn-airflow/airflow1/py_env/lib/python3.11/site-packages/airflow/example_dags/example_sensors.py
[2024-11-13T20:39:08.716+1100] {logging_mixin.py:190} INFO - [2024-11-13T20:39:08.716+1100] {workday.py:41} WARNING - Could not import pandas. Holidays will not be considered.
[2024-11-13T20:39:08.724+1100] {logging_mixin.py:190} INFO - [2024-11-13T20:39:08.724+1100] {dag.py:3239} INFO - Sync 1 DAGs
[2024-11-13T20:39:08.727+1100] {logging_mixin.py:190} INFO - [2024-11-13T20:39:08.727+1100] {dag.py:4180} INFO - Setting next_dagrun for example_sensors to None, run_after=None
[2024-11-13T20:39:08.733+1100] {processor.py:208} INFO - Processing /Users/yoonmoon/git/learn-airflow/airflow1/py_env/lib/python3.11/site-packages/airflow/example_dags/example_sensors.py took 0.085 seconds
[2024-11-13T20:41:29.750+1100] {processor.py:186} INFO - Started process (PID=72494) to work on /Users/yoonmoon/git/learn-airflow/airflow1/py_env/lib/python3.11/site-packages/airflow/example_dags/example_sensors.py
[2024-11-13T20:41:29.750+1100] {processor.py:914} INFO - Processing file /Users/yoonmoon/git/learn-airflow/airflow1/py_env/lib/python3.11/site-packages/airflow/example_dags/example_sensors.py for tasks to queue
[2024-11-13T20:41:29.751+1100] {logging_mixin.py:190} INFO - [2024-11-13T20:41:29.751+1100] {dagbag.py:588} INFO - Filling up the DagBag from /Users/yoonmoon/git/learn-airflow/airflow1/py_env/lib/python3.11/site-packages/airflow/example_dags/example_sensors.py
[2024-11-13T20:41:29.761+1100] {processor.py:925} INFO - DAG(s) 'example_sensors' retrieved from /Users/yoonmoon/git/learn-airflow/airflow1/py_env/lib/python3.11/site-packages/airflow/example_dags/example_sensors.py
[2024-11-13T20:41:29.818+1100] {logging_mixin.py:190} INFO - [2024-11-13T20:41:29.818+1100] {workday.py:41} WARNING - Could not import pandas. Holidays will not be considered.
[2024-11-13T20:41:29.827+1100] {logging_mixin.py:190} INFO - [2024-11-13T20:41:29.827+1100] {dag.py:3239} INFO - Sync 1 DAGs
[2024-11-13T20:41:29.830+1100] {logging_mixin.py:190} INFO - [2024-11-13T20:41:29.830+1100] {dag.py:4180} INFO - Setting next_dagrun for example_sensors to None, run_after=None
[2024-11-13T20:41:29.836+1100] {processor.py:208} INFO - Processing /Users/yoonmoon/git/learn-airflow/airflow1/py_env/lib/python3.11/site-packages/airflow/example_dags/example_sensors.py took 0.088 seconds
[2024-11-13T20:43:44.660+1100] {processor.py:186} INFO - Started process (PID=72742) to work on /Users/yoonmoon/git/learn-airflow/airflow1/py_env/lib/python3.11/site-packages/airflow/example_dags/example_sensors.py
[2024-11-13T20:43:44.662+1100] {processor.py:914} INFO - Processing file /Users/yoonmoon/git/learn-airflow/airflow1/py_env/lib/python3.11/site-packages/airflow/example_dags/example_sensors.py for tasks to queue
[2024-11-13T20:43:44.662+1100] {logging_mixin.py:190} INFO - [2024-11-13T20:43:44.662+1100] {dagbag.py:588} INFO - Filling up the DagBag from /Users/yoonmoon/git/learn-airflow/airflow1/py_env/lib/python3.11/site-packages/airflow/example_dags/example_sensors.py
[2024-11-13T20:43:44.669+1100] {processor.py:925} INFO - DAG(s) 'example_sensors' retrieved from /Users/yoonmoon/git/learn-airflow/airflow1/py_env/lib/python3.11/site-packages/airflow/example_dags/example_sensors.py
[2024-11-13T20:43:44.729+1100] {logging_mixin.py:190} INFO - [2024-11-13T20:43:44.729+1100] {workday.py:41} WARNING - Could not import pandas. Holidays will not be considered.
[2024-11-13T20:43:44.739+1100] {logging_mixin.py:190} INFO - [2024-11-13T20:43:44.739+1100] {dag.py:3239} INFO - Sync 1 DAGs
[2024-11-13T20:43:44.743+1100] {logging_mixin.py:190} INFO - [2024-11-13T20:43:44.743+1100] {dag.py:4180} INFO - Setting next_dagrun for example_sensors to None, run_after=None
[2024-11-13T20:43:44.750+1100] {processor.py:208} INFO - Processing /Users/yoonmoon/git/learn-airflow/airflow1/py_env/lib/python3.11/site-packages/airflow/example_dags/example_sensors.py took 0.093 seconds
[2024-11-13T20:46:09.052+1100] {processor.py:186} INFO - Started process (PID=73019) to work on /Users/yoonmoon/git/learn-airflow/airflow1/py_env/lib/python3.11/site-packages/airflow/example_dags/example_sensors.py
[2024-11-13T20:46:09.054+1100] {processor.py:914} INFO - Processing file /Users/yoonmoon/git/learn-airflow/airflow1/py_env/lib/python3.11/site-packages/airflow/example_dags/example_sensors.py for tasks to queue
[2024-11-13T20:46:09.054+1100] {logging_mixin.py:190} INFO - [2024-11-13T20:46:09.054+1100] {dagbag.py:588} INFO - Filling up the DagBag from /Users/yoonmoon/git/learn-airflow/airflow1/py_env/lib/python3.11/site-packages/airflow/example_dags/example_sensors.py
[2024-11-13T20:46:09.062+1100] {processor.py:925} INFO - DAG(s) 'example_sensors' retrieved from /Users/yoonmoon/git/learn-airflow/airflow1/py_env/lib/python3.11/site-packages/airflow/example_dags/example_sensors.py
[2024-11-13T20:46:09.121+1100] {logging_mixin.py:190} INFO - [2024-11-13T20:46:09.121+1100] {workday.py:41} WARNING - Could not import pandas. Holidays will not be considered.
[2024-11-13T20:46:09.130+1100] {logging_mixin.py:190} INFO - [2024-11-13T20:46:09.129+1100] {dag.py:3239} INFO - Sync 1 DAGs
[2024-11-13T20:46:09.133+1100] {logging_mixin.py:190} INFO - [2024-11-13T20:46:09.133+1100] {dag.py:4180} INFO - Setting next_dagrun for example_sensors to None, run_after=None
[2024-11-13T20:46:09.139+1100] {processor.py:208} INFO - Processing /Users/yoonmoon/git/learn-airflow/airflow1/py_env/lib/python3.11/site-packages/airflow/example_dags/example_sensors.py took 0.089 seconds
[2024-11-13T20:48:31.551+1100] {processor.py:186} INFO - Started process (PID=73302) to work on /Users/yoonmoon/git/learn-airflow/airflow1/py_env/lib/python3.11/site-packages/airflow/example_dags/example_sensors.py
[2024-11-13T20:48:31.552+1100] {processor.py:914} INFO - Processing file /Users/yoonmoon/git/learn-airflow/airflow1/py_env/lib/python3.11/site-packages/airflow/example_dags/example_sensors.py for tasks to queue
[2024-11-13T20:48:31.553+1100] {logging_mixin.py:190} INFO - [2024-11-13T20:48:31.553+1100] {dagbag.py:588} INFO - Filling up the DagBag from /Users/yoonmoon/git/learn-airflow/airflow1/py_env/lib/python3.11/site-packages/airflow/example_dags/example_sensors.py
[2024-11-13T20:48:31.560+1100] {processor.py:925} INFO - DAG(s) 'example_sensors' retrieved from /Users/yoonmoon/git/learn-airflow/airflow1/py_env/lib/python3.11/site-packages/airflow/example_dags/example_sensors.py
[2024-11-13T20:48:31.621+1100] {logging_mixin.py:190} INFO - [2024-11-13T20:48:31.621+1100] {workday.py:41} WARNING - Could not import pandas. Holidays will not be considered.
[2024-11-13T20:48:31.629+1100] {logging_mixin.py:190} INFO - [2024-11-13T20:48:31.629+1100] {dag.py:3239} INFO - Sync 1 DAGs
[2024-11-13T20:48:31.633+1100] {logging_mixin.py:190} INFO - [2024-11-13T20:48:31.633+1100] {dag.py:4180} INFO - Setting next_dagrun for example_sensors to None, run_after=None
[2024-11-13T20:48:31.640+1100] {processor.py:208} INFO - Processing /Users/yoonmoon/git/learn-airflow/airflow1/py_env/lib/python3.11/site-packages/airflow/example_dags/example_sensors.py took 0.091 seconds
[2024-11-13T20:50:57.355+1100] {processor.py:186} INFO - Started process (PID=73570) to work on /Users/yoonmoon/git/learn-airflow/airflow1/py_env/lib/python3.11/site-packages/airflow/example_dags/example_sensors.py
[2024-11-13T20:50:57.357+1100] {processor.py:914} INFO - Processing file /Users/yoonmoon/git/learn-airflow/airflow1/py_env/lib/python3.11/site-packages/airflow/example_dags/example_sensors.py for tasks to queue
[2024-11-13T20:50:57.357+1100] {logging_mixin.py:190} INFO - [2024-11-13T20:50:57.357+1100] {dagbag.py:588} INFO - Filling up the DagBag from /Users/yoonmoon/git/learn-airflow/airflow1/py_env/lib/python3.11/site-packages/airflow/example_dags/example_sensors.py
[2024-11-13T20:50:57.364+1100] {processor.py:925} INFO - DAG(s) 'example_sensors' retrieved from /Users/yoonmoon/git/learn-airflow/airflow1/py_env/lib/python3.11/site-packages/airflow/example_dags/example_sensors.py
[2024-11-13T20:50:57.421+1100] {logging_mixin.py:190} INFO - [2024-11-13T20:50:57.421+1100] {workday.py:41} WARNING - Could not import pandas. Holidays will not be considered.
[2024-11-13T20:50:57.429+1100] {logging_mixin.py:190} INFO - [2024-11-13T20:50:57.429+1100] {dag.py:3239} INFO - Sync 1 DAGs
[2024-11-13T20:50:57.433+1100] {logging_mixin.py:190} INFO - [2024-11-13T20:50:57.433+1100] {dag.py:4180} INFO - Setting next_dagrun for example_sensors to None, run_after=None
[2024-11-13T20:50:57.439+1100] {processor.py:208} INFO - Processing /Users/yoonmoon/git/learn-airflow/airflow1/py_env/lib/python3.11/site-packages/airflow/example_dags/example_sensors.py took 0.086 seconds
