[2024-11-13T19:29:19.570+1100] {processor.py:186} INFO - Started process (PID=63723) to work on /Users/yoonmoon/git/learn-airflow/airflow1/py_env/lib/python3.11/site-packages/airflow/example_dags/example_short_circuit_operator.py
[2024-11-13T19:29:19.570+1100] {processor.py:914} INFO - Processing file /Users/yoonmoon/git/learn-airflow/airflow1/py_env/lib/python3.11/site-packages/airflow/example_dags/example_short_circuit_operator.py for tasks to queue
[2024-11-13T19:29:19.570+1100] {logging_mixin.py:190} INFO - [2024-11-13T19:29:19.570+1100] {dagbag.py:588} INFO - Filling up the DagBag from /Users/yoonmoon/git/learn-airflow/airflow1/py_env/lib/python3.11/site-packages/airflow/example_dags/example_short_circuit_operator.py
[2024-11-13T19:29:19.581+1100] {processor.py:925} INFO - DAG(s) 'example_short_circuit_operator' retrieved from /Users/yoonmoon/git/learn-airflow/airflow1/py_env/lib/python3.11/site-packages/airflow/example_dags/example_short_circuit_operator.py
[2024-11-13T19:29:19.671+1100] {logging_mixin.py:190} INFO - [2024-11-13T19:29:19.671+1100] {override.py:1911} INFO - Created Permission View: can edit on DAG:example_short_circuit_operator
[2024-11-13T19:29:19.674+1100] {logging_mixin.py:190} INFO - [2024-11-13T19:29:19.674+1100] {override.py:1911} INFO - Created Permission View: can read on DAG:example_short_circuit_operator
[2024-11-13T19:29:19.676+1100] {logging_mixin.py:190} INFO - [2024-11-13T19:29:19.676+1100] {override.py:1911} INFO - Created Permission View: can delete on DAG:example_short_circuit_operator
[2024-11-13T19:29:19.679+1100] {logging_mixin.py:190} INFO - [2024-11-13T19:29:19.679+1100] {override.py:1911} INFO - Created Permission View: can read on DAG Run:example_short_circuit_operator
[2024-11-13T19:29:19.681+1100] {logging_mixin.py:190} INFO - [2024-11-13T19:29:19.680+1100] {override.py:1911} INFO - Created Permission View: can delete on DAG Run:example_short_circuit_operator
[2024-11-13T19:29:19.682+1100] {logging_mixin.py:190} INFO - [2024-11-13T19:29:19.682+1100] {override.py:1911} INFO - Created Permission View: menu access on DAG Run:example_short_circuit_operator
[2024-11-13T19:29:19.684+1100] {logging_mixin.py:190} INFO - [2024-11-13T19:29:19.684+1100] {override.py:1911} INFO - Created Permission View: can create on DAG Run:example_short_circuit_operator
[2024-11-13T19:29:19.684+1100] {logging_mixin.py:190} INFO - [2024-11-13T19:29:19.684+1100] {dag.py:3239} INFO - Sync 1 DAGs
[2024-11-13T19:29:19.688+1100] {logging_mixin.py:190} INFO - [2024-11-13T19:29:19.688+1100] {dag.py:3262} INFO - Creating ORM DAG for example_short_circuit_operator
[2024-11-13T19:29:19.688+1100] {logging_mixin.py:190} INFO - [2024-11-13T19:29:19.688+1100] {dag.py:4180} INFO - Setting next_dagrun for example_short_circuit_operator to None, run_after=None
[2024-11-13T19:29:19.693+1100] {processor.py:208} INFO - Processing /Users/yoonmoon/git/learn-airflow/airflow1/py_env/lib/python3.11/site-packages/airflow/example_dags/example_short_circuit_operator.py took 0.126 seconds
[2024-11-13T19:31:00.747+1100] {processor.py:186} INFO - Started process (PID=63933) to work on /Users/yoonmoon/git/learn-airflow/airflow1/py_env/lib/python3.11/site-packages/airflow/example_dags/example_short_circuit_operator.py
[2024-11-13T19:31:00.748+1100] {processor.py:914} INFO - Processing file /Users/yoonmoon/git/learn-airflow/airflow1/py_env/lib/python3.11/site-packages/airflow/example_dags/example_short_circuit_operator.py for tasks to queue
[2024-11-13T19:31:00.748+1100] {logging_mixin.py:190} INFO - [2024-11-13T19:31:00.748+1100] {dagbag.py:588} INFO - Filling up the DagBag from /Users/yoonmoon/git/learn-airflow/airflow1/py_env/lib/python3.11/site-packages/airflow/example_dags/example_short_circuit_operator.py
[2024-11-13T19:31:00.758+1100] {processor.py:925} INFO - DAG(s) 'example_short_circuit_operator' retrieved from /Users/yoonmoon/git/learn-airflow/airflow1/py_env/lib/python3.11/site-packages/airflow/example_dags/example_short_circuit_operator.py
[2024-11-13T19:31:00.821+1100] {logging_mixin.py:190} INFO - [2024-11-13T19:31:00.821+1100] {dag.py:3239} INFO - Sync 1 DAGs
[2024-11-13T19:31:00.825+1100] {logging_mixin.py:190} INFO - [2024-11-13T19:31:00.825+1100] {dag.py:4180} INFO - Setting next_dagrun for example_short_circuit_operator to None, run_after=None
[2024-11-13T19:31:00.831+1100] {processor.py:208} INFO - Processing /Users/yoonmoon/git/learn-airflow/airflow1/py_env/lib/python3.11/site-packages/airflow/example_dags/example_short_circuit_operator.py took 0.087 seconds
[2024-11-13T19:32:11.882+1100] {processor.py:186} INFO - Started process (PID=64155) to work on /Users/yoonmoon/git/learn-airflow/airflow1/py_env/lib/python3.11/site-packages/airflow/example_dags/example_short_circuit_operator.py
[2024-11-13T19:32:11.883+1100] {processor.py:914} INFO - Processing file /Users/yoonmoon/git/learn-airflow/airflow1/py_env/lib/python3.11/site-packages/airflow/example_dags/example_short_circuit_operator.py for tasks to queue
[2024-11-13T19:32:11.884+1100] {logging_mixin.py:190} INFO - [2024-11-13T19:32:11.884+1100] {dagbag.py:588} INFO - Filling up the DagBag from /Users/yoonmoon/git/learn-airflow/airflow1/py_env/lib/python3.11/site-packages/airflow/example_dags/example_short_circuit_operator.py
[2024-11-13T19:32:11.893+1100] {processor.py:925} INFO - DAG(s) 'example_short_circuit_operator' retrieved from /Users/yoonmoon/git/learn-airflow/airflow1/py_env/lib/python3.11/site-packages/airflow/example_dags/example_short_circuit_operator.py
[2024-11-13T19:32:11.951+1100] {logging_mixin.py:190} INFO - [2024-11-13T19:32:11.951+1100] {dag.py:3239} INFO - Sync 1 DAGs
[2024-11-13T19:32:11.955+1100] {logging_mixin.py:190} INFO - [2024-11-13T19:32:11.955+1100] {dag.py:4180} INFO - Setting next_dagrun for example_short_circuit_operator to None, run_after=None
[2024-11-13T19:32:11.962+1100] {processor.py:208} INFO - Processing /Users/yoonmoon/git/learn-airflow/airflow1/py_env/lib/python3.11/site-packages/airflow/example_dags/example_short_circuit_operator.py took 0.082 seconds
[2024-11-13T19:33:21.889+1100] {processor.py:186} INFO - Started process (PID=64328) to work on /Users/yoonmoon/git/learn-airflow/airflow1/py_env/lib/python3.11/site-packages/airflow/example_dags/example_short_circuit_operator.py
[2024-11-13T19:33:21.890+1100] {processor.py:914} INFO - Processing file /Users/yoonmoon/git/learn-airflow/airflow1/py_env/lib/python3.11/site-packages/airflow/example_dags/example_short_circuit_operator.py for tasks to queue
[2024-11-13T19:33:21.890+1100] {logging_mixin.py:190} INFO - [2024-11-13T19:33:21.890+1100] {dagbag.py:588} INFO - Filling up the DagBag from /Users/yoonmoon/git/learn-airflow/airflow1/py_env/lib/python3.11/site-packages/airflow/example_dags/example_short_circuit_operator.py
[2024-11-13T19:33:21.901+1100] {processor.py:925} INFO - DAG(s) 'example_short_circuit_operator' retrieved from /Users/yoonmoon/git/learn-airflow/airflow1/py_env/lib/python3.11/site-packages/airflow/example_dags/example_short_circuit_operator.py
[2024-11-13T19:33:21.964+1100] {logging_mixin.py:190} INFO - [2024-11-13T19:33:21.964+1100] {dag.py:3239} INFO - Sync 1 DAGs
[2024-11-13T19:33:21.968+1100] {logging_mixin.py:190} INFO - [2024-11-13T19:33:21.968+1100] {dag.py:4180} INFO - Setting next_dagrun for example_short_circuit_operator to None, run_after=None
[2024-11-13T19:33:21.976+1100] {processor.py:208} INFO - Processing /Users/yoonmoon/git/learn-airflow/airflow1/py_env/lib/python3.11/site-packages/airflow/example_dags/example_short_circuit_operator.py took 0.089 seconds
[2024-11-13T19:34:33.225+1100] {processor.py:186} INFO - Started process (PID=64620) to work on /Users/yoonmoon/git/learn-airflow/airflow1/py_env/lib/python3.11/site-packages/airflow/example_dags/example_short_circuit_operator.py
[2024-11-13T19:34:33.226+1100] {processor.py:914} INFO - Processing file /Users/yoonmoon/git/learn-airflow/airflow1/py_env/lib/python3.11/site-packages/airflow/example_dags/example_short_circuit_operator.py for tasks to queue
[2024-11-13T19:34:33.226+1100] {logging_mixin.py:190} INFO - [2024-11-13T19:34:33.226+1100] {dagbag.py:588} INFO - Filling up the DagBag from /Users/yoonmoon/git/learn-airflow/airflow1/py_env/lib/python3.11/site-packages/airflow/example_dags/example_short_circuit_operator.py
[2024-11-13T19:34:33.237+1100] {processor.py:925} INFO - DAG(s) 'example_short_circuit_operator' retrieved from /Users/yoonmoon/git/learn-airflow/airflow1/py_env/lib/python3.11/site-packages/airflow/example_dags/example_short_circuit_operator.py
[2024-11-13T19:34:33.298+1100] {logging_mixin.py:190} INFO - [2024-11-13T19:34:33.298+1100] {dag.py:3239} INFO - Sync 1 DAGs
[2024-11-13T19:34:33.301+1100] {logging_mixin.py:190} INFO - [2024-11-13T19:34:33.301+1100] {dag.py:4180} INFO - Setting next_dagrun for example_short_circuit_operator to None, run_after=None
[2024-11-13T19:34:33.308+1100] {processor.py:208} INFO - Processing /Users/yoonmoon/git/learn-airflow/airflow1/py_env/lib/python3.11/site-packages/airflow/example_dags/example_short_circuit_operator.py took 0.086 seconds
[2024-11-13T19:35:57.414+1100] {processor.py:186} INFO - Started process (PID=64823) to work on /Users/yoonmoon/git/learn-airflow/airflow1/py_env/lib/python3.11/site-packages/airflow/example_dags/example_short_circuit_operator.py
[2024-11-13T19:35:57.415+1100] {processor.py:914} INFO - Processing file /Users/yoonmoon/git/learn-airflow/airflow1/py_env/lib/python3.11/site-packages/airflow/example_dags/example_short_circuit_operator.py for tasks to queue
[2024-11-13T19:35:57.415+1100] {logging_mixin.py:190} INFO - [2024-11-13T19:35:57.415+1100] {dagbag.py:588} INFO - Filling up the DagBag from /Users/yoonmoon/git/learn-airflow/airflow1/py_env/lib/python3.11/site-packages/airflow/example_dags/example_short_circuit_operator.py
[2024-11-13T19:35:57.426+1100] {processor.py:925} INFO - DAG(s) 'example_short_circuit_operator' retrieved from /Users/yoonmoon/git/learn-airflow/airflow1/py_env/lib/python3.11/site-packages/airflow/example_dags/example_short_circuit_operator.py
[2024-11-13T19:35:57.488+1100] {logging_mixin.py:190} INFO - [2024-11-13T19:35:57.488+1100] {dag.py:3239} INFO - Sync 1 DAGs
[2024-11-13T19:35:57.492+1100] {logging_mixin.py:190} INFO - [2024-11-13T19:35:57.491+1100] {dag.py:4180} INFO - Setting next_dagrun for example_short_circuit_operator to None, run_after=None
[2024-11-13T19:35:57.499+1100] {processor.py:208} INFO - Processing /Users/yoonmoon/git/learn-airflow/airflow1/py_env/lib/python3.11/site-packages/airflow/example_dags/example_short_circuit_operator.py took 0.087 seconds
[2024-11-13T19:37:21.495+1100] {processor.py:186} INFO - Started process (PID=64994) to work on /Users/yoonmoon/git/learn-airflow/airflow1/py_env/lib/python3.11/site-packages/airflow/example_dags/example_short_circuit_operator.py
[2024-11-13T19:37:21.495+1100] {processor.py:914} INFO - Processing file /Users/yoonmoon/git/learn-airflow/airflow1/py_env/lib/python3.11/site-packages/airflow/example_dags/example_short_circuit_operator.py for tasks to queue
[2024-11-13T19:37:21.496+1100] {logging_mixin.py:190} INFO - [2024-11-13T19:37:21.496+1100] {dagbag.py:588} INFO - Filling up the DagBag from /Users/yoonmoon/git/learn-airflow/airflow1/py_env/lib/python3.11/site-packages/airflow/example_dags/example_short_circuit_operator.py
[2024-11-13T19:37:21.506+1100] {processor.py:925} INFO - DAG(s) 'example_short_circuit_operator' retrieved from /Users/yoonmoon/git/learn-airflow/airflow1/py_env/lib/python3.11/site-packages/airflow/example_dags/example_short_circuit_operator.py
[2024-11-13T19:37:21.564+1100] {logging_mixin.py:190} INFO - [2024-11-13T19:37:21.564+1100] {dag.py:3239} INFO - Sync 1 DAGs
[2024-11-13T19:37:21.567+1100] {logging_mixin.py:190} INFO - [2024-11-13T19:37:21.567+1100] {dag.py:4180} INFO - Setting next_dagrun for example_short_circuit_operator to None, run_after=None
[2024-11-13T19:37:21.574+1100] {processor.py:208} INFO - Processing /Users/yoonmoon/git/learn-airflow/airflow1/py_env/lib/python3.11/site-packages/airflow/example_dags/example_short_circuit_operator.py took 0.082 seconds
[2024-11-13T19:39:36.925+1100] {processor.py:186} INFO - Started process (PID=65268) to work on /Users/yoonmoon/git/learn-airflow/airflow1/py_env/lib/python3.11/site-packages/airflow/example_dags/example_short_circuit_operator.py
[2024-11-13T19:39:36.925+1100] {processor.py:914} INFO - Processing file /Users/yoonmoon/git/learn-airflow/airflow1/py_env/lib/python3.11/site-packages/airflow/example_dags/example_short_circuit_operator.py for tasks to queue
[2024-11-13T19:39:36.926+1100] {logging_mixin.py:190} INFO - [2024-11-13T19:39:36.926+1100] {dagbag.py:588} INFO - Filling up the DagBag from /Users/yoonmoon/git/learn-airflow/airflow1/py_env/lib/python3.11/site-packages/airflow/example_dags/example_short_circuit_operator.py
[2024-11-13T19:39:36.936+1100] {processor.py:925} INFO - DAG(s) 'example_short_circuit_operator' retrieved from /Users/yoonmoon/git/learn-airflow/airflow1/py_env/lib/python3.11/site-packages/airflow/example_dags/example_short_circuit_operator.py
[2024-11-13T19:39:36.995+1100] {logging_mixin.py:190} INFO - [2024-11-13T19:39:36.995+1100] {dag.py:3239} INFO - Sync 1 DAGs
[2024-11-13T19:39:36.998+1100] {logging_mixin.py:190} INFO - [2024-11-13T19:39:36.998+1100] {dag.py:4180} INFO - Setting next_dagrun for example_short_circuit_operator to None, run_after=None
[2024-11-13T19:39:37.005+1100] {processor.py:208} INFO - Processing /Users/yoonmoon/git/learn-airflow/airflow1/py_env/lib/python3.11/site-packages/airflow/example_dags/example_short_circuit_operator.py took 0.083 seconds
[2024-11-13T19:41:55.208+1100] {processor.py:186} INFO - Started process (PID=65568) to work on /Users/yoonmoon/git/learn-airflow/airflow1/py_env/lib/python3.11/site-packages/airflow/example_dags/example_short_circuit_operator.py
[2024-11-13T19:41:55.209+1100] {processor.py:914} INFO - Processing file /Users/yoonmoon/git/learn-airflow/airflow1/py_env/lib/python3.11/site-packages/airflow/example_dags/example_short_circuit_operator.py for tasks to queue
[2024-11-13T19:41:55.210+1100] {logging_mixin.py:190} INFO - [2024-11-13T19:41:55.209+1100] {dagbag.py:588} INFO - Filling up the DagBag from /Users/yoonmoon/git/learn-airflow/airflow1/py_env/lib/python3.11/site-packages/airflow/example_dags/example_short_circuit_operator.py
[2024-11-13T19:41:55.220+1100] {processor.py:925} INFO - DAG(s) 'example_short_circuit_operator' retrieved from /Users/yoonmoon/git/learn-airflow/airflow1/py_env/lib/python3.11/site-packages/airflow/example_dags/example_short_circuit_operator.py
[2024-11-13T19:41:55.278+1100] {logging_mixin.py:190} INFO - [2024-11-13T19:41:55.278+1100] {dag.py:3239} INFO - Sync 1 DAGs
[2024-11-13T19:41:55.282+1100] {logging_mixin.py:190} INFO - [2024-11-13T19:41:55.282+1100] {dag.py:4180} INFO - Setting next_dagrun for example_short_circuit_operator to None, run_after=None
[2024-11-13T19:41:55.289+1100] {processor.py:208} INFO - Processing /Users/yoonmoon/git/learn-airflow/airflow1/py_env/lib/python3.11/site-packages/airflow/example_dags/example_short_circuit_operator.py took 0.083 seconds
[2024-11-13T19:43:04.497+1100] {processor.py:186} INFO - Started process (PID=65698) to work on /Users/yoonmoon/git/learn-airflow/airflow1/py_env/lib/python3.11/site-packages/airflow/example_dags/example_short_circuit_operator.py
[2024-11-13T19:43:04.499+1100] {processor.py:914} INFO - Processing file /Users/yoonmoon/git/learn-airflow/airflow1/py_env/lib/python3.11/site-packages/airflow/example_dags/example_short_circuit_operator.py for tasks to queue
[2024-11-13T19:43:04.499+1100] {logging_mixin.py:190} INFO - [2024-11-13T19:43:04.499+1100] {dagbag.py:588} INFO - Filling up the DagBag from /Users/yoonmoon/git/learn-airflow/airflow1/py_env/lib/python3.11/site-packages/airflow/example_dags/example_short_circuit_operator.py
[2024-11-13T19:43:04.510+1100] {processor.py:925} INFO - DAG(s) 'example_short_circuit_operator' retrieved from /Users/yoonmoon/git/learn-airflow/airflow1/py_env/lib/python3.11/site-packages/airflow/example_dags/example_short_circuit_operator.py
[2024-11-13T19:43:04.575+1100] {logging_mixin.py:190} INFO - [2024-11-13T19:43:04.575+1100] {dag.py:3239} INFO - Sync 1 DAGs
[2024-11-13T19:43:04.578+1100] {logging_mixin.py:190} INFO - [2024-11-13T19:43:04.578+1100] {dag.py:4180} INFO - Setting next_dagrun for example_short_circuit_operator to None, run_after=None
[2024-11-13T19:43:04.586+1100] {processor.py:208} INFO - Processing /Users/yoonmoon/git/learn-airflow/airflow1/py_env/lib/python3.11/site-packages/airflow/example_dags/example_short_circuit_operator.py took 0.090 seconds
[2024-11-13T19:44:13.759+1100] {processor.py:186} INFO - Started process (PID=65839) to work on /Users/yoonmoon/git/learn-airflow/airflow1/py_env/lib/python3.11/site-packages/airflow/example_dags/example_short_circuit_operator.py
[2024-11-13T19:44:13.760+1100] {processor.py:914} INFO - Processing file /Users/yoonmoon/git/learn-airflow/airflow1/py_env/lib/python3.11/site-packages/airflow/example_dags/example_short_circuit_operator.py for tasks to queue
[2024-11-13T19:44:13.761+1100] {logging_mixin.py:190} INFO - [2024-11-13T19:44:13.761+1100] {dagbag.py:588} INFO - Filling up the DagBag from /Users/yoonmoon/git/learn-airflow/airflow1/py_env/lib/python3.11/site-packages/airflow/example_dags/example_short_circuit_operator.py
[2024-11-13T19:44:13.771+1100] {processor.py:925} INFO - DAG(s) 'example_short_circuit_operator' retrieved from /Users/yoonmoon/git/learn-airflow/airflow1/py_env/lib/python3.11/site-packages/airflow/example_dags/example_short_circuit_operator.py
[2024-11-13T19:44:13.830+1100] {logging_mixin.py:190} INFO - [2024-11-13T19:44:13.830+1100] {dag.py:3239} INFO - Sync 1 DAGs
[2024-11-13T19:44:13.834+1100] {logging_mixin.py:190} INFO - [2024-11-13T19:44:13.834+1100] {dag.py:4180} INFO - Setting next_dagrun for example_short_circuit_operator to None, run_after=None
[2024-11-13T19:44:13.842+1100] {processor.py:208} INFO - Processing /Users/yoonmoon/git/learn-airflow/airflow1/py_env/lib/python3.11/site-packages/airflow/example_dags/example_short_circuit_operator.py took 0.085 seconds
[2024-11-13T19:46:25.560+1100] {processor.py:186} INFO - Started process (PID=66090) to work on /Users/yoonmoon/git/learn-airflow/airflow1/py_env/lib/python3.11/site-packages/airflow/example_dags/example_short_circuit_operator.py
[2024-11-13T19:46:25.560+1100] {processor.py:914} INFO - Processing file /Users/yoonmoon/git/learn-airflow/airflow1/py_env/lib/python3.11/site-packages/airflow/example_dags/example_short_circuit_operator.py for tasks to queue
[2024-11-13T19:46:25.561+1100] {logging_mixin.py:190} INFO - [2024-11-13T19:46:25.561+1100] {dagbag.py:588} INFO - Filling up the DagBag from /Users/yoonmoon/git/learn-airflow/airflow1/py_env/lib/python3.11/site-packages/airflow/example_dags/example_short_circuit_operator.py
[2024-11-13T19:46:25.571+1100] {processor.py:925} INFO - DAG(s) 'example_short_circuit_operator' retrieved from /Users/yoonmoon/git/learn-airflow/airflow1/py_env/lib/python3.11/site-packages/airflow/example_dags/example_short_circuit_operator.py
[2024-11-13T19:46:25.631+1100] {logging_mixin.py:190} INFO - [2024-11-13T19:46:25.631+1100] {dag.py:3239} INFO - Sync 1 DAGs
[2024-11-13T19:46:25.634+1100] {logging_mixin.py:190} INFO - [2024-11-13T19:46:25.634+1100] {dag.py:4180} INFO - Setting next_dagrun for example_short_circuit_operator to None, run_after=None
[2024-11-13T19:46:25.641+1100] {processor.py:208} INFO - Processing /Users/yoonmoon/git/learn-airflow/airflow1/py_env/lib/python3.11/site-packages/airflow/example_dags/example_short_circuit_operator.py took 0.084 seconds
[2024-11-13T19:48:39.663+1100] {processor.py:186} INFO - Started process (PID=66334) to work on /Users/yoonmoon/git/learn-airflow/airflow1/py_env/lib/python3.11/site-packages/airflow/example_dags/example_short_circuit_operator.py
[2024-11-13T19:48:39.664+1100] {processor.py:914} INFO - Processing file /Users/yoonmoon/git/learn-airflow/airflow1/py_env/lib/python3.11/site-packages/airflow/example_dags/example_short_circuit_operator.py for tasks to queue
[2024-11-13T19:48:39.665+1100] {logging_mixin.py:190} INFO - [2024-11-13T19:48:39.664+1100] {dagbag.py:588} INFO - Filling up the DagBag from /Users/yoonmoon/git/learn-airflow/airflow1/py_env/lib/python3.11/site-packages/airflow/example_dags/example_short_circuit_operator.py
[2024-11-13T19:48:39.674+1100] {processor.py:925} INFO - DAG(s) 'example_short_circuit_operator' retrieved from /Users/yoonmoon/git/learn-airflow/airflow1/py_env/lib/python3.11/site-packages/airflow/example_dags/example_short_circuit_operator.py
[2024-11-13T19:48:39.735+1100] {logging_mixin.py:190} INFO - [2024-11-13T19:48:39.735+1100] {dag.py:3239} INFO - Sync 1 DAGs
[2024-11-13T19:48:39.739+1100] {logging_mixin.py:190} INFO - [2024-11-13T19:48:39.739+1100] {dag.py:4180} INFO - Setting next_dagrun for example_short_circuit_operator to None, run_after=None
[2024-11-13T19:48:39.746+1100] {processor.py:208} INFO - Processing /Users/yoonmoon/git/learn-airflow/airflow1/py_env/lib/python3.11/site-packages/airflow/example_dags/example_short_circuit_operator.py took 0.085 seconds
[2024-11-13T19:50:48.236+1100] {processor.py:186} INFO - Started process (PID=66569) to work on /Users/yoonmoon/git/learn-airflow/airflow1/py_env/lib/python3.11/site-packages/airflow/example_dags/example_short_circuit_operator.py
[2024-11-13T19:50:48.237+1100] {processor.py:914} INFO - Processing file /Users/yoonmoon/git/learn-airflow/airflow1/py_env/lib/python3.11/site-packages/airflow/example_dags/example_short_circuit_operator.py for tasks to queue
[2024-11-13T19:50:48.238+1100] {logging_mixin.py:190} INFO - [2024-11-13T19:50:48.238+1100] {dagbag.py:588} INFO - Filling up the DagBag from /Users/yoonmoon/git/learn-airflow/airflow1/py_env/lib/python3.11/site-packages/airflow/example_dags/example_short_circuit_operator.py
[2024-11-13T19:50:48.248+1100] {processor.py:925} INFO - DAG(s) 'example_short_circuit_operator' retrieved from /Users/yoonmoon/git/learn-airflow/airflow1/py_env/lib/python3.11/site-packages/airflow/example_dags/example_short_circuit_operator.py
[2024-11-13T19:50:48.308+1100] {logging_mixin.py:190} INFO - [2024-11-13T19:50:48.308+1100] {dag.py:3239} INFO - Sync 1 DAGs
[2024-11-13T19:50:48.311+1100] {logging_mixin.py:190} INFO - [2024-11-13T19:50:48.311+1100] {dag.py:4180} INFO - Setting next_dagrun for example_short_circuit_operator to None, run_after=None
[2024-11-13T19:50:48.318+1100] {processor.py:208} INFO - Processing /Users/yoonmoon/git/learn-airflow/airflow1/py_env/lib/python3.11/site-packages/airflow/example_dags/example_short_circuit_operator.py took 0.085 seconds
[2024-11-13T19:51:58.056+1100] {processor.py:186} INFO - Started process (PID=66695) to work on /Users/yoonmoon/git/learn-airflow/airflow1/py_env/lib/python3.11/site-packages/airflow/example_dags/example_short_circuit_operator.py
[2024-11-13T19:51:58.058+1100] {processor.py:914} INFO - Processing file /Users/yoonmoon/git/learn-airflow/airflow1/py_env/lib/python3.11/site-packages/airflow/example_dags/example_short_circuit_operator.py for tasks to queue
[2024-11-13T19:51:58.058+1100] {logging_mixin.py:190} INFO - [2024-11-13T19:51:58.058+1100] {dagbag.py:588} INFO - Filling up the DagBag from /Users/yoonmoon/git/learn-airflow/airflow1/py_env/lib/python3.11/site-packages/airflow/example_dags/example_short_circuit_operator.py
[2024-11-13T19:51:58.068+1100] {processor.py:925} INFO - DAG(s) 'example_short_circuit_operator' retrieved from /Users/yoonmoon/git/learn-airflow/airflow1/py_env/lib/python3.11/site-packages/airflow/example_dags/example_short_circuit_operator.py
[2024-11-13T19:51:58.128+1100] {logging_mixin.py:190} INFO - [2024-11-13T19:51:58.128+1100] {dag.py:3239} INFO - Sync 1 DAGs
[2024-11-13T19:51:58.131+1100] {logging_mixin.py:190} INFO - [2024-11-13T19:51:58.131+1100] {dag.py:4180} INFO - Setting next_dagrun for example_short_circuit_operator to None, run_after=None
[2024-11-13T19:51:58.138+1100] {processor.py:208} INFO - Processing /Users/yoonmoon/git/learn-airflow/airflow1/py_env/lib/python3.11/site-packages/airflow/example_dags/example_short_circuit_operator.py took 0.084 seconds
[2024-11-13T19:53:07.540+1100] {processor.py:186} INFO - Started process (PID=66820) to work on /Users/yoonmoon/git/learn-airflow/airflow1/py_env/lib/python3.11/site-packages/airflow/example_dags/example_short_circuit_operator.py
[2024-11-13T19:53:07.541+1100] {processor.py:914} INFO - Processing file /Users/yoonmoon/git/learn-airflow/airflow1/py_env/lib/python3.11/site-packages/airflow/example_dags/example_short_circuit_operator.py for tasks to queue
[2024-11-13T19:53:07.542+1100] {logging_mixin.py:190} INFO - [2024-11-13T19:53:07.542+1100] {dagbag.py:588} INFO - Filling up the DagBag from /Users/yoonmoon/git/learn-airflow/airflow1/py_env/lib/python3.11/site-packages/airflow/example_dags/example_short_circuit_operator.py
[2024-11-13T19:53:07.553+1100] {processor.py:925} INFO - DAG(s) 'example_short_circuit_operator' retrieved from /Users/yoonmoon/git/learn-airflow/airflow1/py_env/lib/python3.11/site-packages/airflow/example_dags/example_short_circuit_operator.py
[2024-11-13T19:53:07.611+1100] {logging_mixin.py:190} INFO - [2024-11-13T19:53:07.611+1100] {dag.py:3239} INFO - Sync 1 DAGs
[2024-11-13T19:53:07.615+1100] {logging_mixin.py:190} INFO - [2024-11-13T19:53:07.615+1100] {dag.py:4180} INFO - Setting next_dagrun for example_short_circuit_operator to None, run_after=None
[2024-11-13T19:53:07.622+1100] {processor.py:208} INFO - Processing /Users/yoonmoon/git/learn-airflow/airflow1/py_env/lib/python3.11/site-packages/airflow/example_dags/example_short_circuit_operator.py took 0.084 seconds
[2024-11-13T19:54:18.453+1100] {processor.py:186} INFO - Started process (PID=66972) to work on /Users/yoonmoon/git/learn-airflow/airflow1/py_env/lib/python3.11/site-packages/airflow/example_dags/example_short_circuit_operator.py
[2024-11-13T19:54:18.455+1100] {processor.py:914} INFO - Processing file /Users/yoonmoon/git/learn-airflow/airflow1/py_env/lib/python3.11/site-packages/airflow/example_dags/example_short_circuit_operator.py for tasks to queue
[2024-11-13T19:54:18.455+1100] {logging_mixin.py:190} INFO - [2024-11-13T19:54:18.455+1100] {dagbag.py:588} INFO - Filling up the DagBag from /Users/yoonmoon/git/learn-airflow/airflow1/py_env/lib/python3.11/site-packages/airflow/example_dags/example_short_circuit_operator.py
[2024-11-13T19:54:18.465+1100] {processor.py:925} INFO - DAG(s) 'example_short_circuit_operator' retrieved from /Users/yoonmoon/git/learn-airflow/airflow1/py_env/lib/python3.11/site-packages/airflow/example_dags/example_short_circuit_operator.py
[2024-11-13T19:54:18.526+1100] {logging_mixin.py:190} INFO - [2024-11-13T19:54:18.525+1100] {dag.py:3239} INFO - Sync 1 DAGs
[2024-11-13T19:54:18.529+1100] {logging_mixin.py:190} INFO - [2024-11-13T19:54:18.529+1100] {dag.py:4180} INFO - Setting next_dagrun for example_short_circuit_operator to None, run_after=None
[2024-11-13T19:54:18.536+1100] {processor.py:208} INFO - Processing /Users/yoonmoon/git/learn-airflow/airflow1/py_env/lib/python3.11/site-packages/airflow/example_dags/example_short_circuit_operator.py took 0.085 seconds
[2024-11-13T19:55:28.256+1100] {processor.py:186} INFO - Started process (PID=67109) to work on /Users/yoonmoon/git/learn-airflow/airflow1/py_env/lib/python3.11/site-packages/airflow/example_dags/example_short_circuit_operator.py
[2024-11-13T19:55:28.257+1100] {processor.py:914} INFO - Processing file /Users/yoonmoon/git/learn-airflow/airflow1/py_env/lib/python3.11/site-packages/airflow/example_dags/example_short_circuit_operator.py for tasks to queue
[2024-11-13T19:55:28.258+1100] {logging_mixin.py:190} INFO - [2024-11-13T19:55:28.258+1100] {dagbag.py:588} INFO - Filling up the DagBag from /Users/yoonmoon/git/learn-airflow/airflow1/py_env/lib/python3.11/site-packages/airflow/example_dags/example_short_circuit_operator.py
[2024-11-13T19:55:28.269+1100] {processor.py:925} INFO - DAG(s) 'example_short_circuit_operator' retrieved from /Users/yoonmoon/git/learn-airflow/airflow1/py_env/lib/python3.11/site-packages/airflow/example_dags/example_short_circuit_operator.py
[2024-11-13T19:55:28.328+1100] {logging_mixin.py:190} INFO - [2024-11-13T19:55:28.328+1100] {dag.py:3239} INFO - Sync 1 DAGs
[2024-11-13T19:55:28.332+1100] {logging_mixin.py:190} INFO - [2024-11-13T19:55:28.331+1100] {dag.py:4180} INFO - Setting next_dagrun for example_short_circuit_operator to None, run_after=None
[2024-11-13T19:55:28.338+1100] {processor.py:208} INFO - Processing /Users/yoonmoon/git/learn-airflow/airflow1/py_env/lib/python3.11/site-packages/airflow/example_dags/example_short_circuit_operator.py took 0.085 seconds
[2024-11-13T19:56:38.295+1100] {processor.py:186} INFO - Started process (PID=67236) to work on /Users/yoonmoon/git/learn-airflow/airflow1/py_env/lib/python3.11/site-packages/airflow/example_dags/example_short_circuit_operator.py
[2024-11-13T19:56:38.296+1100] {processor.py:914} INFO - Processing file /Users/yoonmoon/git/learn-airflow/airflow1/py_env/lib/python3.11/site-packages/airflow/example_dags/example_short_circuit_operator.py for tasks to queue
[2024-11-13T19:56:38.297+1100] {logging_mixin.py:190} INFO - [2024-11-13T19:56:38.297+1100] {dagbag.py:588} INFO - Filling up the DagBag from /Users/yoonmoon/git/learn-airflow/airflow1/py_env/lib/python3.11/site-packages/airflow/example_dags/example_short_circuit_operator.py
[2024-11-13T19:56:38.307+1100] {processor.py:925} INFO - DAG(s) 'example_short_circuit_operator' retrieved from /Users/yoonmoon/git/learn-airflow/airflow1/py_env/lib/python3.11/site-packages/airflow/example_dags/example_short_circuit_operator.py
[2024-11-13T19:56:38.365+1100] {logging_mixin.py:190} INFO - [2024-11-13T19:56:38.365+1100] {dag.py:3239} INFO - Sync 1 DAGs
[2024-11-13T19:56:38.368+1100] {logging_mixin.py:190} INFO - [2024-11-13T19:56:38.368+1100] {dag.py:4180} INFO - Setting next_dagrun for example_short_circuit_operator to None, run_after=None
[2024-11-13T19:56:38.375+1100] {processor.py:208} INFO - Processing /Users/yoonmoon/git/learn-airflow/airflow1/py_env/lib/python3.11/site-packages/airflow/example_dags/example_short_circuit_operator.py took 0.083 seconds
[2024-11-13T19:57:46.512+1100] {processor.py:186} INFO - Started process (PID=67361) to work on /Users/yoonmoon/git/learn-airflow/airflow1/py_env/lib/python3.11/site-packages/airflow/example_dags/example_short_circuit_operator.py
[2024-11-13T19:57:46.514+1100] {processor.py:914} INFO - Processing file /Users/yoonmoon/git/learn-airflow/airflow1/py_env/lib/python3.11/site-packages/airflow/example_dags/example_short_circuit_operator.py for tasks to queue
[2024-11-13T19:57:46.514+1100] {logging_mixin.py:190} INFO - [2024-11-13T19:57:46.514+1100] {dagbag.py:588} INFO - Filling up the DagBag from /Users/yoonmoon/git/learn-airflow/airflow1/py_env/lib/python3.11/site-packages/airflow/example_dags/example_short_circuit_operator.py
[2024-11-13T19:57:46.525+1100] {processor.py:925} INFO - DAG(s) 'example_short_circuit_operator' retrieved from /Users/yoonmoon/git/learn-airflow/airflow1/py_env/lib/python3.11/site-packages/airflow/example_dags/example_short_circuit_operator.py
[2024-11-13T19:57:46.584+1100] {logging_mixin.py:190} INFO - [2024-11-13T19:57:46.584+1100] {dag.py:3239} INFO - Sync 1 DAGs
[2024-11-13T19:57:46.587+1100] {logging_mixin.py:190} INFO - [2024-11-13T19:57:46.587+1100] {dag.py:4180} INFO - Setting next_dagrun for example_short_circuit_operator to None, run_after=None
[2024-11-13T19:57:46.594+1100] {processor.py:208} INFO - Processing /Users/yoonmoon/git/learn-airflow/airflow1/py_env/lib/python3.11/site-packages/airflow/example_dags/example_short_circuit_operator.py took 0.083 seconds
[2024-11-13T20:00:00.824+1100] {processor.py:186} INFO - Started process (PID=67607) to work on /Users/yoonmoon/git/learn-airflow/airflow1/py_env/lib/python3.11/site-packages/airflow/example_dags/example_short_circuit_operator.py
[2024-11-13T20:00:00.825+1100] {processor.py:914} INFO - Processing file /Users/yoonmoon/git/learn-airflow/airflow1/py_env/lib/python3.11/site-packages/airflow/example_dags/example_short_circuit_operator.py for tasks to queue
[2024-11-13T20:00:00.826+1100] {logging_mixin.py:190} INFO - [2024-11-13T20:00:00.825+1100] {dagbag.py:588} INFO - Filling up the DagBag from /Users/yoonmoon/git/learn-airflow/airflow1/py_env/lib/python3.11/site-packages/airflow/example_dags/example_short_circuit_operator.py
[2024-11-13T20:00:00.835+1100] {processor.py:925} INFO - DAG(s) 'example_short_circuit_operator' retrieved from /Users/yoonmoon/git/learn-airflow/airflow1/py_env/lib/python3.11/site-packages/airflow/example_dags/example_short_circuit_operator.py
[2024-11-13T20:00:00.895+1100] {logging_mixin.py:190} INFO - [2024-11-13T20:00:00.894+1100] {dag.py:3239} INFO - Sync 1 DAGs
[2024-11-13T20:00:00.898+1100] {logging_mixin.py:190} INFO - [2024-11-13T20:00:00.898+1100] {dag.py:4180} INFO - Setting next_dagrun for example_short_circuit_operator to None, run_after=None
[2024-11-13T20:00:00.905+1100] {processor.py:208} INFO - Processing /Users/yoonmoon/git/learn-airflow/airflow1/py_env/lib/python3.11/site-packages/airflow/example_dags/example_short_circuit_operator.py took 0.083 seconds
[2024-11-13T20:01:09.024+1100] {processor.py:186} INFO - Started process (PID=67730) to work on /Users/yoonmoon/git/learn-airflow/airflow1/py_env/lib/python3.11/site-packages/airflow/example_dags/example_short_circuit_operator.py
[2024-11-13T20:01:09.024+1100] {processor.py:914} INFO - Processing file /Users/yoonmoon/git/learn-airflow/airflow1/py_env/lib/python3.11/site-packages/airflow/example_dags/example_short_circuit_operator.py for tasks to queue
[2024-11-13T20:01:09.025+1100] {logging_mixin.py:190} INFO - [2024-11-13T20:01:09.025+1100] {dagbag.py:588} INFO - Filling up the DagBag from /Users/yoonmoon/git/learn-airflow/airflow1/py_env/lib/python3.11/site-packages/airflow/example_dags/example_short_circuit_operator.py
[2024-11-13T20:01:09.035+1100] {processor.py:925} INFO - DAG(s) 'example_short_circuit_operator' retrieved from /Users/yoonmoon/git/learn-airflow/airflow1/py_env/lib/python3.11/site-packages/airflow/example_dags/example_short_circuit_operator.py
[2024-11-13T20:01:09.094+1100] {logging_mixin.py:190} INFO - [2024-11-13T20:01:09.094+1100] {dag.py:3239} INFO - Sync 1 DAGs
[2024-11-13T20:01:09.097+1100] {logging_mixin.py:190} INFO - [2024-11-13T20:01:09.097+1100] {dag.py:4180} INFO - Setting next_dagrun for example_short_circuit_operator to None, run_after=None
[2024-11-13T20:01:09.104+1100] {processor.py:208} INFO - Processing /Users/yoonmoon/git/learn-airflow/airflow1/py_env/lib/python3.11/site-packages/airflow/example_dags/example_short_circuit_operator.py took 0.083 seconds
[2024-11-13T20:03:24.753+1100] {processor.py:186} INFO - Started process (PID=67974) to work on /Users/yoonmoon/git/learn-airflow/airflow1/py_env/lib/python3.11/site-packages/airflow/example_dags/example_short_circuit_operator.py
[2024-11-13T20:03:24.754+1100] {processor.py:914} INFO - Processing file /Users/yoonmoon/git/learn-airflow/airflow1/py_env/lib/python3.11/site-packages/airflow/example_dags/example_short_circuit_operator.py for tasks to queue
[2024-11-13T20:03:24.755+1100] {logging_mixin.py:190} INFO - [2024-11-13T20:03:24.754+1100] {dagbag.py:588} INFO - Filling up the DagBag from /Users/yoonmoon/git/learn-airflow/airflow1/py_env/lib/python3.11/site-packages/airflow/example_dags/example_short_circuit_operator.py
[2024-11-13T20:03:24.764+1100] {processor.py:925} INFO - DAG(s) 'example_short_circuit_operator' retrieved from /Users/yoonmoon/git/learn-airflow/airflow1/py_env/lib/python3.11/site-packages/airflow/example_dags/example_short_circuit_operator.py
[2024-11-13T20:03:24.828+1100] {logging_mixin.py:190} INFO - [2024-11-13T20:03:24.828+1100] {dag.py:3239} INFO - Sync 1 DAGs
[2024-11-13T20:03:24.831+1100] {logging_mixin.py:190} INFO - [2024-11-13T20:03:24.831+1100] {dag.py:4180} INFO - Setting next_dagrun for example_short_circuit_operator to None, run_after=None
[2024-11-13T20:03:24.839+1100] {processor.py:208} INFO - Processing /Users/yoonmoon/git/learn-airflow/airflow1/py_env/lib/python3.11/site-packages/airflow/example_dags/example_short_circuit_operator.py took 0.088 seconds
[2024-11-13T20:05:42.479+1100] {processor.py:186} INFO - Started process (PID=68247) to work on /Users/yoonmoon/git/learn-airflow/airflow1/py_env/lib/python3.11/site-packages/airflow/example_dags/example_short_circuit_operator.py
[2024-11-13T20:05:42.481+1100] {processor.py:914} INFO - Processing file /Users/yoonmoon/git/learn-airflow/airflow1/py_env/lib/python3.11/site-packages/airflow/example_dags/example_short_circuit_operator.py for tasks to queue
[2024-11-13T20:05:42.481+1100] {logging_mixin.py:190} INFO - [2024-11-13T20:05:42.481+1100] {dagbag.py:588} INFO - Filling up the DagBag from /Users/yoonmoon/git/learn-airflow/airflow1/py_env/lib/python3.11/site-packages/airflow/example_dags/example_short_circuit_operator.py
[2024-11-13T20:05:42.491+1100] {processor.py:925} INFO - DAG(s) 'example_short_circuit_operator' retrieved from /Users/yoonmoon/git/learn-airflow/airflow1/py_env/lib/python3.11/site-packages/airflow/example_dags/example_short_circuit_operator.py
[2024-11-13T20:05:42.552+1100] {logging_mixin.py:190} INFO - [2024-11-13T20:05:42.552+1100] {dag.py:3239} INFO - Sync 1 DAGs
[2024-11-13T20:05:42.556+1100] {logging_mixin.py:190} INFO - [2024-11-13T20:05:42.556+1100] {dag.py:4180} INFO - Setting next_dagrun for example_short_circuit_operator to None, run_after=None
[2024-11-13T20:05:42.563+1100] {processor.py:208} INFO - Processing /Users/yoonmoon/git/learn-airflow/airflow1/py_env/lib/python3.11/site-packages/airflow/example_dags/example_short_circuit_operator.py took 0.086 seconds
[2024-11-13T20:06:52.460+1100] {processor.py:186} INFO - Started process (PID=68386) to work on /Users/yoonmoon/git/learn-airflow/airflow1/py_env/lib/python3.11/site-packages/airflow/example_dags/example_short_circuit_operator.py
[2024-11-13T20:06:52.461+1100] {processor.py:914} INFO - Processing file /Users/yoonmoon/git/learn-airflow/airflow1/py_env/lib/python3.11/site-packages/airflow/example_dags/example_short_circuit_operator.py for tasks to queue
[2024-11-13T20:06:52.462+1100] {logging_mixin.py:190} INFO - [2024-11-13T20:06:52.461+1100] {dagbag.py:588} INFO - Filling up the DagBag from /Users/yoonmoon/git/learn-airflow/airflow1/py_env/lib/python3.11/site-packages/airflow/example_dags/example_short_circuit_operator.py
[2024-11-13T20:06:52.472+1100] {processor.py:925} INFO - DAG(s) 'example_short_circuit_operator' retrieved from /Users/yoonmoon/git/learn-airflow/airflow1/py_env/lib/python3.11/site-packages/airflow/example_dags/example_short_circuit_operator.py
[2024-11-13T20:06:52.533+1100] {logging_mixin.py:190} INFO - [2024-11-13T20:06:52.533+1100] {dag.py:3239} INFO - Sync 1 DAGs
[2024-11-13T20:06:52.537+1100] {logging_mixin.py:190} INFO - [2024-11-13T20:06:52.537+1100] {dag.py:4180} INFO - Setting next_dagrun for example_short_circuit_operator to None, run_after=None
[2024-11-13T20:06:52.544+1100] {processor.py:208} INFO - Processing /Users/yoonmoon/git/learn-airflow/airflow1/py_env/lib/python3.11/site-packages/airflow/example_dags/example_short_circuit_operator.py took 0.086 seconds
[2024-11-13T20:08:02.691+1100] {processor.py:186} INFO - Started process (PID=68519) to work on /Users/yoonmoon/git/learn-airflow/airflow1/py_env/lib/python3.11/site-packages/airflow/example_dags/example_short_circuit_operator.py
[2024-11-13T20:08:02.692+1100] {processor.py:914} INFO - Processing file /Users/yoonmoon/git/learn-airflow/airflow1/py_env/lib/python3.11/site-packages/airflow/example_dags/example_short_circuit_operator.py for tasks to queue
[2024-11-13T20:08:02.692+1100] {logging_mixin.py:190} INFO - [2024-11-13T20:08:02.692+1100] {dagbag.py:588} INFO - Filling up the DagBag from /Users/yoonmoon/git/learn-airflow/airflow1/py_env/lib/python3.11/site-packages/airflow/example_dags/example_short_circuit_operator.py
[2024-11-13T20:08:02.702+1100] {processor.py:925} INFO - DAG(s) 'example_short_circuit_operator' retrieved from /Users/yoonmoon/git/learn-airflow/airflow1/py_env/lib/python3.11/site-packages/airflow/example_dags/example_short_circuit_operator.py
[2024-11-13T20:08:02.764+1100] {logging_mixin.py:190} INFO - [2024-11-13T20:08:02.764+1100] {dag.py:3239} INFO - Sync 1 DAGs
[2024-11-13T20:08:02.768+1100] {logging_mixin.py:190} INFO - [2024-11-13T20:08:02.768+1100] {dag.py:4180} INFO - Setting next_dagrun for example_short_circuit_operator to None, run_after=None
[2024-11-13T20:08:02.775+1100] {processor.py:208} INFO - Processing /Users/yoonmoon/git/learn-airflow/airflow1/py_env/lib/python3.11/site-packages/airflow/example_dags/example_short_circuit_operator.py took 0.086 seconds
[2024-11-13T20:09:14.047+1100] {processor.py:186} INFO - Started process (PID=68657) to work on /Users/yoonmoon/git/learn-airflow/airflow1/py_env/lib/python3.11/site-packages/airflow/example_dags/example_short_circuit_operator.py
[2024-11-13T20:09:14.048+1100] {processor.py:914} INFO - Processing file /Users/yoonmoon/git/learn-airflow/airflow1/py_env/lib/python3.11/site-packages/airflow/example_dags/example_short_circuit_operator.py for tasks to queue
[2024-11-13T20:09:14.049+1100] {logging_mixin.py:190} INFO - [2024-11-13T20:09:14.048+1100] {dagbag.py:588} INFO - Filling up the DagBag from /Users/yoonmoon/git/learn-airflow/airflow1/py_env/lib/python3.11/site-packages/airflow/example_dags/example_short_circuit_operator.py
[2024-11-13T20:09:14.058+1100] {processor.py:925} INFO - DAG(s) 'example_short_circuit_operator' retrieved from /Users/yoonmoon/git/learn-airflow/airflow1/py_env/lib/python3.11/site-packages/airflow/example_dags/example_short_circuit_operator.py
[2024-11-13T20:09:14.120+1100] {logging_mixin.py:190} INFO - [2024-11-13T20:09:14.120+1100] {dag.py:3239} INFO - Sync 1 DAGs
[2024-11-13T20:09:14.124+1100] {logging_mixin.py:190} INFO - [2024-11-13T20:09:14.124+1100] {dag.py:4180} INFO - Setting next_dagrun for example_short_circuit_operator to None, run_after=None
[2024-11-13T20:09:14.131+1100] {processor.py:208} INFO - Processing /Users/yoonmoon/git/learn-airflow/airflow1/py_env/lib/python3.11/site-packages/airflow/example_dags/example_short_circuit_operator.py took 0.087 seconds
[2024-11-13T20:10:25.733+1100] {processor.py:186} INFO - Started process (PID=68812) to work on /Users/yoonmoon/git/learn-airflow/airflow1/py_env/lib/python3.11/site-packages/airflow/example_dags/example_short_circuit_operator.py
[2024-11-13T20:10:25.734+1100] {processor.py:914} INFO - Processing file /Users/yoonmoon/git/learn-airflow/airflow1/py_env/lib/python3.11/site-packages/airflow/example_dags/example_short_circuit_operator.py for tasks to queue
[2024-11-13T20:10:25.734+1100] {logging_mixin.py:190} INFO - [2024-11-13T20:10:25.734+1100] {dagbag.py:588} INFO - Filling up the DagBag from /Users/yoonmoon/git/learn-airflow/airflow1/py_env/lib/python3.11/site-packages/airflow/example_dags/example_short_circuit_operator.py
[2024-11-13T20:10:25.744+1100] {processor.py:925} INFO - DAG(s) 'example_short_circuit_operator' retrieved from /Users/yoonmoon/git/learn-airflow/airflow1/py_env/lib/python3.11/site-packages/airflow/example_dags/example_short_circuit_operator.py
[2024-11-13T20:10:25.807+1100] {logging_mixin.py:190} INFO - [2024-11-13T20:10:25.807+1100] {dag.py:3239} INFO - Sync 1 DAGs
[2024-11-13T20:10:25.811+1100] {logging_mixin.py:190} INFO - [2024-11-13T20:10:25.811+1100] {dag.py:4180} INFO - Setting next_dagrun for example_short_circuit_operator to None, run_after=None
[2024-11-13T20:10:25.818+1100] {processor.py:208} INFO - Processing /Users/yoonmoon/git/learn-airflow/airflow1/py_env/lib/python3.11/site-packages/airflow/example_dags/example_short_circuit_operator.py took 0.087 seconds
[2024-11-13T20:12:39.367+1100] {processor.py:186} INFO - Started process (PID=69062) to work on /Users/yoonmoon/git/learn-airflow/airflow1/py_env/lib/python3.11/site-packages/airflow/example_dags/example_short_circuit_operator.py
[2024-11-13T20:12:39.368+1100] {processor.py:914} INFO - Processing file /Users/yoonmoon/git/learn-airflow/airflow1/py_env/lib/python3.11/site-packages/airflow/example_dags/example_short_circuit_operator.py for tasks to queue
[2024-11-13T20:12:39.369+1100] {logging_mixin.py:190} INFO - [2024-11-13T20:12:39.368+1100] {dagbag.py:588} INFO - Filling up the DagBag from /Users/yoonmoon/git/learn-airflow/airflow1/py_env/lib/python3.11/site-packages/airflow/example_dags/example_short_circuit_operator.py
[2024-11-13T20:12:39.379+1100] {processor.py:925} INFO - DAG(s) 'example_short_circuit_operator' retrieved from /Users/yoonmoon/git/learn-airflow/airflow1/py_env/lib/python3.11/site-packages/airflow/example_dags/example_short_circuit_operator.py
[2024-11-13T20:12:39.442+1100] {logging_mixin.py:190} INFO - [2024-11-13T20:12:39.441+1100] {dag.py:3239} INFO - Sync 1 DAGs
[2024-11-13T20:12:39.446+1100] {logging_mixin.py:190} INFO - [2024-11-13T20:12:39.446+1100] {dag.py:4180} INFO - Setting next_dagrun for example_short_circuit_operator to None, run_after=None
[2024-11-13T20:12:39.453+1100] {processor.py:208} INFO - Processing /Users/yoonmoon/git/learn-airflow/airflow1/py_env/lib/python3.11/site-packages/airflow/example_dags/example_short_circuit_operator.py took 0.088 seconds
[2024-11-13T20:14:58.192+1100] {processor.py:186} INFO - Started process (PID=69312) to work on /Users/yoonmoon/git/learn-airflow/airflow1/py_env/lib/python3.11/site-packages/airflow/example_dags/example_short_circuit_operator.py
[2024-11-13T20:14:58.193+1100] {processor.py:914} INFO - Processing file /Users/yoonmoon/git/learn-airflow/airflow1/py_env/lib/python3.11/site-packages/airflow/example_dags/example_short_circuit_operator.py for tasks to queue
[2024-11-13T20:14:58.194+1100] {logging_mixin.py:190} INFO - [2024-11-13T20:14:58.194+1100] {dagbag.py:588} INFO - Filling up the DagBag from /Users/yoonmoon/git/learn-airflow/airflow1/py_env/lib/python3.11/site-packages/airflow/example_dags/example_short_circuit_operator.py
[2024-11-13T20:14:58.204+1100] {processor.py:925} INFO - DAG(s) 'example_short_circuit_operator' retrieved from /Users/yoonmoon/git/learn-airflow/airflow1/py_env/lib/python3.11/site-packages/airflow/example_dags/example_short_circuit_operator.py
[2024-11-13T20:14:58.267+1100] {logging_mixin.py:190} INFO - [2024-11-13T20:14:58.266+1100] {dag.py:3239} INFO - Sync 1 DAGs
[2024-11-13T20:14:58.270+1100] {logging_mixin.py:190} INFO - [2024-11-13T20:14:58.270+1100] {dag.py:4180} INFO - Setting next_dagrun for example_short_circuit_operator to None, run_after=None
[2024-11-13T20:14:58.278+1100] {processor.py:208} INFO - Processing /Users/yoonmoon/git/learn-airflow/airflow1/py_env/lib/python3.11/site-packages/airflow/example_dags/example_short_circuit_operator.py took 0.088 seconds
[2024-11-13T20:17:14.039+1100] {processor.py:186} INFO - Started process (PID=69557) to work on /Users/yoonmoon/git/learn-airflow/airflow1/py_env/lib/python3.11/site-packages/airflow/example_dags/example_short_circuit_operator.py
[2024-11-13T20:17:14.040+1100] {processor.py:914} INFO - Processing file /Users/yoonmoon/git/learn-airflow/airflow1/py_env/lib/python3.11/site-packages/airflow/example_dags/example_short_circuit_operator.py for tasks to queue
[2024-11-13T20:17:14.041+1100] {logging_mixin.py:190} INFO - [2024-11-13T20:17:14.041+1100] {dagbag.py:588} INFO - Filling up the DagBag from /Users/yoonmoon/git/learn-airflow/airflow1/py_env/lib/python3.11/site-packages/airflow/example_dags/example_short_circuit_operator.py
[2024-11-13T20:17:14.051+1100] {processor.py:925} INFO - DAG(s) 'example_short_circuit_operator' retrieved from /Users/yoonmoon/git/learn-airflow/airflow1/py_env/lib/python3.11/site-packages/airflow/example_dags/example_short_circuit_operator.py
[2024-11-13T20:17:14.111+1100] {logging_mixin.py:190} INFO - [2024-11-13T20:17:14.111+1100] {dag.py:3239} INFO - Sync 1 DAGs
[2024-11-13T20:17:14.115+1100] {logging_mixin.py:190} INFO - [2024-11-13T20:17:14.115+1100] {dag.py:4180} INFO - Setting next_dagrun for example_short_circuit_operator to None, run_after=None
[2024-11-13T20:17:14.122+1100] {processor.py:208} INFO - Processing /Users/yoonmoon/git/learn-airflow/airflow1/py_env/lib/python3.11/site-packages/airflow/example_dags/example_short_circuit_operator.py took 0.085 seconds
[2024-11-13T20:18:25.159+1100] {processor.py:186} INFO - Started process (PID=69697) to work on /Users/yoonmoon/git/learn-airflow/airflow1/py_env/lib/python3.11/site-packages/airflow/example_dags/example_short_circuit_operator.py
[2024-11-13T20:18:25.161+1100] {processor.py:914} INFO - Processing file /Users/yoonmoon/git/learn-airflow/airflow1/py_env/lib/python3.11/site-packages/airflow/example_dags/example_short_circuit_operator.py for tasks to queue
[2024-11-13T20:18:25.161+1100] {logging_mixin.py:190} INFO - [2024-11-13T20:18:25.161+1100] {dagbag.py:588} INFO - Filling up the DagBag from /Users/yoonmoon/git/learn-airflow/airflow1/py_env/lib/python3.11/site-packages/airflow/example_dags/example_short_circuit_operator.py
[2024-11-13T20:18:25.171+1100] {processor.py:925} INFO - DAG(s) 'example_short_circuit_operator' retrieved from /Users/yoonmoon/git/learn-airflow/airflow1/py_env/lib/python3.11/site-packages/airflow/example_dags/example_short_circuit_operator.py
[2024-11-13T20:18:25.229+1100] {logging_mixin.py:190} INFO - [2024-11-13T20:18:25.229+1100] {dag.py:3239} INFO - Sync 1 DAGs
[2024-11-13T20:18:25.233+1100] {logging_mixin.py:190} INFO - [2024-11-13T20:18:25.233+1100] {dag.py:4180} INFO - Setting next_dagrun for example_short_circuit_operator to None, run_after=None
[2024-11-13T20:18:25.240+1100] {processor.py:208} INFO - Processing /Users/yoonmoon/git/learn-airflow/airflow1/py_env/lib/python3.11/site-packages/airflow/example_dags/example_short_circuit_operator.py took 0.083 seconds
[2024-11-13T20:20:45.006+1100] {processor.py:186} INFO - Started process (PID=70057) to work on /Users/yoonmoon/git/learn-airflow/airflow1/py_env/lib/python3.11/site-packages/airflow/example_dags/example_short_circuit_operator.py
[2024-11-13T20:20:45.007+1100] {processor.py:914} INFO - Processing file /Users/yoonmoon/git/learn-airflow/airflow1/py_env/lib/python3.11/site-packages/airflow/example_dags/example_short_circuit_operator.py for tasks to queue
[2024-11-13T20:20:45.008+1100] {logging_mixin.py:190} INFO - [2024-11-13T20:20:45.008+1100] {dagbag.py:588} INFO - Filling up the DagBag from /Users/yoonmoon/git/learn-airflow/airflow1/py_env/lib/python3.11/site-packages/airflow/example_dags/example_short_circuit_operator.py
[2024-11-13T20:20:45.019+1100] {processor.py:925} INFO - DAG(s) 'example_short_circuit_operator' retrieved from /Users/yoonmoon/git/learn-airflow/airflow1/py_env/lib/python3.11/site-packages/airflow/example_dags/example_short_circuit_operator.py
[2024-11-13T20:20:45.077+1100] {logging_mixin.py:190} INFO - [2024-11-13T20:20:45.077+1100] {dag.py:3239} INFO - Sync 1 DAGs
[2024-11-13T20:20:45.080+1100] {logging_mixin.py:190} INFO - [2024-11-13T20:20:45.080+1100] {dag.py:4180} INFO - Setting next_dagrun for example_short_circuit_operator to None, run_after=None
[2024-11-13T20:20:45.087+1100] {processor.py:208} INFO - Processing /Users/yoonmoon/git/learn-airflow/airflow1/py_env/lib/python3.11/site-packages/airflow/example_dags/example_short_circuit_operator.py took 0.084 seconds
[2024-11-13T20:22:58.777+1100] {processor.py:186} INFO - Started process (PID=70331) to work on /Users/yoonmoon/git/learn-airflow/airflow1/py_env/lib/python3.11/site-packages/airflow/example_dags/example_short_circuit_operator.py
[2024-11-13T20:22:58.778+1100] {processor.py:914} INFO - Processing file /Users/yoonmoon/git/learn-airflow/airflow1/py_env/lib/python3.11/site-packages/airflow/example_dags/example_short_circuit_operator.py for tasks to queue
[2024-11-13T20:22:58.779+1100] {logging_mixin.py:190} INFO - [2024-11-13T20:22:58.779+1100] {dagbag.py:588} INFO - Filling up the DagBag from /Users/yoonmoon/git/learn-airflow/airflow1/py_env/lib/python3.11/site-packages/airflow/example_dags/example_short_circuit_operator.py
[2024-11-13T20:22:58.789+1100] {processor.py:925} INFO - DAG(s) 'example_short_circuit_operator' retrieved from /Users/yoonmoon/git/learn-airflow/airflow1/py_env/lib/python3.11/site-packages/airflow/example_dags/example_short_circuit_operator.py
[2024-11-13T20:22:58.847+1100] {logging_mixin.py:190} INFO - [2024-11-13T20:22:58.847+1100] {dag.py:3239} INFO - Sync 1 DAGs
[2024-11-13T20:22:58.851+1100] {logging_mixin.py:190} INFO - [2024-11-13T20:22:58.851+1100] {dag.py:4180} INFO - Setting next_dagrun for example_short_circuit_operator to None, run_after=None
[2024-11-13T20:22:58.858+1100] {processor.py:208} INFO - Processing /Users/yoonmoon/git/learn-airflow/airflow1/py_env/lib/python3.11/site-packages/airflow/example_dags/example_short_circuit_operator.py took 0.083 seconds
[2024-11-13T20:25:12.274+1100] {processor.py:186} INFO - Started process (PID=70588) to work on /Users/yoonmoon/git/learn-airflow/airflow1/py_env/lib/python3.11/site-packages/airflow/example_dags/example_short_circuit_operator.py
[2024-11-13T20:25:12.276+1100] {processor.py:914} INFO - Processing file /Users/yoonmoon/git/learn-airflow/airflow1/py_env/lib/python3.11/site-packages/airflow/example_dags/example_short_circuit_operator.py for tasks to queue
[2024-11-13T20:25:12.276+1100] {logging_mixin.py:190} INFO - [2024-11-13T20:25:12.276+1100] {dagbag.py:588} INFO - Filling up the DagBag from /Users/yoonmoon/git/learn-airflow/airflow1/py_env/lib/python3.11/site-packages/airflow/example_dags/example_short_circuit_operator.py
[2024-11-13T20:25:12.286+1100] {processor.py:925} INFO - DAG(s) 'example_short_circuit_operator' retrieved from /Users/yoonmoon/git/learn-airflow/airflow1/py_env/lib/python3.11/site-packages/airflow/example_dags/example_short_circuit_operator.py
[2024-11-13T20:25:12.345+1100] {logging_mixin.py:190} INFO - [2024-11-13T20:25:12.345+1100] {dag.py:3239} INFO - Sync 1 DAGs
[2024-11-13T20:25:12.349+1100] {logging_mixin.py:190} INFO - [2024-11-13T20:25:12.348+1100] {dag.py:4180} INFO - Setting next_dagrun for example_short_circuit_operator to None, run_after=None
[2024-11-13T20:25:12.356+1100] {processor.py:208} INFO - Processing /Users/yoonmoon/git/learn-airflow/airflow1/py_env/lib/python3.11/site-packages/airflow/example_dags/example_short_circuit_operator.py took 0.084 seconds
[2024-11-13T20:26:20.623+1100] {processor.py:186} INFO - Started process (PID=70727) to work on /Users/yoonmoon/git/learn-airflow/airflow1/py_env/lib/python3.11/site-packages/airflow/example_dags/example_short_circuit_operator.py
[2024-11-13T20:26:20.624+1100] {processor.py:914} INFO - Processing file /Users/yoonmoon/git/learn-airflow/airflow1/py_env/lib/python3.11/site-packages/airflow/example_dags/example_short_circuit_operator.py for tasks to queue
[2024-11-13T20:26:20.624+1100] {logging_mixin.py:190} INFO - [2024-11-13T20:26:20.624+1100] {dagbag.py:588} INFO - Filling up the DagBag from /Users/yoonmoon/git/learn-airflow/airflow1/py_env/lib/python3.11/site-packages/airflow/example_dags/example_short_circuit_operator.py
[2024-11-13T20:26:20.634+1100] {processor.py:925} INFO - DAG(s) 'example_short_circuit_operator' retrieved from /Users/yoonmoon/git/learn-airflow/airflow1/py_env/lib/python3.11/site-packages/airflow/example_dags/example_short_circuit_operator.py
[2024-11-13T20:26:20.697+1100] {logging_mixin.py:190} INFO - [2024-11-13T20:26:20.697+1100] {dag.py:3239} INFO - Sync 1 DAGs
[2024-11-13T20:26:20.701+1100] {logging_mixin.py:190} INFO - [2024-11-13T20:26:20.700+1100] {dag.py:4180} INFO - Setting next_dagrun for example_short_circuit_operator to None, run_after=None
[2024-11-13T20:26:20.708+1100] {processor.py:208} INFO - Processing /Users/yoonmoon/git/learn-airflow/airflow1/py_env/lib/python3.11/site-packages/airflow/example_dags/example_short_circuit_operator.py took 0.087 seconds
[2024-11-13T20:27:31.539+1100] {processor.py:186} INFO - Started process (PID=70870) to work on /Users/yoonmoon/git/learn-airflow/airflow1/py_env/lib/python3.11/site-packages/airflow/example_dags/example_short_circuit_operator.py
[2024-11-13T20:27:31.539+1100] {processor.py:914} INFO - Processing file /Users/yoonmoon/git/learn-airflow/airflow1/py_env/lib/python3.11/site-packages/airflow/example_dags/example_short_circuit_operator.py for tasks to queue
[2024-11-13T20:27:31.540+1100] {logging_mixin.py:190} INFO - [2024-11-13T20:27:31.540+1100] {dagbag.py:588} INFO - Filling up the DagBag from /Users/yoonmoon/git/learn-airflow/airflow1/py_env/lib/python3.11/site-packages/airflow/example_dags/example_short_circuit_operator.py
[2024-11-13T20:27:31.550+1100] {processor.py:925} INFO - DAG(s) 'example_short_circuit_operator' retrieved from /Users/yoonmoon/git/learn-airflow/airflow1/py_env/lib/python3.11/site-packages/airflow/example_dags/example_short_circuit_operator.py
[2024-11-13T20:27:31.612+1100] {logging_mixin.py:190} INFO - [2024-11-13T20:27:31.612+1100] {dag.py:3239} INFO - Sync 1 DAGs
[2024-11-13T20:27:31.616+1100] {logging_mixin.py:190} INFO - [2024-11-13T20:27:31.616+1100] {dag.py:4180} INFO - Setting next_dagrun for example_short_circuit_operator to None, run_after=None
[2024-11-13T20:27:31.623+1100] {processor.py:208} INFO - Processing /Users/yoonmoon/git/learn-airflow/airflow1/py_env/lib/python3.11/site-packages/airflow/example_dags/example_short_circuit_operator.py took 0.086 seconds
[2024-11-13T20:28:39.207+1100] {processor.py:186} INFO - Started process (PID=71016) to work on /Users/yoonmoon/git/learn-airflow/airflow1/py_env/lib/python3.11/site-packages/airflow/example_dags/example_short_circuit_operator.py
[2024-11-13T20:28:39.208+1100] {processor.py:914} INFO - Processing file /Users/yoonmoon/git/learn-airflow/airflow1/py_env/lib/python3.11/site-packages/airflow/example_dags/example_short_circuit_operator.py for tasks to queue
[2024-11-13T20:28:39.209+1100] {logging_mixin.py:190} INFO - [2024-11-13T20:28:39.209+1100] {dagbag.py:588} INFO - Filling up the DagBag from /Users/yoonmoon/git/learn-airflow/airflow1/py_env/lib/python3.11/site-packages/airflow/example_dags/example_short_circuit_operator.py
[2024-11-13T20:28:39.219+1100] {processor.py:925} INFO - DAG(s) 'example_short_circuit_operator' retrieved from /Users/yoonmoon/git/learn-airflow/airflow1/py_env/lib/python3.11/site-packages/airflow/example_dags/example_short_circuit_operator.py
[2024-11-13T20:28:39.278+1100] {logging_mixin.py:190} INFO - [2024-11-13T20:28:39.278+1100] {dag.py:3239} INFO - Sync 1 DAGs
[2024-11-13T20:28:39.281+1100] {logging_mixin.py:190} INFO - [2024-11-13T20:28:39.281+1100] {dag.py:4180} INFO - Setting next_dagrun for example_short_circuit_operator to None, run_after=None
[2024-11-13T20:28:39.288+1100] {processor.py:208} INFO - Processing /Users/yoonmoon/git/learn-airflow/airflow1/py_env/lib/python3.11/site-packages/airflow/example_dags/example_short_circuit_operator.py took 0.084 seconds
[2024-11-13T20:30:55.234+1100] {processor.py:186} INFO - Started process (PID=71265) to work on /Users/yoonmoon/git/learn-airflow/airflow1/py_env/lib/python3.11/site-packages/airflow/example_dags/example_short_circuit_operator.py
[2024-11-13T20:30:55.235+1100] {processor.py:914} INFO - Processing file /Users/yoonmoon/git/learn-airflow/airflow1/py_env/lib/python3.11/site-packages/airflow/example_dags/example_short_circuit_operator.py for tasks to queue
[2024-11-13T20:30:55.235+1100] {logging_mixin.py:190} INFO - [2024-11-13T20:30:55.235+1100] {dagbag.py:588} INFO - Filling up the DagBag from /Users/yoonmoon/git/learn-airflow/airflow1/py_env/lib/python3.11/site-packages/airflow/example_dags/example_short_circuit_operator.py
[2024-11-13T20:30:55.245+1100] {processor.py:925} INFO - DAG(s) 'example_short_circuit_operator' retrieved from /Users/yoonmoon/git/learn-airflow/airflow1/py_env/lib/python3.11/site-packages/airflow/example_dags/example_short_circuit_operator.py
[2024-11-13T20:30:55.304+1100] {logging_mixin.py:190} INFO - [2024-11-13T20:30:55.304+1100] {dag.py:3239} INFO - Sync 1 DAGs
[2024-11-13T20:30:55.308+1100] {logging_mixin.py:190} INFO - [2024-11-13T20:30:55.307+1100] {dag.py:4180} INFO - Setting next_dagrun for example_short_circuit_operator to None, run_after=None
[2024-11-13T20:30:55.314+1100] {processor.py:208} INFO - Processing /Users/yoonmoon/git/learn-airflow/airflow1/py_env/lib/python3.11/site-packages/airflow/example_dags/example_short_circuit_operator.py took 0.082 seconds
[2024-11-13T20:33:15.998+1100] {processor.py:186} INFO - Started process (PID=71521) to work on /Users/yoonmoon/git/learn-airflow/airflow1/py_env/lib/python3.11/site-packages/airflow/example_dags/example_short_circuit_operator.py
[2024-11-13T20:33:15.999+1100] {processor.py:914} INFO - Processing file /Users/yoonmoon/git/learn-airflow/airflow1/py_env/lib/python3.11/site-packages/airflow/example_dags/example_short_circuit_operator.py for tasks to queue
[2024-11-13T20:33:15.999+1100] {logging_mixin.py:190} INFO - [2024-11-13T20:33:15.999+1100] {dagbag.py:588} INFO - Filling up the DagBag from /Users/yoonmoon/git/learn-airflow/airflow1/py_env/lib/python3.11/site-packages/airflow/example_dags/example_short_circuit_operator.py
[2024-11-13T20:33:16.009+1100] {processor.py:925} INFO - DAG(s) 'example_short_circuit_operator' retrieved from /Users/yoonmoon/git/learn-airflow/airflow1/py_env/lib/python3.11/site-packages/airflow/example_dags/example_short_circuit_operator.py
[2024-11-13T20:33:16.068+1100] {logging_mixin.py:190} INFO - [2024-11-13T20:33:16.067+1100] {dag.py:3239} INFO - Sync 1 DAGs
[2024-11-13T20:33:16.071+1100] {logging_mixin.py:190} INFO - [2024-11-13T20:33:16.071+1100] {dag.py:4180} INFO - Setting next_dagrun for example_short_circuit_operator to None, run_after=None
[2024-11-13T20:33:16.078+1100] {processor.py:208} INFO - Processing /Users/yoonmoon/git/learn-airflow/airflow1/py_env/lib/python3.11/site-packages/airflow/example_dags/example_short_circuit_operator.py took 0.082 seconds
[2024-11-13T20:34:26.736+1100] {processor.py:186} INFO - Started process (PID=71649) to work on /Users/yoonmoon/git/learn-airflow/airflow1/py_env/lib/python3.11/site-packages/airflow/example_dags/example_short_circuit_operator.py
[2024-11-13T20:34:26.737+1100] {processor.py:914} INFO - Processing file /Users/yoonmoon/git/learn-airflow/airflow1/py_env/lib/python3.11/site-packages/airflow/example_dags/example_short_circuit_operator.py for tasks to queue
[2024-11-13T20:34:26.738+1100] {logging_mixin.py:190} INFO - [2024-11-13T20:34:26.737+1100] {dagbag.py:588} INFO - Filling up the DagBag from /Users/yoonmoon/git/learn-airflow/airflow1/py_env/lib/python3.11/site-packages/airflow/example_dags/example_short_circuit_operator.py
[2024-11-13T20:34:26.747+1100] {processor.py:925} INFO - DAG(s) 'example_short_circuit_operator' retrieved from /Users/yoonmoon/git/learn-airflow/airflow1/py_env/lib/python3.11/site-packages/airflow/example_dags/example_short_circuit_operator.py
[2024-11-13T20:34:26.818+1100] {logging_mixin.py:190} INFO - [2024-11-13T20:34:26.818+1100] {dag.py:3239} INFO - Sync 1 DAGs
[2024-11-13T20:34:26.822+1100] {logging_mixin.py:190} INFO - [2024-11-13T20:34:26.822+1100] {dag.py:4180} INFO - Setting next_dagrun for example_short_circuit_operator to None, run_after=None
[2024-11-13T20:34:26.829+1100] {processor.py:208} INFO - Processing /Users/yoonmoon/git/learn-airflow/airflow1/py_env/lib/python3.11/site-packages/airflow/example_dags/example_short_circuit_operator.py took 0.095 seconds
[2024-11-13T20:35:37.601+1100] {processor.py:186} INFO - Started process (PID=71792) to work on /Users/yoonmoon/git/learn-airflow/airflow1/py_env/lib/python3.11/site-packages/airflow/example_dags/example_short_circuit_operator.py
[2024-11-13T20:35:37.603+1100] {processor.py:914} INFO - Processing file /Users/yoonmoon/git/learn-airflow/airflow1/py_env/lib/python3.11/site-packages/airflow/example_dags/example_short_circuit_operator.py for tasks to queue
[2024-11-13T20:35:37.603+1100] {logging_mixin.py:190} INFO - [2024-11-13T20:35:37.603+1100] {dagbag.py:588} INFO - Filling up the DagBag from /Users/yoonmoon/git/learn-airflow/airflow1/py_env/lib/python3.11/site-packages/airflow/example_dags/example_short_circuit_operator.py
[2024-11-13T20:35:37.613+1100] {processor.py:925} INFO - DAG(s) 'example_short_circuit_operator' retrieved from /Users/yoonmoon/git/learn-airflow/airflow1/py_env/lib/python3.11/site-packages/airflow/example_dags/example_short_circuit_operator.py
[2024-11-13T20:35:37.674+1100] {logging_mixin.py:190} INFO - [2024-11-13T20:35:37.674+1100] {dag.py:3239} INFO - Sync 1 DAGs
[2024-11-13T20:35:37.677+1100] {logging_mixin.py:190} INFO - [2024-11-13T20:35:37.677+1100] {dag.py:4180} INFO - Setting next_dagrun for example_short_circuit_operator to None, run_after=None
[2024-11-13T20:35:37.684+1100] {processor.py:208} INFO - Processing /Users/yoonmoon/git/learn-airflow/airflow1/py_env/lib/python3.11/site-packages/airflow/example_dags/example_short_circuit_operator.py took 0.086 seconds
[2024-11-13T20:37:55.642+1100] {processor.py:186} INFO - Started process (PID=72087) to work on /Users/yoonmoon/git/learn-airflow/airflow1/py_env/lib/python3.11/site-packages/airflow/example_dags/example_short_circuit_operator.py
[2024-11-13T20:37:55.643+1100] {processor.py:914} INFO - Processing file /Users/yoonmoon/git/learn-airflow/airflow1/py_env/lib/python3.11/site-packages/airflow/example_dags/example_short_circuit_operator.py for tasks to queue
[2024-11-13T20:37:55.643+1100] {logging_mixin.py:190} INFO - [2024-11-13T20:37:55.643+1100] {dagbag.py:588} INFO - Filling up the DagBag from /Users/yoonmoon/git/learn-airflow/airflow1/py_env/lib/python3.11/site-packages/airflow/example_dags/example_short_circuit_operator.py
[2024-11-13T20:37:55.653+1100] {processor.py:925} INFO - DAG(s) 'example_short_circuit_operator' retrieved from /Users/yoonmoon/git/learn-airflow/airflow1/py_env/lib/python3.11/site-packages/airflow/example_dags/example_short_circuit_operator.py
[2024-11-13T20:37:55.719+1100] {logging_mixin.py:190} INFO - [2024-11-13T20:37:55.718+1100] {dag.py:3239} INFO - Sync 1 DAGs
[2024-11-13T20:37:55.722+1100] {logging_mixin.py:190} INFO - [2024-11-13T20:37:55.722+1100] {dag.py:4180} INFO - Setting next_dagrun for example_short_circuit_operator to None, run_after=None
[2024-11-13T20:37:55.729+1100] {processor.py:208} INFO - Processing /Users/yoonmoon/git/learn-airflow/airflow1/py_env/lib/python3.11/site-packages/airflow/example_dags/example_short_circuit_operator.py took 0.090 seconds
[2024-11-13T20:40:12.520+1100] {processor.py:186} INFO - Started process (PID=72348) to work on /Users/yoonmoon/git/learn-airflow/airflow1/py_env/lib/python3.11/site-packages/airflow/example_dags/example_short_circuit_operator.py
[2024-11-13T20:40:12.522+1100] {processor.py:914} INFO - Processing file /Users/yoonmoon/git/learn-airflow/airflow1/py_env/lib/python3.11/site-packages/airflow/example_dags/example_short_circuit_operator.py for tasks to queue
[2024-11-13T20:40:12.522+1100] {logging_mixin.py:190} INFO - [2024-11-13T20:40:12.522+1100] {dagbag.py:588} INFO - Filling up the DagBag from /Users/yoonmoon/git/learn-airflow/airflow1/py_env/lib/python3.11/site-packages/airflow/example_dags/example_short_circuit_operator.py
[2024-11-13T20:40:12.534+1100] {processor.py:925} INFO - DAG(s) 'example_short_circuit_operator' retrieved from /Users/yoonmoon/git/learn-airflow/airflow1/py_env/lib/python3.11/site-packages/airflow/example_dags/example_short_circuit_operator.py
[2024-11-13T20:40:12.598+1100] {logging_mixin.py:190} INFO - [2024-11-13T20:40:12.597+1100] {dag.py:3239} INFO - Sync 1 DAGs
[2024-11-13T20:40:12.601+1100] {logging_mixin.py:190} INFO - [2024-11-13T20:40:12.601+1100] {dag.py:4180} INFO - Setting next_dagrun for example_short_circuit_operator to None, run_after=None
[2024-11-13T20:40:12.609+1100] {processor.py:208} INFO - Processing /Users/yoonmoon/git/learn-airflow/airflow1/py_env/lib/python3.11/site-packages/airflow/example_dags/example_short_circuit_operator.py took 0.091 seconds
[2024-11-13T20:41:22.428+1100] {processor.py:186} INFO - Started process (PID=72480) to work on /Users/yoonmoon/git/learn-airflow/airflow1/py_env/lib/python3.11/site-packages/airflow/example_dags/example_short_circuit_operator.py
[2024-11-13T20:41:22.429+1100] {processor.py:914} INFO - Processing file /Users/yoonmoon/git/learn-airflow/airflow1/py_env/lib/python3.11/site-packages/airflow/example_dags/example_short_circuit_operator.py for tasks to queue
[2024-11-13T20:41:22.430+1100] {logging_mixin.py:190} INFO - [2024-11-13T20:41:22.430+1100] {dagbag.py:588} INFO - Filling up the DagBag from /Users/yoonmoon/git/learn-airflow/airflow1/py_env/lib/python3.11/site-packages/airflow/example_dags/example_short_circuit_operator.py
[2024-11-13T20:41:22.439+1100] {processor.py:925} INFO - DAG(s) 'example_short_circuit_operator' retrieved from /Users/yoonmoon/git/learn-airflow/airflow1/py_env/lib/python3.11/site-packages/airflow/example_dags/example_short_circuit_operator.py
[2024-11-13T20:41:22.501+1100] {logging_mixin.py:190} INFO - [2024-11-13T20:41:22.501+1100] {dag.py:3239} INFO - Sync 1 DAGs
[2024-11-13T20:41:22.504+1100] {logging_mixin.py:190} INFO - [2024-11-13T20:41:22.504+1100] {dag.py:4180} INFO - Setting next_dagrun for example_short_circuit_operator to None, run_after=None
[2024-11-13T20:41:22.512+1100] {processor.py:208} INFO - Processing /Users/yoonmoon/git/learn-airflow/airflow1/py_env/lib/python3.11/site-packages/airflow/example_dags/example_short_circuit_operator.py took 0.086 seconds
[2024-11-13T20:42:34.992+1100] {processor.py:186} INFO - Started process (PID=72612) to work on /Users/yoonmoon/git/learn-airflow/airflow1/py_env/lib/python3.11/site-packages/airflow/example_dags/example_short_circuit_operator.py
[2024-11-13T20:42:34.992+1100] {processor.py:914} INFO - Processing file /Users/yoonmoon/git/learn-airflow/airflow1/py_env/lib/python3.11/site-packages/airflow/example_dags/example_short_circuit_operator.py for tasks to queue
[2024-11-13T20:42:34.993+1100] {logging_mixin.py:190} INFO - [2024-11-13T20:42:34.993+1100] {dagbag.py:588} INFO - Filling up the DagBag from /Users/yoonmoon/git/learn-airflow/airflow1/py_env/lib/python3.11/site-packages/airflow/example_dags/example_short_circuit_operator.py
[2024-11-13T20:42:35.003+1100] {processor.py:925} INFO - DAG(s) 'example_short_circuit_operator' retrieved from /Users/yoonmoon/git/learn-airflow/airflow1/py_env/lib/python3.11/site-packages/airflow/example_dags/example_short_circuit_operator.py
[2024-11-13T20:42:35.060+1100] {logging_mixin.py:190} INFO - [2024-11-13T20:42:35.060+1100] {dag.py:3239} INFO - Sync 1 DAGs
[2024-11-13T20:42:35.064+1100] {logging_mixin.py:190} INFO - [2024-11-13T20:42:35.064+1100] {dag.py:4180} INFO - Setting next_dagrun for example_short_circuit_operator to None, run_after=None
[2024-11-13T20:42:35.071+1100] {processor.py:208} INFO - Processing /Users/yoonmoon/git/learn-airflow/airflow1/py_env/lib/python3.11/site-packages/airflow/example_dags/example_short_circuit_operator.py took 0.082 seconds
[2024-11-13T20:44:53.262+1100] {processor.py:186} INFO - Started process (PID=72882) to work on /Users/yoonmoon/git/learn-airflow/airflow1/py_env/lib/python3.11/site-packages/airflow/example_dags/example_short_circuit_operator.py
[2024-11-13T20:44:53.263+1100] {processor.py:914} INFO - Processing file /Users/yoonmoon/git/learn-airflow/airflow1/py_env/lib/python3.11/site-packages/airflow/example_dags/example_short_circuit_operator.py for tasks to queue
[2024-11-13T20:44:53.264+1100] {logging_mixin.py:190} INFO - [2024-11-13T20:44:53.263+1100] {dagbag.py:588} INFO - Filling up the DagBag from /Users/yoonmoon/git/learn-airflow/airflow1/py_env/lib/python3.11/site-packages/airflow/example_dags/example_short_circuit_operator.py
[2024-11-13T20:44:53.274+1100] {processor.py:925} INFO - DAG(s) 'example_short_circuit_operator' retrieved from /Users/yoonmoon/git/learn-airflow/airflow1/py_env/lib/python3.11/site-packages/airflow/example_dags/example_short_circuit_operator.py
[2024-11-13T20:44:53.342+1100] {logging_mixin.py:190} INFO - [2024-11-13T20:44:53.342+1100] {dag.py:3239} INFO - Sync 1 DAGs
[2024-11-13T20:44:53.346+1100] {logging_mixin.py:190} INFO - [2024-11-13T20:44:53.346+1100] {dag.py:4180} INFO - Setting next_dagrun for example_short_circuit_operator to None, run_after=None
[2024-11-13T20:44:53.354+1100] {processor.py:208} INFO - Processing /Users/yoonmoon/git/learn-airflow/airflow1/py_env/lib/python3.11/site-packages/airflow/example_dags/example_short_circuit_operator.py took 0.095 seconds
[2024-11-13T20:46:04.031+1100] {processor.py:186} INFO - Started process (PID=73009) to work on /Users/yoonmoon/git/learn-airflow/airflow1/py_env/lib/python3.11/site-packages/airflow/example_dags/example_short_circuit_operator.py
[2024-11-13T20:46:04.032+1100] {processor.py:914} INFO - Processing file /Users/yoonmoon/git/learn-airflow/airflow1/py_env/lib/python3.11/site-packages/airflow/example_dags/example_short_circuit_operator.py for tasks to queue
[2024-11-13T20:46:04.033+1100] {logging_mixin.py:190} INFO - [2024-11-13T20:46:04.033+1100] {dagbag.py:588} INFO - Filling up the DagBag from /Users/yoonmoon/git/learn-airflow/airflow1/py_env/lib/python3.11/site-packages/airflow/example_dags/example_short_circuit_operator.py
[2024-11-13T20:46:04.043+1100] {processor.py:925} INFO - DAG(s) 'example_short_circuit_operator' retrieved from /Users/yoonmoon/git/learn-airflow/airflow1/py_env/lib/python3.11/site-packages/airflow/example_dags/example_short_circuit_operator.py
[2024-11-13T20:46:04.106+1100] {logging_mixin.py:190} INFO - [2024-11-13T20:46:04.106+1100] {dag.py:3239} INFO - Sync 1 DAGs
[2024-11-13T20:46:04.109+1100] {logging_mixin.py:190} INFO - [2024-11-13T20:46:04.109+1100] {dag.py:4180} INFO - Setting next_dagrun for example_short_circuit_operator to None, run_after=None
[2024-11-13T20:46:04.121+1100] {processor.py:208} INFO - Processing /Users/yoonmoon/git/learn-airflow/airflow1/py_env/lib/python3.11/site-packages/airflow/example_dags/example_short_circuit_operator.py took 0.092 seconds
[2024-11-13T20:47:14.803+1100] {processor.py:186} INFO - Started process (PID=73151) to work on /Users/yoonmoon/git/learn-airflow/airflow1/py_env/lib/python3.11/site-packages/airflow/example_dags/example_short_circuit_operator.py
[2024-11-13T20:47:14.805+1100] {processor.py:914} INFO - Processing file /Users/yoonmoon/git/learn-airflow/airflow1/py_env/lib/python3.11/site-packages/airflow/example_dags/example_short_circuit_operator.py for tasks to queue
[2024-11-13T20:47:14.806+1100] {logging_mixin.py:190} INFO - [2024-11-13T20:47:14.806+1100] {dagbag.py:588} INFO - Filling up the DagBag from /Users/yoonmoon/git/learn-airflow/airflow1/py_env/lib/python3.11/site-packages/airflow/example_dags/example_short_circuit_operator.py
[2024-11-13T20:47:14.816+1100] {processor.py:925} INFO - DAG(s) 'example_short_circuit_operator' retrieved from /Users/yoonmoon/git/learn-airflow/airflow1/py_env/lib/python3.11/site-packages/airflow/example_dags/example_short_circuit_operator.py
[2024-11-13T20:47:14.878+1100] {logging_mixin.py:190} INFO - [2024-11-13T20:47:14.878+1100] {dag.py:3239} INFO - Sync 1 DAGs
[2024-11-13T20:47:14.882+1100] {logging_mixin.py:190} INFO - [2024-11-13T20:47:14.881+1100] {dag.py:4180} INFO - Setting next_dagrun for example_short_circuit_operator to None, run_after=None
[2024-11-13T20:47:14.889+1100] {processor.py:208} INFO - Processing /Users/yoonmoon/git/learn-airflow/airflow1/py_env/lib/python3.11/site-packages/airflow/example_dags/example_short_circuit_operator.py took 0.088 seconds
[2024-11-13T20:48:26.422+1100] {processor.py:186} INFO - Started process (PID=73292) to work on /Users/yoonmoon/git/learn-airflow/airflow1/py_env/lib/python3.11/site-packages/airflow/example_dags/example_short_circuit_operator.py
[2024-11-13T20:48:26.422+1100] {processor.py:914} INFO - Processing file /Users/yoonmoon/git/learn-airflow/airflow1/py_env/lib/python3.11/site-packages/airflow/example_dags/example_short_circuit_operator.py for tasks to queue
[2024-11-13T20:48:26.423+1100] {logging_mixin.py:190} INFO - [2024-11-13T20:48:26.423+1100] {dagbag.py:588} INFO - Filling up the DagBag from /Users/yoonmoon/git/learn-airflow/airflow1/py_env/lib/python3.11/site-packages/airflow/example_dags/example_short_circuit_operator.py
[2024-11-13T20:48:26.433+1100] {processor.py:925} INFO - DAG(s) 'example_short_circuit_operator' retrieved from /Users/yoonmoon/git/learn-airflow/airflow1/py_env/lib/python3.11/site-packages/airflow/example_dags/example_short_circuit_operator.py
[2024-11-13T20:48:26.506+1100] {logging_mixin.py:190} INFO - [2024-11-13T20:48:26.506+1100] {dag.py:3239} INFO - Sync 1 DAGs
[2024-11-13T20:48:26.510+1100] {logging_mixin.py:190} INFO - [2024-11-13T20:48:26.510+1100] {dag.py:4180} INFO - Setting next_dagrun for example_short_circuit_operator to None, run_after=None
[2024-11-13T20:48:26.520+1100] {processor.py:208} INFO - Processing /Users/yoonmoon/git/learn-airflow/airflow1/py_env/lib/python3.11/site-packages/airflow/example_dags/example_short_circuit_operator.py took 0.101 seconds
[2024-11-13T20:49:38.463+1100] {processor.py:186} INFO - Started process (PID=73421) to work on /Users/yoonmoon/git/learn-airflow/airflow1/py_env/lib/python3.11/site-packages/airflow/example_dags/example_short_circuit_operator.py
[2024-11-13T20:49:38.464+1100] {processor.py:914} INFO - Processing file /Users/yoonmoon/git/learn-airflow/airflow1/py_env/lib/python3.11/site-packages/airflow/example_dags/example_short_circuit_operator.py for tasks to queue
[2024-11-13T20:49:38.464+1100] {logging_mixin.py:190} INFO - [2024-11-13T20:49:38.464+1100] {dagbag.py:588} INFO - Filling up the DagBag from /Users/yoonmoon/git/learn-airflow/airflow1/py_env/lib/python3.11/site-packages/airflow/example_dags/example_short_circuit_operator.py
[2024-11-13T20:49:38.474+1100] {processor.py:925} INFO - DAG(s) 'example_short_circuit_operator' retrieved from /Users/yoonmoon/git/learn-airflow/airflow1/py_env/lib/python3.11/site-packages/airflow/example_dags/example_short_circuit_operator.py
[2024-11-13T20:49:38.534+1100] {logging_mixin.py:190} INFO - [2024-11-13T20:49:38.534+1100] {dag.py:3239} INFO - Sync 1 DAGs
[2024-11-13T20:49:38.537+1100] {logging_mixin.py:190} INFO - [2024-11-13T20:49:38.537+1100] {dag.py:4180} INFO - Setting next_dagrun for example_short_circuit_operator to None, run_after=None
[2024-11-13T20:49:38.545+1100] {processor.py:208} INFO - Processing /Users/yoonmoon/git/learn-airflow/airflow1/py_env/lib/python3.11/site-packages/airflow/example_dags/example_short_circuit_operator.py took 0.084 seconds
[2024-11-13T20:50:49.960+1100] {processor.py:186} INFO - Started process (PID=73558) to work on /Users/yoonmoon/git/learn-airflow/airflow1/py_env/lib/python3.11/site-packages/airflow/example_dags/example_short_circuit_operator.py
[2024-11-13T20:50:49.962+1100] {processor.py:914} INFO - Processing file /Users/yoonmoon/git/learn-airflow/airflow1/py_env/lib/python3.11/site-packages/airflow/example_dags/example_short_circuit_operator.py for tasks to queue
[2024-11-13T20:50:49.962+1100] {logging_mixin.py:190} INFO - [2024-11-13T20:50:49.962+1100] {dagbag.py:588} INFO - Filling up the DagBag from /Users/yoonmoon/git/learn-airflow/airflow1/py_env/lib/python3.11/site-packages/airflow/example_dags/example_short_circuit_operator.py
[2024-11-13T20:50:49.972+1100] {processor.py:925} INFO - DAG(s) 'example_short_circuit_operator' retrieved from /Users/yoonmoon/git/learn-airflow/airflow1/py_env/lib/python3.11/site-packages/airflow/example_dags/example_short_circuit_operator.py
[2024-11-13T20:50:50.032+1100] {logging_mixin.py:190} INFO - [2024-11-13T20:50:50.031+1100] {dag.py:3239} INFO - Sync 1 DAGs
[2024-11-13T20:50:50.035+1100] {logging_mixin.py:190} INFO - [2024-11-13T20:50:50.035+1100] {dag.py:4180} INFO - Setting next_dagrun for example_short_circuit_operator to None, run_after=None
[2024-11-13T20:50:50.042+1100] {processor.py:208} INFO - Processing /Users/yoonmoon/git/learn-airflow/airflow1/py_env/lib/python3.11/site-packages/airflow/example_dags/example_short_circuit_operator.py took 0.084 seconds
