[2024-11-13T19:29:24.789+1100] {processor.py:186} INFO - Started process (PID=63733) to work on /Users/yoonmoon/git/learn-airflow/airflow1/py_env/lib/python3.11/site-packages/airflow/example_dags/example_setup_teardown.py
[2024-11-13T19:29:24.789+1100] {processor.py:914} INFO - Processing file /Users/yoonmoon/git/learn-airflow/airflow1/py_env/lib/python3.11/site-packages/airflow/example_dags/example_setup_teardown.py for tasks to queue
[2024-11-13T19:29:24.790+1100] {logging_mixin.py:190} INFO - [2024-11-13T19:29:24.790+1100] {dagbag.py:588} INFO - Filling up the DagBag from /Users/yoonmoon/git/learn-airflow/airflow1/py_env/lib/python3.11/site-packages/airflow/example_dags/example_setup_teardown.py
[2024-11-13T19:29:24.793+1100] {processor.py:925} INFO - DAG(s) 'example_setup_teardown' retrieved from /Users/yoonmoon/git/learn-airflow/airflow1/py_env/lib/python3.11/site-packages/airflow/example_dags/example_setup_teardown.py
[2024-11-13T19:29:24.883+1100] {logging_mixin.py:190} INFO - [2024-11-13T19:29:24.883+1100] {override.py:1911} INFO - Created Permission View: can read on DAG:example_setup_teardown
[2024-11-13T19:29:24.886+1100] {logging_mixin.py:190} INFO - [2024-11-13T19:29:24.886+1100] {override.py:1911} INFO - Created Permission View: can delete on DAG:example_setup_teardown
[2024-11-13T19:29:24.888+1100] {logging_mixin.py:190} INFO - [2024-11-13T19:29:24.888+1100] {override.py:1911} INFO - Created Permission View: can edit on DAG:example_setup_teardown
[2024-11-13T19:29:24.891+1100] {logging_mixin.py:190} INFO - [2024-11-13T19:29:24.891+1100] {override.py:1911} INFO - Created Permission View: can read on DAG Run:example_setup_teardown
[2024-11-13T19:29:24.893+1100] {logging_mixin.py:190} INFO - [2024-11-13T19:29:24.893+1100] {override.py:1911} INFO - Created Permission View: can delete on DAG Run:example_setup_teardown
[2024-11-13T19:29:24.895+1100] {logging_mixin.py:190} INFO - [2024-11-13T19:29:24.895+1100] {override.py:1911} INFO - Created Permission View: can create on DAG Run:example_setup_teardown
[2024-11-13T19:29:24.896+1100] {logging_mixin.py:190} INFO - [2024-11-13T19:29:24.896+1100] {override.py:1911} INFO - Created Permission View: menu access on DAG Run:example_setup_teardown
[2024-11-13T19:29:24.897+1100] {logging_mixin.py:190} INFO - [2024-11-13T19:29:24.897+1100] {dag.py:3239} INFO - Sync 1 DAGs
[2024-11-13T19:29:24.901+1100] {logging_mixin.py:190} INFO - [2024-11-13T19:29:24.901+1100] {dag.py:3262} INFO - Creating ORM DAG for example_setup_teardown
[2024-11-13T19:29:24.901+1100] {logging_mixin.py:190} INFO - [2024-11-13T19:29:24.901+1100] {dag.py:4180} INFO - Setting next_dagrun for example_setup_teardown to None, run_after=None
[2024-11-13T19:29:24.907+1100] {processor.py:208} INFO - Processing /Users/yoonmoon/git/learn-airflow/airflow1/py_env/lib/python3.11/site-packages/airflow/example_dags/example_setup_teardown.py took 0.121 seconds
[2024-11-13T19:31:06.384+1100] {processor.py:186} INFO - Started process (PID=63943) to work on /Users/yoonmoon/git/learn-airflow/airflow1/py_env/lib/python3.11/site-packages/airflow/example_dags/example_setup_teardown.py
[2024-11-13T19:31:06.385+1100] {processor.py:914} INFO - Processing file /Users/yoonmoon/git/learn-airflow/airflow1/py_env/lib/python3.11/site-packages/airflow/example_dags/example_setup_teardown.py for tasks to queue
[2024-11-13T19:31:06.386+1100] {logging_mixin.py:190} INFO - [2024-11-13T19:31:06.385+1100] {dagbag.py:588} INFO - Filling up the DagBag from /Users/yoonmoon/git/learn-airflow/airflow1/py_env/lib/python3.11/site-packages/airflow/example_dags/example_setup_teardown.py
[2024-11-13T19:31:06.389+1100] {processor.py:925} INFO - DAG(s) 'example_setup_teardown' retrieved from /Users/yoonmoon/git/learn-airflow/airflow1/py_env/lib/python3.11/site-packages/airflow/example_dags/example_setup_teardown.py
[2024-11-13T19:31:06.450+1100] {logging_mixin.py:190} INFO - [2024-11-13T19:31:06.450+1100] {dag.py:3239} INFO - Sync 1 DAGs
[2024-11-13T19:31:06.454+1100] {logging_mixin.py:190} INFO - [2024-11-13T19:31:06.454+1100] {dag.py:4180} INFO - Setting next_dagrun for example_setup_teardown to None, run_after=None
[2024-11-13T19:31:06.461+1100] {processor.py:208} INFO - Processing /Users/yoonmoon/git/learn-airflow/airflow1/py_env/lib/python3.11/site-packages/airflow/example_dags/example_setup_teardown.py took 0.079 seconds
[2024-11-13T19:33:25.691+1100] {processor.py:186} INFO - Started process (PID=64336) to work on /Users/yoonmoon/git/learn-airflow/airflow1/py_env/lib/python3.11/site-packages/airflow/example_dags/example_setup_teardown.py
[2024-11-13T19:33:25.692+1100] {processor.py:914} INFO - Processing file /Users/yoonmoon/git/learn-airflow/airflow1/py_env/lib/python3.11/site-packages/airflow/example_dags/example_setup_teardown.py for tasks to queue
[2024-11-13T19:33:25.693+1100] {logging_mixin.py:190} INFO - [2024-11-13T19:33:25.693+1100] {dagbag.py:588} INFO - Filling up the DagBag from /Users/yoonmoon/git/learn-airflow/airflow1/py_env/lib/python3.11/site-packages/airflow/example_dags/example_setup_teardown.py
[2024-11-13T19:33:25.696+1100] {processor.py:925} INFO - DAG(s) 'example_setup_teardown' retrieved from /Users/yoonmoon/git/learn-airflow/airflow1/py_env/lib/python3.11/site-packages/airflow/example_dags/example_setup_teardown.py
[2024-11-13T19:33:25.757+1100] {logging_mixin.py:190} INFO - [2024-11-13T19:33:25.756+1100] {dag.py:3239} INFO - Sync 1 DAGs
[2024-11-13T19:33:25.760+1100] {logging_mixin.py:190} INFO - [2024-11-13T19:33:25.760+1100] {dag.py:4180} INFO - Setting next_dagrun for example_setup_teardown to None, run_after=None
[2024-11-13T19:33:25.767+1100] {processor.py:208} INFO - Processing /Users/yoonmoon/git/learn-airflow/airflow1/py_env/lib/python3.11/site-packages/airflow/example_dags/example_setup_teardown.py took 0.078 seconds
[2024-11-13T19:36:02.746+1100] {processor.py:186} INFO - Started process (PID=64831) to work on /Users/yoonmoon/git/learn-airflow/airflow1/py_env/lib/python3.11/site-packages/airflow/example_dags/example_setup_teardown.py
[2024-11-13T19:36:02.747+1100] {processor.py:914} INFO - Processing file /Users/yoonmoon/git/learn-airflow/airflow1/py_env/lib/python3.11/site-packages/airflow/example_dags/example_setup_teardown.py for tasks to queue
[2024-11-13T19:36:02.748+1100] {logging_mixin.py:190} INFO - [2024-11-13T19:36:02.748+1100] {dagbag.py:588} INFO - Filling up the DagBag from /Users/yoonmoon/git/learn-airflow/airflow1/py_env/lib/python3.11/site-packages/airflow/example_dags/example_setup_teardown.py
[2024-11-13T19:36:02.751+1100] {processor.py:925} INFO - DAG(s) 'example_setup_teardown' retrieved from /Users/yoonmoon/git/learn-airflow/airflow1/py_env/lib/python3.11/site-packages/airflow/example_dags/example_setup_teardown.py
[2024-11-13T19:36:02.811+1100] {logging_mixin.py:190} INFO - [2024-11-13T19:36:02.811+1100] {dag.py:3239} INFO - Sync 1 DAGs
[2024-11-13T19:36:02.815+1100] {logging_mixin.py:190} INFO - [2024-11-13T19:36:02.815+1100] {dag.py:4180} INFO - Setting next_dagrun for example_setup_teardown to None, run_after=None
[2024-11-13T19:36:02.823+1100] {processor.py:208} INFO - Processing /Users/yoonmoon/git/learn-airflow/airflow1/py_env/lib/python3.11/site-packages/airflow/example_dags/example_setup_teardown.py took 0.079 seconds
[2024-11-13T19:37:26.740+1100] {processor.py:186} INFO - Started process (PID=65004) to work on /Users/yoonmoon/git/learn-airflow/airflow1/py_env/lib/python3.11/site-packages/airflow/example_dags/example_setup_teardown.py
[2024-11-13T19:37:26.741+1100] {processor.py:914} INFO - Processing file /Users/yoonmoon/git/learn-airflow/airflow1/py_env/lib/python3.11/site-packages/airflow/example_dags/example_setup_teardown.py for tasks to queue
[2024-11-13T19:37:26.742+1100] {logging_mixin.py:190} INFO - [2024-11-13T19:37:26.741+1100] {dagbag.py:588} INFO - Filling up the DagBag from /Users/yoonmoon/git/learn-airflow/airflow1/py_env/lib/python3.11/site-packages/airflow/example_dags/example_setup_teardown.py
[2024-11-13T19:37:26.745+1100] {processor.py:925} INFO - DAG(s) 'example_setup_teardown' retrieved from /Users/yoonmoon/git/learn-airflow/airflow1/py_env/lib/python3.11/site-packages/airflow/example_dags/example_setup_teardown.py
[2024-11-13T19:37:26.804+1100] {logging_mixin.py:190} INFO - [2024-11-13T19:37:26.804+1100] {dag.py:3239} INFO - Sync 1 DAGs
[2024-11-13T19:37:26.807+1100] {logging_mixin.py:190} INFO - [2024-11-13T19:37:26.807+1100] {dag.py:4180} INFO - Setting next_dagrun for example_setup_teardown to None, run_after=None
[2024-11-13T19:37:26.814+1100] {processor.py:208} INFO - Processing /Users/yoonmoon/git/learn-airflow/airflow1/py_env/lib/python3.11/site-packages/airflow/example_dags/example_setup_teardown.py took 0.076 seconds
[2024-11-13T19:39:42.189+1100] {processor.py:186} INFO - Started process (PID=65276) to work on /Users/yoonmoon/git/learn-airflow/airflow1/py_env/lib/python3.11/site-packages/airflow/example_dags/example_setup_teardown.py
[2024-11-13T19:39:42.190+1100] {processor.py:914} INFO - Processing file /Users/yoonmoon/git/learn-airflow/airflow1/py_env/lib/python3.11/site-packages/airflow/example_dags/example_setup_teardown.py for tasks to queue
[2024-11-13T19:39:42.191+1100] {logging_mixin.py:190} INFO - [2024-11-13T19:39:42.190+1100] {dagbag.py:588} INFO - Filling up the DagBag from /Users/yoonmoon/git/learn-airflow/airflow1/py_env/lib/python3.11/site-packages/airflow/example_dags/example_setup_teardown.py
[2024-11-13T19:39:42.194+1100] {processor.py:925} INFO - DAG(s) 'example_setup_teardown' retrieved from /Users/yoonmoon/git/learn-airflow/airflow1/py_env/lib/python3.11/site-packages/airflow/example_dags/example_setup_teardown.py
[2024-11-13T19:39:42.253+1100] {logging_mixin.py:190} INFO - [2024-11-13T19:39:42.253+1100] {dag.py:3239} INFO - Sync 1 DAGs
[2024-11-13T19:39:42.257+1100] {logging_mixin.py:190} INFO - [2024-11-13T19:39:42.257+1100] {dag.py:4180} INFO - Setting next_dagrun for example_setup_teardown to None, run_after=None
[2024-11-13T19:39:42.263+1100] {processor.py:208} INFO - Processing /Users/yoonmoon/git/learn-airflow/airflow1/py_env/lib/python3.11/site-packages/airflow/example_dags/example_setup_teardown.py took 0.077 seconds
[2024-11-13T19:42:00.585+1100] {processor.py:186} INFO - Started process (PID=65578) to work on /Users/yoonmoon/git/learn-airflow/airflow1/py_env/lib/python3.11/site-packages/airflow/example_dags/example_setup_teardown.py
[2024-11-13T19:42:00.587+1100] {processor.py:914} INFO - Processing file /Users/yoonmoon/git/learn-airflow/airflow1/py_env/lib/python3.11/site-packages/airflow/example_dags/example_setup_teardown.py for tasks to queue
[2024-11-13T19:42:00.587+1100] {logging_mixin.py:190} INFO - [2024-11-13T19:42:00.587+1100] {dagbag.py:588} INFO - Filling up the DagBag from /Users/yoonmoon/git/learn-airflow/airflow1/py_env/lib/python3.11/site-packages/airflow/example_dags/example_setup_teardown.py
[2024-11-13T19:42:00.591+1100] {processor.py:925} INFO - DAG(s) 'example_setup_teardown' retrieved from /Users/yoonmoon/git/learn-airflow/airflow1/py_env/lib/python3.11/site-packages/airflow/example_dags/example_setup_teardown.py
[2024-11-13T19:42:00.650+1100] {logging_mixin.py:190} INFO - [2024-11-13T19:42:00.650+1100] {dag.py:3239} INFO - Sync 1 DAGs
[2024-11-13T19:42:00.653+1100] {logging_mixin.py:190} INFO - [2024-11-13T19:42:00.653+1100] {dag.py:4180} INFO - Setting next_dagrun for example_setup_teardown to None, run_after=None
[2024-11-13T19:42:00.660+1100] {processor.py:208} INFO - Processing /Users/yoonmoon/git/learn-airflow/airflow1/py_env/lib/python3.11/site-packages/airflow/example_dags/example_setup_teardown.py took 0.077 seconds
[2024-11-13T19:44:18.979+1100] {processor.py:186} INFO - Started process (PID=65848) to work on /Users/yoonmoon/git/learn-airflow/airflow1/py_env/lib/python3.11/site-packages/airflow/example_dags/example_setup_teardown.py
[2024-11-13T19:44:18.980+1100] {processor.py:914} INFO - Processing file /Users/yoonmoon/git/learn-airflow/airflow1/py_env/lib/python3.11/site-packages/airflow/example_dags/example_setup_teardown.py for tasks to queue
[2024-11-13T19:44:18.981+1100] {logging_mixin.py:190} INFO - [2024-11-13T19:44:18.980+1100] {dagbag.py:588} INFO - Filling up the DagBag from /Users/yoonmoon/git/learn-airflow/airflow1/py_env/lib/python3.11/site-packages/airflow/example_dags/example_setup_teardown.py
[2024-11-13T19:44:18.984+1100] {processor.py:925} INFO - DAG(s) 'example_setup_teardown' retrieved from /Users/yoonmoon/git/learn-airflow/airflow1/py_env/lib/python3.11/site-packages/airflow/example_dags/example_setup_teardown.py
[2024-11-13T19:44:19.044+1100] {logging_mixin.py:190} INFO - [2024-11-13T19:44:19.044+1100] {dag.py:3239} INFO - Sync 1 DAGs
[2024-11-13T19:44:19.047+1100] {logging_mixin.py:190} INFO - [2024-11-13T19:44:19.047+1100] {dag.py:4180} INFO - Setting next_dagrun for example_setup_teardown to None, run_after=None
[2024-11-13T19:44:19.054+1100] {processor.py:208} INFO - Processing /Users/yoonmoon/git/learn-airflow/airflow1/py_env/lib/python3.11/site-packages/airflow/example_dags/example_setup_teardown.py took 0.077 seconds
[2024-11-13T19:46:29.539+1100] {processor.py:186} INFO - Started process (PID=66098) to work on /Users/yoonmoon/git/learn-airflow/airflow1/py_env/lib/python3.11/site-packages/airflow/example_dags/example_setup_teardown.py
[2024-11-13T19:46:29.540+1100] {processor.py:914} INFO - Processing file /Users/yoonmoon/git/learn-airflow/airflow1/py_env/lib/python3.11/site-packages/airflow/example_dags/example_setup_teardown.py for tasks to queue
[2024-11-13T19:46:29.541+1100] {logging_mixin.py:190} INFO - [2024-11-13T19:46:29.540+1100] {dagbag.py:588} INFO - Filling up the DagBag from /Users/yoonmoon/git/learn-airflow/airflow1/py_env/lib/python3.11/site-packages/airflow/example_dags/example_setup_teardown.py
[2024-11-13T19:46:29.544+1100] {processor.py:925} INFO - DAG(s) 'example_setup_teardown' retrieved from /Users/yoonmoon/git/learn-airflow/airflow1/py_env/lib/python3.11/site-packages/airflow/example_dags/example_setup_teardown.py
[2024-11-13T19:46:29.602+1100] {logging_mixin.py:190} INFO - [2024-11-13T19:46:29.602+1100] {dag.py:3239} INFO - Sync 1 DAGs
[2024-11-13T19:46:29.606+1100] {logging_mixin.py:190} INFO - [2024-11-13T19:46:29.606+1100] {dag.py:4180} INFO - Setting next_dagrun for example_setup_teardown to None, run_after=None
[2024-11-13T19:46:29.612+1100] {processor.py:208} INFO - Processing /Users/yoonmoon/git/learn-airflow/airflow1/py_env/lib/python3.11/site-packages/airflow/example_dags/example_setup_teardown.py took 0.076 seconds
[2024-11-13T19:48:43.706+1100] {processor.py:186} INFO - Started process (PID=66340) to work on /Users/yoonmoon/git/learn-airflow/airflow1/py_env/lib/python3.11/site-packages/airflow/example_dags/example_setup_teardown.py
[2024-11-13T19:48:43.707+1100] {processor.py:914} INFO - Processing file /Users/yoonmoon/git/learn-airflow/airflow1/py_env/lib/python3.11/site-packages/airflow/example_dags/example_setup_teardown.py for tasks to queue
[2024-11-13T19:48:43.708+1100] {logging_mixin.py:190} INFO - [2024-11-13T19:48:43.707+1100] {dagbag.py:588} INFO - Filling up the DagBag from /Users/yoonmoon/git/learn-airflow/airflow1/py_env/lib/python3.11/site-packages/airflow/example_dags/example_setup_teardown.py
[2024-11-13T19:48:43.711+1100] {processor.py:925} INFO - DAG(s) 'example_setup_teardown' retrieved from /Users/yoonmoon/git/learn-airflow/airflow1/py_env/lib/python3.11/site-packages/airflow/example_dags/example_setup_teardown.py
[2024-11-13T19:48:43.770+1100] {logging_mixin.py:190} INFO - [2024-11-13T19:48:43.770+1100] {dag.py:3239} INFO - Sync 1 DAGs
[2024-11-13T19:48:43.773+1100] {logging_mixin.py:190} INFO - [2024-11-13T19:48:43.773+1100] {dag.py:4180} INFO - Setting next_dagrun for example_setup_teardown to None, run_after=None
[2024-11-13T19:48:43.780+1100] {processor.py:208} INFO - Processing /Users/yoonmoon/git/learn-airflow/airflow1/py_env/lib/python3.11/site-packages/airflow/example_dags/example_setup_teardown.py took 0.076 seconds
[2024-11-13T19:50:52.873+1100] {processor.py:186} INFO - Started process (PID=66577) to work on /Users/yoonmoon/git/learn-airflow/airflow1/py_env/lib/python3.11/site-packages/airflow/example_dags/example_setup_teardown.py
[2024-11-13T19:50:52.874+1100] {processor.py:914} INFO - Processing file /Users/yoonmoon/git/learn-airflow/airflow1/py_env/lib/python3.11/site-packages/airflow/example_dags/example_setup_teardown.py for tasks to queue
[2024-11-13T19:50:52.875+1100] {logging_mixin.py:190} INFO - [2024-11-13T19:50:52.875+1100] {dagbag.py:588} INFO - Filling up the DagBag from /Users/yoonmoon/git/learn-airflow/airflow1/py_env/lib/python3.11/site-packages/airflow/example_dags/example_setup_teardown.py
[2024-11-13T19:50:52.878+1100] {processor.py:925} INFO - DAG(s) 'example_setup_teardown' retrieved from /Users/yoonmoon/git/learn-airflow/airflow1/py_env/lib/python3.11/site-packages/airflow/example_dags/example_setup_teardown.py
[2024-11-13T19:50:52.938+1100] {logging_mixin.py:190} INFO - [2024-11-13T19:50:52.938+1100] {dag.py:3239} INFO - Sync 1 DAGs
[2024-11-13T19:50:52.941+1100] {logging_mixin.py:190} INFO - [2024-11-13T19:50:52.941+1100] {dag.py:4180} INFO - Setting next_dagrun for example_setup_teardown to None, run_after=None
[2024-11-13T19:50:52.948+1100] {processor.py:208} INFO - Processing /Users/yoonmoon/git/learn-airflow/airflow1/py_env/lib/python3.11/site-packages/airflow/example_dags/example_setup_teardown.py took 0.077 seconds
[2024-11-13T19:53:13.036+1100] {processor.py:186} INFO - Started process (PID=66828) to work on /Users/yoonmoon/git/learn-airflow/airflow1/py_env/lib/python3.11/site-packages/airflow/example_dags/example_setup_teardown.py
[2024-11-13T19:53:13.037+1100] {processor.py:914} INFO - Processing file /Users/yoonmoon/git/learn-airflow/airflow1/py_env/lib/python3.11/site-packages/airflow/example_dags/example_setup_teardown.py for tasks to queue
[2024-11-13T19:53:13.037+1100] {logging_mixin.py:190} INFO - [2024-11-13T19:53:13.037+1100] {dagbag.py:588} INFO - Filling up the DagBag from /Users/yoonmoon/git/learn-airflow/airflow1/py_env/lib/python3.11/site-packages/airflow/example_dags/example_setup_teardown.py
[2024-11-13T19:53:13.041+1100] {processor.py:925} INFO - DAG(s) 'example_setup_teardown' retrieved from /Users/yoonmoon/git/learn-airflow/airflow1/py_env/lib/python3.11/site-packages/airflow/example_dags/example_setup_teardown.py
[2024-11-13T19:53:13.100+1100] {logging_mixin.py:190} INFO - [2024-11-13T19:53:13.099+1100] {dag.py:3239} INFO - Sync 1 DAGs
[2024-11-13T19:53:13.103+1100] {logging_mixin.py:190} INFO - [2024-11-13T19:53:13.103+1100] {dag.py:4180} INFO - Setting next_dagrun for example_setup_teardown to None, run_after=None
[2024-11-13T19:53:13.110+1100] {processor.py:208} INFO - Processing /Users/yoonmoon/git/learn-airflow/airflow1/py_env/lib/python3.11/site-packages/airflow/example_dags/example_setup_teardown.py took 0.076 seconds
[2024-11-13T19:55:33.755+1100] {processor.py:186} INFO - Started process (PID=67117) to work on /Users/yoonmoon/git/learn-airflow/airflow1/py_env/lib/python3.11/site-packages/airflow/example_dags/example_setup_teardown.py
[2024-11-13T19:55:33.755+1100] {processor.py:914} INFO - Processing file /Users/yoonmoon/git/learn-airflow/airflow1/py_env/lib/python3.11/site-packages/airflow/example_dags/example_setup_teardown.py for tasks to queue
[2024-11-13T19:55:33.756+1100] {logging_mixin.py:190} INFO - [2024-11-13T19:55:33.756+1100] {dagbag.py:588} INFO - Filling up the DagBag from /Users/yoonmoon/git/learn-airflow/airflow1/py_env/lib/python3.11/site-packages/airflow/example_dags/example_setup_teardown.py
[2024-11-13T19:55:33.760+1100] {processor.py:925} INFO - DAG(s) 'example_setup_teardown' retrieved from /Users/yoonmoon/git/learn-airflow/airflow1/py_env/lib/python3.11/site-packages/airflow/example_dags/example_setup_teardown.py
[2024-11-13T19:55:33.819+1100] {logging_mixin.py:190} INFO - [2024-11-13T19:55:33.819+1100] {dag.py:3239} INFO - Sync 1 DAGs
[2024-11-13T19:55:33.822+1100] {logging_mixin.py:190} INFO - [2024-11-13T19:55:33.822+1100] {dag.py:4180} INFO - Setting next_dagrun for example_setup_teardown to None, run_after=None
[2024-11-13T19:55:33.829+1100] {processor.py:208} INFO - Processing /Users/yoonmoon/git/learn-airflow/airflow1/py_env/lib/python3.11/site-packages/airflow/example_dags/example_setup_teardown.py took 0.077 seconds
[2024-11-13T19:57:50.467+1100] {processor.py:186} INFO - Started process (PID=67369) to work on /Users/yoonmoon/git/learn-airflow/airflow1/py_env/lib/python3.11/site-packages/airflow/example_dags/example_setup_teardown.py
[2024-11-13T19:57:50.469+1100] {processor.py:914} INFO - Processing file /Users/yoonmoon/git/learn-airflow/airflow1/py_env/lib/python3.11/site-packages/airflow/example_dags/example_setup_teardown.py for tasks to queue
[2024-11-13T19:57:50.469+1100] {logging_mixin.py:190} INFO - [2024-11-13T19:57:50.469+1100] {dagbag.py:588} INFO - Filling up the DagBag from /Users/yoonmoon/git/learn-airflow/airflow1/py_env/lib/python3.11/site-packages/airflow/example_dags/example_setup_teardown.py
[2024-11-13T19:57:50.473+1100] {processor.py:925} INFO - DAG(s) 'example_setup_teardown' retrieved from /Users/yoonmoon/git/learn-airflow/airflow1/py_env/lib/python3.11/site-packages/airflow/example_dags/example_setup_teardown.py
[2024-11-13T19:57:50.532+1100] {logging_mixin.py:190} INFO - [2024-11-13T19:57:50.532+1100] {dag.py:3239} INFO - Sync 1 DAGs
[2024-11-13T19:57:50.535+1100] {logging_mixin.py:190} INFO - [2024-11-13T19:57:50.535+1100] {dag.py:4180} INFO - Setting next_dagrun for example_setup_teardown to None, run_after=None
[2024-11-13T19:57:50.542+1100] {processor.py:208} INFO - Processing /Users/yoonmoon/git/learn-airflow/airflow1/py_env/lib/python3.11/site-packages/airflow/example_dags/example_setup_teardown.py took 0.076 seconds
[2024-11-13T20:00:06.354+1100] {processor.py:186} INFO - Started process (PID=67617) to work on /Users/yoonmoon/git/learn-airflow/airflow1/py_env/lib/python3.11/site-packages/airflow/example_dags/example_setup_teardown.py
[2024-11-13T20:00:06.355+1100] {processor.py:914} INFO - Processing file /Users/yoonmoon/git/learn-airflow/airflow1/py_env/lib/python3.11/site-packages/airflow/example_dags/example_setup_teardown.py for tasks to queue
[2024-11-13T20:00:06.355+1100] {logging_mixin.py:190} INFO - [2024-11-13T20:00:06.355+1100] {dagbag.py:588} INFO - Filling up the DagBag from /Users/yoonmoon/git/learn-airflow/airflow1/py_env/lib/python3.11/site-packages/airflow/example_dags/example_setup_teardown.py
[2024-11-13T20:00:06.358+1100] {processor.py:925} INFO - DAG(s) 'example_setup_teardown' retrieved from /Users/yoonmoon/git/learn-airflow/airflow1/py_env/lib/python3.11/site-packages/airflow/example_dags/example_setup_teardown.py
[2024-11-13T20:00:06.433+1100] {logging_mixin.py:190} INFO - [2024-11-13T20:00:06.433+1100] {dag.py:3239} INFO - Sync 1 DAGs
[2024-11-13T20:00:06.437+1100] {logging_mixin.py:190} INFO - [2024-11-13T20:00:06.436+1100] {dag.py:4180} INFO - Setting next_dagrun for example_setup_teardown to None, run_after=None
[2024-11-13T20:00:06.443+1100] {processor.py:208} INFO - Processing /Users/yoonmoon/git/learn-airflow/airflow1/py_env/lib/python3.11/site-packages/airflow/example_dags/example_setup_teardown.py took 0.092 seconds
[2024-11-13T20:02:23.730+1100] {processor.py:186} INFO - Started process (PID=67861) to work on /Users/yoonmoon/git/learn-airflow/airflow1/py_env/lib/python3.11/site-packages/airflow/example_dags/example_setup_teardown.py
[2024-11-13T20:02:23.732+1100] {processor.py:914} INFO - Processing file /Users/yoonmoon/git/learn-airflow/airflow1/py_env/lib/python3.11/site-packages/airflow/example_dags/example_setup_teardown.py for tasks to queue
[2024-11-13T20:02:23.732+1100] {logging_mixin.py:190} INFO - [2024-11-13T20:02:23.732+1100] {dagbag.py:588} INFO - Filling up the DagBag from /Users/yoonmoon/git/learn-airflow/airflow1/py_env/lib/python3.11/site-packages/airflow/example_dags/example_setup_teardown.py
[2024-11-13T20:02:23.736+1100] {processor.py:925} INFO - DAG(s) 'example_setup_teardown' retrieved from /Users/yoonmoon/git/learn-airflow/airflow1/py_env/lib/python3.11/site-packages/airflow/example_dags/example_setup_teardown.py
[2024-11-13T20:02:23.794+1100] {logging_mixin.py:190} INFO - [2024-11-13T20:02:23.794+1100] {dag.py:3239} INFO - Sync 1 DAGs
[2024-11-13T20:02:23.798+1100] {logging_mixin.py:190} INFO - [2024-11-13T20:02:23.798+1100] {dag.py:4180} INFO - Setting next_dagrun for example_setup_teardown to None, run_after=None
[2024-11-13T20:02:23.805+1100] {processor.py:208} INFO - Processing /Users/yoonmoon/git/learn-airflow/airflow1/py_env/lib/python3.11/site-packages/airflow/example_dags/example_setup_teardown.py took 0.077 seconds
[2024-11-13T20:04:35.461+1100] {processor.py:186} INFO - Started process (PID=68103) to work on /Users/yoonmoon/git/learn-airflow/airflow1/py_env/lib/python3.11/site-packages/airflow/example_dags/example_setup_teardown.py
[2024-11-13T20:04:35.462+1100] {processor.py:914} INFO - Processing file /Users/yoonmoon/git/learn-airflow/airflow1/py_env/lib/python3.11/site-packages/airflow/example_dags/example_setup_teardown.py for tasks to queue
[2024-11-13T20:04:35.462+1100] {logging_mixin.py:190} INFO - [2024-11-13T20:04:35.462+1100] {dagbag.py:588} INFO - Filling up the DagBag from /Users/yoonmoon/git/learn-airflow/airflow1/py_env/lib/python3.11/site-packages/airflow/example_dags/example_setup_teardown.py
[2024-11-13T20:04:35.466+1100] {processor.py:925} INFO - DAG(s) 'example_setup_teardown' retrieved from /Users/yoonmoon/git/learn-airflow/airflow1/py_env/lib/python3.11/site-packages/airflow/example_dags/example_setup_teardown.py
[2024-11-13T20:04:35.526+1100] {logging_mixin.py:190} INFO - [2024-11-13T20:04:35.526+1100] {dag.py:3239} INFO - Sync 1 DAGs
[2024-11-13T20:04:35.530+1100] {logging_mixin.py:190} INFO - [2024-11-13T20:04:35.530+1100] {dag.py:4180} INFO - Setting next_dagrun for example_setup_teardown to None, run_after=None
[2024-11-13T20:04:35.536+1100] {processor.py:208} INFO - Processing /Users/yoonmoon/git/learn-airflow/airflow1/py_env/lib/python3.11/site-packages/airflow/example_dags/example_setup_teardown.py took 0.077 seconds
[2024-11-13T20:06:58.089+1100] {processor.py:186} INFO - Started process (PID=68396) to work on /Users/yoonmoon/git/learn-airflow/airflow1/py_env/lib/python3.11/site-packages/airflow/example_dags/example_setup_teardown.py
[2024-11-13T20:06:58.090+1100] {processor.py:914} INFO - Processing file /Users/yoonmoon/git/learn-airflow/airflow1/py_env/lib/python3.11/site-packages/airflow/example_dags/example_setup_teardown.py for tasks to queue
[2024-11-13T20:06:58.090+1100] {logging_mixin.py:190} INFO - [2024-11-13T20:06:58.090+1100] {dagbag.py:588} INFO - Filling up the DagBag from /Users/yoonmoon/git/learn-airflow/airflow1/py_env/lib/python3.11/site-packages/airflow/example_dags/example_setup_teardown.py
[2024-11-13T20:06:58.094+1100] {processor.py:925} INFO - DAG(s) 'example_setup_teardown' retrieved from /Users/yoonmoon/git/learn-airflow/airflow1/py_env/lib/python3.11/site-packages/airflow/example_dags/example_setup_teardown.py
[2024-11-13T20:06:58.156+1100] {logging_mixin.py:190} INFO - [2024-11-13T20:06:58.155+1100] {dag.py:3239} INFO - Sync 1 DAGs
[2024-11-13T20:06:58.159+1100] {logging_mixin.py:190} INFO - [2024-11-13T20:06:58.159+1100] {dag.py:4180} INFO - Setting next_dagrun for example_setup_teardown to None, run_after=None
[2024-11-13T20:06:58.165+1100] {processor.py:208} INFO - Processing /Users/yoonmoon/git/learn-airflow/airflow1/py_env/lib/python3.11/site-packages/airflow/example_dags/example_setup_teardown.py took 0.079 seconds
[2024-11-13T20:09:18.619+1100] {processor.py:186} INFO - Started process (PID=68667) to work on /Users/yoonmoon/git/learn-airflow/airflow1/py_env/lib/python3.11/site-packages/airflow/example_dags/example_setup_teardown.py
[2024-11-13T20:09:18.620+1100] {processor.py:914} INFO - Processing file /Users/yoonmoon/git/learn-airflow/airflow1/py_env/lib/python3.11/site-packages/airflow/example_dags/example_setup_teardown.py for tasks to queue
[2024-11-13T20:09:18.621+1100] {logging_mixin.py:190} INFO - [2024-11-13T20:09:18.621+1100] {dagbag.py:588} INFO - Filling up the DagBag from /Users/yoonmoon/git/learn-airflow/airflow1/py_env/lib/python3.11/site-packages/airflow/example_dags/example_setup_teardown.py
[2024-11-13T20:09:18.624+1100] {processor.py:925} INFO - DAG(s) 'example_setup_teardown' retrieved from /Users/yoonmoon/git/learn-airflow/airflow1/py_env/lib/python3.11/site-packages/airflow/example_dags/example_setup_teardown.py
[2024-11-13T20:09:18.685+1100] {logging_mixin.py:190} INFO - [2024-11-13T20:09:18.685+1100] {dag.py:3239} INFO - Sync 1 DAGs
[2024-11-13T20:09:18.689+1100] {logging_mixin.py:190} INFO - [2024-11-13T20:09:18.689+1100] {dag.py:4180} INFO - Setting next_dagrun for example_setup_teardown to None, run_after=None
[2024-11-13T20:09:18.695+1100] {processor.py:208} INFO - Processing /Users/yoonmoon/git/learn-airflow/airflow1/py_env/lib/python3.11/site-packages/airflow/example_dags/example_setup_teardown.py took 0.078 seconds
[2024-11-13T20:11:35.629+1100] {processor.py:186} INFO - Started process (PID=68938) to work on /Users/yoonmoon/git/learn-airflow/airflow1/py_env/lib/python3.11/site-packages/airflow/example_dags/example_setup_teardown.py
[2024-11-13T20:11:35.630+1100] {processor.py:914} INFO - Processing file /Users/yoonmoon/git/learn-airflow/airflow1/py_env/lib/python3.11/site-packages/airflow/example_dags/example_setup_teardown.py for tasks to queue
[2024-11-13T20:11:35.631+1100] {logging_mixin.py:190} INFO - [2024-11-13T20:11:35.630+1100] {dagbag.py:588} INFO - Filling up the DagBag from /Users/yoonmoon/git/learn-airflow/airflow1/py_env/lib/python3.11/site-packages/airflow/example_dags/example_setup_teardown.py
[2024-11-13T20:11:35.634+1100] {processor.py:925} INFO - DAG(s) 'example_setup_teardown' retrieved from /Users/yoonmoon/git/learn-airflow/airflow1/py_env/lib/python3.11/site-packages/airflow/example_dags/example_setup_teardown.py
[2024-11-13T20:11:35.695+1100] {logging_mixin.py:190} INFO - [2024-11-13T20:11:35.695+1100] {dag.py:3239} INFO - Sync 1 DAGs
[2024-11-13T20:11:35.698+1100] {logging_mixin.py:190} INFO - [2024-11-13T20:11:35.698+1100] {dag.py:4180} INFO - Setting next_dagrun for example_setup_teardown to None, run_after=None
[2024-11-13T20:11:35.706+1100] {processor.py:208} INFO - Processing /Users/yoonmoon/git/learn-airflow/airflow1/py_env/lib/python3.11/site-packages/airflow/example_dags/example_setup_teardown.py took 0.079 seconds
[2024-11-13T20:13:51.838+1100] {processor.py:186} INFO - Started process (PID=69195) to work on /Users/yoonmoon/git/learn-airflow/airflow1/py_env/lib/python3.11/site-packages/airflow/example_dags/example_setup_teardown.py
[2024-11-13T20:13:51.839+1100] {processor.py:914} INFO - Processing file /Users/yoonmoon/git/learn-airflow/airflow1/py_env/lib/python3.11/site-packages/airflow/example_dags/example_setup_teardown.py for tasks to queue
[2024-11-13T20:13:51.840+1100] {logging_mixin.py:190} INFO - [2024-11-13T20:13:51.840+1100] {dagbag.py:588} INFO - Filling up the DagBag from /Users/yoonmoon/git/learn-airflow/airflow1/py_env/lib/python3.11/site-packages/airflow/example_dags/example_setup_teardown.py
[2024-11-13T20:13:51.843+1100] {processor.py:925} INFO - DAG(s) 'example_setup_teardown' retrieved from /Users/yoonmoon/git/learn-airflow/airflow1/py_env/lib/python3.11/site-packages/airflow/example_dags/example_setup_teardown.py
[2024-11-13T20:13:51.907+1100] {logging_mixin.py:190} INFO - [2024-11-13T20:13:51.907+1100] {dag.py:3239} INFO - Sync 1 DAGs
[2024-11-13T20:13:51.910+1100] {logging_mixin.py:190} INFO - [2024-11-13T20:13:51.910+1100] {dag.py:4180} INFO - Setting next_dagrun for example_setup_teardown to None, run_after=None
[2024-11-13T20:13:51.917+1100] {processor.py:208} INFO - Processing /Users/yoonmoon/git/learn-airflow/airflow1/py_env/lib/python3.11/site-packages/airflow/example_dags/example_setup_teardown.py took 0.081 seconds
[2024-11-13T20:16:10.780+1100] {processor.py:186} INFO - Started process (PID=69442) to work on /Users/yoonmoon/git/learn-airflow/airflow1/py_env/lib/python3.11/site-packages/airflow/example_dags/example_setup_teardown.py
[2024-11-13T20:16:10.781+1100] {processor.py:914} INFO - Processing file /Users/yoonmoon/git/learn-airflow/airflow1/py_env/lib/python3.11/site-packages/airflow/example_dags/example_setup_teardown.py for tasks to queue
[2024-11-13T20:16:10.782+1100] {logging_mixin.py:190} INFO - [2024-11-13T20:16:10.781+1100] {dagbag.py:588} INFO - Filling up the DagBag from /Users/yoonmoon/git/learn-airflow/airflow1/py_env/lib/python3.11/site-packages/airflow/example_dags/example_setup_teardown.py
[2024-11-13T20:16:10.785+1100] {processor.py:925} INFO - DAG(s) 'example_setup_teardown' retrieved from /Users/yoonmoon/git/learn-airflow/airflow1/py_env/lib/python3.11/site-packages/airflow/example_dags/example_setup_teardown.py
[2024-11-13T20:16:10.851+1100] {logging_mixin.py:190} INFO - [2024-11-13T20:16:10.851+1100] {dag.py:3239} INFO - Sync 1 DAGs
[2024-11-13T20:16:10.855+1100] {logging_mixin.py:190} INFO - [2024-11-13T20:16:10.854+1100] {dag.py:4180} INFO - Setting next_dagrun for example_setup_teardown to None, run_after=None
[2024-11-13T20:16:10.862+1100] {processor.py:208} INFO - Processing /Users/yoonmoon/git/learn-airflow/airflow1/py_env/lib/python3.11/site-packages/airflow/example_dags/example_setup_teardown.py took 0.084 seconds
[2024-11-13T20:18:30.142+1100] {processor.py:186} INFO - Started process (PID=69707) to work on /Users/yoonmoon/git/learn-airflow/airflow1/py_env/lib/python3.11/site-packages/airflow/example_dags/example_setup_teardown.py
[2024-11-13T20:18:30.142+1100] {processor.py:914} INFO - Processing file /Users/yoonmoon/git/learn-airflow/airflow1/py_env/lib/python3.11/site-packages/airflow/example_dags/example_setup_teardown.py for tasks to queue
[2024-11-13T20:18:30.143+1100] {logging_mixin.py:190} INFO - [2024-11-13T20:18:30.143+1100] {dagbag.py:588} INFO - Filling up the DagBag from /Users/yoonmoon/git/learn-airflow/airflow1/py_env/lib/python3.11/site-packages/airflow/example_dags/example_setup_teardown.py
[2024-11-13T20:18:30.146+1100] {processor.py:925} INFO - DAG(s) 'example_setup_teardown' retrieved from /Users/yoonmoon/git/learn-airflow/airflow1/py_env/lib/python3.11/site-packages/airflow/example_dags/example_setup_teardown.py
[2024-11-13T20:18:30.205+1100] {logging_mixin.py:190} INFO - [2024-11-13T20:18:30.204+1100] {dag.py:3239} INFO - Sync 1 DAGs
[2024-11-13T20:18:30.208+1100] {logging_mixin.py:190} INFO - [2024-11-13T20:18:30.208+1100] {dag.py:4180} INFO - Setting next_dagrun for example_setup_teardown to None, run_after=None
[2024-11-13T20:18:30.215+1100] {processor.py:208} INFO - Processing /Users/yoonmoon/git/learn-airflow/airflow1/py_env/lib/python3.11/site-packages/airflow/example_dags/example_setup_teardown.py took 0.076 seconds
[2024-11-13T20:20:50.098+1100] {processor.py:186} INFO - Started process (PID=70067) to work on /Users/yoonmoon/git/learn-airflow/airflow1/py_env/lib/python3.11/site-packages/airflow/example_dags/example_setup_teardown.py
[2024-11-13T20:20:50.099+1100] {processor.py:914} INFO - Processing file /Users/yoonmoon/git/learn-airflow/airflow1/py_env/lib/python3.11/site-packages/airflow/example_dags/example_setup_teardown.py for tasks to queue
[2024-11-13T20:20:50.099+1100] {logging_mixin.py:190} INFO - [2024-11-13T20:20:50.099+1100] {dagbag.py:588} INFO - Filling up the DagBag from /Users/yoonmoon/git/learn-airflow/airflow1/py_env/lib/python3.11/site-packages/airflow/example_dags/example_setup_teardown.py
[2024-11-13T20:20:50.103+1100] {processor.py:925} INFO - DAG(s) 'example_setup_teardown' retrieved from /Users/yoonmoon/git/learn-airflow/airflow1/py_env/lib/python3.11/site-packages/airflow/example_dags/example_setup_teardown.py
[2024-11-13T20:20:50.166+1100] {logging_mixin.py:190} INFO - [2024-11-13T20:20:50.166+1100] {dag.py:3239} INFO - Sync 1 DAGs
[2024-11-13T20:20:50.170+1100] {logging_mixin.py:190} INFO - [2024-11-13T20:20:50.170+1100] {dag.py:4180} INFO - Setting next_dagrun for example_setup_teardown to None, run_after=None
[2024-11-13T20:20:50.177+1100] {processor.py:208} INFO - Processing /Users/yoonmoon/git/learn-airflow/airflow1/py_env/lib/python3.11/site-packages/airflow/example_dags/example_setup_teardown.py took 0.082 seconds
[2024-11-13T20:23:02.818+1100] {processor.py:186} INFO - Started process (PID=70339) to work on /Users/yoonmoon/git/learn-airflow/airflow1/py_env/lib/python3.11/site-packages/airflow/example_dags/example_setup_teardown.py
[2024-11-13T20:23:02.819+1100] {processor.py:914} INFO - Processing file /Users/yoonmoon/git/learn-airflow/airflow1/py_env/lib/python3.11/site-packages/airflow/example_dags/example_setup_teardown.py for tasks to queue
[2024-11-13T20:23:02.820+1100] {logging_mixin.py:190} INFO - [2024-11-13T20:23:02.820+1100] {dagbag.py:588} INFO - Filling up the DagBag from /Users/yoonmoon/git/learn-airflow/airflow1/py_env/lib/python3.11/site-packages/airflow/example_dags/example_setup_teardown.py
[2024-11-13T20:23:02.824+1100] {processor.py:925} INFO - DAG(s) 'example_setup_teardown' retrieved from /Users/yoonmoon/git/learn-airflow/airflow1/py_env/lib/python3.11/site-packages/airflow/example_dags/example_setup_teardown.py
[2024-11-13T20:23:02.884+1100] {logging_mixin.py:190} INFO - [2024-11-13T20:23:02.884+1100] {dag.py:3239} INFO - Sync 1 DAGs
[2024-11-13T20:23:02.888+1100] {logging_mixin.py:190} INFO - [2024-11-13T20:23:02.888+1100] {dag.py:4180} INFO - Setting next_dagrun for example_setup_teardown to None, run_after=None
[2024-11-13T20:23:02.895+1100] {processor.py:208} INFO - Processing /Users/yoonmoon/git/learn-airflow/airflow1/py_env/lib/python3.11/site-packages/airflow/example_dags/example_setup_teardown.py took 0.079 seconds
[2024-11-13T20:25:16.574+1100] {processor.py:186} INFO - Started process (PID=70596) to work on /Users/yoonmoon/git/learn-airflow/airflow1/py_env/lib/python3.11/site-packages/airflow/example_dags/example_setup_teardown.py
[2024-11-13T20:25:16.574+1100] {processor.py:914} INFO - Processing file /Users/yoonmoon/git/learn-airflow/airflow1/py_env/lib/python3.11/site-packages/airflow/example_dags/example_setup_teardown.py for tasks to queue
[2024-11-13T20:25:16.575+1100] {logging_mixin.py:190} INFO - [2024-11-13T20:25:16.575+1100] {dagbag.py:588} INFO - Filling up the DagBag from /Users/yoonmoon/git/learn-airflow/airflow1/py_env/lib/python3.11/site-packages/airflow/example_dags/example_setup_teardown.py
[2024-11-13T20:25:16.578+1100] {processor.py:925} INFO - DAG(s) 'example_setup_teardown' retrieved from /Users/yoonmoon/git/learn-airflow/airflow1/py_env/lib/python3.11/site-packages/airflow/example_dags/example_setup_teardown.py
[2024-11-13T20:25:16.638+1100] {logging_mixin.py:190} INFO - [2024-11-13T20:25:16.638+1100] {dag.py:3239} INFO - Sync 1 DAGs
[2024-11-13T20:25:16.641+1100] {logging_mixin.py:190} INFO - [2024-11-13T20:25:16.641+1100] {dag.py:4180} INFO - Setting next_dagrun for example_setup_teardown to None, run_after=None
[2024-11-13T20:25:16.649+1100] {processor.py:208} INFO - Processing /Users/yoonmoon/git/learn-airflow/airflow1/py_env/lib/python3.11/site-packages/airflow/example_dags/example_setup_teardown.py took 0.077 seconds
[2024-11-13T20:27:36.905+1100] {processor.py:186} INFO - Started process (PID=70880) to work on /Users/yoonmoon/git/learn-airflow/airflow1/py_env/lib/python3.11/site-packages/airflow/example_dags/example_setup_teardown.py
[2024-11-13T20:27:36.906+1100] {processor.py:914} INFO - Processing file /Users/yoonmoon/git/learn-airflow/airflow1/py_env/lib/python3.11/site-packages/airflow/example_dags/example_setup_teardown.py for tasks to queue
[2024-11-13T20:27:36.907+1100] {logging_mixin.py:190} INFO - [2024-11-13T20:27:36.906+1100] {dagbag.py:588} INFO - Filling up the DagBag from /Users/yoonmoon/git/learn-airflow/airflow1/py_env/lib/python3.11/site-packages/airflow/example_dags/example_setup_teardown.py
[2024-11-13T20:27:36.910+1100] {processor.py:925} INFO - DAG(s) 'example_setup_teardown' retrieved from /Users/yoonmoon/git/learn-airflow/airflow1/py_env/lib/python3.11/site-packages/airflow/example_dags/example_setup_teardown.py
[2024-11-13T20:27:36.969+1100] {logging_mixin.py:190} INFO - [2024-11-13T20:27:36.969+1100] {dag.py:3239} INFO - Sync 1 DAGs
[2024-11-13T20:27:36.972+1100] {logging_mixin.py:190} INFO - [2024-11-13T20:27:36.972+1100] {dag.py:4180} INFO - Setting next_dagrun for example_setup_teardown to None, run_after=None
[2024-11-13T20:27:36.979+1100] {processor.py:208} INFO - Processing /Users/yoonmoon/git/learn-airflow/airflow1/py_env/lib/python3.11/site-packages/airflow/example_dags/example_setup_teardown.py took 0.076 seconds
[2024-11-13T20:29:50.049+1100] {processor.py:186} INFO - Started process (PID=71149) to work on /Users/yoonmoon/git/learn-airflow/airflow1/py_env/lib/python3.11/site-packages/airflow/example_dags/example_setup_teardown.py
[2024-11-13T20:29:50.050+1100] {processor.py:914} INFO - Processing file /Users/yoonmoon/git/learn-airflow/airflow1/py_env/lib/python3.11/site-packages/airflow/example_dags/example_setup_teardown.py for tasks to queue
[2024-11-13T20:29:50.050+1100] {logging_mixin.py:190} INFO - [2024-11-13T20:29:50.050+1100] {dagbag.py:588} INFO - Filling up the DagBag from /Users/yoonmoon/git/learn-airflow/airflow1/py_env/lib/python3.11/site-packages/airflow/example_dags/example_setup_teardown.py
[2024-11-13T20:29:50.054+1100] {processor.py:925} INFO - DAG(s) 'example_setup_teardown' retrieved from /Users/yoonmoon/git/learn-airflow/airflow1/py_env/lib/python3.11/site-packages/airflow/example_dags/example_setup_teardown.py
[2024-11-13T20:29:50.114+1100] {logging_mixin.py:190} INFO - [2024-11-13T20:29:50.113+1100] {dag.py:3239} INFO - Sync 1 DAGs
[2024-11-13T20:29:50.117+1100] {logging_mixin.py:190} INFO - [2024-11-13T20:29:50.117+1100] {dag.py:4180} INFO - Setting next_dagrun for example_setup_teardown to None, run_after=None
[2024-11-13T20:29:50.123+1100] {processor.py:208} INFO - Processing /Users/yoonmoon/git/learn-airflow/airflow1/py_env/lib/python3.11/site-packages/airflow/example_dags/example_setup_teardown.py took 0.076 seconds
[2024-11-13T20:32:09.117+1100] {processor.py:186} INFO - Started process (PID=71399) to work on /Users/yoonmoon/git/learn-airflow/airflow1/py_env/lib/python3.11/site-packages/airflow/example_dags/example_setup_teardown.py
[2024-11-13T20:32:09.118+1100] {processor.py:914} INFO - Processing file /Users/yoonmoon/git/learn-airflow/airflow1/py_env/lib/python3.11/site-packages/airflow/example_dags/example_setup_teardown.py for tasks to queue
[2024-11-13T20:32:09.118+1100] {logging_mixin.py:190} INFO - [2024-11-13T20:32:09.118+1100] {dagbag.py:588} INFO - Filling up the DagBag from /Users/yoonmoon/git/learn-airflow/airflow1/py_env/lib/python3.11/site-packages/airflow/example_dags/example_setup_teardown.py
[2024-11-13T20:32:09.122+1100] {processor.py:925} INFO - DAG(s) 'example_setup_teardown' retrieved from /Users/yoonmoon/git/learn-airflow/airflow1/py_env/lib/python3.11/site-packages/airflow/example_dags/example_setup_teardown.py
[2024-11-13T20:32:09.183+1100] {logging_mixin.py:190} INFO - [2024-11-13T20:32:09.183+1100] {dag.py:3239} INFO - Sync 1 DAGs
[2024-11-13T20:32:09.187+1100] {logging_mixin.py:190} INFO - [2024-11-13T20:32:09.187+1100] {dag.py:4180} INFO - Setting next_dagrun for example_setup_teardown to None, run_after=None
[2024-11-13T20:32:09.193+1100] {processor.py:208} INFO - Processing /Users/yoonmoon/git/learn-airflow/airflow1/py_env/lib/python3.11/site-packages/airflow/example_dags/example_setup_teardown.py took 0.078 seconds
[2024-11-13T20:34:32.282+1100] {processor.py:186} INFO - Started process (PID=71658) to work on /Users/yoonmoon/git/learn-airflow/airflow1/py_env/lib/python3.11/site-packages/airflow/example_dags/example_setup_teardown.py
[2024-11-13T20:34:32.283+1100] {processor.py:914} INFO - Processing file /Users/yoonmoon/git/learn-airflow/airflow1/py_env/lib/python3.11/site-packages/airflow/example_dags/example_setup_teardown.py for tasks to queue
[2024-11-13T20:34:32.284+1100] {logging_mixin.py:190} INFO - [2024-11-13T20:34:32.284+1100] {dagbag.py:588} INFO - Filling up the DagBag from /Users/yoonmoon/git/learn-airflow/airflow1/py_env/lib/python3.11/site-packages/airflow/example_dags/example_setup_teardown.py
[2024-11-13T20:34:32.287+1100] {processor.py:925} INFO - DAG(s) 'example_setup_teardown' retrieved from /Users/yoonmoon/git/learn-airflow/airflow1/py_env/lib/python3.11/site-packages/airflow/example_dags/example_setup_teardown.py
[2024-11-13T20:34:32.350+1100] {logging_mixin.py:190} INFO - [2024-11-13T20:34:32.350+1100] {dag.py:3239} INFO - Sync 1 DAGs
[2024-11-13T20:34:32.354+1100] {logging_mixin.py:190} INFO - [2024-11-13T20:34:32.354+1100] {dag.py:4180} INFO - Setting next_dagrun for example_setup_teardown to None, run_after=None
[2024-11-13T20:34:32.360+1100] {processor.py:208} INFO - Processing /Users/yoonmoon/git/learn-airflow/airflow1/py_env/lib/python3.11/site-packages/airflow/example_dags/example_setup_teardown.py took 0.080 seconds
[2024-11-13T20:36:50.203+1100] {processor.py:186} INFO - Started process (PID=71940) to work on /Users/yoonmoon/git/learn-airflow/airflow1/py_env/lib/python3.11/site-packages/airflow/example_dags/example_setup_teardown.py
[2024-11-13T20:36:50.204+1100] {processor.py:914} INFO - Processing file /Users/yoonmoon/git/learn-airflow/airflow1/py_env/lib/python3.11/site-packages/airflow/example_dags/example_setup_teardown.py for tasks to queue
[2024-11-13T20:36:50.205+1100] {logging_mixin.py:190} INFO - [2024-11-13T20:36:50.204+1100] {dagbag.py:588} INFO - Filling up the DagBag from /Users/yoonmoon/git/learn-airflow/airflow1/py_env/lib/python3.11/site-packages/airflow/example_dags/example_setup_teardown.py
[2024-11-13T20:36:50.208+1100] {processor.py:925} INFO - DAG(s) 'example_setup_teardown' retrieved from /Users/yoonmoon/git/learn-airflow/airflow1/py_env/lib/python3.11/site-packages/airflow/example_dags/example_setup_teardown.py
[2024-11-13T20:36:50.269+1100] {logging_mixin.py:190} INFO - [2024-11-13T20:36:50.269+1100] {dag.py:3239} INFO - Sync 1 DAGs
[2024-11-13T20:36:50.273+1100] {logging_mixin.py:190} INFO - [2024-11-13T20:36:50.273+1100] {dag.py:4180} INFO - Setting next_dagrun for example_setup_teardown to None, run_after=None
[2024-11-13T20:36:50.279+1100] {processor.py:208} INFO - Processing /Users/yoonmoon/git/learn-airflow/airflow1/py_env/lib/python3.11/site-packages/airflow/example_dags/example_setup_teardown.py took 0.078 seconds
[2024-11-13T20:39:06.817+1100] {processor.py:186} INFO - Started process (PID=72232) to work on /Users/yoonmoon/git/learn-airflow/airflow1/py_env/lib/python3.11/site-packages/airflow/example_dags/example_setup_teardown.py
[2024-11-13T20:39:06.818+1100] {processor.py:914} INFO - Processing file /Users/yoonmoon/git/learn-airflow/airflow1/py_env/lib/python3.11/site-packages/airflow/example_dags/example_setup_teardown.py for tasks to queue
[2024-11-13T20:39:06.819+1100] {logging_mixin.py:190} INFO - [2024-11-13T20:39:06.818+1100] {dagbag.py:588} INFO - Filling up the DagBag from /Users/yoonmoon/git/learn-airflow/airflow1/py_env/lib/python3.11/site-packages/airflow/example_dags/example_setup_teardown.py
[2024-11-13T20:39:06.822+1100] {processor.py:925} INFO - DAG(s) 'example_setup_teardown' retrieved from /Users/yoonmoon/git/learn-airflow/airflow1/py_env/lib/python3.11/site-packages/airflow/example_dags/example_setup_teardown.py
[2024-11-13T20:39:06.882+1100] {logging_mixin.py:190} INFO - [2024-11-13T20:39:06.882+1100] {dag.py:3239} INFO - Sync 1 DAGs
[2024-11-13T20:39:06.886+1100] {logging_mixin.py:190} INFO - [2024-11-13T20:39:06.885+1100] {dag.py:4180} INFO - Setting next_dagrun for example_setup_teardown to None, run_after=None
[2024-11-13T20:39:06.892+1100] {processor.py:208} INFO - Processing /Users/yoonmoon/git/learn-airflow/airflow1/py_env/lib/python3.11/site-packages/airflow/example_dags/example_setup_teardown.py took 0.078 seconds
[2024-11-13T20:41:27.928+1100] {processor.py:186} INFO - Started process (PID=72490) to work on /Users/yoonmoon/git/learn-airflow/airflow1/py_env/lib/python3.11/site-packages/airflow/example_dags/example_setup_teardown.py
[2024-11-13T20:41:27.929+1100] {processor.py:914} INFO - Processing file /Users/yoonmoon/git/learn-airflow/airflow1/py_env/lib/python3.11/site-packages/airflow/example_dags/example_setup_teardown.py for tasks to queue
[2024-11-13T20:41:27.930+1100] {logging_mixin.py:190} INFO - [2024-11-13T20:41:27.930+1100] {dagbag.py:588} INFO - Filling up the DagBag from /Users/yoonmoon/git/learn-airflow/airflow1/py_env/lib/python3.11/site-packages/airflow/example_dags/example_setup_teardown.py
[2024-11-13T20:41:27.934+1100] {processor.py:925} INFO - DAG(s) 'example_setup_teardown' retrieved from /Users/yoonmoon/git/learn-airflow/airflow1/py_env/lib/python3.11/site-packages/airflow/example_dags/example_setup_teardown.py
[2024-11-13T20:41:27.994+1100] {logging_mixin.py:190} INFO - [2024-11-13T20:41:27.994+1100] {dag.py:3239} INFO - Sync 1 DAGs
[2024-11-13T20:41:27.998+1100] {logging_mixin.py:190} INFO - [2024-11-13T20:41:27.998+1100] {dag.py:4180} INFO - Setting next_dagrun for example_setup_teardown to None, run_after=None
[2024-11-13T20:41:28.004+1100] {processor.py:208} INFO - Processing /Users/yoonmoon/git/learn-airflow/airflow1/py_env/lib/python3.11/site-packages/airflow/example_dags/example_setup_teardown.py took 0.079 seconds
[2024-11-13T20:43:43.342+1100] {processor.py:186} INFO - Started process (PID=72738) to work on /Users/yoonmoon/git/learn-airflow/airflow1/py_env/lib/python3.11/site-packages/airflow/example_dags/example_setup_teardown.py
[2024-11-13T20:43:43.343+1100] {processor.py:914} INFO - Processing file /Users/yoonmoon/git/learn-airflow/airflow1/py_env/lib/python3.11/site-packages/airflow/example_dags/example_setup_teardown.py for tasks to queue
[2024-11-13T20:43:43.344+1100] {logging_mixin.py:190} INFO - [2024-11-13T20:43:43.343+1100] {dagbag.py:588} INFO - Filling up the DagBag from /Users/yoonmoon/git/learn-airflow/airflow1/py_env/lib/python3.11/site-packages/airflow/example_dags/example_setup_teardown.py
[2024-11-13T20:43:43.347+1100] {processor.py:925} INFO - DAG(s) 'example_setup_teardown' retrieved from /Users/yoonmoon/git/learn-airflow/airflow1/py_env/lib/python3.11/site-packages/airflow/example_dags/example_setup_teardown.py
[2024-11-13T20:43:43.409+1100] {logging_mixin.py:190} INFO - [2024-11-13T20:43:43.409+1100] {dag.py:3239} INFO - Sync 1 DAGs
[2024-11-13T20:43:43.412+1100] {logging_mixin.py:190} INFO - [2024-11-13T20:43:43.412+1100] {dag.py:4180} INFO - Setting next_dagrun for example_setup_teardown to None, run_after=None
[2024-11-13T20:43:43.419+1100] {processor.py:208} INFO - Processing /Users/yoonmoon/git/learn-airflow/airflow1/py_env/lib/python3.11/site-packages/airflow/example_dags/example_setup_teardown.py took 0.078 seconds
[2024-11-13T20:46:07.210+1100] {processor.py:186} INFO - Started process (PID=73015) to work on /Users/yoonmoon/git/learn-airflow/airflow1/py_env/lib/python3.11/site-packages/airflow/example_dags/example_setup_teardown.py
[2024-11-13T20:46:07.211+1100] {processor.py:914} INFO - Processing file /Users/yoonmoon/git/learn-airflow/airflow1/py_env/lib/python3.11/site-packages/airflow/example_dags/example_setup_teardown.py for tasks to queue
[2024-11-13T20:46:07.212+1100] {logging_mixin.py:190} INFO - [2024-11-13T20:46:07.212+1100] {dagbag.py:588} INFO - Filling up the DagBag from /Users/yoonmoon/git/learn-airflow/airflow1/py_env/lib/python3.11/site-packages/airflow/example_dags/example_setup_teardown.py
[2024-11-13T20:46:07.216+1100] {processor.py:925} INFO - DAG(s) 'example_setup_teardown' retrieved from /Users/yoonmoon/git/learn-airflow/airflow1/py_env/lib/python3.11/site-packages/airflow/example_dags/example_setup_teardown.py
[2024-11-13T20:46:07.278+1100] {logging_mixin.py:190} INFO - [2024-11-13T20:46:07.277+1100] {dag.py:3239} INFO - Sync 1 DAGs
[2024-11-13T20:46:07.281+1100] {logging_mixin.py:190} INFO - [2024-11-13T20:46:07.281+1100] {dag.py:4180} INFO - Setting next_dagrun for example_setup_teardown to None, run_after=None
[2024-11-13T20:46:07.289+1100] {processor.py:208} INFO - Processing /Users/yoonmoon/git/learn-airflow/airflow1/py_env/lib/python3.11/site-packages/airflow/example_dags/example_setup_teardown.py took 0.081 seconds
[2024-11-13T20:48:29.676+1100] {processor.py:186} INFO - Started process (PID=73299) to work on /Users/yoonmoon/git/learn-airflow/airflow1/py_env/lib/python3.11/site-packages/airflow/example_dags/example_setup_teardown.py
[2024-11-13T20:48:29.677+1100] {processor.py:914} INFO - Processing file /Users/yoonmoon/git/learn-airflow/airflow1/py_env/lib/python3.11/site-packages/airflow/example_dags/example_setup_teardown.py for tasks to queue
[2024-11-13T20:48:29.678+1100] {logging_mixin.py:190} INFO - [2024-11-13T20:48:29.678+1100] {dagbag.py:588} INFO - Filling up the DagBag from /Users/yoonmoon/git/learn-airflow/airflow1/py_env/lib/python3.11/site-packages/airflow/example_dags/example_setup_teardown.py
[2024-11-13T20:48:29.682+1100] {processor.py:925} INFO - DAG(s) 'example_setup_teardown' retrieved from /Users/yoonmoon/git/learn-airflow/airflow1/py_env/lib/python3.11/site-packages/airflow/example_dags/example_setup_teardown.py
[2024-11-13T20:48:29.748+1100] {logging_mixin.py:190} INFO - [2024-11-13T20:48:29.748+1100] {dag.py:3239} INFO - Sync 1 DAGs
[2024-11-13T20:48:29.751+1100] {logging_mixin.py:190} INFO - [2024-11-13T20:48:29.751+1100] {dag.py:4180} INFO - Setting next_dagrun for example_setup_teardown to None, run_after=None
[2024-11-13T20:48:29.759+1100] {processor.py:208} INFO - Processing /Users/yoonmoon/git/learn-airflow/airflow1/py_env/lib/python3.11/site-packages/airflow/example_dags/example_setup_teardown.py took 0.086 seconds
[2024-11-13T20:50:55.456+1100] {processor.py:186} INFO - Started process (PID=73566) to work on /Users/yoonmoon/git/learn-airflow/airflow1/py_env/lib/python3.11/site-packages/airflow/example_dags/example_setup_teardown.py
[2024-11-13T20:50:55.457+1100] {processor.py:914} INFO - Processing file /Users/yoonmoon/git/learn-airflow/airflow1/py_env/lib/python3.11/site-packages/airflow/example_dags/example_setup_teardown.py for tasks to queue
[2024-11-13T20:50:55.457+1100] {logging_mixin.py:190} INFO - [2024-11-13T20:50:55.457+1100] {dagbag.py:588} INFO - Filling up the DagBag from /Users/yoonmoon/git/learn-airflow/airflow1/py_env/lib/python3.11/site-packages/airflow/example_dags/example_setup_teardown.py
[2024-11-13T20:50:55.461+1100] {processor.py:925} INFO - DAG(s) 'example_setup_teardown' retrieved from /Users/yoonmoon/git/learn-airflow/airflow1/py_env/lib/python3.11/site-packages/airflow/example_dags/example_setup_teardown.py
[2024-11-13T20:50:55.520+1100] {logging_mixin.py:190} INFO - [2024-11-13T20:50:55.520+1100] {dag.py:3239} INFO - Sync 1 DAGs
[2024-11-13T20:50:55.523+1100] {logging_mixin.py:190} INFO - [2024-11-13T20:50:55.523+1100] {dag.py:4180} INFO - Setting next_dagrun for example_setup_teardown to None, run_after=None
[2024-11-13T20:50:55.530+1100] {processor.py:208} INFO - Processing /Users/yoonmoon/git/learn-airflow/airflow1/py_env/lib/python3.11/site-packages/airflow/example_dags/example_setup_teardown.py took 0.076 seconds
