[2024-11-13T19:30:15.205+1100] {processor.py:186} INFO - Started process (PID=63823) to work on /Users/yoonmoon/git/learn-airflow/airflow1/py_env/lib/python3.11/site-packages/airflow/example_dags/example_branch_day_of_week_operator.py
[2024-11-13T19:30:15.205+1100] {processor.py:914} INFO - Processing file /Users/yoonmoon/git/learn-airflow/airflow1/py_env/lib/python3.11/site-packages/airflow/example_dags/example_branch_day_of_week_operator.py for tasks to queue
[2024-11-13T19:30:15.206+1100] {logging_mixin.py:190} INFO - [2024-11-13T19:30:15.206+1100] {dagbag.py:588} INFO - Filling up the DagBag from /Users/yoonmoon/git/learn-airflow/airflow1/py_env/lib/python3.11/site-packages/airflow/example_dags/example_branch_day_of_week_operator.py
[2024-11-13T19:30:15.210+1100] {processor.py:925} INFO - DAG(s) 'example_weekday_branch_operator' retrieved from /Users/yoonmoon/git/learn-airflow/airflow1/py_env/lib/python3.11/site-packages/airflow/example_dags/example_branch_day_of_week_operator.py
[2024-11-13T19:30:15.305+1100] {logging_mixin.py:190} INFO - [2024-11-13T19:30:15.305+1100] {override.py:1911} INFO - Created Permission View: can delete on DAG:example_weekday_branch_operator
[2024-11-13T19:30:15.309+1100] {logging_mixin.py:190} INFO - [2024-11-13T19:30:15.308+1100] {override.py:1911} INFO - Created Permission View: can read on DAG:example_weekday_branch_operator
[2024-11-13T19:30:15.310+1100] {logging_mixin.py:190} INFO - [2024-11-13T19:30:15.310+1100] {override.py:1911} INFO - Created Permission View: can edit on DAG:example_weekday_branch_operator
[2024-11-13T19:30:15.313+1100] {logging_mixin.py:190} INFO - [2024-11-13T19:30:15.313+1100] {override.py:1911} INFO - Created Permission View: can create on DAG Run:example_weekday_branch_operator
[2024-11-13T19:30:15.315+1100] {logging_mixin.py:190} INFO - [2024-11-13T19:30:15.315+1100] {override.py:1911} INFO - Created Permission View: can read on DAG Run:example_weekday_branch_operator
[2024-11-13T19:30:15.317+1100] {logging_mixin.py:190} INFO - [2024-11-13T19:30:15.317+1100] {override.py:1911} INFO - Created Permission View: can delete on DAG Run:example_weekday_branch_operator
[2024-11-13T19:30:15.319+1100] {logging_mixin.py:190} INFO - [2024-11-13T19:30:15.319+1100] {override.py:1911} INFO - Created Permission View: menu access on DAG Run:example_weekday_branch_operator
[2024-11-13T19:30:15.319+1100] {logging_mixin.py:190} INFO - [2024-11-13T19:30:15.319+1100] {dag.py:3239} INFO - Sync 1 DAGs
[2024-11-13T19:30:15.324+1100] {logging_mixin.py:190} INFO - [2024-11-13T19:30:15.324+1100] {dag.py:3262} INFO - Creating ORM DAG for example_weekday_branch_operator
[2024-11-13T19:30:15.327+1100] {logging_mixin.py:190} INFO - [2024-11-13T19:30:15.327+1100] {dag.py:4180} INFO - Setting next_dagrun for example_weekday_branch_operator to 2024-11-12 00:00:00+00:00, run_after=2024-11-13 00:00:00+00:00
[2024-11-13T19:30:15.333+1100] {processor.py:208} INFO - Processing /Users/yoonmoon/git/learn-airflow/airflow1/py_env/lib/python3.11/site-packages/airflow/example_dags/example_branch_day_of_week_operator.py took 0.130 seconds
[2024-11-13T19:32:36.890+1100] {processor.py:186} INFO - Started process (PID=64201) to work on /Users/yoonmoon/git/learn-airflow/airflow1/py_env/lib/python3.11/site-packages/airflow/example_dags/example_branch_day_of_week_operator.py
[2024-11-13T19:32:36.891+1100] {processor.py:914} INFO - Processing file /Users/yoonmoon/git/learn-airflow/airflow1/py_env/lib/python3.11/site-packages/airflow/example_dags/example_branch_day_of_week_operator.py for tasks to queue
[2024-11-13T19:32:36.891+1100] {logging_mixin.py:190} INFO - [2024-11-13T19:32:36.891+1100] {dagbag.py:588} INFO - Filling up the DagBag from /Users/yoonmoon/git/learn-airflow/airflow1/py_env/lib/python3.11/site-packages/airflow/example_dags/example_branch_day_of_week_operator.py
[2024-11-13T19:32:36.896+1100] {processor.py:925} INFO - DAG(s) 'example_weekday_branch_operator' retrieved from /Users/yoonmoon/git/learn-airflow/airflow1/py_env/lib/python3.11/site-packages/airflow/example_dags/example_branch_day_of_week_operator.py
[2024-11-13T19:32:36.954+1100] {logging_mixin.py:190} INFO - [2024-11-13T19:32:36.954+1100] {dag.py:3239} INFO - Sync 1 DAGs
[2024-11-13T19:32:36.960+1100] {logging_mixin.py:190} INFO - [2024-11-13T19:32:36.960+1100] {dag.py:4180} INFO - Setting next_dagrun for example_weekday_branch_operator to 2024-11-12 00:00:00+00:00, run_after=2024-11-13 00:00:00+00:00
[2024-11-13T19:32:36.967+1100] {processor.py:208} INFO - Processing /Users/yoonmoon/git/learn-airflow/airflow1/py_env/lib/python3.11/site-packages/airflow/example_dags/example_branch_day_of_week_operator.py took 0.079 seconds
[2024-11-13T19:34:59.133+1100] {processor.py:186} INFO - Started process (PID=64689) to work on /Users/yoonmoon/git/learn-airflow/airflow1/py_env/lib/python3.11/site-packages/airflow/example_dags/example_branch_day_of_week_operator.py
[2024-11-13T19:34:59.133+1100] {processor.py:914} INFO - Processing file /Users/yoonmoon/git/learn-airflow/airflow1/py_env/lib/python3.11/site-packages/airflow/example_dags/example_branch_day_of_week_operator.py for tasks to queue
[2024-11-13T19:34:59.134+1100] {logging_mixin.py:190} INFO - [2024-11-13T19:34:59.134+1100] {dagbag.py:588} INFO - Filling up the DagBag from /Users/yoonmoon/git/learn-airflow/airflow1/py_env/lib/python3.11/site-packages/airflow/example_dags/example_branch_day_of_week_operator.py
[2024-11-13T19:34:59.139+1100] {processor.py:925} INFO - DAG(s) 'example_weekday_branch_operator' retrieved from /Users/yoonmoon/git/learn-airflow/airflow1/py_env/lib/python3.11/site-packages/airflow/example_dags/example_branch_day_of_week_operator.py
[2024-11-13T19:34:59.206+1100] {logging_mixin.py:190} INFO - [2024-11-13T19:34:59.206+1100] {dag.py:3239} INFO - Sync 1 DAGs
[2024-11-13T19:34:59.212+1100] {logging_mixin.py:190} INFO - [2024-11-13T19:34:59.212+1100] {dag.py:4180} INFO - Setting next_dagrun for example_weekday_branch_operator to 2024-11-12 00:00:00+00:00, run_after=2024-11-13 00:00:00+00:00
[2024-11-13T19:34:59.220+1100] {processor.py:208} INFO - Processing /Users/yoonmoon/git/learn-airflow/airflow1/py_env/lib/python3.11/site-packages/airflow/example_dags/example_branch_day_of_week_operator.py took 0.090 seconds
[2024-11-13T19:37:44.562+1100] {processor.py:186} INFO - Started process (PID=65039) to work on /Users/yoonmoon/git/learn-airflow/airflow1/py_env/lib/python3.11/site-packages/airflow/example_dags/example_branch_day_of_week_operator.py
[2024-11-13T19:37:44.563+1100] {processor.py:914} INFO - Processing file /Users/yoonmoon/git/learn-airflow/airflow1/py_env/lib/python3.11/site-packages/airflow/example_dags/example_branch_day_of_week_operator.py for tasks to queue
[2024-11-13T19:37:44.564+1100] {logging_mixin.py:190} INFO - [2024-11-13T19:37:44.564+1100] {dagbag.py:588} INFO - Filling up the DagBag from /Users/yoonmoon/git/learn-airflow/airflow1/py_env/lib/python3.11/site-packages/airflow/example_dags/example_branch_day_of_week_operator.py
[2024-11-13T19:37:44.569+1100] {processor.py:925} INFO - DAG(s) 'example_weekday_branch_operator' retrieved from /Users/yoonmoon/git/learn-airflow/airflow1/py_env/lib/python3.11/site-packages/airflow/example_dags/example_branch_day_of_week_operator.py
[2024-11-13T19:37:44.629+1100] {logging_mixin.py:190} INFO - [2024-11-13T19:37:44.629+1100] {dag.py:3239} INFO - Sync 1 DAGs
[2024-11-13T19:37:44.635+1100] {logging_mixin.py:190} INFO - [2024-11-13T19:37:44.635+1100] {dag.py:4180} INFO - Setting next_dagrun for example_weekday_branch_operator to 2024-11-12 00:00:00+00:00, run_after=2024-11-13 00:00:00+00:00
[2024-11-13T19:37:44.642+1100] {processor.py:208} INFO - Processing /Users/yoonmoon/git/learn-airflow/airflow1/py_env/lib/python3.11/site-packages/airflow/example_dags/example_branch_day_of_week_operator.py took 0.082 seconds
[2024-11-13T19:39:59.936+1100] {processor.py:186} INFO - Started process (PID=65308) to work on /Users/yoonmoon/git/learn-airflow/airflow1/py_env/lib/python3.11/site-packages/airflow/example_dags/example_branch_day_of_week_operator.py
[2024-11-13T19:39:59.938+1100] {processor.py:914} INFO - Processing file /Users/yoonmoon/git/learn-airflow/airflow1/py_env/lib/python3.11/site-packages/airflow/example_dags/example_branch_day_of_week_operator.py for tasks to queue
[2024-11-13T19:39:59.939+1100] {logging_mixin.py:190} INFO - [2024-11-13T19:39:59.939+1100] {dagbag.py:588} INFO - Filling up the DagBag from /Users/yoonmoon/git/learn-airflow/airflow1/py_env/lib/python3.11/site-packages/airflow/example_dags/example_branch_day_of_week_operator.py
[2024-11-13T19:39:59.943+1100] {processor.py:925} INFO - DAG(s) 'example_weekday_branch_operator' retrieved from /Users/yoonmoon/git/learn-airflow/airflow1/py_env/lib/python3.11/site-packages/airflow/example_dags/example_branch_day_of_week_operator.py
[2024-11-13T19:40:00.002+1100] {logging_mixin.py:190} INFO - [2024-11-13T19:40:00.002+1100] {dag.py:3239} INFO - Sync 1 DAGs
[2024-11-13T19:40:00.008+1100] {logging_mixin.py:190} INFO - [2024-11-13T19:40:00.007+1100] {dag.py:4180} INFO - Setting next_dagrun for example_weekday_branch_operator to 2024-11-12 00:00:00+00:00, run_after=2024-11-13 00:00:00+00:00
[2024-11-13T19:40:00.014+1100] {processor.py:208} INFO - Processing /Users/yoonmoon/git/learn-airflow/airflow1/py_env/lib/python3.11/site-packages/airflow/example_dags/example_branch_day_of_week_operator.py took 0.080 seconds
[2024-11-13T19:42:20.193+1100] {processor.py:186} INFO - Started process (PID=65612) to work on /Users/yoonmoon/git/learn-airflow/airflow1/py_env/lib/python3.11/site-packages/airflow/example_dags/example_branch_day_of_week_operator.py
[2024-11-13T19:42:20.194+1100] {processor.py:914} INFO - Processing file /Users/yoonmoon/git/learn-airflow/airflow1/py_env/lib/python3.11/site-packages/airflow/example_dags/example_branch_day_of_week_operator.py for tasks to queue
[2024-11-13T19:42:20.195+1100] {logging_mixin.py:190} INFO - [2024-11-13T19:42:20.194+1100] {dagbag.py:588} INFO - Filling up the DagBag from /Users/yoonmoon/git/learn-airflow/airflow1/py_env/lib/python3.11/site-packages/airflow/example_dags/example_branch_day_of_week_operator.py
[2024-11-13T19:42:20.199+1100] {processor.py:925} INFO - DAG(s) 'example_weekday_branch_operator' retrieved from /Users/yoonmoon/git/learn-airflow/airflow1/py_env/lib/python3.11/site-packages/airflow/example_dags/example_branch_day_of_week_operator.py
[2024-11-13T19:42:20.259+1100] {logging_mixin.py:190} INFO - [2024-11-13T19:42:20.259+1100] {dag.py:3239} INFO - Sync 1 DAGs
[2024-11-13T19:42:20.265+1100] {logging_mixin.py:190} INFO - [2024-11-13T19:42:20.265+1100] {dag.py:4180} INFO - Setting next_dagrun for example_weekday_branch_operator to 2024-11-12 00:00:00+00:00, run_after=2024-11-13 00:00:00+00:00
[2024-11-13T19:42:20.271+1100] {processor.py:208} INFO - Processing /Users/yoonmoon/git/learn-airflow/airflow1/py_env/lib/python3.11/site-packages/airflow/example_dags/example_branch_day_of_week_operator.py took 0.081 seconds
[2024-11-13T19:44:37.430+1100] {processor.py:186} INFO - Started process (PID=65880) to work on /Users/yoonmoon/git/learn-airflow/airflow1/py_env/lib/python3.11/site-packages/airflow/example_dags/example_branch_day_of_week_operator.py
[2024-11-13T19:44:37.430+1100] {processor.py:914} INFO - Processing file /Users/yoonmoon/git/learn-airflow/airflow1/py_env/lib/python3.11/site-packages/airflow/example_dags/example_branch_day_of_week_operator.py for tasks to queue
[2024-11-13T19:44:37.431+1100] {logging_mixin.py:190} INFO - [2024-11-13T19:44:37.431+1100] {dagbag.py:588} INFO - Filling up the DagBag from /Users/yoonmoon/git/learn-airflow/airflow1/py_env/lib/python3.11/site-packages/airflow/example_dags/example_branch_day_of_week_operator.py
[2024-11-13T19:44:37.436+1100] {processor.py:925} INFO - DAG(s) 'example_weekday_branch_operator' retrieved from /Users/yoonmoon/git/learn-airflow/airflow1/py_env/lib/python3.11/site-packages/airflow/example_dags/example_branch_day_of_week_operator.py
[2024-11-13T19:44:37.494+1100] {logging_mixin.py:190} INFO - [2024-11-13T19:44:37.494+1100] {dag.py:3239} INFO - Sync 1 DAGs
[2024-11-13T19:44:37.500+1100] {logging_mixin.py:190} INFO - [2024-11-13T19:44:37.500+1100] {dag.py:4180} INFO - Setting next_dagrun for example_weekday_branch_operator to 2024-11-12 00:00:00+00:00, run_after=2024-11-13 00:00:00+00:00
[2024-11-13T19:44:37.506+1100] {processor.py:208} INFO - Processing /Users/yoonmoon/git/learn-airflow/airflow1/py_env/lib/python3.11/site-packages/airflow/example_dags/example_branch_day_of_week_operator.py took 0.079 seconds
[2024-11-13T19:46:47.736+1100] {processor.py:186} INFO - Started process (PID=66130) to work on /Users/yoonmoon/git/learn-airflow/airflow1/py_env/lib/python3.11/site-packages/airflow/example_dags/example_branch_day_of_week_operator.py
[2024-11-13T19:46:47.738+1100] {processor.py:914} INFO - Processing file /Users/yoonmoon/git/learn-airflow/airflow1/py_env/lib/python3.11/site-packages/airflow/example_dags/example_branch_day_of_week_operator.py for tasks to queue
[2024-11-13T19:46:47.738+1100] {logging_mixin.py:190} INFO - [2024-11-13T19:46:47.738+1100] {dagbag.py:588} INFO - Filling up the DagBag from /Users/yoonmoon/git/learn-airflow/airflow1/py_env/lib/python3.11/site-packages/airflow/example_dags/example_branch_day_of_week_operator.py
[2024-11-13T19:46:47.743+1100] {processor.py:925} INFO - DAG(s) 'example_weekday_branch_operator' retrieved from /Users/yoonmoon/git/learn-airflow/airflow1/py_env/lib/python3.11/site-packages/airflow/example_dags/example_branch_day_of_week_operator.py
[2024-11-13T19:46:47.802+1100] {logging_mixin.py:190} INFO - [2024-11-13T19:46:47.801+1100] {dag.py:3239} INFO - Sync 1 DAGs
[2024-11-13T19:46:47.807+1100] {logging_mixin.py:190} INFO - [2024-11-13T19:46:47.807+1100] {dag.py:4180} INFO - Setting next_dagrun for example_weekday_branch_operator to 2024-11-12 00:00:00+00:00, run_after=2024-11-13 00:00:00+00:00
[2024-11-13T19:46:47.814+1100] {processor.py:208} INFO - Processing /Users/yoonmoon/git/learn-airflow/airflow1/py_env/lib/python3.11/site-packages/airflow/example_dags/example_branch_day_of_week_operator.py took 0.081 seconds
[2024-11-13T19:49:00.732+1100] {processor.py:186} INFO - Started process (PID=66374) to work on /Users/yoonmoon/git/learn-airflow/airflow1/py_env/lib/python3.11/site-packages/airflow/example_dags/example_branch_day_of_week_operator.py
[2024-11-13T19:49:00.734+1100] {processor.py:914} INFO - Processing file /Users/yoonmoon/git/learn-airflow/airflow1/py_env/lib/python3.11/site-packages/airflow/example_dags/example_branch_day_of_week_operator.py for tasks to queue
[2024-11-13T19:49:00.734+1100] {logging_mixin.py:190} INFO - [2024-11-13T19:49:00.734+1100] {dagbag.py:588} INFO - Filling up the DagBag from /Users/yoonmoon/git/learn-airflow/airflow1/py_env/lib/python3.11/site-packages/airflow/example_dags/example_branch_day_of_week_operator.py
[2024-11-13T19:49:00.739+1100] {processor.py:925} INFO - DAG(s) 'example_weekday_branch_operator' retrieved from /Users/yoonmoon/git/learn-airflow/airflow1/py_env/lib/python3.11/site-packages/airflow/example_dags/example_branch_day_of_week_operator.py
[2024-11-13T19:49:00.798+1100] {logging_mixin.py:190} INFO - [2024-11-13T19:49:00.798+1100] {dag.py:3239} INFO - Sync 1 DAGs
[2024-11-13T19:49:00.804+1100] {logging_mixin.py:190} INFO - [2024-11-13T19:49:00.804+1100] {dag.py:4180} INFO - Setting next_dagrun for example_weekday_branch_operator to 2024-11-12 00:00:00+00:00, run_after=2024-11-13 00:00:00+00:00
[2024-11-13T19:49:00.811+1100] {processor.py:208} INFO - Processing /Users/yoonmoon/git/learn-airflow/airflow1/py_env/lib/python3.11/site-packages/airflow/example_dags/example_branch_day_of_week_operator.py took 0.081 seconds
[2024-11-13T19:51:12.291+1100] {processor.py:186} INFO - Started process (PID=66612) to work on /Users/yoonmoon/git/learn-airflow/airflow1/py_env/lib/python3.11/site-packages/airflow/example_dags/example_branch_day_of_week_operator.py
[2024-11-13T19:51:12.292+1100] {processor.py:914} INFO - Processing file /Users/yoonmoon/git/learn-airflow/airflow1/py_env/lib/python3.11/site-packages/airflow/example_dags/example_branch_day_of_week_operator.py for tasks to queue
[2024-11-13T19:51:12.293+1100] {logging_mixin.py:190} INFO - [2024-11-13T19:51:12.293+1100] {dagbag.py:588} INFO - Filling up the DagBag from /Users/yoonmoon/git/learn-airflow/airflow1/py_env/lib/python3.11/site-packages/airflow/example_dags/example_branch_day_of_week_operator.py
[2024-11-13T19:51:12.297+1100] {processor.py:925} INFO - DAG(s) 'example_weekday_branch_operator' retrieved from /Users/yoonmoon/git/learn-airflow/airflow1/py_env/lib/python3.11/site-packages/airflow/example_dags/example_branch_day_of_week_operator.py
[2024-11-13T19:51:12.356+1100] {logging_mixin.py:190} INFO - [2024-11-13T19:51:12.356+1100] {dag.py:3239} INFO - Sync 1 DAGs
[2024-11-13T19:51:12.362+1100] {logging_mixin.py:190} INFO - [2024-11-13T19:51:12.362+1100] {dag.py:4180} INFO - Setting next_dagrun for example_weekday_branch_operator to 2024-11-12 00:00:00+00:00, run_after=2024-11-13 00:00:00+00:00
[2024-11-13T19:51:12.369+1100] {processor.py:208} INFO - Processing /Users/yoonmoon/git/learn-airflow/airflow1/py_env/lib/python3.11/site-packages/airflow/example_dags/example_branch_day_of_week_operator.py took 0.080 seconds
[2024-11-13T19:53:31.180+1100] {processor.py:186} INFO - Started process (PID=66869) to work on /Users/yoonmoon/git/learn-airflow/airflow1/py_env/lib/python3.11/site-packages/airflow/example_dags/example_branch_day_of_week_operator.py
[2024-11-13T19:53:31.181+1100] {processor.py:914} INFO - Processing file /Users/yoonmoon/git/learn-airflow/airflow1/py_env/lib/python3.11/site-packages/airflow/example_dags/example_branch_day_of_week_operator.py for tasks to queue
[2024-11-13T19:53:31.182+1100] {logging_mixin.py:190} INFO - [2024-11-13T19:53:31.182+1100] {dagbag.py:588} INFO - Filling up the DagBag from /Users/yoonmoon/git/learn-airflow/airflow1/py_env/lib/python3.11/site-packages/airflow/example_dags/example_branch_day_of_week_operator.py
[2024-11-13T19:53:31.187+1100] {processor.py:925} INFO - DAG(s) 'example_weekday_branch_operator' retrieved from /Users/yoonmoon/git/learn-airflow/airflow1/py_env/lib/python3.11/site-packages/airflow/example_dags/example_branch_day_of_week_operator.py
[2024-11-13T19:53:31.247+1100] {logging_mixin.py:190} INFO - [2024-11-13T19:53:31.247+1100] {dag.py:3239} INFO - Sync 1 DAGs
[2024-11-13T19:53:31.253+1100] {logging_mixin.py:190} INFO - [2024-11-13T19:53:31.253+1100] {dag.py:4180} INFO - Setting next_dagrun for example_weekday_branch_operator to 2024-11-12 00:00:00+00:00, run_after=2024-11-13 00:00:00+00:00
[2024-11-13T19:53:31.260+1100] {processor.py:208} INFO - Processing /Users/yoonmoon/git/learn-airflow/airflow1/py_env/lib/python3.11/site-packages/airflow/example_dags/example_branch_day_of_week_operator.py took 0.082 seconds
[2024-11-13T19:55:53.216+1100] {processor.py:186} INFO - Started process (PID=67151) to work on /Users/yoonmoon/git/learn-airflow/airflow1/py_env/lib/python3.11/site-packages/airflow/example_dags/example_branch_day_of_week_operator.py
[2024-11-13T19:55:53.218+1100] {processor.py:914} INFO - Processing file /Users/yoonmoon/git/learn-airflow/airflow1/py_env/lib/python3.11/site-packages/airflow/example_dags/example_branch_day_of_week_operator.py for tasks to queue
[2024-11-13T19:55:53.218+1100] {logging_mixin.py:190} INFO - [2024-11-13T19:55:53.218+1100] {dagbag.py:588} INFO - Filling up the DagBag from /Users/yoonmoon/git/learn-airflow/airflow1/py_env/lib/python3.11/site-packages/airflow/example_dags/example_branch_day_of_week_operator.py
[2024-11-13T19:55:53.222+1100] {processor.py:925} INFO - DAG(s) 'example_weekday_branch_operator' retrieved from /Users/yoonmoon/git/learn-airflow/airflow1/py_env/lib/python3.11/site-packages/airflow/example_dags/example_branch_day_of_week_operator.py
[2024-11-13T19:55:53.281+1100] {logging_mixin.py:190} INFO - [2024-11-13T19:55:53.281+1100] {dag.py:3239} INFO - Sync 1 DAGs
[2024-11-13T19:55:53.287+1100] {logging_mixin.py:190} INFO - [2024-11-13T19:55:53.287+1100] {dag.py:4180} INFO - Setting next_dagrun for example_weekday_branch_operator to 2024-11-12 00:00:00+00:00, run_after=2024-11-13 00:00:00+00:00
[2024-11-13T19:55:53.293+1100] {processor.py:208} INFO - Processing /Users/yoonmoon/git/learn-airflow/airflow1/py_env/lib/python3.11/site-packages/airflow/example_dags/example_branch_day_of_week_operator.py took 0.079 seconds
[2024-11-13T19:58:09.068+1100] {processor.py:186} INFO - Started process (PID=67401) to work on /Users/yoonmoon/git/learn-airflow/airflow1/py_env/lib/python3.11/site-packages/airflow/example_dags/example_branch_day_of_week_operator.py
[2024-11-13T19:58:09.070+1100] {processor.py:914} INFO - Processing file /Users/yoonmoon/git/learn-airflow/airflow1/py_env/lib/python3.11/site-packages/airflow/example_dags/example_branch_day_of_week_operator.py for tasks to queue
[2024-11-13T19:58:09.070+1100] {logging_mixin.py:190} INFO - [2024-11-13T19:58:09.070+1100] {dagbag.py:588} INFO - Filling up the DagBag from /Users/yoonmoon/git/learn-airflow/airflow1/py_env/lib/python3.11/site-packages/airflow/example_dags/example_branch_day_of_week_operator.py
[2024-11-13T19:58:09.075+1100] {processor.py:925} INFO - DAG(s) 'example_weekday_branch_operator' retrieved from /Users/yoonmoon/git/learn-airflow/airflow1/py_env/lib/python3.11/site-packages/airflow/example_dags/example_branch_day_of_week_operator.py
[2024-11-13T19:58:09.133+1100] {logging_mixin.py:190} INFO - [2024-11-13T19:58:09.133+1100] {dag.py:3239} INFO - Sync 1 DAGs
[2024-11-13T19:58:09.139+1100] {logging_mixin.py:190} INFO - [2024-11-13T19:58:09.139+1100] {dag.py:4180} INFO - Setting next_dagrun for example_weekday_branch_operator to 2024-11-12 00:00:00+00:00, run_after=2024-11-13 00:00:00+00:00
[2024-11-13T19:58:09.146+1100] {processor.py:208} INFO - Processing /Users/yoonmoon/git/learn-airflow/airflow1/py_env/lib/python3.11/site-packages/airflow/example_dags/example_branch_day_of_week_operator.py took 0.079 seconds
[2024-11-13T20:00:25.801+1100] {processor.py:186} INFO - Started process (PID=67651) to work on /Users/yoonmoon/git/learn-airflow/airflow1/py_env/lib/python3.11/site-packages/airflow/example_dags/example_branch_day_of_week_operator.py
[2024-11-13T20:00:25.802+1100] {processor.py:914} INFO - Processing file /Users/yoonmoon/git/learn-airflow/airflow1/py_env/lib/python3.11/site-packages/airflow/example_dags/example_branch_day_of_week_operator.py for tasks to queue
[2024-11-13T20:00:25.802+1100] {logging_mixin.py:190} INFO - [2024-11-13T20:00:25.802+1100] {dagbag.py:588} INFO - Filling up the DagBag from /Users/yoonmoon/git/learn-airflow/airflow1/py_env/lib/python3.11/site-packages/airflow/example_dags/example_branch_day_of_week_operator.py
[2024-11-13T20:00:25.807+1100] {processor.py:925} INFO - DAG(s) 'example_weekday_branch_operator' retrieved from /Users/yoonmoon/git/learn-airflow/airflow1/py_env/lib/python3.11/site-packages/airflow/example_dags/example_branch_day_of_week_operator.py
[2024-11-13T20:00:25.866+1100] {logging_mixin.py:190} INFO - [2024-11-13T20:00:25.866+1100] {dag.py:3239} INFO - Sync 1 DAGs
[2024-11-13T20:00:25.872+1100] {logging_mixin.py:190} INFO - [2024-11-13T20:00:25.872+1100] {dag.py:4180} INFO - Setting next_dagrun for example_weekday_branch_operator to 2024-11-12 00:00:00+00:00, run_after=2024-11-13 00:00:00+00:00
[2024-11-13T20:00:25.878+1100] {processor.py:208} INFO - Processing /Users/yoonmoon/git/learn-airflow/airflow1/py_env/lib/python3.11/site-packages/airflow/example_dags/example_branch_day_of_week_operator.py took 0.080 seconds
[2024-11-13T20:02:40.671+1100] {processor.py:186} INFO - Started process (PID=67896) to work on /Users/yoonmoon/git/learn-airflow/airflow1/py_env/lib/python3.11/site-packages/airflow/example_dags/example_branch_day_of_week_operator.py
[2024-11-13T20:02:40.673+1100] {processor.py:914} INFO - Processing file /Users/yoonmoon/git/learn-airflow/airflow1/py_env/lib/python3.11/site-packages/airflow/example_dags/example_branch_day_of_week_operator.py for tasks to queue
[2024-11-13T20:02:40.673+1100] {logging_mixin.py:190} INFO - [2024-11-13T20:02:40.673+1100] {dagbag.py:588} INFO - Filling up the DagBag from /Users/yoonmoon/git/learn-airflow/airflow1/py_env/lib/python3.11/site-packages/airflow/example_dags/example_branch_day_of_week_operator.py
[2024-11-13T20:02:40.678+1100] {processor.py:925} INFO - DAG(s) 'example_weekday_branch_operator' retrieved from /Users/yoonmoon/git/learn-airflow/airflow1/py_env/lib/python3.11/site-packages/airflow/example_dags/example_branch_day_of_week_operator.py
[2024-11-13T20:02:40.740+1100] {logging_mixin.py:190} INFO - [2024-11-13T20:02:40.739+1100] {dag.py:3239} INFO - Sync 1 DAGs
[2024-11-13T20:02:40.745+1100] {logging_mixin.py:190} INFO - [2024-11-13T20:02:40.745+1100] {dag.py:4180} INFO - Setting next_dagrun for example_weekday_branch_operator to 2024-11-12 00:00:00+00:00, run_after=2024-11-13 00:00:00+00:00
[2024-11-13T20:02:40.752+1100] {processor.py:208} INFO - Processing /Users/yoonmoon/git/learn-airflow/airflow1/py_env/lib/python3.11/site-packages/airflow/example_dags/example_branch_day_of_week_operator.py took 0.083 seconds
[2024-11-13T20:04:55.288+1100] {processor.py:186} INFO - Started process (PID=68137) to work on /Users/yoonmoon/git/learn-airflow/airflow1/py_env/lib/python3.11/site-packages/airflow/example_dags/example_branch_day_of_week_operator.py
[2024-11-13T20:04:55.289+1100] {processor.py:914} INFO - Processing file /Users/yoonmoon/git/learn-airflow/airflow1/py_env/lib/python3.11/site-packages/airflow/example_dags/example_branch_day_of_week_operator.py for tasks to queue
[2024-11-13T20:04:55.290+1100] {logging_mixin.py:190} INFO - [2024-11-13T20:04:55.289+1100] {dagbag.py:588} INFO - Filling up the DagBag from /Users/yoonmoon/git/learn-airflow/airflow1/py_env/lib/python3.11/site-packages/airflow/example_dags/example_branch_day_of_week_operator.py
[2024-11-13T20:04:55.294+1100] {processor.py:925} INFO - DAG(s) 'example_weekday_branch_operator' retrieved from /Users/yoonmoon/git/learn-airflow/airflow1/py_env/lib/python3.11/site-packages/airflow/example_dags/example_branch_day_of_week_operator.py
[2024-11-13T20:04:55.353+1100] {logging_mixin.py:190} INFO - [2024-11-13T20:04:55.353+1100] {dag.py:3239} INFO - Sync 1 DAGs
[2024-11-13T20:04:55.360+1100] {logging_mixin.py:190} INFO - [2024-11-13T20:04:55.360+1100] {dag.py:4180} INFO - Setting next_dagrun for example_weekday_branch_operator to 2024-11-12 00:00:00+00:00, run_after=2024-11-13 00:00:00+00:00
[2024-11-13T20:04:55.366+1100] {processor.py:208} INFO - Processing /Users/yoonmoon/git/learn-airflow/airflow1/py_env/lib/python3.11/site-packages/airflow/example_dags/example_branch_day_of_week_operator.py took 0.080 seconds
[2024-11-13T20:07:16.081+1100] {processor.py:186} INFO - Started process (PID=68438) to work on /Users/yoonmoon/git/learn-airflow/airflow1/py_env/lib/python3.11/site-packages/airflow/example_dags/example_branch_day_of_week_operator.py
[2024-11-13T20:07:16.082+1100] {processor.py:914} INFO - Processing file /Users/yoonmoon/git/learn-airflow/airflow1/py_env/lib/python3.11/site-packages/airflow/example_dags/example_branch_day_of_week_operator.py for tasks to queue
[2024-11-13T20:07:16.083+1100] {logging_mixin.py:190} INFO - [2024-11-13T20:07:16.083+1100] {dagbag.py:588} INFO - Filling up the DagBag from /Users/yoonmoon/git/learn-airflow/airflow1/py_env/lib/python3.11/site-packages/airflow/example_dags/example_branch_day_of_week_operator.py
[2024-11-13T20:07:16.087+1100] {processor.py:925} INFO - DAG(s) 'example_weekday_branch_operator' retrieved from /Users/yoonmoon/git/learn-airflow/airflow1/py_env/lib/python3.11/site-packages/airflow/example_dags/example_branch_day_of_week_operator.py
[2024-11-13T20:07:16.149+1100] {logging_mixin.py:190} INFO - [2024-11-13T20:07:16.149+1100] {dag.py:3239} INFO - Sync 1 DAGs
[2024-11-13T20:07:16.155+1100] {logging_mixin.py:190} INFO - [2024-11-13T20:07:16.155+1100] {dag.py:4180} INFO - Setting next_dagrun for example_weekday_branch_operator to 2024-11-12 00:00:00+00:00, run_after=2024-11-13 00:00:00+00:00
[2024-11-13T20:07:16.161+1100] {processor.py:208} INFO - Processing /Users/yoonmoon/git/learn-airflow/airflow1/py_env/lib/python3.11/site-packages/airflow/example_dags/example_branch_day_of_week_operator.py took 0.083 seconds
[2024-11-13T20:09:38.672+1100] {processor.py:186} INFO - Started process (PID=68701) to work on /Users/yoonmoon/git/learn-airflow/airflow1/py_env/lib/python3.11/site-packages/airflow/example_dags/example_branch_day_of_week_operator.py
[2024-11-13T20:09:38.673+1100] {processor.py:914} INFO - Processing file /Users/yoonmoon/git/learn-airflow/airflow1/py_env/lib/python3.11/site-packages/airflow/example_dags/example_branch_day_of_week_operator.py for tasks to queue
[2024-11-13T20:09:38.674+1100] {logging_mixin.py:190} INFO - [2024-11-13T20:09:38.674+1100] {dagbag.py:588} INFO - Filling up the DagBag from /Users/yoonmoon/git/learn-airflow/airflow1/py_env/lib/python3.11/site-packages/airflow/example_dags/example_branch_day_of_week_operator.py
[2024-11-13T20:09:38.678+1100] {processor.py:925} INFO - DAG(s) 'example_weekday_branch_operator' retrieved from /Users/yoonmoon/git/learn-airflow/airflow1/py_env/lib/python3.11/site-packages/airflow/example_dags/example_branch_day_of_week_operator.py
[2024-11-13T20:09:38.740+1100] {logging_mixin.py:190} INFO - [2024-11-13T20:09:38.740+1100] {dag.py:3239} INFO - Sync 1 DAGs
[2024-11-13T20:09:38.746+1100] {logging_mixin.py:190} INFO - [2024-11-13T20:09:38.746+1100] {dag.py:4180} INFO - Setting next_dagrun for example_weekday_branch_operator to 2024-11-12 00:00:00+00:00, run_after=2024-11-13 00:00:00+00:00
[2024-11-13T20:09:38.753+1100] {processor.py:208} INFO - Processing /Users/yoonmoon/git/learn-airflow/airflow1/py_env/lib/python3.11/site-packages/airflow/example_dags/example_branch_day_of_week_operator.py took 0.083 seconds
[2024-11-13T20:11:54.171+1100] {processor.py:186} INFO - Started process (PID=68978) to work on /Users/yoonmoon/git/learn-airflow/airflow1/py_env/lib/python3.11/site-packages/airflow/example_dags/example_branch_day_of_week_operator.py
[2024-11-13T20:11:54.173+1100] {processor.py:914} INFO - Processing file /Users/yoonmoon/git/learn-airflow/airflow1/py_env/lib/python3.11/site-packages/airflow/example_dags/example_branch_day_of_week_operator.py for tasks to queue
[2024-11-13T20:11:54.173+1100] {logging_mixin.py:190} INFO - [2024-11-13T20:11:54.173+1100] {dagbag.py:588} INFO - Filling up the DagBag from /Users/yoonmoon/git/learn-airflow/airflow1/py_env/lib/python3.11/site-packages/airflow/example_dags/example_branch_day_of_week_operator.py
[2024-11-13T20:11:54.178+1100] {processor.py:925} INFO - DAG(s) 'example_weekday_branch_operator' retrieved from /Users/yoonmoon/git/learn-airflow/airflow1/py_env/lib/python3.11/site-packages/airflow/example_dags/example_branch_day_of_week_operator.py
[2024-11-13T20:11:54.240+1100] {logging_mixin.py:190} INFO - [2024-11-13T20:11:54.239+1100] {dag.py:3239} INFO - Sync 1 DAGs
[2024-11-13T20:11:54.245+1100] {logging_mixin.py:190} INFO - [2024-11-13T20:11:54.245+1100] {dag.py:4180} INFO - Setting next_dagrun for example_weekday_branch_operator to 2024-11-12 00:00:00+00:00, run_after=2024-11-13 00:00:00+00:00
[2024-11-13T20:11:54.252+1100] {processor.py:208} INFO - Processing /Users/yoonmoon/git/learn-airflow/airflow1/py_env/lib/python3.11/site-packages/airflow/example_dags/example_branch_day_of_week_operator.py took 0.083 seconds
[2024-11-13T20:14:10.837+1100] {processor.py:186} INFO - Started process (PID=69227) to work on /Users/yoonmoon/git/learn-airflow/airflow1/py_env/lib/python3.11/site-packages/airflow/example_dags/example_branch_day_of_week_operator.py
[2024-11-13T20:14:10.837+1100] {processor.py:914} INFO - Processing file /Users/yoonmoon/git/learn-airflow/airflow1/py_env/lib/python3.11/site-packages/airflow/example_dags/example_branch_day_of_week_operator.py for tasks to queue
[2024-11-13T20:14:10.838+1100] {logging_mixin.py:190} INFO - [2024-11-13T20:14:10.838+1100] {dagbag.py:588} INFO - Filling up the DagBag from /Users/yoonmoon/git/learn-airflow/airflow1/py_env/lib/python3.11/site-packages/airflow/example_dags/example_branch_day_of_week_operator.py
[2024-11-13T20:14:10.842+1100] {processor.py:925} INFO - DAG(s) 'example_weekday_branch_operator' retrieved from /Users/yoonmoon/git/learn-airflow/airflow1/py_env/lib/python3.11/site-packages/airflow/example_dags/example_branch_day_of_week_operator.py
[2024-11-13T20:14:10.904+1100] {logging_mixin.py:190} INFO - [2024-11-13T20:14:10.904+1100] {dag.py:3239} INFO - Sync 1 DAGs
[2024-11-13T20:14:10.911+1100] {logging_mixin.py:190} INFO - [2024-11-13T20:14:10.910+1100] {dag.py:4180} INFO - Setting next_dagrun for example_weekday_branch_operator to 2024-11-12 00:00:00+00:00, run_after=2024-11-13 00:00:00+00:00
[2024-11-13T20:14:10.917+1100] {processor.py:208} INFO - Processing /Users/yoonmoon/git/learn-airflow/airflow1/py_env/lib/python3.11/site-packages/airflow/example_dags/example_branch_day_of_week_operator.py took 0.082 seconds
[2024-11-13T20:16:30.850+1100] {processor.py:186} INFO - Started process (PID=69476) to work on /Users/yoonmoon/git/learn-airflow/airflow1/py_env/lib/python3.11/site-packages/airflow/example_dags/example_branch_day_of_week_operator.py
[2024-11-13T20:16:30.851+1100] {processor.py:914} INFO - Processing file /Users/yoonmoon/git/learn-airflow/airflow1/py_env/lib/python3.11/site-packages/airflow/example_dags/example_branch_day_of_week_operator.py for tasks to queue
[2024-11-13T20:16:30.852+1100] {logging_mixin.py:190} INFO - [2024-11-13T20:16:30.851+1100] {dagbag.py:588} INFO - Filling up the DagBag from /Users/yoonmoon/git/learn-airflow/airflow1/py_env/lib/python3.11/site-packages/airflow/example_dags/example_branch_day_of_week_operator.py
[2024-11-13T20:16:30.856+1100] {processor.py:925} INFO - DAG(s) 'example_weekday_branch_operator' retrieved from /Users/yoonmoon/git/learn-airflow/airflow1/py_env/lib/python3.11/site-packages/airflow/example_dags/example_branch_day_of_week_operator.py
[2024-11-13T20:16:30.920+1100] {logging_mixin.py:190} INFO - [2024-11-13T20:16:30.920+1100] {dag.py:3239} INFO - Sync 1 DAGs
[2024-11-13T20:16:30.926+1100] {logging_mixin.py:190} INFO - [2024-11-13T20:16:30.926+1100] {dag.py:4180} INFO - Setting next_dagrun for example_weekday_branch_operator to 2024-11-12 00:00:00+00:00, run_after=2024-11-13 00:00:00+00:00
[2024-11-13T20:16:30.932+1100] {processor.py:208} INFO - Processing /Users/yoonmoon/git/learn-airflow/airflow1/py_env/lib/python3.11/site-packages/airflow/example_dags/example_branch_day_of_week_operator.py took 0.084 seconds
[2024-11-13T20:18:49.237+1100] {processor.py:186} INFO - Started process (PID=69747) to work on /Users/yoonmoon/git/learn-airflow/airflow1/py_env/lib/python3.11/site-packages/airflow/example_dags/example_branch_day_of_week_operator.py
[2024-11-13T20:18:49.238+1100] {processor.py:914} INFO - Processing file /Users/yoonmoon/git/learn-airflow/airflow1/py_env/lib/python3.11/site-packages/airflow/example_dags/example_branch_day_of_week_operator.py for tasks to queue
[2024-11-13T20:18:49.239+1100] {logging_mixin.py:190} INFO - [2024-11-13T20:18:49.239+1100] {dagbag.py:588} INFO - Filling up the DagBag from /Users/yoonmoon/git/learn-airflow/airflow1/py_env/lib/python3.11/site-packages/airflow/example_dags/example_branch_day_of_week_operator.py
[2024-11-13T20:18:49.244+1100] {processor.py:925} INFO - DAG(s) 'example_weekday_branch_operator' retrieved from /Users/yoonmoon/git/learn-airflow/airflow1/py_env/lib/python3.11/site-packages/airflow/example_dags/example_branch_day_of_week_operator.py
[2024-11-13T20:18:49.303+1100] {logging_mixin.py:190} INFO - [2024-11-13T20:18:49.303+1100] {dag.py:3239} INFO - Sync 1 DAGs
[2024-11-13T20:18:49.309+1100] {logging_mixin.py:190} INFO - [2024-11-13T20:18:49.309+1100] {dag.py:4180} INFO - Setting next_dagrun for example_weekday_branch_operator to 2024-11-12 00:00:00+00:00, run_after=2024-11-13 00:00:00+00:00
[2024-11-13T20:18:49.315+1100] {processor.py:208} INFO - Processing /Users/yoonmoon/git/learn-airflow/airflow1/py_env/lib/python3.11/site-packages/airflow/example_dags/example_branch_day_of_week_operator.py took 0.081 seconds
[2024-11-13T20:21:08.446+1100] {processor.py:186} INFO - Started process (PID=70124) to work on /Users/yoonmoon/git/learn-airflow/airflow1/py_env/lib/python3.11/site-packages/airflow/example_dags/example_branch_day_of_week_operator.py
[2024-11-13T20:21:08.447+1100] {processor.py:914} INFO - Processing file /Users/yoonmoon/git/learn-airflow/airflow1/py_env/lib/python3.11/site-packages/airflow/example_dags/example_branch_day_of_week_operator.py for tasks to queue
[2024-11-13T20:21:08.447+1100] {logging_mixin.py:190} INFO - [2024-11-13T20:21:08.447+1100] {dagbag.py:588} INFO - Filling up the DagBag from /Users/yoonmoon/git/learn-airflow/airflow1/py_env/lib/python3.11/site-packages/airflow/example_dags/example_branch_day_of_week_operator.py
[2024-11-13T20:21:08.452+1100] {processor.py:925} INFO - DAG(s) 'example_weekday_branch_operator' retrieved from /Users/yoonmoon/git/learn-airflow/airflow1/py_env/lib/python3.11/site-packages/airflow/example_dags/example_branch_day_of_week_operator.py
[2024-11-13T20:21:08.515+1100] {logging_mixin.py:190} INFO - [2024-11-13T20:21:08.514+1100] {dag.py:3239} INFO - Sync 1 DAGs
[2024-11-13T20:21:08.521+1100] {logging_mixin.py:190} INFO - [2024-11-13T20:21:08.521+1100] {dag.py:4180} INFO - Setting next_dagrun for example_weekday_branch_operator to 2024-11-12 00:00:00+00:00, run_after=2024-11-13 00:00:00+00:00
[2024-11-13T20:21:08.527+1100] {processor.py:208} INFO - Processing /Users/yoonmoon/git/learn-airflow/airflow1/py_env/lib/python3.11/site-packages/airflow/example_dags/example_branch_day_of_week_operator.py took 0.083 seconds
[2024-11-13T20:23:20.051+1100] {processor.py:186} INFO - Started process (PID=70379) to work on /Users/yoonmoon/git/learn-airflow/airflow1/py_env/lib/python3.11/site-packages/airflow/example_dags/example_branch_day_of_week_operator.py
[2024-11-13T20:23:20.052+1100] {processor.py:914} INFO - Processing file /Users/yoonmoon/git/learn-airflow/airflow1/py_env/lib/python3.11/site-packages/airflow/example_dags/example_branch_day_of_week_operator.py for tasks to queue
[2024-11-13T20:23:20.053+1100] {logging_mixin.py:190} INFO - [2024-11-13T20:23:20.052+1100] {dagbag.py:588} INFO - Filling up the DagBag from /Users/yoonmoon/git/learn-airflow/airflow1/py_env/lib/python3.11/site-packages/airflow/example_dags/example_branch_day_of_week_operator.py
[2024-11-13T20:23:20.057+1100] {processor.py:925} INFO - DAG(s) 'example_weekday_branch_operator' retrieved from /Users/yoonmoon/git/learn-airflow/airflow1/py_env/lib/python3.11/site-packages/airflow/example_dags/example_branch_day_of_week_operator.py
[2024-11-13T20:23:20.117+1100] {logging_mixin.py:190} INFO - [2024-11-13T20:23:20.117+1100] {dag.py:3239} INFO - Sync 1 DAGs
[2024-11-13T20:23:20.123+1100] {logging_mixin.py:190} INFO - [2024-11-13T20:23:20.122+1100] {dag.py:4180} INFO - Setting next_dagrun for example_weekday_branch_operator to 2024-11-12 00:00:00+00:00, run_after=2024-11-13 00:00:00+00:00
[2024-11-13T20:23:20.129+1100] {processor.py:208} INFO - Processing /Users/yoonmoon/git/learn-airflow/airflow1/py_env/lib/python3.11/site-packages/airflow/example_dags/example_branch_day_of_week_operator.py took 0.080 seconds
[2024-11-13T20:25:36.388+1100] {processor.py:186} INFO - Started process (PID=70631) to work on /Users/yoonmoon/git/learn-airflow/airflow1/py_env/lib/python3.11/site-packages/airflow/example_dags/example_branch_day_of_week_operator.py
[2024-11-13T20:25:36.389+1100] {processor.py:914} INFO - Processing file /Users/yoonmoon/git/learn-airflow/airflow1/py_env/lib/python3.11/site-packages/airflow/example_dags/example_branch_day_of_week_operator.py for tasks to queue
[2024-11-13T20:25:36.390+1100] {logging_mixin.py:190} INFO - [2024-11-13T20:25:36.390+1100] {dagbag.py:588} INFO - Filling up the DagBag from /Users/yoonmoon/git/learn-airflow/airflow1/py_env/lib/python3.11/site-packages/airflow/example_dags/example_branch_day_of_week_operator.py
[2024-11-13T20:25:36.395+1100] {processor.py:925} INFO - DAG(s) 'example_weekday_branch_operator' retrieved from /Users/yoonmoon/git/learn-airflow/airflow1/py_env/lib/python3.11/site-packages/airflow/example_dags/example_branch_day_of_week_operator.py
[2024-11-13T20:25:36.456+1100] {logging_mixin.py:190} INFO - [2024-11-13T20:25:36.456+1100] {dag.py:3239} INFO - Sync 1 DAGs
[2024-11-13T20:25:36.462+1100] {logging_mixin.py:190} INFO - [2024-11-13T20:25:36.462+1100] {dag.py:4180} INFO - Setting next_dagrun for example_weekday_branch_operator to 2024-11-12 00:00:00+00:00, run_after=2024-11-13 00:00:00+00:00
[2024-11-13T20:25:36.468+1100] {processor.py:208} INFO - Processing /Users/yoonmoon/git/learn-airflow/airflow1/py_env/lib/python3.11/site-packages/airflow/example_dags/example_branch_day_of_week_operator.py took 0.083 seconds
[2024-11-13T20:27:56.625+1100] {processor.py:186} INFO - Started process (PID=70914) to work on /Users/yoonmoon/git/learn-airflow/airflow1/py_env/lib/python3.11/site-packages/airflow/example_dags/example_branch_day_of_week_operator.py
[2024-11-13T20:27:56.626+1100] {processor.py:914} INFO - Processing file /Users/yoonmoon/git/learn-airflow/airflow1/py_env/lib/python3.11/site-packages/airflow/example_dags/example_branch_day_of_week_operator.py for tasks to queue
[2024-11-13T20:27:56.626+1100] {logging_mixin.py:190} INFO - [2024-11-13T20:27:56.626+1100] {dagbag.py:588} INFO - Filling up the DagBag from /Users/yoonmoon/git/learn-airflow/airflow1/py_env/lib/python3.11/site-packages/airflow/example_dags/example_branch_day_of_week_operator.py
[2024-11-13T20:27:56.631+1100] {processor.py:925} INFO - DAG(s) 'example_weekday_branch_operator' retrieved from /Users/yoonmoon/git/learn-airflow/airflow1/py_env/lib/python3.11/site-packages/airflow/example_dags/example_branch_day_of_week_operator.py
[2024-11-13T20:27:56.693+1100] {logging_mixin.py:190} INFO - [2024-11-13T20:27:56.693+1100] {dag.py:3239} INFO - Sync 1 DAGs
[2024-11-13T20:27:56.699+1100] {logging_mixin.py:190} INFO - [2024-11-13T20:27:56.699+1100] {dag.py:4180} INFO - Setting next_dagrun for example_weekday_branch_operator to 2024-11-12 00:00:00+00:00, run_after=2024-11-13 00:00:00+00:00
[2024-11-13T20:27:56.705+1100] {processor.py:208} INFO - Processing /Users/yoonmoon/git/learn-airflow/airflow1/py_env/lib/python3.11/site-packages/airflow/example_dags/example_branch_day_of_week_operator.py took 0.082 seconds
[2024-11-13T20:30:08.735+1100] {processor.py:186} INFO - Started process (PID=71184) to work on /Users/yoonmoon/git/learn-airflow/airflow1/py_env/lib/python3.11/site-packages/airflow/example_dags/example_branch_day_of_week_operator.py
[2024-11-13T20:30:08.736+1100] {processor.py:914} INFO - Processing file /Users/yoonmoon/git/learn-airflow/airflow1/py_env/lib/python3.11/site-packages/airflow/example_dags/example_branch_day_of_week_operator.py for tasks to queue
[2024-11-13T20:30:08.737+1100] {logging_mixin.py:190} INFO - [2024-11-13T20:30:08.736+1100] {dagbag.py:588} INFO - Filling up the DagBag from /Users/yoonmoon/git/learn-airflow/airflow1/py_env/lib/python3.11/site-packages/airflow/example_dags/example_branch_day_of_week_operator.py
[2024-11-13T20:30:08.741+1100] {processor.py:925} INFO - DAG(s) 'example_weekday_branch_operator' retrieved from /Users/yoonmoon/git/learn-airflow/airflow1/py_env/lib/python3.11/site-packages/airflow/example_dags/example_branch_day_of_week_operator.py
[2024-11-13T20:30:08.801+1100] {logging_mixin.py:190} INFO - [2024-11-13T20:30:08.800+1100] {dag.py:3239} INFO - Sync 1 DAGs
[2024-11-13T20:30:08.806+1100] {logging_mixin.py:190} INFO - [2024-11-13T20:30:08.806+1100] {dag.py:4180} INFO - Setting next_dagrun for example_weekday_branch_operator to 2024-11-12 00:00:00+00:00, run_after=2024-11-13 00:00:00+00:00
[2024-11-13T20:30:08.813+1100] {processor.py:208} INFO - Processing /Users/yoonmoon/git/learn-airflow/airflow1/py_env/lib/python3.11/site-packages/airflow/example_dags/example_branch_day_of_week_operator.py took 0.080 seconds
[2024-11-13T20:32:28.636+1100] {processor.py:186} INFO - Started process (PID=71437) to work on /Users/yoonmoon/git/learn-airflow/airflow1/py_env/lib/python3.11/site-packages/airflow/example_dags/example_branch_day_of_week_operator.py
[2024-11-13T20:32:28.637+1100] {processor.py:914} INFO - Processing file /Users/yoonmoon/git/learn-airflow/airflow1/py_env/lib/python3.11/site-packages/airflow/example_dags/example_branch_day_of_week_operator.py for tasks to queue
[2024-11-13T20:32:28.637+1100] {logging_mixin.py:190} INFO - [2024-11-13T20:32:28.637+1100] {dagbag.py:588} INFO - Filling up the DagBag from /Users/yoonmoon/git/learn-airflow/airflow1/py_env/lib/python3.11/site-packages/airflow/example_dags/example_branch_day_of_week_operator.py
[2024-11-13T20:32:28.642+1100] {processor.py:925} INFO - DAG(s) 'example_weekday_branch_operator' retrieved from /Users/yoonmoon/git/learn-airflow/airflow1/py_env/lib/python3.11/site-packages/airflow/example_dags/example_branch_day_of_week_operator.py
[2024-11-13T20:32:28.706+1100] {logging_mixin.py:190} INFO - [2024-11-13T20:32:28.706+1100] {dag.py:3239} INFO - Sync 1 DAGs
[2024-11-13T20:32:28.713+1100] {logging_mixin.py:190} INFO - [2024-11-13T20:32:28.713+1100] {dag.py:4180} INFO - Setting next_dagrun for example_weekday_branch_operator to 2024-11-12 00:00:00+00:00, run_after=2024-11-13 00:00:00+00:00
[2024-11-13T20:32:28.720+1100] {processor.py:208} INFO - Processing /Users/yoonmoon/git/learn-airflow/airflow1/py_env/lib/python3.11/site-packages/airflow/example_dags/example_branch_day_of_week_operator.py took 0.086 seconds
[2024-11-13T20:34:50.969+1100] {processor.py:186} INFO - Started process (PID=71695) to work on /Users/yoonmoon/git/learn-airflow/airflow1/py_env/lib/python3.11/site-packages/airflow/example_dags/example_branch_day_of_week_operator.py
[2024-11-13T20:34:50.969+1100] {processor.py:914} INFO - Processing file /Users/yoonmoon/git/learn-airflow/airflow1/py_env/lib/python3.11/site-packages/airflow/example_dags/example_branch_day_of_week_operator.py for tasks to queue
[2024-11-13T20:34:50.970+1100] {logging_mixin.py:190} INFO - [2024-11-13T20:34:50.970+1100] {dagbag.py:588} INFO - Filling up the DagBag from /Users/yoonmoon/git/learn-airflow/airflow1/py_env/lib/python3.11/site-packages/airflow/example_dags/example_branch_day_of_week_operator.py
[2024-11-13T20:34:50.975+1100] {processor.py:925} INFO - DAG(s) 'example_weekday_branch_operator' retrieved from /Users/yoonmoon/git/learn-airflow/airflow1/py_env/lib/python3.11/site-packages/airflow/example_dags/example_branch_day_of_week_operator.py
[2024-11-13T20:34:51.036+1100] {logging_mixin.py:190} INFO - [2024-11-13T20:34:51.035+1100] {dag.py:3239} INFO - Sync 1 DAGs
[2024-11-13T20:34:51.042+1100] {logging_mixin.py:190} INFO - [2024-11-13T20:34:51.041+1100] {dag.py:4180} INFO - Setting next_dagrun for example_weekday_branch_operator to 2024-11-12 00:00:00+00:00, run_after=2024-11-13 00:00:00+00:00
[2024-11-13T20:34:51.048+1100] {processor.py:208} INFO - Processing /Users/yoonmoon/git/learn-airflow/airflow1/py_env/lib/python3.11/site-packages/airflow/example_dags/example_branch_day_of_week_operator.py took 0.081 seconds
[2024-11-13T20:37:09.725+1100] {processor.py:186} INFO - Started process (PID=71988) to work on /Users/yoonmoon/git/learn-airflow/airflow1/py_env/lib/python3.11/site-packages/airflow/example_dags/example_branch_day_of_week_operator.py
[2024-11-13T20:37:09.726+1100] {processor.py:914} INFO - Processing file /Users/yoonmoon/git/learn-airflow/airflow1/py_env/lib/python3.11/site-packages/airflow/example_dags/example_branch_day_of_week_operator.py for tasks to queue
[2024-11-13T20:37:09.727+1100] {logging_mixin.py:190} INFO - [2024-11-13T20:37:09.727+1100] {dagbag.py:588} INFO - Filling up the DagBag from /Users/yoonmoon/git/learn-airflow/airflow1/py_env/lib/python3.11/site-packages/airflow/example_dags/example_branch_day_of_week_operator.py
[2024-11-13T20:37:09.732+1100] {processor.py:925} INFO - DAG(s) 'example_weekday_branch_operator' retrieved from /Users/yoonmoon/git/learn-airflow/airflow1/py_env/lib/python3.11/site-packages/airflow/example_dags/example_branch_day_of_week_operator.py
[2024-11-13T20:37:09.791+1100] {logging_mixin.py:190} INFO - [2024-11-13T20:37:09.791+1100] {dag.py:3239} INFO - Sync 1 DAGs
[2024-11-13T20:37:09.797+1100] {logging_mixin.py:190} INFO - [2024-11-13T20:37:09.797+1100] {dag.py:4180} INFO - Setting next_dagrun for example_weekday_branch_operator to 2024-11-12 00:00:00+00:00, run_after=2024-11-13 00:00:00+00:00
[2024-11-13T20:37:09.804+1100] {processor.py:208} INFO - Processing /Users/yoonmoon/git/learn-airflow/airflow1/py_env/lib/python3.11/site-packages/airflow/example_dags/example_branch_day_of_week_operator.py took 0.081 seconds
[2024-11-13T20:39:26.320+1100] {processor.py:186} INFO - Started process (PID=72267) to work on /Users/yoonmoon/git/learn-airflow/airflow1/py_env/lib/python3.11/site-packages/airflow/example_dags/example_branch_day_of_week_operator.py
[2024-11-13T20:39:26.321+1100] {processor.py:914} INFO - Processing file /Users/yoonmoon/git/learn-airflow/airflow1/py_env/lib/python3.11/site-packages/airflow/example_dags/example_branch_day_of_week_operator.py for tasks to queue
[2024-11-13T20:39:26.321+1100] {logging_mixin.py:190} INFO - [2024-11-13T20:39:26.321+1100] {dagbag.py:588} INFO - Filling up the DagBag from /Users/yoonmoon/git/learn-airflow/airflow1/py_env/lib/python3.11/site-packages/airflow/example_dags/example_branch_day_of_week_operator.py
[2024-11-13T20:39:26.326+1100] {processor.py:925} INFO - DAG(s) 'example_weekday_branch_operator' retrieved from /Users/yoonmoon/git/learn-airflow/airflow1/py_env/lib/python3.11/site-packages/airflow/example_dags/example_branch_day_of_week_operator.py
[2024-11-13T20:39:26.388+1100] {logging_mixin.py:190} INFO - [2024-11-13T20:39:26.388+1100] {dag.py:3239} INFO - Sync 1 DAGs
[2024-11-13T20:39:26.394+1100] {logging_mixin.py:190} INFO - [2024-11-13T20:39:26.394+1100] {dag.py:4180} INFO - Setting next_dagrun for example_weekday_branch_operator to 2024-11-12 00:00:00+00:00, run_after=2024-11-13 00:00:00+00:00
[2024-11-13T20:39:26.401+1100] {processor.py:208} INFO - Processing /Users/yoonmoon/git/learn-airflow/airflow1/py_env/lib/python3.11/site-packages/airflow/example_dags/example_branch_day_of_week_operator.py took 0.083 seconds
[2024-11-13T20:41:48.351+1100] {processor.py:186} INFO - Started process (PID=72528) to work on /Users/yoonmoon/git/learn-airflow/airflow1/py_env/lib/python3.11/site-packages/airflow/example_dags/example_branch_day_of_week_operator.py
[2024-11-13T20:41:48.351+1100] {processor.py:914} INFO - Processing file /Users/yoonmoon/git/learn-airflow/airflow1/py_env/lib/python3.11/site-packages/airflow/example_dags/example_branch_day_of_week_operator.py for tasks to queue
[2024-11-13T20:41:48.352+1100] {logging_mixin.py:190} INFO - [2024-11-13T20:41:48.352+1100] {dagbag.py:588} INFO - Filling up the DagBag from /Users/yoonmoon/git/learn-airflow/airflow1/py_env/lib/python3.11/site-packages/airflow/example_dags/example_branch_day_of_week_operator.py
[2024-11-13T20:41:48.357+1100] {processor.py:925} INFO - DAG(s) 'example_weekday_branch_operator' retrieved from /Users/yoonmoon/git/learn-airflow/airflow1/py_env/lib/python3.11/site-packages/airflow/example_dags/example_branch_day_of_week_operator.py
[2024-11-13T20:41:48.418+1100] {logging_mixin.py:190} INFO - [2024-11-13T20:41:48.418+1100] {dag.py:3239} INFO - Sync 1 DAGs
[2024-11-13T20:41:48.424+1100] {logging_mixin.py:190} INFO - [2024-11-13T20:41:48.424+1100] {dag.py:4180} INFO - Setting next_dagrun for example_weekday_branch_operator to 2024-11-12 00:00:00+00:00, run_after=2024-11-13 00:00:00+00:00
[2024-11-13T20:41:48.431+1100] {processor.py:208} INFO - Processing /Users/yoonmoon/git/learn-airflow/airflow1/py_env/lib/python3.11/site-packages/airflow/example_dags/example_branch_day_of_week_operator.py took 0.083 seconds
[2024-11-13T20:44:03.383+1100] {processor.py:186} INFO - Started process (PID=72777) to work on /Users/yoonmoon/git/learn-airflow/airflow1/py_env/lib/python3.11/site-packages/airflow/example_dags/example_branch_day_of_week_operator.py
[2024-11-13T20:44:03.384+1100] {processor.py:914} INFO - Processing file /Users/yoonmoon/git/learn-airflow/airflow1/py_env/lib/python3.11/site-packages/airflow/example_dags/example_branch_day_of_week_operator.py for tasks to queue
[2024-11-13T20:44:03.385+1100] {logging_mixin.py:190} INFO - [2024-11-13T20:44:03.385+1100] {dagbag.py:588} INFO - Filling up the DagBag from /Users/yoonmoon/git/learn-airflow/airflow1/py_env/lib/python3.11/site-packages/airflow/example_dags/example_branch_day_of_week_operator.py
[2024-11-13T20:44:03.389+1100] {processor.py:925} INFO - DAG(s) 'example_weekday_branch_operator' retrieved from /Users/yoonmoon/git/learn-airflow/airflow1/py_env/lib/python3.11/site-packages/airflow/example_dags/example_branch_day_of_week_operator.py
[2024-11-13T20:44:03.447+1100] {logging_mixin.py:190} INFO - [2024-11-13T20:44:03.447+1100] {dag.py:3239} INFO - Sync 1 DAGs
[2024-11-13T20:44:03.453+1100] {logging_mixin.py:190} INFO - [2024-11-13T20:44:03.453+1100] {dag.py:4180} INFO - Setting next_dagrun for example_weekday_branch_operator to 2024-11-12 00:00:00+00:00, run_after=2024-11-13 00:00:00+00:00
[2024-11-13T20:44:03.459+1100] {processor.py:208} INFO - Processing /Users/yoonmoon/git/learn-airflow/airflow1/py_env/lib/python3.11/site-packages/airflow/example_dags/example_branch_day_of_week_operator.py took 0.079 seconds
[2024-11-13T20:46:28.684+1100] {processor.py:186} INFO - Started process (PID=73053) to work on /Users/yoonmoon/git/learn-airflow/airflow1/py_env/lib/python3.11/site-packages/airflow/example_dags/example_branch_day_of_week_operator.py
[2024-11-13T20:46:28.686+1100] {processor.py:914} INFO - Processing file /Users/yoonmoon/git/learn-airflow/airflow1/py_env/lib/python3.11/site-packages/airflow/example_dags/example_branch_day_of_week_operator.py for tasks to queue
[2024-11-13T20:46:28.686+1100] {logging_mixin.py:190} INFO - [2024-11-13T20:46:28.686+1100] {dagbag.py:588} INFO - Filling up the DagBag from /Users/yoonmoon/git/learn-airflow/airflow1/py_env/lib/python3.11/site-packages/airflow/example_dags/example_branch_day_of_week_operator.py
[2024-11-13T20:46:28.691+1100] {processor.py:925} INFO - DAG(s) 'example_weekday_branch_operator' retrieved from /Users/yoonmoon/git/learn-airflow/airflow1/py_env/lib/python3.11/site-packages/airflow/example_dags/example_branch_day_of_week_operator.py
[2024-11-13T20:46:28.753+1100] {logging_mixin.py:190} INFO - [2024-11-13T20:46:28.753+1100] {dag.py:3239} INFO - Sync 1 DAGs
[2024-11-13T20:46:28.759+1100] {logging_mixin.py:190} INFO - [2024-11-13T20:46:28.759+1100] {dag.py:4180} INFO - Setting next_dagrun for example_weekday_branch_operator to 2024-11-12 00:00:00+00:00, run_after=2024-11-13 00:00:00+00:00
[2024-11-13T20:46:28.765+1100] {processor.py:208} INFO - Processing /Users/yoonmoon/git/learn-airflow/airflow1/py_env/lib/python3.11/site-packages/airflow/example_dags/example_branch_day_of_week_operator.py took 0.083 seconds
[2024-11-13T20:48:51.072+1100] {processor.py:186} INFO - Started process (PID=73336) to work on /Users/yoonmoon/git/learn-airflow/airflow1/py_env/lib/python3.11/site-packages/airflow/example_dags/example_branch_day_of_week_operator.py
[2024-11-13T20:48:51.074+1100] {processor.py:914} INFO - Processing file /Users/yoonmoon/git/learn-airflow/airflow1/py_env/lib/python3.11/site-packages/airflow/example_dags/example_branch_day_of_week_operator.py for tasks to queue
[2024-11-13T20:48:51.075+1100] {logging_mixin.py:190} INFO - [2024-11-13T20:48:51.075+1100] {dagbag.py:588} INFO - Filling up the DagBag from /Users/yoonmoon/git/learn-airflow/airflow1/py_env/lib/python3.11/site-packages/airflow/example_dags/example_branch_day_of_week_operator.py
[2024-11-13T20:48:51.080+1100] {processor.py:925} INFO - DAG(s) 'example_weekday_branch_operator' retrieved from /Users/yoonmoon/git/learn-airflow/airflow1/py_env/lib/python3.11/site-packages/airflow/example_dags/example_branch_day_of_week_operator.py
[2024-11-13T20:48:51.150+1100] {logging_mixin.py:190} INFO - [2024-11-13T20:48:51.149+1100] {dag.py:3239} INFO - Sync 1 DAGs
[2024-11-13T20:48:51.156+1100] {logging_mixin.py:190} INFO - [2024-11-13T20:48:51.156+1100] {dag.py:4180} INFO - Setting next_dagrun for example_weekday_branch_operator to 2024-11-12 00:00:00+00:00, run_after=2024-11-13 00:00:00+00:00
[2024-11-13T20:48:51.165+1100] {processor.py:208} INFO - Processing /Users/yoonmoon/git/learn-airflow/airflow1/py_env/lib/python3.11/site-packages/airflow/example_dags/example_branch_day_of_week_operator.py took 0.095 seconds
[2024-11-13T20:51:16.325+1100] {processor.py:186} INFO - Started process (PID=73604) to work on /Users/yoonmoon/git/learn-airflow/airflow1/py_env/lib/python3.11/site-packages/airflow/example_dags/example_branch_day_of_week_operator.py
[2024-11-13T20:51:16.326+1100] {processor.py:914} INFO - Processing file /Users/yoonmoon/git/learn-airflow/airflow1/py_env/lib/python3.11/site-packages/airflow/example_dags/example_branch_day_of_week_operator.py for tasks to queue
[2024-11-13T20:51:16.327+1100] {logging_mixin.py:190} INFO - [2024-11-13T20:51:16.327+1100] {dagbag.py:588} INFO - Filling up the DagBag from /Users/yoonmoon/git/learn-airflow/airflow1/py_env/lib/python3.11/site-packages/airflow/example_dags/example_branch_day_of_week_operator.py
[2024-11-13T20:51:16.332+1100] {processor.py:925} INFO - DAG(s) 'example_weekday_branch_operator' retrieved from /Users/yoonmoon/git/learn-airflow/airflow1/py_env/lib/python3.11/site-packages/airflow/example_dags/example_branch_day_of_week_operator.py
[2024-11-13T20:51:16.398+1100] {logging_mixin.py:190} INFO - [2024-11-13T20:51:16.398+1100] {dag.py:3239} INFO - Sync 1 DAGs
[2024-11-13T20:51:16.404+1100] {logging_mixin.py:190} INFO - [2024-11-13T20:51:16.404+1100] {dag.py:4180} INFO - Setting next_dagrun for example_weekday_branch_operator to 2024-11-12 00:00:00+00:00, run_after=2024-11-13 00:00:00+00:00
[2024-11-13T20:51:16.411+1100] {processor.py:208} INFO - Processing /Users/yoonmoon/git/learn-airflow/airflow1/py_env/lib/python3.11/site-packages/airflow/example_dags/example_branch_day_of_week_operator.py took 0.089 seconds
