[2024-11-13T19:29:35.890+1100] {processor.py:186} INFO - Started process (PID=63751) to work on /Users/yoonmoon/git/learn-airflow/airflow1/py_env/lib/python3.11/site-packages/airflow/example_dags/example_params_ui_tutorial.py
[2024-11-13T19:29:35.891+1100] {processor.py:914} INFO - Processing file /Users/yoonmoon/git/learn-airflow/airflow1/py_env/lib/python3.11/site-packages/airflow/example_dags/example_params_ui_tutorial.py for tasks to queue
[2024-11-13T19:29:35.891+1100] {logging_mixin.py:190} INFO - [2024-11-13T19:29:35.891+1100] {dagbag.py:588} INFO - Filling up the DagBag from /Users/yoonmoon/git/learn-airflow/airflow1/py_env/lib/python3.11/site-packages/airflow/example_dags/example_params_ui_tutorial.py
[2024-11-13T19:29:35.907+1100] {processor.py:925} INFO - DAG(s) 'example_params_ui_tutorial' retrieved from /Users/yoonmoon/git/learn-airflow/airflow1/py_env/lib/python3.11/site-packages/airflow/example_dags/example_params_ui_tutorial.py
[2024-11-13T19:29:36.011+1100] {logging_mixin.py:190} INFO - [2024-11-13T19:29:36.011+1100] {override.py:1911} INFO - Created Permission View: can delete on DAG:example_params_ui_tutorial
[2024-11-13T19:29:36.015+1100] {logging_mixin.py:190} INFO - [2024-11-13T19:29:36.014+1100] {override.py:1911} INFO - Created Permission View: can read on DAG:example_params_ui_tutorial
[2024-11-13T19:29:36.017+1100] {logging_mixin.py:190} INFO - [2024-11-13T19:29:36.017+1100] {override.py:1911} INFO - Created Permission View: can edit on DAG:example_params_ui_tutorial
[2024-11-13T19:29:36.021+1100] {logging_mixin.py:190} INFO - [2024-11-13T19:29:36.021+1100] {override.py:1911} INFO - Created Permission View: can delete on DAG Run:example_params_ui_tutorial
[2024-11-13T19:29:36.023+1100] {logging_mixin.py:190} INFO - [2024-11-13T19:29:36.023+1100] {override.py:1911} INFO - Created Permission View: menu access on DAG Run:example_params_ui_tutorial
[2024-11-13T19:29:36.026+1100] {logging_mixin.py:190} INFO - [2024-11-13T19:29:36.026+1100] {override.py:1911} INFO - Created Permission View: can read on DAG Run:example_params_ui_tutorial
[2024-11-13T19:29:36.028+1100] {logging_mixin.py:190} INFO - [2024-11-13T19:29:36.028+1100] {override.py:1911} INFO - Created Permission View: can create on DAG Run:example_params_ui_tutorial
[2024-11-13T19:29:36.028+1100] {logging_mixin.py:190} INFO - [2024-11-13T19:29:36.028+1100] {dag.py:3239} INFO - Sync 1 DAGs
[2024-11-13T19:29:36.032+1100] {logging_mixin.py:190} INFO - [2024-11-13T19:29:36.032+1100] {dag.py:3262} INFO - Creating ORM DAG for example_params_ui_tutorial
[2024-11-13T19:29:36.032+1100] {logging_mixin.py:190} INFO - [2024-11-13T19:29:36.032+1100] {dag.py:4180} INFO - Setting next_dagrun for example_params_ui_tutorial to None, run_after=None
[2024-11-13T19:29:36.038+1100] {processor.py:208} INFO - Processing /Users/yoonmoon/git/learn-airflow/airflow1/py_env/lib/python3.11/site-packages/airflow/example_dags/example_params_ui_tutorial.py took 0.151 seconds
[2024-11-13T19:31:16.628+1100] {processor.py:186} INFO - Started process (PID=63961) to work on /Users/yoonmoon/git/learn-airflow/airflow1/py_env/lib/python3.11/site-packages/airflow/example_dags/example_params_ui_tutorial.py
[2024-11-13T19:31:16.628+1100] {processor.py:914} INFO - Processing file /Users/yoonmoon/git/learn-airflow/airflow1/py_env/lib/python3.11/site-packages/airflow/example_dags/example_params_ui_tutorial.py for tasks to queue
[2024-11-13T19:31:16.629+1100] {logging_mixin.py:190} INFO - [2024-11-13T19:31:16.629+1100] {dagbag.py:588} INFO - Filling up the DagBag from /Users/yoonmoon/git/learn-airflow/airflow1/py_env/lib/python3.11/site-packages/airflow/example_dags/example_params_ui_tutorial.py
[2024-11-13T19:31:16.642+1100] {processor.py:925} INFO - DAG(s) 'example_params_ui_tutorial' retrieved from /Users/yoonmoon/git/learn-airflow/airflow1/py_env/lib/python3.11/site-packages/airflow/example_dags/example_params_ui_tutorial.py
[2024-11-13T19:31:16.711+1100] {logging_mixin.py:190} INFO - [2024-11-13T19:31:16.710+1100] {dag.py:3239} INFO - Sync 1 DAGs
[2024-11-13T19:31:16.715+1100] {logging_mixin.py:190} INFO - [2024-11-13T19:31:16.715+1100] {dag.py:4180} INFO - Setting next_dagrun for example_params_ui_tutorial to None, run_after=None
[2024-11-13T19:31:16.721+1100] {processor.py:208} INFO - Processing /Users/yoonmoon/git/learn-airflow/airflow1/py_env/lib/python3.11/site-packages/airflow/example_dags/example_params_ui_tutorial.py took 0.096 seconds
[2024-11-13T19:33:37.110+1100] {processor.py:186} INFO - Started process (PID=64354) to work on /Users/yoonmoon/git/learn-airflow/airflow1/py_env/lib/python3.11/site-packages/airflow/example_dags/example_params_ui_tutorial.py
[2024-11-13T19:33:37.111+1100] {processor.py:914} INFO - Processing file /Users/yoonmoon/git/learn-airflow/airflow1/py_env/lib/python3.11/site-packages/airflow/example_dags/example_params_ui_tutorial.py for tasks to queue
[2024-11-13T19:33:37.111+1100] {logging_mixin.py:190} INFO - [2024-11-13T19:33:37.111+1100] {dagbag.py:588} INFO - Filling up the DagBag from /Users/yoonmoon/git/learn-airflow/airflow1/py_env/lib/python3.11/site-packages/airflow/example_dags/example_params_ui_tutorial.py
[2024-11-13T19:33:37.126+1100] {processor.py:925} INFO - DAG(s) 'example_params_ui_tutorial' retrieved from /Users/yoonmoon/git/learn-airflow/airflow1/py_env/lib/python3.11/site-packages/airflow/example_dags/example_params_ui_tutorial.py
[2024-11-13T19:33:37.199+1100] {logging_mixin.py:190} INFO - [2024-11-13T19:33:37.199+1100] {dag.py:3239} INFO - Sync 1 DAGs
[2024-11-13T19:33:37.204+1100] {logging_mixin.py:190} INFO - [2024-11-13T19:33:37.203+1100] {dag.py:4180} INFO - Setting next_dagrun for example_params_ui_tutorial to None, run_after=None
[2024-11-13T19:33:37.211+1100] {processor.py:208} INFO - Processing /Users/yoonmoon/git/learn-airflow/airflow1/py_env/lib/python3.11/site-packages/airflow/example_dags/example_params_ui_tutorial.py took 0.103 seconds
[2024-11-13T19:36:13.515+1100] {processor.py:186} INFO - Started process (PID=64853) to work on /Users/yoonmoon/git/learn-airflow/airflow1/py_env/lib/python3.11/site-packages/airflow/example_dags/example_params_ui_tutorial.py
[2024-11-13T19:36:13.516+1100] {processor.py:914} INFO - Processing file /Users/yoonmoon/git/learn-airflow/airflow1/py_env/lib/python3.11/site-packages/airflow/example_dags/example_params_ui_tutorial.py for tasks to queue
[2024-11-13T19:36:13.517+1100] {logging_mixin.py:190} INFO - [2024-11-13T19:36:13.517+1100] {dagbag.py:588} INFO - Filling up the DagBag from /Users/yoonmoon/git/learn-airflow/airflow1/py_env/lib/python3.11/site-packages/airflow/example_dags/example_params_ui_tutorial.py
[2024-11-13T19:36:13.530+1100] {processor.py:925} INFO - DAG(s) 'example_params_ui_tutorial' retrieved from /Users/yoonmoon/git/learn-airflow/airflow1/py_env/lib/python3.11/site-packages/airflow/example_dags/example_params_ui_tutorial.py
[2024-11-13T19:36:13.597+1100] {logging_mixin.py:190} INFO - [2024-11-13T19:36:13.596+1100] {dag.py:3239} INFO - Sync 1 DAGs
[2024-11-13T19:36:13.601+1100] {logging_mixin.py:190} INFO - [2024-11-13T19:36:13.601+1100] {dag.py:4180} INFO - Setting next_dagrun for example_params_ui_tutorial to None, run_after=None
[2024-11-13T19:36:13.607+1100] {processor.py:208} INFO - Processing /Users/yoonmoon/git/learn-airflow/airflow1/py_env/lib/python3.11/site-packages/airflow/example_dags/example_params_ui_tutorial.py took 0.094 seconds
[2024-11-13T19:38:31.550+1100] {processor.py:186} INFO - Started process (PID=65141) to work on /Users/yoonmoon/git/learn-airflow/airflow1/py_env/lib/python3.11/site-packages/airflow/example_dags/example_params_ui_tutorial.py
[2024-11-13T19:38:31.551+1100] {processor.py:914} INFO - Processing file /Users/yoonmoon/git/learn-airflow/airflow1/py_env/lib/python3.11/site-packages/airflow/example_dags/example_params_ui_tutorial.py for tasks to queue
[2024-11-13T19:38:31.552+1100] {logging_mixin.py:190} INFO - [2024-11-13T19:38:31.552+1100] {dagbag.py:588} INFO - Filling up the DagBag from /Users/yoonmoon/git/learn-airflow/airflow1/py_env/lib/python3.11/site-packages/airflow/example_dags/example_params_ui_tutorial.py
[2024-11-13T19:38:31.565+1100] {processor.py:925} INFO - DAG(s) 'example_params_ui_tutorial' retrieved from /Users/yoonmoon/git/learn-airflow/airflow1/py_env/lib/python3.11/site-packages/airflow/example_dags/example_params_ui_tutorial.py
[2024-11-13T19:38:31.632+1100] {logging_mixin.py:190} INFO - [2024-11-13T19:38:31.632+1100] {dag.py:3239} INFO - Sync 1 DAGs
[2024-11-13T19:38:31.636+1100] {logging_mixin.py:190} INFO - [2024-11-13T19:38:31.636+1100] {dag.py:4180} INFO - Setting next_dagrun for example_params_ui_tutorial to None, run_after=None
[2024-11-13T19:38:31.643+1100] {processor.py:208} INFO - Processing /Users/yoonmoon/git/learn-airflow/airflow1/py_env/lib/python3.11/site-packages/airflow/example_dags/example_params_ui_tutorial.py took 0.095 seconds
[2024-11-13T19:40:46.189+1100] {processor.py:186} INFO - Started process (PID=65434) to work on /Users/yoonmoon/git/learn-airflow/airflow1/py_env/lib/python3.11/site-packages/airflow/example_dags/example_params_ui_tutorial.py
[2024-11-13T19:40:46.189+1100] {processor.py:914} INFO - Processing file /Users/yoonmoon/git/learn-airflow/airflow1/py_env/lib/python3.11/site-packages/airflow/example_dags/example_params_ui_tutorial.py for tasks to queue
[2024-11-13T19:40:46.190+1100] {logging_mixin.py:190} INFO - [2024-11-13T19:40:46.190+1100] {dagbag.py:588} INFO - Filling up the DagBag from /Users/yoonmoon/git/learn-airflow/airflow1/py_env/lib/python3.11/site-packages/airflow/example_dags/example_params_ui_tutorial.py
[2024-11-13T19:40:46.203+1100] {processor.py:925} INFO - DAG(s) 'example_params_ui_tutorial' retrieved from /Users/yoonmoon/git/learn-airflow/airflow1/py_env/lib/python3.11/site-packages/airflow/example_dags/example_params_ui_tutorial.py
[2024-11-13T19:40:46.270+1100] {logging_mixin.py:190} INFO - [2024-11-13T19:40:46.270+1100] {dag.py:3239} INFO - Sync 1 DAGs
[2024-11-13T19:40:46.274+1100] {logging_mixin.py:190} INFO - [2024-11-13T19:40:46.274+1100] {dag.py:4180} INFO - Setting next_dagrun for example_params_ui_tutorial to None, run_after=None
[2024-11-13T19:40:46.280+1100] {processor.py:208} INFO - Processing /Users/yoonmoon/git/learn-airflow/airflow1/py_env/lib/python3.11/site-packages/airflow/example_dags/example_params_ui_tutorial.py took 0.094 seconds
[2024-11-13T19:43:06.333+1100] {processor.py:186} INFO - Started process (PID=65700) to work on /Users/yoonmoon/git/learn-airflow/airflow1/py_env/lib/python3.11/site-packages/airflow/example_dags/example_params_ui_tutorial.py
[2024-11-13T19:43:06.334+1100] {processor.py:914} INFO - Processing file /Users/yoonmoon/git/learn-airflow/airflow1/py_env/lib/python3.11/site-packages/airflow/example_dags/example_params_ui_tutorial.py for tasks to queue
[2024-11-13T19:43:06.334+1100] {logging_mixin.py:190} INFO - [2024-11-13T19:43:06.334+1100] {dagbag.py:588} INFO - Filling up the DagBag from /Users/yoonmoon/git/learn-airflow/airflow1/py_env/lib/python3.11/site-packages/airflow/example_dags/example_params_ui_tutorial.py
[2024-11-13T19:43:06.348+1100] {processor.py:925} INFO - DAG(s) 'example_params_ui_tutorial' retrieved from /Users/yoonmoon/git/learn-airflow/airflow1/py_env/lib/python3.11/site-packages/airflow/example_dags/example_params_ui_tutorial.py
[2024-11-13T19:43:06.414+1100] {logging_mixin.py:190} INFO - [2024-11-13T19:43:06.414+1100] {dag.py:3239} INFO - Sync 1 DAGs
[2024-11-13T19:43:06.418+1100] {logging_mixin.py:190} INFO - [2024-11-13T19:43:06.418+1100] {dag.py:4180} INFO - Setting next_dagrun for example_params_ui_tutorial to None, run_after=None
[2024-11-13T19:43:06.425+1100] {processor.py:208} INFO - Processing /Users/yoonmoon/git/learn-airflow/airflow1/py_env/lib/python3.11/site-packages/airflow/example_dags/example_params_ui_tutorial.py took 0.094 seconds
[2024-11-13T19:45:22.176+1100] {processor.py:186} INFO - Started process (PID=65968) to work on /Users/yoonmoon/git/learn-airflow/airflow1/py_env/lib/python3.11/site-packages/airflow/example_dags/example_params_ui_tutorial.py
[2024-11-13T19:45:22.176+1100] {processor.py:914} INFO - Processing file /Users/yoonmoon/git/learn-airflow/airflow1/py_env/lib/python3.11/site-packages/airflow/example_dags/example_params_ui_tutorial.py for tasks to queue
[2024-11-13T19:45:22.177+1100] {logging_mixin.py:190} INFO - [2024-11-13T19:45:22.177+1100] {dagbag.py:588} INFO - Filling up the DagBag from /Users/yoonmoon/git/learn-airflow/airflow1/py_env/lib/python3.11/site-packages/airflow/example_dags/example_params_ui_tutorial.py
[2024-11-13T19:45:22.191+1100] {processor.py:925} INFO - DAG(s) 'example_params_ui_tutorial' retrieved from /Users/yoonmoon/git/learn-airflow/airflow1/py_env/lib/python3.11/site-packages/airflow/example_dags/example_params_ui_tutorial.py
[2024-11-13T19:45:22.257+1100] {logging_mixin.py:190} INFO - [2024-11-13T19:45:22.257+1100] {dag.py:3239} INFO - Sync 1 DAGs
[2024-11-13T19:45:22.261+1100] {logging_mixin.py:190} INFO - [2024-11-13T19:45:22.261+1100] {dag.py:4180} INFO - Setting next_dagrun for example_params_ui_tutorial to None, run_after=None
[2024-11-13T19:45:22.267+1100] {processor.py:208} INFO - Processing /Users/yoonmoon/git/learn-airflow/airflow1/py_env/lib/python3.11/site-packages/airflow/example_dags/example_params_ui_tutorial.py took 0.094 seconds
[2024-11-13T19:47:33.604+1100] {processor.py:186} INFO - Started process (PID=66214) to work on /Users/yoonmoon/git/learn-airflow/airflow1/py_env/lib/python3.11/site-packages/airflow/example_dags/example_params_ui_tutorial.py
[2024-11-13T19:47:33.605+1100] {processor.py:914} INFO - Processing file /Users/yoonmoon/git/learn-airflow/airflow1/py_env/lib/python3.11/site-packages/airflow/example_dags/example_params_ui_tutorial.py for tasks to queue
[2024-11-13T19:47:33.605+1100] {logging_mixin.py:190} INFO - [2024-11-13T19:47:33.605+1100] {dagbag.py:588} INFO - Filling up the DagBag from /Users/yoonmoon/git/learn-airflow/airflow1/py_env/lib/python3.11/site-packages/airflow/example_dags/example_params_ui_tutorial.py
[2024-11-13T19:47:33.620+1100] {processor.py:925} INFO - DAG(s) 'example_params_ui_tutorial' retrieved from /Users/yoonmoon/git/learn-airflow/airflow1/py_env/lib/python3.11/site-packages/airflow/example_dags/example_params_ui_tutorial.py
[2024-11-13T19:47:33.688+1100] {logging_mixin.py:190} INFO - [2024-11-13T19:47:33.688+1100] {dag.py:3239} INFO - Sync 1 DAGs
[2024-11-13T19:47:33.692+1100] {logging_mixin.py:190} INFO - [2024-11-13T19:47:33.692+1100] {dag.py:4180} INFO - Setting next_dagrun for example_params_ui_tutorial to None, run_after=None
[2024-11-13T19:47:33.699+1100] {processor.py:208} INFO - Processing /Users/yoonmoon/git/learn-airflow/airflow1/py_env/lib/python3.11/site-packages/airflow/example_dags/example_params_ui_tutorial.py took 0.097 seconds
[2024-11-13T19:49:42.560+1100] {processor.py:186} INFO - Started process (PID=66450) to work on /Users/yoonmoon/git/learn-airflow/airflow1/py_env/lib/python3.11/site-packages/airflow/example_dags/example_params_ui_tutorial.py
[2024-11-13T19:49:42.561+1100] {processor.py:914} INFO - Processing file /Users/yoonmoon/git/learn-airflow/airflow1/py_env/lib/python3.11/site-packages/airflow/example_dags/example_params_ui_tutorial.py for tasks to queue
[2024-11-13T19:49:42.562+1100] {logging_mixin.py:190} INFO - [2024-11-13T19:49:42.561+1100] {dagbag.py:588} INFO - Filling up the DagBag from /Users/yoonmoon/git/learn-airflow/airflow1/py_env/lib/python3.11/site-packages/airflow/example_dags/example_params_ui_tutorial.py
[2024-11-13T19:49:42.575+1100] {processor.py:925} INFO - DAG(s) 'example_params_ui_tutorial' retrieved from /Users/yoonmoon/git/learn-airflow/airflow1/py_env/lib/python3.11/site-packages/airflow/example_dags/example_params_ui_tutorial.py
[2024-11-13T19:49:42.641+1100] {logging_mixin.py:190} INFO - [2024-11-13T19:49:42.641+1100] {dag.py:3239} INFO - Sync 1 DAGs
[2024-11-13T19:49:42.645+1100] {logging_mixin.py:190} INFO - [2024-11-13T19:49:42.645+1100] {dag.py:4180} INFO - Setting next_dagrun for example_params_ui_tutorial to None, run_after=None
[2024-11-13T19:49:42.651+1100] {processor.py:208} INFO - Processing /Users/yoonmoon/git/learn-airflow/airflow1/py_env/lib/python3.11/site-packages/airflow/example_dags/example_params_ui_tutorial.py took 0.093 seconds
[2024-11-13T19:51:59.882+1100] {processor.py:186} INFO - Started process (PID=66699) to work on /Users/yoonmoon/git/learn-airflow/airflow1/py_env/lib/python3.11/site-packages/airflow/example_dags/example_params_ui_tutorial.py
[2024-11-13T19:51:59.882+1100] {processor.py:914} INFO - Processing file /Users/yoonmoon/git/learn-airflow/airflow1/py_env/lib/python3.11/site-packages/airflow/example_dags/example_params_ui_tutorial.py for tasks to queue
[2024-11-13T19:51:59.883+1100] {logging_mixin.py:190} INFO - [2024-11-13T19:51:59.883+1100] {dagbag.py:588} INFO - Filling up the DagBag from /Users/yoonmoon/git/learn-airflow/airflow1/py_env/lib/python3.11/site-packages/airflow/example_dags/example_params_ui_tutorial.py
[2024-11-13T19:51:59.896+1100] {processor.py:925} INFO - DAG(s) 'example_params_ui_tutorial' retrieved from /Users/yoonmoon/git/learn-airflow/airflow1/py_env/lib/python3.11/site-packages/airflow/example_dags/example_params_ui_tutorial.py
[2024-11-13T19:51:59.962+1100] {logging_mixin.py:190} INFO - [2024-11-13T19:51:59.962+1100] {dag.py:3239} INFO - Sync 1 DAGs
[2024-11-13T19:51:59.966+1100] {logging_mixin.py:190} INFO - [2024-11-13T19:51:59.965+1100] {dag.py:4180} INFO - Setting next_dagrun for example_params_ui_tutorial to None, run_after=None
[2024-11-13T19:51:59.972+1100] {processor.py:208} INFO - Processing /Users/yoonmoon/git/learn-airflow/airflow1/py_env/lib/python3.11/site-packages/airflow/example_dags/example_params_ui_tutorial.py took 0.092 seconds
[2024-11-13T19:54:20.282+1100] {processor.py:186} INFO - Started process (PID=66977) to work on /Users/yoonmoon/git/learn-airflow/airflow1/py_env/lib/python3.11/site-packages/airflow/example_dags/example_params_ui_tutorial.py
[2024-11-13T19:54:20.283+1100] {processor.py:914} INFO - Processing file /Users/yoonmoon/git/learn-airflow/airflow1/py_env/lib/python3.11/site-packages/airflow/example_dags/example_params_ui_tutorial.py for tasks to queue
[2024-11-13T19:54:20.284+1100] {logging_mixin.py:190} INFO - [2024-11-13T19:54:20.284+1100] {dagbag.py:588} INFO - Filling up the DagBag from /Users/yoonmoon/git/learn-airflow/airflow1/py_env/lib/python3.11/site-packages/airflow/example_dags/example_params_ui_tutorial.py
[2024-11-13T19:54:20.297+1100] {processor.py:925} INFO - DAG(s) 'example_params_ui_tutorial' retrieved from /Users/yoonmoon/git/learn-airflow/airflow1/py_env/lib/python3.11/site-packages/airflow/example_dags/example_params_ui_tutorial.py
[2024-11-13T19:54:20.363+1100] {logging_mixin.py:190} INFO - [2024-11-13T19:54:20.363+1100] {dag.py:3239} INFO - Sync 1 DAGs
[2024-11-13T19:54:20.367+1100] {logging_mixin.py:190} INFO - [2024-11-13T19:54:20.367+1100] {dag.py:4180} INFO - Setting next_dagrun for example_params_ui_tutorial to None, run_after=None
[2024-11-13T19:54:20.373+1100] {processor.py:208} INFO - Processing /Users/yoonmoon/git/learn-airflow/airflow1/py_env/lib/python3.11/site-packages/airflow/example_dags/example_params_ui_tutorial.py took 0.093 seconds
[2024-11-13T19:56:40.113+1100] {processor.py:186} INFO - Started process (PID=67240) to work on /Users/yoonmoon/git/learn-airflow/airflow1/py_env/lib/python3.11/site-packages/airflow/example_dags/example_params_ui_tutorial.py
[2024-11-13T19:56:40.113+1100] {processor.py:914} INFO - Processing file /Users/yoonmoon/git/learn-airflow/airflow1/py_env/lib/python3.11/site-packages/airflow/example_dags/example_params_ui_tutorial.py for tasks to queue
[2024-11-13T19:56:40.114+1100] {logging_mixin.py:190} INFO - [2024-11-13T19:56:40.114+1100] {dagbag.py:588} INFO - Filling up the DagBag from /Users/yoonmoon/git/learn-airflow/airflow1/py_env/lib/python3.11/site-packages/airflow/example_dags/example_params_ui_tutorial.py
[2024-11-13T19:56:40.128+1100] {processor.py:925} INFO - DAG(s) 'example_params_ui_tutorial' retrieved from /Users/yoonmoon/git/learn-airflow/airflow1/py_env/lib/python3.11/site-packages/airflow/example_dags/example_params_ui_tutorial.py
[2024-11-13T19:56:40.195+1100] {logging_mixin.py:190} INFO - [2024-11-13T19:56:40.195+1100] {dag.py:3239} INFO - Sync 1 DAGs
[2024-11-13T19:56:40.199+1100] {logging_mixin.py:190} INFO - [2024-11-13T19:56:40.199+1100] {dag.py:4180} INFO - Setting next_dagrun for example_params_ui_tutorial to None, run_after=None
[2024-11-13T19:56:40.206+1100] {processor.py:208} INFO - Processing /Users/yoonmoon/git/learn-airflow/airflow1/py_env/lib/python3.11/site-packages/airflow/example_dags/example_params_ui_tutorial.py took 0.096 seconds
[2024-11-13T19:58:52.939+1100] {processor.py:186} INFO - Started process (PID=67482) to work on /Users/yoonmoon/git/learn-airflow/airflow1/py_env/lib/python3.11/site-packages/airflow/example_dags/example_params_ui_tutorial.py
[2024-11-13T19:58:52.939+1100] {processor.py:914} INFO - Processing file /Users/yoonmoon/git/learn-airflow/airflow1/py_env/lib/python3.11/site-packages/airflow/example_dags/example_params_ui_tutorial.py for tasks to queue
[2024-11-13T19:58:52.940+1100] {logging_mixin.py:190} INFO - [2024-11-13T19:58:52.940+1100] {dagbag.py:588} INFO - Filling up the DagBag from /Users/yoonmoon/git/learn-airflow/airflow1/py_env/lib/python3.11/site-packages/airflow/example_dags/example_params_ui_tutorial.py
[2024-11-13T19:58:52.953+1100] {processor.py:925} INFO - DAG(s) 'example_params_ui_tutorial' retrieved from /Users/yoonmoon/git/learn-airflow/airflow1/py_env/lib/python3.11/site-packages/airflow/example_dags/example_params_ui_tutorial.py
[2024-11-13T19:58:53.020+1100] {logging_mixin.py:190} INFO - [2024-11-13T19:58:53.020+1100] {dag.py:3239} INFO - Sync 1 DAGs
[2024-11-13T19:58:53.024+1100] {logging_mixin.py:190} INFO - [2024-11-13T19:58:53.024+1100] {dag.py:4180} INFO - Setting next_dagrun for example_params_ui_tutorial to None, run_after=None
[2024-11-13T19:58:53.030+1100] {processor.py:208} INFO - Processing /Users/yoonmoon/git/learn-airflow/airflow1/py_env/lib/python3.11/site-packages/airflow/example_dags/example_params_ui_tutorial.py took 0.094 seconds
[2024-11-13T20:01:10.840+1100] {processor.py:186} INFO - Started process (PID=67734) to work on /Users/yoonmoon/git/learn-airflow/airflow1/py_env/lib/python3.11/site-packages/airflow/example_dags/example_params_ui_tutorial.py
[2024-11-13T20:01:10.840+1100] {processor.py:914} INFO - Processing file /Users/yoonmoon/git/learn-airflow/airflow1/py_env/lib/python3.11/site-packages/airflow/example_dags/example_params_ui_tutorial.py for tasks to queue
[2024-11-13T20:01:10.841+1100] {logging_mixin.py:190} INFO - [2024-11-13T20:01:10.841+1100] {dagbag.py:588} INFO - Filling up the DagBag from /Users/yoonmoon/git/learn-airflow/airflow1/py_env/lib/python3.11/site-packages/airflow/example_dags/example_params_ui_tutorial.py
[2024-11-13T20:01:10.855+1100] {processor.py:925} INFO - DAG(s) 'example_params_ui_tutorial' retrieved from /Users/yoonmoon/git/learn-airflow/airflow1/py_env/lib/python3.11/site-packages/airflow/example_dags/example_params_ui_tutorial.py
[2024-11-13T20:01:10.921+1100] {logging_mixin.py:190} INFO - [2024-11-13T20:01:10.921+1100] {dag.py:3239} INFO - Sync 1 DAGs
[2024-11-13T20:01:10.925+1100] {logging_mixin.py:190} INFO - [2024-11-13T20:01:10.925+1100] {dag.py:4180} INFO - Setting next_dagrun for example_params_ui_tutorial to None, run_after=None
[2024-11-13T20:01:10.931+1100] {processor.py:208} INFO - Processing /Users/yoonmoon/git/learn-airflow/airflow1/py_env/lib/python3.11/site-packages/airflow/example_dags/example_params_ui_tutorial.py took 0.094 seconds
[2024-11-13T20:03:26.591+1100] {processor.py:186} INFO - Started process (PID=67978) to work on /Users/yoonmoon/git/learn-airflow/airflow1/py_env/lib/python3.11/site-packages/airflow/example_dags/example_params_ui_tutorial.py
[2024-11-13T20:03:26.592+1100] {processor.py:914} INFO - Processing file /Users/yoonmoon/git/learn-airflow/airflow1/py_env/lib/python3.11/site-packages/airflow/example_dags/example_params_ui_tutorial.py for tasks to queue
[2024-11-13T20:03:26.592+1100] {logging_mixin.py:190} INFO - [2024-11-13T20:03:26.592+1100] {dagbag.py:588} INFO - Filling up the DagBag from /Users/yoonmoon/git/learn-airflow/airflow1/py_env/lib/python3.11/site-packages/airflow/example_dags/example_params_ui_tutorial.py
[2024-11-13T20:03:26.606+1100] {processor.py:925} INFO - DAG(s) 'example_params_ui_tutorial' retrieved from /Users/yoonmoon/git/learn-airflow/airflow1/py_env/lib/python3.11/site-packages/airflow/example_dags/example_params_ui_tutorial.py
[2024-11-13T20:03:26.673+1100] {logging_mixin.py:190} INFO - [2024-11-13T20:03:26.673+1100] {dag.py:3239} INFO - Sync 1 DAGs
[2024-11-13T20:03:26.677+1100] {logging_mixin.py:190} INFO - [2024-11-13T20:03:26.677+1100] {dag.py:4180} INFO - Setting next_dagrun for example_params_ui_tutorial to None, run_after=None
[2024-11-13T20:03:26.684+1100] {processor.py:208} INFO - Processing /Users/yoonmoon/git/learn-airflow/airflow1/py_env/lib/python3.11/site-packages/airflow/example_dags/example_params_ui_tutorial.py took 0.095 seconds
[2024-11-13T20:05:44.359+1100] {processor.py:186} INFO - Started process (PID=68250) to work on /Users/yoonmoon/git/learn-airflow/airflow1/py_env/lib/python3.11/site-packages/airflow/example_dags/example_params_ui_tutorial.py
[2024-11-13T20:05:44.360+1100] {processor.py:914} INFO - Processing file /Users/yoonmoon/git/learn-airflow/airflow1/py_env/lib/python3.11/site-packages/airflow/example_dags/example_params_ui_tutorial.py for tasks to queue
[2024-11-13T20:05:44.360+1100] {logging_mixin.py:190} INFO - [2024-11-13T20:05:44.360+1100] {dagbag.py:588} INFO - Filling up the DagBag from /Users/yoonmoon/git/learn-airflow/airflow1/py_env/lib/python3.11/site-packages/airflow/example_dags/example_params_ui_tutorial.py
[2024-11-13T20:05:44.375+1100] {processor.py:925} INFO - DAG(s) 'example_params_ui_tutorial' retrieved from /Users/yoonmoon/git/learn-airflow/airflow1/py_env/lib/python3.11/site-packages/airflow/example_dags/example_params_ui_tutorial.py
[2024-11-13T20:05:44.473+1100] {logging_mixin.py:190} INFO - [2024-11-13T20:05:44.473+1100] {dag.py:3239} INFO - Sync 1 DAGs
[2024-11-13T20:05:44.477+1100] {logging_mixin.py:190} INFO - [2024-11-13T20:05:44.477+1100] {dag.py:4180} INFO - Setting next_dagrun for example_params_ui_tutorial to None, run_after=None
[2024-11-13T20:05:44.483+1100] {processor.py:208} INFO - Processing /Users/yoonmoon/git/learn-airflow/airflow1/py_env/lib/python3.11/site-packages/airflow/example_dags/example_params_ui_tutorial.py took 0.126 seconds
[2024-11-13T20:08:04.598+1100] {processor.py:186} INFO - Started process (PID=68521) to work on /Users/yoonmoon/git/learn-airflow/airflow1/py_env/lib/python3.11/site-packages/airflow/example_dags/example_params_ui_tutorial.py
[2024-11-13T20:08:04.599+1100] {processor.py:914} INFO - Processing file /Users/yoonmoon/git/learn-airflow/airflow1/py_env/lib/python3.11/site-packages/airflow/example_dags/example_params_ui_tutorial.py for tasks to queue
[2024-11-13T20:08:04.599+1100] {logging_mixin.py:190} INFO - [2024-11-13T20:08:04.599+1100] {dagbag.py:588} INFO - Filling up the DagBag from /Users/yoonmoon/git/learn-airflow/airflow1/py_env/lib/python3.11/site-packages/airflow/example_dags/example_params_ui_tutorial.py
[2024-11-13T20:08:04.614+1100] {processor.py:925} INFO - DAG(s) 'example_params_ui_tutorial' retrieved from /Users/yoonmoon/git/learn-airflow/airflow1/py_env/lib/python3.11/site-packages/airflow/example_dags/example_params_ui_tutorial.py
[2024-11-13T20:08:04.682+1100] {logging_mixin.py:190} INFO - [2024-11-13T20:08:04.682+1100] {dag.py:3239} INFO - Sync 1 DAGs
[2024-11-13T20:08:04.688+1100] {logging_mixin.py:190} INFO - [2024-11-13T20:08:04.688+1100] {dag.py:4180} INFO - Setting next_dagrun for example_params_ui_tutorial to None, run_after=None
[2024-11-13T20:08:04.695+1100] {processor.py:208} INFO - Processing /Users/yoonmoon/git/learn-airflow/airflow1/py_env/lib/python3.11/site-packages/airflow/example_dags/example_params_ui_tutorial.py took 0.099 seconds
[2024-11-13T20:10:27.617+1100] {processor.py:186} INFO - Started process (PID=68816) to work on /Users/yoonmoon/git/learn-airflow/airflow1/py_env/lib/python3.11/site-packages/airflow/example_dags/example_params_ui_tutorial.py
[2024-11-13T20:10:27.618+1100] {processor.py:914} INFO - Processing file /Users/yoonmoon/git/learn-airflow/airflow1/py_env/lib/python3.11/site-packages/airflow/example_dags/example_params_ui_tutorial.py for tasks to queue
[2024-11-13T20:10:27.618+1100] {logging_mixin.py:190} INFO - [2024-11-13T20:10:27.618+1100] {dagbag.py:588} INFO - Filling up the DagBag from /Users/yoonmoon/git/learn-airflow/airflow1/py_env/lib/python3.11/site-packages/airflow/example_dags/example_params_ui_tutorial.py
[2024-11-13T20:10:27.632+1100] {processor.py:925} INFO - DAG(s) 'example_params_ui_tutorial' retrieved from /Users/yoonmoon/git/learn-airflow/airflow1/py_env/lib/python3.11/site-packages/airflow/example_dags/example_params_ui_tutorial.py
[2024-11-13T20:10:27.700+1100] {logging_mixin.py:190} INFO - [2024-11-13T20:10:27.700+1100] {dag.py:3239} INFO - Sync 1 DAGs
[2024-11-13T20:10:27.704+1100] {logging_mixin.py:190} INFO - [2024-11-13T20:10:27.704+1100] {dag.py:4180} INFO - Setting next_dagrun for example_params_ui_tutorial to None, run_after=None
[2024-11-13T20:10:27.710+1100] {processor.py:208} INFO - Processing /Users/yoonmoon/git/learn-airflow/airflow1/py_env/lib/python3.11/site-packages/airflow/example_dags/example_params_ui_tutorial.py took 0.096 seconds
[2024-11-13T20:12:40.201+1100] {processor.py:186} INFO - Started process (PID=69064) to work on /Users/yoonmoon/git/learn-airflow/airflow1/py_env/lib/python3.11/site-packages/airflow/example_dags/example_params_ui_tutorial.py
[2024-11-13T20:12:40.202+1100] {processor.py:914} INFO - Processing file /Users/yoonmoon/git/learn-airflow/airflow1/py_env/lib/python3.11/site-packages/airflow/example_dags/example_params_ui_tutorial.py for tasks to queue
[2024-11-13T20:12:40.202+1100] {logging_mixin.py:190} INFO - [2024-11-13T20:12:40.202+1100] {dagbag.py:588} INFO - Filling up the DagBag from /Users/yoonmoon/git/learn-airflow/airflow1/py_env/lib/python3.11/site-packages/airflow/example_dags/example_params_ui_tutorial.py
[2024-11-13T20:12:40.216+1100] {processor.py:925} INFO - DAG(s) 'example_params_ui_tutorial' retrieved from /Users/yoonmoon/git/learn-airflow/airflow1/py_env/lib/python3.11/site-packages/airflow/example_dags/example_params_ui_tutorial.py
[2024-11-13T20:12:40.286+1100] {logging_mixin.py:190} INFO - [2024-11-13T20:12:40.286+1100] {dag.py:3239} INFO - Sync 1 DAGs
[2024-11-13T20:12:40.290+1100] {logging_mixin.py:190} INFO - [2024-11-13T20:12:40.290+1100] {dag.py:4180} INFO - Setting next_dagrun for example_params_ui_tutorial to None, run_after=None
[2024-11-13T20:12:40.297+1100] {processor.py:208} INFO - Processing /Users/yoonmoon/git/learn-airflow/airflow1/py_env/lib/python3.11/site-packages/airflow/example_dags/example_params_ui_tutorial.py took 0.098 seconds
[2024-11-13T20:15:00.040+1100] {processor.py:186} INFO - Started process (PID=69314) to work on /Users/yoonmoon/git/learn-airflow/airflow1/py_env/lib/python3.11/site-packages/airflow/example_dags/example_params_ui_tutorial.py
[2024-11-13T20:15:00.040+1100] {processor.py:914} INFO - Processing file /Users/yoonmoon/git/learn-airflow/airflow1/py_env/lib/python3.11/site-packages/airflow/example_dags/example_params_ui_tutorial.py for tasks to queue
[2024-11-13T20:15:00.041+1100] {logging_mixin.py:190} INFO - [2024-11-13T20:15:00.041+1100] {dagbag.py:588} INFO - Filling up the DagBag from /Users/yoonmoon/git/learn-airflow/airflow1/py_env/lib/python3.11/site-packages/airflow/example_dags/example_params_ui_tutorial.py
[2024-11-13T20:15:00.055+1100] {processor.py:925} INFO - DAG(s) 'example_params_ui_tutorial' retrieved from /Users/yoonmoon/git/learn-airflow/airflow1/py_env/lib/python3.11/site-packages/airflow/example_dags/example_params_ui_tutorial.py
[2024-11-13T20:15:00.124+1100] {logging_mixin.py:190} INFO - [2024-11-13T20:15:00.124+1100] {dag.py:3239} INFO - Sync 1 DAGs
[2024-11-13T20:15:00.128+1100] {logging_mixin.py:190} INFO - [2024-11-13T20:15:00.128+1100] {dag.py:4180} INFO - Setting next_dagrun for example_params_ui_tutorial to None, run_after=None
[2024-11-13T20:15:00.134+1100] {processor.py:208} INFO - Processing /Users/yoonmoon/git/learn-airflow/airflow1/py_env/lib/python3.11/site-packages/airflow/example_dags/example_params_ui_tutorial.py took 0.097 seconds
[2024-11-13T20:17:15.883+1100] {processor.py:186} INFO - Started process (PID=69561) to work on /Users/yoonmoon/git/learn-airflow/airflow1/py_env/lib/python3.11/site-packages/airflow/example_dags/example_params_ui_tutorial.py
[2024-11-13T20:17:15.884+1100] {processor.py:914} INFO - Processing file /Users/yoonmoon/git/learn-airflow/airflow1/py_env/lib/python3.11/site-packages/airflow/example_dags/example_params_ui_tutorial.py for tasks to queue
[2024-11-13T20:17:15.885+1100] {logging_mixin.py:190} INFO - [2024-11-13T20:17:15.884+1100] {dagbag.py:588} INFO - Filling up the DagBag from /Users/yoonmoon/git/learn-airflow/airflow1/py_env/lib/python3.11/site-packages/airflow/example_dags/example_params_ui_tutorial.py
[2024-11-13T20:17:15.898+1100] {processor.py:925} INFO - DAG(s) 'example_params_ui_tutorial' retrieved from /Users/yoonmoon/git/learn-airflow/airflow1/py_env/lib/python3.11/site-packages/airflow/example_dags/example_params_ui_tutorial.py
[2024-11-13T20:17:15.971+1100] {logging_mixin.py:190} INFO - [2024-11-13T20:17:15.970+1100] {dag.py:3239} INFO - Sync 1 DAGs
[2024-11-13T20:17:15.975+1100] {logging_mixin.py:190} INFO - [2024-11-13T20:17:15.975+1100] {dag.py:4180} INFO - Setting next_dagrun for example_params_ui_tutorial to None, run_after=None
[2024-11-13T20:17:15.981+1100] {processor.py:208} INFO - Processing /Users/yoonmoon/git/learn-airflow/airflow1/py_env/lib/python3.11/site-packages/airflow/example_dags/example_params_ui_tutorial.py took 0.100 seconds
[2024-11-13T20:19:35.864+1100] {processor.py:186} INFO - Started process (PID=69893) to work on /Users/yoonmoon/git/learn-airflow/airflow1/py_env/lib/python3.11/site-packages/airflow/example_dags/example_params_ui_tutorial.py
[2024-11-13T20:19:35.865+1100] {processor.py:914} INFO - Processing file /Users/yoonmoon/git/learn-airflow/airflow1/py_env/lib/python3.11/site-packages/airflow/example_dags/example_params_ui_tutorial.py for tasks to queue
[2024-11-13T20:19:35.866+1100] {logging_mixin.py:190} INFO - [2024-11-13T20:19:35.866+1100] {dagbag.py:588} INFO - Filling up the DagBag from /Users/yoonmoon/git/learn-airflow/airflow1/py_env/lib/python3.11/site-packages/airflow/example_dags/example_params_ui_tutorial.py
[2024-11-13T20:19:35.880+1100] {processor.py:925} INFO - DAG(s) 'example_params_ui_tutorial' retrieved from /Users/yoonmoon/git/learn-airflow/airflow1/py_env/lib/python3.11/site-packages/airflow/example_dags/example_params_ui_tutorial.py
[2024-11-13T20:19:35.948+1100] {logging_mixin.py:190} INFO - [2024-11-13T20:19:35.948+1100] {dag.py:3239} INFO - Sync 1 DAGs
[2024-11-13T20:19:35.952+1100] {logging_mixin.py:190} INFO - [2024-11-13T20:19:35.952+1100] {dag.py:4180} INFO - Setting next_dagrun for example_params_ui_tutorial to None, run_after=None
[2024-11-13T20:19:35.958+1100] {processor.py:208} INFO - Processing /Users/yoonmoon/git/learn-airflow/airflow1/py_env/lib/python3.11/site-packages/airflow/example_dags/example_params_ui_tutorial.py took 0.096 seconds
[2024-11-13T20:21:53.727+1100] {processor.py:186} INFO - Started process (PID=70208) to work on /Users/yoonmoon/git/learn-airflow/airflow1/py_env/lib/python3.11/site-packages/airflow/example_dags/example_params_ui_tutorial.py
[2024-11-13T20:21:53.727+1100] {processor.py:914} INFO - Processing file /Users/yoonmoon/git/learn-airflow/airflow1/py_env/lib/python3.11/site-packages/airflow/example_dags/example_params_ui_tutorial.py for tasks to queue
[2024-11-13T20:21:53.728+1100] {logging_mixin.py:190} INFO - [2024-11-13T20:21:53.728+1100] {dagbag.py:588} INFO - Filling up the DagBag from /Users/yoonmoon/git/learn-airflow/airflow1/py_env/lib/python3.11/site-packages/airflow/example_dags/example_params_ui_tutorial.py
[2024-11-13T20:21:53.741+1100] {processor.py:925} INFO - DAG(s) 'example_params_ui_tutorial' retrieved from /Users/yoonmoon/git/learn-airflow/airflow1/py_env/lib/python3.11/site-packages/airflow/example_dags/example_params_ui_tutorial.py
[2024-11-13T20:21:53.806+1100] {logging_mixin.py:190} INFO - [2024-11-13T20:21:53.806+1100] {dag.py:3239} INFO - Sync 1 DAGs
[2024-11-13T20:21:53.810+1100] {logging_mixin.py:190} INFO - [2024-11-13T20:21:53.810+1100] {dag.py:4180} INFO - Setting next_dagrun for example_params_ui_tutorial to None, run_after=None
[2024-11-13T20:21:53.817+1100] {processor.py:208} INFO - Processing /Users/yoonmoon/git/learn-airflow/airflow1/py_env/lib/python3.11/site-packages/airflow/example_dags/example_params_ui_tutorial.py took 0.093 seconds
[2024-11-13T20:24:05.386+1100] {processor.py:186} INFO - Started process (PID=70464) to work on /Users/yoonmoon/git/learn-airflow/airflow1/py_env/lib/python3.11/site-packages/airflow/example_dags/example_params_ui_tutorial.py
[2024-11-13T20:24:05.387+1100] {processor.py:914} INFO - Processing file /Users/yoonmoon/git/learn-airflow/airflow1/py_env/lib/python3.11/site-packages/airflow/example_dags/example_params_ui_tutorial.py for tasks to queue
[2024-11-13T20:24:05.388+1100] {logging_mixin.py:190} INFO - [2024-11-13T20:24:05.388+1100] {dagbag.py:588} INFO - Filling up the DagBag from /Users/yoonmoon/git/learn-airflow/airflow1/py_env/lib/python3.11/site-packages/airflow/example_dags/example_params_ui_tutorial.py
[2024-11-13T20:24:05.402+1100] {processor.py:925} INFO - DAG(s) 'example_params_ui_tutorial' retrieved from /Users/yoonmoon/git/learn-airflow/airflow1/py_env/lib/python3.11/site-packages/airflow/example_dags/example_params_ui_tutorial.py
[2024-11-13T20:24:05.469+1100] {logging_mixin.py:190} INFO - [2024-11-13T20:24:05.468+1100] {dag.py:3239} INFO - Sync 1 DAGs
[2024-11-13T20:24:05.473+1100] {logging_mixin.py:190} INFO - [2024-11-13T20:24:05.473+1100] {dag.py:4180} INFO - Setting next_dagrun for example_params_ui_tutorial to None, run_after=None
[2024-11-13T20:24:05.479+1100] {processor.py:208} INFO - Processing /Users/yoonmoon/git/learn-airflow/airflow1/py_env/lib/python3.11/site-packages/airflow/example_dags/example_params_ui_tutorial.py took 0.095 seconds
[2024-11-13T20:26:22.488+1100] {processor.py:186} INFO - Started process (PID=70731) to work on /Users/yoonmoon/git/learn-airflow/airflow1/py_env/lib/python3.11/site-packages/airflow/example_dags/example_params_ui_tutorial.py
[2024-11-13T20:26:22.489+1100] {processor.py:914} INFO - Processing file /Users/yoonmoon/git/learn-airflow/airflow1/py_env/lib/python3.11/site-packages/airflow/example_dags/example_params_ui_tutorial.py for tasks to queue
[2024-11-13T20:26:22.489+1100] {logging_mixin.py:190} INFO - [2024-11-13T20:26:22.489+1100] {dagbag.py:588} INFO - Filling up the DagBag from /Users/yoonmoon/git/learn-airflow/airflow1/py_env/lib/python3.11/site-packages/airflow/example_dags/example_params_ui_tutorial.py
[2024-11-13T20:26:22.504+1100] {processor.py:925} INFO - DAG(s) 'example_params_ui_tutorial' retrieved from /Users/yoonmoon/git/learn-airflow/airflow1/py_env/lib/python3.11/site-packages/airflow/example_dags/example_params_ui_tutorial.py
[2024-11-13T20:26:22.569+1100] {logging_mixin.py:190} INFO - [2024-11-13T20:26:22.569+1100] {dag.py:3239} INFO - Sync 1 DAGs
[2024-11-13T20:26:22.573+1100] {logging_mixin.py:190} INFO - [2024-11-13T20:26:22.573+1100] {dag.py:4180} INFO - Setting next_dagrun for example_params_ui_tutorial to None, run_after=None
[2024-11-13T20:26:22.580+1100] {processor.py:208} INFO - Processing /Users/yoonmoon/git/learn-airflow/airflow1/py_env/lib/python3.11/site-packages/airflow/example_dags/example_params_ui_tutorial.py took 0.094 seconds
[2024-11-13T20:28:41.040+1100] {processor.py:186} INFO - Started process (PID=71019) to work on /Users/yoonmoon/git/learn-airflow/airflow1/py_env/lib/python3.11/site-packages/airflow/example_dags/example_params_ui_tutorial.py
[2024-11-13T20:28:41.040+1100] {processor.py:914} INFO - Processing file /Users/yoonmoon/git/learn-airflow/airflow1/py_env/lib/python3.11/site-packages/airflow/example_dags/example_params_ui_tutorial.py for tasks to queue
[2024-11-13T20:28:41.041+1100] {logging_mixin.py:190} INFO - [2024-11-13T20:28:41.041+1100] {dagbag.py:588} INFO - Filling up the DagBag from /Users/yoonmoon/git/learn-airflow/airflow1/py_env/lib/python3.11/site-packages/airflow/example_dags/example_params_ui_tutorial.py
[2024-11-13T20:28:41.055+1100] {processor.py:925} INFO - DAG(s) 'example_params_ui_tutorial' retrieved from /Users/yoonmoon/git/learn-airflow/airflow1/py_env/lib/python3.11/site-packages/airflow/example_dags/example_params_ui_tutorial.py
[2024-11-13T20:28:41.123+1100] {logging_mixin.py:190} INFO - [2024-11-13T20:28:41.122+1100] {dag.py:3239} INFO - Sync 1 DAGs
[2024-11-13T20:28:41.126+1100] {logging_mixin.py:190} INFO - [2024-11-13T20:28:41.126+1100] {dag.py:4180} INFO - Setting next_dagrun for example_params_ui_tutorial to None, run_after=None
[2024-11-13T20:28:41.133+1100] {processor.py:208} INFO - Processing /Users/yoonmoon/git/learn-airflow/airflow1/py_env/lib/python3.11/site-packages/airflow/example_dags/example_params_ui_tutorial.py took 0.095 seconds
[2024-11-13T20:30:57.024+1100] {processor.py:186} INFO - Started process (PID=71269) to work on /Users/yoonmoon/git/learn-airflow/airflow1/py_env/lib/python3.11/site-packages/airflow/example_dags/example_params_ui_tutorial.py
[2024-11-13T20:30:57.025+1100] {processor.py:914} INFO - Processing file /Users/yoonmoon/git/learn-airflow/airflow1/py_env/lib/python3.11/site-packages/airflow/example_dags/example_params_ui_tutorial.py for tasks to queue
[2024-11-13T20:30:57.025+1100] {logging_mixin.py:190} INFO - [2024-11-13T20:30:57.025+1100] {dagbag.py:588} INFO - Filling up the DagBag from /Users/yoonmoon/git/learn-airflow/airflow1/py_env/lib/python3.11/site-packages/airflow/example_dags/example_params_ui_tutorial.py
[2024-11-13T20:30:57.039+1100] {processor.py:925} INFO - DAG(s) 'example_params_ui_tutorial' retrieved from /Users/yoonmoon/git/learn-airflow/airflow1/py_env/lib/python3.11/site-packages/airflow/example_dags/example_params_ui_tutorial.py
[2024-11-13T20:30:57.105+1100] {logging_mixin.py:190} INFO - [2024-11-13T20:30:57.105+1100] {dag.py:3239} INFO - Sync 1 DAGs
[2024-11-13T20:30:57.109+1100] {logging_mixin.py:190} INFO - [2024-11-13T20:30:57.109+1100] {dag.py:4180} INFO - Setting next_dagrun for example_params_ui_tutorial to None, run_after=None
[2024-11-13T20:30:57.115+1100] {processor.py:208} INFO - Processing /Users/yoonmoon/git/learn-airflow/airflow1/py_env/lib/python3.11/site-packages/airflow/example_dags/example_params_ui_tutorial.py took 0.093 seconds
[2024-11-13T20:33:17.829+1100] {processor.py:186} INFO - Started process (PID=71525) to work on /Users/yoonmoon/git/learn-airflow/airflow1/py_env/lib/python3.11/site-packages/airflow/example_dags/example_params_ui_tutorial.py
[2024-11-13T20:33:17.830+1100] {processor.py:914} INFO - Processing file /Users/yoonmoon/git/learn-airflow/airflow1/py_env/lib/python3.11/site-packages/airflow/example_dags/example_params_ui_tutorial.py for tasks to queue
[2024-11-13T20:33:17.831+1100] {logging_mixin.py:190} INFO - [2024-11-13T20:33:17.830+1100] {dagbag.py:588} INFO - Filling up the DagBag from /Users/yoonmoon/git/learn-airflow/airflow1/py_env/lib/python3.11/site-packages/airflow/example_dags/example_params_ui_tutorial.py
[2024-11-13T20:33:17.844+1100] {processor.py:925} INFO - DAG(s) 'example_params_ui_tutorial' retrieved from /Users/yoonmoon/git/learn-airflow/airflow1/py_env/lib/python3.11/site-packages/airflow/example_dags/example_params_ui_tutorial.py
[2024-11-13T20:33:17.923+1100] {logging_mixin.py:190} INFO - [2024-11-13T20:33:17.923+1100] {dag.py:3239} INFO - Sync 1 DAGs
[2024-11-13T20:33:17.928+1100] {logging_mixin.py:190} INFO - [2024-11-13T20:33:17.927+1100] {dag.py:4180} INFO - Setting next_dagrun for example_params_ui_tutorial to None, run_after=None
[2024-11-13T20:33:17.936+1100] {processor.py:208} INFO - Processing /Users/yoonmoon/git/learn-airflow/airflow1/py_env/lib/python3.11/site-packages/airflow/example_dags/example_params_ui_tutorial.py took 0.109 seconds
[2024-11-13T20:35:39.427+1100] {processor.py:186} INFO - Started process (PID=71797) to work on /Users/yoonmoon/git/learn-airflow/airflow1/py_env/lib/python3.11/site-packages/airflow/example_dags/example_params_ui_tutorial.py
[2024-11-13T20:35:39.427+1100] {processor.py:914} INFO - Processing file /Users/yoonmoon/git/learn-airflow/airflow1/py_env/lib/python3.11/site-packages/airflow/example_dags/example_params_ui_tutorial.py for tasks to queue
[2024-11-13T20:35:39.428+1100] {logging_mixin.py:190} INFO - [2024-11-13T20:35:39.428+1100] {dagbag.py:588} INFO - Filling up the DagBag from /Users/yoonmoon/git/learn-airflow/airflow1/py_env/lib/python3.11/site-packages/airflow/example_dags/example_params_ui_tutorial.py
[2024-11-13T20:35:39.441+1100] {processor.py:925} INFO - DAG(s) 'example_params_ui_tutorial' retrieved from /Users/yoonmoon/git/learn-airflow/airflow1/py_env/lib/python3.11/site-packages/airflow/example_dags/example_params_ui_tutorial.py
[2024-11-13T20:35:39.506+1100] {logging_mixin.py:190} INFO - [2024-11-13T20:35:39.506+1100] {dag.py:3239} INFO - Sync 1 DAGs
[2024-11-13T20:35:39.510+1100] {logging_mixin.py:190} INFO - [2024-11-13T20:35:39.510+1100] {dag.py:4180} INFO - Setting next_dagrun for example_params_ui_tutorial to None, run_after=None
[2024-11-13T20:35:39.516+1100] {processor.py:208} INFO - Processing /Users/yoonmoon/git/learn-airflow/airflow1/py_env/lib/python3.11/site-packages/airflow/example_dags/example_params_ui_tutorial.py took 0.092 seconds
[2024-11-13T20:37:57.562+1100] {processor.py:186} INFO - Started process (PID=72091) to work on /Users/yoonmoon/git/learn-airflow/airflow1/py_env/lib/python3.11/site-packages/airflow/example_dags/example_params_ui_tutorial.py
[2024-11-13T20:37:57.563+1100] {processor.py:914} INFO - Processing file /Users/yoonmoon/git/learn-airflow/airflow1/py_env/lib/python3.11/site-packages/airflow/example_dags/example_params_ui_tutorial.py for tasks to queue
[2024-11-13T20:37:57.563+1100] {logging_mixin.py:190} INFO - [2024-11-13T20:37:57.563+1100] {dagbag.py:588} INFO - Filling up the DagBag from /Users/yoonmoon/git/learn-airflow/airflow1/py_env/lib/python3.11/site-packages/airflow/example_dags/example_params_ui_tutorial.py
[2024-11-13T20:37:57.577+1100] {processor.py:925} INFO - DAG(s) 'example_params_ui_tutorial' retrieved from /Users/yoonmoon/git/learn-airflow/airflow1/py_env/lib/python3.11/site-packages/airflow/example_dags/example_params_ui_tutorial.py
[2024-11-13T20:37:57.647+1100] {logging_mixin.py:190} INFO - [2024-11-13T20:37:57.647+1100] {dag.py:3239} INFO - Sync 1 DAGs
[2024-11-13T20:37:57.652+1100] {logging_mixin.py:190} INFO - [2024-11-13T20:37:57.652+1100] {dag.py:4180} INFO - Setting next_dagrun for example_params_ui_tutorial to None, run_after=None
[2024-11-13T20:37:57.659+1100] {processor.py:208} INFO - Processing /Users/yoonmoon/git/learn-airflow/airflow1/py_env/lib/python3.11/site-packages/airflow/example_dags/example_params_ui_tutorial.py took 0.100 seconds
[2024-11-13T20:40:14.399+1100] {processor.py:186} INFO - Started process (PID=72352) to work on /Users/yoonmoon/git/learn-airflow/airflow1/py_env/lib/python3.11/site-packages/airflow/example_dags/example_params_ui_tutorial.py
[2024-11-13T20:40:14.400+1100] {processor.py:914} INFO - Processing file /Users/yoonmoon/git/learn-airflow/airflow1/py_env/lib/python3.11/site-packages/airflow/example_dags/example_params_ui_tutorial.py for tasks to queue
[2024-11-13T20:40:14.401+1100] {logging_mixin.py:190} INFO - [2024-11-13T20:40:14.401+1100] {dagbag.py:588} INFO - Filling up the DagBag from /Users/yoonmoon/git/learn-airflow/airflow1/py_env/lib/python3.11/site-packages/airflow/example_dags/example_params_ui_tutorial.py
[2024-11-13T20:40:14.414+1100] {processor.py:925} INFO - DAG(s) 'example_params_ui_tutorial' retrieved from /Users/yoonmoon/git/learn-airflow/airflow1/py_env/lib/python3.11/site-packages/airflow/example_dags/example_params_ui_tutorial.py
[2024-11-13T20:40:14.480+1100] {logging_mixin.py:190} INFO - [2024-11-13T20:40:14.480+1100] {dag.py:3239} INFO - Sync 1 DAGs
[2024-11-13T20:40:14.484+1100] {logging_mixin.py:190} INFO - [2024-11-13T20:40:14.484+1100] {dag.py:4180} INFO - Setting next_dagrun for example_params_ui_tutorial to None, run_after=None
[2024-11-13T20:40:14.491+1100] {processor.py:208} INFO - Processing /Users/yoonmoon/git/learn-airflow/airflow1/py_env/lib/python3.11/site-packages/airflow/example_dags/example_params_ui_tutorial.py took 0.094 seconds
[2024-11-13T20:41:38.890+1100] {processor.py:186} INFO - Started process (PID=72510) to work on /Users/yoonmoon/git/learn-airflow/airflow1/py_env/lib/python3.11/site-packages/airflow/example_dags/example_params_ui_tutorial.py
[2024-11-13T20:41:38.891+1100] {processor.py:914} INFO - Processing file /Users/yoonmoon/git/learn-airflow/airflow1/py_env/lib/python3.11/site-packages/airflow/example_dags/example_params_ui_tutorial.py for tasks to queue
[2024-11-13T20:41:38.892+1100] {logging_mixin.py:190} INFO - [2024-11-13T20:41:38.891+1100] {dagbag.py:588} INFO - Filling up the DagBag from /Users/yoonmoon/git/learn-airflow/airflow1/py_env/lib/python3.11/site-packages/airflow/example_dags/example_params_ui_tutorial.py
[2024-11-13T20:41:38.905+1100] {processor.py:925} INFO - DAG(s) 'example_params_ui_tutorial' retrieved from /Users/yoonmoon/git/learn-airflow/airflow1/py_env/lib/python3.11/site-packages/airflow/example_dags/example_params_ui_tutorial.py
[2024-11-13T20:41:38.973+1100] {logging_mixin.py:190} INFO - [2024-11-13T20:41:38.973+1100] {dag.py:3239} INFO - Sync 1 DAGs
[2024-11-13T20:41:38.977+1100] {logging_mixin.py:190} INFO - [2024-11-13T20:41:38.977+1100] {dag.py:4180} INFO - Setting next_dagrun for example_params_ui_tutorial to None, run_after=None
[2024-11-13T20:41:38.983+1100] {processor.py:208} INFO - Processing /Users/yoonmoon/git/learn-airflow/airflow1/py_env/lib/python3.11/site-packages/airflow/example_dags/example_params_ui_tutorial.py took 0.095 seconds
[2024-11-13T20:43:53.833+1100] {processor.py:186} INFO - Started process (PID=72758) to work on /Users/yoonmoon/git/learn-airflow/airflow1/py_env/lib/python3.11/site-packages/airflow/example_dags/example_params_ui_tutorial.py
[2024-11-13T20:43:53.834+1100] {processor.py:914} INFO - Processing file /Users/yoonmoon/git/learn-airflow/airflow1/py_env/lib/python3.11/site-packages/airflow/example_dags/example_params_ui_tutorial.py for tasks to queue
[2024-11-13T20:43:53.835+1100] {logging_mixin.py:190} INFO - [2024-11-13T20:43:53.834+1100] {dagbag.py:588} INFO - Filling up the DagBag from /Users/yoonmoon/git/learn-airflow/airflow1/py_env/lib/python3.11/site-packages/airflow/example_dags/example_params_ui_tutorial.py
[2024-11-13T20:43:53.848+1100] {processor.py:925} INFO - DAG(s) 'example_params_ui_tutorial' retrieved from /Users/yoonmoon/git/learn-airflow/airflow1/py_env/lib/python3.11/site-packages/airflow/example_dags/example_params_ui_tutorial.py
[2024-11-13T20:43:53.916+1100] {logging_mixin.py:190} INFO - [2024-11-13T20:43:53.916+1100] {dag.py:3239} INFO - Sync 1 DAGs
[2024-11-13T20:43:53.920+1100] {logging_mixin.py:190} INFO - [2024-11-13T20:43:53.920+1100] {dag.py:4180} INFO - Setting next_dagrun for example_params_ui_tutorial to None, run_after=None
[2024-11-13T20:43:53.926+1100] {processor.py:208} INFO - Processing /Users/yoonmoon/git/learn-airflow/airflow1/py_env/lib/python3.11/site-packages/airflow/example_dags/example_params_ui_tutorial.py took 0.095 seconds
[2024-11-13T20:46:18.347+1100] {processor.py:186} INFO - Started process (PID=73033) to work on /Users/yoonmoon/git/learn-airflow/airflow1/py_env/lib/python3.11/site-packages/airflow/example_dags/example_params_ui_tutorial.py
[2024-11-13T20:46:18.347+1100] {processor.py:914} INFO - Processing file /Users/yoonmoon/git/learn-airflow/airflow1/py_env/lib/python3.11/site-packages/airflow/example_dags/example_params_ui_tutorial.py for tasks to queue
[2024-11-13T20:46:18.348+1100] {logging_mixin.py:190} INFO - [2024-11-13T20:46:18.348+1100] {dagbag.py:588} INFO - Filling up the DagBag from /Users/yoonmoon/git/learn-airflow/airflow1/py_env/lib/python3.11/site-packages/airflow/example_dags/example_params_ui_tutorial.py
[2024-11-13T20:46:18.362+1100] {processor.py:925} INFO - DAG(s) 'example_params_ui_tutorial' retrieved from /Users/yoonmoon/git/learn-airflow/airflow1/py_env/lib/python3.11/site-packages/airflow/example_dags/example_params_ui_tutorial.py
[2024-11-13T20:46:18.430+1100] {logging_mixin.py:190} INFO - [2024-11-13T20:46:18.430+1100] {dag.py:3239} INFO - Sync 1 DAGs
[2024-11-13T20:46:18.434+1100] {logging_mixin.py:190} INFO - [2024-11-13T20:46:18.434+1100] {dag.py:4180} INFO - Setting next_dagrun for example_params_ui_tutorial to None, run_after=None
[2024-11-13T20:46:18.440+1100] {processor.py:208} INFO - Processing /Users/yoonmoon/git/learn-airflow/airflow1/py_env/lib/python3.11/site-packages/airflow/example_dags/example_params_ui_tutorial.py took 0.096 seconds
[2024-11-13T20:48:40.468+1100] {processor.py:186} INFO - Started process (PID=73318) to work on /Users/yoonmoon/git/learn-airflow/airflow1/py_env/lib/python3.11/site-packages/airflow/example_dags/example_params_ui_tutorial.py
[2024-11-13T20:48:40.469+1100] {processor.py:914} INFO - Processing file /Users/yoonmoon/git/learn-airflow/airflow1/py_env/lib/python3.11/site-packages/airflow/example_dags/example_params_ui_tutorial.py for tasks to queue
[2024-11-13T20:48:40.469+1100] {logging_mixin.py:190} INFO - [2024-11-13T20:48:40.469+1100] {dagbag.py:588} INFO - Filling up the DagBag from /Users/yoonmoon/git/learn-airflow/airflow1/py_env/lib/python3.11/site-packages/airflow/example_dags/example_params_ui_tutorial.py
[2024-11-13T20:48:40.483+1100] {processor.py:925} INFO - DAG(s) 'example_params_ui_tutorial' retrieved from /Users/yoonmoon/git/learn-airflow/airflow1/py_env/lib/python3.11/site-packages/airflow/example_dags/example_params_ui_tutorial.py
[2024-11-13T20:48:40.555+1100] {logging_mixin.py:190} INFO - [2024-11-13T20:48:40.555+1100] {dag.py:3239} INFO - Sync 1 DAGs
[2024-11-13T20:48:40.560+1100] {logging_mixin.py:190} INFO - [2024-11-13T20:48:40.560+1100] {dag.py:4180} INFO - Setting next_dagrun for example_params_ui_tutorial to None, run_after=None
[2024-11-13T20:48:40.568+1100] {processor.py:208} INFO - Processing /Users/yoonmoon/git/learn-airflow/airflow1/py_env/lib/python3.11/site-packages/airflow/example_dags/example_params_ui_tutorial.py took 0.102 seconds
[2024-11-13T20:51:05.536+1100] {processor.py:186} INFO - Started process (PID=73584) to work on /Users/yoonmoon/git/learn-airflow/airflow1/py_env/lib/python3.11/site-packages/airflow/example_dags/example_params_ui_tutorial.py
[2024-11-13T20:51:05.536+1100] {processor.py:914} INFO - Processing file /Users/yoonmoon/git/learn-airflow/airflow1/py_env/lib/python3.11/site-packages/airflow/example_dags/example_params_ui_tutorial.py for tasks to queue
[2024-11-13T20:51:05.537+1100] {logging_mixin.py:190} INFO - [2024-11-13T20:51:05.537+1100] {dagbag.py:588} INFO - Filling up the DagBag from /Users/yoonmoon/git/learn-airflow/airflow1/py_env/lib/python3.11/site-packages/airflow/example_dags/example_params_ui_tutorial.py
[2024-11-13T20:51:05.551+1100] {processor.py:925} INFO - DAG(s) 'example_params_ui_tutorial' retrieved from /Users/yoonmoon/git/learn-airflow/airflow1/py_env/lib/python3.11/site-packages/airflow/example_dags/example_params_ui_tutorial.py
[2024-11-13T20:51:05.617+1100] {logging_mixin.py:190} INFO - [2024-11-13T20:51:05.617+1100] {dag.py:3239} INFO - Sync 1 DAGs
[2024-11-13T20:51:05.621+1100] {logging_mixin.py:190} INFO - [2024-11-13T20:51:05.621+1100] {dag.py:4180} INFO - Setting next_dagrun for example_params_ui_tutorial to None, run_after=None
[2024-11-13T20:51:05.627+1100] {processor.py:208} INFO - Processing /Users/yoonmoon/git/learn-airflow/airflow1/py_env/lib/python3.11/site-packages/airflow/example_dags/example_params_ui_tutorial.py took 0.094 seconds
