[2024-11-13T19:29:20.969+1100] {processor.py:186} INFO - Started process (PID=63725) to work on /Users/yoonmoon/git/learn-airflow/airflow1/py_env/lib/python3.11/site-packages/airflow/example_dags/example_short_circuit_decorator.py
[2024-11-13T19:29:20.970+1100] {processor.py:914} INFO - Processing file /Users/yoonmoon/git/learn-airflow/airflow1/py_env/lib/python3.11/site-packages/airflow/example_dags/example_short_circuit_decorator.py for tasks to queue
[2024-11-13T19:29:20.970+1100] {logging_mixin.py:190} INFO - [2024-11-13T19:29:20.970+1100] {dagbag.py:588} INFO - Filling up the DagBag from /Users/yoonmoon/git/learn-airflow/airflow1/py_env/lib/python3.11/site-packages/airflow/example_dags/example_short_circuit_decorator.py
[2024-11-13T19:29:20.985+1100] {processor.py:925} INFO - DAG(s) 'example_short_circuit_decorator' retrieved from /Users/yoonmoon/git/learn-airflow/airflow1/py_env/lib/python3.11/site-packages/airflow/example_dags/example_short_circuit_decorator.py
[2024-11-13T19:29:21.077+1100] {logging_mixin.py:190} INFO - [2024-11-13T19:29:21.077+1100] {override.py:1911} INFO - Created Permission View: can edit on DAG:example_short_circuit_decorator
[2024-11-13T19:29:21.080+1100] {logging_mixin.py:190} INFO - [2024-11-13T19:29:21.080+1100] {override.py:1911} INFO - Created Permission View: can read on DAG:example_short_circuit_decorator
[2024-11-13T19:29:21.082+1100] {logging_mixin.py:190} INFO - [2024-11-13T19:29:21.082+1100] {override.py:1911} INFO - Created Permission View: can delete on DAG:example_short_circuit_decorator
[2024-11-13T19:29:21.085+1100] {logging_mixin.py:190} INFO - [2024-11-13T19:29:21.084+1100] {override.py:1911} INFO - Created Permission View: can create on DAG Run:example_short_circuit_decorator
[2024-11-13T19:29:21.086+1100] {logging_mixin.py:190} INFO - [2024-11-13T19:29:21.086+1100] {override.py:1911} INFO - Created Permission View: can read on DAG Run:example_short_circuit_decorator
[2024-11-13T19:29:21.088+1100] {logging_mixin.py:190} INFO - [2024-11-13T19:29:21.088+1100] {override.py:1911} INFO - Created Permission View: menu access on DAG Run:example_short_circuit_decorator
[2024-11-13T19:29:21.090+1100] {logging_mixin.py:190} INFO - [2024-11-13T19:29:21.090+1100] {override.py:1911} INFO - Created Permission View: can delete on DAG Run:example_short_circuit_decorator
[2024-11-13T19:29:21.090+1100] {logging_mixin.py:190} INFO - [2024-11-13T19:29:21.090+1100] {dag.py:3239} INFO - Sync 1 DAGs
[2024-11-13T19:29:21.093+1100] {logging_mixin.py:190} INFO - [2024-11-13T19:29:21.093+1100] {dag.py:3262} INFO - Creating ORM DAG for example_short_circuit_decorator
[2024-11-13T19:29:21.094+1100] {logging_mixin.py:190} INFO - [2024-11-13T19:29:21.094+1100] {dag.py:4180} INFO - Setting next_dagrun for example_short_circuit_decorator to None, run_after=None
[2024-11-13T19:29:21.099+1100] {processor.py:208} INFO - Processing /Users/yoonmoon/git/learn-airflow/airflow1/py_env/lib/python3.11/site-packages/airflow/example_dags/example_short_circuit_decorator.py took 0.132 seconds
[2024-11-13T19:31:02.620+1100] {processor.py:186} INFO - Started process (PID=63935) to work on /Users/yoonmoon/git/learn-airflow/airflow1/py_env/lib/python3.11/site-packages/airflow/example_dags/example_short_circuit_decorator.py
[2024-11-13T19:31:02.620+1100] {processor.py:914} INFO - Processing file /Users/yoonmoon/git/learn-airflow/airflow1/py_env/lib/python3.11/site-packages/airflow/example_dags/example_short_circuit_decorator.py for tasks to queue
[2024-11-13T19:31:02.621+1100] {logging_mixin.py:190} INFO - [2024-11-13T19:31:02.621+1100] {dagbag.py:588} INFO - Filling up the DagBag from /Users/yoonmoon/git/learn-airflow/airflow1/py_env/lib/python3.11/site-packages/airflow/example_dags/example_short_circuit_decorator.py
[2024-11-13T19:31:02.635+1100] {processor.py:925} INFO - DAG(s) 'example_short_circuit_decorator' retrieved from /Users/yoonmoon/git/learn-airflow/airflow1/py_env/lib/python3.11/site-packages/airflow/example_dags/example_short_circuit_decorator.py
[2024-11-13T19:31:02.697+1100] {logging_mixin.py:190} INFO - [2024-11-13T19:31:02.696+1100] {dag.py:3239} INFO - Sync 1 DAGs
[2024-11-13T19:31:02.701+1100] {logging_mixin.py:190} INFO - [2024-11-13T19:31:02.701+1100] {dag.py:4180} INFO - Setting next_dagrun for example_short_circuit_decorator to None, run_after=None
[2024-11-13T19:31:02.709+1100] {processor.py:208} INFO - Processing /Users/yoonmoon/git/learn-airflow/airflow1/py_env/lib/python3.11/site-packages/airflow/example_dags/example_short_circuit_decorator.py took 0.091 seconds
[2024-11-13T19:32:13.697+1100] {processor.py:186} INFO - Started process (PID=64161) to work on /Users/yoonmoon/git/learn-airflow/airflow1/py_env/lib/python3.11/site-packages/airflow/example_dags/example_short_circuit_decorator.py
[2024-11-13T19:32:13.698+1100] {processor.py:914} INFO - Processing file /Users/yoonmoon/git/learn-airflow/airflow1/py_env/lib/python3.11/site-packages/airflow/example_dags/example_short_circuit_decorator.py for tasks to queue
[2024-11-13T19:32:13.698+1100] {logging_mixin.py:190} INFO - [2024-11-13T19:32:13.698+1100] {dagbag.py:588} INFO - Filling up the DagBag from /Users/yoonmoon/git/learn-airflow/airflow1/py_env/lib/python3.11/site-packages/airflow/example_dags/example_short_circuit_decorator.py
[2024-11-13T19:32:13.713+1100] {processor.py:925} INFO - DAG(s) 'example_short_circuit_decorator' retrieved from /Users/yoonmoon/git/learn-airflow/airflow1/py_env/lib/python3.11/site-packages/airflow/example_dags/example_short_circuit_decorator.py
[2024-11-13T19:32:13.772+1100] {logging_mixin.py:190} INFO - [2024-11-13T19:32:13.772+1100] {dag.py:3239} INFO - Sync 1 DAGs
[2024-11-13T19:32:13.776+1100] {logging_mixin.py:190} INFO - [2024-11-13T19:32:13.776+1100] {dag.py:4180} INFO - Setting next_dagrun for example_short_circuit_decorator to None, run_after=None
[2024-11-13T19:32:13.782+1100] {processor.py:208} INFO - Processing /Users/yoonmoon/git/learn-airflow/airflow1/py_env/lib/python3.11/site-packages/airflow/example_dags/example_short_circuit_decorator.py took 0.088 seconds
[2024-11-13T19:34:34.138+1100] {processor.py:186} INFO - Started process (PID=64622) to work on /Users/yoonmoon/git/learn-airflow/airflow1/py_env/lib/python3.11/site-packages/airflow/example_dags/example_short_circuit_decorator.py
[2024-11-13T19:34:34.139+1100] {processor.py:914} INFO - Processing file /Users/yoonmoon/git/learn-airflow/airflow1/py_env/lib/python3.11/site-packages/airflow/example_dags/example_short_circuit_decorator.py for tasks to queue
[2024-11-13T19:34:34.140+1100] {logging_mixin.py:190} INFO - [2024-11-13T19:34:34.140+1100] {dagbag.py:588} INFO - Filling up the DagBag from /Users/yoonmoon/git/learn-airflow/airflow1/py_env/lib/python3.11/site-packages/airflow/example_dags/example_short_circuit_decorator.py
[2024-11-13T19:34:34.153+1100] {processor.py:925} INFO - DAG(s) 'example_short_circuit_decorator' retrieved from /Users/yoonmoon/git/learn-airflow/airflow1/py_env/lib/python3.11/site-packages/airflow/example_dags/example_short_circuit_decorator.py
[2024-11-13T19:34:34.215+1100] {logging_mixin.py:190} INFO - [2024-11-13T19:34:34.214+1100] {dag.py:3239} INFO - Sync 1 DAGs
[2024-11-13T19:34:34.219+1100] {logging_mixin.py:190} INFO - [2024-11-13T19:34:34.219+1100] {dag.py:4180} INFO - Setting next_dagrun for example_short_circuit_decorator to None, run_after=None
[2024-11-13T19:34:34.227+1100] {processor.py:208} INFO - Processing /Users/yoonmoon/git/learn-airflow/airflow1/py_env/lib/python3.11/site-packages/airflow/example_dags/example_short_circuit_decorator.py took 0.092 seconds
[2024-11-13T19:35:59.062+1100] {processor.py:186} INFO - Started process (PID=64827) to work on /Users/yoonmoon/git/learn-airflow/airflow1/py_env/lib/python3.11/site-packages/airflow/example_dags/example_short_circuit_decorator.py
[2024-11-13T19:35:59.063+1100] {processor.py:914} INFO - Processing file /Users/yoonmoon/git/learn-airflow/airflow1/py_env/lib/python3.11/site-packages/airflow/example_dags/example_short_circuit_decorator.py for tasks to queue
[2024-11-13T19:35:59.063+1100] {logging_mixin.py:190} INFO - [2024-11-13T19:35:59.063+1100] {dagbag.py:588} INFO - Filling up the DagBag from /Users/yoonmoon/git/learn-airflow/airflow1/py_env/lib/python3.11/site-packages/airflow/example_dags/example_short_circuit_decorator.py
[2024-11-13T19:35:59.077+1100] {processor.py:925} INFO - DAG(s) 'example_short_circuit_decorator' retrieved from /Users/yoonmoon/git/learn-airflow/airflow1/py_env/lib/python3.11/site-packages/airflow/example_dags/example_short_circuit_decorator.py
[2024-11-13T19:35:59.135+1100] {logging_mixin.py:190} INFO - [2024-11-13T19:35:59.135+1100] {dag.py:3239} INFO - Sync 1 DAGs
[2024-11-13T19:35:59.139+1100] {logging_mixin.py:190} INFO - [2024-11-13T19:35:59.139+1100] {dag.py:4180} INFO - Setting next_dagrun for example_short_circuit_decorator to None, run_after=None
[2024-11-13T19:35:59.146+1100] {processor.py:208} INFO - Processing /Users/yoonmoon/git/learn-airflow/airflow1/py_env/lib/python3.11/site-packages/airflow/example_dags/example_short_circuit_decorator.py took 0.086 seconds
[2024-11-13T19:37:23.112+1100] {processor.py:186} INFO - Started process (PID=64998) to work on /Users/yoonmoon/git/learn-airflow/airflow1/py_env/lib/python3.11/site-packages/airflow/example_dags/example_short_circuit_decorator.py
[2024-11-13T19:37:23.113+1100] {processor.py:914} INFO - Processing file /Users/yoonmoon/git/learn-airflow/airflow1/py_env/lib/python3.11/site-packages/airflow/example_dags/example_short_circuit_decorator.py for tasks to queue
[2024-11-13T19:37:23.113+1100] {logging_mixin.py:190} INFO - [2024-11-13T19:37:23.113+1100] {dagbag.py:588} INFO - Filling up the DagBag from /Users/yoonmoon/git/learn-airflow/airflow1/py_env/lib/python3.11/site-packages/airflow/example_dags/example_short_circuit_decorator.py
[2024-11-13T19:37:23.127+1100] {processor.py:925} INFO - DAG(s) 'example_short_circuit_decorator' retrieved from /Users/yoonmoon/git/learn-airflow/airflow1/py_env/lib/python3.11/site-packages/airflow/example_dags/example_short_circuit_decorator.py
[2024-11-13T19:37:23.186+1100] {logging_mixin.py:190} INFO - [2024-11-13T19:37:23.186+1100] {dag.py:3239} INFO - Sync 1 DAGs
[2024-11-13T19:37:23.190+1100] {logging_mixin.py:190} INFO - [2024-11-13T19:37:23.190+1100] {dag.py:4180} INFO - Setting next_dagrun for example_short_circuit_decorator to None, run_after=None
[2024-11-13T19:37:23.197+1100] {processor.py:208} INFO - Processing /Users/yoonmoon/git/learn-airflow/airflow1/py_env/lib/python3.11/site-packages/airflow/example_dags/example_short_circuit_decorator.py took 0.087 seconds
[2024-11-13T19:39:38.736+1100] {processor.py:186} INFO - Started process (PID=65272) to work on /Users/yoonmoon/git/learn-airflow/airflow1/py_env/lib/python3.11/site-packages/airflow/example_dags/example_short_circuit_decorator.py
[2024-11-13T19:39:38.736+1100] {processor.py:914} INFO - Processing file /Users/yoonmoon/git/learn-airflow/airflow1/py_env/lib/python3.11/site-packages/airflow/example_dags/example_short_circuit_decorator.py for tasks to queue
[2024-11-13T19:39:38.737+1100] {logging_mixin.py:190} INFO - [2024-11-13T19:39:38.737+1100] {dagbag.py:588} INFO - Filling up the DagBag from /Users/yoonmoon/git/learn-airflow/airflow1/py_env/lib/python3.11/site-packages/airflow/example_dags/example_short_circuit_decorator.py
[2024-11-13T19:39:38.751+1100] {processor.py:925} INFO - DAG(s) 'example_short_circuit_decorator' retrieved from /Users/yoonmoon/git/learn-airflow/airflow1/py_env/lib/python3.11/site-packages/airflow/example_dags/example_short_circuit_decorator.py
[2024-11-13T19:39:38.809+1100] {logging_mixin.py:190} INFO - [2024-11-13T19:39:38.809+1100] {dag.py:3239} INFO - Sync 1 DAGs
[2024-11-13T19:39:38.813+1100] {logging_mixin.py:190} INFO - [2024-11-13T19:39:38.813+1100] {dag.py:4180} INFO - Setting next_dagrun for example_short_circuit_decorator to None, run_after=None
[2024-11-13T19:39:38.819+1100] {processor.py:208} INFO - Processing /Users/yoonmoon/git/learn-airflow/airflow1/py_env/lib/python3.11/site-packages/airflow/example_dags/example_short_circuit_decorator.py took 0.086 seconds
[2024-11-13T19:41:57.042+1100] {processor.py:186} INFO - Started process (PID=65572) to work on /Users/yoonmoon/git/learn-airflow/airflow1/py_env/lib/python3.11/site-packages/airflow/example_dags/example_short_circuit_decorator.py
[2024-11-13T19:41:57.043+1100] {processor.py:914} INFO - Processing file /Users/yoonmoon/git/learn-airflow/airflow1/py_env/lib/python3.11/site-packages/airflow/example_dags/example_short_circuit_decorator.py for tasks to queue
[2024-11-13T19:41:57.043+1100] {logging_mixin.py:190} INFO - [2024-11-13T19:41:57.043+1100] {dagbag.py:588} INFO - Filling up the DagBag from /Users/yoonmoon/git/learn-airflow/airflow1/py_env/lib/python3.11/site-packages/airflow/example_dags/example_short_circuit_decorator.py
[2024-11-13T19:41:57.057+1100] {processor.py:925} INFO - DAG(s) 'example_short_circuit_decorator' retrieved from /Users/yoonmoon/git/learn-airflow/airflow1/py_env/lib/python3.11/site-packages/airflow/example_dags/example_short_circuit_decorator.py
[2024-11-13T19:41:57.117+1100] {logging_mixin.py:190} INFO - [2024-11-13T19:41:57.117+1100] {dag.py:3239} INFO - Sync 1 DAGs
[2024-11-13T19:41:57.121+1100] {logging_mixin.py:190} INFO - [2024-11-13T19:41:57.120+1100] {dag.py:4180} INFO - Setting next_dagrun for example_short_circuit_decorator to None, run_after=None
[2024-11-13T19:41:57.127+1100] {processor.py:208} INFO - Processing /Users/yoonmoon/git/learn-airflow/airflow1/py_env/lib/python3.11/site-packages/airflow/example_dags/example_short_circuit_decorator.py took 0.087 seconds
[2024-11-13T19:44:15.649+1100] {processor.py:186} INFO - Started process (PID=65841) to work on /Users/yoonmoon/git/learn-airflow/airflow1/py_env/lib/python3.11/site-packages/airflow/example_dags/example_short_circuit_decorator.py
[2024-11-13T19:44:15.650+1100] {processor.py:914} INFO - Processing file /Users/yoonmoon/git/learn-airflow/airflow1/py_env/lib/python3.11/site-packages/airflow/example_dags/example_short_circuit_decorator.py for tasks to queue
[2024-11-13T19:44:15.650+1100] {logging_mixin.py:190} INFO - [2024-11-13T19:44:15.650+1100] {dagbag.py:588} INFO - Filling up the DagBag from /Users/yoonmoon/git/learn-airflow/airflow1/py_env/lib/python3.11/site-packages/airflow/example_dags/example_short_circuit_decorator.py
[2024-11-13T19:44:15.666+1100] {processor.py:925} INFO - DAG(s) 'example_short_circuit_decorator' retrieved from /Users/yoonmoon/git/learn-airflow/airflow1/py_env/lib/python3.11/site-packages/airflow/example_dags/example_short_circuit_decorator.py
[2024-11-13T19:44:15.728+1100] {logging_mixin.py:190} INFO - [2024-11-13T19:44:15.727+1100] {dag.py:3239} INFO - Sync 1 DAGs
[2024-11-13T19:44:15.731+1100] {logging_mixin.py:190} INFO - [2024-11-13T19:44:15.731+1100] {dag.py:4180} INFO - Setting next_dagrun for example_short_circuit_decorator to None, run_after=None
[2024-11-13T19:44:15.738+1100] {processor.py:208} INFO - Processing /Users/yoonmoon/git/learn-airflow/airflow1/py_env/lib/python3.11/site-packages/airflow/example_dags/example_short_circuit_decorator.py took 0.091 seconds
[2024-11-13T19:46:26.849+1100] {processor.py:186} INFO - Started process (PID=66092) to work on /Users/yoonmoon/git/learn-airflow/airflow1/py_env/lib/python3.11/site-packages/airflow/example_dags/example_short_circuit_decorator.py
[2024-11-13T19:46:26.850+1100] {processor.py:914} INFO - Processing file /Users/yoonmoon/git/learn-airflow/airflow1/py_env/lib/python3.11/site-packages/airflow/example_dags/example_short_circuit_decorator.py for tasks to queue
[2024-11-13T19:46:26.850+1100] {logging_mixin.py:190} INFO - [2024-11-13T19:46:26.850+1100] {dagbag.py:588} INFO - Filling up the DagBag from /Users/yoonmoon/git/learn-airflow/airflow1/py_env/lib/python3.11/site-packages/airflow/example_dags/example_short_circuit_decorator.py
[2024-11-13T19:46:26.864+1100] {processor.py:925} INFO - DAG(s) 'example_short_circuit_decorator' retrieved from /Users/yoonmoon/git/learn-airflow/airflow1/py_env/lib/python3.11/site-packages/airflow/example_dags/example_short_circuit_decorator.py
[2024-11-13T19:46:26.922+1100] {logging_mixin.py:190} INFO - [2024-11-13T19:46:26.922+1100] {dag.py:3239} INFO - Sync 1 DAGs
[2024-11-13T19:46:26.926+1100] {logging_mixin.py:190} INFO - [2024-11-13T19:46:26.926+1100] {dag.py:4180} INFO - Setting next_dagrun for example_short_circuit_decorator to None, run_after=None
[2024-11-13T19:46:26.932+1100] {processor.py:208} INFO - Processing /Users/yoonmoon/git/learn-airflow/airflow1/py_env/lib/python3.11/site-packages/airflow/example_dags/example_short_circuit_decorator.py took 0.086 seconds
[2024-11-13T19:48:40.523+1100] {processor.py:186} INFO - Started process (PID=66336) to work on /Users/yoonmoon/git/learn-airflow/airflow1/py_env/lib/python3.11/site-packages/airflow/example_dags/example_short_circuit_decorator.py
[2024-11-13T19:48:40.524+1100] {processor.py:914} INFO - Processing file /Users/yoonmoon/git/learn-airflow/airflow1/py_env/lib/python3.11/site-packages/airflow/example_dags/example_short_circuit_decorator.py for tasks to queue
[2024-11-13T19:48:40.525+1100] {logging_mixin.py:190} INFO - [2024-11-13T19:48:40.525+1100] {dagbag.py:588} INFO - Filling up the DagBag from /Users/yoonmoon/git/learn-airflow/airflow1/py_env/lib/python3.11/site-packages/airflow/example_dags/example_short_circuit_decorator.py
[2024-11-13T19:48:40.539+1100] {processor.py:925} INFO - DAG(s) 'example_short_circuit_decorator' retrieved from /Users/yoonmoon/git/learn-airflow/airflow1/py_env/lib/python3.11/site-packages/airflow/example_dags/example_short_circuit_decorator.py
[2024-11-13T19:48:40.597+1100] {logging_mixin.py:190} INFO - [2024-11-13T19:48:40.597+1100] {dag.py:3239} INFO - Sync 1 DAGs
[2024-11-13T19:48:40.601+1100] {logging_mixin.py:190} INFO - [2024-11-13T19:48:40.601+1100] {dag.py:4180} INFO - Setting next_dagrun for example_short_circuit_decorator to None, run_after=None
[2024-11-13T19:48:40.608+1100] {processor.py:208} INFO - Processing /Users/yoonmoon/git/learn-airflow/airflow1/py_env/lib/python3.11/site-packages/airflow/example_dags/example_short_circuit_decorator.py took 0.087 seconds
[2024-11-13T19:50:50.070+1100] {processor.py:186} INFO - Started process (PID=66573) to work on /Users/yoonmoon/git/learn-airflow/airflow1/py_env/lib/python3.11/site-packages/airflow/example_dags/example_short_circuit_decorator.py
[2024-11-13T19:50:50.071+1100] {processor.py:914} INFO - Processing file /Users/yoonmoon/git/learn-airflow/airflow1/py_env/lib/python3.11/site-packages/airflow/example_dags/example_short_circuit_decorator.py for tasks to queue
[2024-11-13T19:50:50.072+1100] {logging_mixin.py:190} INFO - [2024-11-13T19:50:50.072+1100] {dagbag.py:588} INFO - Filling up the DagBag from /Users/yoonmoon/git/learn-airflow/airflow1/py_env/lib/python3.11/site-packages/airflow/example_dags/example_short_circuit_decorator.py
[2024-11-13T19:50:50.086+1100] {processor.py:925} INFO - DAG(s) 'example_short_circuit_decorator' retrieved from /Users/yoonmoon/git/learn-airflow/airflow1/py_env/lib/python3.11/site-packages/airflow/example_dags/example_short_circuit_decorator.py
[2024-11-13T19:50:50.146+1100] {logging_mixin.py:190} INFO - [2024-11-13T19:50:50.146+1100] {dag.py:3239} INFO - Sync 1 DAGs
[2024-11-13T19:50:50.150+1100] {logging_mixin.py:190} INFO - [2024-11-13T19:50:50.150+1100] {dag.py:4180} INFO - Setting next_dagrun for example_short_circuit_decorator to None, run_after=None
[2024-11-13T19:50:50.157+1100] {processor.py:208} INFO - Processing /Users/yoonmoon/git/learn-airflow/airflow1/py_env/lib/python3.11/site-packages/airflow/example_dags/example_short_circuit_decorator.py took 0.089 seconds
[2024-11-13T19:53:09.360+1100] {processor.py:186} INFO - Started process (PID=66822) to work on /Users/yoonmoon/git/learn-airflow/airflow1/py_env/lib/python3.11/site-packages/airflow/example_dags/example_short_circuit_decorator.py
[2024-11-13T19:53:09.362+1100] {processor.py:914} INFO - Processing file /Users/yoonmoon/git/learn-airflow/airflow1/py_env/lib/python3.11/site-packages/airflow/example_dags/example_short_circuit_decorator.py for tasks to queue
[2024-11-13T19:53:09.362+1100] {logging_mixin.py:190} INFO - [2024-11-13T19:53:09.362+1100] {dagbag.py:588} INFO - Filling up the DagBag from /Users/yoonmoon/git/learn-airflow/airflow1/py_env/lib/python3.11/site-packages/airflow/example_dags/example_short_circuit_decorator.py
[2024-11-13T19:53:09.376+1100] {processor.py:925} INFO - DAG(s) 'example_short_circuit_decorator' retrieved from /Users/yoonmoon/git/learn-airflow/airflow1/py_env/lib/python3.11/site-packages/airflow/example_dags/example_short_circuit_decorator.py
[2024-11-13T19:53:09.435+1100] {logging_mixin.py:190} INFO - [2024-11-13T19:53:09.435+1100] {dag.py:3239} INFO - Sync 1 DAGs
[2024-11-13T19:53:09.439+1100] {logging_mixin.py:190} INFO - [2024-11-13T19:53:09.439+1100] {dag.py:4180} INFO - Setting next_dagrun for example_short_circuit_decorator to None, run_after=None
[2024-11-13T19:53:09.446+1100] {processor.py:208} INFO - Processing /Users/yoonmoon/git/learn-airflow/airflow1/py_env/lib/python3.11/site-packages/airflow/example_dags/example_short_circuit_decorator.py took 0.087 seconds
[2024-11-13T19:55:30.076+1100] {processor.py:186} INFO - Started process (PID=67113) to work on /Users/yoonmoon/git/learn-airflow/airflow1/py_env/lib/python3.11/site-packages/airflow/example_dags/example_short_circuit_decorator.py
[2024-11-13T19:55:30.078+1100] {processor.py:914} INFO - Processing file /Users/yoonmoon/git/learn-airflow/airflow1/py_env/lib/python3.11/site-packages/airflow/example_dags/example_short_circuit_decorator.py for tasks to queue
[2024-11-13T19:55:30.078+1100] {logging_mixin.py:190} INFO - [2024-11-13T19:55:30.078+1100] {dagbag.py:588} INFO - Filling up the DagBag from /Users/yoonmoon/git/learn-airflow/airflow1/py_env/lib/python3.11/site-packages/airflow/example_dags/example_short_circuit_decorator.py
[2024-11-13T19:55:30.092+1100] {processor.py:925} INFO - DAG(s) 'example_short_circuit_decorator' retrieved from /Users/yoonmoon/git/learn-airflow/airflow1/py_env/lib/python3.11/site-packages/airflow/example_dags/example_short_circuit_decorator.py
[2024-11-13T19:55:30.151+1100] {logging_mixin.py:190} INFO - [2024-11-13T19:55:30.151+1100] {dag.py:3239} INFO - Sync 1 DAGs
[2024-11-13T19:55:30.155+1100] {logging_mixin.py:190} INFO - [2024-11-13T19:55:30.154+1100] {dag.py:4180} INFO - Setting next_dagrun for example_short_circuit_decorator to None, run_after=None
[2024-11-13T19:55:30.161+1100] {processor.py:208} INFO - Processing /Users/yoonmoon/git/learn-airflow/airflow1/py_env/lib/python3.11/site-packages/airflow/example_dags/example_short_circuit_decorator.py took 0.087 seconds
[2024-11-13T19:57:48.376+1100] {processor.py:186} INFO - Started process (PID=67363) to work on /Users/yoonmoon/git/learn-airflow/airflow1/py_env/lib/python3.11/site-packages/airflow/example_dags/example_short_circuit_decorator.py
[2024-11-13T19:57:48.377+1100] {processor.py:914} INFO - Processing file /Users/yoonmoon/git/learn-airflow/airflow1/py_env/lib/python3.11/site-packages/airflow/example_dags/example_short_circuit_decorator.py for tasks to queue
[2024-11-13T19:57:48.378+1100] {logging_mixin.py:190} INFO - [2024-11-13T19:57:48.378+1100] {dagbag.py:588} INFO - Filling up the DagBag from /Users/yoonmoon/git/learn-airflow/airflow1/py_env/lib/python3.11/site-packages/airflow/example_dags/example_short_circuit_decorator.py
[2024-11-13T19:57:48.392+1100] {processor.py:925} INFO - DAG(s) 'example_short_circuit_decorator' retrieved from /Users/yoonmoon/git/learn-airflow/airflow1/py_env/lib/python3.11/site-packages/airflow/example_dags/example_short_circuit_decorator.py
[2024-11-13T19:57:48.451+1100] {logging_mixin.py:190} INFO - [2024-11-13T19:57:48.451+1100] {dag.py:3239} INFO - Sync 1 DAGs
[2024-11-13T19:57:48.455+1100] {logging_mixin.py:190} INFO - [2024-11-13T19:57:48.455+1100] {dag.py:4180} INFO - Setting next_dagrun for example_short_circuit_decorator to None, run_after=None
[2024-11-13T19:57:48.461+1100] {processor.py:208} INFO - Processing /Users/yoonmoon/git/learn-airflow/airflow1/py_env/lib/python3.11/site-packages/airflow/example_dags/example_short_circuit_decorator.py took 0.088 seconds
[2024-11-13T20:00:02.645+1100] {processor.py:186} INFO - Started process (PID=67609) to work on /Users/yoonmoon/git/learn-airflow/airflow1/py_env/lib/python3.11/site-packages/airflow/example_dags/example_short_circuit_decorator.py
[2024-11-13T20:00:02.646+1100] {processor.py:914} INFO - Processing file /Users/yoonmoon/git/learn-airflow/airflow1/py_env/lib/python3.11/site-packages/airflow/example_dags/example_short_circuit_decorator.py for tasks to queue
[2024-11-13T20:00:02.647+1100] {logging_mixin.py:190} INFO - [2024-11-13T20:00:02.646+1100] {dagbag.py:588} INFO - Filling up the DagBag from /Users/yoonmoon/git/learn-airflow/airflow1/py_env/lib/python3.11/site-packages/airflow/example_dags/example_short_circuit_decorator.py
[2024-11-13T20:00:02.660+1100] {processor.py:925} INFO - DAG(s) 'example_short_circuit_decorator' retrieved from /Users/yoonmoon/git/learn-airflow/airflow1/py_env/lib/python3.11/site-packages/airflow/example_dags/example_short_circuit_decorator.py
[2024-11-13T20:00:02.720+1100] {logging_mixin.py:190} INFO - [2024-11-13T20:00:02.720+1100] {dag.py:3239} INFO - Sync 1 DAGs
[2024-11-13T20:00:02.724+1100] {logging_mixin.py:190} INFO - [2024-11-13T20:00:02.724+1100] {dag.py:4180} INFO - Setting next_dagrun for example_short_circuit_decorator to None, run_after=None
[2024-11-13T20:00:02.731+1100] {processor.py:208} INFO - Processing /Users/yoonmoon/git/learn-airflow/airflow1/py_env/lib/python3.11/site-packages/airflow/example_dags/example_short_circuit_decorator.py took 0.089 seconds
[2024-11-13T20:02:20.003+1100] {processor.py:186} INFO - Started process (PID=67854) to work on /Users/yoonmoon/git/learn-airflow/airflow1/py_env/lib/python3.11/site-packages/airflow/example_dags/example_short_circuit_decorator.py
[2024-11-13T20:02:20.004+1100] {processor.py:914} INFO - Processing file /Users/yoonmoon/git/learn-airflow/airflow1/py_env/lib/python3.11/site-packages/airflow/example_dags/example_short_circuit_decorator.py for tasks to queue
[2024-11-13T20:02:20.005+1100] {logging_mixin.py:190} INFO - [2024-11-13T20:02:20.005+1100] {dagbag.py:588} INFO - Filling up the DagBag from /Users/yoonmoon/git/learn-airflow/airflow1/py_env/lib/python3.11/site-packages/airflow/example_dags/example_short_circuit_decorator.py
[2024-11-13T20:02:20.019+1100] {processor.py:925} INFO - DAG(s) 'example_short_circuit_decorator' retrieved from /Users/yoonmoon/git/learn-airflow/airflow1/py_env/lib/python3.11/site-packages/airflow/example_dags/example_short_circuit_decorator.py
[2024-11-13T20:02:20.077+1100] {logging_mixin.py:190} INFO - [2024-11-13T20:02:20.077+1100] {dag.py:3239} INFO - Sync 1 DAGs
[2024-11-13T20:02:20.081+1100] {logging_mixin.py:190} INFO - [2024-11-13T20:02:20.081+1100] {dag.py:4180} INFO - Setting next_dagrun for example_short_circuit_decorator to None, run_after=None
[2024-11-13T20:02:20.088+1100] {processor.py:208} INFO - Processing /Users/yoonmoon/git/learn-airflow/airflow1/py_env/lib/python3.11/site-packages/airflow/example_dags/example_short_circuit_decorator.py took 0.087 seconds
[2024-11-13T20:04:32.271+1100] {processor.py:186} INFO - Started process (PID=68097) to work on /Users/yoonmoon/git/learn-airflow/airflow1/py_env/lib/python3.11/site-packages/airflow/example_dags/example_short_circuit_decorator.py
[2024-11-13T20:04:32.273+1100] {processor.py:914} INFO - Processing file /Users/yoonmoon/git/learn-airflow/airflow1/py_env/lib/python3.11/site-packages/airflow/example_dags/example_short_circuit_decorator.py for tasks to queue
[2024-11-13T20:04:32.274+1100] {logging_mixin.py:190} INFO - [2024-11-13T20:04:32.273+1100] {dagbag.py:588} INFO - Filling up the DagBag from /Users/yoonmoon/git/learn-airflow/airflow1/py_env/lib/python3.11/site-packages/airflow/example_dags/example_short_circuit_decorator.py
[2024-11-13T20:04:32.287+1100] {processor.py:925} INFO - DAG(s) 'example_short_circuit_decorator' retrieved from /Users/yoonmoon/git/learn-airflow/airflow1/py_env/lib/python3.11/site-packages/airflow/example_dags/example_short_circuit_decorator.py
[2024-11-13T20:04:32.346+1100] {logging_mixin.py:190} INFO - [2024-11-13T20:04:32.346+1100] {dag.py:3239} INFO - Sync 1 DAGs
[2024-11-13T20:04:32.350+1100] {logging_mixin.py:190} INFO - [2024-11-13T20:04:32.350+1100] {dag.py:4180} INFO - Setting next_dagrun for example_short_circuit_decorator to None, run_after=None
[2024-11-13T20:04:32.356+1100] {processor.py:208} INFO - Processing /Users/yoonmoon/git/learn-airflow/airflow1/py_env/lib/python3.11/site-packages/airflow/example_dags/example_short_circuit_decorator.py took 0.087 seconds
[2024-11-13T20:06:54.323+1100] {processor.py:186} INFO - Started process (PID=68388) to work on /Users/yoonmoon/git/learn-airflow/airflow1/py_env/lib/python3.11/site-packages/airflow/example_dags/example_short_circuit_decorator.py
[2024-11-13T20:06:54.324+1100] {processor.py:914} INFO - Processing file /Users/yoonmoon/git/learn-airflow/airflow1/py_env/lib/python3.11/site-packages/airflow/example_dags/example_short_circuit_decorator.py for tasks to queue
[2024-11-13T20:06:54.324+1100] {logging_mixin.py:190} INFO - [2024-11-13T20:06:54.324+1100] {dagbag.py:588} INFO - Filling up the DagBag from /Users/yoonmoon/git/learn-airflow/airflow1/py_env/lib/python3.11/site-packages/airflow/example_dags/example_short_circuit_decorator.py
[2024-11-13T20:06:54.338+1100] {processor.py:925} INFO - DAG(s) 'example_short_circuit_decorator' retrieved from /Users/yoonmoon/git/learn-airflow/airflow1/py_env/lib/python3.11/site-packages/airflow/example_dags/example_short_circuit_decorator.py
[2024-11-13T20:06:54.400+1100] {logging_mixin.py:190} INFO - [2024-11-13T20:06:54.399+1100] {dag.py:3239} INFO - Sync 1 DAGs
[2024-11-13T20:06:54.403+1100] {logging_mixin.py:190} INFO - [2024-11-13T20:06:54.403+1100] {dag.py:4180} INFO - Setting next_dagrun for example_short_circuit_decorator to None, run_after=None
[2024-11-13T20:06:54.411+1100] {processor.py:208} INFO - Processing /Users/yoonmoon/git/learn-airflow/airflow1/py_env/lib/python3.11/site-packages/airflow/example_dags/example_short_circuit_decorator.py took 0.091 seconds
[2024-11-13T20:09:15.894+1100] {processor.py:186} INFO - Started process (PID=68663) to work on /Users/yoonmoon/git/learn-airflow/airflow1/py_env/lib/python3.11/site-packages/airflow/example_dags/example_short_circuit_decorator.py
[2024-11-13T20:09:15.895+1100] {processor.py:914} INFO - Processing file /Users/yoonmoon/git/learn-airflow/airflow1/py_env/lib/python3.11/site-packages/airflow/example_dags/example_short_circuit_decorator.py for tasks to queue
[2024-11-13T20:09:15.896+1100] {logging_mixin.py:190} INFO - [2024-11-13T20:09:15.896+1100] {dagbag.py:588} INFO - Filling up the DagBag from /Users/yoonmoon/git/learn-airflow/airflow1/py_env/lib/python3.11/site-packages/airflow/example_dags/example_short_circuit_decorator.py
[2024-11-13T20:09:15.909+1100] {processor.py:925} INFO - DAG(s) 'example_short_circuit_decorator' retrieved from /Users/yoonmoon/git/learn-airflow/airflow1/py_env/lib/python3.11/site-packages/airflow/example_dags/example_short_circuit_decorator.py
[2024-11-13T20:09:15.970+1100] {logging_mixin.py:190} INFO - [2024-11-13T20:09:15.970+1100] {dag.py:3239} INFO - Sync 1 DAGs
[2024-11-13T20:09:15.974+1100] {logging_mixin.py:190} INFO - [2024-11-13T20:09:15.974+1100] {dag.py:4180} INFO - Setting next_dagrun for example_short_circuit_decorator to None, run_after=None
[2024-11-13T20:09:15.980+1100] {processor.py:208} INFO - Processing /Users/yoonmoon/git/learn-airflow/airflow1/py_env/lib/python3.11/site-packages/airflow/example_dags/example_short_circuit_decorator.py took 0.088 seconds
[2024-11-13T20:11:32.382+1100] {processor.py:186} INFO - Started process (PID=68932) to work on /Users/yoonmoon/git/learn-airflow/airflow1/py_env/lib/python3.11/site-packages/airflow/example_dags/example_short_circuit_decorator.py
[2024-11-13T20:11:32.383+1100] {processor.py:914} INFO - Processing file /Users/yoonmoon/git/learn-airflow/airflow1/py_env/lib/python3.11/site-packages/airflow/example_dags/example_short_circuit_decorator.py for tasks to queue
[2024-11-13T20:11:32.384+1100] {logging_mixin.py:190} INFO - [2024-11-13T20:11:32.383+1100] {dagbag.py:588} INFO - Filling up the DagBag from /Users/yoonmoon/git/learn-airflow/airflow1/py_env/lib/python3.11/site-packages/airflow/example_dags/example_short_circuit_decorator.py
[2024-11-13T20:11:32.398+1100] {processor.py:925} INFO - DAG(s) 'example_short_circuit_decorator' retrieved from /Users/yoonmoon/git/learn-airflow/airflow1/py_env/lib/python3.11/site-packages/airflow/example_dags/example_short_circuit_decorator.py
[2024-11-13T20:11:32.461+1100] {logging_mixin.py:190} INFO - [2024-11-13T20:11:32.461+1100] {dag.py:3239} INFO - Sync 1 DAGs
[2024-11-13T20:11:32.465+1100] {logging_mixin.py:190} INFO - [2024-11-13T20:11:32.465+1100] {dag.py:4180} INFO - Setting next_dagrun for example_short_circuit_decorator to None, run_after=None
[2024-11-13T20:11:32.471+1100] {processor.py:208} INFO - Processing /Users/yoonmoon/git/learn-airflow/airflow1/py_env/lib/python3.11/site-packages/airflow/example_dags/example_short_circuit_decorator.py took 0.092 seconds
[2024-11-13T20:13:48.118+1100] {processor.py:186} INFO - Started process (PID=69188) to work on /Users/yoonmoon/git/learn-airflow/airflow1/py_env/lib/python3.11/site-packages/airflow/example_dags/example_short_circuit_decorator.py
[2024-11-13T20:13:48.118+1100] {processor.py:914} INFO - Processing file /Users/yoonmoon/git/learn-airflow/airflow1/py_env/lib/python3.11/site-packages/airflow/example_dags/example_short_circuit_decorator.py for tasks to queue
[2024-11-13T20:13:48.119+1100] {logging_mixin.py:190} INFO - [2024-11-13T20:13:48.119+1100] {dagbag.py:588} INFO - Filling up the DagBag from /Users/yoonmoon/git/learn-airflow/airflow1/py_env/lib/python3.11/site-packages/airflow/example_dags/example_short_circuit_decorator.py
[2024-11-13T20:13:48.134+1100] {processor.py:925} INFO - DAG(s) 'example_short_circuit_decorator' retrieved from /Users/yoonmoon/git/learn-airflow/airflow1/py_env/lib/python3.11/site-packages/airflow/example_dags/example_short_circuit_decorator.py
[2024-11-13T20:13:48.197+1100] {logging_mixin.py:190} INFO - [2024-11-13T20:13:48.197+1100] {dag.py:3239} INFO - Sync 1 DAGs
[2024-11-13T20:13:48.201+1100] {logging_mixin.py:190} INFO - [2024-11-13T20:13:48.201+1100] {dag.py:4180} INFO - Setting next_dagrun for example_short_circuit_decorator to None, run_after=None
[2024-11-13T20:13:48.208+1100] {processor.py:208} INFO - Processing /Users/yoonmoon/git/learn-airflow/airflow1/py_env/lib/python3.11/site-packages/airflow/example_dags/example_short_circuit_decorator.py took 0.093 seconds
[2024-11-13T20:16:07.797+1100] {processor.py:186} INFO - Started process (PID=69438) to work on /Users/yoonmoon/git/learn-airflow/airflow1/py_env/lib/python3.11/site-packages/airflow/example_dags/example_short_circuit_decorator.py
[2024-11-13T20:16:07.798+1100] {processor.py:914} INFO - Processing file /Users/yoonmoon/git/learn-airflow/airflow1/py_env/lib/python3.11/site-packages/airflow/example_dags/example_short_circuit_decorator.py for tasks to queue
[2024-11-13T20:16:07.798+1100] {logging_mixin.py:190} INFO - [2024-11-13T20:16:07.798+1100] {dagbag.py:588} INFO - Filling up the DagBag from /Users/yoonmoon/git/learn-airflow/airflow1/py_env/lib/python3.11/site-packages/airflow/example_dags/example_short_circuit_decorator.py
[2024-11-13T20:16:07.812+1100] {processor.py:925} INFO - DAG(s) 'example_short_circuit_decorator' retrieved from /Users/yoonmoon/git/learn-airflow/airflow1/py_env/lib/python3.11/site-packages/airflow/example_dags/example_short_circuit_decorator.py
[2024-11-13T20:16:07.874+1100] {logging_mixin.py:190} INFO - [2024-11-13T20:16:07.874+1100] {dag.py:3239} INFO - Sync 1 DAGs
[2024-11-13T20:16:07.878+1100] {logging_mixin.py:190} INFO - [2024-11-13T20:16:07.878+1100] {dag.py:4180} INFO - Setting next_dagrun for example_short_circuit_decorator to None, run_after=None
[2024-11-13T20:16:07.885+1100] {processor.py:208} INFO - Processing /Users/yoonmoon/git/learn-airflow/airflow1/py_env/lib/python3.11/site-packages/airflow/example_dags/example_short_circuit_decorator.py took 0.090 seconds
[2024-11-13T20:18:26.995+1100] {processor.py:186} INFO - Started process (PID=69703) to work on /Users/yoonmoon/git/learn-airflow/airflow1/py_env/lib/python3.11/site-packages/airflow/example_dags/example_short_circuit_decorator.py
[2024-11-13T20:18:26.995+1100] {processor.py:914} INFO - Processing file /Users/yoonmoon/git/learn-airflow/airflow1/py_env/lib/python3.11/site-packages/airflow/example_dags/example_short_circuit_decorator.py for tasks to queue
[2024-11-13T20:18:26.996+1100] {logging_mixin.py:190} INFO - [2024-11-13T20:18:26.996+1100] {dagbag.py:588} INFO - Filling up the DagBag from /Users/yoonmoon/git/learn-airflow/airflow1/py_env/lib/python3.11/site-packages/airflow/example_dags/example_short_circuit_decorator.py
[2024-11-13T20:18:27.010+1100] {processor.py:925} INFO - DAG(s) 'example_short_circuit_decorator' retrieved from /Users/yoonmoon/git/learn-airflow/airflow1/py_env/lib/python3.11/site-packages/airflow/example_dags/example_short_circuit_decorator.py
[2024-11-13T20:18:27.069+1100] {logging_mixin.py:190} INFO - [2024-11-13T20:18:27.069+1100] {dag.py:3239} INFO - Sync 1 DAGs
[2024-11-13T20:18:27.073+1100] {logging_mixin.py:190} INFO - [2024-11-13T20:18:27.073+1100] {dag.py:4180} INFO - Setting next_dagrun for example_short_circuit_decorator to None, run_after=None
[2024-11-13T20:18:27.079+1100] {processor.py:208} INFO - Processing /Users/yoonmoon/git/learn-airflow/airflow1/py_env/lib/python3.11/site-packages/airflow/example_dags/example_short_circuit_decorator.py took 0.088 seconds
[2024-11-13T20:20:46.845+1100] {processor.py:186} INFO - Started process (PID=70063) to work on /Users/yoonmoon/git/learn-airflow/airflow1/py_env/lib/python3.11/site-packages/airflow/example_dags/example_short_circuit_decorator.py
[2024-11-13T20:20:46.846+1100] {processor.py:914} INFO - Processing file /Users/yoonmoon/git/learn-airflow/airflow1/py_env/lib/python3.11/site-packages/airflow/example_dags/example_short_circuit_decorator.py for tasks to queue
[2024-11-13T20:20:46.847+1100] {logging_mixin.py:190} INFO - [2024-11-13T20:20:46.847+1100] {dagbag.py:588} INFO - Filling up the DagBag from /Users/yoonmoon/git/learn-airflow/airflow1/py_env/lib/python3.11/site-packages/airflow/example_dags/example_short_circuit_decorator.py
[2024-11-13T20:20:46.863+1100] {processor.py:925} INFO - DAG(s) 'example_short_circuit_decorator' retrieved from /Users/yoonmoon/git/learn-airflow/airflow1/py_env/lib/python3.11/site-packages/airflow/example_dags/example_short_circuit_decorator.py
[2024-11-13T20:20:46.929+1100] {logging_mixin.py:190} INFO - [2024-11-13T20:20:46.928+1100] {dag.py:3239} INFO - Sync 1 DAGs
[2024-11-13T20:20:46.932+1100] {logging_mixin.py:190} INFO - [2024-11-13T20:20:46.932+1100] {dag.py:4180} INFO - Setting next_dagrun for example_short_circuit_decorator to None, run_after=None
[2024-11-13T20:20:46.939+1100] {processor.py:208} INFO - Processing /Users/yoonmoon/git/learn-airflow/airflow1/py_env/lib/python3.11/site-packages/airflow/example_dags/example_short_circuit_decorator.py took 0.097 seconds
[2024-11-13T20:23:00.595+1100] {processor.py:186} INFO - Started process (PID=70333) to work on /Users/yoonmoon/git/learn-airflow/airflow1/py_env/lib/python3.11/site-packages/airflow/example_dags/example_short_circuit_decorator.py
[2024-11-13T20:23:00.596+1100] {processor.py:914} INFO - Processing file /Users/yoonmoon/git/learn-airflow/airflow1/py_env/lib/python3.11/site-packages/airflow/example_dags/example_short_circuit_decorator.py for tasks to queue
[2024-11-13T20:23:00.597+1100] {logging_mixin.py:190} INFO - [2024-11-13T20:23:00.597+1100] {dagbag.py:588} INFO - Filling up the DagBag from /Users/yoonmoon/git/learn-airflow/airflow1/py_env/lib/python3.11/site-packages/airflow/example_dags/example_short_circuit_decorator.py
[2024-11-13T20:23:00.610+1100] {processor.py:925} INFO - DAG(s) 'example_short_circuit_decorator' retrieved from /Users/yoonmoon/git/learn-airflow/airflow1/py_env/lib/python3.11/site-packages/airflow/example_dags/example_short_circuit_decorator.py
[2024-11-13T20:23:00.669+1100] {logging_mixin.py:190} INFO - [2024-11-13T20:23:00.669+1100] {dag.py:3239} INFO - Sync 1 DAGs
[2024-11-13T20:23:00.673+1100] {logging_mixin.py:190} INFO - [2024-11-13T20:23:00.673+1100] {dag.py:4180} INFO - Setting next_dagrun for example_short_circuit_decorator to None, run_after=None
[2024-11-13T20:23:00.681+1100] {processor.py:208} INFO - Processing /Users/yoonmoon/git/learn-airflow/airflow1/py_env/lib/python3.11/site-packages/airflow/example_dags/example_short_circuit_decorator.py took 0.088 seconds
[2024-11-13T20:25:13.293+1100] {processor.py:186} INFO - Started process (PID=70590) to work on /Users/yoonmoon/git/learn-airflow/airflow1/py_env/lib/python3.11/site-packages/airflow/example_dags/example_short_circuit_decorator.py
[2024-11-13T20:25:13.294+1100] {processor.py:914} INFO - Processing file /Users/yoonmoon/git/learn-airflow/airflow1/py_env/lib/python3.11/site-packages/airflow/example_dags/example_short_circuit_decorator.py for tasks to queue
[2024-11-13T20:25:13.295+1100] {logging_mixin.py:190} INFO - [2024-11-13T20:25:13.295+1100] {dagbag.py:588} INFO - Filling up the DagBag from /Users/yoonmoon/git/learn-airflow/airflow1/py_env/lib/python3.11/site-packages/airflow/example_dags/example_short_circuit_decorator.py
[2024-11-13T20:25:13.309+1100] {processor.py:925} INFO - DAG(s) 'example_short_circuit_decorator' retrieved from /Users/yoonmoon/git/learn-airflow/airflow1/py_env/lib/python3.11/site-packages/airflow/example_dags/example_short_circuit_decorator.py
[2024-11-13T20:25:13.371+1100] {logging_mixin.py:190} INFO - [2024-11-13T20:25:13.370+1100] {dag.py:3239} INFO - Sync 1 DAGs
[2024-11-13T20:25:13.374+1100] {logging_mixin.py:190} INFO - [2024-11-13T20:25:13.374+1100] {dag.py:4180} INFO - Setting next_dagrun for example_short_circuit_decorator to None, run_after=None
[2024-11-13T20:25:13.381+1100] {processor.py:208} INFO - Processing /Users/yoonmoon/git/learn-airflow/airflow1/py_env/lib/python3.11/site-packages/airflow/example_dags/example_short_circuit_decorator.py took 0.090 seconds
[2024-11-13T20:27:33.144+1100] {processor.py:186} INFO - Started process (PID=70874) to work on /Users/yoonmoon/git/learn-airflow/airflow1/py_env/lib/python3.11/site-packages/airflow/example_dags/example_short_circuit_decorator.py
[2024-11-13T20:27:33.145+1100] {processor.py:914} INFO - Processing file /Users/yoonmoon/git/learn-airflow/airflow1/py_env/lib/python3.11/site-packages/airflow/example_dags/example_short_circuit_decorator.py for tasks to queue
[2024-11-13T20:27:33.146+1100] {logging_mixin.py:190} INFO - [2024-11-13T20:27:33.146+1100] {dagbag.py:588} INFO - Filling up the DagBag from /Users/yoonmoon/git/learn-airflow/airflow1/py_env/lib/python3.11/site-packages/airflow/example_dags/example_short_circuit_decorator.py
[2024-11-13T20:27:33.161+1100] {processor.py:925} INFO - DAG(s) 'example_short_circuit_decorator' retrieved from /Users/yoonmoon/git/learn-airflow/airflow1/py_env/lib/python3.11/site-packages/airflow/example_dags/example_short_circuit_decorator.py
[2024-11-13T20:27:33.223+1100] {logging_mixin.py:190} INFO - [2024-11-13T20:27:33.223+1100] {dag.py:3239} INFO - Sync 1 DAGs
[2024-11-13T20:27:33.227+1100] {logging_mixin.py:190} INFO - [2024-11-13T20:27:33.227+1100] {dag.py:4180} INFO - Setting next_dagrun for example_short_circuit_decorator to None, run_after=None
[2024-11-13T20:27:33.233+1100] {processor.py:208} INFO - Processing /Users/yoonmoon/git/learn-airflow/airflow1/py_env/lib/python3.11/site-packages/airflow/example_dags/example_short_circuit_decorator.py took 0.091 seconds
[2024-11-13T20:29:46.318+1100] {processor.py:186} INFO - Started process (PID=71142) to work on /Users/yoonmoon/git/learn-airflow/airflow1/py_env/lib/python3.11/site-packages/airflow/example_dags/example_short_circuit_decorator.py
[2024-11-13T20:29:46.319+1100] {processor.py:914} INFO - Processing file /Users/yoonmoon/git/learn-airflow/airflow1/py_env/lib/python3.11/site-packages/airflow/example_dags/example_short_circuit_decorator.py for tasks to queue
[2024-11-13T20:29:46.319+1100] {logging_mixin.py:190} INFO - [2024-11-13T20:29:46.319+1100] {dagbag.py:588} INFO - Filling up the DagBag from /Users/yoonmoon/git/learn-airflow/airflow1/py_env/lib/python3.11/site-packages/airflow/example_dags/example_short_circuit_decorator.py
[2024-11-13T20:29:46.333+1100] {processor.py:925} INFO - DAG(s) 'example_short_circuit_decorator' retrieved from /Users/yoonmoon/git/learn-airflow/airflow1/py_env/lib/python3.11/site-packages/airflow/example_dags/example_short_circuit_decorator.py
[2024-11-13T20:29:46.392+1100] {logging_mixin.py:190} INFO - [2024-11-13T20:29:46.392+1100] {dag.py:3239} INFO - Sync 1 DAGs
[2024-11-13T20:29:46.396+1100] {logging_mixin.py:190} INFO - [2024-11-13T20:29:46.396+1100] {dag.py:4180} INFO - Setting next_dagrun for example_short_circuit_decorator to None, run_after=None
[2024-11-13T20:29:46.402+1100] {processor.py:208} INFO - Processing /Users/yoonmoon/git/learn-airflow/airflow1/py_env/lib/python3.11/site-packages/airflow/example_dags/example_short_circuit_decorator.py took 0.087 seconds
[2024-11-13T20:32:05.418+1100] {processor.py:186} INFO - Started process (PID=71391) to work on /Users/yoonmoon/git/learn-airflow/airflow1/py_env/lib/python3.11/site-packages/airflow/example_dags/example_short_circuit_decorator.py
[2024-11-13T20:32:05.419+1100] {processor.py:914} INFO - Processing file /Users/yoonmoon/git/learn-airflow/airflow1/py_env/lib/python3.11/site-packages/airflow/example_dags/example_short_circuit_decorator.py for tasks to queue
[2024-11-13T20:32:05.419+1100] {logging_mixin.py:190} INFO - [2024-11-13T20:32:05.419+1100] {dagbag.py:588} INFO - Filling up the DagBag from /Users/yoonmoon/git/learn-airflow/airflow1/py_env/lib/python3.11/site-packages/airflow/example_dags/example_short_circuit_decorator.py
[2024-11-13T20:32:05.434+1100] {processor.py:925} INFO - DAG(s) 'example_short_circuit_decorator' retrieved from /Users/yoonmoon/git/learn-airflow/airflow1/py_env/lib/python3.11/site-packages/airflow/example_dags/example_short_circuit_decorator.py
[2024-11-13T20:32:05.494+1100] {logging_mixin.py:190} INFO - [2024-11-13T20:32:05.494+1100] {dag.py:3239} INFO - Sync 1 DAGs
[2024-11-13T20:32:05.498+1100] {logging_mixin.py:190} INFO - [2024-11-13T20:32:05.498+1100] {dag.py:4180} INFO - Setting next_dagrun for example_short_circuit_decorator to None, run_after=None
[2024-11-13T20:32:05.506+1100] {processor.py:208} INFO - Processing /Users/yoonmoon/git/learn-airflow/airflow1/py_env/lib/python3.11/site-packages/airflow/example_dags/example_short_circuit_decorator.py took 0.090 seconds
[2024-11-13T20:34:28.591+1100] {processor.py:186} INFO - Started process (PID=71653) to work on /Users/yoonmoon/git/learn-airflow/airflow1/py_env/lib/python3.11/site-packages/airflow/example_dags/example_short_circuit_decorator.py
[2024-11-13T20:34:28.591+1100] {processor.py:914} INFO - Processing file /Users/yoonmoon/git/learn-airflow/airflow1/py_env/lib/python3.11/site-packages/airflow/example_dags/example_short_circuit_decorator.py for tasks to queue
[2024-11-13T20:34:28.592+1100] {logging_mixin.py:190} INFO - [2024-11-13T20:34:28.592+1100] {dagbag.py:588} INFO - Filling up the DagBag from /Users/yoonmoon/git/learn-airflow/airflow1/py_env/lib/python3.11/site-packages/airflow/example_dags/example_short_circuit_decorator.py
[2024-11-13T20:34:28.606+1100] {processor.py:925} INFO - DAG(s) 'example_short_circuit_decorator' retrieved from /Users/yoonmoon/git/learn-airflow/airflow1/py_env/lib/python3.11/site-packages/airflow/example_dags/example_short_circuit_decorator.py
[2024-11-13T20:34:28.665+1100] {logging_mixin.py:190} INFO - [2024-11-13T20:34:28.665+1100] {dag.py:3239} INFO - Sync 1 DAGs
[2024-11-13T20:34:28.669+1100] {logging_mixin.py:190} INFO - [2024-11-13T20:34:28.669+1100] {dag.py:4180} INFO - Setting next_dagrun for example_short_circuit_decorator to None, run_after=None
[2024-11-13T20:34:28.675+1100] {processor.py:208} INFO - Processing /Users/yoonmoon/git/learn-airflow/airflow1/py_env/lib/python3.11/site-packages/airflow/example_dags/example_short_circuit_decorator.py took 0.086 seconds
[2024-11-13T20:36:46.459+1100] {processor.py:186} INFO - Started process (PID=71932) to work on /Users/yoonmoon/git/learn-airflow/airflow1/py_env/lib/python3.11/site-packages/airflow/example_dags/example_short_circuit_decorator.py
[2024-11-13T20:36:46.460+1100] {processor.py:914} INFO - Processing file /Users/yoonmoon/git/learn-airflow/airflow1/py_env/lib/python3.11/site-packages/airflow/example_dags/example_short_circuit_decorator.py for tasks to queue
[2024-11-13T20:36:46.460+1100] {logging_mixin.py:190} INFO - [2024-11-13T20:36:46.460+1100] {dagbag.py:588} INFO - Filling up the DagBag from /Users/yoonmoon/git/learn-airflow/airflow1/py_env/lib/python3.11/site-packages/airflow/example_dags/example_short_circuit_decorator.py
[2024-11-13T20:36:46.475+1100] {processor.py:925} INFO - DAG(s) 'example_short_circuit_decorator' retrieved from /Users/yoonmoon/git/learn-airflow/airflow1/py_env/lib/python3.11/site-packages/airflow/example_dags/example_short_circuit_decorator.py
[2024-11-13T20:36:46.534+1100] {logging_mixin.py:190} INFO - [2024-11-13T20:36:46.534+1100] {dag.py:3239} INFO - Sync 1 DAGs
[2024-11-13T20:36:46.538+1100] {logging_mixin.py:190} INFO - [2024-11-13T20:36:46.538+1100] {dag.py:4180} INFO - Setting next_dagrun for example_short_circuit_decorator to None, run_after=None
[2024-11-13T20:36:46.547+1100] {processor.py:208} INFO - Processing /Users/yoonmoon/git/learn-airflow/airflow1/py_env/lib/python3.11/site-packages/airflow/example_dags/example_short_circuit_decorator.py took 0.090 seconds
[2024-11-13T20:39:03.129+1100] {processor.py:186} INFO - Started process (PID=72226) to work on /Users/yoonmoon/git/learn-airflow/airflow1/py_env/lib/python3.11/site-packages/airflow/example_dags/example_short_circuit_decorator.py
[2024-11-13T20:39:03.130+1100] {processor.py:914} INFO - Processing file /Users/yoonmoon/git/learn-airflow/airflow1/py_env/lib/python3.11/site-packages/airflow/example_dags/example_short_circuit_decorator.py for tasks to queue
[2024-11-13T20:39:03.130+1100] {logging_mixin.py:190} INFO - [2024-11-13T20:39:03.130+1100] {dagbag.py:588} INFO - Filling up the DagBag from /Users/yoonmoon/git/learn-airflow/airflow1/py_env/lib/python3.11/site-packages/airflow/example_dags/example_short_circuit_decorator.py
[2024-11-13T20:39:03.144+1100] {processor.py:925} INFO - DAG(s) 'example_short_circuit_decorator' retrieved from /Users/yoonmoon/git/learn-airflow/airflow1/py_env/lib/python3.11/site-packages/airflow/example_dags/example_short_circuit_decorator.py
[2024-11-13T20:39:03.204+1100] {logging_mixin.py:190} INFO - [2024-11-13T20:39:03.204+1100] {dag.py:3239} INFO - Sync 1 DAGs
[2024-11-13T20:39:03.208+1100] {logging_mixin.py:190} INFO - [2024-11-13T20:39:03.208+1100] {dag.py:4180} INFO - Setting next_dagrun for example_short_circuit_decorator to None, run_after=None
[2024-11-13T20:39:03.214+1100] {processor.py:208} INFO - Processing /Users/yoonmoon/git/learn-airflow/airflow1/py_env/lib/python3.11/site-packages/airflow/example_dags/example_short_circuit_decorator.py took 0.088 seconds
[2024-11-13T20:41:24.242+1100] {processor.py:186} INFO - Started process (PID=72484) to work on /Users/yoonmoon/git/learn-airflow/airflow1/py_env/lib/python3.11/site-packages/airflow/example_dags/example_short_circuit_decorator.py
[2024-11-13T20:41:24.243+1100] {processor.py:914} INFO - Processing file /Users/yoonmoon/git/learn-airflow/airflow1/py_env/lib/python3.11/site-packages/airflow/example_dags/example_short_circuit_decorator.py for tasks to queue
[2024-11-13T20:41:24.243+1100] {logging_mixin.py:190} INFO - [2024-11-13T20:41:24.243+1100] {dagbag.py:588} INFO - Filling up the DagBag from /Users/yoonmoon/git/learn-airflow/airflow1/py_env/lib/python3.11/site-packages/airflow/example_dags/example_short_circuit_decorator.py
[2024-11-13T20:41:24.257+1100] {processor.py:925} INFO - DAG(s) 'example_short_circuit_decorator' retrieved from /Users/yoonmoon/git/learn-airflow/airflow1/py_env/lib/python3.11/site-packages/airflow/example_dags/example_short_circuit_decorator.py
[2024-11-13T20:41:24.315+1100] {logging_mixin.py:190} INFO - [2024-11-13T20:41:24.315+1100] {dag.py:3239} INFO - Sync 1 DAGs
[2024-11-13T20:41:24.319+1100] {logging_mixin.py:190} INFO - [2024-11-13T20:41:24.319+1100] {dag.py:4180} INFO - Setting next_dagrun for example_short_circuit_decorator to None, run_after=None
[2024-11-13T20:41:24.326+1100] {processor.py:208} INFO - Processing /Users/yoonmoon/git/learn-airflow/airflow1/py_env/lib/python3.11/site-packages/airflow/example_dags/example_short_circuit_decorator.py took 0.086 seconds
[2024-11-13T20:42:36.824+1100] {processor.py:186} INFO - Started process (PID=72616) to work on /Users/yoonmoon/git/learn-airflow/airflow1/py_env/lib/python3.11/site-packages/airflow/example_dags/example_short_circuit_decorator.py
[2024-11-13T20:42:36.825+1100] {processor.py:914} INFO - Processing file /Users/yoonmoon/git/learn-airflow/airflow1/py_env/lib/python3.11/site-packages/airflow/example_dags/example_short_circuit_decorator.py for tasks to queue
[2024-11-13T20:42:36.826+1100] {logging_mixin.py:190} INFO - [2024-11-13T20:42:36.826+1100] {dagbag.py:588} INFO - Filling up the DagBag from /Users/yoonmoon/git/learn-airflow/airflow1/py_env/lib/python3.11/site-packages/airflow/example_dags/example_short_circuit_decorator.py
[2024-11-13T20:42:36.840+1100] {processor.py:925} INFO - DAG(s) 'example_short_circuit_decorator' retrieved from /Users/yoonmoon/git/learn-airflow/airflow1/py_env/lib/python3.11/site-packages/airflow/example_dags/example_short_circuit_decorator.py
[2024-11-13T20:42:36.899+1100] {logging_mixin.py:190} INFO - [2024-11-13T20:42:36.899+1100] {dag.py:3239} INFO - Sync 1 DAGs
[2024-11-13T20:42:36.903+1100] {logging_mixin.py:190} INFO - [2024-11-13T20:42:36.903+1100] {dag.py:4180} INFO - Setting next_dagrun for example_short_circuit_decorator to None, run_after=None
[2024-11-13T20:42:36.910+1100] {processor.py:208} INFO - Processing /Users/yoonmoon/git/learn-airflow/airflow1/py_env/lib/python3.11/site-packages/airflow/example_dags/example_short_circuit_decorator.py took 0.088 seconds
[2024-11-13T20:44:54.541+1100] {processor.py:186} INFO - Started process (PID=72886) to work on /Users/yoonmoon/git/learn-airflow/airflow1/py_env/lib/python3.11/site-packages/airflow/example_dags/example_short_circuit_decorator.py
[2024-11-13T20:44:54.542+1100] {processor.py:914} INFO - Processing file /Users/yoonmoon/git/learn-airflow/airflow1/py_env/lib/python3.11/site-packages/airflow/example_dags/example_short_circuit_decorator.py for tasks to queue
[2024-11-13T20:44:54.543+1100] {logging_mixin.py:190} INFO - [2024-11-13T20:44:54.542+1100] {dagbag.py:588} INFO - Filling up the DagBag from /Users/yoonmoon/git/learn-airflow/airflow1/py_env/lib/python3.11/site-packages/airflow/example_dags/example_short_circuit_decorator.py
[2024-11-13T20:44:54.557+1100] {processor.py:925} INFO - DAG(s) 'example_short_circuit_decorator' retrieved from /Users/yoonmoon/git/learn-airflow/airflow1/py_env/lib/python3.11/site-packages/airflow/example_dags/example_short_circuit_decorator.py
[2024-11-13T20:44:54.618+1100] {logging_mixin.py:190} INFO - [2024-11-13T20:44:54.618+1100] {dag.py:3239} INFO - Sync 1 DAGs
[2024-11-13T20:44:54.622+1100] {logging_mixin.py:190} INFO - [2024-11-13T20:44:54.622+1100] {dag.py:4180} INFO - Setting next_dagrun for example_short_circuit_decorator to None, run_after=None
[2024-11-13T20:44:54.629+1100] {processor.py:208} INFO - Processing /Users/yoonmoon/git/learn-airflow/airflow1/py_env/lib/python3.11/site-packages/airflow/example_dags/example_short_circuit_decorator.py took 0.090 seconds
[2024-11-13T20:47:15.687+1100] {processor.py:186} INFO - Started process (PID=73153) to work on /Users/yoonmoon/git/learn-airflow/airflow1/py_env/lib/python3.11/site-packages/airflow/example_dags/example_short_circuit_decorator.py
[2024-11-13T20:47:15.688+1100] {processor.py:914} INFO - Processing file /Users/yoonmoon/git/learn-airflow/airflow1/py_env/lib/python3.11/site-packages/airflow/example_dags/example_short_circuit_decorator.py for tasks to queue
[2024-11-13T20:47:15.689+1100] {logging_mixin.py:190} INFO - [2024-11-13T20:47:15.688+1100] {dagbag.py:588} INFO - Filling up the DagBag from /Users/yoonmoon/git/learn-airflow/airflow1/py_env/lib/python3.11/site-packages/airflow/example_dags/example_short_circuit_decorator.py
[2024-11-13T20:47:15.703+1100] {processor.py:925} INFO - DAG(s) 'example_short_circuit_decorator' retrieved from /Users/yoonmoon/git/learn-airflow/airflow1/py_env/lib/python3.11/site-packages/airflow/example_dags/example_short_circuit_decorator.py
[2024-11-13T20:47:15.767+1100] {logging_mixin.py:190} INFO - [2024-11-13T20:47:15.767+1100] {dag.py:3239} INFO - Sync 1 DAGs
[2024-11-13T20:47:15.771+1100] {logging_mixin.py:190} INFO - [2024-11-13T20:47:15.771+1100] {dag.py:4180} INFO - Setting next_dagrun for example_short_circuit_decorator to None, run_after=None
[2024-11-13T20:47:15.778+1100] {processor.py:208} INFO - Processing /Users/yoonmoon/git/learn-airflow/airflow1/py_env/lib/python3.11/site-packages/airflow/example_dags/example_short_circuit_decorator.py took 0.093 seconds
[2024-11-13T20:49:40.347+1100] {processor.py:186} INFO - Started process (PID=73425) to work on /Users/yoonmoon/git/learn-airflow/airflow1/py_env/lib/python3.11/site-packages/airflow/example_dags/example_short_circuit_decorator.py
[2024-11-13T20:49:40.347+1100] {processor.py:914} INFO - Processing file /Users/yoonmoon/git/learn-airflow/airflow1/py_env/lib/python3.11/site-packages/airflow/example_dags/example_short_circuit_decorator.py for tasks to queue
[2024-11-13T20:49:40.348+1100] {logging_mixin.py:190} INFO - [2024-11-13T20:49:40.348+1100] {dagbag.py:588} INFO - Filling up the DagBag from /Users/yoonmoon/git/learn-airflow/airflow1/py_env/lib/python3.11/site-packages/airflow/example_dags/example_short_circuit_decorator.py
[2024-11-13T20:49:40.362+1100] {processor.py:925} INFO - DAG(s) 'example_short_circuit_decorator' retrieved from /Users/yoonmoon/git/learn-airflow/airflow1/py_env/lib/python3.11/site-packages/airflow/example_dags/example_short_circuit_decorator.py
[2024-11-13T20:49:40.425+1100] {logging_mixin.py:190} INFO - [2024-11-13T20:49:40.425+1100] {dag.py:3239} INFO - Sync 1 DAGs
[2024-11-13T20:49:40.429+1100] {logging_mixin.py:190} INFO - [2024-11-13T20:49:40.429+1100] {dag.py:4180} INFO - Setting next_dagrun for example_short_circuit_decorator to None, run_after=None
[2024-11-13T20:49:40.437+1100] {processor.py:208} INFO - Processing /Users/yoonmoon/git/learn-airflow/airflow1/py_env/lib/python3.11/site-packages/airflow/example_dags/example_short_circuit_decorator.py took 0.092 seconds
[2024-11-13T20:50:51.779+1100] {processor.py:186} INFO - Started process (PID=73560) to work on /Users/yoonmoon/git/learn-airflow/airflow1/py_env/lib/python3.11/site-packages/airflow/example_dags/example_short_circuit_decorator.py
[2024-11-13T20:50:51.780+1100] {processor.py:914} INFO - Processing file /Users/yoonmoon/git/learn-airflow/airflow1/py_env/lib/python3.11/site-packages/airflow/example_dags/example_short_circuit_decorator.py for tasks to queue
[2024-11-13T20:50:51.781+1100] {logging_mixin.py:190} INFO - [2024-11-13T20:50:51.781+1100] {dagbag.py:588} INFO - Filling up the DagBag from /Users/yoonmoon/git/learn-airflow/airflow1/py_env/lib/python3.11/site-packages/airflow/example_dags/example_short_circuit_decorator.py
[2024-11-13T20:50:51.795+1100] {processor.py:925} INFO - DAG(s) 'example_short_circuit_decorator' retrieved from /Users/yoonmoon/git/learn-airflow/airflow1/py_env/lib/python3.11/site-packages/airflow/example_dags/example_short_circuit_decorator.py
[2024-11-13T20:50:51.853+1100] {logging_mixin.py:190} INFO - [2024-11-13T20:50:51.853+1100] {dag.py:3239} INFO - Sync 1 DAGs
[2024-11-13T20:50:51.857+1100] {logging_mixin.py:190} INFO - [2024-11-13T20:50:51.857+1100] {dag.py:4180} INFO - Setting next_dagrun for example_short_circuit_decorator to None, run_after=None
[2024-11-13T20:50:51.864+1100] {processor.py:208} INFO - Processing /Users/yoonmoon/git/learn-airflow/airflow1/py_env/lib/python3.11/site-packages/airflow/example_dags/example_short_circuit_decorator.py took 0.087 seconds
