[2024-11-13T19:30:17.133+1100] {processor.py:186} INFO - Started process (PID=63829) to work on /Users/yoonmoon/git/learn-airflow/airflow1/py_env/lib/python3.11/site-packages/airflow/example_dags/example_branch_datetime_operator.py
[2024-11-13T19:30:17.133+1100] {processor.py:914} INFO - Processing file /Users/yoonmoon/git/learn-airflow/airflow1/py_env/lib/python3.11/site-packages/airflow/example_dags/example_branch_datetime_operator.py for tasks to queue
[2024-11-13T19:30:17.133+1100] {logging_mixin.py:190} INFO - [2024-11-13T19:30:17.133+1100] {dagbag.py:588} INFO - Filling up the DagBag from /Users/yoonmoon/git/learn-airflow/airflow1/py_env/lib/python3.11/site-packages/airflow/example_dags/example_branch_datetime_operator.py
[2024-11-13T19:30:17.139+1100] {processor.py:925} INFO - DAG(s) 'example_branch_datetime_operator_3', 'example_branch_datetime_operator', 'example_branch_datetime_operator_2' retrieved from /Users/yoonmoon/git/learn-airflow/airflow1/py_env/lib/python3.11/site-packages/airflow/example_dags/example_branch_datetime_operator.py
[2024-11-13T19:30:17.252+1100] {logging_mixin.py:190} INFO - [2024-11-13T19:30:17.252+1100] {override.py:1911} INFO - Created Permission View: can read on DAG:example_branch_datetime_operator_3
[2024-11-13T19:30:17.256+1100] {logging_mixin.py:190} INFO - [2024-11-13T19:30:17.256+1100] {override.py:1911} INFO - Created Permission View: can edit on DAG:example_branch_datetime_operator_3
[2024-11-13T19:30:17.258+1100] {logging_mixin.py:190} INFO - [2024-11-13T19:30:17.258+1100] {override.py:1911} INFO - Created Permission View: can delete on DAG:example_branch_datetime_operator_3
[2024-11-13T19:30:17.261+1100] {logging_mixin.py:190} INFO - [2024-11-13T19:30:17.261+1100] {override.py:1911} INFO - Created Permission View: can read on DAG Run:example_branch_datetime_operator_3
[2024-11-13T19:30:17.263+1100] {logging_mixin.py:190} INFO - [2024-11-13T19:30:17.263+1100] {override.py:1911} INFO - Created Permission View: can create on DAG Run:example_branch_datetime_operator_3
[2024-11-13T19:30:17.265+1100] {logging_mixin.py:190} INFO - [2024-11-13T19:30:17.265+1100] {override.py:1911} INFO - Created Permission View: can delete on DAG Run:example_branch_datetime_operator_3
[2024-11-13T19:30:17.267+1100] {logging_mixin.py:190} INFO - [2024-11-13T19:30:17.267+1100] {override.py:1911} INFO - Created Permission View: menu access on DAG Run:example_branch_datetime_operator_3
[2024-11-13T19:30:17.272+1100] {logging_mixin.py:190} INFO - [2024-11-13T19:30:17.272+1100] {override.py:1911} INFO - Created Permission View: can read on DAG:example_branch_datetime_operator
[2024-11-13T19:30:17.274+1100] {logging_mixin.py:190} INFO - [2024-11-13T19:30:17.273+1100] {override.py:1911} INFO - Created Permission View: can edit on DAG:example_branch_datetime_operator
[2024-11-13T19:30:17.275+1100] {logging_mixin.py:190} INFO - [2024-11-13T19:30:17.275+1100] {override.py:1911} INFO - Created Permission View: can delete on DAG:example_branch_datetime_operator
[2024-11-13T19:30:17.278+1100] {logging_mixin.py:190} INFO - [2024-11-13T19:30:17.278+1100] {override.py:1911} INFO - Created Permission View: can read on DAG Run:example_branch_datetime_operator
[2024-11-13T19:30:17.280+1100] {logging_mixin.py:190} INFO - [2024-11-13T19:30:17.280+1100] {override.py:1911} INFO - Created Permission View: can create on DAG Run:example_branch_datetime_operator
[2024-11-13T19:30:17.281+1100] {logging_mixin.py:190} INFO - [2024-11-13T19:30:17.281+1100] {override.py:1911} INFO - Created Permission View: can delete on DAG Run:example_branch_datetime_operator
[2024-11-13T19:30:17.283+1100] {logging_mixin.py:190} INFO - [2024-11-13T19:30:17.283+1100] {override.py:1911} INFO - Created Permission View: menu access on DAG Run:example_branch_datetime_operator
[2024-11-13T19:30:17.287+1100] {logging_mixin.py:190} INFO - [2024-11-13T19:30:17.287+1100] {override.py:1911} INFO - Created Permission View: can read on DAG:example_branch_datetime_operator_2
[2024-11-13T19:30:17.289+1100] {logging_mixin.py:190} INFO - [2024-11-13T19:30:17.289+1100] {override.py:1911} INFO - Created Permission View: can edit on DAG:example_branch_datetime_operator_2
[2024-11-13T19:30:17.291+1100] {logging_mixin.py:190} INFO - [2024-11-13T19:30:17.291+1100] {override.py:1911} INFO - Created Permission View: can delete on DAG:example_branch_datetime_operator_2
[2024-11-13T19:30:17.293+1100] {logging_mixin.py:190} INFO - [2024-11-13T19:30:17.293+1100] {override.py:1911} INFO - Created Permission View: can read on DAG Run:example_branch_datetime_operator_2
[2024-11-13T19:30:17.295+1100] {logging_mixin.py:190} INFO - [2024-11-13T19:30:17.295+1100] {override.py:1911} INFO - Created Permission View: can create on DAG Run:example_branch_datetime_operator_2
[2024-11-13T19:30:17.297+1100] {logging_mixin.py:190} INFO - [2024-11-13T19:30:17.297+1100] {override.py:1911} INFO - Created Permission View: can delete on DAG Run:example_branch_datetime_operator_2
[2024-11-13T19:30:17.299+1100] {logging_mixin.py:190} INFO - [2024-11-13T19:30:17.299+1100] {override.py:1911} INFO - Created Permission View: menu access on DAG Run:example_branch_datetime_operator_2
[2024-11-13T19:30:17.299+1100] {logging_mixin.py:190} INFO - [2024-11-13T19:30:17.299+1100] {dag.py:3239} INFO - Sync 3 DAGs
[2024-11-13T19:30:17.304+1100] {logging_mixin.py:190} INFO - [2024-11-13T19:30:17.304+1100] {dag.py:3262} INFO - Creating ORM DAG for example_branch_datetime_operator_2
[2024-11-13T19:30:17.304+1100] {logging_mixin.py:190} INFO - [2024-11-13T19:30:17.304+1100] {dag.py:3262} INFO - Creating ORM DAG for example_branch_datetime_operator
[2024-11-13T19:30:17.304+1100] {logging_mixin.py:190} INFO - [2024-11-13T19:30:17.304+1100] {dag.py:3262} INFO - Creating ORM DAG for example_branch_datetime_operator_3
[2024-11-13T19:30:17.307+1100] {logging_mixin.py:190} INFO - [2024-11-13T19:30:17.307+1100] {dag.py:4180} INFO - Setting next_dagrun for example_branch_datetime_operator to 2024-11-12 00:00:00+00:00, run_after=2024-11-13 00:00:00+00:00
[2024-11-13T19:30:17.308+1100] {logging_mixin.py:190} INFO - [2024-11-13T19:30:17.308+1100] {dag.py:4180} INFO - Setting next_dagrun for example_branch_datetime_operator_2 to 2024-11-12 00:00:00+00:00, run_after=2024-11-13 00:00:00+00:00
[2024-11-13T19:30:17.308+1100] {logging_mixin.py:190} INFO - [2024-11-13T19:30:17.308+1100] {dag.py:4180} INFO - Setting next_dagrun for example_branch_datetime_operator_3 to 2024-11-12 00:00:00+00:00, run_after=2024-11-13 00:00:00+00:00
[2024-11-13T19:30:17.314+1100] {processor.py:208} INFO - Processing /Users/yoonmoon/git/learn-airflow/airflow1/py_env/lib/python3.11/site-packages/airflow/example_dags/example_branch_datetime_operator.py took 0.184 seconds
[2024-11-13T19:32:38.012+1100] {processor.py:186} INFO - Started process (PID=64205) to work on /Users/yoonmoon/git/learn-airflow/airflow1/py_env/lib/python3.11/site-packages/airflow/example_dags/example_branch_datetime_operator.py
[2024-11-13T19:32:38.013+1100] {processor.py:914} INFO - Processing file /Users/yoonmoon/git/learn-airflow/airflow1/py_env/lib/python3.11/site-packages/airflow/example_dags/example_branch_datetime_operator.py for tasks to queue
[2024-11-13T19:32:38.014+1100] {logging_mixin.py:190} INFO - [2024-11-13T19:32:38.014+1100] {dagbag.py:588} INFO - Filling up the DagBag from /Users/yoonmoon/git/learn-airflow/airflow1/py_env/lib/python3.11/site-packages/airflow/example_dags/example_branch_datetime_operator.py
[2024-11-13T19:32:38.019+1100] {processor.py:925} INFO - DAG(s) 'example_branch_datetime_operator_2', 'example_branch_datetime_operator', 'example_branch_datetime_operator_3' retrieved from /Users/yoonmoon/git/learn-airflow/airflow1/py_env/lib/python3.11/site-packages/airflow/example_dags/example_branch_datetime_operator.py
[2024-11-13T19:32:38.082+1100] {logging_mixin.py:190} INFO - [2024-11-13T19:32:38.082+1100] {dag.py:3239} INFO - Sync 3 DAGs
[2024-11-13T19:32:38.088+1100] {logging_mixin.py:190} INFO - [2024-11-13T19:32:38.088+1100] {dag.py:4180} INFO - Setting next_dagrun for example_branch_datetime_operator to 2024-11-12 00:00:00+00:00, run_after=2024-11-13 00:00:00+00:00
[2024-11-13T19:32:38.090+1100] {logging_mixin.py:190} INFO - [2024-11-13T19:32:38.090+1100] {dag.py:4180} INFO - Setting next_dagrun for example_branch_datetime_operator_2 to 2024-11-12 00:00:00+00:00, run_after=2024-11-13 00:00:00+00:00
[2024-11-13T19:32:38.090+1100] {logging_mixin.py:190} INFO - [2024-11-13T19:32:38.090+1100] {dag.py:4180} INFO - Setting next_dagrun for example_branch_datetime_operator_3 to 2024-11-12 00:00:00+00:00, run_after=2024-11-13 00:00:00+00:00
[2024-11-13T19:32:38.097+1100] {processor.py:208} INFO - Processing /Users/yoonmoon/git/learn-airflow/airflow1/py_env/lib/python3.11/site-packages/airflow/example_dags/example_branch_datetime_operator.py took 0.087 seconds
[2024-11-13T19:35:12.478+1100] {processor.py:186} INFO - Started process (PID=64725) to work on /Users/yoonmoon/git/learn-airflow/airflow1/py_env/lib/python3.11/site-packages/airflow/example_dags/example_branch_datetime_operator.py
[2024-11-13T19:35:12.479+1100] {processor.py:914} INFO - Processing file /Users/yoonmoon/git/learn-airflow/airflow1/py_env/lib/python3.11/site-packages/airflow/example_dags/example_branch_datetime_operator.py for tasks to queue
[2024-11-13T19:35:12.479+1100] {logging_mixin.py:190} INFO - [2024-11-13T19:35:12.479+1100] {dagbag.py:588} INFO - Filling up the DagBag from /Users/yoonmoon/git/learn-airflow/airflow1/py_env/lib/python3.11/site-packages/airflow/example_dags/example_branch_datetime_operator.py
[2024-11-13T19:35:12.484+1100] {processor.py:925} INFO - DAG(s) 'example_branch_datetime_operator_2', 'example_branch_datetime_operator_3', 'example_branch_datetime_operator' retrieved from /Users/yoonmoon/git/learn-airflow/airflow1/py_env/lib/python3.11/site-packages/airflow/example_dags/example_branch_datetime_operator.py
[2024-11-13T19:35:12.545+1100] {logging_mixin.py:190} INFO - [2024-11-13T19:35:12.545+1100] {dag.py:3239} INFO - Sync 3 DAGs
[2024-11-13T19:35:12.551+1100] {logging_mixin.py:190} INFO - [2024-11-13T19:35:12.551+1100] {dag.py:4180} INFO - Setting next_dagrun for example_branch_datetime_operator to 2024-11-12 00:00:00+00:00, run_after=2024-11-13 00:00:00+00:00
[2024-11-13T19:35:12.552+1100] {logging_mixin.py:190} INFO - [2024-11-13T19:35:12.552+1100] {dag.py:4180} INFO - Setting next_dagrun for example_branch_datetime_operator_2 to 2024-11-12 00:00:00+00:00, run_after=2024-11-13 00:00:00+00:00
[2024-11-13T19:35:12.553+1100] {logging_mixin.py:190} INFO - [2024-11-13T19:35:12.553+1100] {dag.py:4180} INFO - Setting next_dagrun for example_branch_datetime_operator_3 to 2024-11-12 00:00:00+00:00, run_after=2024-11-13 00:00:00+00:00
[2024-11-13T19:35:12.559+1100] {processor.py:208} INFO - Processing /Users/yoonmoon/git/learn-airflow/airflow1/py_env/lib/python3.11/site-packages/airflow/example_dags/example_branch_datetime_operator.py took 0.083 seconds
[2024-11-13T19:37:46.391+1100] {processor.py:186} INFO - Started process (PID=65041) to work on /Users/yoonmoon/git/learn-airflow/airflow1/py_env/lib/python3.11/site-packages/airflow/example_dags/example_branch_datetime_operator.py
[2024-11-13T19:37:46.392+1100] {processor.py:914} INFO - Processing file /Users/yoonmoon/git/learn-airflow/airflow1/py_env/lib/python3.11/site-packages/airflow/example_dags/example_branch_datetime_operator.py for tasks to queue
[2024-11-13T19:37:46.393+1100] {logging_mixin.py:190} INFO - [2024-11-13T19:37:46.392+1100] {dagbag.py:588} INFO - Filling up the DagBag from /Users/yoonmoon/git/learn-airflow/airflow1/py_env/lib/python3.11/site-packages/airflow/example_dags/example_branch_datetime_operator.py
[2024-11-13T19:37:46.398+1100] {processor.py:925} INFO - DAG(s) 'example_branch_datetime_operator', 'example_branch_datetime_operator_2', 'example_branch_datetime_operator_3' retrieved from /Users/yoonmoon/git/learn-airflow/airflow1/py_env/lib/python3.11/site-packages/airflow/example_dags/example_branch_datetime_operator.py
[2024-11-13T19:37:46.458+1100] {logging_mixin.py:190} INFO - [2024-11-13T19:37:46.458+1100] {dag.py:3239} INFO - Sync 3 DAGs
[2024-11-13T19:37:46.465+1100] {logging_mixin.py:190} INFO - [2024-11-13T19:37:46.465+1100] {dag.py:4180} INFO - Setting next_dagrun for example_branch_datetime_operator to 2024-11-12 00:00:00+00:00, run_after=2024-11-13 00:00:00+00:00
[2024-11-13T19:37:46.466+1100] {logging_mixin.py:190} INFO - [2024-11-13T19:37:46.466+1100] {dag.py:4180} INFO - Setting next_dagrun for example_branch_datetime_operator_2 to 2024-11-12 00:00:00+00:00, run_after=2024-11-13 00:00:00+00:00
[2024-11-13T19:37:46.467+1100] {logging_mixin.py:190} INFO - [2024-11-13T19:37:46.467+1100] {dag.py:4180} INFO - Setting next_dagrun for example_branch_datetime_operator_3 to 2024-11-12 00:00:00+00:00, run_after=2024-11-13 00:00:00+00:00
[2024-11-13T19:37:46.473+1100] {processor.py:208} INFO - Processing /Users/yoonmoon/git/learn-airflow/airflow1/py_env/lib/python3.11/site-packages/airflow/example_dags/example_branch_datetime_operator.py took 0.085 seconds
[2024-11-13T19:40:01.776+1100] {processor.py:186} INFO - Started process (PID=65310) to work on /Users/yoonmoon/git/learn-airflow/airflow1/py_env/lib/python3.11/site-packages/airflow/example_dags/example_branch_datetime_operator.py
[2024-11-13T19:40:01.776+1100] {processor.py:914} INFO - Processing file /Users/yoonmoon/git/learn-airflow/airflow1/py_env/lib/python3.11/site-packages/airflow/example_dags/example_branch_datetime_operator.py for tasks to queue
[2024-11-13T19:40:01.777+1100] {logging_mixin.py:190} INFO - [2024-11-13T19:40:01.777+1100] {dagbag.py:588} INFO - Filling up the DagBag from /Users/yoonmoon/git/learn-airflow/airflow1/py_env/lib/python3.11/site-packages/airflow/example_dags/example_branch_datetime_operator.py
[2024-11-13T19:40:01.782+1100] {processor.py:925} INFO - DAG(s) 'example_branch_datetime_operator', 'example_branch_datetime_operator_3', 'example_branch_datetime_operator_2' retrieved from /Users/yoonmoon/git/learn-airflow/airflow1/py_env/lib/python3.11/site-packages/airflow/example_dags/example_branch_datetime_operator.py
[2024-11-13T19:40:01.848+1100] {logging_mixin.py:190} INFO - [2024-11-13T19:40:01.848+1100] {dag.py:3239} INFO - Sync 3 DAGs
[2024-11-13T19:40:01.854+1100] {logging_mixin.py:190} INFO - [2024-11-13T19:40:01.854+1100] {dag.py:4180} INFO - Setting next_dagrun for example_branch_datetime_operator to 2024-11-12 00:00:00+00:00, run_after=2024-11-13 00:00:00+00:00
[2024-11-13T19:40:01.856+1100] {logging_mixin.py:190} INFO - [2024-11-13T19:40:01.856+1100] {dag.py:4180} INFO - Setting next_dagrun for example_branch_datetime_operator_2 to 2024-11-12 00:00:00+00:00, run_after=2024-11-13 00:00:00+00:00
[2024-11-13T19:40:01.856+1100] {logging_mixin.py:190} INFO - [2024-11-13T19:40:01.856+1100] {dag.py:4180} INFO - Setting next_dagrun for example_branch_datetime_operator_3 to 2024-11-12 00:00:00+00:00, run_after=2024-11-13 00:00:00+00:00
[2024-11-13T19:40:01.862+1100] {processor.py:208} INFO - Processing /Users/yoonmoon/git/learn-airflow/airflow1/py_env/lib/python3.11/site-packages/airflow/example_dags/example_branch_datetime_operator.py took 0.089 seconds
[2024-11-13T19:42:22.003+1100] {processor.py:186} INFO - Started process (PID=65614) to work on /Users/yoonmoon/git/learn-airflow/airflow1/py_env/lib/python3.11/site-packages/airflow/example_dags/example_branch_datetime_operator.py
[2024-11-13T19:42:22.004+1100] {processor.py:914} INFO - Processing file /Users/yoonmoon/git/learn-airflow/airflow1/py_env/lib/python3.11/site-packages/airflow/example_dags/example_branch_datetime_operator.py for tasks to queue
[2024-11-13T19:42:22.005+1100] {logging_mixin.py:190} INFO - [2024-11-13T19:42:22.005+1100] {dagbag.py:588} INFO - Filling up the DagBag from /Users/yoonmoon/git/learn-airflow/airflow1/py_env/lib/python3.11/site-packages/airflow/example_dags/example_branch_datetime_operator.py
[2024-11-13T19:42:22.010+1100] {processor.py:925} INFO - DAG(s) 'example_branch_datetime_operator_3', 'example_branch_datetime_operator_2', 'example_branch_datetime_operator' retrieved from /Users/yoonmoon/git/learn-airflow/airflow1/py_env/lib/python3.11/site-packages/airflow/example_dags/example_branch_datetime_operator.py
[2024-11-13T19:42:22.070+1100] {logging_mixin.py:190} INFO - [2024-11-13T19:42:22.070+1100] {dag.py:3239} INFO - Sync 3 DAGs
[2024-11-13T19:42:22.077+1100] {logging_mixin.py:190} INFO - [2024-11-13T19:42:22.076+1100] {dag.py:4180} INFO - Setting next_dagrun for example_branch_datetime_operator to 2024-11-12 00:00:00+00:00, run_after=2024-11-13 00:00:00+00:00
[2024-11-13T19:42:22.078+1100] {logging_mixin.py:190} INFO - [2024-11-13T19:42:22.078+1100] {dag.py:4180} INFO - Setting next_dagrun for example_branch_datetime_operator_2 to 2024-11-12 00:00:00+00:00, run_after=2024-11-13 00:00:00+00:00
[2024-11-13T19:42:22.079+1100] {logging_mixin.py:190} INFO - [2024-11-13T19:42:22.078+1100] {dag.py:4180} INFO - Setting next_dagrun for example_branch_datetime_operator_3 to 2024-11-12 00:00:00+00:00, run_after=2024-11-13 00:00:00+00:00
[2024-11-13T19:42:22.085+1100] {processor.py:208} INFO - Processing /Users/yoonmoon/git/learn-airflow/airflow1/py_env/lib/python3.11/site-packages/airflow/example_dags/example_branch_datetime_operator.py took 0.084 seconds
[2024-11-13T19:44:39.260+1100] {processor.py:186} INFO - Started process (PID=65884) to work on /Users/yoonmoon/git/learn-airflow/airflow1/py_env/lib/python3.11/site-packages/airflow/example_dags/example_branch_datetime_operator.py
[2024-11-13T19:44:39.261+1100] {processor.py:914} INFO - Processing file /Users/yoonmoon/git/learn-airflow/airflow1/py_env/lib/python3.11/site-packages/airflow/example_dags/example_branch_datetime_operator.py for tasks to queue
[2024-11-13T19:44:39.262+1100] {logging_mixin.py:190} INFO - [2024-11-13T19:44:39.261+1100] {dagbag.py:588} INFO - Filling up the DagBag from /Users/yoonmoon/git/learn-airflow/airflow1/py_env/lib/python3.11/site-packages/airflow/example_dags/example_branch_datetime_operator.py
[2024-11-13T19:44:39.267+1100] {processor.py:925} INFO - DAG(s) 'example_branch_datetime_operator_2', 'example_branch_datetime_operator', 'example_branch_datetime_operator_3' retrieved from /Users/yoonmoon/git/learn-airflow/airflow1/py_env/lib/python3.11/site-packages/airflow/example_dags/example_branch_datetime_operator.py
[2024-11-13T19:44:39.327+1100] {logging_mixin.py:190} INFO - [2024-11-13T19:44:39.327+1100] {dag.py:3239} INFO - Sync 3 DAGs
[2024-11-13T19:44:39.333+1100] {logging_mixin.py:190} INFO - [2024-11-13T19:44:39.333+1100] {dag.py:4180} INFO - Setting next_dagrun for example_branch_datetime_operator to 2024-11-12 00:00:00+00:00, run_after=2024-11-13 00:00:00+00:00
[2024-11-13T19:44:39.335+1100] {logging_mixin.py:190} INFO - [2024-11-13T19:44:39.335+1100] {dag.py:4180} INFO - Setting next_dagrun for example_branch_datetime_operator_2 to 2024-11-12 00:00:00+00:00, run_after=2024-11-13 00:00:00+00:00
[2024-11-13T19:44:39.335+1100] {logging_mixin.py:190} INFO - [2024-11-13T19:44:39.335+1100] {dag.py:4180} INFO - Setting next_dagrun for example_branch_datetime_operator_3 to 2024-11-12 00:00:00+00:00, run_after=2024-11-13 00:00:00+00:00
[2024-11-13T19:44:39.341+1100] {processor.py:208} INFO - Processing /Users/yoonmoon/git/learn-airflow/airflow1/py_env/lib/python3.11/site-packages/airflow/example_dags/example_branch_datetime_operator.py took 0.084 seconds
[2024-11-13T19:46:49.570+1100] {processor.py:186} INFO - Started process (PID=66134) to work on /Users/yoonmoon/git/learn-airflow/airflow1/py_env/lib/python3.11/site-packages/airflow/example_dags/example_branch_datetime_operator.py
[2024-11-13T19:46:49.571+1100] {processor.py:914} INFO - Processing file /Users/yoonmoon/git/learn-airflow/airflow1/py_env/lib/python3.11/site-packages/airflow/example_dags/example_branch_datetime_operator.py for tasks to queue
[2024-11-13T19:46:49.572+1100] {logging_mixin.py:190} INFO - [2024-11-13T19:46:49.572+1100] {dagbag.py:588} INFO - Filling up the DagBag from /Users/yoonmoon/git/learn-airflow/airflow1/py_env/lib/python3.11/site-packages/airflow/example_dags/example_branch_datetime_operator.py
[2024-11-13T19:46:49.577+1100] {processor.py:925} INFO - DAG(s) 'example_branch_datetime_operator_3', 'example_branch_datetime_operator_2', 'example_branch_datetime_operator' retrieved from /Users/yoonmoon/git/learn-airflow/airflow1/py_env/lib/python3.11/site-packages/airflow/example_dags/example_branch_datetime_operator.py
[2024-11-13T19:46:49.637+1100] {logging_mixin.py:190} INFO - [2024-11-13T19:46:49.637+1100] {dag.py:3239} INFO - Sync 3 DAGs
[2024-11-13T19:46:49.644+1100] {logging_mixin.py:190} INFO - [2024-11-13T19:46:49.643+1100] {dag.py:4180} INFO - Setting next_dagrun for example_branch_datetime_operator to 2024-11-12 00:00:00+00:00, run_after=2024-11-13 00:00:00+00:00
[2024-11-13T19:46:49.645+1100] {logging_mixin.py:190} INFO - [2024-11-13T19:46:49.645+1100] {dag.py:4180} INFO - Setting next_dagrun for example_branch_datetime_operator_2 to 2024-11-12 00:00:00+00:00, run_after=2024-11-13 00:00:00+00:00
[2024-11-13T19:46:49.645+1100] {logging_mixin.py:190} INFO - [2024-11-13T19:46:49.645+1100] {dag.py:4180} INFO - Setting next_dagrun for example_branch_datetime_operator_3 to 2024-11-12 00:00:00+00:00, run_after=2024-11-13 00:00:00+00:00
[2024-11-13T19:46:49.651+1100] {processor.py:208} INFO - Processing /Users/yoonmoon/git/learn-airflow/airflow1/py_env/lib/python3.11/site-packages/airflow/example_dags/example_branch_datetime_operator.py took 0.084 seconds
[2024-11-13T19:49:02.540+1100] {processor.py:186} INFO - Started process (PID=66376) to work on /Users/yoonmoon/git/learn-airflow/airflow1/py_env/lib/python3.11/site-packages/airflow/example_dags/example_branch_datetime_operator.py
[2024-11-13T19:49:02.542+1100] {processor.py:914} INFO - Processing file /Users/yoonmoon/git/learn-airflow/airflow1/py_env/lib/python3.11/site-packages/airflow/example_dags/example_branch_datetime_operator.py for tasks to queue
[2024-11-13T19:49:02.542+1100] {logging_mixin.py:190} INFO - [2024-11-13T19:49:02.542+1100] {dagbag.py:588} INFO - Filling up the DagBag from /Users/yoonmoon/git/learn-airflow/airflow1/py_env/lib/python3.11/site-packages/airflow/example_dags/example_branch_datetime_operator.py
[2024-11-13T19:49:02.547+1100] {processor.py:925} INFO - DAG(s) 'example_branch_datetime_operator_3', 'example_branch_datetime_operator_2', 'example_branch_datetime_operator' retrieved from /Users/yoonmoon/git/learn-airflow/airflow1/py_env/lib/python3.11/site-packages/airflow/example_dags/example_branch_datetime_operator.py
[2024-11-13T19:49:02.607+1100] {logging_mixin.py:190} INFO - [2024-11-13T19:49:02.607+1100] {dag.py:3239} INFO - Sync 3 DAGs
[2024-11-13T19:49:02.613+1100] {logging_mixin.py:190} INFO - [2024-11-13T19:49:02.613+1100] {dag.py:4180} INFO - Setting next_dagrun for example_branch_datetime_operator to 2024-11-12 00:00:00+00:00, run_after=2024-11-13 00:00:00+00:00
[2024-11-13T19:49:02.614+1100] {logging_mixin.py:190} INFO - [2024-11-13T19:49:02.614+1100] {dag.py:4180} INFO - Setting next_dagrun for example_branch_datetime_operator_2 to 2024-11-12 00:00:00+00:00, run_after=2024-11-13 00:00:00+00:00
[2024-11-13T19:49:02.615+1100] {logging_mixin.py:190} INFO - [2024-11-13T19:49:02.615+1100] {dag.py:4180} INFO - Setting next_dagrun for example_branch_datetime_operator_3 to 2024-11-12 00:00:00+00:00, run_after=2024-11-13 00:00:00+00:00
[2024-11-13T19:49:02.621+1100] {processor.py:208} INFO - Processing /Users/yoonmoon/git/learn-airflow/airflow1/py_env/lib/python3.11/site-packages/airflow/example_dags/example_branch_datetime_operator.py took 0.083 seconds
[2024-11-13T19:51:14.107+1100] {processor.py:186} INFO - Started process (PID=66616) to work on /Users/yoonmoon/git/learn-airflow/airflow1/py_env/lib/python3.11/site-packages/airflow/example_dags/example_branch_datetime_operator.py
[2024-11-13T19:51:14.108+1100] {processor.py:914} INFO - Processing file /Users/yoonmoon/git/learn-airflow/airflow1/py_env/lib/python3.11/site-packages/airflow/example_dags/example_branch_datetime_operator.py for tasks to queue
[2024-11-13T19:51:14.109+1100] {logging_mixin.py:190} INFO - [2024-11-13T19:51:14.108+1100] {dagbag.py:588} INFO - Filling up the DagBag from /Users/yoonmoon/git/learn-airflow/airflow1/py_env/lib/python3.11/site-packages/airflow/example_dags/example_branch_datetime_operator.py
[2024-11-13T19:51:14.114+1100] {processor.py:925} INFO - DAG(s) 'example_branch_datetime_operator', 'example_branch_datetime_operator_2', 'example_branch_datetime_operator_3' retrieved from /Users/yoonmoon/git/learn-airflow/airflow1/py_env/lib/python3.11/site-packages/airflow/example_dags/example_branch_datetime_operator.py
[2024-11-13T19:51:14.174+1100] {logging_mixin.py:190} INFO - [2024-11-13T19:51:14.174+1100] {dag.py:3239} INFO - Sync 3 DAGs
[2024-11-13T19:51:14.180+1100] {logging_mixin.py:190} INFO - [2024-11-13T19:51:14.180+1100] {dag.py:4180} INFO - Setting next_dagrun for example_branch_datetime_operator to 2024-11-12 00:00:00+00:00, run_after=2024-11-13 00:00:00+00:00
[2024-11-13T19:51:14.181+1100] {logging_mixin.py:190} INFO - [2024-11-13T19:51:14.181+1100] {dag.py:4180} INFO - Setting next_dagrun for example_branch_datetime_operator_2 to 2024-11-12 00:00:00+00:00, run_after=2024-11-13 00:00:00+00:00
[2024-11-13T19:51:14.182+1100] {logging_mixin.py:190} INFO - [2024-11-13T19:51:14.182+1100] {dag.py:4180} INFO - Setting next_dagrun for example_branch_datetime_operator_3 to 2024-11-12 00:00:00+00:00, run_after=2024-11-13 00:00:00+00:00
[2024-11-13T19:51:14.188+1100] {processor.py:208} INFO - Processing /Users/yoonmoon/git/learn-airflow/airflow1/py_env/lib/python3.11/site-packages/airflow/example_dags/example_branch_datetime_operator.py took 0.083 seconds
[2024-11-13T19:53:33.022+1100] {processor.py:186} INFO - Started process (PID=66871) to work on /Users/yoonmoon/git/learn-airflow/airflow1/py_env/lib/python3.11/site-packages/airflow/example_dags/example_branch_datetime_operator.py
[2024-11-13T19:53:33.023+1100] {processor.py:914} INFO - Processing file /Users/yoonmoon/git/learn-airflow/airflow1/py_env/lib/python3.11/site-packages/airflow/example_dags/example_branch_datetime_operator.py for tasks to queue
[2024-11-13T19:53:33.023+1100] {logging_mixin.py:190} INFO - [2024-11-13T19:53:33.023+1100] {dagbag.py:588} INFO - Filling up the DagBag from /Users/yoonmoon/git/learn-airflow/airflow1/py_env/lib/python3.11/site-packages/airflow/example_dags/example_branch_datetime_operator.py
[2024-11-13T19:53:33.029+1100] {processor.py:925} INFO - DAG(s) 'example_branch_datetime_operator_3', 'example_branch_datetime_operator', 'example_branch_datetime_operator_2' retrieved from /Users/yoonmoon/git/learn-airflow/airflow1/py_env/lib/python3.11/site-packages/airflow/example_dags/example_branch_datetime_operator.py
[2024-11-13T19:53:33.097+1100] {logging_mixin.py:190} INFO - [2024-11-13T19:53:33.097+1100] {dag.py:3239} INFO - Sync 3 DAGs
[2024-11-13T19:53:33.104+1100] {logging_mixin.py:190} INFO - [2024-11-13T19:53:33.104+1100] {dag.py:4180} INFO - Setting next_dagrun for example_branch_datetime_operator to 2024-11-12 00:00:00+00:00, run_after=2024-11-13 00:00:00+00:00
[2024-11-13T19:53:33.106+1100] {logging_mixin.py:190} INFO - [2024-11-13T19:53:33.106+1100] {dag.py:4180} INFO - Setting next_dagrun for example_branch_datetime_operator_2 to 2024-11-12 00:00:00+00:00, run_after=2024-11-13 00:00:00+00:00
[2024-11-13T19:53:33.106+1100] {logging_mixin.py:190} INFO - [2024-11-13T19:53:33.106+1100] {dag.py:4180} INFO - Setting next_dagrun for example_branch_datetime_operator_3 to 2024-11-12 00:00:00+00:00, run_after=2024-11-13 00:00:00+00:00
[2024-11-13T19:53:33.113+1100] {processor.py:208} INFO - Processing /Users/yoonmoon/git/learn-airflow/airflow1/py_env/lib/python3.11/site-packages/airflow/example_dags/example_branch_datetime_operator.py took 0.094 seconds
[2024-11-13T19:55:55.033+1100] {processor.py:186} INFO - Started process (PID=67157) to work on /Users/yoonmoon/git/learn-airflow/airflow1/py_env/lib/python3.11/site-packages/airflow/example_dags/example_branch_datetime_operator.py
[2024-11-13T19:55:55.034+1100] {processor.py:914} INFO - Processing file /Users/yoonmoon/git/learn-airflow/airflow1/py_env/lib/python3.11/site-packages/airflow/example_dags/example_branch_datetime_operator.py for tasks to queue
[2024-11-13T19:55:55.034+1100] {logging_mixin.py:190} INFO - [2024-11-13T19:55:55.034+1100] {dagbag.py:588} INFO - Filling up the DagBag from /Users/yoonmoon/git/learn-airflow/airflow1/py_env/lib/python3.11/site-packages/airflow/example_dags/example_branch_datetime_operator.py
[2024-11-13T19:55:55.039+1100] {processor.py:925} INFO - DAG(s) 'example_branch_datetime_operator', 'example_branch_datetime_operator_3', 'example_branch_datetime_operator_2' retrieved from /Users/yoonmoon/git/learn-airflow/airflow1/py_env/lib/python3.11/site-packages/airflow/example_dags/example_branch_datetime_operator.py
[2024-11-13T19:55:55.100+1100] {logging_mixin.py:190} INFO - [2024-11-13T19:55:55.100+1100] {dag.py:3239} INFO - Sync 3 DAGs
[2024-11-13T19:55:55.106+1100] {logging_mixin.py:190} INFO - [2024-11-13T19:55:55.106+1100] {dag.py:4180} INFO - Setting next_dagrun for example_branch_datetime_operator to 2024-11-12 00:00:00+00:00, run_after=2024-11-13 00:00:00+00:00
[2024-11-13T19:55:55.107+1100] {logging_mixin.py:190} INFO - [2024-11-13T19:55:55.107+1100] {dag.py:4180} INFO - Setting next_dagrun for example_branch_datetime_operator_2 to 2024-11-12 00:00:00+00:00, run_after=2024-11-13 00:00:00+00:00
[2024-11-13T19:55:55.108+1100] {logging_mixin.py:190} INFO - [2024-11-13T19:55:55.108+1100] {dag.py:4180} INFO - Setting next_dagrun for example_branch_datetime_operator_3 to 2024-11-12 00:00:00+00:00, run_after=2024-11-13 00:00:00+00:00
[2024-11-13T19:55:55.114+1100] {processor.py:208} INFO - Processing /Users/yoonmoon/git/learn-airflow/airflow1/py_env/lib/python3.11/site-packages/airflow/example_dags/example_branch_datetime_operator.py took 0.083 seconds
[2024-11-13T19:58:10.884+1100] {processor.py:186} INFO - Started process (PID=67405) to work on /Users/yoonmoon/git/learn-airflow/airflow1/py_env/lib/python3.11/site-packages/airflow/example_dags/example_branch_datetime_operator.py
[2024-11-13T19:58:10.885+1100] {processor.py:914} INFO - Processing file /Users/yoonmoon/git/learn-airflow/airflow1/py_env/lib/python3.11/site-packages/airflow/example_dags/example_branch_datetime_operator.py for tasks to queue
[2024-11-13T19:58:10.886+1100] {logging_mixin.py:190} INFO - [2024-11-13T19:58:10.886+1100] {dagbag.py:588} INFO - Filling up the DagBag from /Users/yoonmoon/git/learn-airflow/airflow1/py_env/lib/python3.11/site-packages/airflow/example_dags/example_branch_datetime_operator.py
[2024-11-13T19:58:10.891+1100] {processor.py:925} INFO - DAG(s) 'example_branch_datetime_operator_3', 'example_branch_datetime_operator', 'example_branch_datetime_operator_2' retrieved from /Users/yoonmoon/git/learn-airflow/airflow1/py_env/lib/python3.11/site-packages/airflow/example_dags/example_branch_datetime_operator.py
[2024-11-13T19:58:10.952+1100] {logging_mixin.py:190} INFO - [2024-11-13T19:58:10.951+1100] {dag.py:3239} INFO - Sync 3 DAGs
[2024-11-13T19:58:10.958+1100] {logging_mixin.py:190} INFO - [2024-11-13T19:58:10.958+1100] {dag.py:4180} INFO - Setting next_dagrun for example_branch_datetime_operator to 2024-11-12 00:00:00+00:00, run_after=2024-11-13 00:00:00+00:00
[2024-11-13T19:58:10.959+1100] {logging_mixin.py:190} INFO - [2024-11-13T19:58:10.959+1100] {dag.py:4180} INFO - Setting next_dagrun for example_branch_datetime_operator_2 to 2024-11-12 00:00:00+00:00, run_after=2024-11-13 00:00:00+00:00
[2024-11-13T19:58:10.960+1100] {logging_mixin.py:190} INFO - [2024-11-13T19:58:10.960+1100] {dag.py:4180} INFO - Setting next_dagrun for example_branch_datetime_operator_3 to 2024-11-12 00:00:00+00:00, run_after=2024-11-13 00:00:00+00:00
[2024-11-13T19:58:10.966+1100] {processor.py:208} INFO - Processing /Users/yoonmoon/git/learn-airflow/airflow1/py_env/lib/python3.11/site-packages/airflow/example_dags/example_branch_datetime_operator.py took 0.084 seconds
[2024-11-13T20:00:27.611+1100] {processor.py:186} INFO - Started process (PID=67653) to work on /Users/yoonmoon/git/learn-airflow/airflow1/py_env/lib/python3.11/site-packages/airflow/example_dags/example_branch_datetime_operator.py
[2024-11-13T20:00:27.613+1100] {processor.py:914} INFO - Processing file /Users/yoonmoon/git/learn-airflow/airflow1/py_env/lib/python3.11/site-packages/airflow/example_dags/example_branch_datetime_operator.py for tasks to queue
[2024-11-13T20:00:27.613+1100] {logging_mixin.py:190} INFO - [2024-11-13T20:00:27.613+1100] {dagbag.py:588} INFO - Filling up the DagBag from /Users/yoonmoon/git/learn-airflow/airflow1/py_env/lib/python3.11/site-packages/airflow/example_dags/example_branch_datetime_operator.py
[2024-11-13T20:00:27.618+1100] {processor.py:925} INFO - DAG(s) 'example_branch_datetime_operator', 'example_branch_datetime_operator_2', 'example_branch_datetime_operator_3' retrieved from /Users/yoonmoon/git/learn-airflow/airflow1/py_env/lib/python3.11/site-packages/airflow/example_dags/example_branch_datetime_operator.py
[2024-11-13T20:00:27.678+1100] {logging_mixin.py:190} INFO - [2024-11-13T20:00:27.678+1100] {dag.py:3239} INFO - Sync 3 DAGs
[2024-11-13T20:00:27.684+1100] {logging_mixin.py:190} INFO - [2024-11-13T20:00:27.684+1100] {dag.py:4180} INFO - Setting next_dagrun for example_branch_datetime_operator to 2024-11-12 00:00:00+00:00, run_after=2024-11-13 00:00:00+00:00
[2024-11-13T20:00:27.685+1100] {logging_mixin.py:190} INFO - [2024-11-13T20:00:27.685+1100] {dag.py:4180} INFO - Setting next_dagrun for example_branch_datetime_operator_2 to 2024-11-12 00:00:00+00:00, run_after=2024-11-13 00:00:00+00:00
[2024-11-13T20:00:27.686+1100] {logging_mixin.py:190} INFO - [2024-11-13T20:00:27.686+1100] {dag.py:4180} INFO - Setting next_dagrun for example_branch_datetime_operator_3 to 2024-11-12 00:00:00+00:00, run_after=2024-11-13 00:00:00+00:00
[2024-11-13T20:00:27.692+1100] {processor.py:208} INFO - Processing /Users/yoonmoon/git/learn-airflow/airflow1/py_env/lib/python3.11/site-packages/airflow/example_dags/example_branch_datetime_operator.py took 0.083 seconds
[2024-11-13T20:02:42.489+1100] {processor.py:186} INFO - Started process (PID=67898) to work on /Users/yoonmoon/git/learn-airflow/airflow1/py_env/lib/python3.11/site-packages/airflow/example_dags/example_branch_datetime_operator.py
[2024-11-13T20:02:42.490+1100] {processor.py:914} INFO - Processing file /Users/yoonmoon/git/learn-airflow/airflow1/py_env/lib/python3.11/site-packages/airflow/example_dags/example_branch_datetime_operator.py for tasks to queue
[2024-11-13T20:02:42.490+1100] {logging_mixin.py:190} INFO - [2024-11-13T20:02:42.490+1100] {dagbag.py:588} INFO - Filling up the DagBag from /Users/yoonmoon/git/learn-airflow/airflow1/py_env/lib/python3.11/site-packages/airflow/example_dags/example_branch_datetime_operator.py
[2024-11-13T20:02:42.495+1100] {processor.py:925} INFO - DAG(s) 'example_branch_datetime_operator_2', 'example_branch_datetime_operator_3', 'example_branch_datetime_operator' retrieved from /Users/yoonmoon/git/learn-airflow/airflow1/py_env/lib/python3.11/site-packages/airflow/example_dags/example_branch_datetime_operator.py
[2024-11-13T20:02:42.557+1100] {logging_mixin.py:190} INFO - [2024-11-13T20:02:42.557+1100] {dag.py:3239} INFO - Sync 3 DAGs
[2024-11-13T20:02:42.563+1100] {logging_mixin.py:190} INFO - [2024-11-13T20:02:42.563+1100] {dag.py:4180} INFO - Setting next_dagrun for example_branch_datetime_operator to 2024-11-12 00:00:00+00:00, run_after=2024-11-13 00:00:00+00:00
[2024-11-13T20:02:42.564+1100] {logging_mixin.py:190} INFO - [2024-11-13T20:02:42.564+1100] {dag.py:4180} INFO - Setting next_dagrun for example_branch_datetime_operator_2 to 2024-11-12 00:00:00+00:00, run_after=2024-11-13 00:00:00+00:00
[2024-11-13T20:02:42.565+1100] {logging_mixin.py:190} INFO - [2024-11-13T20:02:42.565+1100] {dag.py:4180} INFO - Setting next_dagrun for example_branch_datetime_operator_3 to 2024-11-12 00:00:00+00:00, run_after=2024-11-13 00:00:00+00:00
[2024-11-13T20:02:42.571+1100] {processor.py:208} INFO - Processing /Users/yoonmoon/git/learn-airflow/airflow1/py_env/lib/python3.11/site-packages/airflow/example_dags/example_branch_datetime_operator.py took 0.084 seconds
[2024-11-13T20:04:57.135+1100] {processor.py:186} INFO - Started process (PID=68141) to work on /Users/yoonmoon/git/learn-airflow/airflow1/py_env/lib/python3.11/site-packages/airflow/example_dags/example_branch_datetime_operator.py
[2024-11-13T20:04:57.136+1100] {processor.py:914} INFO - Processing file /Users/yoonmoon/git/learn-airflow/airflow1/py_env/lib/python3.11/site-packages/airflow/example_dags/example_branch_datetime_operator.py for tasks to queue
[2024-11-13T20:04:57.136+1100] {logging_mixin.py:190} INFO - [2024-11-13T20:04:57.136+1100] {dagbag.py:588} INFO - Filling up the DagBag from /Users/yoonmoon/git/learn-airflow/airflow1/py_env/lib/python3.11/site-packages/airflow/example_dags/example_branch_datetime_operator.py
[2024-11-13T20:04:57.142+1100] {processor.py:925} INFO - DAG(s) 'example_branch_datetime_operator', 'example_branch_datetime_operator_3', 'example_branch_datetime_operator_2' retrieved from /Users/yoonmoon/git/learn-airflow/airflow1/py_env/lib/python3.11/site-packages/airflow/example_dags/example_branch_datetime_operator.py
[2024-11-13T20:04:57.201+1100] {logging_mixin.py:190} INFO - [2024-11-13T20:04:57.201+1100] {dag.py:3239} INFO - Sync 3 DAGs
[2024-11-13T20:04:57.207+1100] {logging_mixin.py:190} INFO - [2024-11-13T20:04:57.207+1100] {dag.py:4180} INFO - Setting next_dagrun for example_branch_datetime_operator to 2024-11-12 00:00:00+00:00, run_after=2024-11-13 00:00:00+00:00
[2024-11-13T20:04:57.209+1100] {logging_mixin.py:190} INFO - [2024-11-13T20:04:57.209+1100] {dag.py:4180} INFO - Setting next_dagrun for example_branch_datetime_operator_2 to 2024-11-12 00:00:00+00:00, run_after=2024-11-13 00:00:00+00:00
[2024-11-13T20:04:57.209+1100] {logging_mixin.py:190} INFO - [2024-11-13T20:04:57.209+1100] {dag.py:4180} INFO - Setting next_dagrun for example_branch_datetime_operator_3 to 2024-11-12 00:00:00+00:00, run_after=2024-11-13 00:00:00+00:00
[2024-11-13T20:04:57.216+1100] {processor.py:208} INFO - Processing /Users/yoonmoon/git/learn-airflow/airflow1/py_env/lib/python3.11/site-packages/airflow/example_dags/example_branch_datetime_operator.py took 0.083 seconds
[2024-11-13T20:07:17.927+1100] {processor.py:186} INFO - Started process (PID=68440) to work on /Users/yoonmoon/git/learn-airflow/airflow1/py_env/lib/python3.11/site-packages/airflow/example_dags/example_branch_datetime_operator.py
[2024-11-13T20:07:17.929+1100] {processor.py:914} INFO - Processing file /Users/yoonmoon/git/learn-airflow/airflow1/py_env/lib/python3.11/site-packages/airflow/example_dags/example_branch_datetime_operator.py for tasks to queue
[2024-11-13T20:07:17.929+1100] {logging_mixin.py:190} INFO - [2024-11-13T20:07:17.929+1100] {dagbag.py:588} INFO - Filling up the DagBag from /Users/yoonmoon/git/learn-airflow/airflow1/py_env/lib/python3.11/site-packages/airflow/example_dags/example_branch_datetime_operator.py
[2024-11-13T20:07:17.934+1100] {processor.py:925} INFO - DAG(s) 'example_branch_datetime_operator_2', 'example_branch_datetime_operator', 'example_branch_datetime_operator_3' retrieved from /Users/yoonmoon/git/learn-airflow/airflow1/py_env/lib/python3.11/site-packages/airflow/example_dags/example_branch_datetime_operator.py
[2024-11-13T20:07:18.015+1100] {logging_mixin.py:190} INFO - [2024-11-13T20:07:18.015+1100] {dag.py:3239} INFO - Sync 3 DAGs
[2024-11-13T20:07:18.022+1100] {logging_mixin.py:190} INFO - [2024-11-13T20:07:18.022+1100] {dag.py:4180} INFO - Setting next_dagrun for example_branch_datetime_operator to 2024-11-12 00:00:00+00:00, run_after=2024-11-13 00:00:00+00:00
[2024-11-13T20:07:18.024+1100] {logging_mixin.py:190} INFO - [2024-11-13T20:07:18.024+1100] {dag.py:4180} INFO - Setting next_dagrun for example_branch_datetime_operator_2 to 2024-11-12 00:00:00+00:00, run_after=2024-11-13 00:00:00+00:00
[2024-11-13T20:07:18.025+1100] {logging_mixin.py:190} INFO - [2024-11-13T20:07:18.025+1100] {dag.py:4180} INFO - Setting next_dagrun for example_branch_datetime_operator_3 to 2024-11-12 00:00:00+00:00, run_after=2024-11-13 00:00:00+00:00
[2024-11-13T20:07:18.032+1100] {processor.py:208} INFO - Processing /Users/yoonmoon/git/learn-airflow/airflow1/py_env/lib/python3.11/site-packages/airflow/example_dags/example_branch_datetime_operator.py took 0.107 seconds
[2024-11-13T20:09:40.515+1100] {processor.py:186} INFO - Started process (PID=68703) to work on /Users/yoonmoon/git/learn-airflow/airflow1/py_env/lib/python3.11/site-packages/airflow/example_dags/example_branch_datetime_operator.py
[2024-11-13T20:09:40.516+1100] {processor.py:914} INFO - Processing file /Users/yoonmoon/git/learn-airflow/airflow1/py_env/lib/python3.11/site-packages/airflow/example_dags/example_branch_datetime_operator.py for tasks to queue
[2024-11-13T20:09:40.517+1100] {logging_mixin.py:190} INFO - [2024-11-13T20:09:40.516+1100] {dagbag.py:588} INFO - Filling up the DagBag from /Users/yoonmoon/git/learn-airflow/airflow1/py_env/lib/python3.11/site-packages/airflow/example_dags/example_branch_datetime_operator.py
[2024-11-13T20:09:40.521+1100] {processor.py:925} INFO - DAG(s) 'example_branch_datetime_operator_2', 'example_branch_datetime_operator_3', 'example_branch_datetime_operator' retrieved from /Users/yoonmoon/git/learn-airflow/airflow1/py_env/lib/python3.11/site-packages/airflow/example_dags/example_branch_datetime_operator.py
[2024-11-13T20:09:40.584+1100] {logging_mixin.py:190} INFO - [2024-11-13T20:09:40.583+1100] {dag.py:3239} INFO - Sync 3 DAGs
[2024-11-13T20:09:40.590+1100] {logging_mixin.py:190} INFO - [2024-11-13T20:09:40.590+1100] {dag.py:4180} INFO - Setting next_dagrun for example_branch_datetime_operator to 2024-11-12 00:00:00+00:00, run_after=2024-11-13 00:00:00+00:00
[2024-11-13T20:09:40.591+1100] {logging_mixin.py:190} INFO - [2024-11-13T20:09:40.591+1100] {dag.py:4180} INFO - Setting next_dagrun for example_branch_datetime_operator_2 to 2024-11-12 00:00:00+00:00, run_after=2024-11-13 00:00:00+00:00
[2024-11-13T20:09:40.592+1100] {logging_mixin.py:190} INFO - [2024-11-13T20:09:40.591+1100] {dag.py:4180} INFO - Setting next_dagrun for example_branch_datetime_operator_3 to 2024-11-12 00:00:00+00:00, run_after=2024-11-13 00:00:00+00:00
[2024-11-13T20:09:40.597+1100] {processor.py:208} INFO - Processing /Users/yoonmoon/git/learn-airflow/airflow1/py_env/lib/python3.11/site-packages/airflow/example_dags/example_branch_datetime_operator.py took 0.085 seconds
[2024-11-13T20:11:55.503+1100] {processor.py:186} INFO - Started process (PID=68982) to work on /Users/yoonmoon/git/learn-airflow/airflow1/py_env/lib/python3.11/site-packages/airflow/example_dags/example_branch_datetime_operator.py
[2024-11-13T20:11:55.504+1100] {processor.py:914} INFO - Processing file /Users/yoonmoon/git/learn-airflow/airflow1/py_env/lib/python3.11/site-packages/airflow/example_dags/example_branch_datetime_operator.py for tasks to queue
[2024-11-13T20:11:55.505+1100] {logging_mixin.py:190} INFO - [2024-11-13T20:11:55.504+1100] {dagbag.py:588} INFO - Filling up the DagBag from /Users/yoonmoon/git/learn-airflow/airflow1/py_env/lib/python3.11/site-packages/airflow/example_dags/example_branch_datetime_operator.py
[2024-11-13T20:11:55.509+1100] {processor.py:925} INFO - DAG(s) 'example_branch_datetime_operator_3', 'example_branch_datetime_operator', 'example_branch_datetime_operator_2' retrieved from /Users/yoonmoon/git/learn-airflow/airflow1/py_env/lib/python3.11/site-packages/airflow/example_dags/example_branch_datetime_operator.py
[2024-11-13T20:11:55.574+1100] {logging_mixin.py:190} INFO - [2024-11-13T20:11:55.574+1100] {dag.py:3239} INFO - Sync 3 DAGs
[2024-11-13T20:11:55.580+1100] {logging_mixin.py:190} INFO - [2024-11-13T20:11:55.580+1100] {dag.py:4180} INFO - Setting next_dagrun for example_branch_datetime_operator to 2024-11-12 00:00:00+00:00, run_after=2024-11-13 00:00:00+00:00
[2024-11-13T20:11:55.582+1100] {logging_mixin.py:190} INFO - [2024-11-13T20:11:55.582+1100] {dag.py:4180} INFO - Setting next_dagrun for example_branch_datetime_operator_2 to 2024-11-12 00:00:00+00:00, run_after=2024-11-13 00:00:00+00:00
[2024-11-13T20:11:55.582+1100] {logging_mixin.py:190} INFO - [2024-11-13T20:11:55.582+1100] {dag.py:4180} INFO - Setting next_dagrun for example_branch_datetime_operator_3 to 2024-11-12 00:00:00+00:00, run_after=2024-11-13 00:00:00+00:00
[2024-11-13T20:11:55.588+1100] {processor.py:208} INFO - Processing /Users/yoonmoon/git/learn-airflow/airflow1/py_env/lib/python3.11/site-packages/airflow/example_dags/example_branch_datetime_operator.py took 0.088 seconds
[2024-11-13T20:14:12.673+1100] {processor.py:186} INFO - Started process (PID=69231) to work on /Users/yoonmoon/git/learn-airflow/airflow1/py_env/lib/python3.11/site-packages/airflow/example_dags/example_branch_datetime_operator.py
[2024-11-13T20:14:12.674+1100] {processor.py:914} INFO - Processing file /Users/yoonmoon/git/learn-airflow/airflow1/py_env/lib/python3.11/site-packages/airflow/example_dags/example_branch_datetime_operator.py for tasks to queue
[2024-11-13T20:14:12.674+1100] {logging_mixin.py:190} INFO - [2024-11-13T20:14:12.674+1100] {dagbag.py:588} INFO - Filling up the DagBag from /Users/yoonmoon/git/learn-airflow/airflow1/py_env/lib/python3.11/site-packages/airflow/example_dags/example_branch_datetime_operator.py
[2024-11-13T20:14:12.679+1100] {processor.py:925} INFO - DAG(s) 'example_branch_datetime_operator_3', 'example_branch_datetime_operator', 'example_branch_datetime_operator_2' retrieved from /Users/yoonmoon/git/learn-airflow/airflow1/py_env/lib/python3.11/site-packages/airflow/example_dags/example_branch_datetime_operator.py
[2024-11-13T20:14:12.742+1100] {logging_mixin.py:190} INFO - [2024-11-13T20:14:12.742+1100] {dag.py:3239} INFO - Sync 3 DAGs
[2024-11-13T20:14:12.749+1100] {logging_mixin.py:190} INFO - [2024-11-13T20:14:12.749+1100] {dag.py:4180} INFO - Setting next_dagrun for example_branch_datetime_operator to 2024-11-12 00:00:00+00:00, run_after=2024-11-13 00:00:00+00:00
[2024-11-13T20:14:12.750+1100] {logging_mixin.py:190} INFO - [2024-11-13T20:14:12.750+1100] {dag.py:4180} INFO - Setting next_dagrun for example_branch_datetime_operator_2 to 2024-11-12 00:00:00+00:00, run_after=2024-11-13 00:00:00+00:00
[2024-11-13T20:14:12.751+1100] {logging_mixin.py:190} INFO - [2024-11-13T20:14:12.750+1100] {dag.py:4180} INFO - Setting next_dagrun for example_branch_datetime_operator_3 to 2024-11-12 00:00:00+00:00, run_after=2024-11-13 00:00:00+00:00
[2024-11-13T20:14:12.757+1100] {processor.py:208} INFO - Processing /Users/yoonmoon/git/learn-airflow/airflow1/py_env/lib/python3.11/site-packages/airflow/example_dags/example_branch_datetime_operator.py took 0.086 seconds
[2024-11-13T20:16:32.070+1100] {processor.py:186} INFO - Started process (PID=69480) to work on /Users/yoonmoon/git/learn-airflow/airflow1/py_env/lib/python3.11/site-packages/airflow/example_dags/example_branch_datetime_operator.py
[2024-11-13T20:16:32.072+1100] {processor.py:914} INFO - Processing file /Users/yoonmoon/git/learn-airflow/airflow1/py_env/lib/python3.11/site-packages/airflow/example_dags/example_branch_datetime_operator.py for tasks to queue
[2024-11-13T20:16:32.072+1100] {logging_mixin.py:190} INFO - [2024-11-13T20:16:32.072+1100] {dagbag.py:588} INFO - Filling up the DagBag from /Users/yoonmoon/git/learn-airflow/airflow1/py_env/lib/python3.11/site-packages/airflow/example_dags/example_branch_datetime_operator.py
[2024-11-13T20:16:32.077+1100] {processor.py:925} INFO - DAG(s) 'example_branch_datetime_operator_2', 'example_branch_datetime_operator', 'example_branch_datetime_operator_3' retrieved from /Users/yoonmoon/git/learn-airflow/airflow1/py_env/lib/python3.11/site-packages/airflow/example_dags/example_branch_datetime_operator.py
[2024-11-13T20:16:32.141+1100] {logging_mixin.py:190} INFO - [2024-11-13T20:16:32.140+1100] {dag.py:3239} INFO - Sync 3 DAGs
[2024-11-13T20:16:32.147+1100] {logging_mixin.py:190} INFO - [2024-11-13T20:16:32.147+1100] {dag.py:4180} INFO - Setting next_dagrun for example_branch_datetime_operator to 2024-11-12 00:00:00+00:00, run_after=2024-11-13 00:00:00+00:00
[2024-11-13T20:16:32.148+1100] {logging_mixin.py:190} INFO - [2024-11-13T20:16:32.148+1100] {dag.py:4180} INFO - Setting next_dagrun for example_branch_datetime_operator_2 to 2024-11-12 00:00:00+00:00, run_after=2024-11-13 00:00:00+00:00
[2024-11-13T20:16:32.149+1100] {logging_mixin.py:190} INFO - [2024-11-13T20:16:32.149+1100] {dag.py:4180} INFO - Setting next_dagrun for example_branch_datetime_operator_3 to 2024-11-12 00:00:00+00:00, run_after=2024-11-13 00:00:00+00:00
[2024-11-13T20:16:32.155+1100] {processor.py:208} INFO - Processing /Users/yoonmoon/git/learn-airflow/airflow1/py_env/lib/python3.11/site-packages/airflow/example_dags/example_branch_datetime_operator.py took 0.086 seconds
[2024-11-13T20:18:51.054+1100] {processor.py:186} INFO - Started process (PID=69749) to work on /Users/yoonmoon/git/learn-airflow/airflow1/py_env/lib/python3.11/site-packages/airflow/example_dags/example_branch_datetime_operator.py
[2024-11-13T20:18:51.056+1100] {processor.py:914} INFO - Processing file /Users/yoonmoon/git/learn-airflow/airflow1/py_env/lib/python3.11/site-packages/airflow/example_dags/example_branch_datetime_operator.py for tasks to queue
[2024-11-13T20:18:51.056+1100] {logging_mixin.py:190} INFO - [2024-11-13T20:18:51.056+1100] {dagbag.py:588} INFO - Filling up the DagBag from /Users/yoonmoon/git/learn-airflow/airflow1/py_env/lib/python3.11/site-packages/airflow/example_dags/example_branch_datetime_operator.py
[2024-11-13T20:18:51.062+1100] {processor.py:925} INFO - DAG(s) 'example_branch_datetime_operator_3', 'example_branch_datetime_operator', 'example_branch_datetime_operator_2' retrieved from /Users/yoonmoon/git/learn-airflow/airflow1/py_env/lib/python3.11/site-packages/airflow/example_dags/example_branch_datetime_operator.py
[2024-11-13T20:18:51.126+1100] {logging_mixin.py:190} INFO - [2024-11-13T20:18:51.126+1100] {dag.py:3239} INFO - Sync 3 DAGs
[2024-11-13T20:18:51.133+1100] {logging_mixin.py:190} INFO - [2024-11-13T20:18:51.133+1100] {dag.py:4180} INFO - Setting next_dagrun for example_branch_datetime_operator to 2024-11-12 00:00:00+00:00, run_after=2024-11-13 00:00:00+00:00
[2024-11-13T20:18:51.135+1100] {logging_mixin.py:190} INFO - [2024-11-13T20:18:51.135+1100] {dag.py:4180} INFO - Setting next_dagrun for example_branch_datetime_operator_2 to 2024-11-12 00:00:00+00:00, run_after=2024-11-13 00:00:00+00:00
[2024-11-13T20:18:51.136+1100] {logging_mixin.py:190} INFO - [2024-11-13T20:18:51.136+1100] {dag.py:4180} INFO - Setting next_dagrun for example_branch_datetime_operator_3 to 2024-11-12 00:00:00+00:00, run_after=2024-11-13 00:00:00+00:00
[2024-11-13T20:18:51.142+1100] {processor.py:208} INFO - Processing /Users/yoonmoon/git/learn-airflow/airflow1/py_env/lib/python3.11/site-packages/airflow/example_dags/example_branch_datetime_operator.py took 0.090 seconds
[2024-11-13T20:21:09.886+1100] {processor.py:186} INFO - Started process (PID=70126) to work on /Users/yoonmoon/git/learn-airflow/airflow1/py_env/lib/python3.11/site-packages/airflow/example_dags/example_branch_datetime_operator.py
[2024-11-13T20:21:09.887+1100] {processor.py:914} INFO - Processing file /Users/yoonmoon/git/learn-airflow/airflow1/py_env/lib/python3.11/site-packages/airflow/example_dags/example_branch_datetime_operator.py for tasks to queue
[2024-11-13T20:21:09.887+1100] {logging_mixin.py:190} INFO - [2024-11-13T20:21:09.887+1100] {dagbag.py:588} INFO - Filling up the DagBag from /Users/yoonmoon/git/learn-airflow/airflow1/py_env/lib/python3.11/site-packages/airflow/example_dags/example_branch_datetime_operator.py
[2024-11-13T20:21:09.892+1100] {processor.py:925} INFO - DAG(s) 'example_branch_datetime_operator_2', 'example_branch_datetime_operator_3', 'example_branch_datetime_operator' retrieved from /Users/yoonmoon/git/learn-airflow/airflow1/py_env/lib/python3.11/site-packages/airflow/example_dags/example_branch_datetime_operator.py
[2024-11-13T20:21:09.952+1100] {logging_mixin.py:190} INFO - [2024-11-13T20:21:09.952+1100] {dag.py:3239} INFO - Sync 3 DAGs
[2024-11-13T20:21:09.958+1100] {logging_mixin.py:190} INFO - [2024-11-13T20:21:09.958+1100] {dag.py:4180} INFO - Setting next_dagrun for example_branch_datetime_operator to 2024-11-12 00:00:00+00:00, run_after=2024-11-13 00:00:00+00:00
[2024-11-13T20:21:09.959+1100] {logging_mixin.py:190} INFO - [2024-11-13T20:21:09.959+1100] {dag.py:4180} INFO - Setting next_dagrun for example_branch_datetime_operator_2 to 2024-11-12 00:00:00+00:00, run_after=2024-11-13 00:00:00+00:00
[2024-11-13T20:21:09.960+1100] {logging_mixin.py:190} INFO - [2024-11-13T20:21:09.960+1100] {dag.py:4180} INFO - Setting next_dagrun for example_branch_datetime_operator_3 to 2024-11-12 00:00:00+00:00, run_after=2024-11-13 00:00:00+00:00
[2024-11-13T20:21:09.966+1100] {processor.py:208} INFO - Processing /Users/yoonmoon/git/learn-airflow/airflow1/py_env/lib/python3.11/site-packages/airflow/example_dags/example_branch_datetime_operator.py took 0.082 seconds
[2024-11-13T20:23:21.865+1100] {processor.py:186} INFO - Started process (PID=70384) to work on /Users/yoonmoon/git/learn-airflow/airflow1/py_env/lib/python3.11/site-packages/airflow/example_dags/example_branch_datetime_operator.py
[2024-11-13T20:23:21.867+1100] {processor.py:914} INFO - Processing file /Users/yoonmoon/git/learn-airflow/airflow1/py_env/lib/python3.11/site-packages/airflow/example_dags/example_branch_datetime_operator.py for tasks to queue
[2024-11-13T20:23:21.867+1100] {logging_mixin.py:190} INFO - [2024-11-13T20:23:21.867+1100] {dagbag.py:588} INFO - Filling up the DagBag from /Users/yoonmoon/git/learn-airflow/airflow1/py_env/lib/python3.11/site-packages/airflow/example_dags/example_branch_datetime_operator.py
[2024-11-13T20:23:21.872+1100] {processor.py:925} INFO - DAG(s) 'example_branch_datetime_operator', 'example_branch_datetime_operator_2', 'example_branch_datetime_operator_3' retrieved from /Users/yoonmoon/git/learn-airflow/airflow1/py_env/lib/python3.11/site-packages/airflow/example_dags/example_branch_datetime_operator.py
[2024-11-13T20:23:21.938+1100] {logging_mixin.py:190} INFO - [2024-11-13T20:23:21.938+1100] {dag.py:3239} INFO - Sync 3 DAGs
[2024-11-13T20:23:21.945+1100] {logging_mixin.py:190} INFO - [2024-11-13T20:23:21.945+1100] {dag.py:4180} INFO - Setting next_dagrun for example_branch_datetime_operator to 2024-11-12 00:00:00+00:00, run_after=2024-11-13 00:00:00+00:00
[2024-11-13T20:23:21.946+1100] {logging_mixin.py:190} INFO - [2024-11-13T20:23:21.946+1100] {dag.py:4180} INFO - Setting next_dagrun for example_branch_datetime_operator_2 to 2024-11-12 00:00:00+00:00, run_after=2024-11-13 00:00:00+00:00
[2024-11-13T20:23:21.947+1100] {logging_mixin.py:190} INFO - [2024-11-13T20:23:21.947+1100] {dag.py:4180} INFO - Setting next_dagrun for example_branch_datetime_operator_3 to 2024-11-12 00:00:00+00:00, run_after=2024-11-13 00:00:00+00:00
[2024-11-13T20:23:21.954+1100] {processor.py:208} INFO - Processing /Users/yoonmoon/git/learn-airflow/airflow1/py_env/lib/python3.11/site-packages/airflow/example_dags/example_branch_datetime_operator.py took 0.090 seconds
[2024-11-13T20:25:38.222+1100] {processor.py:186} INFO - Started process (PID=70635) to work on /Users/yoonmoon/git/learn-airflow/airflow1/py_env/lib/python3.11/site-packages/airflow/example_dags/example_branch_datetime_operator.py
[2024-11-13T20:25:38.223+1100] {processor.py:914} INFO - Processing file /Users/yoonmoon/git/learn-airflow/airflow1/py_env/lib/python3.11/site-packages/airflow/example_dags/example_branch_datetime_operator.py for tasks to queue
[2024-11-13T20:25:38.223+1100] {logging_mixin.py:190} INFO - [2024-11-13T20:25:38.223+1100] {dagbag.py:588} INFO - Filling up the DagBag from /Users/yoonmoon/git/learn-airflow/airflow1/py_env/lib/python3.11/site-packages/airflow/example_dags/example_branch_datetime_operator.py
[2024-11-13T20:25:38.229+1100] {processor.py:925} INFO - DAG(s) 'example_branch_datetime_operator', 'example_branch_datetime_operator_2', 'example_branch_datetime_operator_3' retrieved from /Users/yoonmoon/git/learn-airflow/airflow1/py_env/lib/python3.11/site-packages/airflow/example_dags/example_branch_datetime_operator.py
[2024-11-13T20:25:38.294+1100] {logging_mixin.py:190} INFO - [2024-11-13T20:25:38.294+1100] {dag.py:3239} INFO - Sync 3 DAGs
[2024-11-13T20:25:38.301+1100] {logging_mixin.py:190} INFO - [2024-11-13T20:25:38.301+1100] {dag.py:4180} INFO - Setting next_dagrun for example_branch_datetime_operator to 2024-11-12 00:00:00+00:00, run_after=2024-11-13 00:00:00+00:00
[2024-11-13T20:25:38.303+1100] {logging_mixin.py:190} INFO - [2024-11-13T20:25:38.303+1100] {dag.py:4180} INFO - Setting next_dagrun for example_branch_datetime_operator_2 to 2024-11-12 00:00:00+00:00, run_after=2024-11-13 00:00:00+00:00
[2024-11-13T20:25:38.303+1100] {logging_mixin.py:190} INFO - [2024-11-13T20:25:38.303+1100] {dag.py:4180} INFO - Setting next_dagrun for example_branch_datetime_operator_3 to 2024-11-12 00:00:00+00:00, run_after=2024-11-13 00:00:00+00:00
[2024-11-13T20:25:38.309+1100] {processor.py:208} INFO - Processing /Users/yoonmoon/git/learn-airflow/airflow1/py_env/lib/python3.11/site-packages/airflow/example_dags/example_branch_datetime_operator.py took 0.090 seconds
[2024-11-13T20:27:58.473+1100] {processor.py:186} INFO - Started process (PID=70920) to work on /Users/yoonmoon/git/learn-airflow/airflow1/py_env/lib/python3.11/site-packages/airflow/example_dags/example_branch_datetime_operator.py
[2024-11-13T20:27:58.474+1100] {processor.py:914} INFO - Processing file /Users/yoonmoon/git/learn-airflow/airflow1/py_env/lib/python3.11/site-packages/airflow/example_dags/example_branch_datetime_operator.py for tasks to queue
[2024-11-13T20:27:58.475+1100] {logging_mixin.py:190} INFO - [2024-11-13T20:27:58.474+1100] {dagbag.py:588} INFO - Filling up the DagBag from /Users/yoonmoon/git/learn-airflow/airflow1/py_env/lib/python3.11/site-packages/airflow/example_dags/example_branch_datetime_operator.py
[2024-11-13T20:27:58.479+1100] {processor.py:925} INFO - DAG(s) 'example_branch_datetime_operator', 'example_branch_datetime_operator_3', 'example_branch_datetime_operator_2' retrieved from /Users/yoonmoon/git/learn-airflow/airflow1/py_env/lib/python3.11/site-packages/airflow/example_dags/example_branch_datetime_operator.py
[2024-11-13T20:27:58.542+1100] {logging_mixin.py:190} INFO - [2024-11-13T20:27:58.542+1100] {dag.py:3239} INFO - Sync 3 DAGs
[2024-11-13T20:27:58.549+1100] {logging_mixin.py:190} INFO - [2024-11-13T20:27:58.548+1100] {dag.py:4180} INFO - Setting next_dagrun for example_branch_datetime_operator to 2024-11-12 00:00:00+00:00, run_after=2024-11-13 00:00:00+00:00
[2024-11-13T20:27:58.550+1100] {logging_mixin.py:190} INFO - [2024-11-13T20:27:58.550+1100] {dag.py:4180} INFO - Setting next_dagrun for example_branch_datetime_operator_2 to 2024-11-12 00:00:00+00:00, run_after=2024-11-13 00:00:00+00:00
[2024-11-13T20:27:58.551+1100] {logging_mixin.py:190} INFO - [2024-11-13T20:27:58.551+1100] {dag.py:4180} INFO - Setting next_dagrun for example_branch_datetime_operator_3 to 2024-11-12 00:00:00+00:00, run_after=2024-11-13 00:00:00+00:00
[2024-11-13T20:27:58.557+1100] {processor.py:208} INFO - Processing /Users/yoonmoon/git/learn-airflow/airflow1/py_env/lib/python3.11/site-packages/airflow/example_dags/example_branch_datetime_operator.py took 0.086 seconds
[2024-11-13T20:30:10.565+1100] {processor.py:186} INFO - Started process (PID=71186) to work on /Users/yoonmoon/git/learn-airflow/airflow1/py_env/lib/python3.11/site-packages/airflow/example_dags/example_branch_datetime_operator.py
[2024-11-13T20:30:10.566+1100] {processor.py:914} INFO - Processing file /Users/yoonmoon/git/learn-airflow/airflow1/py_env/lib/python3.11/site-packages/airflow/example_dags/example_branch_datetime_operator.py for tasks to queue
[2024-11-13T20:30:10.566+1100] {logging_mixin.py:190} INFO - [2024-11-13T20:30:10.566+1100] {dagbag.py:588} INFO - Filling up the DagBag from /Users/yoonmoon/git/learn-airflow/airflow1/py_env/lib/python3.11/site-packages/airflow/example_dags/example_branch_datetime_operator.py
[2024-11-13T20:30:10.571+1100] {processor.py:925} INFO - DAG(s) 'example_branch_datetime_operator_3', 'example_branch_datetime_operator', 'example_branch_datetime_operator_2' retrieved from /Users/yoonmoon/git/learn-airflow/airflow1/py_env/lib/python3.11/site-packages/airflow/example_dags/example_branch_datetime_operator.py
[2024-11-13T20:30:10.633+1100] {logging_mixin.py:190} INFO - [2024-11-13T20:30:10.633+1100] {dag.py:3239} INFO - Sync 3 DAGs
[2024-11-13T20:30:10.639+1100] {logging_mixin.py:190} INFO - [2024-11-13T20:30:10.639+1100] {dag.py:4180} INFO - Setting next_dagrun for example_branch_datetime_operator to 2024-11-12 00:00:00+00:00, run_after=2024-11-13 00:00:00+00:00
[2024-11-13T20:30:10.640+1100] {logging_mixin.py:190} INFO - [2024-11-13T20:30:10.640+1100] {dag.py:4180} INFO - Setting next_dagrun for example_branch_datetime_operator_2 to 2024-11-12 00:00:00+00:00, run_after=2024-11-13 00:00:00+00:00
[2024-11-13T20:30:10.641+1100] {logging_mixin.py:190} INFO - [2024-11-13T20:30:10.641+1100] {dag.py:4180} INFO - Setting next_dagrun for example_branch_datetime_operator_3 to 2024-11-12 00:00:00+00:00, run_after=2024-11-13 00:00:00+00:00
[2024-11-13T20:30:10.646+1100] {processor.py:208} INFO - Processing /Users/yoonmoon/git/learn-airflow/airflow1/py_env/lib/python3.11/site-packages/airflow/example_dags/example_branch_datetime_operator.py took 0.083 seconds
[2024-11-13T20:32:30.537+1100] {processor.py:186} INFO - Started process (PID=71439) to work on /Users/yoonmoon/git/learn-airflow/airflow1/py_env/lib/python3.11/site-packages/airflow/example_dags/example_branch_datetime_operator.py
[2024-11-13T20:32:30.538+1100] {processor.py:914} INFO - Processing file /Users/yoonmoon/git/learn-airflow/airflow1/py_env/lib/python3.11/site-packages/airflow/example_dags/example_branch_datetime_operator.py for tasks to queue
[2024-11-13T20:32:30.538+1100] {logging_mixin.py:190} INFO - [2024-11-13T20:32:30.538+1100] {dagbag.py:588} INFO - Filling up the DagBag from /Users/yoonmoon/git/learn-airflow/airflow1/py_env/lib/python3.11/site-packages/airflow/example_dags/example_branch_datetime_operator.py
[2024-11-13T20:32:30.543+1100] {processor.py:925} INFO - DAG(s) 'example_branch_datetime_operator_3', 'example_branch_datetime_operator', 'example_branch_datetime_operator_2' retrieved from /Users/yoonmoon/git/learn-airflow/airflow1/py_env/lib/python3.11/site-packages/airflow/example_dags/example_branch_datetime_operator.py
[2024-11-13T20:32:30.607+1100] {logging_mixin.py:190} INFO - [2024-11-13T20:32:30.607+1100] {dag.py:3239} INFO - Sync 3 DAGs
[2024-11-13T20:32:30.613+1100] {logging_mixin.py:190} INFO - [2024-11-13T20:32:30.613+1100] {dag.py:4180} INFO - Setting next_dagrun for example_branch_datetime_operator to 2024-11-12 00:00:00+00:00, run_after=2024-11-13 00:00:00+00:00
[2024-11-13T20:32:30.614+1100] {logging_mixin.py:190} INFO - [2024-11-13T20:32:30.614+1100] {dag.py:4180} INFO - Setting next_dagrun for example_branch_datetime_operator_2 to 2024-11-12 00:00:00+00:00, run_after=2024-11-13 00:00:00+00:00
[2024-11-13T20:32:30.615+1100] {logging_mixin.py:190} INFO - [2024-11-13T20:32:30.615+1100] {dag.py:4180} INFO - Setting next_dagrun for example_branch_datetime_operator_3 to 2024-11-12 00:00:00+00:00, run_after=2024-11-13 00:00:00+00:00
[2024-11-13T20:32:30.621+1100] {processor.py:208} INFO - Processing /Users/yoonmoon/git/learn-airflow/airflow1/py_env/lib/python3.11/site-packages/airflow/example_dags/example_branch_datetime_operator.py took 0.086 seconds
[2024-11-13T20:34:52.788+1100] {processor.py:186} INFO - Started process (PID=71702) to work on /Users/yoonmoon/git/learn-airflow/airflow1/py_env/lib/python3.11/site-packages/airflow/example_dags/example_branch_datetime_operator.py
[2024-11-13T20:34:52.789+1100] {processor.py:914} INFO - Processing file /Users/yoonmoon/git/learn-airflow/airflow1/py_env/lib/python3.11/site-packages/airflow/example_dags/example_branch_datetime_operator.py for tasks to queue
[2024-11-13T20:34:52.790+1100] {logging_mixin.py:190} INFO - [2024-11-13T20:34:52.790+1100] {dagbag.py:588} INFO - Filling up the DagBag from /Users/yoonmoon/git/learn-airflow/airflow1/py_env/lib/python3.11/site-packages/airflow/example_dags/example_branch_datetime_operator.py
[2024-11-13T20:34:52.795+1100] {processor.py:925} INFO - DAG(s) 'example_branch_datetime_operator_2', 'example_branch_datetime_operator', 'example_branch_datetime_operator_3' retrieved from /Users/yoonmoon/git/learn-airflow/airflow1/py_env/lib/python3.11/site-packages/airflow/example_dags/example_branch_datetime_operator.py
[2024-11-13T20:34:52.857+1100] {logging_mixin.py:190} INFO - [2024-11-13T20:34:52.856+1100] {dag.py:3239} INFO - Sync 3 DAGs
[2024-11-13T20:34:52.863+1100] {logging_mixin.py:190} INFO - [2024-11-13T20:34:52.863+1100] {dag.py:4180} INFO - Setting next_dagrun for example_branch_datetime_operator to 2024-11-12 00:00:00+00:00, run_after=2024-11-13 00:00:00+00:00
[2024-11-13T20:34:52.864+1100] {logging_mixin.py:190} INFO - [2024-11-13T20:34:52.864+1100] {dag.py:4180} INFO - Setting next_dagrun for example_branch_datetime_operator_2 to 2024-11-12 00:00:00+00:00, run_after=2024-11-13 00:00:00+00:00
[2024-11-13T20:34:52.865+1100] {logging_mixin.py:190} INFO - [2024-11-13T20:34:52.865+1100] {dag.py:4180} INFO - Setting next_dagrun for example_branch_datetime_operator_3 to 2024-11-12 00:00:00+00:00, run_after=2024-11-13 00:00:00+00:00
[2024-11-13T20:34:52.871+1100] {processor.py:208} INFO - Processing /Users/yoonmoon/git/learn-airflow/airflow1/py_env/lib/python3.11/site-packages/airflow/example_dags/example_branch_datetime_operator.py took 0.084 seconds
[2024-11-13T20:37:11.557+1100] {processor.py:186} INFO - Started process (PID=71990) to work on /Users/yoonmoon/git/learn-airflow/airflow1/py_env/lib/python3.11/site-packages/airflow/example_dags/example_branch_datetime_operator.py
[2024-11-13T20:37:11.558+1100] {processor.py:914} INFO - Processing file /Users/yoonmoon/git/learn-airflow/airflow1/py_env/lib/python3.11/site-packages/airflow/example_dags/example_branch_datetime_operator.py for tasks to queue
[2024-11-13T20:37:11.559+1100] {logging_mixin.py:190} INFO - [2024-11-13T20:37:11.558+1100] {dagbag.py:588} INFO - Filling up the DagBag from /Users/yoonmoon/git/learn-airflow/airflow1/py_env/lib/python3.11/site-packages/airflow/example_dags/example_branch_datetime_operator.py
[2024-11-13T20:37:11.563+1100] {processor.py:925} INFO - DAG(s) 'example_branch_datetime_operator_3', 'example_branch_datetime_operator', 'example_branch_datetime_operator_2' retrieved from /Users/yoonmoon/git/learn-airflow/airflow1/py_env/lib/python3.11/site-packages/airflow/example_dags/example_branch_datetime_operator.py
[2024-11-13T20:37:11.624+1100] {logging_mixin.py:190} INFO - [2024-11-13T20:37:11.624+1100] {dag.py:3239} INFO - Sync 3 DAGs
[2024-11-13T20:37:11.630+1100] {logging_mixin.py:190} INFO - [2024-11-13T20:37:11.630+1100] {dag.py:4180} INFO - Setting next_dagrun for example_branch_datetime_operator to 2024-11-12 00:00:00+00:00, run_after=2024-11-13 00:00:00+00:00
[2024-11-13T20:37:11.632+1100] {logging_mixin.py:190} INFO - [2024-11-13T20:37:11.632+1100] {dag.py:4180} INFO - Setting next_dagrun for example_branch_datetime_operator_2 to 2024-11-12 00:00:00+00:00, run_after=2024-11-13 00:00:00+00:00
[2024-11-13T20:37:11.632+1100] {logging_mixin.py:190} INFO - [2024-11-13T20:37:11.632+1100] {dag.py:4180} INFO - Setting next_dagrun for example_branch_datetime_operator_3 to 2024-11-12 00:00:00+00:00, run_after=2024-11-13 00:00:00+00:00
[2024-11-13T20:37:11.638+1100] {processor.py:208} INFO - Processing /Users/yoonmoon/git/learn-airflow/airflow1/py_env/lib/python3.11/site-packages/airflow/example_dags/example_branch_datetime_operator.py took 0.084 seconds
[2024-11-13T20:39:28.145+1100] {processor.py:186} INFO - Started process (PID=72271) to work on /Users/yoonmoon/git/learn-airflow/airflow1/py_env/lib/python3.11/site-packages/airflow/example_dags/example_branch_datetime_operator.py
[2024-11-13T20:39:28.146+1100] {processor.py:914} INFO - Processing file /Users/yoonmoon/git/learn-airflow/airflow1/py_env/lib/python3.11/site-packages/airflow/example_dags/example_branch_datetime_operator.py for tasks to queue
[2024-11-13T20:39:28.146+1100] {logging_mixin.py:190} INFO - [2024-11-13T20:39:28.146+1100] {dagbag.py:588} INFO - Filling up the DagBag from /Users/yoonmoon/git/learn-airflow/airflow1/py_env/lib/python3.11/site-packages/airflow/example_dags/example_branch_datetime_operator.py
[2024-11-13T20:39:28.152+1100] {processor.py:925} INFO - DAG(s) 'example_branch_datetime_operator', 'example_branch_datetime_operator_2', 'example_branch_datetime_operator_3' retrieved from /Users/yoonmoon/git/learn-airflow/airflow1/py_env/lib/python3.11/site-packages/airflow/example_dags/example_branch_datetime_operator.py
[2024-11-13T20:39:28.215+1100] {logging_mixin.py:190} INFO - [2024-11-13T20:39:28.215+1100] {dag.py:3239} INFO - Sync 3 DAGs
[2024-11-13T20:39:28.222+1100] {logging_mixin.py:190} INFO - [2024-11-13T20:39:28.221+1100] {dag.py:4180} INFO - Setting next_dagrun for example_branch_datetime_operator to 2024-11-12 00:00:00+00:00, run_after=2024-11-13 00:00:00+00:00
[2024-11-13T20:39:28.223+1100] {logging_mixin.py:190} INFO - [2024-11-13T20:39:28.223+1100] {dag.py:4180} INFO - Setting next_dagrun for example_branch_datetime_operator_2 to 2024-11-12 00:00:00+00:00, run_after=2024-11-13 00:00:00+00:00
[2024-11-13T20:39:28.224+1100] {logging_mixin.py:190} INFO - [2024-11-13T20:39:28.224+1100] {dag.py:4180} INFO - Setting next_dagrun for example_branch_datetime_operator_3 to 2024-11-12 00:00:00+00:00, run_after=2024-11-13 00:00:00+00:00
[2024-11-13T20:39:28.229+1100] {processor.py:208} INFO - Processing /Users/yoonmoon/git/learn-airflow/airflow1/py_env/lib/python3.11/site-packages/airflow/example_dags/example_branch_datetime_operator.py took 0.087 seconds
[2024-11-13T20:41:50.177+1100] {processor.py:186} INFO - Started process (PID=72530) to work on /Users/yoonmoon/git/learn-airflow/airflow1/py_env/lib/python3.11/site-packages/airflow/example_dags/example_branch_datetime_operator.py
[2024-11-13T20:41:50.179+1100] {processor.py:914} INFO - Processing file /Users/yoonmoon/git/learn-airflow/airflow1/py_env/lib/python3.11/site-packages/airflow/example_dags/example_branch_datetime_operator.py for tasks to queue
[2024-11-13T20:41:50.179+1100] {logging_mixin.py:190} INFO - [2024-11-13T20:41:50.179+1100] {dagbag.py:588} INFO - Filling up the DagBag from /Users/yoonmoon/git/learn-airflow/airflow1/py_env/lib/python3.11/site-packages/airflow/example_dags/example_branch_datetime_operator.py
[2024-11-13T20:41:50.184+1100] {processor.py:925} INFO - DAG(s) 'example_branch_datetime_operator', 'example_branch_datetime_operator_2', 'example_branch_datetime_operator_3' retrieved from /Users/yoonmoon/git/learn-airflow/airflow1/py_env/lib/python3.11/site-packages/airflow/example_dags/example_branch_datetime_operator.py
[2024-11-13T20:41:50.246+1100] {logging_mixin.py:190} INFO - [2024-11-13T20:41:50.246+1100] {dag.py:3239} INFO - Sync 3 DAGs
[2024-11-13T20:41:50.252+1100] {logging_mixin.py:190} INFO - [2024-11-13T20:41:50.252+1100] {dag.py:4180} INFO - Setting next_dagrun for example_branch_datetime_operator to 2024-11-12 00:00:00+00:00, run_after=2024-11-13 00:00:00+00:00
[2024-11-13T20:41:50.253+1100] {logging_mixin.py:190} INFO - [2024-11-13T20:41:50.253+1100] {dag.py:4180} INFO - Setting next_dagrun for example_branch_datetime_operator_2 to 2024-11-12 00:00:00+00:00, run_after=2024-11-13 00:00:00+00:00
[2024-11-13T20:41:50.254+1100] {logging_mixin.py:190} INFO - [2024-11-13T20:41:50.254+1100] {dag.py:4180} INFO - Setting next_dagrun for example_branch_datetime_operator_3 to 2024-11-12 00:00:00+00:00, run_after=2024-11-13 00:00:00+00:00
[2024-11-13T20:41:50.260+1100] {processor.py:208} INFO - Processing /Users/yoonmoon/git/learn-airflow/airflow1/py_env/lib/python3.11/site-packages/airflow/example_dags/example_branch_datetime_operator.py took 0.085 seconds
[2024-11-13T20:44:05.229+1100] {processor.py:186} INFO - Started process (PID=72781) to work on /Users/yoonmoon/git/learn-airflow/airflow1/py_env/lib/python3.11/site-packages/airflow/example_dags/example_branch_datetime_operator.py
[2024-11-13T20:44:05.235+1100] {processor.py:914} INFO - Processing file /Users/yoonmoon/git/learn-airflow/airflow1/py_env/lib/python3.11/site-packages/airflow/example_dags/example_branch_datetime_operator.py for tasks to queue
[2024-11-13T20:44:05.235+1100] {logging_mixin.py:190} INFO - [2024-11-13T20:44:05.235+1100] {dagbag.py:588} INFO - Filling up the DagBag from /Users/yoonmoon/git/learn-airflow/airflow1/py_env/lib/python3.11/site-packages/airflow/example_dags/example_branch_datetime_operator.py
[2024-11-13T20:44:05.241+1100] {processor.py:925} INFO - DAG(s) 'example_branch_datetime_operator_3', 'example_branch_datetime_operator', 'example_branch_datetime_operator_2' retrieved from /Users/yoonmoon/git/learn-airflow/airflow1/py_env/lib/python3.11/site-packages/airflow/example_dags/example_branch_datetime_operator.py
[2024-11-13T20:44:05.305+1100] {logging_mixin.py:190} INFO - [2024-11-13T20:44:05.304+1100] {dag.py:3239} INFO - Sync 3 DAGs
[2024-11-13T20:44:05.311+1100] {logging_mixin.py:190} INFO - [2024-11-13T20:44:05.311+1100] {dag.py:4180} INFO - Setting next_dagrun for example_branch_datetime_operator to 2024-11-12 00:00:00+00:00, run_after=2024-11-13 00:00:00+00:00
[2024-11-13T20:44:05.312+1100] {logging_mixin.py:190} INFO - [2024-11-13T20:44:05.312+1100] {dag.py:4180} INFO - Setting next_dagrun for example_branch_datetime_operator_2 to 2024-11-12 00:00:00+00:00, run_after=2024-11-13 00:00:00+00:00
[2024-11-13T20:44:05.313+1100] {logging_mixin.py:190} INFO - [2024-11-13T20:44:05.313+1100] {dag.py:4180} INFO - Setting next_dagrun for example_branch_datetime_operator_3 to 2024-11-12 00:00:00+00:00, run_after=2024-11-13 00:00:00+00:00
[2024-11-13T20:44:05.319+1100] {processor.py:208} INFO - Processing /Users/yoonmoon/git/learn-airflow/airflow1/py_env/lib/python3.11/site-packages/airflow/example_dags/example_branch_datetime_operator.py took 0.092 seconds
[2024-11-13T20:46:30.511+1100] {processor.py:186} INFO - Started process (PID=73055) to work on /Users/yoonmoon/git/learn-airflow/airflow1/py_env/lib/python3.11/site-packages/airflow/example_dags/example_branch_datetime_operator.py
[2024-11-13T20:46:30.513+1100] {processor.py:914} INFO - Processing file /Users/yoonmoon/git/learn-airflow/airflow1/py_env/lib/python3.11/site-packages/airflow/example_dags/example_branch_datetime_operator.py for tasks to queue
[2024-11-13T20:46:30.513+1100] {logging_mixin.py:190} INFO - [2024-11-13T20:46:30.513+1100] {dagbag.py:588} INFO - Filling up the DagBag from /Users/yoonmoon/git/learn-airflow/airflow1/py_env/lib/python3.11/site-packages/airflow/example_dags/example_branch_datetime_operator.py
[2024-11-13T20:46:30.518+1100] {processor.py:925} INFO - DAG(s) 'example_branch_datetime_operator', 'example_branch_datetime_operator_2', 'example_branch_datetime_operator_3' retrieved from /Users/yoonmoon/git/learn-airflow/airflow1/py_env/lib/python3.11/site-packages/airflow/example_dags/example_branch_datetime_operator.py
[2024-11-13T20:46:30.581+1100] {logging_mixin.py:190} INFO - [2024-11-13T20:46:30.581+1100] {dag.py:3239} INFO - Sync 3 DAGs
[2024-11-13T20:46:30.587+1100] {logging_mixin.py:190} INFO - [2024-11-13T20:46:30.587+1100] {dag.py:4180} INFO - Setting next_dagrun for example_branch_datetime_operator to 2024-11-12 00:00:00+00:00, run_after=2024-11-13 00:00:00+00:00
[2024-11-13T20:46:30.589+1100] {logging_mixin.py:190} INFO - [2024-11-13T20:46:30.589+1100] {dag.py:4180} INFO - Setting next_dagrun for example_branch_datetime_operator_2 to 2024-11-12 00:00:00+00:00, run_after=2024-11-13 00:00:00+00:00
[2024-11-13T20:46:30.589+1100] {logging_mixin.py:190} INFO - [2024-11-13T20:46:30.589+1100] {dag.py:4180} INFO - Setting next_dagrun for example_branch_datetime_operator_3 to 2024-11-12 00:00:00+00:00, run_after=2024-11-13 00:00:00+00:00
[2024-11-13T20:46:30.595+1100] {processor.py:208} INFO - Processing /Users/yoonmoon/git/learn-airflow/airflow1/py_env/lib/python3.11/site-packages/airflow/example_dags/example_branch_datetime_operator.py took 0.086 seconds
[2024-11-13T20:48:53.000+1100] {processor.py:186} INFO - Started process (PID=73339) to work on /Users/yoonmoon/git/learn-airflow/airflow1/py_env/lib/python3.11/site-packages/airflow/example_dags/example_branch_datetime_operator.py
[2024-11-13T20:48:53.001+1100] {processor.py:914} INFO - Processing file /Users/yoonmoon/git/learn-airflow/airflow1/py_env/lib/python3.11/site-packages/airflow/example_dags/example_branch_datetime_operator.py for tasks to queue
[2024-11-13T20:48:53.001+1100] {logging_mixin.py:190} INFO - [2024-11-13T20:48:53.001+1100] {dagbag.py:588} INFO - Filling up the DagBag from /Users/yoonmoon/git/learn-airflow/airflow1/py_env/lib/python3.11/site-packages/airflow/example_dags/example_branch_datetime_operator.py
[2024-11-13T20:48:53.007+1100] {processor.py:925} INFO - DAG(s) 'example_branch_datetime_operator_2', 'example_branch_datetime_operator', 'example_branch_datetime_operator_3' retrieved from /Users/yoonmoon/git/learn-airflow/airflow1/py_env/lib/python3.11/site-packages/airflow/example_dags/example_branch_datetime_operator.py
[2024-11-13T20:48:53.070+1100] {logging_mixin.py:190} INFO - [2024-11-13T20:48:53.070+1100] {dag.py:3239} INFO - Sync 3 DAGs
[2024-11-13T20:48:53.076+1100] {logging_mixin.py:190} INFO - [2024-11-13T20:48:53.076+1100] {dag.py:4180} INFO - Setting next_dagrun for example_branch_datetime_operator to 2024-11-12 00:00:00+00:00, run_after=2024-11-13 00:00:00+00:00
[2024-11-13T20:48:53.077+1100] {logging_mixin.py:190} INFO - [2024-11-13T20:48:53.077+1100] {dag.py:4180} INFO - Setting next_dagrun for example_branch_datetime_operator_2 to 2024-11-12 00:00:00+00:00, run_after=2024-11-13 00:00:00+00:00
[2024-11-13T20:48:53.078+1100] {logging_mixin.py:190} INFO - [2024-11-13T20:48:53.078+1100] {dag.py:4180} INFO - Setting next_dagrun for example_branch_datetime_operator_3 to 2024-11-12 00:00:00+00:00, run_after=2024-11-13 00:00:00+00:00
[2024-11-13T20:48:53.084+1100] {processor.py:208} INFO - Processing /Users/yoonmoon/git/learn-airflow/airflow1/py_env/lib/python3.11/site-packages/airflow/example_dags/example_branch_datetime_operator.py took 0.087 seconds
[2024-11-13T20:51:18.176+1100] {processor.py:186} INFO - Started process (PID=73606) to work on /Users/yoonmoon/git/learn-airflow/airflow1/py_env/lib/python3.11/site-packages/airflow/example_dags/example_branch_datetime_operator.py
[2024-11-13T20:51:18.178+1100] {processor.py:914} INFO - Processing file /Users/yoonmoon/git/learn-airflow/airflow1/py_env/lib/python3.11/site-packages/airflow/example_dags/example_branch_datetime_operator.py for tasks to queue
[2024-11-13T20:51:18.179+1100] {logging_mixin.py:190} INFO - [2024-11-13T20:51:18.179+1100] {dagbag.py:588} INFO - Filling up the DagBag from /Users/yoonmoon/git/learn-airflow/airflow1/py_env/lib/python3.11/site-packages/airflow/example_dags/example_branch_datetime_operator.py
[2024-11-13T20:51:18.184+1100] {processor.py:925} INFO - DAG(s) 'example_branch_datetime_operator_3', 'example_branch_datetime_operator', 'example_branch_datetime_operator_2' retrieved from /Users/yoonmoon/git/learn-airflow/airflow1/py_env/lib/python3.11/site-packages/airflow/example_dags/example_branch_datetime_operator.py
[2024-11-13T20:51:18.245+1100] {logging_mixin.py:190} INFO - [2024-11-13T20:51:18.244+1100] {dag.py:3239} INFO - Sync 3 DAGs
[2024-11-13T20:51:18.251+1100] {logging_mixin.py:190} INFO - [2024-11-13T20:51:18.251+1100] {dag.py:4180} INFO - Setting next_dagrun for example_branch_datetime_operator to 2024-11-12 00:00:00+00:00, run_after=2024-11-13 00:00:00+00:00
[2024-11-13T20:51:18.252+1100] {logging_mixin.py:190} INFO - [2024-11-13T20:51:18.252+1100] {dag.py:4180} INFO - Setting next_dagrun for example_branch_datetime_operator_2 to 2024-11-12 00:00:00+00:00, run_after=2024-11-13 00:00:00+00:00
[2024-11-13T20:51:18.253+1100] {logging_mixin.py:190} INFO - [2024-11-13T20:51:18.253+1100] {dag.py:4180} INFO - Setting next_dagrun for example_branch_datetime_operator_3 to 2024-11-12 00:00:00+00:00, run_after=2024-11-13 00:00:00+00:00
[2024-11-13T20:51:18.258+1100] {processor.py:208} INFO - Processing /Users/yoonmoon/git/learn-airflow/airflow1/py_env/lib/python3.11/site-packages/airflow/example_dags/example_branch_datetime_operator.py took 0.084 seconds
