[2024-11-13T19:29:43.737+1100] {processor.py:186} INFO - Started process (PID=63767) to work on /Users/yoonmoon/git/learn-airflow/airflow1/py_env/lib/python3.11/site-packages/airflow/example_dags/example_latest_only_with_trigger.py
[2024-11-13T19:29:43.737+1100] {processor.py:914} INFO - Processing file /Users/yoonmoon/git/learn-airflow/airflow1/py_env/lib/python3.11/site-packages/airflow/example_dags/example_latest_only_with_trigger.py for tasks to queue
[2024-11-13T19:29:43.737+1100] {logging_mixin.py:190} INFO - [2024-11-13T19:29:43.737+1100] {dagbag.py:588} INFO - Filling up the DagBag from /Users/yoonmoon/git/learn-airflow/airflow1/py_env/lib/python3.11/site-packages/airflow/example_dags/example_latest_only_with_trigger.py
[2024-11-13T19:29:43.741+1100] {processor.py:925} INFO - DAG(s) 'latest_only_with_trigger' retrieved from /Users/yoonmoon/git/learn-airflow/airflow1/py_env/lib/python3.11/site-packages/airflow/example_dags/example_latest_only_with_trigger.py
[2024-11-13T19:29:43.839+1100] {logging_mixin.py:190} INFO - [2024-11-13T19:29:43.839+1100] {override.py:1911} INFO - Created Permission View: can read on DAG:latest_only_with_trigger
[2024-11-13T19:29:43.843+1100] {logging_mixin.py:190} INFO - [2024-11-13T19:29:43.842+1100] {override.py:1911} INFO - Created Permission View: can delete on DAG:latest_only_with_trigger
[2024-11-13T19:29:43.845+1100] {logging_mixin.py:190} INFO - [2024-11-13T19:29:43.844+1100] {override.py:1911} INFO - Created Permission View: can edit on DAG:latest_only_with_trigger
[2024-11-13T19:29:43.848+1100] {logging_mixin.py:190} INFO - [2024-11-13T19:29:43.848+1100] {override.py:1911} INFO - Created Permission View: can read on DAG Run:latest_only_with_trigger
[2024-11-13T19:29:43.850+1100] {logging_mixin.py:190} INFO - [2024-11-13T19:29:43.849+1100] {override.py:1911} INFO - Created Permission View: menu access on DAG Run:latest_only_with_trigger
[2024-11-13T19:29:43.852+1100] {logging_mixin.py:190} INFO - [2024-11-13T19:29:43.851+1100] {override.py:1911} INFO - Created Permission View: can delete on DAG Run:latest_only_with_trigger
[2024-11-13T19:29:43.853+1100] {logging_mixin.py:190} INFO - [2024-11-13T19:29:43.853+1100] {override.py:1911} INFO - Created Permission View: can create on DAG Run:latest_only_with_trigger
[2024-11-13T19:29:43.854+1100] {logging_mixin.py:190} INFO - [2024-11-13T19:29:43.854+1100] {dag.py:3239} INFO - Sync 1 DAGs
[2024-11-13T19:29:43.858+1100] {logging_mixin.py:190} INFO - [2024-11-13T19:29:43.858+1100] {dag.py:3262} INFO - Creating ORM DAG for latest_only_with_trigger
[2024-11-13T19:29:43.861+1100] {logging_mixin.py:190} INFO - [2024-11-13T19:29:43.861+1100] {dag.py:4180} INFO - Setting next_dagrun for latest_only_with_trigger to 2024-11-13 04:00:00+00:00, run_after=2024-11-13 08:00:00+00:00
[2024-11-13T19:29:43.867+1100] {processor.py:208} INFO - Processing /Users/yoonmoon/git/learn-airflow/airflow1/py_env/lib/python3.11/site-packages/airflow/example_dags/example_latest_only_with_trigger.py took 0.132 seconds
[2024-11-13T19:31:25.973+1100] {processor.py:186} INFO - Started process (PID=63977) to work on /Users/yoonmoon/git/learn-airflow/airflow1/py_env/lib/python3.11/site-packages/airflow/example_dags/example_latest_only_with_trigger.py
[2024-11-13T19:31:25.974+1100] {processor.py:914} INFO - Processing file /Users/yoonmoon/git/learn-airflow/airflow1/py_env/lib/python3.11/site-packages/airflow/example_dags/example_latest_only_with_trigger.py for tasks to queue
[2024-11-13T19:31:25.974+1100] {logging_mixin.py:190} INFO - [2024-11-13T19:31:25.974+1100] {dagbag.py:588} INFO - Filling up the DagBag from /Users/yoonmoon/git/learn-airflow/airflow1/py_env/lib/python3.11/site-packages/airflow/example_dags/example_latest_only_with_trigger.py
[2024-11-13T19:31:25.978+1100] {processor.py:925} INFO - DAG(s) 'latest_only_with_trigger' retrieved from /Users/yoonmoon/git/learn-airflow/airflow1/py_env/lib/python3.11/site-packages/airflow/example_dags/example_latest_only_with_trigger.py
[2024-11-13T19:31:26.038+1100] {logging_mixin.py:190} INFO - [2024-11-13T19:31:26.038+1100] {dag.py:3239} INFO - Sync 1 DAGs
[2024-11-13T19:31:26.045+1100] {logging_mixin.py:190} INFO - [2024-11-13T19:31:26.045+1100] {dag.py:4180} INFO - Setting next_dagrun for latest_only_with_trigger to 2024-11-13 04:00:00+00:00, run_after=2024-11-13 08:00:00+00:00
[2024-11-13T19:31:26.051+1100] {processor.py:208} INFO - Processing /Users/yoonmoon/git/learn-airflow/airflow1/py_env/lib/python3.11/site-packages/airflow/example_dags/example_latest_only_with_trigger.py took 0.081 seconds
[2024-11-13T19:33:46.581+1100] {processor.py:186} INFO - Started process (PID=64440) to work on /Users/yoonmoon/git/learn-airflow/airflow1/py_env/lib/python3.11/site-packages/airflow/example_dags/example_latest_only_with_trigger.py
[2024-11-13T19:33:46.581+1100] {processor.py:914} INFO - Processing file /Users/yoonmoon/git/learn-airflow/airflow1/py_env/lib/python3.11/site-packages/airflow/example_dags/example_latest_only_with_trigger.py for tasks to queue
[2024-11-13T19:33:46.582+1100] {logging_mixin.py:190} INFO - [2024-11-13T19:33:46.582+1100] {dagbag.py:588} INFO - Filling up the DagBag from /Users/yoonmoon/git/learn-airflow/airflow1/py_env/lib/python3.11/site-packages/airflow/example_dags/example_latest_only_with_trigger.py
[2024-11-13T19:33:46.585+1100] {processor.py:925} INFO - DAG(s) 'latest_only_with_trigger' retrieved from /Users/yoonmoon/git/learn-airflow/airflow1/py_env/lib/python3.11/site-packages/airflow/example_dags/example_latest_only_with_trigger.py
[2024-11-13T19:33:46.646+1100] {logging_mixin.py:190} INFO - [2024-11-13T19:33:46.646+1100] {dag.py:3239} INFO - Sync 1 DAGs
[2024-11-13T19:33:46.653+1100] {logging_mixin.py:190} INFO - [2024-11-13T19:33:46.653+1100] {dag.py:4180} INFO - Setting next_dagrun for latest_only_with_trigger to 2024-11-13 04:00:00+00:00, run_after=2024-11-13 08:00:00+00:00
[2024-11-13T19:33:46.659+1100] {processor.py:208} INFO - Processing /Users/yoonmoon/git/learn-airflow/airflow1/py_env/lib/python3.11/site-packages/airflow/example_dags/example_latest_only_with_trigger.py took 0.081 seconds
[2024-11-13T19:36:22.223+1100] {processor.py:186} INFO - Started process (PID=64870) to work on /Users/yoonmoon/git/learn-airflow/airflow1/py_env/lib/python3.11/site-packages/airflow/example_dags/example_latest_only_with_trigger.py
[2024-11-13T19:36:22.226+1100] {processor.py:914} INFO - Processing file /Users/yoonmoon/git/learn-airflow/airflow1/py_env/lib/python3.11/site-packages/airflow/example_dags/example_latest_only_with_trigger.py for tasks to queue
[2024-11-13T19:36:22.227+1100] {logging_mixin.py:190} INFO - [2024-11-13T19:36:22.227+1100] {dagbag.py:588} INFO - Filling up the DagBag from /Users/yoonmoon/git/learn-airflow/airflow1/py_env/lib/python3.11/site-packages/airflow/example_dags/example_latest_only_with_trigger.py
[2024-11-13T19:36:22.230+1100] {processor.py:925} INFO - DAG(s) 'latest_only_with_trigger' retrieved from /Users/yoonmoon/git/learn-airflow/airflow1/py_env/lib/python3.11/site-packages/airflow/example_dags/example_latest_only_with_trigger.py
[2024-11-13T19:36:22.290+1100] {logging_mixin.py:190} INFO - [2024-11-13T19:36:22.290+1100] {dag.py:3239} INFO - Sync 1 DAGs
[2024-11-13T19:36:22.296+1100] {logging_mixin.py:190} INFO - [2024-11-13T19:36:22.296+1100] {dag.py:4180} INFO - Setting next_dagrun for latest_only_with_trigger to 2024-11-13 04:00:00+00:00, run_after=2024-11-13 08:00:00+00:00
[2024-11-13T19:36:22.302+1100] {processor.py:208} INFO - Processing /Users/yoonmoon/git/learn-airflow/airflow1/py_env/lib/python3.11/site-packages/airflow/example_dags/example_latest_only_with_trigger.py took 0.081 seconds
[2024-11-13T19:38:38.972+1100] {processor.py:186} INFO - Started process (PID=65159) to work on /Users/yoonmoon/git/learn-airflow/airflow1/py_env/lib/python3.11/site-packages/airflow/example_dags/example_latest_only_with_trigger.py
[2024-11-13T19:38:38.974+1100] {processor.py:914} INFO - Processing file /Users/yoonmoon/git/learn-airflow/airflow1/py_env/lib/python3.11/site-packages/airflow/example_dags/example_latest_only_with_trigger.py for tasks to queue
[2024-11-13T19:38:38.974+1100] {logging_mixin.py:190} INFO - [2024-11-13T19:38:38.974+1100] {dagbag.py:588} INFO - Filling up the DagBag from /Users/yoonmoon/git/learn-airflow/airflow1/py_env/lib/python3.11/site-packages/airflow/example_dags/example_latest_only_with_trigger.py
[2024-11-13T19:38:38.978+1100] {processor.py:925} INFO - DAG(s) 'latest_only_with_trigger' retrieved from /Users/yoonmoon/git/learn-airflow/airflow1/py_env/lib/python3.11/site-packages/airflow/example_dags/example_latest_only_with_trigger.py
[2024-11-13T19:38:39.037+1100] {logging_mixin.py:190} INFO - [2024-11-13T19:38:39.036+1100] {dag.py:3239} INFO - Sync 1 DAGs
[2024-11-13T19:38:39.042+1100] {logging_mixin.py:190} INFO - [2024-11-13T19:38:39.042+1100] {dag.py:4180} INFO - Setting next_dagrun for latest_only_with_trigger to 2024-11-13 04:00:00+00:00, run_after=2024-11-13 08:00:00+00:00
[2024-11-13T19:38:39.049+1100] {processor.py:208} INFO - Processing /Users/yoonmoon/git/learn-airflow/airflow1/py_env/lib/python3.11/site-packages/airflow/example_dags/example_latest_only_with_trigger.py took 0.079 seconds
[2024-11-13T19:40:55.419+1100] {processor.py:186} INFO - Started process (PID=65450) to work on /Users/yoonmoon/git/learn-airflow/airflow1/py_env/lib/python3.11/site-packages/airflow/example_dags/example_latest_only_with_trigger.py
[2024-11-13T19:40:55.420+1100] {processor.py:914} INFO - Processing file /Users/yoonmoon/git/learn-airflow/airflow1/py_env/lib/python3.11/site-packages/airflow/example_dags/example_latest_only_with_trigger.py for tasks to queue
[2024-11-13T19:40:55.420+1100] {logging_mixin.py:190} INFO - [2024-11-13T19:40:55.420+1100] {dagbag.py:588} INFO - Filling up the DagBag from /Users/yoonmoon/git/learn-airflow/airflow1/py_env/lib/python3.11/site-packages/airflow/example_dags/example_latest_only_with_trigger.py
[2024-11-13T19:40:55.424+1100] {processor.py:925} INFO - DAG(s) 'latest_only_with_trigger' retrieved from /Users/yoonmoon/git/learn-airflow/airflow1/py_env/lib/python3.11/site-packages/airflow/example_dags/example_latest_only_with_trigger.py
[2024-11-13T19:40:55.483+1100] {logging_mixin.py:190} INFO - [2024-11-13T19:40:55.483+1100] {dag.py:3239} INFO - Sync 1 DAGs
[2024-11-13T19:40:55.490+1100] {logging_mixin.py:190} INFO - [2024-11-13T19:40:55.490+1100] {dag.py:4180} INFO - Setting next_dagrun for latest_only_with_trigger to 2024-11-13 04:00:00+00:00, run_after=2024-11-13 08:00:00+00:00
[2024-11-13T19:40:55.496+1100] {processor.py:208} INFO - Processing /Users/yoonmoon/git/learn-airflow/airflow1/py_env/lib/python3.11/site-packages/airflow/example_dags/example_latest_only_with_trigger.py took 0.080 seconds
[2024-11-13T19:43:14.642+1100] {processor.py:186} INFO - Started process (PID=65716) to work on /Users/yoonmoon/git/learn-airflow/airflow1/py_env/lib/python3.11/site-packages/airflow/example_dags/example_latest_only_with_trigger.py
[2024-11-13T19:43:14.644+1100] {processor.py:914} INFO - Processing file /Users/yoonmoon/git/learn-airflow/airflow1/py_env/lib/python3.11/site-packages/airflow/example_dags/example_latest_only_with_trigger.py for tasks to queue
[2024-11-13T19:43:14.644+1100] {logging_mixin.py:190} INFO - [2024-11-13T19:43:14.644+1100] {dagbag.py:588} INFO - Filling up the DagBag from /Users/yoonmoon/git/learn-airflow/airflow1/py_env/lib/python3.11/site-packages/airflow/example_dags/example_latest_only_with_trigger.py
[2024-11-13T19:43:14.648+1100] {processor.py:925} INFO - DAG(s) 'latest_only_with_trigger' retrieved from /Users/yoonmoon/git/learn-airflow/airflow1/py_env/lib/python3.11/site-packages/airflow/example_dags/example_latest_only_with_trigger.py
[2024-11-13T19:43:14.708+1100] {logging_mixin.py:190} INFO - [2024-11-13T19:43:14.707+1100] {dag.py:3239} INFO - Sync 1 DAGs
[2024-11-13T19:43:14.714+1100] {logging_mixin.py:190} INFO - [2024-11-13T19:43:14.714+1100] {dag.py:4180} INFO - Setting next_dagrun for latest_only_with_trigger to 2024-11-13 04:00:00+00:00, run_after=2024-11-13 08:00:00+00:00
[2024-11-13T19:43:14.720+1100] {processor.py:208} INFO - Processing /Users/yoonmoon/git/learn-airflow/airflow1/py_env/lib/python3.11/site-packages/airflow/example_dags/example_latest_only_with_trigger.py took 0.080 seconds
[2024-11-13T19:45:31.071+1100] {processor.py:186} INFO - Started process (PID=65984) to work on /Users/yoonmoon/git/learn-airflow/airflow1/py_env/lib/python3.11/site-packages/airflow/example_dags/example_latest_only_with_trigger.py
[2024-11-13T19:45:31.072+1100] {processor.py:914} INFO - Processing file /Users/yoonmoon/git/learn-airflow/airflow1/py_env/lib/python3.11/site-packages/airflow/example_dags/example_latest_only_with_trigger.py for tasks to queue
[2024-11-13T19:45:31.073+1100] {logging_mixin.py:190} INFO - [2024-11-13T19:45:31.073+1100] {dagbag.py:588} INFO - Filling up the DagBag from /Users/yoonmoon/git/learn-airflow/airflow1/py_env/lib/python3.11/site-packages/airflow/example_dags/example_latest_only_with_trigger.py
[2024-11-13T19:45:31.076+1100] {processor.py:925} INFO - DAG(s) 'latest_only_with_trigger' retrieved from /Users/yoonmoon/git/learn-airflow/airflow1/py_env/lib/python3.11/site-packages/airflow/example_dags/example_latest_only_with_trigger.py
[2024-11-13T19:45:31.136+1100] {logging_mixin.py:190} INFO - [2024-11-13T19:45:31.135+1100] {dag.py:3239} INFO - Sync 1 DAGs
[2024-11-13T19:45:31.142+1100] {logging_mixin.py:190} INFO - [2024-11-13T19:45:31.141+1100] {dag.py:4180} INFO - Setting next_dagrun for latest_only_with_trigger to 2024-11-13 04:00:00+00:00, run_after=2024-11-13 08:00:00+00:00
[2024-11-13T19:45:31.148+1100] {processor.py:208} INFO - Processing /Users/yoonmoon/git/learn-airflow/airflow1/py_env/lib/python3.11/site-packages/airflow/example_dags/example_latest_only_with_trigger.py took 0.079 seconds
[2024-11-13T19:47:42.514+1100] {processor.py:186} INFO - Started process (PID=66230) to work on /Users/yoonmoon/git/learn-airflow/airflow1/py_env/lib/python3.11/site-packages/airflow/example_dags/example_latest_only_with_trigger.py
[2024-11-13T19:47:42.515+1100] {processor.py:914} INFO - Processing file /Users/yoonmoon/git/learn-airflow/airflow1/py_env/lib/python3.11/site-packages/airflow/example_dags/example_latest_only_with_trigger.py for tasks to queue
[2024-11-13T19:47:42.516+1100] {logging_mixin.py:190} INFO - [2024-11-13T19:47:42.516+1100] {dagbag.py:588} INFO - Filling up the DagBag from /Users/yoonmoon/git/learn-airflow/airflow1/py_env/lib/python3.11/site-packages/airflow/example_dags/example_latest_only_with_trigger.py
[2024-11-13T19:47:42.519+1100] {processor.py:925} INFO - DAG(s) 'latest_only_with_trigger' retrieved from /Users/yoonmoon/git/learn-airflow/airflow1/py_env/lib/python3.11/site-packages/airflow/example_dags/example_latest_only_with_trigger.py
[2024-11-13T19:47:42.578+1100] {logging_mixin.py:190} INFO - [2024-11-13T19:47:42.578+1100] {dag.py:3239} INFO - Sync 1 DAGs
[2024-11-13T19:47:42.584+1100] {logging_mixin.py:190} INFO - [2024-11-13T19:47:42.584+1100] {dag.py:4180} INFO - Setting next_dagrun for latest_only_with_trigger to 2024-11-13 04:00:00+00:00, run_after=2024-11-13 08:00:00+00:00
[2024-11-13T19:47:42.590+1100] {processor.py:208} INFO - Processing /Users/yoonmoon/git/learn-airflow/airflow1/py_env/lib/python3.11/site-packages/airflow/example_dags/example_latest_only_with_trigger.py took 0.078 seconds
[2024-11-13T19:49:50.239+1100] {processor.py:186} INFO - Started process (PID=66466) to work on /Users/yoonmoon/git/learn-airflow/airflow1/py_env/lib/python3.11/site-packages/airflow/example_dags/example_latest_only_with_trigger.py
[2024-11-13T19:49:50.241+1100] {processor.py:914} INFO - Processing file /Users/yoonmoon/git/learn-airflow/airflow1/py_env/lib/python3.11/site-packages/airflow/example_dags/example_latest_only_with_trigger.py for tasks to queue
[2024-11-13T19:49:50.241+1100] {logging_mixin.py:190} INFO - [2024-11-13T19:49:50.241+1100] {dagbag.py:588} INFO - Filling up the DagBag from /Users/yoonmoon/git/learn-airflow/airflow1/py_env/lib/python3.11/site-packages/airflow/example_dags/example_latest_only_with_trigger.py
[2024-11-13T19:49:50.245+1100] {processor.py:925} INFO - DAG(s) 'latest_only_with_trigger' retrieved from /Users/yoonmoon/git/learn-airflow/airflow1/py_env/lib/python3.11/site-packages/airflow/example_dags/example_latest_only_with_trigger.py
[2024-11-13T19:49:50.304+1100] {logging_mixin.py:190} INFO - [2024-11-13T19:49:50.304+1100] {dag.py:3239} INFO - Sync 1 DAGs
[2024-11-13T19:49:50.309+1100] {logging_mixin.py:190} INFO - [2024-11-13T19:49:50.309+1100] {dag.py:4180} INFO - Setting next_dagrun for latest_only_with_trigger to 2024-11-13 04:00:00+00:00, run_after=2024-11-13 08:00:00+00:00
[2024-11-13T19:49:50.317+1100] {processor.py:208} INFO - Processing /Users/yoonmoon/git/learn-airflow/airflow1/py_env/lib/python3.11/site-packages/airflow/example_dags/example_latest_only_with_trigger.py took 0.079 seconds
[2024-11-13T19:52:08.882+1100] {processor.py:186} INFO - Started process (PID=66714) to work on /Users/yoonmoon/git/learn-airflow/airflow1/py_env/lib/python3.11/site-packages/airflow/example_dags/example_latest_only_with_trigger.py
[2024-11-13T19:52:08.884+1100] {processor.py:914} INFO - Processing file /Users/yoonmoon/git/learn-airflow/airflow1/py_env/lib/python3.11/site-packages/airflow/example_dags/example_latest_only_with_trigger.py for tasks to queue
[2024-11-13T19:52:08.884+1100] {logging_mixin.py:190} INFO - [2024-11-13T19:52:08.884+1100] {dagbag.py:588} INFO - Filling up the DagBag from /Users/yoonmoon/git/learn-airflow/airflow1/py_env/lib/python3.11/site-packages/airflow/example_dags/example_latest_only_with_trigger.py
[2024-11-13T19:52:08.887+1100] {processor.py:925} INFO - DAG(s) 'latest_only_with_trigger' retrieved from /Users/yoonmoon/git/learn-airflow/airflow1/py_env/lib/python3.11/site-packages/airflow/example_dags/example_latest_only_with_trigger.py
[2024-11-13T19:52:08.947+1100] {logging_mixin.py:190} INFO - [2024-11-13T19:52:08.947+1100] {dag.py:3239} INFO - Sync 1 DAGs
[2024-11-13T19:52:08.953+1100] {logging_mixin.py:190} INFO - [2024-11-13T19:52:08.953+1100] {dag.py:4180} INFO - Setting next_dagrun for latest_only_with_trigger to 2024-11-13 04:00:00+00:00, run_after=2024-11-13 08:00:00+00:00
[2024-11-13T19:52:08.959+1100] {processor.py:208} INFO - Processing /Users/yoonmoon/git/learn-airflow/airflow1/py_env/lib/python3.11/site-packages/airflow/example_dags/example_latest_only_with_trigger.py took 0.079 seconds
[2024-11-13T19:54:29.188+1100] {processor.py:186} INFO - Started process (PID=66991) to work on /Users/yoonmoon/git/learn-airflow/airflow1/py_env/lib/python3.11/site-packages/airflow/example_dags/example_latest_only_with_trigger.py
[2024-11-13T19:54:29.190+1100] {processor.py:914} INFO - Processing file /Users/yoonmoon/git/learn-airflow/airflow1/py_env/lib/python3.11/site-packages/airflow/example_dags/example_latest_only_with_trigger.py for tasks to queue
[2024-11-13T19:54:29.190+1100] {logging_mixin.py:190} INFO - [2024-11-13T19:54:29.190+1100] {dagbag.py:588} INFO - Filling up the DagBag from /Users/yoonmoon/git/learn-airflow/airflow1/py_env/lib/python3.11/site-packages/airflow/example_dags/example_latest_only_with_trigger.py
[2024-11-13T19:54:29.194+1100] {processor.py:925} INFO - DAG(s) 'latest_only_with_trigger' retrieved from /Users/yoonmoon/git/learn-airflow/airflow1/py_env/lib/python3.11/site-packages/airflow/example_dags/example_latest_only_with_trigger.py
[2024-11-13T19:54:29.254+1100] {logging_mixin.py:190} INFO - [2024-11-13T19:54:29.254+1100] {dag.py:3239} INFO - Sync 1 DAGs
[2024-11-13T19:54:29.261+1100] {logging_mixin.py:190} INFO - [2024-11-13T19:54:29.261+1100] {dag.py:4180} INFO - Setting next_dagrun for latest_only_with_trigger to 2024-11-13 04:00:00+00:00, run_after=2024-11-13 08:00:00+00:00
[2024-11-13T19:54:29.267+1100] {processor.py:208} INFO - Processing /Users/yoonmoon/git/learn-airflow/airflow1/py_env/lib/python3.11/site-packages/airflow/example_dags/example_latest_only_with_trigger.py took 0.080 seconds
[2024-11-13T19:56:49.130+1100] {processor.py:186} INFO - Started process (PID=67254) to work on /Users/yoonmoon/git/learn-airflow/airflow1/py_env/lib/python3.11/site-packages/airflow/example_dags/example_latest_only_with_trigger.py
[2024-11-13T19:56:49.131+1100] {processor.py:914} INFO - Processing file /Users/yoonmoon/git/learn-airflow/airflow1/py_env/lib/python3.11/site-packages/airflow/example_dags/example_latest_only_with_trigger.py for tasks to queue
[2024-11-13T19:56:49.131+1100] {logging_mixin.py:190} INFO - [2024-11-13T19:56:49.131+1100] {dagbag.py:588} INFO - Filling up the DagBag from /Users/yoonmoon/git/learn-airflow/airflow1/py_env/lib/python3.11/site-packages/airflow/example_dags/example_latest_only_with_trigger.py
[2024-11-13T19:56:49.135+1100] {processor.py:925} INFO - DAG(s) 'latest_only_with_trigger' retrieved from /Users/yoonmoon/git/learn-airflow/airflow1/py_env/lib/python3.11/site-packages/airflow/example_dags/example_latest_only_with_trigger.py
[2024-11-13T19:56:49.200+1100] {logging_mixin.py:190} INFO - [2024-11-13T19:56:49.200+1100] {dag.py:3239} INFO - Sync 1 DAGs
[2024-11-13T19:56:49.206+1100] {logging_mixin.py:190} INFO - [2024-11-13T19:56:49.206+1100] {dag.py:4180} INFO - Setting next_dagrun for latest_only_with_trigger to 2024-11-13 04:00:00+00:00, run_after=2024-11-13 08:00:00+00:00
[2024-11-13T19:56:49.214+1100] {processor.py:208} INFO - Processing /Users/yoonmoon/git/learn-airflow/airflow1/py_env/lib/python3.11/site-packages/airflow/example_dags/example_latest_only_with_trigger.py took 0.087 seconds
[2024-11-13T19:59:01.949+1100] {processor.py:186} INFO - Started process (PID=67498) to work on /Users/yoonmoon/git/learn-airflow/airflow1/py_env/lib/python3.11/site-packages/airflow/example_dags/example_latest_only_with_trigger.py
[2024-11-13T19:59:01.950+1100] {processor.py:914} INFO - Processing file /Users/yoonmoon/git/learn-airflow/airflow1/py_env/lib/python3.11/site-packages/airflow/example_dags/example_latest_only_with_trigger.py for tasks to queue
[2024-11-13T19:59:01.951+1100] {logging_mixin.py:190} INFO - [2024-11-13T19:59:01.951+1100] {dagbag.py:588} INFO - Filling up the DagBag from /Users/yoonmoon/git/learn-airflow/airflow1/py_env/lib/python3.11/site-packages/airflow/example_dags/example_latest_only_with_trigger.py
[2024-11-13T19:59:01.954+1100] {processor.py:925} INFO - DAG(s) 'latest_only_with_trigger' retrieved from /Users/yoonmoon/git/learn-airflow/airflow1/py_env/lib/python3.11/site-packages/airflow/example_dags/example_latest_only_with_trigger.py
[2024-11-13T19:59:02.013+1100] {logging_mixin.py:190} INFO - [2024-11-13T19:59:02.013+1100] {dag.py:3239} INFO - Sync 1 DAGs
[2024-11-13T19:59:02.018+1100] {logging_mixin.py:190} INFO - [2024-11-13T19:59:02.018+1100] {dag.py:4180} INFO - Setting next_dagrun for latest_only_with_trigger to 2024-11-13 04:00:00+00:00, run_after=2024-11-13 08:00:00+00:00
[2024-11-13T19:59:02.025+1100] {processor.py:208} INFO - Processing /Users/yoonmoon/git/learn-airflow/airflow1/py_env/lib/python3.11/site-packages/airflow/example_dags/example_latest_only_with_trigger.py took 0.078 seconds
[2024-11-13T20:01:18.503+1100] {processor.py:186} INFO - Started process (PID=67748) to work on /Users/yoonmoon/git/learn-airflow/airflow1/py_env/lib/python3.11/site-packages/airflow/example_dags/example_latest_only_with_trigger.py
[2024-11-13T20:01:18.504+1100] {processor.py:914} INFO - Processing file /Users/yoonmoon/git/learn-airflow/airflow1/py_env/lib/python3.11/site-packages/airflow/example_dags/example_latest_only_with_trigger.py for tasks to queue
[2024-11-13T20:01:18.505+1100] {logging_mixin.py:190} INFO - [2024-11-13T20:01:18.505+1100] {dagbag.py:588} INFO - Filling up the DagBag from /Users/yoonmoon/git/learn-airflow/airflow1/py_env/lib/python3.11/site-packages/airflow/example_dags/example_latest_only_with_trigger.py
[2024-11-13T20:01:18.509+1100] {processor.py:925} INFO - DAG(s) 'latest_only_with_trigger' retrieved from /Users/yoonmoon/git/learn-airflow/airflow1/py_env/lib/python3.11/site-packages/airflow/example_dags/example_latest_only_with_trigger.py
[2024-11-13T20:01:18.568+1100] {logging_mixin.py:190} INFO - [2024-11-13T20:01:18.568+1100] {dag.py:3239} INFO - Sync 1 DAGs
[2024-11-13T20:01:18.574+1100] {logging_mixin.py:190} INFO - [2024-11-13T20:01:18.574+1100] {dag.py:4180} INFO - Setting next_dagrun for latest_only_with_trigger to 2024-11-13 04:00:00+00:00, run_after=2024-11-13 08:00:00+00:00
[2024-11-13T20:01:18.580+1100] {processor.py:208} INFO - Processing /Users/yoonmoon/git/learn-airflow/airflow1/py_env/lib/python3.11/site-packages/airflow/example_dags/example_latest_only_with_trigger.py took 0.079 seconds
[2024-11-13T20:03:35.352+1100] {processor.py:186} INFO - Started process (PID=67992) to work on /Users/yoonmoon/git/learn-airflow/airflow1/py_env/lib/python3.11/site-packages/airflow/example_dags/example_latest_only_with_trigger.py
[2024-11-13T20:03:35.353+1100] {processor.py:914} INFO - Processing file /Users/yoonmoon/git/learn-airflow/airflow1/py_env/lib/python3.11/site-packages/airflow/example_dags/example_latest_only_with_trigger.py for tasks to queue
[2024-11-13T20:03:35.354+1100] {logging_mixin.py:190} INFO - [2024-11-13T20:03:35.354+1100] {dagbag.py:588} INFO - Filling up the DagBag from /Users/yoonmoon/git/learn-airflow/airflow1/py_env/lib/python3.11/site-packages/airflow/example_dags/example_latest_only_with_trigger.py
[2024-11-13T20:03:35.358+1100] {processor.py:925} INFO - DAG(s) 'latest_only_with_trigger' retrieved from /Users/yoonmoon/git/learn-airflow/airflow1/py_env/lib/python3.11/site-packages/airflow/example_dags/example_latest_only_with_trigger.py
[2024-11-13T20:03:35.419+1100] {logging_mixin.py:190} INFO - [2024-11-13T20:03:35.419+1100] {dag.py:3239} INFO - Sync 1 DAGs
[2024-11-13T20:03:35.425+1100] {logging_mixin.py:190} INFO - [2024-11-13T20:03:35.425+1100] {dag.py:4180} INFO - Setting next_dagrun for latest_only_with_trigger to 2024-11-13 04:00:00+00:00, run_after=2024-11-13 08:00:00+00:00
[2024-11-13T20:03:35.431+1100] {processor.py:208} INFO - Processing /Users/yoonmoon/git/learn-airflow/airflow1/py_env/lib/python3.11/site-packages/airflow/example_dags/example_latest_only_with_trigger.py took 0.081 seconds
[2024-11-13T20:05:53.330+1100] {processor.py:186} INFO - Started process (PID=68266) to work on /Users/yoonmoon/git/learn-airflow/airflow1/py_env/lib/python3.11/site-packages/airflow/example_dags/example_latest_only_with_trigger.py
[2024-11-13T20:05:53.331+1100] {processor.py:914} INFO - Processing file /Users/yoonmoon/git/learn-airflow/airflow1/py_env/lib/python3.11/site-packages/airflow/example_dags/example_latest_only_with_trigger.py for tasks to queue
[2024-11-13T20:05:53.331+1100] {logging_mixin.py:190} INFO - [2024-11-13T20:05:53.331+1100] {dagbag.py:588} INFO - Filling up the DagBag from /Users/yoonmoon/git/learn-airflow/airflow1/py_env/lib/python3.11/site-packages/airflow/example_dags/example_latest_only_with_trigger.py
[2024-11-13T20:05:53.335+1100] {processor.py:925} INFO - DAG(s) 'latest_only_with_trigger' retrieved from /Users/yoonmoon/git/learn-airflow/airflow1/py_env/lib/python3.11/site-packages/airflow/example_dags/example_latest_only_with_trigger.py
[2024-11-13T20:05:53.397+1100] {logging_mixin.py:190} INFO - [2024-11-13T20:05:53.397+1100] {dag.py:3239} INFO - Sync 1 DAGs
[2024-11-13T20:05:53.404+1100] {logging_mixin.py:190} INFO - [2024-11-13T20:05:53.404+1100] {dag.py:4180} INFO - Setting next_dagrun for latest_only_with_trigger to 2024-11-13 04:00:00+00:00, run_after=2024-11-13 08:00:00+00:00
[2024-11-13T20:05:53.410+1100] {processor.py:208} INFO - Processing /Users/yoonmoon/git/learn-airflow/airflow1/py_env/lib/python3.11/site-packages/airflow/example_dags/example_latest_only_with_trigger.py took 0.083 seconds
[2024-11-13T20:08:12.021+1100] {processor.py:186} INFO - Started process (PID=68537) to work on /Users/yoonmoon/git/learn-airflow/airflow1/py_env/lib/python3.11/site-packages/airflow/example_dags/example_latest_only_with_trigger.py
[2024-11-13T20:08:12.022+1100] {processor.py:914} INFO - Processing file /Users/yoonmoon/git/learn-airflow/airflow1/py_env/lib/python3.11/site-packages/airflow/example_dags/example_latest_only_with_trigger.py for tasks to queue
[2024-11-13T20:08:12.023+1100] {logging_mixin.py:190} INFO - [2024-11-13T20:08:12.023+1100] {dagbag.py:588} INFO - Filling up the DagBag from /Users/yoonmoon/git/learn-airflow/airflow1/py_env/lib/python3.11/site-packages/airflow/example_dags/example_latest_only_with_trigger.py
[2024-11-13T20:08:12.027+1100] {processor.py:925} INFO - DAG(s) 'latest_only_with_trigger' retrieved from /Users/yoonmoon/git/learn-airflow/airflow1/py_env/lib/python3.11/site-packages/airflow/example_dags/example_latest_only_with_trigger.py
[2024-11-13T20:08:12.090+1100] {logging_mixin.py:190} INFO - [2024-11-13T20:08:12.090+1100] {dag.py:3239} INFO - Sync 1 DAGs
[2024-11-13T20:08:12.097+1100] {logging_mixin.py:190} INFO - [2024-11-13T20:08:12.097+1100] {dag.py:4180} INFO - Setting next_dagrun for latest_only_with_trigger to 2024-11-13 04:00:00+00:00, run_after=2024-11-13 08:00:00+00:00
[2024-11-13T20:08:12.103+1100] {processor.py:208} INFO - Processing /Users/yoonmoon/git/learn-airflow/airflow1/py_env/lib/python3.11/site-packages/airflow/example_dags/example_latest_only_with_trigger.py took 0.084 seconds
[2024-11-13T20:10:35.339+1100] {processor.py:186} INFO - Started process (PID=68830) to work on /Users/yoonmoon/git/learn-airflow/airflow1/py_env/lib/python3.11/site-packages/airflow/example_dags/example_latest_only_with_trigger.py
[2024-11-13T20:10:35.341+1100] {processor.py:914} INFO - Processing file /Users/yoonmoon/git/learn-airflow/airflow1/py_env/lib/python3.11/site-packages/airflow/example_dags/example_latest_only_with_trigger.py for tasks to queue
[2024-11-13T20:10:35.341+1100] {logging_mixin.py:190} INFO - [2024-11-13T20:10:35.341+1100] {dagbag.py:588} INFO - Filling up the DagBag from /Users/yoonmoon/git/learn-airflow/airflow1/py_env/lib/python3.11/site-packages/airflow/example_dags/example_latest_only_with_trigger.py
[2024-11-13T20:10:35.345+1100] {processor.py:925} INFO - DAG(s) 'latest_only_with_trigger' retrieved from /Users/yoonmoon/git/learn-airflow/airflow1/py_env/lib/python3.11/site-packages/airflow/example_dags/example_latest_only_with_trigger.py
[2024-11-13T20:10:35.409+1100] {logging_mixin.py:190} INFO - [2024-11-13T20:10:35.408+1100] {dag.py:3239} INFO - Sync 1 DAGs
[2024-11-13T20:10:35.414+1100] {logging_mixin.py:190} INFO - [2024-11-13T20:10:35.414+1100] {dag.py:4180} INFO - Setting next_dagrun for latest_only_with_trigger to 2024-11-13 04:00:00+00:00, run_after=2024-11-13 08:00:00+00:00
[2024-11-13T20:10:35.421+1100] {processor.py:208} INFO - Processing /Users/yoonmoon/git/learn-airflow/airflow1/py_env/lib/python3.11/site-packages/airflow/example_dags/example_latest_only_with_trigger.py took 0.084 seconds
[2024-11-13T20:12:49.508+1100] {processor.py:186} INFO - Started process (PID=69081) to work on /Users/yoonmoon/git/learn-airflow/airflow1/py_env/lib/python3.11/site-packages/airflow/example_dags/example_latest_only_with_trigger.py
[2024-11-13T20:12:49.509+1100] {processor.py:914} INFO - Processing file /Users/yoonmoon/git/learn-airflow/airflow1/py_env/lib/python3.11/site-packages/airflow/example_dags/example_latest_only_with_trigger.py for tasks to queue
[2024-11-13T20:12:49.510+1100] {logging_mixin.py:190} INFO - [2024-11-13T20:12:49.510+1100] {dagbag.py:588} INFO - Filling up the DagBag from /Users/yoonmoon/git/learn-airflow/airflow1/py_env/lib/python3.11/site-packages/airflow/example_dags/example_latest_only_with_trigger.py
[2024-11-13T20:12:49.514+1100] {processor.py:925} INFO - DAG(s) 'latest_only_with_trigger' retrieved from /Users/yoonmoon/git/learn-airflow/airflow1/py_env/lib/python3.11/site-packages/airflow/example_dags/example_latest_only_with_trigger.py
[2024-11-13T20:12:49.575+1100] {logging_mixin.py:190} INFO - [2024-11-13T20:12:49.575+1100] {dag.py:3239} INFO - Sync 1 DAGs
[2024-11-13T20:12:49.581+1100] {logging_mixin.py:190} INFO - [2024-11-13T20:12:49.581+1100] {dag.py:4180} INFO - Setting next_dagrun for latest_only_with_trigger to 2024-11-13 04:00:00+00:00, run_after=2024-11-13 08:00:00+00:00
[2024-11-13T20:12:49.587+1100] {processor.py:208} INFO - Processing /Users/yoonmoon/git/learn-airflow/airflow1/py_env/lib/python3.11/site-packages/airflow/example_dags/example_latest_only_with_trigger.py took 0.081 seconds
[2024-11-13T20:15:08.811+1100] {processor.py:186} INFO - Started process (PID=69330) to work on /Users/yoonmoon/git/learn-airflow/airflow1/py_env/lib/python3.11/site-packages/airflow/example_dags/example_latest_only_with_trigger.py
[2024-11-13T20:15:08.812+1100] {processor.py:914} INFO - Processing file /Users/yoonmoon/git/learn-airflow/airflow1/py_env/lib/python3.11/site-packages/airflow/example_dags/example_latest_only_with_trigger.py for tasks to queue
[2024-11-13T20:15:08.813+1100] {logging_mixin.py:190} INFO - [2024-11-13T20:15:08.813+1100] {dagbag.py:588} INFO - Filling up the DagBag from /Users/yoonmoon/git/learn-airflow/airflow1/py_env/lib/python3.11/site-packages/airflow/example_dags/example_latest_only_with_trigger.py
[2024-11-13T20:15:08.817+1100] {processor.py:925} INFO - DAG(s) 'latest_only_with_trigger' retrieved from /Users/yoonmoon/git/learn-airflow/airflow1/py_env/lib/python3.11/site-packages/airflow/example_dags/example_latest_only_with_trigger.py
[2024-11-13T20:15:08.879+1100] {logging_mixin.py:190} INFO - [2024-11-13T20:15:08.879+1100] {dag.py:3239} INFO - Sync 1 DAGs
[2024-11-13T20:15:08.885+1100] {logging_mixin.py:190} INFO - [2024-11-13T20:15:08.885+1100] {dag.py:4180} INFO - Setting next_dagrun for latest_only_with_trigger to 2024-11-13 04:00:00+00:00, run_after=2024-11-13 08:00:00+00:00
[2024-11-13T20:15:08.891+1100] {processor.py:208} INFO - Processing /Users/yoonmoon/git/learn-airflow/airflow1/py_env/lib/python3.11/site-packages/airflow/example_dags/example_latest_only_with_trigger.py took 0.083 seconds
[2024-11-13T20:17:24.656+1100] {processor.py:186} INFO - Started process (PID=69575) to work on /Users/yoonmoon/git/learn-airflow/airflow1/py_env/lib/python3.11/site-packages/airflow/example_dags/example_latest_only_with_trigger.py
[2024-11-13T20:17:24.658+1100] {processor.py:914} INFO - Processing file /Users/yoonmoon/git/learn-airflow/airflow1/py_env/lib/python3.11/site-packages/airflow/example_dags/example_latest_only_with_trigger.py for tasks to queue
[2024-11-13T20:17:24.658+1100] {logging_mixin.py:190} INFO - [2024-11-13T20:17:24.658+1100] {dagbag.py:588} INFO - Filling up the DagBag from /Users/yoonmoon/git/learn-airflow/airflow1/py_env/lib/python3.11/site-packages/airflow/example_dags/example_latest_only_with_trigger.py
[2024-11-13T20:17:24.662+1100] {processor.py:925} INFO - DAG(s) 'latest_only_with_trigger' retrieved from /Users/yoonmoon/git/learn-airflow/airflow1/py_env/lib/python3.11/site-packages/airflow/example_dags/example_latest_only_with_trigger.py
[2024-11-13T20:17:24.724+1100] {logging_mixin.py:190} INFO - [2024-11-13T20:17:24.724+1100] {dag.py:3239} INFO - Sync 1 DAGs
[2024-11-13T20:17:24.729+1100] {logging_mixin.py:190} INFO - [2024-11-13T20:17:24.729+1100] {dag.py:4180} INFO - Setting next_dagrun for latest_only_with_trigger to 2024-11-13 04:00:00+00:00, run_after=2024-11-13 08:00:00+00:00
[2024-11-13T20:17:24.736+1100] {processor.py:208} INFO - Processing /Users/yoonmoon/git/learn-airflow/airflow1/py_env/lib/python3.11/site-packages/airflow/example_dags/example_latest_only_with_trigger.py took 0.082 seconds
[2024-11-13T20:19:44.848+1100] {processor.py:186} INFO - Started process (PID=69908) to work on /Users/yoonmoon/git/learn-airflow/airflow1/py_env/lib/python3.11/site-packages/airflow/example_dags/example_latest_only_with_trigger.py
[2024-11-13T20:19:44.848+1100] {processor.py:914} INFO - Processing file /Users/yoonmoon/git/learn-airflow/airflow1/py_env/lib/python3.11/site-packages/airflow/example_dags/example_latest_only_with_trigger.py for tasks to queue
[2024-11-13T20:19:44.849+1100] {logging_mixin.py:190} INFO - [2024-11-13T20:19:44.849+1100] {dagbag.py:588} INFO - Filling up the DagBag from /Users/yoonmoon/git/learn-airflow/airflow1/py_env/lib/python3.11/site-packages/airflow/example_dags/example_latest_only_with_trigger.py
[2024-11-13T20:19:44.852+1100] {processor.py:925} INFO - DAG(s) 'latest_only_with_trigger' retrieved from /Users/yoonmoon/git/learn-airflow/airflow1/py_env/lib/python3.11/site-packages/airflow/example_dags/example_latest_only_with_trigger.py
[2024-11-13T20:19:44.912+1100] {logging_mixin.py:190} INFO - [2024-11-13T20:19:44.912+1100] {dag.py:3239} INFO - Sync 1 DAGs
[2024-11-13T20:19:44.919+1100] {logging_mixin.py:190} INFO - [2024-11-13T20:19:44.919+1100] {dag.py:4180} INFO - Setting next_dagrun for latest_only_with_trigger to 2024-11-13 04:00:00+00:00, run_after=2024-11-13 08:00:00+00:00
[2024-11-13T20:19:44.927+1100] {processor.py:208} INFO - Processing /Users/yoonmoon/git/learn-airflow/airflow1/py_env/lib/python3.11/site-packages/airflow/example_dags/example_latest_only_with_trigger.py took 0.081 seconds
[2024-11-13T20:22:02.895+1100] {processor.py:186} INFO - Started process (PID=70224) to work on /Users/yoonmoon/git/learn-airflow/airflow1/py_env/lib/python3.11/site-packages/airflow/example_dags/example_latest_only_with_trigger.py
[2024-11-13T20:22:02.896+1100] {processor.py:914} INFO - Processing file /Users/yoonmoon/git/learn-airflow/airflow1/py_env/lib/python3.11/site-packages/airflow/example_dags/example_latest_only_with_trigger.py for tasks to queue
[2024-11-13T20:22:02.896+1100] {logging_mixin.py:190} INFO - [2024-11-13T20:22:02.896+1100] {dagbag.py:588} INFO - Filling up the DagBag from /Users/yoonmoon/git/learn-airflow/airflow1/py_env/lib/python3.11/site-packages/airflow/example_dags/example_latest_only_with_trigger.py
[2024-11-13T20:22:02.900+1100] {processor.py:925} INFO - DAG(s) 'latest_only_with_trigger' retrieved from /Users/yoonmoon/git/learn-airflow/airflow1/py_env/lib/python3.11/site-packages/airflow/example_dags/example_latest_only_with_trigger.py
[2024-11-13T20:22:02.958+1100] {logging_mixin.py:190} INFO - [2024-11-13T20:22:02.958+1100] {dag.py:3239} INFO - Sync 1 DAGs
[2024-11-13T20:22:02.965+1100] {logging_mixin.py:190} INFO - [2024-11-13T20:22:02.965+1100] {dag.py:4180} INFO - Setting next_dagrun for latest_only_with_trigger to 2024-11-13 04:00:00+00:00, run_after=2024-11-13 08:00:00+00:00
[2024-11-13T20:22:02.971+1100] {processor.py:208} INFO - Processing /Users/yoonmoon/git/learn-airflow/airflow1/py_env/lib/python3.11/site-packages/airflow/example_dags/example_latest_only_with_trigger.py took 0.079 seconds
[2024-11-13T20:24:13.989+1100] {processor.py:186} INFO - Started process (PID=70479) to work on /Users/yoonmoon/git/learn-airflow/airflow1/py_env/lib/python3.11/site-packages/airflow/example_dags/example_latest_only_with_trigger.py
[2024-11-13T20:24:13.991+1100] {processor.py:914} INFO - Processing file /Users/yoonmoon/git/learn-airflow/airflow1/py_env/lib/python3.11/site-packages/airflow/example_dags/example_latest_only_with_trigger.py for tasks to queue
[2024-11-13T20:24:13.991+1100] {logging_mixin.py:190} INFO - [2024-11-13T20:24:13.991+1100] {dagbag.py:588} INFO - Filling up the DagBag from /Users/yoonmoon/git/learn-airflow/airflow1/py_env/lib/python3.11/site-packages/airflow/example_dags/example_latest_only_with_trigger.py
[2024-11-13T20:24:13.995+1100] {processor.py:925} INFO - DAG(s) 'latest_only_with_trigger' retrieved from /Users/yoonmoon/git/learn-airflow/airflow1/py_env/lib/python3.11/site-packages/airflow/example_dags/example_latest_only_with_trigger.py
[2024-11-13T20:24:14.054+1100] {logging_mixin.py:190} INFO - [2024-11-13T20:24:14.054+1100] {dag.py:3239} INFO - Sync 1 DAGs
[2024-11-13T20:24:14.061+1100] {logging_mixin.py:190} INFO - [2024-11-13T20:24:14.061+1100] {dag.py:4180} INFO - Setting next_dagrun for latest_only_with_trigger to 2024-11-13 04:00:00+00:00, run_after=2024-11-13 08:00:00+00:00
[2024-11-13T20:24:14.067+1100] {processor.py:208} INFO - Processing /Users/yoonmoon/git/learn-airflow/airflow1/py_env/lib/python3.11/site-packages/airflow/example_dags/example_latest_only_with_trigger.py took 0.079 seconds
[2024-11-13T20:26:30.162+1100] {processor.py:186} INFO - Started process (PID=70747) to work on /Users/yoonmoon/git/learn-airflow/airflow1/py_env/lib/python3.11/site-packages/airflow/example_dags/example_latest_only_with_trigger.py
[2024-11-13T20:26:30.164+1100] {processor.py:914} INFO - Processing file /Users/yoonmoon/git/learn-airflow/airflow1/py_env/lib/python3.11/site-packages/airflow/example_dags/example_latest_only_with_trigger.py for tasks to queue
[2024-11-13T20:26:30.164+1100] {logging_mixin.py:190} INFO - [2024-11-13T20:26:30.164+1100] {dagbag.py:588} INFO - Filling up the DagBag from /Users/yoonmoon/git/learn-airflow/airflow1/py_env/lib/python3.11/site-packages/airflow/example_dags/example_latest_only_with_trigger.py
[2024-11-13T20:26:30.168+1100] {processor.py:925} INFO - DAG(s) 'latest_only_with_trigger' retrieved from /Users/yoonmoon/git/learn-airflow/airflow1/py_env/lib/python3.11/site-packages/airflow/example_dags/example_latest_only_with_trigger.py
[2024-11-13T20:26:30.229+1100] {logging_mixin.py:190} INFO - [2024-11-13T20:26:30.229+1100] {dag.py:3239} INFO - Sync 1 DAGs
[2024-11-13T20:26:30.236+1100] {logging_mixin.py:190} INFO - [2024-11-13T20:26:30.236+1100] {dag.py:4180} INFO - Setting next_dagrun for latest_only_with_trigger to 2024-11-13 04:00:00+00:00, run_after=2024-11-13 08:00:00+00:00
[2024-11-13T20:26:30.242+1100] {processor.py:208} INFO - Processing /Users/yoonmoon/git/learn-airflow/airflow1/py_env/lib/python3.11/site-packages/airflow/example_dags/example_latest_only_with_trigger.py took 0.083 seconds
[2024-11-13T20:28:48.214+1100] {processor.py:186} INFO - Started process (PID=71035) to work on /Users/yoonmoon/git/learn-airflow/airflow1/py_env/lib/python3.11/site-packages/airflow/example_dags/example_latest_only_with_trigger.py
[2024-11-13T20:28:48.215+1100] {processor.py:914} INFO - Processing file /Users/yoonmoon/git/learn-airflow/airflow1/py_env/lib/python3.11/site-packages/airflow/example_dags/example_latest_only_with_trigger.py for tasks to queue
[2024-11-13T20:28:48.216+1100] {logging_mixin.py:190} INFO - [2024-11-13T20:28:48.215+1100] {dagbag.py:588} INFO - Filling up the DagBag from /Users/yoonmoon/git/learn-airflow/airflow1/py_env/lib/python3.11/site-packages/airflow/example_dags/example_latest_only_with_trigger.py
[2024-11-13T20:28:48.219+1100] {processor.py:925} INFO - DAG(s) 'latest_only_with_trigger' retrieved from /Users/yoonmoon/git/learn-airflow/airflow1/py_env/lib/python3.11/site-packages/airflow/example_dags/example_latest_only_with_trigger.py
[2024-11-13T20:28:48.278+1100] {logging_mixin.py:190} INFO - [2024-11-13T20:28:48.278+1100] {dag.py:3239} INFO - Sync 1 DAGs
[2024-11-13T20:28:48.285+1100] {logging_mixin.py:190} INFO - [2024-11-13T20:28:48.285+1100] {dag.py:4180} INFO - Setting next_dagrun for latest_only_with_trigger to 2024-11-13 04:00:00+00:00, run_after=2024-11-13 08:00:00+00:00
[2024-11-13T20:28:48.291+1100] {processor.py:208} INFO - Processing /Users/yoonmoon/git/learn-airflow/airflow1/py_env/lib/python3.11/site-packages/airflow/example_dags/example_latest_only_with_trigger.py took 0.079 seconds
[2024-11-13T20:31:06.103+1100] {processor.py:186} INFO - Started process (PID=71285) to work on /Users/yoonmoon/git/learn-airflow/airflow1/py_env/lib/python3.11/site-packages/airflow/example_dags/example_latest_only_with_trigger.py
[2024-11-13T20:31:06.104+1100] {processor.py:914} INFO - Processing file /Users/yoonmoon/git/learn-airflow/airflow1/py_env/lib/python3.11/site-packages/airflow/example_dags/example_latest_only_with_trigger.py for tasks to queue
[2024-11-13T20:31:06.105+1100] {logging_mixin.py:190} INFO - [2024-11-13T20:31:06.105+1100] {dagbag.py:588} INFO - Filling up the DagBag from /Users/yoonmoon/git/learn-airflow/airflow1/py_env/lib/python3.11/site-packages/airflow/example_dags/example_latest_only_with_trigger.py
[2024-11-13T20:31:06.109+1100] {processor.py:925} INFO - DAG(s) 'latest_only_with_trigger' retrieved from /Users/yoonmoon/git/learn-airflow/airflow1/py_env/lib/python3.11/site-packages/airflow/example_dags/example_latest_only_with_trigger.py
[2024-11-13T20:31:06.169+1100] {logging_mixin.py:190} INFO - [2024-11-13T20:31:06.169+1100] {dag.py:3239} INFO - Sync 1 DAGs
[2024-11-13T20:31:06.176+1100] {logging_mixin.py:190} INFO - [2024-11-13T20:31:06.175+1100] {dag.py:4180} INFO - Setting next_dagrun for latest_only_with_trigger to 2024-11-13 04:00:00+00:00, run_after=2024-11-13 08:00:00+00:00
[2024-11-13T20:31:06.182+1100] {processor.py:208} INFO - Processing /Users/yoonmoon/git/learn-airflow/airflow1/py_env/lib/python3.11/site-packages/airflow/example_dags/example_latest_only_with_trigger.py took 0.081 seconds
[2024-11-13T20:33:26.703+1100] {processor.py:186} INFO - Started process (PID=71540) to work on /Users/yoonmoon/git/learn-airflow/airflow1/py_env/lib/python3.11/site-packages/airflow/example_dags/example_latest_only_with_trigger.py
[2024-11-13T20:33:26.704+1100] {processor.py:914} INFO - Processing file /Users/yoonmoon/git/learn-airflow/airflow1/py_env/lib/python3.11/site-packages/airflow/example_dags/example_latest_only_with_trigger.py for tasks to queue
[2024-11-13T20:33:26.704+1100] {logging_mixin.py:190} INFO - [2024-11-13T20:33:26.704+1100] {dagbag.py:588} INFO - Filling up the DagBag from /Users/yoonmoon/git/learn-airflow/airflow1/py_env/lib/python3.11/site-packages/airflow/example_dags/example_latest_only_with_trigger.py
[2024-11-13T20:33:26.708+1100] {processor.py:925} INFO - DAG(s) 'latest_only_with_trigger' retrieved from /Users/yoonmoon/git/learn-airflow/airflow1/py_env/lib/python3.11/site-packages/airflow/example_dags/example_latest_only_with_trigger.py
[2024-11-13T20:33:26.782+1100] {logging_mixin.py:190} INFO - [2024-11-13T20:33:26.782+1100] {dag.py:3239} INFO - Sync 1 DAGs
[2024-11-13T20:33:26.788+1100] {logging_mixin.py:190} INFO - [2024-11-13T20:33:26.788+1100] {dag.py:4180} INFO - Setting next_dagrun for latest_only_with_trigger to 2024-11-13 04:00:00+00:00, run_after=2024-11-13 08:00:00+00:00
[2024-11-13T20:33:26.794+1100] {processor.py:208} INFO - Processing /Users/yoonmoon/git/learn-airflow/airflow1/py_env/lib/python3.11/site-packages/airflow/example_dags/example_latest_only_with_trigger.py took 0.094 seconds
[2024-11-13T20:35:48.522+1100] {processor.py:186} INFO - Started process (PID=71813) to work on /Users/yoonmoon/git/learn-airflow/airflow1/py_env/lib/python3.11/site-packages/airflow/example_dags/example_latest_only_with_trigger.py
[2024-11-13T20:35:48.524+1100] {processor.py:914} INFO - Processing file /Users/yoonmoon/git/learn-airflow/airflow1/py_env/lib/python3.11/site-packages/airflow/example_dags/example_latest_only_with_trigger.py for tasks to queue
[2024-11-13T20:35:48.524+1100] {logging_mixin.py:190} INFO - [2024-11-13T20:35:48.524+1100] {dagbag.py:588} INFO - Filling up the DagBag from /Users/yoonmoon/git/learn-airflow/airflow1/py_env/lib/python3.11/site-packages/airflow/example_dags/example_latest_only_with_trigger.py
[2024-11-13T20:35:48.528+1100] {processor.py:925} INFO - DAG(s) 'latest_only_with_trigger' retrieved from /Users/yoonmoon/git/learn-airflow/airflow1/py_env/lib/python3.11/site-packages/airflow/example_dags/example_latest_only_with_trigger.py
[2024-11-13T20:35:48.588+1100] {logging_mixin.py:190} INFO - [2024-11-13T20:35:48.588+1100] {dag.py:3239} INFO - Sync 1 DAGs
[2024-11-13T20:35:48.594+1100] {logging_mixin.py:190} INFO - [2024-11-13T20:35:48.594+1100] {dag.py:4180} INFO - Setting next_dagrun for latest_only_with_trigger to 2024-11-13 04:00:00+00:00, run_after=2024-11-13 08:00:00+00:00
[2024-11-13T20:35:48.600+1100] {processor.py:208} INFO - Processing /Users/yoonmoon/git/learn-airflow/airflow1/py_env/lib/python3.11/site-packages/airflow/example_dags/example_latest_only_with_trigger.py took 0.080 seconds
[2024-11-13T20:38:05.426+1100] {processor.py:186} INFO - Started process (PID=72106) to work on /Users/yoonmoon/git/learn-airflow/airflow1/py_env/lib/python3.11/site-packages/airflow/example_dags/example_latest_only_with_trigger.py
[2024-11-13T20:38:05.426+1100] {processor.py:914} INFO - Processing file /Users/yoonmoon/git/learn-airflow/airflow1/py_env/lib/python3.11/site-packages/airflow/example_dags/example_latest_only_with_trigger.py for tasks to queue
[2024-11-13T20:38:05.427+1100] {logging_mixin.py:190} INFO - [2024-11-13T20:38:05.427+1100] {dagbag.py:588} INFO - Filling up the DagBag from /Users/yoonmoon/git/learn-airflow/airflow1/py_env/lib/python3.11/site-packages/airflow/example_dags/example_latest_only_with_trigger.py
[2024-11-13T20:38:05.434+1100] {processor.py:925} INFO - DAG(s) 'latest_only_with_trigger' retrieved from /Users/yoonmoon/git/learn-airflow/airflow1/py_env/lib/python3.11/site-packages/airflow/example_dags/example_latest_only_with_trigger.py
[2024-11-13T20:38:05.498+1100] {logging_mixin.py:190} INFO - [2024-11-13T20:38:05.498+1100] {dag.py:3239} INFO - Sync 1 DAGs
[2024-11-13T20:38:05.504+1100] {logging_mixin.py:190} INFO - [2024-11-13T20:38:05.504+1100] {dag.py:4180} INFO - Setting next_dagrun for latest_only_with_trigger to 2024-11-13 04:00:00+00:00, run_after=2024-11-13 08:00:00+00:00
[2024-11-13T20:38:05.512+1100] {processor.py:208} INFO - Processing /Users/yoonmoon/git/learn-airflow/airflow1/py_env/lib/python3.11/site-packages/airflow/example_dags/example_latest_only_with_trigger.py took 0.088 seconds
[2024-11-13T20:40:23.471+1100] {processor.py:186} INFO - Started process (PID=72368) to work on /Users/yoonmoon/git/learn-airflow/airflow1/py_env/lib/python3.11/site-packages/airflow/example_dags/example_latest_only_with_trigger.py
[2024-11-13T20:40:23.473+1100] {processor.py:914} INFO - Processing file /Users/yoonmoon/git/learn-airflow/airflow1/py_env/lib/python3.11/site-packages/airflow/example_dags/example_latest_only_with_trigger.py for tasks to queue
[2024-11-13T20:40:23.473+1100] {logging_mixin.py:190} INFO - [2024-11-13T20:40:23.473+1100] {dagbag.py:588} INFO - Filling up the DagBag from /Users/yoonmoon/git/learn-airflow/airflow1/py_env/lib/python3.11/site-packages/airflow/example_dags/example_latest_only_with_trigger.py
[2024-11-13T20:40:23.477+1100] {processor.py:925} INFO - DAG(s) 'latest_only_with_trigger' retrieved from /Users/yoonmoon/git/learn-airflow/airflow1/py_env/lib/python3.11/site-packages/airflow/example_dags/example_latest_only_with_trigger.py
[2024-11-13T20:40:23.536+1100] {logging_mixin.py:190} INFO - [2024-11-13T20:40:23.535+1100] {dag.py:3239} INFO - Sync 1 DAGs
[2024-11-13T20:40:23.541+1100] {logging_mixin.py:190} INFO - [2024-11-13T20:40:23.541+1100] {dag.py:4180} INFO - Setting next_dagrun for latest_only_with_trigger to 2024-11-13 04:00:00+00:00, run_after=2024-11-13 08:00:00+00:00
[2024-11-13T20:40:23.548+1100] {processor.py:208} INFO - Processing /Users/yoonmoon/git/learn-airflow/airflow1/py_env/lib/python3.11/site-packages/airflow/example_dags/example_latest_only_with_trigger.py took 0.079 seconds
[2024-11-13T20:42:43.721+1100] {processor.py:186} INFO - Started process (PID=72630) to work on /Users/yoonmoon/git/learn-airflow/airflow1/py_env/lib/python3.11/site-packages/airflow/example_dags/example_latest_only_with_trigger.py
[2024-11-13T20:42:43.722+1100] {processor.py:914} INFO - Processing file /Users/yoonmoon/git/learn-airflow/airflow1/py_env/lib/python3.11/site-packages/airflow/example_dags/example_latest_only_with_trigger.py for tasks to queue
[2024-11-13T20:42:43.723+1100] {logging_mixin.py:190} INFO - [2024-11-13T20:42:43.723+1100] {dagbag.py:588} INFO - Filling up the DagBag from /Users/yoonmoon/git/learn-airflow/airflow1/py_env/lib/python3.11/site-packages/airflow/example_dags/example_latest_only_with_trigger.py
[2024-11-13T20:42:43.726+1100] {processor.py:925} INFO - DAG(s) 'latest_only_with_trigger' retrieved from /Users/yoonmoon/git/learn-airflow/airflow1/py_env/lib/python3.11/site-packages/airflow/example_dags/example_latest_only_with_trigger.py
[2024-11-13T20:42:43.786+1100] {logging_mixin.py:190} INFO - [2024-11-13T20:42:43.785+1100] {dag.py:3239} INFO - Sync 1 DAGs
[2024-11-13T20:42:43.791+1100] {logging_mixin.py:190} INFO - [2024-11-13T20:42:43.791+1100] {dag.py:4180} INFO - Setting next_dagrun for latest_only_with_trigger to 2024-11-13 04:00:00+00:00, run_after=2024-11-13 08:00:00+00:00
[2024-11-13T20:42:43.798+1100] {processor.py:208} INFO - Processing /Users/yoonmoon/git/learn-airflow/airflow1/py_env/lib/python3.11/site-packages/airflow/example_dags/example_latest_only_with_trigger.py took 0.079 seconds
[2024-11-13T20:45:03.300+1100] {processor.py:186} INFO - Started process (PID=72900) to work on /Users/yoonmoon/git/learn-airflow/airflow1/py_env/lib/python3.11/site-packages/airflow/example_dags/example_latest_only_with_trigger.py
[2024-11-13T20:45:03.301+1100] {processor.py:914} INFO - Processing file /Users/yoonmoon/git/learn-airflow/airflow1/py_env/lib/python3.11/site-packages/airflow/example_dags/example_latest_only_with_trigger.py for tasks to queue
[2024-11-13T20:45:03.302+1100] {logging_mixin.py:190} INFO - [2024-11-13T20:45:03.302+1100] {dagbag.py:588} INFO - Filling up the DagBag from /Users/yoonmoon/git/learn-airflow/airflow1/py_env/lib/python3.11/site-packages/airflow/example_dags/example_latest_only_with_trigger.py
[2024-11-13T20:45:03.306+1100] {processor.py:925} INFO - DAG(s) 'latest_only_with_trigger' retrieved from /Users/yoonmoon/git/learn-airflow/airflow1/py_env/lib/python3.11/site-packages/airflow/example_dags/example_latest_only_with_trigger.py
[2024-11-13T20:45:03.369+1100] {logging_mixin.py:190} INFO - [2024-11-13T20:45:03.369+1100] {dag.py:3239} INFO - Sync 1 DAGs
[2024-11-13T20:45:03.376+1100] {logging_mixin.py:190} INFO - [2024-11-13T20:45:03.376+1100] {dag.py:4180} INFO - Setting next_dagrun for latest_only_with_trigger to 2024-11-13 04:00:00+00:00, run_after=2024-11-13 08:00:00+00:00
[2024-11-13T20:45:03.383+1100] {processor.py:208} INFO - Processing /Users/yoonmoon/git/learn-airflow/airflow1/py_env/lib/python3.11/site-packages/airflow/example_dags/example_latest_only_with_trigger.py took 0.085 seconds
[2024-11-13T20:47:24.592+1100] {processor.py:186} INFO - Started process (PID=73169) to work on /Users/yoonmoon/git/learn-airflow/airflow1/py_env/lib/python3.11/site-packages/airflow/example_dags/example_latest_only_with_trigger.py
[2024-11-13T20:47:24.593+1100] {processor.py:914} INFO - Processing file /Users/yoonmoon/git/learn-airflow/airflow1/py_env/lib/python3.11/site-packages/airflow/example_dags/example_latest_only_with_trigger.py for tasks to queue
[2024-11-13T20:47:24.594+1100] {logging_mixin.py:190} INFO - [2024-11-13T20:47:24.594+1100] {dagbag.py:588} INFO - Filling up the DagBag from /Users/yoonmoon/git/learn-airflow/airflow1/py_env/lib/python3.11/site-packages/airflow/example_dags/example_latest_only_with_trigger.py
[2024-11-13T20:47:24.597+1100] {processor.py:925} INFO - DAG(s) 'latest_only_with_trigger' retrieved from /Users/yoonmoon/git/learn-airflow/airflow1/py_env/lib/python3.11/site-packages/airflow/example_dags/example_latest_only_with_trigger.py
[2024-11-13T20:47:24.659+1100] {logging_mixin.py:190} INFO - [2024-11-13T20:47:24.659+1100] {dag.py:3239} INFO - Sync 1 DAGs
[2024-11-13T20:47:24.666+1100] {logging_mixin.py:190} INFO - [2024-11-13T20:47:24.666+1100] {dag.py:4180} INFO - Setting next_dagrun for latest_only_with_trigger to 2024-11-13 04:00:00+00:00, run_after=2024-11-13 08:00:00+00:00
[2024-11-13T20:47:24.672+1100] {processor.py:208} INFO - Processing /Users/yoonmoon/git/learn-airflow/airflow1/py_env/lib/python3.11/site-packages/airflow/example_dags/example_latest_only_with_trigger.py took 0.083 seconds
[2024-11-13T20:49:50.978+1100] {processor.py:186} INFO - Started process (PID=73444) to work on /Users/yoonmoon/git/learn-airflow/airflow1/py_env/lib/python3.11/site-packages/airflow/example_dags/example_latest_only_with_trigger.py
[2024-11-13T20:49:50.980+1100] {processor.py:914} INFO - Processing file /Users/yoonmoon/git/learn-airflow/airflow1/py_env/lib/python3.11/site-packages/airflow/example_dags/example_latest_only_with_trigger.py for tasks to queue
[2024-11-13T20:49:50.980+1100] {logging_mixin.py:190} INFO - [2024-11-13T20:49:50.980+1100] {dagbag.py:588} INFO - Filling up the DagBag from /Users/yoonmoon/git/learn-airflow/airflow1/py_env/lib/python3.11/site-packages/airflow/example_dags/example_latest_only_with_trigger.py
[2024-11-13T20:49:50.984+1100] {processor.py:925} INFO - DAG(s) 'latest_only_with_trigger' retrieved from /Users/yoonmoon/git/learn-airflow/airflow1/py_env/lib/python3.11/site-packages/airflow/example_dags/example_latest_only_with_trigger.py
[2024-11-13T20:49:51.047+1100] {logging_mixin.py:190} INFO - [2024-11-13T20:49:51.047+1100] {dag.py:3239} INFO - Sync 1 DAGs
[2024-11-13T20:49:51.053+1100] {logging_mixin.py:190} INFO - [2024-11-13T20:49:51.053+1100] {dag.py:4180} INFO - Setting next_dagrun for latest_only_with_trigger to 2024-11-13 04:00:00+00:00, run_after=2024-11-13 08:00:00+00:00
[2024-11-13T20:49:51.059+1100] {processor.py:208} INFO - Processing /Users/yoonmoon/git/learn-airflow/airflow1/py_env/lib/python3.11/site-packages/airflow/example_dags/example_latest_only_with_trigger.py took 0.083 seconds
