[2024-11-13T19:30:04.553+1100] {processor.py:186} INFO - Started process (PID=63804) to work on /Users/yoonmoon/git/learn-airflow/airflow1/py_env/lib/python3.11/site-packages/airflow/example_dags/example_dag_decorator.py
[2024-11-13T19:30:04.553+1100] {processor.py:914} INFO - Processing file /Users/yoonmoon/git/learn-airflow/airflow1/py_env/lib/python3.11/site-packages/airflow/example_dags/example_dag_decorator.py for tasks to queue
[2024-11-13T19:30:04.554+1100] {logging_mixin.py:190} INFO - [2024-11-13T19:30:04.554+1100] {dagbag.py:588} INFO - Filling up the DagBag from /Users/yoonmoon/git/learn-airflow/airflow1/py_env/lib/python3.11/site-packages/airflow/example_dags/example_dag_decorator.py
[2024-11-13T19:30:04.643+1100] {processor.py:925} INFO - DAG(s) 'example_dag_decorator' retrieved from /Users/yoonmoon/git/learn-airflow/airflow1/py_env/lib/python3.11/site-packages/airflow/example_dags/example_dag_decorator.py
[2024-11-13T19:30:04.699+1100] {logging_mixin.py:190} INFO - [2024-11-13T19:30:04.699+1100] {override.py:1911} INFO - Created Permission View: can edit on DAG:example_dag_decorator
[2024-11-13T19:30:04.702+1100] {logging_mixin.py:190} INFO - [2024-11-13T19:30:04.702+1100] {override.py:1911} INFO - Created Permission View: can read on DAG:example_dag_decorator
[2024-11-13T19:30:04.705+1100] {logging_mixin.py:190} INFO - [2024-11-13T19:30:04.705+1100] {override.py:1911} INFO - Created Permission View: can delete on DAG:example_dag_decorator
[2024-11-13T19:30:04.708+1100] {logging_mixin.py:190} INFO - [2024-11-13T19:30:04.708+1100] {override.py:1911} INFO - Created Permission View: menu access on DAG Run:example_dag_decorator
[2024-11-13T19:30:04.711+1100] {logging_mixin.py:190} INFO - [2024-11-13T19:30:04.711+1100] {override.py:1911} INFO - Created Permission View: can read on DAG Run:example_dag_decorator
[2024-11-13T19:30:04.712+1100] {logging_mixin.py:190} INFO - [2024-11-13T19:30:04.712+1100] {override.py:1911} INFO - Created Permission View: can delete on DAG Run:example_dag_decorator
[2024-11-13T19:30:04.714+1100] {logging_mixin.py:190} INFO - [2024-11-13T19:30:04.714+1100] {override.py:1911} INFO - Created Permission View: can create on DAG Run:example_dag_decorator
[2024-11-13T19:30:04.714+1100] {logging_mixin.py:190} INFO - [2024-11-13T19:30:04.714+1100] {dag.py:3239} INFO - Sync 1 DAGs
[2024-11-13T19:30:04.719+1100] {logging_mixin.py:190} INFO - [2024-11-13T19:30:04.719+1100] {dag.py:3262} INFO - Creating ORM DAG for example_dag_decorator
[2024-11-13T19:30:04.719+1100] {logging_mixin.py:190} INFO - [2024-11-13T19:30:04.719+1100] {dag.py:4180} INFO - Setting next_dagrun for example_dag_decorator to None, run_after=None
[2024-11-13T19:30:04.725+1100] {processor.py:208} INFO - Processing /Users/yoonmoon/git/learn-airflow/airflow1/py_env/lib/python3.11/site-packages/airflow/example_dags/example_dag_decorator.py took 0.174 seconds
[2024-11-13T19:32:26.551+1100] {processor.py:186} INFO - Started process (PID=64181) to work on /Users/yoonmoon/git/learn-airflow/airflow1/py_env/lib/python3.11/site-packages/airflow/example_dags/example_dag_decorator.py
[2024-11-13T19:32:26.553+1100] {processor.py:914} INFO - Processing file /Users/yoonmoon/git/learn-airflow/airflow1/py_env/lib/python3.11/site-packages/airflow/example_dags/example_dag_decorator.py for tasks to queue
[2024-11-13T19:32:26.553+1100] {logging_mixin.py:190} INFO - [2024-11-13T19:32:26.553+1100] {dagbag.py:588} INFO - Filling up the DagBag from /Users/yoonmoon/git/learn-airflow/airflow1/py_env/lib/python3.11/site-packages/airflow/example_dags/example_dag_decorator.py
[2024-11-13T19:32:26.648+1100] {processor.py:925} INFO - DAG(s) 'example_dag_decorator' retrieved from /Users/yoonmoon/git/learn-airflow/airflow1/py_env/lib/python3.11/site-packages/airflow/example_dags/example_dag_decorator.py
[2024-11-13T19:32:26.726+1100] {logging_mixin.py:190} INFO - [2024-11-13T19:32:26.725+1100] {dag.py:3239} INFO - Sync 1 DAGs
[2024-11-13T19:32:26.729+1100] {logging_mixin.py:190} INFO - [2024-11-13T19:32:26.729+1100] {dag.py:4180} INFO - Setting next_dagrun for example_dag_decorator to None, run_after=None
[2024-11-13T19:32:26.736+1100] {processor.py:208} INFO - Processing /Users/yoonmoon/git/learn-airflow/airflow1/py_env/lib/python3.11/site-packages/airflow/example_dags/example_dag_decorator.py took 0.187 seconds
[2024-11-13T19:34:49.256+1100] {processor.py:186} INFO - Started process (PID=64670) to work on /Users/yoonmoon/git/learn-airflow/airflow1/py_env/lib/python3.11/site-packages/airflow/example_dags/example_dag_decorator.py
[2024-11-13T19:34:49.257+1100] {processor.py:914} INFO - Processing file /Users/yoonmoon/git/learn-airflow/airflow1/py_env/lib/python3.11/site-packages/airflow/example_dags/example_dag_decorator.py for tasks to queue
[2024-11-13T19:34:49.257+1100] {logging_mixin.py:190} INFO - [2024-11-13T19:34:49.257+1100] {dagbag.py:588} INFO - Filling up the DagBag from /Users/yoonmoon/git/learn-airflow/airflow1/py_env/lib/python3.11/site-packages/airflow/example_dags/example_dag_decorator.py
[2024-11-13T19:34:49.356+1100] {processor.py:925} INFO - DAG(s) 'example_dag_decorator' retrieved from /Users/yoonmoon/git/learn-airflow/airflow1/py_env/lib/python3.11/site-packages/airflow/example_dags/example_dag_decorator.py
[2024-11-13T19:34:49.430+1100] {logging_mixin.py:190} INFO - [2024-11-13T19:34:49.430+1100] {dag.py:3239} INFO - Sync 1 DAGs
[2024-11-13T19:34:49.434+1100] {logging_mixin.py:190} INFO - [2024-11-13T19:34:49.433+1100] {dag.py:4180} INFO - Setting next_dagrun for example_dag_decorator to None, run_after=None
[2024-11-13T19:34:49.441+1100] {processor.py:208} INFO - Processing /Users/yoonmoon/git/learn-airflow/airflow1/py_env/lib/python3.11/site-packages/airflow/example_dags/example_dag_decorator.py took 0.187 seconds
[2024-11-13T19:36:40.479+1100] {processor.py:186} INFO - Started process (PID=64916) to work on /Users/yoonmoon/git/learn-airflow/airflow1/py_env/lib/python3.11/site-packages/airflow/example_dags/example_dag_decorator.py
[2024-11-13T19:36:40.480+1100] {processor.py:914} INFO - Processing file /Users/yoonmoon/git/learn-airflow/airflow1/py_env/lib/python3.11/site-packages/airflow/example_dags/example_dag_decorator.py for tasks to queue
[2024-11-13T19:36:40.481+1100] {logging_mixin.py:190} INFO - [2024-11-13T19:36:40.480+1100] {dagbag.py:588} INFO - Filling up the DagBag from /Users/yoonmoon/git/learn-airflow/airflow1/py_env/lib/python3.11/site-packages/airflow/example_dags/example_dag_decorator.py
[2024-11-13T19:36:40.573+1100] {processor.py:925} INFO - DAG(s) 'example_dag_decorator' retrieved from /Users/yoonmoon/git/learn-airflow/airflow1/py_env/lib/python3.11/site-packages/airflow/example_dags/example_dag_decorator.py
[2024-11-13T19:36:40.643+1100] {logging_mixin.py:190} INFO - [2024-11-13T19:36:40.643+1100] {dag.py:3239} INFO - Sync 1 DAGs
[2024-11-13T19:36:40.646+1100] {logging_mixin.py:190} INFO - [2024-11-13T19:36:40.646+1100] {dag.py:4180} INFO - Setting next_dagrun for example_dag_decorator to None, run_after=None
[2024-11-13T19:36:40.653+1100] {processor.py:208} INFO - Processing /Users/yoonmoon/git/learn-airflow/airflow1/py_env/lib/python3.11/site-packages/airflow/example_dags/example_dag_decorator.py took 0.177 seconds
[2024-11-13T19:38:57.670+1100] {processor.py:186} INFO - Started process (PID=65196) to work on /Users/yoonmoon/git/learn-airflow/airflow1/py_env/lib/python3.11/site-packages/airflow/example_dags/example_dag_decorator.py
[2024-11-13T19:38:57.671+1100] {processor.py:914} INFO - Processing file /Users/yoonmoon/git/learn-airflow/airflow1/py_env/lib/python3.11/site-packages/airflow/example_dags/example_dag_decorator.py for tasks to queue
[2024-11-13T19:38:57.672+1100] {logging_mixin.py:190} INFO - [2024-11-13T19:38:57.672+1100] {dagbag.py:588} INFO - Filling up the DagBag from /Users/yoonmoon/git/learn-airflow/airflow1/py_env/lib/python3.11/site-packages/airflow/example_dags/example_dag_decorator.py
[2024-11-13T19:38:57.763+1100] {processor.py:925} INFO - DAG(s) 'example_dag_decorator' retrieved from /Users/yoonmoon/git/learn-airflow/airflow1/py_env/lib/python3.11/site-packages/airflow/example_dags/example_dag_decorator.py
[2024-11-13T19:38:57.832+1100] {logging_mixin.py:190} INFO - [2024-11-13T19:38:57.832+1100] {dag.py:3239} INFO - Sync 1 DAGs
[2024-11-13T19:38:57.836+1100] {logging_mixin.py:190} INFO - [2024-11-13T19:38:57.836+1100] {dag.py:4180} INFO - Setting next_dagrun for example_dag_decorator to None, run_after=None
[2024-11-13T19:38:57.842+1100] {processor.py:208} INFO - Processing /Users/yoonmoon/git/learn-airflow/airflow1/py_env/lib/python3.11/site-packages/airflow/example_dags/example_dag_decorator.py took 0.175 seconds
[2024-11-13T19:41:14.727+1100] {processor.py:186} INFO - Started process (PID=65493) to work on /Users/yoonmoon/git/learn-airflow/airflow1/py_env/lib/python3.11/site-packages/airflow/example_dags/example_dag_decorator.py
[2024-11-13T19:41:14.728+1100] {processor.py:914} INFO - Processing file /Users/yoonmoon/git/learn-airflow/airflow1/py_env/lib/python3.11/site-packages/airflow/example_dags/example_dag_decorator.py for tasks to queue
[2024-11-13T19:41:14.729+1100] {logging_mixin.py:190} INFO - [2024-11-13T19:41:14.729+1100] {dagbag.py:588} INFO - Filling up the DagBag from /Users/yoonmoon/git/learn-airflow/airflow1/py_env/lib/python3.11/site-packages/airflow/example_dags/example_dag_decorator.py
[2024-11-13T19:41:14.821+1100] {processor.py:925} INFO - DAG(s) 'example_dag_decorator' retrieved from /Users/yoonmoon/git/learn-airflow/airflow1/py_env/lib/python3.11/site-packages/airflow/example_dags/example_dag_decorator.py
[2024-11-13T19:41:14.891+1100] {logging_mixin.py:190} INFO - [2024-11-13T19:41:14.891+1100] {dag.py:3239} INFO - Sync 1 DAGs
[2024-11-13T19:41:14.895+1100] {logging_mixin.py:190} INFO - [2024-11-13T19:41:14.895+1100] {dag.py:4180} INFO - Setting next_dagrun for example_dag_decorator to None, run_after=None
[2024-11-13T19:41:14.901+1100] {processor.py:208} INFO - Processing /Users/yoonmoon/git/learn-airflow/airflow1/py_env/lib/python3.11/site-packages/airflow/example_dags/example_dag_decorator.py took 0.177 seconds
[2024-11-13T19:43:33.876+1100] {processor.py:186} INFO - Started process (PID=65751) to work on /Users/yoonmoon/git/learn-airflow/airflow1/py_env/lib/python3.11/site-packages/airflow/example_dags/example_dag_decorator.py
[2024-11-13T19:43:33.876+1100] {processor.py:914} INFO - Processing file /Users/yoonmoon/git/learn-airflow/airflow1/py_env/lib/python3.11/site-packages/airflow/example_dags/example_dag_decorator.py for tasks to queue
[2024-11-13T19:43:33.877+1100] {logging_mixin.py:190} INFO - [2024-11-13T19:43:33.877+1100] {dagbag.py:588} INFO - Filling up the DagBag from /Users/yoonmoon/git/learn-airflow/airflow1/py_env/lib/python3.11/site-packages/airflow/example_dags/example_dag_decorator.py
[2024-11-13T19:43:33.969+1100] {processor.py:925} INFO - DAG(s) 'example_dag_decorator' retrieved from /Users/yoonmoon/git/learn-airflow/airflow1/py_env/lib/python3.11/site-packages/airflow/example_dags/example_dag_decorator.py
[2024-11-13T19:43:34.041+1100] {logging_mixin.py:190} INFO - [2024-11-13T19:43:34.040+1100] {dag.py:3239} INFO - Sync 1 DAGs
[2024-11-13T19:43:34.045+1100] {logging_mixin.py:190} INFO - [2024-11-13T19:43:34.044+1100] {dag.py:4180} INFO - Setting next_dagrun for example_dag_decorator to None, run_after=None
[2024-11-13T19:43:34.051+1100] {processor.py:208} INFO - Processing /Users/yoonmoon/git/learn-airflow/airflow1/py_env/lib/python3.11/site-packages/airflow/example_dags/example_dag_decorator.py took 0.178 seconds
[2024-11-13T19:45:48.735+1100] {processor.py:186} INFO - Started process (PID=66017) to work on /Users/yoonmoon/git/learn-airflow/airflow1/py_env/lib/python3.11/site-packages/airflow/example_dags/example_dag_decorator.py
[2024-11-13T19:45:48.736+1100] {processor.py:914} INFO - Processing file /Users/yoonmoon/git/learn-airflow/airflow1/py_env/lib/python3.11/site-packages/airflow/example_dags/example_dag_decorator.py for tasks to queue
[2024-11-13T19:45:48.737+1100] {logging_mixin.py:190} INFO - [2024-11-13T19:45:48.736+1100] {dagbag.py:588} INFO - Filling up the DagBag from /Users/yoonmoon/git/learn-airflow/airflow1/py_env/lib/python3.11/site-packages/airflow/example_dags/example_dag_decorator.py
[2024-11-13T19:45:48.825+1100] {processor.py:925} INFO - DAG(s) 'example_dag_decorator' retrieved from /Users/yoonmoon/git/learn-airflow/airflow1/py_env/lib/python3.11/site-packages/airflow/example_dags/example_dag_decorator.py
[2024-11-13T19:45:48.891+1100] {logging_mixin.py:190} INFO - [2024-11-13T19:45:48.891+1100] {dag.py:3239} INFO - Sync 1 DAGs
[2024-11-13T19:45:48.894+1100] {logging_mixin.py:190} INFO - [2024-11-13T19:45:48.894+1100] {dag.py:4180} INFO - Setting next_dagrun for example_dag_decorator to None, run_after=None
[2024-11-13T19:45:48.901+1100] {processor.py:208} INFO - Processing /Users/yoonmoon/git/learn-airflow/airflow1/py_env/lib/python3.11/site-packages/airflow/example_dags/example_dag_decorator.py took 0.169 seconds
[2024-11-13T19:47:59.923+1100] {processor.py:186} INFO - Started process (PID=66264) to work on /Users/yoonmoon/git/learn-airflow/airflow1/py_env/lib/python3.11/site-packages/airflow/example_dags/example_dag_decorator.py
[2024-11-13T19:47:59.924+1100] {processor.py:914} INFO - Processing file /Users/yoonmoon/git/learn-airflow/airflow1/py_env/lib/python3.11/site-packages/airflow/example_dags/example_dag_decorator.py for tasks to queue
[2024-11-13T19:47:59.925+1100] {logging_mixin.py:190} INFO - [2024-11-13T19:47:59.925+1100] {dagbag.py:588} INFO - Filling up the DagBag from /Users/yoonmoon/git/learn-airflow/airflow1/py_env/lib/python3.11/site-packages/airflow/example_dags/example_dag_decorator.py
[2024-11-13T19:48:00.015+1100] {processor.py:925} INFO - DAG(s) 'example_dag_decorator' retrieved from /Users/yoonmoon/git/learn-airflow/airflow1/py_env/lib/python3.11/site-packages/airflow/example_dags/example_dag_decorator.py
[2024-11-13T19:48:00.089+1100] {logging_mixin.py:190} INFO - [2024-11-13T19:48:00.088+1100] {dag.py:3239} INFO - Sync 1 DAGs
[2024-11-13T19:48:00.092+1100] {logging_mixin.py:190} INFO - [2024-11-13T19:48:00.092+1100] {dag.py:4180} INFO - Setting next_dagrun for example_dag_decorator to None, run_after=None
[2024-11-13T19:48:00.099+1100] {processor.py:208} INFO - Processing /Users/yoonmoon/git/learn-airflow/airflow1/py_env/lib/python3.11/site-packages/airflow/example_dags/example_dag_decorator.py took 0.178 seconds
[2024-11-13T19:50:09.495+1100] {processor.py:186} INFO - Started process (PID=66500) to work on /Users/yoonmoon/git/learn-airflow/airflow1/py_env/lib/python3.11/site-packages/airflow/example_dags/example_dag_decorator.py
[2024-11-13T19:50:09.497+1100] {processor.py:914} INFO - Processing file /Users/yoonmoon/git/learn-airflow/airflow1/py_env/lib/python3.11/site-packages/airflow/example_dags/example_dag_decorator.py for tasks to queue
[2024-11-13T19:50:09.497+1100] {logging_mixin.py:190} INFO - [2024-11-13T19:50:09.497+1100] {dagbag.py:588} INFO - Filling up the DagBag from /Users/yoonmoon/git/learn-airflow/airflow1/py_env/lib/python3.11/site-packages/airflow/example_dags/example_dag_decorator.py
[2024-11-13T19:50:09.588+1100] {processor.py:925} INFO - DAG(s) 'example_dag_decorator' retrieved from /Users/yoonmoon/git/learn-airflow/airflow1/py_env/lib/python3.11/site-packages/airflow/example_dags/example_dag_decorator.py
[2024-11-13T19:50:09.657+1100] {logging_mixin.py:190} INFO - [2024-11-13T19:50:09.657+1100] {dag.py:3239} INFO - Sync 1 DAGs
[2024-11-13T19:50:09.661+1100] {logging_mixin.py:190} INFO - [2024-11-13T19:50:09.661+1100] {dag.py:4180} INFO - Setting next_dagrun for example_dag_decorator to None, run_after=None
[2024-11-13T19:50:09.667+1100] {processor.py:208} INFO - Processing /Users/yoonmoon/git/learn-airflow/airflow1/py_env/lib/python3.11/site-packages/airflow/example_dags/example_dag_decorator.py took 0.174 seconds
[2024-11-13T19:52:28.339+1100] {processor.py:186} INFO - Started process (PID=66748) to work on /Users/yoonmoon/git/learn-airflow/airflow1/py_env/lib/python3.11/site-packages/airflow/example_dags/example_dag_decorator.py
[2024-11-13T19:52:28.340+1100] {processor.py:914} INFO - Processing file /Users/yoonmoon/git/learn-airflow/airflow1/py_env/lib/python3.11/site-packages/airflow/example_dags/example_dag_decorator.py for tasks to queue
[2024-11-13T19:52:28.341+1100] {logging_mixin.py:190} INFO - [2024-11-13T19:52:28.341+1100] {dagbag.py:588} INFO - Filling up the DagBag from /Users/yoonmoon/git/learn-airflow/airflow1/py_env/lib/python3.11/site-packages/airflow/example_dags/example_dag_decorator.py
[2024-11-13T19:52:28.430+1100] {processor.py:925} INFO - DAG(s) 'example_dag_decorator' retrieved from /Users/yoonmoon/git/learn-airflow/airflow1/py_env/lib/python3.11/site-packages/airflow/example_dags/example_dag_decorator.py
[2024-11-13T19:52:28.499+1100] {logging_mixin.py:190} INFO - [2024-11-13T19:52:28.499+1100] {dag.py:3239} INFO - Sync 1 DAGs
[2024-11-13T19:52:28.503+1100] {logging_mixin.py:190} INFO - [2024-11-13T19:52:28.503+1100] {dag.py:4180} INFO - Setting next_dagrun for example_dag_decorator to None, run_after=None
[2024-11-13T19:52:28.509+1100] {processor.py:208} INFO - Processing /Users/yoonmoon/git/learn-airflow/airflow1/py_env/lib/python3.11/site-packages/airflow/example_dags/example_dag_decorator.py took 0.173 seconds
[2024-11-13T19:54:48.231+1100] {processor.py:186} INFO - Started process (PID=67025) to work on /Users/yoonmoon/git/learn-airflow/airflow1/py_env/lib/python3.11/site-packages/airflow/example_dags/example_dag_decorator.py
[2024-11-13T19:54:48.232+1100] {processor.py:914} INFO - Processing file /Users/yoonmoon/git/learn-airflow/airflow1/py_env/lib/python3.11/site-packages/airflow/example_dags/example_dag_decorator.py for tasks to queue
[2024-11-13T19:54:48.232+1100] {logging_mixin.py:190} INFO - [2024-11-13T19:54:48.232+1100] {dagbag.py:588} INFO - Filling up the DagBag from /Users/yoonmoon/git/learn-airflow/airflow1/py_env/lib/python3.11/site-packages/airflow/example_dags/example_dag_decorator.py
[2024-11-13T19:54:48.324+1100] {processor.py:925} INFO - DAG(s) 'example_dag_decorator' retrieved from /Users/yoonmoon/git/learn-airflow/airflow1/py_env/lib/python3.11/site-packages/airflow/example_dags/example_dag_decorator.py
[2024-11-13T19:54:48.396+1100] {logging_mixin.py:190} INFO - [2024-11-13T19:54:48.396+1100] {dag.py:3239} INFO - Sync 1 DAGs
[2024-11-13T19:54:48.400+1100] {logging_mixin.py:190} INFO - [2024-11-13T19:54:48.400+1100] {dag.py:4180} INFO - Setting next_dagrun for example_dag_decorator to None, run_after=None
[2024-11-13T19:54:48.406+1100] {processor.py:208} INFO - Processing /Users/yoonmoon/git/learn-airflow/airflow1/py_env/lib/python3.11/site-packages/airflow/example_dags/example_dag_decorator.py took 0.178 seconds
[2024-11-13T19:57:08.528+1100] {processor.py:186} INFO - Started process (PID=67288) to work on /Users/yoonmoon/git/learn-airflow/airflow1/py_env/lib/python3.11/site-packages/airflow/example_dags/example_dag_decorator.py
[2024-11-13T19:57:08.529+1100] {processor.py:914} INFO - Processing file /Users/yoonmoon/git/learn-airflow/airflow1/py_env/lib/python3.11/site-packages/airflow/example_dags/example_dag_decorator.py for tasks to queue
[2024-11-13T19:57:08.530+1100] {logging_mixin.py:190} INFO - [2024-11-13T19:57:08.530+1100] {dagbag.py:588} INFO - Filling up the DagBag from /Users/yoonmoon/git/learn-airflow/airflow1/py_env/lib/python3.11/site-packages/airflow/example_dags/example_dag_decorator.py
[2024-11-13T19:57:08.620+1100] {processor.py:925} INFO - DAG(s) 'example_dag_decorator' retrieved from /Users/yoonmoon/git/learn-airflow/airflow1/py_env/lib/python3.11/site-packages/airflow/example_dags/example_dag_decorator.py
[2024-11-13T19:57:08.690+1100] {logging_mixin.py:190} INFO - [2024-11-13T19:57:08.690+1100] {dag.py:3239} INFO - Sync 1 DAGs
[2024-11-13T19:57:08.693+1100] {logging_mixin.py:190} INFO - [2024-11-13T19:57:08.693+1100] {dag.py:4180} INFO - Setting next_dagrun for example_dag_decorator to None, run_after=None
[2024-11-13T19:57:08.700+1100] {processor.py:208} INFO - Processing /Users/yoonmoon/git/learn-airflow/airflow1/py_env/lib/python3.11/site-packages/airflow/example_dags/example_dag_decorator.py took 0.174 seconds
[2024-11-13T19:59:20.594+1100] {processor.py:186} INFO - Started process (PID=67535) to work on /Users/yoonmoon/git/learn-airflow/airflow1/py_env/lib/python3.11/site-packages/airflow/example_dags/example_dag_decorator.py
[2024-11-13T19:59:20.595+1100] {processor.py:914} INFO - Processing file /Users/yoonmoon/git/learn-airflow/airflow1/py_env/lib/python3.11/site-packages/airflow/example_dags/example_dag_decorator.py for tasks to queue
[2024-11-13T19:59:20.596+1100] {logging_mixin.py:190} INFO - [2024-11-13T19:59:20.596+1100] {dagbag.py:588} INFO - Filling up the DagBag from /Users/yoonmoon/git/learn-airflow/airflow1/py_env/lib/python3.11/site-packages/airflow/example_dags/example_dag_decorator.py
[2024-11-13T19:59:20.686+1100] {processor.py:925} INFO - DAG(s) 'example_dag_decorator' retrieved from /Users/yoonmoon/git/learn-airflow/airflow1/py_env/lib/python3.11/site-packages/airflow/example_dags/example_dag_decorator.py
[2024-11-13T19:59:20.759+1100] {logging_mixin.py:190} INFO - [2024-11-13T19:59:20.759+1100] {dag.py:3239} INFO - Sync 1 DAGs
[2024-11-13T19:59:20.763+1100] {logging_mixin.py:190} INFO - [2024-11-13T19:59:20.763+1100] {dag.py:4180} INFO - Setting next_dagrun for example_dag_decorator to None, run_after=None
[2024-11-13T19:59:20.769+1100] {processor.py:208} INFO - Processing /Users/yoonmoon/git/learn-airflow/airflow1/py_env/lib/python3.11/site-packages/airflow/example_dags/example_dag_decorator.py took 0.177 seconds
[2024-11-13T20:01:37.272+1100] {processor.py:186} INFO - Started process (PID=67782) to work on /Users/yoonmoon/git/learn-airflow/airflow1/py_env/lib/python3.11/site-packages/airflow/example_dags/example_dag_decorator.py
[2024-11-13T20:01:37.273+1100] {processor.py:914} INFO - Processing file /Users/yoonmoon/git/learn-airflow/airflow1/py_env/lib/python3.11/site-packages/airflow/example_dags/example_dag_decorator.py for tasks to queue
[2024-11-13T20:01:37.273+1100] {logging_mixin.py:190} INFO - [2024-11-13T20:01:37.273+1100] {dagbag.py:588} INFO - Filling up the DagBag from /Users/yoonmoon/git/learn-airflow/airflow1/py_env/lib/python3.11/site-packages/airflow/example_dags/example_dag_decorator.py
[2024-11-13T20:01:37.364+1100] {processor.py:925} INFO - DAG(s) 'example_dag_decorator' retrieved from /Users/yoonmoon/git/learn-airflow/airflow1/py_env/lib/python3.11/site-packages/airflow/example_dags/example_dag_decorator.py
[2024-11-13T20:01:37.431+1100] {logging_mixin.py:190} INFO - [2024-11-13T20:01:37.431+1100] {dag.py:3239} INFO - Sync 1 DAGs
[2024-11-13T20:01:37.434+1100] {logging_mixin.py:190} INFO - [2024-11-13T20:01:37.434+1100] {dag.py:4180} INFO - Setting next_dagrun for example_dag_decorator to None, run_after=None
[2024-11-13T20:01:37.440+1100] {processor.py:208} INFO - Processing /Users/yoonmoon/git/learn-airflow/airflow1/py_env/lib/python3.11/site-packages/airflow/example_dags/example_dag_decorator.py took 0.170 seconds
[2024-11-13T20:03:53.312+1100] {processor.py:186} INFO - Started process (PID=68025) to work on /Users/yoonmoon/git/learn-airflow/airflow1/py_env/lib/python3.11/site-packages/airflow/example_dags/example_dag_decorator.py
[2024-11-13T20:03:53.314+1100] {processor.py:914} INFO - Processing file /Users/yoonmoon/git/learn-airflow/airflow1/py_env/lib/python3.11/site-packages/airflow/example_dags/example_dag_decorator.py for tasks to queue
[2024-11-13T20:03:53.314+1100] {logging_mixin.py:190} INFO - [2024-11-13T20:03:53.314+1100] {dagbag.py:588} INFO - Filling up the DagBag from /Users/yoonmoon/git/learn-airflow/airflow1/py_env/lib/python3.11/site-packages/airflow/example_dags/example_dag_decorator.py
[2024-11-13T20:03:53.405+1100] {processor.py:925} INFO - DAG(s) 'example_dag_decorator' retrieved from /Users/yoonmoon/git/learn-airflow/airflow1/py_env/lib/python3.11/site-packages/airflow/example_dags/example_dag_decorator.py
[2024-11-13T20:03:53.477+1100] {logging_mixin.py:190} INFO - [2024-11-13T20:03:53.476+1100] {dag.py:3239} INFO - Sync 1 DAGs
[2024-11-13T20:03:53.480+1100] {logging_mixin.py:190} INFO - [2024-11-13T20:03:53.480+1100] {dag.py:4180} INFO - Setting next_dagrun for example_dag_decorator to None, run_after=None
[2024-11-13T20:03:53.488+1100] {processor.py:208} INFO - Processing /Users/yoonmoon/git/learn-airflow/airflow1/py_env/lib/python3.11/site-packages/airflow/example_dags/example_dag_decorator.py took 0.178 seconds
[2024-11-13T20:06:11.335+1100] {processor.py:186} INFO - Started process (PID=68306) to work on /Users/yoonmoon/git/learn-airflow/airflow1/py_env/lib/python3.11/site-packages/airflow/example_dags/example_dag_decorator.py
[2024-11-13T20:06:11.336+1100] {processor.py:914} INFO - Processing file /Users/yoonmoon/git/learn-airflow/airflow1/py_env/lib/python3.11/site-packages/airflow/example_dags/example_dag_decorator.py for tasks to queue
[2024-11-13T20:06:11.337+1100] {logging_mixin.py:190} INFO - [2024-11-13T20:06:11.337+1100] {dagbag.py:588} INFO - Filling up the DagBag from /Users/yoonmoon/git/learn-airflow/airflow1/py_env/lib/python3.11/site-packages/airflow/example_dags/example_dag_decorator.py
[2024-11-13T20:06:11.430+1100] {processor.py:925} INFO - DAG(s) 'example_dag_decorator' retrieved from /Users/yoonmoon/git/learn-airflow/airflow1/py_env/lib/python3.11/site-packages/airflow/example_dags/example_dag_decorator.py
[2024-11-13T20:06:11.501+1100] {logging_mixin.py:190} INFO - [2024-11-13T20:06:11.501+1100] {dag.py:3239} INFO - Sync 1 DAGs
[2024-11-13T20:06:11.505+1100] {logging_mixin.py:190} INFO - [2024-11-13T20:06:11.505+1100] {dag.py:4180} INFO - Setting next_dagrun for example_dag_decorator to None, run_after=None
[2024-11-13T20:06:11.511+1100] {processor.py:208} INFO - Processing /Users/yoonmoon/git/learn-airflow/airflow1/py_env/lib/python3.11/site-packages/airflow/example_dags/example_dag_decorator.py took 0.178 seconds
[2024-11-13T20:08:31.849+1100] {processor.py:186} INFO - Started process (PID=68579) to work on /Users/yoonmoon/git/learn-airflow/airflow1/py_env/lib/python3.11/site-packages/airflow/example_dags/example_dag_decorator.py
[2024-11-13T20:08:31.850+1100] {processor.py:914} INFO - Processing file /Users/yoonmoon/git/learn-airflow/airflow1/py_env/lib/python3.11/site-packages/airflow/example_dags/example_dag_decorator.py for tasks to queue
[2024-11-13T20:08:31.851+1100] {logging_mixin.py:190} INFO - [2024-11-13T20:08:31.851+1100] {dagbag.py:588} INFO - Filling up the DagBag from /Users/yoonmoon/git/learn-airflow/airflow1/py_env/lib/python3.11/site-packages/airflow/example_dags/example_dag_decorator.py
[2024-11-13T20:08:31.945+1100] {processor.py:925} INFO - DAG(s) 'example_dag_decorator' retrieved from /Users/yoonmoon/git/learn-airflow/airflow1/py_env/lib/python3.11/site-packages/airflow/example_dags/example_dag_decorator.py
[2024-11-13T20:08:32.016+1100] {logging_mixin.py:190} INFO - [2024-11-13T20:08:32.016+1100] {dag.py:3239} INFO - Sync 1 DAGs
[2024-11-13T20:08:32.019+1100] {logging_mixin.py:190} INFO - [2024-11-13T20:08:32.019+1100] {dag.py:4180} INFO - Setting next_dagrun for example_dag_decorator to None, run_after=None
[2024-11-13T20:08:32.026+1100] {processor.py:208} INFO - Processing /Users/yoonmoon/git/learn-airflow/airflow1/py_env/lib/python3.11/site-packages/airflow/example_dags/example_dag_decorator.py took 0.179 seconds
[2024-11-13T20:10:52.526+1100] {processor.py:186} INFO - Started process (PID=68862) to work on /Users/yoonmoon/git/learn-airflow/airflow1/py_env/lib/python3.11/site-packages/airflow/example_dags/example_dag_decorator.py
[2024-11-13T20:10:52.527+1100] {processor.py:914} INFO - Processing file /Users/yoonmoon/git/learn-airflow/airflow1/py_env/lib/python3.11/site-packages/airflow/example_dags/example_dag_decorator.py for tasks to queue
[2024-11-13T20:10:52.528+1100] {logging_mixin.py:190} INFO - [2024-11-13T20:10:52.528+1100] {dagbag.py:588} INFO - Filling up the DagBag from /Users/yoonmoon/git/learn-airflow/airflow1/py_env/lib/python3.11/site-packages/airflow/example_dags/example_dag_decorator.py
[2024-11-13T20:10:52.622+1100] {processor.py:925} INFO - DAG(s) 'example_dag_decorator' retrieved from /Users/yoonmoon/git/learn-airflow/airflow1/py_env/lib/python3.11/site-packages/airflow/example_dags/example_dag_decorator.py
[2024-11-13T20:10:52.693+1100] {logging_mixin.py:190} INFO - [2024-11-13T20:10:52.693+1100] {dag.py:3239} INFO - Sync 1 DAGs
[2024-11-13T20:10:52.696+1100] {logging_mixin.py:190} INFO - [2024-11-13T20:10:52.696+1100] {dag.py:4180} INFO - Setting next_dagrun for example_dag_decorator to None, run_after=None
[2024-11-13T20:10:52.703+1100] {processor.py:208} INFO - Processing /Users/yoonmoon/git/learn-airflow/airflow1/py_env/lib/python3.11/site-packages/airflow/example_dags/example_dag_decorator.py took 0.179 seconds
[2024-11-13T20:13:07.338+1100] {processor.py:186} INFO - Started process (PID=69116) to work on /Users/yoonmoon/git/learn-airflow/airflow1/py_env/lib/python3.11/site-packages/airflow/example_dags/example_dag_decorator.py
[2024-11-13T20:13:07.339+1100] {processor.py:914} INFO - Processing file /Users/yoonmoon/git/learn-airflow/airflow1/py_env/lib/python3.11/site-packages/airflow/example_dags/example_dag_decorator.py for tasks to queue
[2024-11-13T20:13:07.340+1100] {logging_mixin.py:190} INFO - [2024-11-13T20:13:07.340+1100] {dagbag.py:588} INFO - Filling up the DagBag from /Users/yoonmoon/git/learn-airflow/airflow1/py_env/lib/python3.11/site-packages/airflow/example_dags/example_dag_decorator.py
[2024-11-13T20:13:07.434+1100] {processor.py:925} INFO - DAG(s) 'example_dag_decorator' retrieved from /Users/yoonmoon/git/learn-airflow/airflow1/py_env/lib/python3.11/site-packages/airflow/example_dags/example_dag_decorator.py
[2024-11-13T20:13:07.505+1100] {logging_mixin.py:190} INFO - [2024-11-13T20:13:07.505+1100] {dag.py:3239} INFO - Sync 1 DAGs
[2024-11-13T20:13:07.509+1100] {logging_mixin.py:190} INFO - [2024-11-13T20:13:07.509+1100] {dag.py:4180} INFO - Setting next_dagrun for example_dag_decorator to None, run_after=None
[2024-11-13T20:13:07.515+1100] {processor.py:208} INFO - Processing /Users/yoonmoon/git/learn-airflow/airflow1/py_env/lib/python3.11/site-packages/airflow/example_dags/example_dag_decorator.py took 0.179 seconds
[2024-11-13T20:15:26.678+1100] {processor.py:186} INFO - Started process (PID=69365) to work on /Users/yoonmoon/git/learn-airflow/airflow1/py_env/lib/python3.11/site-packages/airflow/example_dags/example_dag_decorator.py
[2024-11-13T20:15:26.679+1100] {processor.py:914} INFO - Processing file /Users/yoonmoon/git/learn-airflow/airflow1/py_env/lib/python3.11/site-packages/airflow/example_dags/example_dag_decorator.py for tasks to queue
[2024-11-13T20:15:26.679+1100] {logging_mixin.py:190} INFO - [2024-11-13T20:15:26.679+1100] {dagbag.py:588} INFO - Filling up the DagBag from /Users/yoonmoon/git/learn-airflow/airflow1/py_env/lib/python3.11/site-packages/airflow/example_dags/example_dag_decorator.py
[2024-11-13T20:15:26.771+1100] {processor.py:925} INFO - DAG(s) 'example_dag_decorator' retrieved from /Users/yoonmoon/git/learn-airflow/airflow1/py_env/lib/python3.11/site-packages/airflow/example_dags/example_dag_decorator.py
[2024-11-13T20:15:26.841+1100] {logging_mixin.py:190} INFO - [2024-11-13T20:15:26.841+1100] {dag.py:3239} INFO - Sync 1 DAGs
[2024-11-13T20:15:26.845+1100] {logging_mixin.py:190} INFO - [2024-11-13T20:15:26.845+1100] {dag.py:4180} INFO - Setting next_dagrun for example_dag_decorator to None, run_after=None
[2024-11-13T20:15:26.851+1100] {processor.py:208} INFO - Processing /Users/yoonmoon/git/learn-airflow/airflow1/py_env/lib/python3.11/site-packages/airflow/example_dags/example_dag_decorator.py took 0.175 seconds
[2024-11-13T20:17:43.546+1100] {processor.py:186} INFO - Started process (PID=69614) to work on /Users/yoonmoon/git/learn-airflow/airflow1/py_env/lib/python3.11/site-packages/airflow/example_dags/example_dag_decorator.py
[2024-11-13T20:17:43.548+1100] {processor.py:914} INFO - Processing file /Users/yoonmoon/git/learn-airflow/airflow1/py_env/lib/python3.11/site-packages/airflow/example_dags/example_dag_decorator.py for tasks to queue
[2024-11-13T20:17:43.548+1100] {logging_mixin.py:190} INFO - [2024-11-13T20:17:43.548+1100] {dagbag.py:588} INFO - Filling up the DagBag from /Users/yoonmoon/git/learn-airflow/airflow1/py_env/lib/python3.11/site-packages/airflow/example_dags/example_dag_decorator.py
[2024-11-13T20:17:43.645+1100] {processor.py:925} INFO - DAG(s) 'example_dag_decorator' retrieved from /Users/yoonmoon/git/learn-airflow/airflow1/py_env/lib/python3.11/site-packages/airflow/example_dags/example_dag_decorator.py
[2024-11-13T20:17:43.716+1100] {logging_mixin.py:190} INFO - [2024-11-13T20:17:43.716+1100] {dag.py:3239} INFO - Sync 1 DAGs
[2024-11-13T20:17:43.720+1100] {logging_mixin.py:190} INFO - [2024-11-13T20:17:43.719+1100] {dag.py:4180} INFO - Setting next_dagrun for example_dag_decorator to None, run_after=None
[2024-11-13T20:17:43.726+1100] {processor.py:208} INFO - Processing /Users/yoonmoon/git/learn-airflow/airflow1/py_env/lib/python3.11/site-packages/airflow/example_dags/example_dag_decorator.py took 0.182 seconds
[2024-11-13T20:20:04.625+1100] {processor.py:186} INFO - Started process (PID=69947) to work on /Users/yoonmoon/git/learn-airflow/airflow1/py_env/lib/python3.11/site-packages/airflow/example_dags/example_dag_decorator.py
[2024-11-13T20:20:04.626+1100] {processor.py:914} INFO - Processing file /Users/yoonmoon/git/learn-airflow/airflow1/py_env/lib/python3.11/site-packages/airflow/example_dags/example_dag_decorator.py for tasks to queue
[2024-11-13T20:20:04.627+1100] {logging_mixin.py:190} INFO - [2024-11-13T20:20:04.627+1100] {dagbag.py:588} INFO - Filling up the DagBag from /Users/yoonmoon/git/learn-airflow/airflow1/py_env/lib/python3.11/site-packages/airflow/example_dags/example_dag_decorator.py
[2024-11-13T20:20:04.739+1100] {processor.py:925} INFO - DAG(s) 'example_dag_decorator' retrieved from /Users/yoonmoon/git/learn-airflow/airflow1/py_env/lib/python3.11/site-packages/airflow/example_dags/example_dag_decorator.py
[2024-11-13T20:20:04.814+1100] {logging_mixin.py:190} INFO - [2024-11-13T20:20:04.813+1100] {dag.py:3239} INFO - Sync 1 DAGs
[2024-11-13T20:20:04.817+1100] {logging_mixin.py:190} INFO - [2024-11-13T20:20:04.817+1100] {dag.py:4180} INFO - Setting next_dagrun for example_dag_decorator to None, run_after=None
[2024-11-13T20:20:04.824+1100] {processor.py:208} INFO - Processing /Users/yoonmoon/git/learn-airflow/airflow1/py_env/lib/python3.11/site-packages/airflow/example_dags/example_dag_decorator.py took 0.202 seconds
[2024-11-13T20:22:21.770+1100] {processor.py:186} INFO - Started process (PID=70257) to work on /Users/yoonmoon/git/learn-airflow/airflow1/py_env/lib/python3.11/site-packages/airflow/example_dags/example_dag_decorator.py
[2024-11-13T20:22:21.771+1100] {processor.py:914} INFO - Processing file /Users/yoonmoon/git/learn-airflow/airflow1/py_env/lib/python3.11/site-packages/airflow/example_dags/example_dag_decorator.py for tasks to queue
[2024-11-13T20:22:21.772+1100] {logging_mixin.py:190} INFO - [2024-11-13T20:22:21.772+1100] {dagbag.py:588} INFO - Filling up the DagBag from /Users/yoonmoon/git/learn-airflow/airflow1/py_env/lib/python3.11/site-packages/airflow/example_dags/example_dag_decorator.py
[2024-11-13T20:22:21.864+1100] {processor.py:925} INFO - DAG(s) 'example_dag_decorator' retrieved from /Users/yoonmoon/git/learn-airflow/airflow1/py_env/lib/python3.11/site-packages/airflow/example_dags/example_dag_decorator.py
[2024-11-13T20:22:21.933+1100] {logging_mixin.py:190} INFO - [2024-11-13T20:22:21.933+1100] {dag.py:3239} INFO - Sync 1 DAGs
[2024-11-13T20:22:21.937+1100] {logging_mixin.py:190} INFO - [2024-11-13T20:22:21.937+1100] {dag.py:4180} INFO - Setting next_dagrun for example_dag_decorator to None, run_after=None
[2024-11-13T20:22:21.943+1100] {processor.py:208} INFO - Processing /Users/yoonmoon/git/learn-airflow/airflow1/py_env/lib/python3.11/site-packages/airflow/example_dags/example_dag_decorator.py took 0.175 seconds
[2024-11-13T20:24:33.924+1100] {processor.py:186} INFO - Started process (PID=70513) to work on /Users/yoonmoon/git/learn-airflow/airflow1/py_env/lib/python3.11/site-packages/airflow/example_dags/example_dag_decorator.py
[2024-11-13T20:24:33.924+1100] {processor.py:914} INFO - Processing file /Users/yoonmoon/git/learn-airflow/airflow1/py_env/lib/python3.11/site-packages/airflow/example_dags/example_dag_decorator.py for tasks to queue
[2024-11-13T20:24:33.925+1100] {logging_mixin.py:190} INFO - [2024-11-13T20:24:33.925+1100] {dagbag.py:588} INFO - Filling up the DagBag from /Users/yoonmoon/git/learn-airflow/airflow1/py_env/lib/python3.11/site-packages/airflow/example_dags/example_dag_decorator.py
[2024-11-13T20:24:34.017+1100] {processor.py:925} INFO - DAG(s) 'example_dag_decorator' retrieved from /Users/yoonmoon/git/learn-airflow/airflow1/py_env/lib/python3.11/site-packages/airflow/example_dags/example_dag_decorator.py
[2024-11-13T20:24:34.086+1100] {logging_mixin.py:190} INFO - [2024-11-13T20:24:34.086+1100] {dag.py:3239} INFO - Sync 1 DAGs
[2024-11-13T20:24:34.090+1100] {logging_mixin.py:190} INFO - [2024-11-13T20:24:34.090+1100] {dag.py:4180} INFO - Setting next_dagrun for example_dag_decorator to None, run_after=None
[2024-11-13T20:24:34.096+1100] {processor.py:208} INFO - Processing /Users/yoonmoon/git/learn-airflow/airflow1/py_env/lib/python3.11/site-packages/airflow/example_dags/example_dag_decorator.py took 0.174 seconds
[2024-11-13T20:26:50.194+1100] {processor.py:186} INFO - Started process (PID=70791) to work on /Users/yoonmoon/git/learn-airflow/airflow1/py_env/lib/python3.11/site-packages/airflow/example_dags/example_dag_decorator.py
[2024-11-13T20:26:50.196+1100] {processor.py:914} INFO - Processing file /Users/yoonmoon/git/learn-airflow/airflow1/py_env/lib/python3.11/site-packages/airflow/example_dags/example_dag_decorator.py for tasks to queue
[2024-11-13T20:26:50.196+1100] {logging_mixin.py:190} INFO - [2024-11-13T20:26:50.196+1100] {dagbag.py:588} INFO - Filling up the DagBag from /Users/yoonmoon/git/learn-airflow/airflow1/py_env/lib/python3.11/site-packages/airflow/example_dags/example_dag_decorator.py
[2024-11-13T20:26:50.289+1100] {processor.py:925} INFO - DAG(s) 'example_dag_decorator' retrieved from /Users/yoonmoon/git/learn-airflow/airflow1/py_env/lib/python3.11/site-packages/airflow/example_dags/example_dag_decorator.py
[2024-11-13T20:26:50.362+1100] {logging_mixin.py:190} INFO - [2024-11-13T20:26:50.362+1100] {dag.py:3239} INFO - Sync 1 DAGs
[2024-11-13T20:26:50.366+1100] {logging_mixin.py:190} INFO - [2024-11-13T20:26:50.366+1100] {dag.py:4180} INFO - Setting next_dagrun for example_dag_decorator to None, run_after=None
[2024-11-13T20:26:50.373+1100] {processor.py:208} INFO - Processing /Users/yoonmoon/git/learn-airflow/airflow1/py_env/lib/python3.11/site-packages/airflow/example_dags/example_dag_decorator.py took 0.180 seconds
[2024-11-13T20:29:05.817+1100] {processor.py:186} INFO - Started process (PID=71068) to work on /Users/yoonmoon/git/learn-airflow/airflow1/py_env/lib/python3.11/site-packages/airflow/example_dags/example_dag_decorator.py
[2024-11-13T20:29:05.817+1100] {processor.py:914} INFO - Processing file /Users/yoonmoon/git/learn-airflow/airflow1/py_env/lib/python3.11/site-packages/airflow/example_dags/example_dag_decorator.py for tasks to queue
[2024-11-13T20:29:05.818+1100] {logging_mixin.py:190} INFO - [2024-11-13T20:29:05.818+1100] {dagbag.py:588} INFO - Filling up the DagBag from /Users/yoonmoon/git/learn-airflow/airflow1/py_env/lib/python3.11/site-packages/airflow/example_dags/example_dag_decorator.py
[2024-11-13T20:29:05.911+1100] {processor.py:925} INFO - DAG(s) 'example_dag_decorator' retrieved from /Users/yoonmoon/git/learn-airflow/airflow1/py_env/lib/python3.11/site-packages/airflow/example_dags/example_dag_decorator.py
[2024-11-13T20:29:05.984+1100] {logging_mixin.py:190} INFO - [2024-11-13T20:29:05.984+1100] {dag.py:3239} INFO - Sync 1 DAGs
[2024-11-13T20:29:05.988+1100] {logging_mixin.py:190} INFO - [2024-11-13T20:29:05.988+1100] {dag.py:4180} INFO - Setting next_dagrun for example_dag_decorator to None, run_after=None
[2024-11-13T20:29:05.994+1100] {processor.py:208} INFO - Processing /Users/yoonmoon/git/learn-airflow/airflow1/py_env/lib/python3.11/site-packages/airflow/example_dags/example_dag_decorator.py took 0.180 seconds
[2024-11-13T20:31:23.405+1100] {processor.py:186} INFO - Started process (PID=71317) to work on /Users/yoonmoon/git/learn-airflow/airflow1/py_env/lib/python3.11/site-packages/airflow/example_dags/example_dag_decorator.py
[2024-11-13T20:31:23.406+1100] {processor.py:914} INFO - Processing file /Users/yoonmoon/git/learn-airflow/airflow1/py_env/lib/python3.11/site-packages/airflow/example_dags/example_dag_decorator.py for tasks to queue
[2024-11-13T20:31:23.406+1100] {logging_mixin.py:190} INFO - [2024-11-13T20:31:23.406+1100] {dagbag.py:588} INFO - Filling up the DagBag from /Users/yoonmoon/git/learn-airflow/airflow1/py_env/lib/python3.11/site-packages/airflow/example_dags/example_dag_decorator.py
[2024-11-13T20:31:23.496+1100] {processor.py:925} INFO - DAG(s) 'example_dag_decorator' retrieved from /Users/yoonmoon/git/learn-airflow/airflow1/py_env/lib/python3.11/site-packages/airflow/example_dags/example_dag_decorator.py
[2024-11-13T20:31:23.566+1100] {logging_mixin.py:190} INFO - [2024-11-13T20:31:23.566+1100] {dag.py:3239} INFO - Sync 1 DAGs
[2024-11-13T20:31:23.570+1100] {logging_mixin.py:190} INFO - [2024-11-13T20:31:23.570+1100] {dag.py:4180} INFO - Setting next_dagrun for example_dag_decorator to None, run_after=None
[2024-11-13T20:31:23.577+1100] {processor.py:208} INFO - Processing /Users/yoonmoon/git/learn-airflow/airflow1/py_env/lib/python3.11/site-packages/airflow/example_dags/example_dag_decorator.py took 0.174 seconds
[2024-11-13T20:33:46.406+1100] {processor.py:186} INFO - Started process (PID=71575) to work on /Users/yoonmoon/git/learn-airflow/airflow1/py_env/lib/python3.11/site-packages/airflow/example_dags/example_dag_decorator.py
[2024-11-13T20:33:46.408+1100] {processor.py:914} INFO - Processing file /Users/yoonmoon/git/learn-airflow/airflow1/py_env/lib/python3.11/site-packages/airflow/example_dags/example_dag_decorator.py for tasks to queue
[2024-11-13T20:33:46.409+1100] {logging_mixin.py:190} INFO - [2024-11-13T20:33:46.409+1100] {dagbag.py:588} INFO - Filling up the DagBag from /Users/yoonmoon/git/learn-airflow/airflow1/py_env/lib/python3.11/site-packages/airflow/example_dags/example_dag_decorator.py
[2024-11-13T20:33:46.500+1100] {processor.py:925} INFO - DAG(s) 'example_dag_decorator' retrieved from /Users/yoonmoon/git/learn-airflow/airflow1/py_env/lib/python3.11/site-packages/airflow/example_dags/example_dag_decorator.py
[2024-11-13T20:33:46.569+1100] {logging_mixin.py:190} INFO - [2024-11-13T20:33:46.569+1100] {dag.py:3239} INFO - Sync 1 DAGs
[2024-11-13T20:33:46.573+1100] {logging_mixin.py:190} INFO - [2024-11-13T20:33:46.573+1100] {dag.py:4180} INFO - Setting next_dagrun for example_dag_decorator to None, run_after=None
[2024-11-13T20:33:46.579+1100] {processor.py:208} INFO - Processing /Users/yoonmoon/git/learn-airflow/airflow1/py_env/lib/python3.11/site-packages/airflow/example_dags/example_dag_decorator.py took 0.175 seconds
[2024-11-13T20:36:05.703+1100] {processor.py:186} INFO - Started process (PID=71848) to work on /Users/yoonmoon/git/learn-airflow/airflow1/py_env/lib/python3.11/site-packages/airflow/example_dags/example_dag_decorator.py
[2024-11-13T20:36:05.704+1100] {processor.py:914} INFO - Processing file /Users/yoonmoon/git/learn-airflow/airflow1/py_env/lib/python3.11/site-packages/airflow/example_dags/example_dag_decorator.py for tasks to queue
[2024-11-13T20:36:05.704+1100] {logging_mixin.py:190} INFO - [2024-11-13T20:36:05.704+1100] {dagbag.py:588} INFO - Filling up the DagBag from /Users/yoonmoon/git/learn-airflow/airflow1/py_env/lib/python3.11/site-packages/airflow/example_dags/example_dag_decorator.py
[2024-11-13T20:36:05.796+1100] {processor.py:925} INFO - DAG(s) 'example_dag_decorator' retrieved from /Users/yoonmoon/git/learn-airflow/airflow1/py_env/lib/python3.11/site-packages/airflow/example_dags/example_dag_decorator.py
[2024-11-13T20:36:05.867+1100] {logging_mixin.py:190} INFO - [2024-11-13T20:36:05.867+1100] {dag.py:3239} INFO - Sync 1 DAGs
[2024-11-13T20:36:05.871+1100] {logging_mixin.py:190} INFO - [2024-11-13T20:36:05.871+1100] {dag.py:4180} INFO - Setting next_dagrun for example_dag_decorator to None, run_after=None
[2024-11-13T20:36:05.877+1100] {processor.py:208} INFO - Processing /Users/yoonmoon/git/learn-airflow/airflow1/py_env/lib/python3.11/site-packages/airflow/example_dags/example_dag_decorator.py took 0.176 seconds
[2024-11-13T20:38:23.682+1100] {processor.py:186} INFO - Started process (PID=72146) to work on /Users/yoonmoon/git/learn-airflow/airflow1/py_env/lib/python3.11/site-packages/airflow/example_dags/example_dag_decorator.py
[2024-11-13T20:38:23.684+1100] {processor.py:914} INFO - Processing file /Users/yoonmoon/git/learn-airflow/airflow1/py_env/lib/python3.11/site-packages/airflow/example_dags/example_dag_decorator.py for tasks to queue
[2024-11-13T20:38:23.684+1100] {logging_mixin.py:190} INFO - [2024-11-13T20:38:23.684+1100] {dagbag.py:588} INFO - Filling up the DagBag from /Users/yoonmoon/git/learn-airflow/airflow1/py_env/lib/python3.11/site-packages/airflow/example_dags/example_dag_decorator.py
[2024-11-13T20:38:23.775+1100] {processor.py:925} INFO - DAG(s) 'example_dag_decorator' retrieved from /Users/yoonmoon/git/learn-airflow/airflow1/py_env/lib/python3.11/site-packages/airflow/example_dags/example_dag_decorator.py
[2024-11-13T20:38:23.845+1100] {logging_mixin.py:190} INFO - [2024-11-13T20:38:23.845+1100] {dag.py:3239} INFO - Sync 1 DAGs
[2024-11-13T20:38:23.848+1100] {logging_mixin.py:190} INFO - [2024-11-13T20:38:23.848+1100] {dag.py:4180} INFO - Setting next_dagrun for example_dag_decorator to None, run_after=None
[2024-11-13T20:38:23.855+1100] {processor.py:208} INFO - Processing /Users/yoonmoon/git/learn-airflow/airflow1/py_env/lib/python3.11/site-packages/airflow/example_dags/example_dag_decorator.py took 0.175 seconds
[2024-11-13T20:40:43.273+1100] {processor.py:186} INFO - Started process (PID=72404) to work on /Users/yoonmoon/git/learn-airflow/airflow1/py_env/lib/python3.11/site-packages/airflow/example_dags/example_dag_decorator.py
[2024-11-13T20:40:43.273+1100] {processor.py:914} INFO - Processing file /Users/yoonmoon/git/learn-airflow/airflow1/py_env/lib/python3.11/site-packages/airflow/example_dags/example_dag_decorator.py for tasks to queue
[2024-11-13T20:40:43.274+1100] {logging_mixin.py:190} INFO - [2024-11-13T20:40:43.274+1100] {dagbag.py:588} INFO - Filling up the DagBag from /Users/yoonmoon/git/learn-airflow/airflow1/py_env/lib/python3.11/site-packages/airflow/example_dags/example_dag_decorator.py
[2024-11-13T20:40:43.368+1100] {processor.py:925} INFO - DAG(s) 'example_dag_decorator' retrieved from /Users/yoonmoon/git/learn-airflow/airflow1/py_env/lib/python3.11/site-packages/airflow/example_dags/example_dag_decorator.py
[2024-11-13T20:40:43.440+1100] {logging_mixin.py:190} INFO - [2024-11-13T20:40:43.440+1100] {dag.py:3239} INFO - Sync 1 DAGs
[2024-11-13T20:40:43.443+1100] {logging_mixin.py:190} INFO - [2024-11-13T20:40:43.443+1100] {dag.py:4180} INFO - Setting next_dagrun for example_dag_decorator to None, run_after=None
[2024-11-13T20:40:43.450+1100] {processor.py:208} INFO - Processing /Users/yoonmoon/git/learn-airflow/airflow1/py_env/lib/python3.11/site-packages/airflow/example_dags/example_dag_decorator.py took 0.180 seconds
[2024-11-13T20:43:02.966+1100] {processor.py:186} INFO - Started process (PID=72662) to work on /Users/yoonmoon/git/learn-airflow/airflow1/py_env/lib/python3.11/site-packages/airflow/example_dags/example_dag_decorator.py
[2024-11-13T20:43:02.967+1100] {processor.py:914} INFO - Processing file /Users/yoonmoon/git/learn-airflow/airflow1/py_env/lib/python3.11/site-packages/airflow/example_dags/example_dag_decorator.py for tasks to queue
[2024-11-13T20:43:02.967+1100] {logging_mixin.py:190} INFO - [2024-11-13T20:43:02.967+1100] {dagbag.py:588} INFO - Filling up the DagBag from /Users/yoonmoon/git/learn-airflow/airflow1/py_env/lib/python3.11/site-packages/airflow/example_dags/example_dag_decorator.py
[2024-11-13T20:43:03.064+1100] {processor.py:925} INFO - DAG(s) 'example_dag_decorator' retrieved from /Users/yoonmoon/git/learn-airflow/airflow1/py_env/lib/python3.11/site-packages/airflow/example_dags/example_dag_decorator.py
[2024-11-13T20:43:03.136+1100] {logging_mixin.py:190} INFO - [2024-11-13T20:43:03.135+1100] {dag.py:3239} INFO - Sync 1 DAGs
[2024-11-13T20:43:03.139+1100] {logging_mixin.py:190} INFO - [2024-11-13T20:43:03.139+1100] {dag.py:4180} INFO - Setting next_dagrun for example_dag_decorator to None, run_after=None
[2024-11-13T20:43:03.146+1100] {processor.py:208} INFO - Processing /Users/yoonmoon/git/learn-airflow/airflow1/py_env/lib/python3.11/site-packages/airflow/example_dags/example_dag_decorator.py took 0.183 seconds
[2024-11-13T20:45:22.847+1100] {processor.py:186} INFO - Started process (PID=72935) to work on /Users/yoonmoon/git/learn-airflow/airflow1/py_env/lib/python3.11/site-packages/airflow/example_dags/example_dag_decorator.py
[2024-11-13T20:45:22.848+1100] {processor.py:914} INFO - Processing file /Users/yoonmoon/git/learn-airflow/airflow1/py_env/lib/python3.11/site-packages/airflow/example_dags/example_dag_decorator.py for tasks to queue
[2024-11-13T20:45:22.848+1100] {logging_mixin.py:190} INFO - [2024-11-13T20:45:22.848+1100] {dagbag.py:588} INFO - Filling up the DagBag from /Users/yoonmoon/git/learn-airflow/airflow1/py_env/lib/python3.11/site-packages/airflow/example_dags/example_dag_decorator.py
[2024-11-13T20:45:22.945+1100] {processor.py:925} INFO - DAG(s) 'example_dag_decorator' retrieved from /Users/yoonmoon/git/learn-airflow/airflow1/py_env/lib/python3.11/site-packages/airflow/example_dags/example_dag_decorator.py
[2024-11-13T20:45:23.016+1100] {logging_mixin.py:190} INFO - [2024-11-13T20:45:23.016+1100] {dag.py:3239} INFO - Sync 1 DAGs
[2024-11-13T20:45:23.020+1100] {logging_mixin.py:190} INFO - [2024-11-13T20:45:23.020+1100] {dag.py:4180} INFO - Setting next_dagrun for example_dag_decorator to None, run_after=None
[2024-11-13T20:45:23.028+1100] {processor.py:208} INFO - Processing /Users/yoonmoon/git/learn-airflow/airflow1/py_env/lib/python3.11/site-packages/airflow/example_dags/example_dag_decorator.py took 0.184 seconds
[2024-11-13T20:47:44.139+1100] {processor.py:186} INFO - Started process (PID=73207) to work on /Users/yoonmoon/git/learn-airflow/airflow1/py_env/lib/python3.11/site-packages/airflow/example_dags/example_dag_decorator.py
[2024-11-13T20:47:44.140+1100] {processor.py:914} INFO - Processing file /Users/yoonmoon/git/learn-airflow/airflow1/py_env/lib/python3.11/site-packages/airflow/example_dags/example_dag_decorator.py for tasks to queue
[2024-11-13T20:47:44.140+1100] {logging_mixin.py:190} INFO - [2024-11-13T20:47:44.140+1100] {dagbag.py:588} INFO - Filling up the DagBag from /Users/yoonmoon/git/learn-airflow/airflow1/py_env/lib/python3.11/site-packages/airflow/example_dags/example_dag_decorator.py
[2024-11-13T20:47:44.236+1100] {processor.py:925} INFO - DAG(s) 'example_dag_decorator' retrieved from /Users/yoonmoon/git/learn-airflow/airflow1/py_env/lib/python3.11/site-packages/airflow/example_dags/example_dag_decorator.py
[2024-11-13T20:47:44.337+1100] {logging_mixin.py:190} INFO - [2024-11-13T20:47:44.336+1100] {dag.py:3239} INFO - Sync 1 DAGs
[2024-11-13T20:47:44.341+1100] {logging_mixin.py:190} INFO - [2024-11-13T20:47:44.341+1100] {dag.py:4180} INFO - Setting next_dagrun for example_dag_decorator to None, run_after=None
[2024-11-13T20:47:44.349+1100] {processor.py:208} INFO - Processing /Users/yoonmoon/git/learn-airflow/airflow1/py_env/lib/python3.11/site-packages/airflow/example_dags/example_dag_decorator.py took 0.213 seconds
[2024-11-13T20:50:11.433+1100] {processor.py:186} INFO - Started process (PID=73481) to work on /Users/yoonmoon/git/learn-airflow/airflow1/py_env/lib/python3.11/site-packages/airflow/example_dags/example_dag_decorator.py
[2024-11-13T20:50:11.435+1100] {processor.py:914} INFO - Processing file /Users/yoonmoon/git/learn-airflow/airflow1/py_env/lib/python3.11/site-packages/airflow/example_dags/example_dag_decorator.py for tasks to queue
[2024-11-13T20:50:11.436+1100] {logging_mixin.py:190} INFO - [2024-11-13T20:50:11.435+1100] {dagbag.py:588} INFO - Filling up the DagBag from /Users/yoonmoon/git/learn-airflow/airflow1/py_env/lib/python3.11/site-packages/airflow/example_dags/example_dag_decorator.py
[2024-11-13T20:50:11.535+1100] {processor.py:925} INFO - DAG(s) 'example_dag_decorator' retrieved from /Users/yoonmoon/git/learn-airflow/airflow1/py_env/lib/python3.11/site-packages/airflow/example_dags/example_dag_decorator.py
[2024-11-13T20:50:11.613+1100] {logging_mixin.py:190} INFO - [2024-11-13T20:50:11.613+1100] {dag.py:3239} INFO - Sync 1 DAGs
[2024-11-13T20:50:11.618+1100] {logging_mixin.py:190} INFO - [2024-11-13T20:50:11.617+1100] {dag.py:4180} INFO - Setting next_dagrun for example_dag_decorator to None, run_after=None
[2024-11-13T20:50:11.624+1100] {processor.py:208} INFO - Processing /Users/yoonmoon/git/learn-airflow/airflow1/py_env/lib/python3.11/site-packages/airflow/example_dags/example_dag_decorator.py took 0.193 seconds
