[2024-11-13T19:30:11.340+1100] {processor.py:186} INFO - Started process (PID=63815) to work on /Users/yoonmoon/git/learn-airflow/airflow1/py_env/lib/python3.11/site-packages/airflow/example_dags/example_branch_operator.py
[2024-11-13T19:30:11.340+1100] {processor.py:914} INFO - Processing file /Users/yoonmoon/git/learn-airflow/airflow1/py_env/lib/python3.11/site-packages/airflow/example_dags/example_branch_operator.py for tasks to queue
[2024-11-13T19:30:11.341+1100] {logging_mixin.py:190} INFO - [2024-11-13T19:30:11.341+1100] {dagbag.py:588} INFO - Filling up the DagBag from /Users/yoonmoon/git/learn-airflow/airflow1/py_env/lib/python3.11/site-packages/airflow/example_dags/example_branch_operator.py
[2024-11-13T19:30:11.349+1100] {processor.py:927} WARNING - No viable dags retrieved from /Users/yoonmoon/git/learn-airflow/airflow1/py_env/lib/python3.11/site-packages/airflow/example_dags/example_branch_operator.py
[2024-11-13T19:30:11.414+1100] {processor.py:208} INFO - Processing /Users/yoonmoon/git/learn-airflow/airflow1/py_env/lib/python3.11/site-packages/airflow/example_dags/example_branch_operator.py took 0.077 seconds
[2024-11-13T19:32:33.211+1100] {processor.py:186} INFO - Started process (PID=64195) to work on /Users/yoonmoon/git/learn-airflow/airflow1/py_env/lib/python3.11/site-packages/airflow/example_dags/example_branch_operator.py
[2024-11-13T19:32:33.212+1100] {processor.py:914} INFO - Processing file /Users/yoonmoon/git/learn-airflow/airflow1/py_env/lib/python3.11/site-packages/airflow/example_dags/example_branch_operator.py for tasks to queue
[2024-11-13T19:32:33.213+1100] {logging_mixin.py:190} INFO - [2024-11-13T19:32:33.213+1100] {dagbag.py:588} INFO - Filling up the DagBag from /Users/yoonmoon/git/learn-airflow/airflow1/py_env/lib/python3.11/site-packages/airflow/example_dags/example_branch_operator.py
[2024-11-13T19:32:33.221+1100] {processor.py:927} WARNING - No viable dags retrieved from /Users/yoonmoon/git/learn-airflow/airflow1/py_env/lib/python3.11/site-packages/airflow/example_dags/example_branch_operator.py
[2024-11-13T19:32:33.280+1100] {processor.py:208} INFO - Processing /Users/yoonmoon/git/learn-airflow/airflow1/py_env/lib/python3.11/site-packages/airflow/example_dags/example_branch_operator.py took 0.071 seconds
[2024-11-13T19:34:55.473+1100] {processor.py:186} INFO - Started process (PID=64682) to work on /Users/yoonmoon/git/learn-airflow/airflow1/py_env/lib/python3.11/site-packages/airflow/example_dags/example_branch_operator.py
[2024-11-13T19:34:55.473+1100] {processor.py:914} INFO - Processing file /Users/yoonmoon/git/learn-airflow/airflow1/py_env/lib/python3.11/site-packages/airflow/example_dags/example_branch_operator.py for tasks to queue
[2024-11-13T19:34:55.474+1100] {logging_mixin.py:190} INFO - [2024-11-13T19:34:55.474+1100] {dagbag.py:588} INFO - Filling up the DagBag from /Users/yoonmoon/git/learn-airflow/airflow1/py_env/lib/python3.11/site-packages/airflow/example_dags/example_branch_operator.py
[2024-11-13T19:34:55.482+1100] {processor.py:927} WARNING - No viable dags retrieved from /Users/yoonmoon/git/learn-airflow/airflow1/py_env/lib/python3.11/site-packages/airflow/example_dags/example_branch_operator.py
[2024-11-13T19:34:55.542+1100] {processor.py:208} INFO - Processing /Users/yoonmoon/git/learn-airflow/airflow1/py_env/lib/python3.11/site-packages/airflow/example_dags/example_branch_operator.py took 0.071 seconds
[2024-11-13T19:37:41.012+1100] {processor.py:186} INFO - Started process (PID=65029) to work on /Users/yoonmoon/git/learn-airflow/airflow1/py_env/lib/python3.11/site-packages/airflow/example_dags/example_branch_operator.py
[2024-11-13T19:37:41.014+1100] {processor.py:914} INFO - Processing file /Users/yoonmoon/git/learn-airflow/airflow1/py_env/lib/python3.11/site-packages/airflow/example_dags/example_branch_operator.py for tasks to queue
[2024-11-13T19:37:41.014+1100] {logging_mixin.py:190} INFO - [2024-11-13T19:37:41.014+1100] {dagbag.py:588} INFO - Filling up the DagBag from /Users/yoonmoon/git/learn-airflow/airflow1/py_env/lib/python3.11/site-packages/airflow/example_dags/example_branch_operator.py
[2024-11-13T19:37:41.024+1100] {processor.py:927} WARNING - No viable dags retrieved from /Users/yoonmoon/git/learn-airflow/airflow1/py_env/lib/python3.11/site-packages/airflow/example_dags/example_branch_operator.py
[2024-11-13T19:37:41.086+1100] {processor.py:208} INFO - Processing /Users/yoonmoon/git/learn-airflow/airflow1/py_env/lib/python3.11/site-packages/airflow/example_dags/example_branch_operator.py took 0.076 seconds
[2024-11-13T19:39:56.340+1100] {processor.py:186} INFO - Started process (PID=65302) to work on /Users/yoonmoon/git/learn-airflow/airflow1/py_env/lib/python3.11/site-packages/airflow/example_dags/example_branch_operator.py
[2024-11-13T19:39:56.342+1100] {processor.py:914} INFO - Processing file /Users/yoonmoon/git/learn-airflow/airflow1/py_env/lib/python3.11/site-packages/airflow/example_dags/example_branch_operator.py for tasks to queue
[2024-11-13T19:39:56.342+1100] {logging_mixin.py:190} INFO - [2024-11-13T19:39:56.342+1100] {dagbag.py:588} INFO - Filling up the DagBag from /Users/yoonmoon/git/learn-airflow/airflow1/py_env/lib/python3.11/site-packages/airflow/example_dags/example_branch_operator.py
[2024-11-13T19:39:56.350+1100] {processor.py:927} WARNING - No viable dags retrieved from /Users/yoonmoon/git/learn-airflow/airflow1/py_env/lib/python3.11/site-packages/airflow/example_dags/example_branch_operator.py
[2024-11-13T19:39:56.405+1100] {processor.py:208} INFO - Processing /Users/yoonmoon/git/learn-airflow/airflow1/py_env/lib/python3.11/site-packages/airflow/example_dags/example_branch_operator.py took 0.067 seconds
[2024-11-13T19:42:16.527+1100] {processor.py:186} INFO - Started process (PID=65606) to work on /Users/yoonmoon/git/learn-airflow/airflow1/py_env/lib/python3.11/site-packages/airflow/example_dags/example_branch_operator.py
[2024-11-13T19:42:16.528+1100] {processor.py:914} INFO - Processing file /Users/yoonmoon/git/learn-airflow/airflow1/py_env/lib/python3.11/site-packages/airflow/example_dags/example_branch_operator.py for tasks to queue
[2024-11-13T19:42:16.529+1100] {logging_mixin.py:190} INFO - [2024-11-13T19:42:16.528+1100] {dagbag.py:588} INFO - Filling up the DagBag from /Users/yoonmoon/git/learn-airflow/airflow1/py_env/lib/python3.11/site-packages/airflow/example_dags/example_branch_operator.py
[2024-11-13T19:42:16.536+1100] {processor.py:927} WARNING - No viable dags retrieved from /Users/yoonmoon/git/learn-airflow/airflow1/py_env/lib/python3.11/site-packages/airflow/example_dags/example_branch_operator.py
[2024-11-13T19:42:16.590+1100] {processor.py:208} INFO - Processing /Users/yoonmoon/git/learn-airflow/airflow1/py_env/lib/python3.11/site-packages/airflow/example_dags/example_branch_operator.py took 0.066 seconds
[2024-11-13T19:44:35.465+1100] {processor.py:186} INFO - Started process (PID=65876) to work on /Users/yoonmoon/git/learn-airflow/airflow1/py_env/lib/python3.11/site-packages/airflow/example_dags/example_branch_operator.py
[2024-11-13T19:44:35.466+1100] {processor.py:914} INFO - Processing file /Users/yoonmoon/git/learn-airflow/airflow1/py_env/lib/python3.11/site-packages/airflow/example_dags/example_branch_operator.py for tasks to queue
[2024-11-13T19:44:35.467+1100] {logging_mixin.py:190} INFO - [2024-11-13T19:44:35.467+1100] {dagbag.py:588} INFO - Filling up the DagBag from /Users/yoonmoon/git/learn-airflow/airflow1/py_env/lib/python3.11/site-packages/airflow/example_dags/example_branch_operator.py
[2024-11-13T19:44:35.475+1100] {processor.py:927} WARNING - No viable dags retrieved from /Users/yoonmoon/git/learn-airflow/airflow1/py_env/lib/python3.11/site-packages/airflow/example_dags/example_branch_operator.py
[2024-11-13T19:44:35.535+1100] {processor.py:208} INFO - Processing /Users/yoonmoon/git/learn-airflow/airflow1/py_env/lib/python3.11/site-packages/airflow/example_dags/example_branch_operator.py took 0.072 seconds
[2024-11-13T19:46:45.106+1100] {processor.py:186} INFO - Started process (PID=66126) to work on /Users/yoonmoon/git/learn-airflow/airflow1/py_env/lib/python3.11/site-packages/airflow/example_dags/example_branch_operator.py
[2024-11-13T19:46:45.107+1100] {processor.py:914} INFO - Processing file /Users/yoonmoon/git/learn-airflow/airflow1/py_env/lib/python3.11/site-packages/airflow/example_dags/example_branch_operator.py for tasks to queue
[2024-11-13T19:46:45.107+1100] {logging_mixin.py:190} INFO - [2024-11-13T19:46:45.107+1100] {dagbag.py:588} INFO - Filling up the DagBag from /Users/yoonmoon/git/learn-airflow/airflow1/py_env/lib/python3.11/site-packages/airflow/example_dags/example_branch_operator.py
[2024-11-13T19:46:45.115+1100] {processor.py:927} WARNING - No viable dags retrieved from /Users/yoonmoon/git/learn-airflow/airflow1/py_env/lib/python3.11/site-packages/airflow/example_dags/example_branch_operator.py
[2024-11-13T19:46:45.169+1100] {processor.py:208} INFO - Processing /Users/yoonmoon/git/learn-airflow/airflow1/py_env/lib/python3.11/site-packages/airflow/example_dags/example_branch_operator.py took 0.065 seconds
[2024-11-13T19:48:57.642+1100] {processor.py:186} INFO - Started process (PID=66368) to work on /Users/yoonmoon/git/learn-airflow/airflow1/py_env/lib/python3.11/site-packages/airflow/example_dags/example_branch_operator.py
[2024-11-13T19:48:57.643+1100] {processor.py:914} INFO - Processing file /Users/yoonmoon/git/learn-airflow/airflow1/py_env/lib/python3.11/site-packages/airflow/example_dags/example_branch_operator.py for tasks to queue
[2024-11-13T19:48:57.644+1100] {logging_mixin.py:190} INFO - [2024-11-13T19:48:57.643+1100] {dagbag.py:588} INFO - Filling up the DagBag from /Users/yoonmoon/git/learn-airflow/airflow1/py_env/lib/python3.11/site-packages/airflow/example_dags/example_branch_operator.py
[2024-11-13T19:48:57.651+1100] {processor.py:927} WARNING - No viable dags retrieved from /Users/yoonmoon/git/learn-airflow/airflow1/py_env/lib/python3.11/site-packages/airflow/example_dags/example_branch_operator.py
[2024-11-13T19:48:57.705+1100] {processor.py:208} INFO - Processing /Users/yoonmoon/git/learn-airflow/airflow1/py_env/lib/python3.11/site-packages/airflow/example_dags/example_branch_operator.py took 0.065 seconds
[2024-11-13T19:51:08.684+1100] {processor.py:186} INFO - Started process (PID=66606) to work on /Users/yoonmoon/git/learn-airflow/airflow1/py_env/lib/python3.11/site-packages/airflow/example_dags/example_branch_operator.py
[2024-11-13T19:51:08.686+1100] {processor.py:914} INFO - Processing file /Users/yoonmoon/git/learn-airflow/airflow1/py_env/lib/python3.11/site-packages/airflow/example_dags/example_branch_operator.py for tasks to queue
[2024-11-13T19:51:08.686+1100] {logging_mixin.py:190} INFO - [2024-11-13T19:51:08.686+1100] {dagbag.py:588} INFO - Filling up the DagBag from /Users/yoonmoon/git/learn-airflow/airflow1/py_env/lib/python3.11/site-packages/airflow/example_dags/example_branch_operator.py
[2024-11-13T19:51:08.694+1100] {processor.py:927} WARNING - No viable dags retrieved from /Users/yoonmoon/git/learn-airflow/airflow1/py_env/lib/python3.11/site-packages/airflow/example_dags/example_branch_operator.py
[2024-11-13T19:51:08.749+1100] {processor.py:208} INFO - Processing /Users/yoonmoon/git/learn-airflow/airflow1/py_env/lib/python3.11/site-packages/airflow/example_dags/example_branch_operator.py took 0.067 seconds
[2024-11-13T19:53:27.565+1100] {processor.py:186} INFO - Started process (PID=66863) to work on /Users/yoonmoon/git/learn-airflow/airflow1/py_env/lib/python3.11/site-packages/airflow/example_dags/example_branch_operator.py
[2024-11-13T19:53:27.567+1100] {processor.py:914} INFO - Processing file /Users/yoonmoon/git/learn-airflow/airflow1/py_env/lib/python3.11/site-packages/airflow/example_dags/example_branch_operator.py for tasks to queue
[2024-11-13T19:53:27.567+1100] {logging_mixin.py:190} INFO - [2024-11-13T19:53:27.567+1100] {dagbag.py:588} INFO - Filling up the DagBag from /Users/yoonmoon/git/learn-airflow/airflow1/py_env/lib/python3.11/site-packages/airflow/example_dags/example_branch_operator.py
[2024-11-13T19:53:27.575+1100] {processor.py:927} WARNING - No viable dags retrieved from /Users/yoonmoon/git/learn-airflow/airflow1/py_env/lib/python3.11/site-packages/airflow/example_dags/example_branch_operator.py
[2024-11-13T19:53:27.630+1100] {processor.py:208} INFO - Processing /Users/yoonmoon/git/learn-airflow/airflow1/py_env/lib/python3.11/site-packages/airflow/example_dags/example_branch_operator.py took 0.067 seconds
[2024-11-13T19:55:50.058+1100] {processor.py:186} INFO - Started process (PID=67147) to work on /Users/yoonmoon/git/learn-airflow/airflow1/py_env/lib/python3.11/site-packages/airflow/example_dags/example_branch_operator.py
[2024-11-13T19:55:50.059+1100] {processor.py:914} INFO - Processing file /Users/yoonmoon/git/learn-airflow/airflow1/py_env/lib/python3.11/site-packages/airflow/example_dags/example_branch_operator.py for tasks to queue
[2024-11-13T19:55:50.060+1100] {logging_mixin.py:190} INFO - [2024-11-13T19:55:50.059+1100] {dagbag.py:588} INFO - Filling up the DagBag from /Users/yoonmoon/git/learn-airflow/airflow1/py_env/lib/python3.11/site-packages/airflow/example_dags/example_branch_operator.py
[2024-11-13T19:55:50.067+1100] {processor.py:927} WARNING - No viable dags retrieved from /Users/yoonmoon/git/learn-airflow/airflow1/py_env/lib/python3.11/site-packages/airflow/example_dags/example_branch_operator.py
[2024-11-13T19:55:50.122+1100] {processor.py:208} INFO - Processing /Users/yoonmoon/git/learn-airflow/airflow1/py_env/lib/python3.11/site-packages/airflow/example_dags/example_branch_operator.py took 0.066 seconds
[2024-11-13T19:58:05.479+1100] {processor.py:186} INFO - Started process (PID=67397) to work on /Users/yoonmoon/git/learn-airflow/airflow1/py_env/lib/python3.11/site-packages/airflow/example_dags/example_branch_operator.py
[2024-11-13T19:58:05.480+1100] {processor.py:914} INFO - Processing file /Users/yoonmoon/git/learn-airflow/airflow1/py_env/lib/python3.11/site-packages/airflow/example_dags/example_branch_operator.py for tasks to queue
[2024-11-13T19:58:05.480+1100] {logging_mixin.py:190} INFO - [2024-11-13T19:58:05.480+1100] {dagbag.py:588} INFO - Filling up the DagBag from /Users/yoonmoon/git/learn-airflow/airflow1/py_env/lib/python3.11/site-packages/airflow/example_dags/example_branch_operator.py
[2024-11-13T19:58:05.488+1100] {processor.py:927} WARNING - No viable dags retrieved from /Users/yoonmoon/git/learn-airflow/airflow1/py_env/lib/python3.11/site-packages/airflow/example_dags/example_branch_operator.py
[2024-11-13T19:58:05.543+1100] {processor.py:208} INFO - Processing /Users/yoonmoon/git/learn-airflow/airflow1/py_env/lib/python3.11/site-packages/airflow/example_dags/example_branch_operator.py took 0.066 seconds
[2024-11-13T20:00:22.179+1100] {processor.py:186} INFO - Started process (PID=67643) to work on /Users/yoonmoon/git/learn-airflow/airflow1/py_env/lib/python3.11/site-packages/airflow/example_dags/example_branch_operator.py
[2024-11-13T20:00:22.180+1100] {processor.py:914} INFO - Processing file /Users/yoonmoon/git/learn-airflow/airflow1/py_env/lib/python3.11/site-packages/airflow/example_dags/example_branch_operator.py for tasks to queue
[2024-11-13T20:00:22.181+1100] {logging_mixin.py:190} INFO - [2024-11-13T20:00:22.181+1100] {dagbag.py:588} INFO - Filling up the DagBag from /Users/yoonmoon/git/learn-airflow/airflow1/py_env/lib/python3.11/site-packages/airflow/example_dags/example_branch_operator.py
[2024-11-13T20:00:22.189+1100] {processor.py:927} WARNING - No viable dags retrieved from /Users/yoonmoon/git/learn-airflow/airflow1/py_env/lib/python3.11/site-packages/airflow/example_dags/example_branch_operator.py
[2024-11-13T20:00:22.245+1100] {processor.py:208} INFO - Processing /Users/yoonmoon/git/learn-airflow/airflow1/py_env/lib/python3.11/site-packages/airflow/example_dags/example_branch_operator.py took 0.068 seconds
[2024-11-13T20:02:37.170+1100] {processor.py:186} INFO - Started process (PID=67890) to work on /Users/yoonmoon/git/learn-airflow/airflow1/py_env/lib/python3.11/site-packages/airflow/example_dags/example_branch_operator.py
[2024-11-13T20:02:37.170+1100] {processor.py:914} INFO - Processing file /Users/yoonmoon/git/learn-airflow/airflow1/py_env/lib/python3.11/site-packages/airflow/example_dags/example_branch_operator.py for tasks to queue
[2024-11-13T20:02:37.171+1100] {logging_mixin.py:190} INFO - [2024-11-13T20:02:37.171+1100] {dagbag.py:588} INFO - Filling up the DagBag from /Users/yoonmoon/git/learn-airflow/airflow1/py_env/lib/python3.11/site-packages/airflow/example_dags/example_branch_operator.py
[2024-11-13T20:02:37.178+1100] {processor.py:927} WARNING - No viable dags retrieved from /Users/yoonmoon/git/learn-airflow/airflow1/py_env/lib/python3.11/site-packages/airflow/example_dags/example_branch_operator.py
[2024-11-13T20:02:37.235+1100] {processor.py:208} INFO - Processing /Users/yoonmoon/git/learn-airflow/airflow1/py_env/lib/python3.11/site-packages/airflow/example_dags/example_branch_operator.py took 0.067 seconds
[2024-11-13T20:04:51.667+1100] {processor.py:186} INFO - Started process (PID=68131) to work on /Users/yoonmoon/git/learn-airflow/airflow1/py_env/lib/python3.11/site-packages/airflow/example_dags/example_branch_operator.py
[2024-11-13T20:04:51.669+1100] {processor.py:914} INFO - Processing file /Users/yoonmoon/git/learn-airflow/airflow1/py_env/lib/python3.11/site-packages/airflow/example_dags/example_branch_operator.py for tasks to queue
[2024-11-13T20:04:51.669+1100] {logging_mixin.py:190} INFO - [2024-11-13T20:04:51.669+1100] {dagbag.py:588} INFO - Filling up the DagBag from /Users/yoonmoon/git/learn-airflow/airflow1/py_env/lib/python3.11/site-packages/airflow/example_dags/example_branch_operator.py
[2024-11-13T20:04:51.677+1100] {processor.py:927} WARNING - No viable dags retrieved from /Users/yoonmoon/git/learn-airflow/airflow1/py_env/lib/python3.11/site-packages/airflow/example_dags/example_branch_operator.py
[2024-11-13T20:04:51.734+1100] {processor.py:208} INFO - Processing /Users/yoonmoon/git/learn-airflow/airflow1/py_env/lib/python3.11/site-packages/airflow/example_dags/example_branch_operator.py took 0.069 seconds
[2024-11-13T20:07:12.860+1100] {processor.py:186} INFO - Started process (PID=68428) to work on /Users/yoonmoon/git/learn-airflow/airflow1/py_env/lib/python3.11/site-packages/airflow/example_dags/example_branch_operator.py
[2024-11-13T20:07:12.861+1100] {processor.py:914} INFO - Processing file /Users/yoonmoon/git/learn-airflow/airflow1/py_env/lib/python3.11/site-packages/airflow/example_dags/example_branch_operator.py for tasks to queue
[2024-11-13T20:07:12.862+1100] {logging_mixin.py:190} INFO - [2024-11-13T20:07:12.862+1100] {dagbag.py:588} INFO - Filling up the DagBag from /Users/yoonmoon/git/learn-airflow/airflow1/py_env/lib/python3.11/site-packages/airflow/example_dags/example_branch_operator.py
[2024-11-13T20:07:12.870+1100] {processor.py:927} WARNING - No viable dags retrieved from /Users/yoonmoon/git/learn-airflow/airflow1/py_env/lib/python3.11/site-packages/airflow/example_dags/example_branch_operator.py
[2024-11-13T20:07:12.926+1100] {processor.py:208} INFO - Processing /Users/yoonmoon/git/learn-airflow/airflow1/py_env/lib/python3.11/site-packages/airflow/example_dags/example_branch_operator.py took 0.069 seconds
[2024-11-13T20:09:35.011+1100] {processor.py:186} INFO - Started process (PID=68695) to work on /Users/yoonmoon/git/learn-airflow/airflow1/py_env/lib/python3.11/site-packages/airflow/example_dags/example_branch_operator.py
[2024-11-13T20:09:35.013+1100] {processor.py:914} INFO - Processing file /Users/yoonmoon/git/learn-airflow/airflow1/py_env/lib/python3.11/site-packages/airflow/example_dags/example_branch_operator.py for tasks to queue
[2024-11-13T20:09:35.014+1100] {logging_mixin.py:190} INFO - [2024-11-13T20:09:35.013+1100] {dagbag.py:588} INFO - Filling up the DagBag from /Users/yoonmoon/git/learn-airflow/airflow1/py_env/lib/python3.11/site-packages/airflow/example_dags/example_branch_operator.py
[2024-11-13T20:09:35.021+1100] {processor.py:927} WARNING - No viable dags retrieved from /Users/yoonmoon/git/learn-airflow/airflow1/py_env/lib/python3.11/site-packages/airflow/example_dags/example_branch_operator.py
[2024-11-13T20:09:35.079+1100] {processor.py:208} INFO - Processing /Users/yoonmoon/git/learn-airflow/airflow1/py_env/lib/python3.11/site-packages/airflow/example_dags/example_branch_operator.py took 0.070 seconds
[2024-11-13T20:11:50.486+1100] {processor.py:186} INFO - Started process (PID=68971) to work on /Users/yoonmoon/git/learn-airflow/airflow1/py_env/lib/python3.11/site-packages/airflow/example_dags/example_branch_operator.py
[2024-11-13T20:11:50.487+1100] {processor.py:914} INFO - Processing file /Users/yoonmoon/git/learn-airflow/airflow1/py_env/lib/python3.11/site-packages/airflow/example_dags/example_branch_operator.py for tasks to queue
[2024-11-13T20:11:50.488+1100] {logging_mixin.py:190} INFO - [2024-11-13T20:11:50.488+1100] {dagbag.py:588} INFO - Filling up the DagBag from /Users/yoonmoon/git/learn-airflow/airflow1/py_env/lib/python3.11/site-packages/airflow/example_dags/example_branch_operator.py
[2024-11-13T20:11:50.496+1100] {processor.py:927} WARNING - No viable dags retrieved from /Users/yoonmoon/git/learn-airflow/airflow1/py_env/lib/python3.11/site-packages/airflow/example_dags/example_branch_operator.py
[2024-11-13T20:11:50.563+1100] {processor.py:208} INFO - Processing /Users/yoonmoon/git/learn-airflow/airflow1/py_env/lib/python3.11/site-packages/airflow/example_dags/example_branch_operator.py took 0.078 seconds
[2024-11-13T20:14:07.970+1100] {processor.py:186} INFO - Started process (PID=69223) to work on /Users/yoonmoon/git/learn-airflow/airflow1/py_env/lib/python3.11/site-packages/airflow/example_dags/example_branch_operator.py
[2024-11-13T20:14:07.971+1100] {processor.py:914} INFO - Processing file /Users/yoonmoon/git/learn-airflow/airflow1/py_env/lib/python3.11/site-packages/airflow/example_dags/example_branch_operator.py for tasks to queue
[2024-11-13T20:14:07.972+1100] {logging_mixin.py:190} INFO - [2024-11-13T20:14:07.972+1100] {dagbag.py:588} INFO - Filling up the DagBag from /Users/yoonmoon/git/learn-airflow/airflow1/py_env/lib/python3.11/site-packages/airflow/example_dags/example_branch_operator.py
[2024-11-13T20:14:07.979+1100] {processor.py:927} WARNING - No viable dags retrieved from /Users/yoonmoon/git/learn-airflow/airflow1/py_env/lib/python3.11/site-packages/airflow/example_dags/example_branch_operator.py
[2024-11-13T20:14:08.036+1100] {processor.py:208} INFO - Processing /Users/yoonmoon/git/learn-airflow/airflow1/py_env/lib/python3.11/site-packages/airflow/example_dags/example_branch_operator.py took 0.069 seconds
[2024-11-13T20:16:27.353+1100] {processor.py:186} INFO - Started process (PID=69472) to work on /Users/yoonmoon/git/learn-airflow/airflow1/py_env/lib/python3.11/site-packages/airflow/example_dags/example_branch_operator.py
[2024-11-13T20:16:27.354+1100] {processor.py:914} INFO - Processing file /Users/yoonmoon/git/learn-airflow/airflow1/py_env/lib/python3.11/site-packages/airflow/example_dags/example_branch_operator.py for tasks to queue
[2024-11-13T20:16:27.355+1100] {logging_mixin.py:190} INFO - [2024-11-13T20:16:27.355+1100] {dagbag.py:588} INFO - Filling up the DagBag from /Users/yoonmoon/git/learn-airflow/airflow1/py_env/lib/python3.11/site-packages/airflow/example_dags/example_branch_operator.py
[2024-11-13T20:16:27.362+1100] {processor.py:927} WARNING - No viable dags retrieved from /Users/yoonmoon/git/learn-airflow/airflow1/py_env/lib/python3.11/site-packages/airflow/example_dags/example_branch_operator.py
[2024-11-13T20:16:27.421+1100] {processor.py:208} INFO - Processing /Users/yoonmoon/git/learn-airflow/airflow1/py_env/lib/python3.11/site-packages/airflow/example_dags/example_branch_operator.py took 0.070 seconds
[2024-11-13T20:18:45.820+1100] {processor.py:186} INFO - Started process (PID=69741) to work on /Users/yoonmoon/git/learn-airflow/airflow1/py_env/lib/python3.11/site-packages/airflow/example_dags/example_branch_operator.py
[2024-11-13T20:18:45.820+1100] {processor.py:914} INFO - Processing file /Users/yoonmoon/git/learn-airflow/airflow1/py_env/lib/python3.11/site-packages/airflow/example_dags/example_branch_operator.py for tasks to queue
[2024-11-13T20:18:45.821+1100] {logging_mixin.py:190} INFO - [2024-11-13T20:18:45.821+1100] {dagbag.py:588} INFO - Filling up the DagBag from /Users/yoonmoon/git/learn-airflow/airflow1/py_env/lib/python3.11/site-packages/airflow/example_dags/example_branch_operator.py
[2024-11-13T20:18:45.828+1100] {processor.py:927} WARNING - No viable dags retrieved from /Users/yoonmoon/git/learn-airflow/airflow1/py_env/lib/python3.11/site-packages/airflow/example_dags/example_branch_operator.py
[2024-11-13T20:18:45.886+1100] {processor.py:208} INFO - Processing /Users/yoonmoon/git/learn-airflow/airflow1/py_env/lib/python3.11/site-packages/airflow/example_dags/example_branch_operator.py took 0.069 seconds
[2024-11-13T20:21:04.779+1100] {processor.py:186} INFO - Started process (PID=70105) to work on /Users/yoonmoon/git/learn-airflow/airflow1/py_env/lib/python3.11/site-packages/airflow/example_dags/example_branch_operator.py
[2024-11-13T20:21:04.782+1100] {processor.py:914} INFO - Processing file /Users/yoonmoon/git/learn-airflow/airflow1/py_env/lib/python3.11/site-packages/airflow/example_dags/example_branch_operator.py for tasks to queue
[2024-11-13T20:21:04.783+1100] {logging_mixin.py:190} INFO - [2024-11-13T20:21:04.783+1100] {dagbag.py:588} INFO - Filling up the DagBag from /Users/yoonmoon/git/learn-airflow/airflow1/py_env/lib/python3.11/site-packages/airflow/example_dags/example_branch_operator.py
[2024-11-13T20:21:04.791+1100] {processor.py:927} WARNING - No viable dags retrieved from /Users/yoonmoon/git/learn-airflow/airflow1/py_env/lib/python3.11/site-packages/airflow/example_dags/example_branch_operator.py
[2024-11-13T20:21:04.849+1100] {processor.py:208} INFO - Processing /Users/yoonmoon/git/learn-airflow/airflow1/py_env/lib/python3.11/site-packages/airflow/example_dags/example_branch_operator.py took 0.073 seconds
[2024-11-13T20:23:16.818+1100] {processor.py:186} INFO - Started process (PID=70366) to work on /Users/yoonmoon/git/learn-airflow/airflow1/py_env/lib/python3.11/site-packages/airflow/example_dags/example_branch_operator.py
[2024-11-13T20:23:16.819+1100] {processor.py:914} INFO - Processing file /Users/yoonmoon/git/learn-airflow/airflow1/py_env/lib/python3.11/site-packages/airflow/example_dags/example_branch_operator.py for tasks to queue
[2024-11-13T20:23:16.819+1100] {logging_mixin.py:190} INFO - [2024-11-13T20:23:16.819+1100] {dagbag.py:588} INFO - Filling up the DagBag from /Users/yoonmoon/git/learn-airflow/airflow1/py_env/lib/python3.11/site-packages/airflow/example_dags/example_branch_operator.py
[2024-11-13T20:23:16.827+1100] {processor.py:927} WARNING - No viable dags retrieved from /Users/yoonmoon/git/learn-airflow/airflow1/py_env/lib/python3.11/site-packages/airflow/example_dags/example_branch_operator.py
[2024-11-13T20:23:16.882+1100] {processor.py:208} INFO - Processing /Users/yoonmoon/git/learn-airflow/airflow1/py_env/lib/python3.11/site-packages/airflow/example_dags/example_branch_operator.py took 0.066 seconds
[2024-11-13T20:25:32.837+1100] {processor.py:186} INFO - Started process (PID=70625) to work on /Users/yoonmoon/git/learn-airflow/airflow1/py_env/lib/python3.11/site-packages/airflow/example_dags/example_branch_operator.py
[2024-11-13T20:25:32.839+1100] {processor.py:914} INFO - Processing file /Users/yoonmoon/git/learn-airflow/airflow1/py_env/lib/python3.11/site-packages/airflow/example_dags/example_branch_operator.py for tasks to queue
[2024-11-13T20:25:32.839+1100] {logging_mixin.py:190} INFO - [2024-11-13T20:25:32.839+1100] {dagbag.py:588} INFO - Filling up the DagBag from /Users/yoonmoon/git/learn-airflow/airflow1/py_env/lib/python3.11/site-packages/airflow/example_dags/example_branch_operator.py
[2024-11-13T20:25:32.847+1100] {processor.py:927} WARNING - No viable dags retrieved from /Users/yoonmoon/git/learn-airflow/airflow1/py_env/lib/python3.11/site-packages/airflow/example_dags/example_branch_operator.py
[2024-11-13T20:25:32.901+1100] {processor.py:208} INFO - Processing /Users/yoonmoon/git/learn-airflow/airflow1/py_env/lib/python3.11/site-packages/airflow/example_dags/example_branch_operator.py took 0.067 seconds
[2024-11-13T20:27:52.927+1100] {processor.py:186} INFO - Started process (PID=70908) to work on /Users/yoonmoon/git/learn-airflow/airflow1/py_env/lib/python3.11/site-packages/airflow/example_dags/example_branch_operator.py
[2024-11-13T20:27:52.927+1100] {processor.py:914} INFO - Processing file /Users/yoonmoon/git/learn-airflow/airflow1/py_env/lib/python3.11/site-packages/airflow/example_dags/example_branch_operator.py for tasks to queue
[2024-11-13T20:27:52.928+1100] {logging_mixin.py:190} INFO - [2024-11-13T20:27:52.928+1100] {dagbag.py:588} INFO - Filling up the DagBag from /Users/yoonmoon/git/learn-airflow/airflow1/py_env/lib/python3.11/site-packages/airflow/example_dags/example_branch_operator.py
[2024-11-13T20:27:52.937+1100] {processor.py:927} WARNING - No viable dags retrieved from /Users/yoonmoon/git/learn-airflow/airflow1/py_env/lib/python3.11/site-packages/airflow/example_dags/example_branch_operator.py
[2024-11-13T20:27:52.996+1100] {processor.py:208} INFO - Processing /Users/yoonmoon/git/learn-airflow/airflow1/py_env/lib/python3.11/site-packages/airflow/example_dags/example_branch_operator.py took 0.072 seconds
[2024-11-13T20:30:05.064+1100] {processor.py:186} INFO - Started process (PID=71175) to work on /Users/yoonmoon/git/learn-airflow/airflow1/py_env/lib/python3.11/site-packages/airflow/example_dags/example_branch_operator.py
[2024-11-13T20:30:05.064+1100] {processor.py:914} INFO - Processing file /Users/yoonmoon/git/learn-airflow/airflow1/py_env/lib/python3.11/site-packages/airflow/example_dags/example_branch_operator.py for tasks to queue
[2024-11-13T20:30:05.065+1100] {logging_mixin.py:190} INFO - [2024-11-13T20:30:05.065+1100] {dagbag.py:588} INFO - Filling up the DagBag from /Users/yoonmoon/git/learn-airflow/airflow1/py_env/lib/python3.11/site-packages/airflow/example_dags/example_branch_operator.py
[2024-11-13T20:30:05.073+1100] {processor.py:927} WARNING - No viable dags retrieved from /Users/yoonmoon/git/learn-airflow/airflow1/py_env/lib/python3.11/site-packages/airflow/example_dags/example_branch_operator.py
[2024-11-13T20:30:05.129+1100] {processor.py:208} INFO - Processing /Users/yoonmoon/git/learn-airflow/airflow1/py_env/lib/python3.11/site-packages/airflow/example_dags/example_branch_operator.py took 0.068 seconds
[2024-11-13T20:32:25.423+1100] {processor.py:186} INFO - Started process (PID=71429) to work on /Users/yoonmoon/git/learn-airflow/airflow1/py_env/lib/python3.11/site-packages/airflow/example_dags/example_branch_operator.py
[2024-11-13T20:32:25.424+1100] {processor.py:914} INFO - Processing file /Users/yoonmoon/git/learn-airflow/airflow1/py_env/lib/python3.11/site-packages/airflow/example_dags/example_branch_operator.py for tasks to queue
[2024-11-13T20:32:25.425+1100] {logging_mixin.py:190} INFO - [2024-11-13T20:32:25.425+1100] {dagbag.py:588} INFO - Filling up the DagBag from /Users/yoonmoon/git/learn-airflow/airflow1/py_env/lib/python3.11/site-packages/airflow/example_dags/example_branch_operator.py
[2024-11-13T20:32:25.432+1100] {processor.py:927} WARNING - No viable dags retrieved from /Users/yoonmoon/git/learn-airflow/airflow1/py_env/lib/python3.11/site-packages/airflow/example_dags/example_branch_operator.py
[2024-11-13T20:32:25.487+1100] {processor.py:208} INFO - Processing /Users/yoonmoon/git/learn-airflow/airflow1/py_env/lib/python3.11/site-packages/airflow/example_dags/example_branch_operator.py took 0.066 seconds
[2024-11-13T20:34:47.319+1100] {processor.py:186} INFO - Started process (PID=71689) to work on /Users/yoonmoon/git/learn-airflow/airflow1/py_env/lib/python3.11/site-packages/airflow/example_dags/example_branch_operator.py
[2024-11-13T20:34:47.319+1100] {processor.py:914} INFO - Processing file /Users/yoonmoon/git/learn-airflow/airflow1/py_env/lib/python3.11/site-packages/airflow/example_dags/example_branch_operator.py for tasks to queue
[2024-11-13T20:34:47.320+1100] {logging_mixin.py:190} INFO - [2024-11-13T20:34:47.320+1100] {dagbag.py:588} INFO - Filling up the DagBag from /Users/yoonmoon/git/learn-airflow/airflow1/py_env/lib/python3.11/site-packages/airflow/example_dags/example_branch_operator.py
[2024-11-13T20:34:47.327+1100] {processor.py:927} WARNING - No viable dags retrieved from /Users/yoonmoon/git/learn-airflow/airflow1/py_env/lib/python3.11/site-packages/airflow/example_dags/example_branch_operator.py
[2024-11-13T20:34:47.383+1100] {processor.py:208} INFO - Processing /Users/yoonmoon/git/learn-airflow/airflow1/py_env/lib/python3.11/site-packages/airflow/example_dags/example_branch_operator.py took 0.066 seconds
[2024-11-13T20:37:06.039+1100] {processor.py:186} INFO - Started process (PID=71980) to work on /Users/yoonmoon/git/learn-airflow/airflow1/py_env/lib/python3.11/site-packages/airflow/example_dags/example_branch_operator.py
[2024-11-13T20:37:06.039+1100] {processor.py:914} INFO - Processing file /Users/yoonmoon/git/learn-airflow/airflow1/py_env/lib/python3.11/site-packages/airflow/example_dags/example_branch_operator.py for tasks to queue
[2024-11-13T20:37:06.040+1100] {logging_mixin.py:190} INFO - [2024-11-13T20:37:06.040+1100] {dagbag.py:588} INFO - Filling up the DagBag from /Users/yoonmoon/git/learn-airflow/airflow1/py_env/lib/python3.11/site-packages/airflow/example_dags/example_branch_operator.py
[2024-11-13T20:37:06.047+1100] {processor.py:927} WARNING - No viable dags retrieved from /Users/yoonmoon/git/learn-airflow/airflow1/py_env/lib/python3.11/site-packages/airflow/example_dags/example_branch_operator.py
[2024-11-13T20:37:06.103+1100] {processor.py:208} INFO - Processing /Users/yoonmoon/git/learn-airflow/airflow1/py_env/lib/python3.11/site-packages/airflow/example_dags/example_branch_operator.py took 0.066 seconds
[2024-11-13T20:39:22.672+1100] {processor.py:186} INFO - Started process (PID=72259) to work on /Users/yoonmoon/git/learn-airflow/airflow1/py_env/lib/python3.11/site-packages/airflow/example_dags/example_branch_operator.py
[2024-11-13T20:39:22.674+1100] {processor.py:914} INFO - Processing file /Users/yoonmoon/git/learn-airflow/airflow1/py_env/lib/python3.11/site-packages/airflow/example_dags/example_branch_operator.py for tasks to queue
[2024-11-13T20:39:22.675+1100] {logging_mixin.py:190} INFO - [2024-11-13T20:39:22.675+1100] {dagbag.py:588} INFO - Filling up the DagBag from /Users/yoonmoon/git/learn-airflow/airflow1/py_env/lib/python3.11/site-packages/airflow/example_dags/example_branch_operator.py
[2024-11-13T20:39:22.683+1100] {processor.py:927} WARNING - No viable dags retrieved from /Users/yoonmoon/git/learn-airflow/airflow1/py_env/lib/python3.11/site-packages/airflow/example_dags/example_branch_operator.py
[2024-11-13T20:39:22.737+1100] {processor.py:208} INFO - Processing /Users/yoonmoon/git/learn-airflow/airflow1/py_env/lib/python3.11/site-packages/airflow/example_dags/example_branch_operator.py took 0.068 seconds
[2024-11-13T20:41:44.663+1100] {processor.py:186} INFO - Started process (PID=72520) to work on /Users/yoonmoon/git/learn-airflow/airflow1/py_env/lib/python3.11/site-packages/airflow/example_dags/example_branch_operator.py
[2024-11-13T20:41:44.664+1100] {processor.py:914} INFO - Processing file /Users/yoonmoon/git/learn-airflow/airflow1/py_env/lib/python3.11/site-packages/airflow/example_dags/example_branch_operator.py for tasks to queue
[2024-11-13T20:41:44.665+1100] {logging_mixin.py:190} INFO - [2024-11-13T20:41:44.664+1100] {dagbag.py:588} INFO - Filling up the DagBag from /Users/yoonmoon/git/learn-airflow/airflow1/py_env/lib/python3.11/site-packages/airflow/example_dags/example_branch_operator.py
[2024-11-13T20:41:44.672+1100] {processor.py:927} WARNING - No viable dags retrieved from /Users/yoonmoon/git/learn-airflow/airflow1/py_env/lib/python3.11/site-packages/airflow/example_dags/example_branch_operator.py
[2024-11-13T20:41:44.732+1100] {processor.py:208} INFO - Processing /Users/yoonmoon/git/learn-airflow/airflow1/py_env/lib/python3.11/site-packages/airflow/example_dags/example_branch_operator.py took 0.072 seconds
[2024-11-13T20:44:00.551+1100] {processor.py:186} INFO - Started process (PID=72773) to work on /Users/yoonmoon/git/learn-airflow/airflow1/py_env/lib/python3.11/site-packages/airflow/example_dags/example_branch_operator.py
[2024-11-13T20:44:00.551+1100] {processor.py:914} INFO - Processing file /Users/yoonmoon/git/learn-airflow/airflow1/py_env/lib/python3.11/site-packages/airflow/example_dags/example_branch_operator.py for tasks to queue
[2024-11-13T20:44:00.552+1100] {logging_mixin.py:190} INFO - [2024-11-13T20:44:00.552+1100] {dagbag.py:588} INFO - Filling up the DagBag from /Users/yoonmoon/git/learn-airflow/airflow1/py_env/lib/python3.11/site-packages/airflow/example_dags/example_branch_operator.py
[2024-11-13T20:44:00.560+1100] {processor.py:927} WARNING - No viable dags retrieved from /Users/yoonmoon/git/learn-airflow/airflow1/py_env/lib/python3.11/site-packages/airflow/example_dags/example_branch_operator.py
[2024-11-13T20:44:00.625+1100] {processor.py:208} INFO - Processing /Users/yoonmoon/git/learn-airflow/airflow1/py_env/lib/python3.11/site-packages/airflow/example_dags/example_branch_operator.py took 0.077 seconds
[2024-11-13T20:46:25.032+1100] {processor.py:186} INFO - Started process (PID=73045) to work on /Users/yoonmoon/git/learn-airflow/airflow1/py_env/lib/python3.11/site-packages/airflow/example_dags/example_branch_operator.py
[2024-11-13T20:46:25.033+1100] {processor.py:914} INFO - Processing file /Users/yoonmoon/git/learn-airflow/airflow1/py_env/lib/python3.11/site-packages/airflow/example_dags/example_branch_operator.py for tasks to queue
[2024-11-13T20:46:25.034+1100] {logging_mixin.py:190} INFO - [2024-11-13T20:46:25.034+1100] {dagbag.py:588} INFO - Filling up the DagBag from /Users/yoonmoon/git/learn-airflow/airflow1/py_env/lib/python3.11/site-packages/airflow/example_dags/example_branch_operator.py
[2024-11-13T20:46:25.042+1100] {processor.py:927} WARNING - No viable dags retrieved from /Users/yoonmoon/git/learn-airflow/airflow1/py_env/lib/python3.11/site-packages/airflow/example_dags/example_branch_operator.py
[2024-11-13T20:46:25.097+1100] {processor.py:208} INFO - Processing /Users/yoonmoon/git/learn-airflow/airflow1/py_env/lib/python3.11/site-packages/airflow/example_dags/example_branch_operator.py took 0.067 seconds
[2024-11-13T20:48:47.603+1100] {processor.py:186} INFO - Started process (PID=73330) to work on /Users/yoonmoon/git/learn-airflow/airflow1/py_env/lib/python3.11/site-packages/airflow/example_dags/example_branch_operator.py
[2024-11-13T20:48:47.604+1100] {processor.py:914} INFO - Processing file /Users/yoonmoon/git/learn-airflow/airflow1/py_env/lib/python3.11/site-packages/airflow/example_dags/example_branch_operator.py for tasks to queue
[2024-11-13T20:48:47.605+1100] {logging_mixin.py:190} INFO - [2024-11-13T20:48:47.604+1100] {dagbag.py:588} INFO - Filling up the DagBag from /Users/yoonmoon/git/learn-airflow/airflow1/py_env/lib/python3.11/site-packages/airflow/example_dags/example_branch_operator.py
[2024-11-13T20:48:47.613+1100] {processor.py:927} WARNING - No viable dags retrieved from /Users/yoonmoon/git/learn-airflow/airflow1/py_env/lib/python3.11/site-packages/airflow/example_dags/example_branch_operator.py
[2024-11-13T20:48:47.672+1100] {processor.py:208} INFO - Processing /Users/yoonmoon/git/learn-airflow/airflow1/py_env/lib/python3.11/site-packages/airflow/example_dags/example_branch_operator.py took 0.071 seconds
[2024-11-13T20:51:12.561+1100] {processor.py:186} INFO - Started process (PID=73596) to work on /Users/yoonmoon/git/learn-airflow/airflow1/py_env/lib/python3.11/site-packages/airflow/example_dags/example_branch_operator.py
[2024-11-13T20:51:12.562+1100] {processor.py:914} INFO - Processing file /Users/yoonmoon/git/learn-airflow/airflow1/py_env/lib/python3.11/site-packages/airflow/example_dags/example_branch_operator.py for tasks to queue
[2024-11-13T20:51:12.563+1100] {logging_mixin.py:190} INFO - [2024-11-13T20:51:12.563+1100] {dagbag.py:588} INFO - Filling up the DagBag from /Users/yoonmoon/git/learn-airflow/airflow1/py_env/lib/python3.11/site-packages/airflow/example_dags/example_branch_operator.py
[2024-11-13T20:51:12.570+1100] {processor.py:927} WARNING - No viable dags retrieved from /Users/yoonmoon/git/learn-airflow/airflow1/py_env/lib/python3.11/site-packages/airflow/example_dags/example_branch_operator.py
[2024-11-13T20:51:12.628+1100] {processor.py:208} INFO - Processing /Users/yoonmoon/git/learn-airflow/airflow1/py_env/lib/python3.11/site-packages/airflow/example_dags/example_branch_operator.py took 0.071 seconds
