[2024-11-13T19:35:05.424+1100] {local_task_job_runner.py:123} INFO - ::group::Pre task execution logs
[2024-11-13T19:35:05.427+1100] {taskinstance.py:2613} INFO - Dependencies all met for dep_context=non-requeueable deps ti=<TaskInstance: xcom_dag.downloading_data manual__2024-11-13T08:34:59.076993+00:00 [queued]>
[2024-11-13T19:35:05.429+1100] {taskinstance.py:2613} INFO - Dependencies all met for dep_context=requeueable deps ti=<TaskInstance: xcom_dag.downloading_data manual__2024-11-13T08:34:59.076993+00:00 [queued]>
[2024-11-13T19:35:05.429+1100] {taskinstance.py:2866} INFO - Starting attempt 1 of 1
[2024-11-13T19:35:05.433+1100] {taskinstance.py:2889} INFO - Executing <Task(BashOperator): downloading_data> on 2024-11-13 08:34:59.076993+00:00
[2024-11-13T19:35:05.436+1100] {standard_task_runner.py:72} INFO - Started process 64709 to run task
[2024-11-13T19:35:05.439+1100] {standard_task_runner.py:104} INFO - Running: ['airflow', 'tasks', 'run', 'xcom_dag', 'downloading_data', 'manual__2024-11-13T08:34:59.076993+00:00', '--job-id', '3', '--raw', '--subdir', 'DAGS_FOLDER/xcom_dag.py', '--cfg-path', '/var/folders/l9/7l765_g97rq7y6q4qc6k6dfm0000gn/T/tmp_ew2ba29']
[2024-11-13T19:35:05.440+1100] {standard_task_runner.py:105} INFO - Job 3: Subtask downloading_data
[2024-11-13T19:35:05.458+1100] {task_command.py:467} INFO - Running <TaskInstance: xcom_dag.downloading_data manual__2024-11-13T08:34:59.076993+00:00 [running]> on host ympm1
[2024-11-13T19:35:05.478+1100] {taskinstance.py:3132} INFO - Exporting env vars: AIRFLOW_CTX_DAG_OWNER='airflow' AIRFLOW_CTX_DAG_ID='xcom_dag' AIRFLOW_CTX_TASK_ID='downloading_data' AIRFLOW_CTX_EXECUTION_DATE='2024-11-13T08:34:59.076993+00:00' AIRFLOW_CTX_TRY_NUMBER='1' AIRFLOW_CTX_DAG_RUN_ID='manual__2024-11-13T08:34:59.076993+00:00'
[2024-11-13T19:35:05.479+1100] {logging_mixin.py:190} INFO - Task instance is in running state
[2024-11-13T19:35:05.479+1100] {logging_mixin.py:190} INFO -  Previous state of the Task instance: queued
[2024-11-13T19:35:05.479+1100] {logging_mixin.py:190} INFO - Current task name:downloading_data state:running start_date:2024-11-13 08:35:05.427651+00:00
[2024-11-13T19:35:05.480+1100] {logging_mixin.py:190} INFO - Dag name:xcom_dag and current dag run status:running
[2024-11-13T19:35:05.480+1100] {taskinstance.py:731} INFO - ::endgroup::
[2024-11-13T19:35:05.480+1100] {subprocess.py:78} INFO - Tmp dir root location: /var/folders/l9/7l765_g97rq7y6q4qc6k6dfm0000gn/T
[2024-11-13T19:35:05.481+1100] {subprocess.py:88} INFO - Running command: ['/bin/bash', '-c', 'sleep 3']
[2024-11-13T19:35:05.485+1100] {subprocess.py:99} INFO - Output:
[2024-11-13T19:35:08.498+1100] {subprocess.py:110} INFO - Command exited with return code 0
[2024-11-13T19:35:08.516+1100] {taskinstance.py:340} INFO - ::group::Post task execution logs
[2024-11-13T19:35:08.518+1100] {taskinstance.py:352} INFO - Marking task as SUCCESS. dag_id=xcom_dag, task_id=downloading_data, run_id=manual__2024-11-13T08:34:59.076993+00:00, execution_date=20241113T083459, start_date=20241113T083505, end_date=20241113T083508
[2024-11-13T19:35:08.523+1100] {logging_mixin.py:190} INFO - Task instance in success state
[2024-11-13T19:35:08.523+1100] {logging_mixin.py:190} INFO -  Previous state of the Task instance: running
[2024-11-13T19:35:08.524+1100] {logging_mixin.py:190} INFO - Dag name:xcom_dag queued_at:2024-11-13 08:34:59.101091+00:00
[2024-11-13T19:35:08.524+1100] {logging_mixin.py:190} INFO - Task hostname:ympm1 operator:BashOperator
[2024-11-13T19:35:08.551+1100] {local_task_job_runner.py:266} INFO - Task exited with return code 0
[2024-11-13T19:35:08.566+1100] {taskinstance.py:3895} INFO - 3 downstream tasks scheduled from follow-on schedule check
[2024-11-13T19:35:08.567+1100] {local_task_job_runner.py:245} INFO - ::endgroup::
