[2024-11-13T19:35:18.505+1100] {local_task_job_runner.py:123} INFO - ::group::Pre task execution logs
[2024-11-13T19:35:18.509+1100] {taskinstance.py:2613} INFO - Dependencies all met for dep_context=non-requeueable deps ti=<TaskInstance: xcom_dag.choose_model manual__2024-11-13T08:34:59.076993+00:00 [queued]>
[2024-11-13T19:35:18.511+1100] {taskinstance.py:2613} INFO - Dependencies all met for dep_context=requeueable deps ti=<TaskInstance: xcom_dag.choose_model manual__2024-11-13T08:34:59.076993+00:00 [queued]>
[2024-11-13T19:35:18.511+1100] {taskinstance.py:2866} INFO - Starting attempt 1 of 1
[2024-11-13T19:35:18.515+1100] {taskinstance.py:2889} INFO - Executing <Task(PythonOperator): choose_model> on 2024-11-13 08:34:59.076993+00:00
[2024-11-13T19:35:18.518+1100] {standard_task_runner.py:72} INFO - Started process 64749 to run task
[2024-11-13T19:35:18.521+1100] {standard_task_runner.py:104} INFO - Running: ['airflow', 'tasks', 'run', 'xcom_dag', 'choose_model', 'manual__2024-11-13T08:34:59.076993+00:00', '--job-id', '11', '--raw', '--subdir', 'DAGS_FOLDER/xcom_dag.py', '--cfg-path', '/var/folders/l9/7l765_g97rq7y6q4qc6k6dfm0000gn/T/tmpv819cick']
[2024-11-13T19:35:18.522+1100] {standard_task_runner.py:105} INFO - Job 11: Subtask choose_model
[2024-11-13T19:35:18.539+1100] {task_command.py:467} INFO - Running <TaskInstance: xcom_dag.choose_model manual__2024-11-13T08:34:59.076993+00:00 [running]> on host ympm1
[2024-11-13T19:35:18.562+1100] {taskinstance.py:3132} INFO - Exporting env vars: AIRFLOW_CTX_DAG_OWNER='airflow' AIRFLOW_CTX_DAG_ID='xcom_dag' AIRFLOW_CTX_TASK_ID='choose_model' AIRFLOW_CTX_EXECUTION_DATE='2024-11-13T08:34:59.076993+00:00' AIRFLOW_CTX_TRY_NUMBER='1' AIRFLOW_CTX_DAG_RUN_ID='manual__2024-11-13T08:34:59.076993+00:00'
[2024-11-13T19:35:18.563+1100] {logging_mixin.py:190} INFO - Task instance is in running state
[2024-11-13T19:35:18.563+1100] {logging_mixin.py:190} INFO -  Previous state of the Task instance: queued
[2024-11-13T19:35:18.563+1100] {logging_mixin.py:190} INFO - Current task name:choose_model state:running start_date:2024-11-13 08:35:18.509312+00:00
[2024-11-13T19:35:18.564+1100] {logging_mixin.py:190} INFO - Dag name:xcom_dag and current dag run status:running
[2024-11-13T19:35:18.564+1100] {taskinstance.py:731} INFO - ::endgroup::
[2024-11-13T19:35:18.564+1100] {logging_mixin.py:190} INFO - choose best model
[2024-11-13T19:35:18.565+1100] {python.py:240} INFO - Done. Returned value was: None
[2024-11-13T19:35:18.567+1100] {taskinstance.py:340} INFO - ::group::Post task execution logs
[2024-11-13T19:35:18.567+1100] {taskinstance.py:352} INFO - Marking task as SUCCESS. dag_id=xcom_dag, task_id=choose_model, run_id=manual__2024-11-13T08:34:59.076993+00:00, execution_date=20241113T083459, start_date=20241113T083518, end_date=20241113T083518
[2024-11-13T19:35:18.570+1100] {logging_mixin.py:190} INFO - Task instance in success state
[2024-11-13T19:35:18.570+1100] {logging_mixin.py:190} INFO -  Previous state of the Task instance: running
[2024-11-13T19:35:18.571+1100] {logging_mixin.py:190} INFO - Dag name:xcom_dag queued_at:2024-11-13 08:34:59.101091+00:00
[2024-11-13T19:35:18.571+1100] {logging_mixin.py:190} INFO - Task hostname:ympm1 operator:PythonOperator
[2024-11-13T19:35:18.582+1100] {local_task_job_runner.py:266} INFO - Task exited with return code 0
[2024-11-13T19:35:18.587+1100] {taskinstance.py:3895} INFO - 0 downstream tasks scheduled from follow-on schedule check
[2024-11-13T19:35:18.588+1100] {local_task_job_runner.py:245} INFO - ::endgroup::
