[2024-11-13T19:35:14.566+1100] {local_task_job_runner.py:123} INFO - ::group::Pre task execution logs
[2024-11-13T19:35:14.569+1100] {taskinstance.py:2613} INFO - Dependencies all met for dep_context=non-requeueable deps ti=<TaskInstance: xcom_dag.training_model_B manual__2024-11-13T08:34:59.076993+00:00 [queued]>
[2024-11-13T19:35:14.571+1100] {taskinstance.py:2613} INFO - Dependencies all met for dep_context=requeueable deps ti=<TaskInstance: xcom_dag.training_model_B manual__2024-11-13T08:34:59.076993+00:00 [queued]>
[2024-11-13T19:35:14.572+1100] {taskinstance.py:2866} INFO - Starting attempt 1 of 1
[2024-11-13T19:35:14.576+1100] {taskinstance.py:2889} INFO - Executing <Task(PythonOperator): training_model_B> on 2024-11-13 08:34:59.076993+00:00
[2024-11-13T19:35:14.579+1100] {standard_task_runner.py:72} INFO - Started process 64736 to run task
[2024-11-13T19:35:14.581+1100] {standard_task_runner.py:104} INFO - Running: ['airflow', 'tasks', 'run', 'xcom_dag', 'training_model_B', 'manual__2024-11-13T08:34:59.076993+00:00', '--job-id', '8', '--raw', '--subdir', 'DAGS_FOLDER/xcom_dag.py', '--cfg-path', '/var/folders/l9/7l765_g97rq7y6q4qc6k6dfm0000gn/T/tmp46dgrsge']
[2024-11-13T19:35:14.582+1100] {standard_task_runner.py:105} INFO - Job 8: Subtask training_model_B
[2024-11-13T19:35:14.598+1100] {task_command.py:467} INFO - Running <TaskInstance: xcom_dag.training_model_B manual__2024-11-13T08:34:59.076993+00:00 [running]> on host ympm1
[2024-11-13T19:35:14.616+1100] {taskinstance.py:3132} INFO - Exporting env vars: AIRFLOW_CTX_DAG_OWNER='airflow' AIRFLOW_CTX_DAG_ID='xcom_dag' AIRFLOW_CTX_TASK_ID='training_model_B' AIRFLOW_CTX_EXECUTION_DATE='2024-11-13T08:34:59.076993+00:00' AIRFLOW_CTX_TRY_NUMBER='1' AIRFLOW_CTX_DAG_RUN_ID='manual__2024-11-13T08:34:59.076993+00:00'
[2024-11-13T19:35:14.617+1100] {logging_mixin.py:190} INFO - Task instance is in running state
[2024-11-13T19:35:14.617+1100] {logging_mixin.py:190} INFO -  Previous state of the Task instance: queued
[2024-11-13T19:35:14.618+1100] {logging_mixin.py:190} INFO - Current task name:training_model_B state:running start_date:2024-11-13 08:35:14.569794+00:00
[2024-11-13T19:35:14.618+1100] {logging_mixin.py:190} INFO - Dag name:xcom_dag and current dag run status:running
[2024-11-13T19:35:14.618+1100] {taskinstance.py:731} INFO - ::endgroup::
[2024-11-13T19:35:14.618+1100] {logging_mixin.py:190} INFO - model's accuracy: 9.980633301773555
[2024-11-13T19:35:14.619+1100] {python.py:240} INFO - Done. Returned value was: 9.980633301773555
[2024-11-13T19:35:14.623+1100] {taskinstance.py:340} INFO - ::group::Post task execution logs
[2024-11-13T19:35:14.624+1100] {taskinstance.py:352} INFO - Marking task as SUCCESS. dag_id=xcom_dag, task_id=training_model_B, run_id=manual__2024-11-13T08:34:59.076993+00:00, execution_date=20241113T083459, start_date=20241113T083514, end_date=20241113T083514
[2024-11-13T19:35:14.626+1100] {logging_mixin.py:190} INFO - Task instance in success state
[2024-11-13T19:35:14.626+1100] {logging_mixin.py:190} INFO -  Previous state of the Task instance: running
[2024-11-13T19:35:14.626+1100] {logging_mixin.py:190} INFO - Dag name:xcom_dag queued_at:2024-11-13 08:34:59.101091+00:00
[2024-11-13T19:35:14.627+1100] {logging_mixin.py:190} INFO - Task hostname:ympm1 operator:PythonOperator
[2024-11-13T19:35:14.644+1100] {local_task_job_runner.py:266} INFO - Task exited with return code 0
[2024-11-13T19:35:14.650+1100] {taskinstance.py:3895} INFO - 0 downstream tasks scheduled from follow-on schedule check
[2024-11-13T19:35:14.651+1100] {local_task_job_runner.py:245} INFO - ::endgroup::
