[2024-11-13T19:28:42.455+1100] {processor.py:186} INFO - Started process (PID=63646) to work on /Users/yoonmoon/git/learn-airflow/airflow1/py_env/lib/python3.11/site-packages/airflow/example_dags/plugins/listener_plugin.py
[2024-11-13T19:28:42.456+1100] {processor.py:914} INFO - Processing file /Users/yoonmoon/git/learn-airflow/airflow1/py_env/lib/python3.11/site-packages/airflow/example_dags/plugins/listener_plugin.py for tasks to queue
[2024-11-13T19:28:42.456+1100] {logging_mixin.py:190} INFO - [2024-11-13T19:28:42.456+1100] {dagbag.py:588} INFO - Filling up the DagBag from /Users/yoonmoon/git/learn-airflow/airflow1/py_env/lib/python3.11/site-packages/airflow/example_dags/plugins/listener_plugin.py
[2024-11-13T19:28:42.457+1100] {processor.py:927} WARNING - No viable dags retrieved from /Users/yoonmoon/git/learn-airflow/airflow1/py_env/lib/python3.11/site-packages/airflow/example_dags/plugins/listener_plugin.py
[2024-11-13T19:28:42.492+1100] {processor.py:208} INFO - Processing /Users/yoonmoon/git/learn-airflow/airflow1/py_env/lib/python3.11/site-packages/airflow/example_dags/plugins/listener_plugin.py took 0.039 seconds
[2024-11-13T19:30:26.134+1100] {processor.py:186} INFO - Started process (PID=63859) to work on /Users/yoonmoon/git/learn-airflow/airflow1/py_env/lib/python3.11/site-packages/airflow/example_dags/plugins/listener_plugin.py
[2024-11-13T19:30:26.135+1100] {processor.py:914} INFO - Processing file /Users/yoonmoon/git/learn-airflow/airflow1/py_env/lib/python3.11/site-packages/airflow/example_dags/plugins/listener_plugin.py for tasks to queue
[2024-11-13T19:30:26.136+1100] {logging_mixin.py:190} INFO - [2024-11-13T19:30:26.136+1100] {dagbag.py:588} INFO - Filling up the DagBag from /Users/yoonmoon/git/learn-airflow/airflow1/py_env/lib/python3.11/site-packages/airflow/example_dags/plugins/listener_plugin.py
[2024-11-13T19:30:26.138+1100] {processor.py:927} WARNING - No viable dags retrieved from /Users/yoonmoon/git/learn-airflow/airflow1/py_env/lib/python3.11/site-packages/airflow/example_dags/plugins/listener_plugin.py
[2024-11-13T19:30:26.168+1100] {processor.py:208} INFO - Processing /Users/yoonmoon/git/learn-airflow/airflow1/py_env/lib/python3.11/site-packages/airflow/example_dags/plugins/listener_plugin.py took 0.037 seconds
[2024-11-13T19:31:37.318+1100] {processor.py:186} INFO - Started process (PID=63997) to work on /Users/yoonmoon/git/learn-airflow/airflow1/py_env/lib/python3.11/site-packages/airflow/example_dags/plugins/listener_plugin.py
[2024-11-13T19:31:37.318+1100] {processor.py:914} INFO - Processing file /Users/yoonmoon/git/learn-airflow/airflow1/py_env/lib/python3.11/site-packages/airflow/example_dags/plugins/listener_plugin.py for tasks to queue
[2024-11-13T19:31:37.319+1100] {logging_mixin.py:190} INFO - [2024-11-13T19:31:37.319+1100] {dagbag.py:588} INFO - Filling up the DagBag from /Users/yoonmoon/git/learn-airflow/airflow1/py_env/lib/python3.11/site-packages/airflow/example_dags/plugins/listener_plugin.py
[2024-11-13T19:31:37.320+1100] {processor.py:927} WARNING - No viable dags retrieved from /Users/yoonmoon/git/learn-airflow/airflow1/py_env/lib/python3.11/site-packages/airflow/example_dags/plugins/listener_plugin.py
[2024-11-13T19:31:37.348+1100] {processor.py:208} INFO - Processing /Users/yoonmoon/git/learn-airflow/airflow1/py_env/lib/python3.11/site-packages/airflow/example_dags/plugins/listener_plugin.py took 0.033 seconds
[2024-11-13T19:32:45.669+1100] {processor.py:186} INFO - Started process (PID=64222) to work on /Users/yoonmoon/git/learn-airflow/airflow1/py_env/lib/python3.11/site-packages/airflow/example_dags/plugins/listener_plugin.py
[2024-11-13T19:32:45.670+1100] {processor.py:914} INFO - Processing file /Users/yoonmoon/git/learn-airflow/airflow1/py_env/lib/python3.11/site-packages/airflow/example_dags/plugins/listener_plugin.py for tasks to queue
[2024-11-13T19:32:45.671+1100] {logging_mixin.py:190} INFO - [2024-11-13T19:32:45.670+1100] {dagbag.py:588} INFO - Filling up the DagBag from /Users/yoonmoon/git/learn-airflow/airflow1/py_env/lib/python3.11/site-packages/airflow/example_dags/plugins/listener_plugin.py
[2024-11-13T19:32:45.673+1100] {processor.py:927} WARNING - No viable dags retrieved from /Users/yoonmoon/git/learn-airflow/airflow1/py_env/lib/python3.11/site-packages/airflow/example_dags/plugins/listener_plugin.py
[2024-11-13T19:32:45.702+1100] {processor.py:208} INFO - Processing /Users/yoonmoon/git/learn-airflow/airflow1/py_env/lib/python3.11/site-packages/airflow/example_dags/plugins/listener_plugin.py took 0.035 seconds
[2024-11-13T19:33:59.294+1100] {processor.py:186} INFO - Started process (PID=64482) to work on /Users/yoonmoon/git/learn-airflow/airflow1/py_env/lib/python3.11/site-packages/airflow/example_dags/plugins/listener_plugin.py
[2024-11-13T19:33:59.295+1100] {processor.py:914} INFO - Processing file /Users/yoonmoon/git/learn-airflow/airflow1/py_env/lib/python3.11/site-packages/airflow/example_dags/plugins/listener_plugin.py for tasks to queue
[2024-11-13T19:33:59.296+1100] {logging_mixin.py:190} INFO - [2024-11-13T19:33:59.296+1100] {dagbag.py:588} INFO - Filling up the DagBag from /Users/yoonmoon/git/learn-airflow/airflow1/py_env/lib/python3.11/site-packages/airflow/example_dags/plugins/listener_plugin.py
[2024-11-13T19:33:59.297+1100] {processor.py:927} WARNING - No viable dags retrieved from /Users/yoonmoon/git/learn-airflow/airflow1/py_env/lib/python3.11/site-packages/airflow/example_dags/plugins/listener_plugin.py
[2024-11-13T19:33:59.325+1100] {processor.py:208} INFO - Processing /Users/yoonmoon/git/learn-airflow/airflow1/py_env/lib/python3.11/site-packages/airflow/example_dags/plugins/listener_plugin.py took 0.033 seconds
[2024-11-13T19:35:24.371+1100] {processor.py:186} INFO - Started process (PID=64763) to work on /Users/yoonmoon/git/learn-airflow/airflow1/py_env/lib/python3.11/site-packages/airflow/example_dags/plugins/listener_plugin.py
[2024-11-13T19:35:24.373+1100] {processor.py:914} INFO - Processing file /Users/yoonmoon/git/learn-airflow/airflow1/py_env/lib/python3.11/site-packages/airflow/example_dags/plugins/listener_plugin.py for tasks to queue
[2024-11-13T19:35:24.373+1100] {logging_mixin.py:190} INFO - [2024-11-13T19:35:24.373+1100] {dagbag.py:588} INFO - Filling up the DagBag from /Users/yoonmoon/git/learn-airflow/airflow1/py_env/lib/python3.11/site-packages/airflow/example_dags/plugins/listener_plugin.py
[2024-11-13T19:35:24.374+1100] {processor.py:927} WARNING - No viable dags retrieved from /Users/yoonmoon/git/learn-airflow/airflow1/py_env/lib/python3.11/site-packages/airflow/example_dags/plugins/listener_plugin.py
[2024-11-13T19:35:24.403+1100] {processor.py:208} INFO - Processing /Users/yoonmoon/git/learn-airflow/airflow1/py_env/lib/python3.11/site-packages/airflow/example_dags/plugins/listener_plugin.py took 0.034 seconds
[2024-11-13T19:36:46.411+1100] {processor.py:186} INFO - Started process (PID=64929) to work on /Users/yoonmoon/git/learn-airflow/airflow1/py_env/lib/python3.11/site-packages/airflow/example_dags/plugins/listener_plugin.py
[2024-11-13T19:36:46.412+1100] {processor.py:914} INFO - Processing file /Users/yoonmoon/git/learn-airflow/airflow1/py_env/lib/python3.11/site-packages/airflow/example_dags/plugins/listener_plugin.py for tasks to queue
[2024-11-13T19:36:46.413+1100] {logging_mixin.py:190} INFO - [2024-11-13T19:36:46.412+1100] {dagbag.py:588} INFO - Filling up the DagBag from /Users/yoonmoon/git/learn-airflow/airflow1/py_env/lib/python3.11/site-packages/airflow/example_dags/plugins/listener_plugin.py
[2024-11-13T19:36:46.414+1100] {processor.py:927} WARNING - No viable dags retrieved from /Users/yoonmoon/git/learn-airflow/airflow1/py_env/lib/python3.11/site-packages/airflow/example_dags/plugins/listener_plugin.py
[2024-11-13T19:36:46.443+1100] {processor.py:208} INFO - Processing /Users/yoonmoon/git/learn-airflow/airflow1/py_env/lib/python3.11/site-packages/airflow/example_dags/plugins/listener_plugin.py took 0.035 seconds
[2024-11-13T19:37:56.781+1100] {processor.py:186} INFO - Started process (PID=65060) to work on /Users/yoonmoon/git/learn-airflow/airflow1/py_env/lib/python3.11/site-packages/airflow/example_dags/plugins/listener_plugin.py
[2024-11-13T19:37:56.782+1100] {processor.py:914} INFO - Processing file /Users/yoonmoon/git/learn-airflow/airflow1/py_env/lib/python3.11/site-packages/airflow/example_dags/plugins/listener_plugin.py for tasks to queue
[2024-11-13T19:37:56.783+1100] {logging_mixin.py:190} INFO - [2024-11-13T19:37:56.783+1100] {dagbag.py:588} INFO - Filling up the DagBag from /Users/yoonmoon/git/learn-airflow/airflow1/py_env/lib/python3.11/site-packages/airflow/example_dags/plugins/listener_plugin.py
[2024-11-13T19:37:56.785+1100] {processor.py:927} WARNING - No viable dags retrieved from /Users/yoonmoon/git/learn-airflow/airflow1/py_env/lib/python3.11/site-packages/airflow/example_dags/plugins/listener_plugin.py
[2024-11-13T19:37:56.813+1100] {processor.py:208} INFO - Processing /Users/yoonmoon/git/learn-airflow/airflow1/py_env/lib/python3.11/site-packages/airflow/example_dags/plugins/listener_plugin.py took 0.035 seconds
[2024-11-13T19:39:04.737+1100] {processor.py:186} INFO - Started process (PID=65210) to work on /Users/yoonmoon/git/learn-airflow/airflow1/py_env/lib/python3.11/site-packages/airflow/example_dags/plugins/listener_plugin.py
[2024-11-13T19:39:04.738+1100] {processor.py:914} INFO - Processing file /Users/yoonmoon/git/learn-airflow/airflow1/py_env/lib/python3.11/site-packages/airflow/example_dags/plugins/listener_plugin.py for tasks to queue
[2024-11-13T19:39:04.738+1100] {logging_mixin.py:190} INFO - [2024-11-13T19:39:04.738+1100] {dagbag.py:588} INFO - Filling up the DagBag from /Users/yoonmoon/git/learn-airflow/airflow1/py_env/lib/python3.11/site-packages/airflow/example_dags/plugins/listener_plugin.py
[2024-11-13T19:39:04.740+1100] {processor.py:927} WARNING - No viable dags retrieved from /Users/yoonmoon/git/learn-airflow/airflow1/py_env/lib/python3.11/site-packages/airflow/example_dags/plugins/listener_plugin.py
[2024-11-13T19:39:04.768+1100] {processor.py:208} INFO - Processing /Users/yoonmoon/git/learn-airflow/airflow1/py_env/lib/python3.11/site-packages/airflow/example_dags/plugins/listener_plugin.py took 0.034 seconds
[2024-11-13T19:40:12.191+1100] {processor.py:186} INFO - Started process (PID=65367) to work on /Users/yoonmoon/git/learn-airflow/airflow1/py_env/lib/python3.11/site-packages/airflow/example_dags/plugins/listener_plugin.py
[2024-11-13T19:40:12.191+1100] {processor.py:914} INFO - Processing file /Users/yoonmoon/git/learn-airflow/airflow1/py_env/lib/python3.11/site-packages/airflow/example_dags/plugins/listener_plugin.py for tasks to queue
[2024-11-13T19:40:12.192+1100] {logging_mixin.py:190} INFO - [2024-11-13T19:40:12.192+1100] {dagbag.py:588} INFO - Filling up the DagBag from /Users/yoonmoon/git/learn-airflow/airflow1/py_env/lib/python3.11/site-packages/airflow/example_dags/plugins/listener_plugin.py
[2024-11-13T19:40:12.194+1100] {processor.py:927} WARNING - No viable dags retrieved from /Users/yoonmoon/git/learn-airflow/airflow1/py_env/lib/python3.11/site-packages/airflow/example_dags/plugins/listener_plugin.py
[2024-11-13T19:40:12.223+1100] {processor.py:208} INFO - Processing /Users/yoonmoon/git/learn-airflow/airflow1/py_env/lib/python3.11/site-packages/airflow/example_dags/plugins/listener_plugin.py took 0.035 seconds
[2024-11-13T19:41:22.086+1100] {processor.py:186} INFO - Started process (PID=65503) to work on /Users/yoonmoon/git/learn-airflow/airflow1/py_env/lib/python3.11/site-packages/airflow/example_dags/plugins/listener_plugin.py
[2024-11-13T19:41:22.087+1100] {processor.py:914} INFO - Processing file /Users/yoonmoon/git/learn-airflow/airflow1/py_env/lib/python3.11/site-packages/airflow/example_dags/plugins/listener_plugin.py for tasks to queue
[2024-11-13T19:41:22.088+1100] {logging_mixin.py:190} INFO - [2024-11-13T19:41:22.088+1100] {dagbag.py:588} INFO - Filling up the DagBag from /Users/yoonmoon/git/learn-airflow/airflow1/py_env/lib/python3.11/site-packages/airflow/example_dags/plugins/listener_plugin.py
[2024-11-13T19:41:22.090+1100] {processor.py:927} WARNING - No viable dags retrieved from /Users/yoonmoon/git/learn-airflow/airflow1/py_env/lib/python3.11/site-packages/airflow/example_dags/plugins/listener_plugin.py
[2024-11-13T19:41:22.119+1100] {processor.py:208} INFO - Processing /Users/yoonmoon/git/learn-airflow/airflow1/py_env/lib/python3.11/site-packages/airflow/example_dags/plugins/listener_plugin.py took 0.035 seconds
[2024-11-13T19:42:32.315+1100] {processor.py:186} INFO - Started process (PID=65634) to work on /Users/yoonmoon/git/learn-airflow/airflow1/py_env/lib/python3.11/site-packages/airflow/example_dags/plugins/listener_plugin.py
[2024-11-13T19:42:32.316+1100] {processor.py:914} INFO - Processing file /Users/yoonmoon/git/learn-airflow/airflow1/py_env/lib/python3.11/site-packages/airflow/example_dags/plugins/listener_plugin.py for tasks to queue
[2024-11-13T19:42:32.317+1100] {logging_mixin.py:190} INFO - [2024-11-13T19:42:32.317+1100] {dagbag.py:588} INFO - Filling up the DagBag from /Users/yoonmoon/git/learn-airflow/airflow1/py_env/lib/python3.11/site-packages/airflow/example_dags/plugins/listener_plugin.py
[2024-11-13T19:42:32.318+1100] {processor.py:927} WARNING - No viable dags retrieved from /Users/yoonmoon/git/learn-airflow/airflow1/py_env/lib/python3.11/site-packages/airflow/example_dags/plugins/listener_plugin.py
[2024-11-13T19:42:32.347+1100] {processor.py:208} INFO - Processing /Users/yoonmoon/git/learn-airflow/airflow1/py_env/lib/python3.11/site-packages/airflow/example_dags/plugins/listener_plugin.py took 0.035 seconds
[2024-11-13T19:43:39.780+1100] {processor.py:186} INFO - Started process (PID=65762) to work on /Users/yoonmoon/git/learn-airflow/airflow1/py_env/lib/python3.11/site-packages/airflow/example_dags/plugins/listener_plugin.py
[2024-11-13T19:43:39.781+1100] {processor.py:914} INFO - Processing file /Users/yoonmoon/git/learn-airflow/airflow1/py_env/lib/python3.11/site-packages/airflow/example_dags/plugins/listener_plugin.py for tasks to queue
[2024-11-13T19:43:39.782+1100] {logging_mixin.py:190} INFO - [2024-11-13T19:43:39.782+1100] {dagbag.py:588} INFO - Filling up the DagBag from /Users/yoonmoon/git/learn-airflow/airflow1/py_env/lib/python3.11/site-packages/airflow/example_dags/plugins/listener_plugin.py
[2024-11-13T19:43:39.783+1100] {processor.py:927} WARNING - No viable dags retrieved from /Users/yoonmoon/git/learn-airflow/airflow1/py_env/lib/python3.11/site-packages/airflow/example_dags/plugins/listener_plugin.py
[2024-11-13T19:43:39.812+1100] {processor.py:208} INFO - Processing /Users/yoonmoon/git/learn-airflow/airflow1/py_env/lib/python3.11/site-packages/airflow/example_dags/plugins/listener_plugin.py took 0.034 seconds
[2024-11-13T19:44:49.744+1100] {processor.py:186} INFO - Started process (PID=65903) to work on /Users/yoonmoon/git/learn-airflow/airflow1/py_env/lib/python3.11/site-packages/airflow/example_dags/plugins/listener_plugin.py
[2024-11-13T19:44:49.745+1100] {processor.py:914} INFO - Processing file /Users/yoonmoon/git/learn-airflow/airflow1/py_env/lib/python3.11/site-packages/airflow/example_dags/plugins/listener_plugin.py for tasks to queue
[2024-11-13T19:44:49.745+1100] {logging_mixin.py:190} INFO - [2024-11-13T19:44:49.745+1100] {dagbag.py:588} INFO - Filling up the DagBag from /Users/yoonmoon/git/learn-airflow/airflow1/py_env/lib/python3.11/site-packages/airflow/example_dags/plugins/listener_plugin.py
[2024-11-13T19:44:49.747+1100] {processor.py:927} WARNING - No viable dags retrieved from /Users/yoonmoon/git/learn-airflow/airflow1/py_env/lib/python3.11/site-packages/airflow/example_dags/plugins/listener_plugin.py
[2024-11-13T19:44:49.776+1100] {processor.py:208} INFO - Processing /Users/yoonmoon/git/learn-airflow/airflow1/py_env/lib/python3.11/site-packages/airflow/example_dags/plugins/listener_plugin.py took 0.034 seconds
[2024-11-13T19:45:55.296+1100] {processor.py:186} INFO - Started process (PID=66030) to work on /Users/yoonmoon/git/learn-airflow/airflow1/py_env/lib/python3.11/site-packages/airflow/example_dags/plugins/listener_plugin.py
[2024-11-13T19:45:55.297+1100] {processor.py:914} INFO - Processing file /Users/yoonmoon/git/learn-airflow/airflow1/py_env/lib/python3.11/site-packages/airflow/example_dags/plugins/listener_plugin.py for tasks to queue
[2024-11-13T19:45:55.298+1100] {logging_mixin.py:190} INFO - [2024-11-13T19:45:55.297+1100] {dagbag.py:588} INFO - Filling up the DagBag from /Users/yoonmoon/git/learn-airflow/airflow1/py_env/lib/python3.11/site-packages/airflow/example_dags/plugins/listener_plugin.py
[2024-11-13T19:45:55.299+1100] {processor.py:927} WARNING - No viable dags retrieved from /Users/yoonmoon/git/learn-airflow/airflow1/py_env/lib/python3.11/site-packages/airflow/example_dags/plugins/listener_plugin.py
[2024-11-13T19:45:55.327+1100] {processor.py:208} INFO - Processing /Users/yoonmoon/git/learn-airflow/airflow1/py_env/lib/python3.11/site-packages/airflow/example_dags/plugins/listener_plugin.py took 0.033 seconds
[2024-11-13T19:46:59.971+1100] {processor.py:186} INFO - Started process (PID=66152) to work on /Users/yoonmoon/git/learn-airflow/airflow1/py_env/lib/python3.11/site-packages/airflow/example_dags/plugins/listener_plugin.py
[2024-11-13T19:46:59.973+1100] {processor.py:914} INFO - Processing file /Users/yoonmoon/git/learn-airflow/airflow1/py_env/lib/python3.11/site-packages/airflow/example_dags/plugins/listener_plugin.py for tasks to queue
[2024-11-13T19:46:59.973+1100] {logging_mixin.py:190} INFO - [2024-11-13T19:46:59.973+1100] {dagbag.py:588} INFO - Filling up the DagBag from /Users/yoonmoon/git/learn-airflow/airflow1/py_env/lib/python3.11/site-packages/airflow/example_dags/plugins/listener_plugin.py
[2024-11-13T19:46:59.975+1100] {processor.py:927} WARNING - No viable dags retrieved from /Users/yoonmoon/git/learn-airflow/airflow1/py_env/lib/python3.11/site-packages/airflow/example_dags/plugins/listener_plugin.py
[2024-11-13T19:47:00.003+1100] {processor.py:208} INFO - Processing /Users/yoonmoon/git/learn-airflow/airflow1/py_env/lib/python3.11/site-packages/airflow/example_dags/plugins/listener_plugin.py took 0.034 seconds
[2024-11-13T19:48:05.725+1100] {processor.py:186} INFO - Started process (PID=66276) to work on /Users/yoonmoon/git/learn-airflow/airflow1/py_env/lib/python3.11/site-packages/airflow/example_dags/plugins/listener_plugin.py
[2024-11-13T19:48:05.726+1100] {processor.py:914} INFO - Processing file /Users/yoonmoon/git/learn-airflow/airflow1/py_env/lib/python3.11/site-packages/airflow/example_dags/plugins/listener_plugin.py for tasks to queue
[2024-11-13T19:48:05.727+1100] {logging_mixin.py:190} INFO - [2024-11-13T19:48:05.726+1100] {dagbag.py:588} INFO - Filling up the DagBag from /Users/yoonmoon/git/learn-airflow/airflow1/py_env/lib/python3.11/site-packages/airflow/example_dags/plugins/listener_plugin.py
[2024-11-13T19:48:05.728+1100] {processor.py:927} WARNING - No viable dags retrieved from /Users/yoonmoon/git/learn-airflow/airflow1/py_env/lib/python3.11/site-packages/airflow/example_dags/plugins/listener_plugin.py
[2024-11-13T19:48:05.758+1100] {processor.py:208} INFO - Processing /Users/yoonmoon/git/learn-airflow/airflow1/py_env/lib/python3.11/site-packages/airflow/example_dags/plugins/listener_plugin.py took 0.036 seconds
[2024-11-13T19:49:11.971+1100] {processor.py:186} INFO - Started process (PID=66394) to work on /Users/yoonmoon/git/learn-airflow/airflow1/py_env/lib/python3.11/site-packages/airflow/example_dags/plugins/listener_plugin.py
[2024-11-13T19:49:11.972+1100] {processor.py:914} INFO - Processing file /Users/yoonmoon/git/learn-airflow/airflow1/py_env/lib/python3.11/site-packages/airflow/example_dags/plugins/listener_plugin.py for tasks to queue
[2024-11-13T19:49:11.972+1100] {logging_mixin.py:190} INFO - [2024-11-13T19:49:11.972+1100] {dagbag.py:588} INFO - Filling up the DagBag from /Users/yoonmoon/git/learn-airflow/airflow1/py_env/lib/python3.11/site-packages/airflow/example_dags/plugins/listener_plugin.py
[2024-11-13T19:49:11.974+1100] {processor.py:927} WARNING - No viable dags retrieved from /Users/yoonmoon/git/learn-airflow/airflow1/py_env/lib/python3.11/site-packages/airflow/example_dags/plugins/listener_plugin.py
[2024-11-13T19:49:12.002+1100] {processor.py:208} INFO - Processing /Users/yoonmoon/git/learn-airflow/airflow1/py_env/lib/python3.11/site-packages/airflow/example_dags/plugins/listener_plugin.py took 0.034 seconds
[2024-11-13T19:50:16.470+1100] {processor.py:186} INFO - Started process (PID=66512) to work on /Users/yoonmoon/git/learn-airflow/airflow1/py_env/lib/python3.11/site-packages/airflow/example_dags/plugins/listener_plugin.py
[2024-11-13T19:50:16.471+1100] {processor.py:914} INFO - Processing file /Users/yoonmoon/git/learn-airflow/airflow1/py_env/lib/python3.11/site-packages/airflow/example_dags/plugins/listener_plugin.py for tasks to queue
[2024-11-13T19:50:16.472+1100] {logging_mixin.py:190} INFO - [2024-11-13T19:50:16.472+1100] {dagbag.py:588} INFO - Filling up the DagBag from /Users/yoonmoon/git/learn-airflow/airflow1/py_env/lib/python3.11/site-packages/airflow/example_dags/plugins/listener_plugin.py
[2024-11-13T19:50:16.473+1100] {processor.py:927} WARNING - No viable dags retrieved from /Users/yoonmoon/git/learn-airflow/airflow1/py_env/lib/python3.11/site-packages/airflow/example_dags/plugins/listener_plugin.py
[2024-11-13T19:50:16.502+1100] {processor.py:208} INFO - Processing /Users/yoonmoon/git/learn-airflow/airflow1/py_env/lib/python3.11/site-packages/airflow/example_dags/plugins/listener_plugin.py took 0.033 seconds
[2024-11-13T19:51:24.478+1100] {processor.py:186} INFO - Started process (PID=66636) to work on /Users/yoonmoon/git/learn-airflow/airflow1/py_env/lib/python3.11/site-packages/airflow/example_dags/plugins/listener_plugin.py
[2024-11-13T19:51:24.479+1100] {processor.py:914} INFO - Processing file /Users/yoonmoon/git/learn-airflow/airflow1/py_env/lib/python3.11/site-packages/airflow/example_dags/plugins/listener_plugin.py for tasks to queue
[2024-11-13T19:51:24.480+1100] {logging_mixin.py:190} INFO - [2024-11-13T19:51:24.480+1100] {dagbag.py:588} INFO - Filling up the DagBag from /Users/yoonmoon/git/learn-airflow/airflow1/py_env/lib/python3.11/site-packages/airflow/example_dags/plugins/listener_plugin.py
[2024-11-13T19:51:24.481+1100] {processor.py:927} WARNING - No viable dags retrieved from /Users/yoonmoon/git/learn-airflow/airflow1/py_env/lib/python3.11/site-packages/airflow/example_dags/plugins/listener_plugin.py
[2024-11-13T19:51:24.509+1100] {processor.py:208} INFO - Processing /Users/yoonmoon/git/learn-airflow/airflow1/py_env/lib/python3.11/site-packages/airflow/example_dags/plugins/listener_plugin.py took 0.033 seconds
[2024-11-13T19:52:35.664+1100] {processor.py:186} INFO - Started process (PID=66762) to work on /Users/yoonmoon/git/learn-airflow/airflow1/py_env/lib/python3.11/site-packages/airflow/example_dags/plugins/listener_plugin.py
[2024-11-13T19:52:35.665+1100] {processor.py:914} INFO - Processing file /Users/yoonmoon/git/learn-airflow/airflow1/py_env/lib/python3.11/site-packages/airflow/example_dags/plugins/listener_plugin.py for tasks to queue
[2024-11-13T19:52:35.666+1100] {logging_mixin.py:190} INFO - [2024-11-13T19:52:35.665+1100] {dagbag.py:588} INFO - Filling up the DagBag from /Users/yoonmoon/git/learn-airflow/airflow1/py_env/lib/python3.11/site-packages/airflow/example_dags/plugins/listener_plugin.py
[2024-11-13T19:52:35.667+1100] {processor.py:927} WARNING - No viable dags retrieved from /Users/yoonmoon/git/learn-airflow/airflow1/py_env/lib/python3.11/site-packages/airflow/example_dags/plugins/listener_plugin.py
[2024-11-13T19:52:35.697+1100] {processor.py:208} INFO - Processing /Users/yoonmoon/git/learn-airflow/airflow1/py_env/lib/python3.11/site-packages/airflow/example_dags/plugins/listener_plugin.py took 0.035 seconds
[2024-11-13T19:53:43.129+1100] {processor.py:186} INFO - Started process (PID=66889) to work on /Users/yoonmoon/git/learn-airflow/airflow1/py_env/lib/python3.11/site-packages/airflow/example_dags/plugins/listener_plugin.py
[2024-11-13T19:53:43.129+1100] {processor.py:914} INFO - Processing file /Users/yoonmoon/git/learn-airflow/airflow1/py_env/lib/python3.11/site-packages/airflow/example_dags/plugins/listener_plugin.py for tasks to queue
[2024-11-13T19:53:43.130+1100] {logging_mixin.py:190} INFO - [2024-11-13T19:53:43.130+1100] {dagbag.py:588} INFO - Filling up the DagBag from /Users/yoonmoon/git/learn-airflow/airflow1/py_env/lib/python3.11/site-packages/airflow/example_dags/plugins/listener_plugin.py
[2024-11-13T19:53:43.131+1100] {processor.py:927} WARNING - No viable dags retrieved from /Users/yoonmoon/git/learn-airflow/airflow1/py_env/lib/python3.11/site-packages/airflow/example_dags/plugins/listener_plugin.py
[2024-11-13T19:53:43.159+1100] {processor.py:208} INFO - Processing /Users/yoonmoon/git/learn-airflow/airflow1/py_env/lib/python3.11/site-packages/airflow/example_dags/plugins/listener_plugin.py took 0.033 seconds
[2024-11-13T19:54:54.264+1100] {processor.py:186} INFO - Started process (PID=67038) to work on /Users/yoonmoon/git/learn-airflow/airflow1/py_env/lib/python3.11/site-packages/airflow/example_dags/plugins/listener_plugin.py
[2024-11-13T19:54:54.265+1100] {processor.py:914} INFO - Processing file /Users/yoonmoon/git/learn-airflow/airflow1/py_env/lib/python3.11/site-packages/airflow/example_dags/plugins/listener_plugin.py for tasks to queue
[2024-11-13T19:54:54.266+1100] {logging_mixin.py:190} INFO - [2024-11-13T19:54:54.266+1100] {dagbag.py:588} INFO - Filling up the DagBag from /Users/yoonmoon/git/learn-airflow/airflow1/py_env/lib/python3.11/site-packages/airflow/example_dags/plugins/listener_plugin.py
[2024-11-13T19:54:54.267+1100] {processor.py:927} WARNING - No viable dags retrieved from /Users/yoonmoon/git/learn-airflow/airflow1/py_env/lib/python3.11/site-packages/airflow/example_dags/plugins/listener_plugin.py
[2024-11-13T19:54:54.296+1100] {processor.py:208} INFO - Processing /Users/yoonmoon/git/learn-airflow/airflow1/py_env/lib/python3.11/site-packages/airflow/example_dags/plugins/listener_plugin.py took 0.034 seconds
[2024-11-13T19:56:05.844+1100] {processor.py:186} INFO - Started process (PID=67175) to work on /Users/yoonmoon/git/learn-airflow/airflow1/py_env/lib/python3.11/site-packages/airflow/example_dags/plugins/listener_plugin.py
[2024-11-13T19:56:05.846+1100] {processor.py:914} INFO - Processing file /Users/yoonmoon/git/learn-airflow/airflow1/py_env/lib/python3.11/site-packages/airflow/example_dags/plugins/listener_plugin.py for tasks to queue
[2024-11-13T19:56:05.846+1100] {logging_mixin.py:190} INFO - [2024-11-13T19:56:05.846+1100] {dagbag.py:588} INFO - Filling up the DagBag from /Users/yoonmoon/git/learn-airflow/airflow1/py_env/lib/python3.11/site-packages/airflow/example_dags/plugins/listener_plugin.py
[2024-11-13T19:56:05.848+1100] {processor.py:927} WARNING - No viable dags retrieved from /Users/yoonmoon/git/learn-airflow/airflow1/py_env/lib/python3.11/site-packages/airflow/example_dags/plugins/listener_plugin.py
[2024-11-13T19:56:05.877+1100] {processor.py:208} INFO - Processing /Users/yoonmoon/git/learn-airflow/airflow1/py_env/lib/python3.11/site-packages/airflow/example_dags/plugins/listener_plugin.py took 0.035 seconds
[2024-11-13T19:57:14.464+1100] {processor.py:186} INFO - Started process (PID=67301) to work on /Users/yoonmoon/git/learn-airflow/airflow1/py_env/lib/python3.11/site-packages/airflow/example_dags/plugins/listener_plugin.py
[2024-11-13T19:57:14.466+1100] {processor.py:914} INFO - Processing file /Users/yoonmoon/git/learn-airflow/airflow1/py_env/lib/python3.11/site-packages/airflow/example_dags/plugins/listener_plugin.py for tasks to queue
[2024-11-13T19:57:14.466+1100] {logging_mixin.py:190} INFO - [2024-11-13T19:57:14.466+1100] {dagbag.py:588} INFO - Filling up the DagBag from /Users/yoonmoon/git/learn-airflow/airflow1/py_env/lib/python3.11/site-packages/airflow/example_dags/plugins/listener_plugin.py
[2024-11-13T19:57:14.467+1100] {processor.py:927} WARNING - No viable dags retrieved from /Users/yoonmoon/git/learn-airflow/airflow1/py_env/lib/python3.11/site-packages/airflow/example_dags/plugins/listener_plugin.py
[2024-11-13T19:57:14.495+1100] {processor.py:208} INFO - Processing /Users/yoonmoon/git/learn-airflow/airflow1/py_env/lib/python3.11/site-packages/airflow/example_dags/plugins/listener_plugin.py took 0.033 seconds
[2024-11-13T19:58:21.716+1100] {processor.py:186} INFO - Started process (PID=67423) to work on /Users/yoonmoon/git/learn-airflow/airflow1/py_env/lib/python3.11/site-packages/airflow/example_dags/plugins/listener_plugin.py
[2024-11-13T19:58:21.717+1100] {processor.py:914} INFO - Processing file /Users/yoonmoon/git/learn-airflow/airflow1/py_env/lib/python3.11/site-packages/airflow/example_dags/plugins/listener_plugin.py for tasks to queue
[2024-11-13T19:58:21.718+1100] {logging_mixin.py:190} INFO - [2024-11-13T19:58:21.717+1100] {dagbag.py:588} INFO - Filling up the DagBag from /Users/yoonmoon/git/learn-airflow/airflow1/py_env/lib/python3.11/site-packages/airflow/example_dags/plugins/listener_plugin.py
[2024-11-13T19:58:21.719+1100] {processor.py:927} WARNING - No viable dags retrieved from /Users/yoonmoon/git/learn-airflow/airflow1/py_env/lib/python3.11/site-packages/airflow/example_dags/plugins/listener_plugin.py
[2024-11-13T19:58:21.748+1100] {processor.py:208} INFO - Processing /Users/yoonmoon/git/learn-airflow/airflow1/py_env/lib/python3.11/site-packages/airflow/example_dags/plugins/listener_plugin.py took 0.034 seconds
[2024-11-13T19:59:27.245+1100] {processor.py:186} INFO - Started process (PID=67547) to work on /Users/yoonmoon/git/learn-airflow/airflow1/py_env/lib/python3.11/site-packages/airflow/example_dags/plugins/listener_plugin.py
[2024-11-13T19:59:27.246+1100] {processor.py:914} INFO - Processing file /Users/yoonmoon/git/learn-airflow/airflow1/py_env/lib/python3.11/site-packages/airflow/example_dags/plugins/listener_plugin.py for tasks to queue
[2024-11-13T19:59:27.247+1100] {logging_mixin.py:190} INFO - [2024-11-13T19:59:27.247+1100] {dagbag.py:588} INFO - Filling up the DagBag from /Users/yoonmoon/git/learn-airflow/airflow1/py_env/lib/python3.11/site-packages/airflow/example_dags/plugins/listener_plugin.py
[2024-11-13T19:59:27.249+1100] {processor.py:927} WARNING - No viable dags retrieved from /Users/yoonmoon/git/learn-airflow/airflow1/py_env/lib/python3.11/site-packages/airflow/example_dags/plugins/listener_plugin.py
[2024-11-13T19:59:27.278+1100] {processor.py:208} INFO - Processing /Users/yoonmoon/git/learn-airflow/airflow1/py_env/lib/python3.11/site-packages/airflow/example_dags/plugins/listener_plugin.py took 0.034 seconds
[2024-11-13T20:00:36.923+1100] {processor.py:186} INFO - Started process (PID=67671) to work on /Users/yoonmoon/git/learn-airflow/airflow1/py_env/lib/python3.11/site-packages/airflow/example_dags/plugins/listener_plugin.py
[2024-11-13T20:00:36.925+1100] {processor.py:914} INFO - Processing file /Users/yoonmoon/git/learn-airflow/airflow1/py_env/lib/python3.11/site-packages/airflow/example_dags/plugins/listener_plugin.py for tasks to queue
[2024-11-13T20:00:36.925+1100] {logging_mixin.py:190} INFO - [2024-11-13T20:00:36.925+1100] {dagbag.py:588} INFO - Filling up the DagBag from /Users/yoonmoon/git/learn-airflow/airflow1/py_env/lib/python3.11/site-packages/airflow/example_dags/plugins/listener_plugin.py
[2024-11-13T20:00:36.927+1100] {processor.py:927} WARNING - No viable dags retrieved from /Users/yoonmoon/git/learn-airflow/airflow1/py_env/lib/python3.11/site-packages/airflow/example_dags/plugins/listener_plugin.py
[2024-11-13T20:00:36.956+1100] {processor.py:208} INFO - Processing /Users/yoonmoon/git/learn-airflow/airflow1/py_env/lib/python3.11/site-packages/airflow/example_dags/plugins/listener_plugin.py took 0.034 seconds
[2024-11-13T20:01:44.383+1100] {processor.py:186} INFO - Started process (PID=67792) to work on /Users/yoonmoon/git/learn-airflow/airflow1/py_env/lib/python3.11/site-packages/airflow/example_dags/plugins/listener_plugin.py
[2024-11-13T20:01:44.384+1100] {processor.py:914} INFO - Processing file /Users/yoonmoon/git/learn-airflow/airflow1/py_env/lib/python3.11/site-packages/airflow/example_dags/plugins/listener_plugin.py for tasks to queue
[2024-11-13T20:01:44.385+1100] {logging_mixin.py:190} INFO - [2024-11-13T20:01:44.384+1100] {dagbag.py:588} INFO - Filling up the DagBag from /Users/yoonmoon/git/learn-airflow/airflow1/py_env/lib/python3.11/site-packages/airflow/example_dags/plugins/listener_plugin.py
[2024-11-13T20:01:44.386+1100] {processor.py:927} WARNING - No viable dags retrieved from /Users/yoonmoon/git/learn-airflow/airflow1/py_env/lib/python3.11/site-packages/airflow/example_dags/plugins/listener_plugin.py
[2024-11-13T20:01:44.415+1100] {processor.py:208} INFO - Processing /Users/yoonmoon/git/learn-airflow/airflow1/py_env/lib/python3.11/site-packages/airflow/example_dags/plugins/listener_plugin.py took 0.034 seconds
[2024-11-13T20:02:51.853+1100] {processor.py:186} INFO - Started process (PID=67916) to work on /Users/yoonmoon/git/learn-airflow/airflow1/py_env/lib/python3.11/site-packages/airflow/example_dags/plugins/listener_plugin.py
[2024-11-13T20:02:51.855+1100] {processor.py:914} INFO - Processing file /Users/yoonmoon/git/learn-airflow/airflow1/py_env/lib/python3.11/site-packages/airflow/example_dags/plugins/listener_plugin.py for tasks to queue
[2024-11-13T20:02:51.855+1100] {logging_mixin.py:190} INFO - [2024-11-13T20:02:51.855+1100] {dagbag.py:588} INFO - Filling up the DagBag from /Users/yoonmoon/git/learn-airflow/airflow1/py_env/lib/python3.11/site-packages/airflow/example_dags/plugins/listener_plugin.py
[2024-11-13T20:02:51.856+1100] {processor.py:927} WARNING - No viable dags retrieved from /Users/yoonmoon/git/learn-airflow/airflow1/py_env/lib/python3.11/site-packages/airflow/example_dags/plugins/listener_plugin.py
[2024-11-13T20:02:51.884+1100] {processor.py:208} INFO - Processing /Users/yoonmoon/git/learn-airflow/airflow1/py_env/lib/python3.11/site-packages/airflow/example_dags/plugins/listener_plugin.py took 0.033 seconds
[2024-11-13T20:04:00.110+1100] {processor.py:186} INFO - Started process (PID=68037) to work on /Users/yoonmoon/git/learn-airflow/airflow1/py_env/lib/python3.11/site-packages/airflow/example_dags/plugins/listener_plugin.py
[2024-11-13T20:04:00.111+1100] {processor.py:914} INFO - Processing file /Users/yoonmoon/git/learn-airflow/airflow1/py_env/lib/python3.11/site-packages/airflow/example_dags/plugins/listener_plugin.py for tasks to queue
[2024-11-13T20:04:00.112+1100] {logging_mixin.py:190} INFO - [2024-11-13T20:04:00.111+1100] {dagbag.py:588} INFO - Filling up the DagBag from /Users/yoonmoon/git/learn-airflow/airflow1/py_env/lib/python3.11/site-packages/airflow/example_dags/plugins/listener_plugin.py
[2024-11-13T20:04:00.113+1100] {processor.py:927} WARNING - No viable dags retrieved from /Users/yoonmoon/git/learn-airflow/airflow1/py_env/lib/python3.11/site-packages/airflow/example_dags/plugins/listener_plugin.py
[2024-11-13T20:04:00.141+1100] {processor.py:208} INFO - Processing /Users/yoonmoon/git/learn-airflow/airflow1/py_env/lib/python3.11/site-packages/airflow/example_dags/plugins/listener_plugin.py took 0.034 seconds
[2024-11-13T20:05:06.357+1100] {processor.py:186} INFO - Started process (PID=68163) to work on /Users/yoonmoon/git/learn-airflow/airflow1/py_env/lib/python3.11/site-packages/airflow/example_dags/plugins/listener_plugin.py
[2024-11-13T20:05:06.358+1100] {processor.py:914} INFO - Processing file /Users/yoonmoon/git/learn-airflow/airflow1/py_env/lib/python3.11/site-packages/airflow/example_dags/plugins/listener_plugin.py for tasks to queue
[2024-11-13T20:05:06.358+1100] {logging_mixin.py:190} INFO - [2024-11-13T20:05:06.358+1100] {dagbag.py:588} INFO - Filling up the DagBag from /Users/yoonmoon/git/learn-airflow/airflow1/py_env/lib/python3.11/site-packages/airflow/example_dags/plugins/listener_plugin.py
[2024-11-13T20:05:06.360+1100] {processor.py:927} WARNING - No viable dags retrieved from /Users/yoonmoon/git/learn-airflow/airflow1/py_env/lib/python3.11/site-packages/airflow/example_dags/plugins/listener_plugin.py
[2024-11-13T20:05:06.393+1100] {processor.py:208} INFO - Processing /Users/yoonmoon/git/learn-airflow/airflow1/py_env/lib/python3.11/site-packages/airflow/example_dags/plugins/listener_plugin.py took 0.039 seconds
[2024-11-13T20:06:18.067+1100] {processor.py:186} INFO - Started process (PID=68322) to work on /Users/yoonmoon/git/learn-airflow/airflow1/py_env/lib/python3.11/site-packages/airflow/example_dags/plugins/listener_plugin.py
[2024-11-13T20:06:18.067+1100] {processor.py:914} INFO - Processing file /Users/yoonmoon/git/learn-airflow/airflow1/py_env/lib/python3.11/site-packages/airflow/example_dags/plugins/listener_plugin.py for tasks to queue
[2024-11-13T20:06:18.068+1100] {logging_mixin.py:190} INFO - [2024-11-13T20:06:18.068+1100] {dagbag.py:588} INFO - Filling up the DagBag from /Users/yoonmoon/git/learn-airflow/airflow1/py_env/lib/python3.11/site-packages/airflow/example_dags/plugins/listener_plugin.py
[2024-11-13T20:06:18.069+1100] {processor.py:927} WARNING - No viable dags retrieved from /Users/yoonmoon/git/learn-airflow/airflow1/py_env/lib/python3.11/site-packages/airflow/example_dags/plugins/listener_plugin.py
[2024-11-13T20:06:18.101+1100] {processor.py:208} INFO - Processing /Users/yoonmoon/git/learn-airflow/airflow1/py_env/lib/python3.11/site-packages/airflow/example_dags/plugins/listener_plugin.py took 0.037 seconds
[2024-11-13T20:07:28.735+1100] {processor.py:186} INFO - Started process (PID=68458) to work on /Users/yoonmoon/git/learn-airflow/airflow1/py_env/lib/python3.11/site-packages/airflow/example_dags/plugins/listener_plugin.py
[2024-11-13T20:07:28.736+1100] {processor.py:914} INFO - Processing file /Users/yoonmoon/git/learn-airflow/airflow1/py_env/lib/python3.11/site-packages/airflow/example_dags/plugins/listener_plugin.py for tasks to queue
[2024-11-13T20:07:28.736+1100] {logging_mixin.py:190} INFO - [2024-11-13T20:07:28.736+1100] {dagbag.py:588} INFO - Filling up the DagBag from /Users/yoonmoon/git/learn-airflow/airflow1/py_env/lib/python3.11/site-packages/airflow/example_dags/plugins/listener_plugin.py
[2024-11-13T20:07:28.738+1100] {processor.py:927} WARNING - No viable dags retrieved from /Users/yoonmoon/git/learn-airflow/airflow1/py_env/lib/python3.11/site-packages/airflow/example_dags/plugins/listener_plugin.py
[2024-11-13T20:07:28.767+1100] {processor.py:208} INFO - Processing /Users/yoonmoon/git/learn-airflow/airflow1/py_env/lib/python3.11/site-packages/airflow/example_dags/plugins/listener_plugin.py took 0.034 seconds
[2024-11-13T20:08:39.271+1100] {processor.py:186} INFO - Started process (PID=68592) to work on /Users/yoonmoon/git/learn-airflow/airflow1/py_env/lib/python3.11/site-packages/airflow/example_dags/plugins/listener_plugin.py
[2024-11-13T20:08:39.272+1100] {processor.py:914} INFO - Processing file /Users/yoonmoon/git/learn-airflow/airflow1/py_env/lib/python3.11/site-packages/airflow/example_dags/plugins/listener_plugin.py for tasks to queue
[2024-11-13T20:08:39.273+1100] {logging_mixin.py:190} INFO - [2024-11-13T20:08:39.273+1100] {dagbag.py:588} INFO - Filling up the DagBag from /Users/yoonmoon/git/learn-airflow/airflow1/py_env/lib/python3.11/site-packages/airflow/example_dags/plugins/listener_plugin.py
[2024-11-13T20:08:39.274+1100] {processor.py:927} WARNING - No viable dags retrieved from /Users/yoonmoon/git/learn-airflow/airflow1/py_env/lib/python3.11/site-packages/airflow/example_dags/plugins/listener_plugin.py
[2024-11-13T20:08:39.302+1100] {processor.py:208} INFO - Processing /Users/yoonmoon/git/learn-airflow/airflow1/py_env/lib/python3.11/site-packages/airflow/example_dags/plugins/listener_plugin.py took 0.033 seconds
[2024-11-13T20:09:51.138+1100] {processor.py:186} INFO - Started process (PID=68734) to work on /Users/yoonmoon/git/learn-airflow/airflow1/py_env/lib/python3.11/site-packages/airflow/example_dags/plugins/listener_plugin.py
[2024-11-13T20:09:51.139+1100] {processor.py:914} INFO - Processing file /Users/yoonmoon/git/learn-airflow/airflow1/py_env/lib/python3.11/site-packages/airflow/example_dags/plugins/listener_plugin.py for tasks to queue
[2024-11-13T20:09:51.140+1100] {logging_mixin.py:190} INFO - [2024-11-13T20:09:51.140+1100] {dagbag.py:588} INFO - Filling up the DagBag from /Users/yoonmoon/git/learn-airflow/airflow1/py_env/lib/python3.11/site-packages/airflow/example_dags/plugins/listener_plugin.py
[2024-11-13T20:09:51.142+1100] {processor.py:927} WARNING - No viable dags retrieved from /Users/yoonmoon/git/learn-airflow/airflow1/py_env/lib/python3.11/site-packages/airflow/example_dags/plugins/listener_plugin.py
[2024-11-13T20:09:51.171+1100] {processor.py:208} INFO - Processing /Users/yoonmoon/git/learn-airflow/airflow1/py_env/lib/python3.11/site-packages/airflow/example_dags/plugins/listener_plugin.py took 0.035 seconds
[2024-11-13T20:10:59.933+1100] {processor.py:186} INFO - Started process (PID=68874) to work on /Users/yoonmoon/git/learn-airflow/airflow1/py_env/lib/python3.11/site-packages/airflow/example_dags/plugins/listener_plugin.py
[2024-11-13T20:10:59.934+1100] {processor.py:914} INFO - Processing file /Users/yoonmoon/git/learn-airflow/airflow1/py_env/lib/python3.11/site-packages/airflow/example_dags/plugins/listener_plugin.py for tasks to queue
[2024-11-13T20:10:59.934+1100] {logging_mixin.py:190} INFO - [2024-11-13T20:10:59.934+1100] {dagbag.py:588} INFO - Filling up the DagBag from /Users/yoonmoon/git/learn-airflow/airflow1/py_env/lib/python3.11/site-packages/airflow/example_dags/plugins/listener_plugin.py
[2024-11-13T20:10:59.935+1100] {processor.py:927} WARNING - No viable dags retrieved from /Users/yoonmoon/git/learn-airflow/airflow1/py_env/lib/python3.11/site-packages/airflow/example_dags/plugins/listener_plugin.py
[2024-11-13T20:10:59.963+1100] {processor.py:208} INFO - Processing /Users/yoonmoon/git/learn-airflow/airflow1/py_env/lib/python3.11/site-packages/airflow/example_dags/plugins/listener_plugin.py took 0.033 seconds
[2024-11-13T20:12:05.899+1100] {processor.py:186} INFO - Started process (PID=69000) to work on /Users/yoonmoon/git/learn-airflow/airflow1/py_env/lib/python3.11/site-packages/airflow/example_dags/plugins/listener_plugin.py
[2024-11-13T20:12:05.900+1100] {processor.py:914} INFO - Processing file /Users/yoonmoon/git/learn-airflow/airflow1/py_env/lib/python3.11/site-packages/airflow/example_dags/plugins/listener_plugin.py for tasks to queue
[2024-11-13T20:12:05.900+1100] {logging_mixin.py:190} INFO - [2024-11-13T20:12:05.900+1100] {dagbag.py:588} INFO - Filling up the DagBag from /Users/yoonmoon/git/learn-airflow/airflow1/py_env/lib/python3.11/site-packages/airflow/example_dags/plugins/listener_plugin.py
[2024-11-13T20:12:05.902+1100] {processor.py:927} WARNING - No viable dags retrieved from /Users/yoonmoon/git/learn-airflow/airflow1/py_env/lib/python3.11/site-packages/airflow/example_dags/plugins/listener_plugin.py
[2024-11-13T20:12:05.930+1100] {processor.py:208} INFO - Processing /Users/yoonmoon/git/learn-airflow/airflow1/py_env/lib/python3.11/site-packages/airflow/example_dags/plugins/listener_plugin.py took 0.034 seconds
[2024-11-13T20:13:14.722+1100] {processor.py:186} INFO - Started process (PID=69126) to work on /Users/yoonmoon/git/learn-airflow/airflow1/py_env/lib/python3.11/site-packages/airflow/example_dags/plugins/listener_plugin.py
[2024-11-13T20:13:14.723+1100] {processor.py:914} INFO - Processing file /Users/yoonmoon/git/learn-airflow/airflow1/py_env/lib/python3.11/site-packages/airflow/example_dags/plugins/listener_plugin.py for tasks to queue
[2024-11-13T20:13:14.724+1100] {logging_mixin.py:190} INFO - [2024-11-13T20:13:14.724+1100] {dagbag.py:588} INFO - Filling up the DagBag from /Users/yoonmoon/git/learn-airflow/airflow1/py_env/lib/python3.11/site-packages/airflow/example_dags/plugins/listener_plugin.py
[2024-11-13T20:13:14.725+1100] {processor.py:927} WARNING - No viable dags retrieved from /Users/yoonmoon/git/learn-airflow/airflow1/py_env/lib/python3.11/site-packages/airflow/example_dags/plugins/listener_plugin.py
[2024-11-13T20:13:14.755+1100] {processor.py:208} INFO - Processing /Users/yoonmoon/git/learn-airflow/airflow1/py_env/lib/python3.11/site-packages/airflow/example_dags/plugins/listener_plugin.py took 0.035 seconds
[2024-11-13T20:14:23.056+1100] {processor.py:186} INFO - Started process (PID=69249) to work on /Users/yoonmoon/git/learn-airflow/airflow1/py_env/lib/python3.11/site-packages/airflow/example_dags/plugins/listener_plugin.py
[2024-11-13T20:14:23.057+1100] {processor.py:914} INFO - Processing file /Users/yoonmoon/git/learn-airflow/airflow1/py_env/lib/python3.11/site-packages/airflow/example_dags/plugins/listener_plugin.py for tasks to queue
[2024-11-13T20:14:23.057+1100] {logging_mixin.py:190} INFO - [2024-11-13T20:14:23.057+1100] {dagbag.py:588} INFO - Filling up the DagBag from /Users/yoonmoon/git/learn-airflow/airflow1/py_env/lib/python3.11/site-packages/airflow/example_dags/plugins/listener_plugin.py
[2024-11-13T20:14:23.059+1100] {processor.py:927} WARNING - No viable dags retrieved from /Users/yoonmoon/git/learn-airflow/airflow1/py_env/lib/python3.11/site-packages/airflow/example_dags/plugins/listener_plugin.py
[2024-11-13T20:14:23.088+1100] {processor.py:208} INFO - Processing /Users/yoonmoon/git/learn-airflow/airflow1/py_env/lib/python3.11/site-packages/airflow/example_dags/plugins/listener_plugin.py took 0.035 seconds
[2024-11-13T20:15:34.075+1100] {processor.py:186} INFO - Started process (PID=69375) to work on /Users/yoonmoon/git/learn-airflow/airflow1/py_env/lib/python3.11/site-packages/airflow/example_dags/plugins/listener_plugin.py
[2024-11-13T20:15:34.076+1100] {processor.py:914} INFO - Processing file /Users/yoonmoon/git/learn-airflow/airflow1/py_env/lib/python3.11/site-packages/airflow/example_dags/plugins/listener_plugin.py for tasks to queue
[2024-11-13T20:15:34.076+1100] {logging_mixin.py:190} INFO - [2024-11-13T20:15:34.076+1100] {dagbag.py:588} INFO - Filling up the DagBag from /Users/yoonmoon/git/learn-airflow/airflow1/py_env/lib/python3.11/site-packages/airflow/example_dags/plugins/listener_plugin.py
[2024-11-13T20:15:34.078+1100] {processor.py:927} WARNING - No viable dags retrieved from /Users/yoonmoon/git/learn-airflow/airflow1/py_env/lib/python3.11/site-packages/airflow/example_dags/plugins/listener_plugin.py
[2024-11-13T20:15:34.108+1100] {processor.py:208} INFO - Processing /Users/yoonmoon/git/learn-airflow/airflow1/py_env/lib/python3.11/site-packages/airflow/example_dags/plugins/listener_plugin.py took 0.036 seconds
[2024-11-13T20:16:41.700+1100] {processor.py:186} INFO - Started process (PID=69498) to work on /Users/yoonmoon/git/learn-airflow/airflow1/py_env/lib/python3.11/site-packages/airflow/example_dags/plugins/listener_plugin.py
[2024-11-13T20:16:41.701+1100] {processor.py:914} INFO - Processing file /Users/yoonmoon/git/learn-airflow/airflow1/py_env/lib/python3.11/site-packages/airflow/example_dags/plugins/listener_plugin.py for tasks to queue
[2024-11-13T20:16:41.702+1100] {logging_mixin.py:190} INFO - [2024-11-13T20:16:41.702+1100] {dagbag.py:588} INFO - Filling up the DagBag from /Users/yoonmoon/git/learn-airflow/airflow1/py_env/lib/python3.11/site-packages/airflow/example_dags/plugins/listener_plugin.py
[2024-11-13T20:16:41.704+1100] {processor.py:927} WARNING - No viable dags retrieved from /Users/yoonmoon/git/learn-airflow/airflow1/py_env/lib/python3.11/site-packages/airflow/example_dags/plugins/listener_plugin.py
[2024-11-13T20:16:41.732+1100] {processor.py:208} INFO - Processing /Users/yoonmoon/git/learn-airflow/airflow1/py_env/lib/python3.11/site-packages/airflow/example_dags/plugins/listener_plugin.py took 0.034 seconds
[2024-11-13T20:17:50.810+1100] {processor.py:186} INFO - Started process (PID=69626) to work on /Users/yoonmoon/git/learn-airflow/airflow1/py_env/lib/python3.11/site-packages/airflow/example_dags/plugins/listener_plugin.py
[2024-11-13T20:17:50.811+1100] {processor.py:914} INFO - Processing file /Users/yoonmoon/git/learn-airflow/airflow1/py_env/lib/python3.11/site-packages/airflow/example_dags/plugins/listener_plugin.py for tasks to queue
[2024-11-13T20:17:50.811+1100] {logging_mixin.py:190} INFO - [2024-11-13T20:17:50.811+1100] {dagbag.py:588} INFO - Filling up the DagBag from /Users/yoonmoon/git/learn-airflow/airflow1/py_env/lib/python3.11/site-packages/airflow/example_dags/plugins/listener_plugin.py
[2024-11-13T20:17:50.813+1100] {processor.py:927} WARNING - No viable dags retrieved from /Users/yoonmoon/git/learn-airflow/airflow1/py_env/lib/python3.11/site-packages/airflow/example_dags/plugins/listener_plugin.py
[2024-11-13T20:17:50.842+1100] {processor.py:208} INFO - Processing /Users/yoonmoon/git/learn-airflow/airflow1/py_env/lib/python3.11/site-packages/airflow/example_dags/plugins/listener_plugin.py took 0.035 seconds
[2024-11-13T20:19:00.066+1100] {processor.py:186} INFO - Started process (PID=69768) to work on /Users/yoonmoon/git/learn-airflow/airflow1/py_env/lib/python3.11/site-packages/airflow/example_dags/plugins/listener_plugin.py
[2024-11-13T20:19:00.067+1100] {processor.py:914} INFO - Processing file /Users/yoonmoon/git/learn-airflow/airflow1/py_env/lib/python3.11/site-packages/airflow/example_dags/plugins/listener_plugin.py for tasks to queue
[2024-11-13T20:19:00.068+1100] {logging_mixin.py:190} INFO - [2024-11-13T20:19:00.068+1100] {dagbag.py:588} INFO - Filling up the DagBag from /Users/yoonmoon/git/learn-airflow/airflow1/py_env/lib/python3.11/site-packages/airflow/example_dags/plugins/listener_plugin.py
[2024-11-13T20:19:00.069+1100] {processor.py:927} WARNING - No viable dags retrieved from /Users/yoonmoon/git/learn-airflow/airflow1/py_env/lib/python3.11/site-packages/airflow/example_dags/plugins/listener_plugin.py
[2024-11-13T20:19:00.103+1100] {processor.py:208} INFO - Processing /Users/yoonmoon/git/learn-airflow/airflow1/py_env/lib/python3.11/site-packages/airflow/example_dags/plugins/listener_plugin.py took 0.039 seconds
[2024-11-13T20:20:11.117+1100] {processor.py:186} INFO - Started process (PID=69959) to work on /Users/yoonmoon/git/learn-airflow/airflow1/py_env/lib/python3.11/site-packages/airflow/example_dags/plugins/listener_plugin.py
[2024-11-13T20:20:11.117+1100] {processor.py:914} INFO - Processing file /Users/yoonmoon/git/learn-airflow/airflow1/py_env/lib/python3.11/site-packages/airflow/example_dags/plugins/listener_plugin.py for tasks to queue
[2024-11-13T20:20:11.118+1100] {logging_mixin.py:190} INFO - [2024-11-13T20:20:11.118+1100] {dagbag.py:588} INFO - Filling up the DagBag from /Users/yoonmoon/git/learn-airflow/airflow1/py_env/lib/python3.11/site-packages/airflow/example_dags/plugins/listener_plugin.py
[2024-11-13T20:20:11.119+1100] {processor.py:927} WARNING - No viable dags retrieved from /Users/yoonmoon/git/learn-airflow/airflow1/py_env/lib/python3.11/site-packages/airflow/example_dags/plugins/listener_plugin.py
[2024-11-13T20:20:11.149+1100] {processor.py:208} INFO - Processing /Users/yoonmoon/git/learn-airflow/airflow1/py_env/lib/python3.11/site-packages/airflow/example_dags/plugins/listener_plugin.py took 0.035 seconds
[2024-11-13T20:21:20.754+1100] {processor.py:186} INFO - Started process (PID=70148) to work on /Users/yoonmoon/git/learn-airflow/airflow1/py_env/lib/python3.11/site-packages/airflow/example_dags/plugins/listener_plugin.py
[2024-11-13T20:21:20.755+1100] {processor.py:914} INFO - Processing file /Users/yoonmoon/git/learn-airflow/airflow1/py_env/lib/python3.11/site-packages/airflow/example_dags/plugins/listener_plugin.py for tasks to queue
[2024-11-13T20:21:20.756+1100] {logging_mixin.py:190} INFO - [2024-11-13T20:21:20.755+1100] {dagbag.py:588} INFO - Filling up the DagBag from /Users/yoonmoon/git/learn-airflow/airflow1/py_env/lib/python3.11/site-packages/airflow/example_dags/plugins/listener_plugin.py
[2024-11-13T20:21:20.757+1100] {processor.py:927} WARNING - No viable dags retrieved from /Users/yoonmoon/git/learn-airflow/airflow1/py_env/lib/python3.11/site-packages/airflow/example_dags/plugins/listener_plugin.py
[2024-11-13T20:21:20.787+1100] {processor.py:208} INFO - Processing /Users/yoonmoon/git/learn-airflow/airflow1/py_env/lib/python3.11/site-packages/airflow/example_dags/plugins/listener_plugin.py took 0.034 seconds
[2024-11-13T20:22:27.704+1100] {processor.py:186} INFO - Started process (PID=70273) to work on /Users/yoonmoon/git/learn-airflow/airflow1/py_env/lib/python3.11/site-packages/airflow/example_dags/plugins/listener_plugin.py
[2024-11-13T20:22:27.705+1100] {processor.py:914} INFO - Processing file /Users/yoonmoon/git/learn-airflow/airflow1/py_env/lib/python3.11/site-packages/airflow/example_dags/plugins/listener_plugin.py for tasks to queue
[2024-11-13T20:22:27.705+1100] {logging_mixin.py:190} INFO - [2024-11-13T20:22:27.705+1100] {dagbag.py:588} INFO - Filling up the DagBag from /Users/yoonmoon/git/learn-airflow/airflow1/py_env/lib/python3.11/site-packages/airflow/example_dags/plugins/listener_plugin.py
[2024-11-13T20:22:27.707+1100] {processor.py:927} WARNING - No viable dags retrieved from /Users/yoonmoon/git/learn-airflow/airflow1/py_env/lib/python3.11/site-packages/airflow/example_dags/plugins/listener_plugin.py
[2024-11-13T20:22:27.735+1100] {processor.py:208} INFO - Processing /Users/yoonmoon/git/learn-airflow/airflow1/py_env/lib/python3.11/site-packages/airflow/example_dags/plugins/listener_plugin.py took 0.033 seconds
[2024-11-13T20:23:32.536+1100] {processor.py:186} INFO - Started process (PID=70402) to work on /Users/yoonmoon/git/learn-airflow/airflow1/py_env/lib/python3.11/site-packages/airflow/example_dags/plugins/listener_plugin.py
[2024-11-13T20:23:32.537+1100] {processor.py:914} INFO - Processing file /Users/yoonmoon/git/learn-airflow/airflow1/py_env/lib/python3.11/site-packages/airflow/example_dags/plugins/listener_plugin.py for tasks to queue
[2024-11-13T20:23:32.537+1100] {logging_mixin.py:190} INFO - [2024-11-13T20:23:32.537+1100] {dagbag.py:588} INFO - Filling up the DagBag from /Users/yoonmoon/git/learn-airflow/airflow1/py_env/lib/python3.11/site-packages/airflow/example_dags/plugins/listener_plugin.py
[2024-11-13T20:23:32.539+1100] {processor.py:927} WARNING - No viable dags retrieved from /Users/yoonmoon/git/learn-airflow/airflow1/py_env/lib/python3.11/site-packages/airflow/example_dags/plugins/listener_plugin.py
[2024-11-13T20:23:32.570+1100] {processor.py:208} INFO - Processing /Users/yoonmoon/git/learn-airflow/airflow1/py_env/lib/python3.11/site-packages/airflow/example_dags/plugins/listener_plugin.py took 0.036 seconds
[2024-11-13T20:24:39.873+1100] {processor.py:186} INFO - Started process (PID=70526) to work on /Users/yoonmoon/git/learn-airflow/airflow1/py_env/lib/python3.11/site-packages/airflow/example_dags/plugins/listener_plugin.py
[2024-11-13T20:24:39.873+1100] {processor.py:914} INFO - Processing file /Users/yoonmoon/git/learn-airflow/airflow1/py_env/lib/python3.11/site-packages/airflow/example_dags/plugins/listener_plugin.py for tasks to queue
[2024-11-13T20:24:39.874+1100] {logging_mixin.py:190} INFO - [2024-11-13T20:24:39.874+1100] {dagbag.py:588} INFO - Filling up the DagBag from /Users/yoonmoon/git/learn-airflow/airflow1/py_env/lib/python3.11/site-packages/airflow/example_dags/plugins/listener_plugin.py
[2024-11-13T20:24:39.876+1100] {processor.py:927} WARNING - No viable dags retrieved from /Users/yoonmoon/git/learn-airflow/airflow1/py_env/lib/python3.11/site-packages/airflow/example_dags/plugins/listener_plugin.py
[2024-11-13T20:24:39.905+1100] {processor.py:208} INFO - Processing /Users/yoonmoon/git/learn-airflow/airflow1/py_env/lib/python3.11/site-packages/airflow/example_dags/plugins/listener_plugin.py took 0.035 seconds
[2024-11-13T20:25:48.887+1100] {processor.py:186} INFO - Started process (PID=70653) to work on /Users/yoonmoon/git/learn-airflow/airflow1/py_env/lib/python3.11/site-packages/airflow/example_dags/plugins/listener_plugin.py
[2024-11-13T20:25:48.888+1100] {processor.py:914} INFO - Processing file /Users/yoonmoon/git/learn-airflow/airflow1/py_env/lib/python3.11/site-packages/airflow/example_dags/plugins/listener_plugin.py for tasks to queue
[2024-11-13T20:25:48.888+1100] {logging_mixin.py:190} INFO - [2024-11-13T20:25:48.888+1100] {dagbag.py:588} INFO - Filling up the DagBag from /Users/yoonmoon/git/learn-airflow/airflow1/py_env/lib/python3.11/site-packages/airflow/example_dags/plugins/listener_plugin.py
[2024-11-13T20:25:48.890+1100] {processor.py:927} WARNING - No viable dags retrieved from /Users/yoonmoon/git/learn-airflow/airflow1/py_env/lib/python3.11/site-packages/airflow/example_dags/plugins/listener_plugin.py
[2024-11-13T20:25:48.918+1100] {processor.py:208} INFO - Processing /Users/yoonmoon/git/learn-airflow/airflow1/py_env/lib/python3.11/site-packages/airflow/example_dags/plugins/listener_plugin.py took 0.034 seconds
[2024-11-13T20:26:57.208+1100] {processor.py:186} INFO - Started process (PID=70806) to work on /Users/yoonmoon/git/learn-airflow/airflow1/py_env/lib/python3.11/site-packages/airflow/example_dags/plugins/listener_plugin.py
[2024-11-13T20:26:57.209+1100] {processor.py:914} INFO - Processing file /Users/yoonmoon/git/learn-airflow/airflow1/py_env/lib/python3.11/site-packages/airflow/example_dags/plugins/listener_plugin.py for tasks to queue
[2024-11-13T20:26:57.209+1100] {logging_mixin.py:190} INFO - [2024-11-13T20:26:57.209+1100] {dagbag.py:588} INFO - Filling up the DagBag from /Users/yoonmoon/git/learn-airflow/airflow1/py_env/lib/python3.11/site-packages/airflow/example_dags/plugins/listener_plugin.py
[2024-11-13T20:26:57.211+1100] {processor.py:927} WARNING - No viable dags retrieved from /Users/yoonmoon/git/learn-airflow/airflow1/py_env/lib/python3.11/site-packages/airflow/example_dags/plugins/listener_plugin.py
[2024-11-13T20:26:57.240+1100] {processor.py:208} INFO - Processing /Users/yoonmoon/git/learn-airflow/airflow1/py_env/lib/python3.11/site-packages/airflow/example_dags/plugins/listener_plugin.py took 0.034 seconds
[2024-11-13T20:28:07.368+1100] {processor.py:186} INFO - Started process (PID=70938) to work on /Users/yoonmoon/git/learn-airflow/airflow1/py_env/lib/python3.11/site-packages/airflow/example_dags/plugins/listener_plugin.py
[2024-11-13T20:28:07.369+1100] {processor.py:914} INFO - Processing file /Users/yoonmoon/git/learn-airflow/airflow1/py_env/lib/python3.11/site-packages/airflow/example_dags/plugins/listener_plugin.py for tasks to queue
[2024-11-13T20:28:07.369+1100] {logging_mixin.py:190} INFO - [2024-11-13T20:28:07.369+1100] {dagbag.py:588} INFO - Filling up the DagBag from /Users/yoonmoon/git/learn-airflow/airflow1/py_env/lib/python3.11/site-packages/airflow/example_dags/plugins/listener_plugin.py
[2024-11-13T20:28:07.371+1100] {processor.py:927} WARNING - No viable dags retrieved from /Users/yoonmoon/git/learn-airflow/airflow1/py_env/lib/python3.11/site-packages/airflow/example_dags/plugins/listener_plugin.py
[2024-11-13T20:28:07.400+1100] {processor.py:208} INFO - Processing /Users/yoonmoon/git/learn-airflow/airflow1/py_env/lib/python3.11/site-packages/airflow/example_dags/plugins/listener_plugin.py took 0.035 seconds
[2024-11-13T20:29:13.133+1100] {processor.py:186} INFO - Started process (PID=71081) to work on /Users/yoonmoon/git/learn-airflow/airflow1/py_env/lib/python3.11/site-packages/airflow/example_dags/plugins/listener_plugin.py
[2024-11-13T20:29:13.135+1100] {processor.py:914} INFO - Processing file /Users/yoonmoon/git/learn-airflow/airflow1/py_env/lib/python3.11/site-packages/airflow/example_dags/plugins/listener_plugin.py for tasks to queue
[2024-11-13T20:29:13.135+1100] {logging_mixin.py:190} INFO - [2024-11-13T20:29:13.135+1100] {dagbag.py:588} INFO - Filling up the DagBag from /Users/yoonmoon/git/learn-airflow/airflow1/py_env/lib/python3.11/site-packages/airflow/example_dags/plugins/listener_plugin.py
[2024-11-13T20:29:13.137+1100] {processor.py:927} WARNING - No viable dags retrieved from /Users/yoonmoon/git/learn-airflow/airflow1/py_env/lib/python3.11/site-packages/airflow/example_dags/plugins/listener_plugin.py
[2024-11-13T20:29:13.167+1100] {processor.py:208} INFO - Processing /Users/yoonmoon/git/learn-airflow/airflow1/py_env/lib/python3.11/site-packages/airflow/example_dags/plugins/listener_plugin.py took 0.036 seconds
[2024-11-13T20:30:21.104+1100] {processor.py:186} INFO - Started process (PID=71204) to work on /Users/yoonmoon/git/learn-airflow/airflow1/py_env/lib/python3.11/site-packages/airflow/example_dags/plugins/listener_plugin.py
[2024-11-13T20:30:21.106+1100] {processor.py:914} INFO - Processing file /Users/yoonmoon/git/learn-airflow/airflow1/py_env/lib/python3.11/site-packages/airflow/example_dags/plugins/listener_plugin.py for tasks to queue
[2024-11-13T20:30:21.106+1100] {logging_mixin.py:190} INFO - [2024-11-13T20:30:21.106+1100] {dagbag.py:588} INFO - Filling up the DagBag from /Users/yoonmoon/git/learn-airflow/airflow1/py_env/lib/python3.11/site-packages/airflow/example_dags/plugins/listener_plugin.py
[2024-11-13T20:30:21.108+1100] {processor.py:927} WARNING - No viable dags retrieved from /Users/yoonmoon/git/learn-airflow/airflow1/py_env/lib/python3.11/site-packages/airflow/example_dags/plugins/listener_plugin.py
[2024-11-13T20:30:21.137+1100] {processor.py:208} INFO - Processing /Users/yoonmoon/git/learn-airflow/airflow1/py_env/lib/python3.11/site-packages/airflow/example_dags/plugins/listener_plugin.py took 0.034 seconds
[2024-11-13T20:31:30.674+1100] {processor.py:186} INFO - Started process (PID=71329) to work on /Users/yoonmoon/git/learn-airflow/airflow1/py_env/lib/python3.11/site-packages/airflow/example_dags/plugins/listener_plugin.py
[2024-11-13T20:31:30.675+1100] {processor.py:914} INFO - Processing file /Users/yoonmoon/git/learn-airflow/airflow1/py_env/lib/python3.11/site-packages/airflow/example_dags/plugins/listener_plugin.py for tasks to queue
[2024-11-13T20:31:30.675+1100] {logging_mixin.py:190} INFO - [2024-11-13T20:31:30.675+1100] {dagbag.py:588} INFO - Filling up the DagBag from /Users/yoonmoon/git/learn-airflow/airflow1/py_env/lib/python3.11/site-packages/airflow/example_dags/plugins/listener_plugin.py
[2024-11-13T20:31:30.677+1100] {processor.py:927} WARNING - No viable dags retrieved from /Users/yoonmoon/git/learn-airflow/airflow1/py_env/lib/python3.11/site-packages/airflow/example_dags/plugins/listener_plugin.py
[2024-11-13T20:31:30.706+1100] {processor.py:208} INFO - Processing /Users/yoonmoon/git/learn-airflow/airflow1/py_env/lib/python3.11/site-packages/airflow/example_dags/plugins/listener_plugin.py took 0.036 seconds
[2024-11-13T20:32:41.378+1100] {processor.py:186} INFO - Started process (PID=71458) to work on /Users/yoonmoon/git/learn-airflow/airflow1/py_env/lib/python3.11/site-packages/airflow/example_dags/plugins/listener_plugin.py
[2024-11-13T20:32:41.378+1100] {processor.py:914} INFO - Processing file /Users/yoonmoon/git/learn-airflow/airflow1/py_env/lib/python3.11/site-packages/airflow/example_dags/plugins/listener_plugin.py for tasks to queue
[2024-11-13T20:32:41.379+1100] {logging_mixin.py:190} INFO - [2024-11-13T20:32:41.379+1100] {dagbag.py:588} INFO - Filling up the DagBag from /Users/yoonmoon/git/learn-airflow/airflow1/py_env/lib/python3.11/site-packages/airflow/example_dags/plugins/listener_plugin.py
[2024-11-13T20:32:41.380+1100] {processor.py:927} WARNING - No viable dags retrieved from /Users/yoonmoon/git/learn-airflow/airflow1/py_env/lib/python3.11/site-packages/airflow/example_dags/plugins/listener_plugin.py
[2024-11-13T20:32:41.410+1100] {processor.py:208} INFO - Processing /Users/yoonmoon/git/learn-airflow/airflow1/py_env/lib/python3.11/site-packages/airflow/example_dags/plugins/listener_plugin.py took 0.035 seconds
[2024-11-13T20:33:52.453+1100] {processor.py:186} INFO - Started process (PID=71585) to work on /Users/yoonmoon/git/learn-airflow/airflow1/py_env/lib/python3.11/site-packages/airflow/example_dags/plugins/listener_plugin.py
[2024-11-13T20:33:52.454+1100] {processor.py:914} INFO - Processing file /Users/yoonmoon/git/learn-airflow/airflow1/py_env/lib/python3.11/site-packages/airflow/example_dags/plugins/listener_plugin.py for tasks to queue
[2024-11-13T20:33:52.455+1100] {logging_mixin.py:190} INFO - [2024-11-13T20:33:52.455+1100] {dagbag.py:588} INFO - Filling up the DagBag from /Users/yoonmoon/git/learn-airflow/airflow1/py_env/lib/python3.11/site-packages/airflow/example_dags/plugins/listener_plugin.py
[2024-11-13T20:33:52.456+1100] {processor.py:927} WARNING - No viable dags retrieved from /Users/yoonmoon/git/learn-airflow/airflow1/py_env/lib/python3.11/site-packages/airflow/example_dags/plugins/listener_plugin.py
[2024-11-13T20:33:52.484+1100] {processor.py:208} INFO - Processing /Users/yoonmoon/git/learn-airflow/airflow1/py_env/lib/python3.11/site-packages/airflow/example_dags/plugins/listener_plugin.py took 0.033 seconds
[2024-11-13T20:35:03.565+1100] {processor.py:186} INFO - Started process (PID=71721) to work on /Users/yoonmoon/git/learn-airflow/airflow1/py_env/lib/python3.11/site-packages/airflow/example_dags/plugins/listener_plugin.py
[2024-11-13T20:35:03.566+1100] {processor.py:914} INFO - Processing file /Users/yoonmoon/git/learn-airflow/airflow1/py_env/lib/python3.11/site-packages/airflow/example_dags/plugins/listener_plugin.py for tasks to queue
[2024-11-13T20:35:03.566+1100] {logging_mixin.py:190} INFO - [2024-11-13T20:35:03.566+1100] {dagbag.py:588} INFO - Filling up the DagBag from /Users/yoonmoon/git/learn-airflow/airflow1/py_env/lib/python3.11/site-packages/airflow/example_dags/plugins/listener_plugin.py
[2024-11-13T20:35:03.568+1100] {processor.py:927} WARNING - No viable dags retrieved from /Users/yoonmoon/git/learn-airflow/airflow1/py_env/lib/python3.11/site-packages/airflow/example_dags/plugins/listener_plugin.py
[2024-11-13T20:35:03.597+1100] {processor.py:208} INFO - Processing /Users/yoonmoon/git/learn-airflow/airflow1/py_env/lib/python3.11/site-packages/airflow/example_dags/plugins/listener_plugin.py took 0.035 seconds
[2024-11-13T20:36:12.864+1100] {processor.py:186} INFO - Started process (PID=71864) to work on /Users/yoonmoon/git/learn-airflow/airflow1/py_env/lib/python3.11/site-packages/airflow/example_dags/plugins/listener_plugin.py
[2024-11-13T20:36:12.865+1100] {processor.py:914} INFO - Processing file /Users/yoonmoon/git/learn-airflow/airflow1/py_env/lib/python3.11/site-packages/airflow/example_dags/plugins/listener_plugin.py for tasks to queue
[2024-11-13T20:36:12.865+1100] {logging_mixin.py:190} INFO - [2024-11-13T20:36:12.865+1100] {dagbag.py:588} INFO - Filling up the DagBag from /Users/yoonmoon/git/learn-airflow/airflow1/py_env/lib/python3.11/site-packages/airflow/example_dags/plugins/listener_plugin.py
[2024-11-13T20:36:12.867+1100] {processor.py:927} WARNING - No viable dags retrieved from /Users/yoonmoon/git/learn-airflow/airflow1/py_env/lib/python3.11/site-packages/airflow/example_dags/plugins/listener_plugin.py
[2024-11-13T20:36:12.895+1100] {processor.py:208} INFO - Processing /Users/yoonmoon/git/learn-airflow/airflow1/py_env/lib/python3.11/site-packages/airflow/example_dags/plugins/listener_plugin.py took 0.034 seconds
[2024-11-13T20:37:21.028+1100] {processor.py:186} INFO - Started process (PID=72012) to work on /Users/yoonmoon/git/learn-airflow/airflow1/py_env/lib/python3.11/site-packages/airflow/example_dags/plugins/listener_plugin.py
[2024-11-13T20:37:21.028+1100] {processor.py:914} INFO - Processing file /Users/yoonmoon/git/learn-airflow/airflow1/py_env/lib/python3.11/site-packages/airflow/example_dags/plugins/listener_plugin.py for tasks to queue
[2024-11-13T20:37:21.029+1100] {logging_mixin.py:190} INFO - [2024-11-13T20:37:21.029+1100] {dagbag.py:588} INFO - Filling up the DagBag from /Users/yoonmoon/git/learn-airflow/airflow1/py_env/lib/python3.11/site-packages/airflow/example_dags/plugins/listener_plugin.py
[2024-11-13T20:37:21.030+1100] {processor.py:927} WARNING - No viable dags retrieved from /Users/yoonmoon/git/learn-airflow/airflow1/py_env/lib/python3.11/site-packages/airflow/example_dags/plugins/listener_plugin.py
[2024-11-13T20:37:21.060+1100] {processor.py:208} INFO - Processing /Users/yoonmoon/git/learn-airflow/airflow1/py_env/lib/python3.11/site-packages/airflow/example_dags/plugins/listener_plugin.py took 0.034 seconds
[2024-11-13T20:38:30.942+1100] {processor.py:186} INFO - Started process (PID=72158) to work on /Users/yoonmoon/git/learn-airflow/airflow1/py_env/lib/python3.11/site-packages/airflow/example_dags/plugins/listener_plugin.py
[2024-11-13T20:38:30.943+1100] {processor.py:914} INFO - Processing file /Users/yoonmoon/git/learn-airflow/airflow1/py_env/lib/python3.11/site-packages/airflow/example_dags/plugins/listener_plugin.py for tasks to queue
[2024-11-13T20:38:30.943+1100] {logging_mixin.py:190} INFO - [2024-11-13T20:38:30.943+1100] {dagbag.py:588} INFO - Filling up the DagBag from /Users/yoonmoon/git/learn-airflow/airflow1/py_env/lib/python3.11/site-packages/airflow/example_dags/plugins/listener_plugin.py
[2024-11-13T20:38:30.945+1100] {processor.py:927} WARNING - No viable dags retrieved from /Users/yoonmoon/git/learn-airflow/airflow1/py_env/lib/python3.11/site-packages/airflow/example_dags/plugins/listener_plugin.py
[2024-11-13T20:38:30.974+1100] {processor.py:208} INFO - Processing /Users/yoonmoon/git/learn-airflow/airflow1/py_env/lib/python3.11/site-packages/airflow/example_dags/plugins/listener_plugin.py took 0.034 seconds
[2024-11-13T20:39:37.635+1100] {processor.py:186} INFO - Started process (PID=72287) to work on /Users/yoonmoon/git/learn-airflow/airflow1/py_env/lib/python3.11/site-packages/airflow/example_dags/plugins/listener_plugin.py
[2024-11-13T20:39:37.636+1100] {processor.py:914} INFO - Processing file /Users/yoonmoon/git/learn-airflow/airflow1/py_env/lib/python3.11/site-packages/airflow/example_dags/plugins/listener_plugin.py for tasks to queue
[2024-11-13T20:39:37.637+1100] {logging_mixin.py:190} INFO - [2024-11-13T20:39:37.637+1100] {dagbag.py:588} INFO - Filling up the DagBag from /Users/yoonmoon/git/learn-airflow/airflow1/py_env/lib/python3.11/site-packages/airflow/example_dags/plugins/listener_plugin.py
[2024-11-13T20:39:37.639+1100] {processor.py:927} WARNING - No viable dags retrieved from /Users/yoonmoon/git/learn-airflow/airflow1/py_env/lib/python3.11/site-packages/airflow/example_dags/plugins/listener_plugin.py
[2024-11-13T20:39:37.669+1100] {processor.py:208} INFO - Processing /Users/yoonmoon/git/learn-airflow/airflow1/py_env/lib/python3.11/site-packages/airflow/example_dags/plugins/listener_plugin.py took 0.036 seconds
[2024-11-13T20:40:50.314+1100] {processor.py:186} INFO - Started process (PID=72417) to work on /Users/yoonmoon/git/learn-airflow/airflow1/py_env/lib/python3.11/site-packages/airflow/example_dags/plugins/listener_plugin.py
[2024-11-13T20:40:50.315+1100] {processor.py:914} INFO - Processing file /Users/yoonmoon/git/learn-airflow/airflow1/py_env/lib/python3.11/site-packages/airflow/example_dags/plugins/listener_plugin.py for tasks to queue
[2024-11-13T20:40:50.315+1100] {logging_mixin.py:190} INFO - [2024-11-13T20:40:50.315+1100] {dagbag.py:588} INFO - Filling up the DagBag from /Users/yoonmoon/git/learn-airflow/airflow1/py_env/lib/python3.11/site-packages/airflow/example_dags/plugins/listener_plugin.py
[2024-11-13T20:40:50.317+1100] {processor.py:927} WARNING - No viable dags retrieved from /Users/yoonmoon/git/learn-airflow/airflow1/py_env/lib/python3.11/site-packages/airflow/example_dags/plugins/listener_plugin.py
[2024-11-13T20:40:50.346+1100] {processor.py:208} INFO - Processing /Users/yoonmoon/git/learn-airflow/airflow1/py_env/lib/python3.11/site-packages/airflow/example_dags/plugins/listener_plugin.py took 0.034 seconds
[2024-11-13T20:42:01.078+1100] {processor.py:186} INFO - Started process (PID=72548) to work on /Users/yoonmoon/git/learn-airflow/airflow1/py_env/lib/python3.11/site-packages/airflow/example_dags/plugins/listener_plugin.py
[2024-11-13T20:42:01.080+1100] {processor.py:914} INFO - Processing file /Users/yoonmoon/git/learn-airflow/airflow1/py_env/lib/python3.11/site-packages/airflow/example_dags/plugins/listener_plugin.py for tasks to queue
[2024-11-13T20:42:01.080+1100] {logging_mixin.py:190} INFO - [2024-11-13T20:42:01.080+1100] {dagbag.py:588} INFO - Filling up the DagBag from /Users/yoonmoon/git/learn-airflow/airflow1/py_env/lib/python3.11/site-packages/airflow/example_dags/plugins/listener_plugin.py
[2024-11-13T20:42:01.082+1100] {processor.py:927} WARNING - No viable dags retrieved from /Users/yoonmoon/git/learn-airflow/airflow1/py_env/lib/python3.11/site-packages/airflow/example_dags/plugins/listener_plugin.py
[2024-11-13T20:42:01.110+1100] {processor.py:208} INFO - Processing /Users/yoonmoon/git/learn-airflow/airflow1/py_env/lib/python3.11/site-packages/airflow/example_dags/plugins/listener_plugin.py took 0.034 seconds
[2024-11-13T20:43:08.956+1100] {processor.py:186} INFO - Started process (PID=72676) to work on /Users/yoonmoon/git/learn-airflow/airflow1/py_env/lib/python3.11/site-packages/airflow/example_dags/plugins/listener_plugin.py
[2024-11-13T20:43:08.957+1100] {processor.py:914} INFO - Processing file /Users/yoonmoon/git/learn-airflow/airflow1/py_env/lib/python3.11/site-packages/airflow/example_dags/plugins/listener_plugin.py for tasks to queue
[2024-11-13T20:43:08.958+1100] {logging_mixin.py:190} INFO - [2024-11-13T20:43:08.958+1100] {dagbag.py:588} INFO - Filling up the DagBag from /Users/yoonmoon/git/learn-airflow/airflow1/py_env/lib/python3.11/site-packages/airflow/example_dags/plugins/listener_plugin.py
[2024-11-13T20:43:08.960+1100] {processor.py:927} WARNING - No viable dags retrieved from /Users/yoonmoon/git/learn-airflow/airflow1/py_env/lib/python3.11/site-packages/airflow/example_dags/plugins/listener_plugin.py
[2024-11-13T20:43:08.988+1100] {processor.py:208} INFO - Processing /Users/yoonmoon/git/learn-airflow/airflow1/py_env/lib/python3.11/site-packages/airflow/example_dags/plugins/listener_plugin.py took 0.034 seconds
[2024-11-13T20:44:16.386+1100] {processor.py:186} INFO - Started process (PID=72804) to work on /Users/yoonmoon/git/learn-airflow/airflow1/py_env/lib/python3.11/site-packages/airflow/example_dags/plugins/listener_plugin.py
[2024-11-13T20:44:16.388+1100] {processor.py:914} INFO - Processing file /Users/yoonmoon/git/learn-airflow/airflow1/py_env/lib/python3.11/site-packages/airflow/example_dags/plugins/listener_plugin.py for tasks to queue
[2024-11-13T20:44:16.388+1100] {logging_mixin.py:190} INFO - [2024-11-13T20:44:16.388+1100] {dagbag.py:588} INFO - Filling up the DagBag from /Users/yoonmoon/git/learn-airflow/airflow1/py_env/lib/python3.11/site-packages/airflow/example_dags/plugins/listener_plugin.py
[2024-11-13T20:44:16.390+1100] {processor.py:927} WARNING - No viable dags retrieved from /Users/yoonmoon/git/learn-airflow/airflow1/py_env/lib/python3.11/site-packages/airflow/example_dags/plugins/listener_plugin.py
[2024-11-13T20:44:16.418+1100] {processor.py:208} INFO - Processing /Users/yoonmoon/git/learn-airflow/airflow1/py_env/lib/python3.11/site-packages/airflow/example_dags/plugins/listener_plugin.py took 0.034 seconds
[2024-11-13T20:45:29.872+1100] {processor.py:186} INFO - Started process (PID=72949) to work on /Users/yoonmoon/git/learn-airflow/airflow1/py_env/lib/python3.11/site-packages/airflow/example_dags/plugins/listener_plugin.py
[2024-11-13T20:45:29.873+1100] {processor.py:914} INFO - Processing file /Users/yoonmoon/git/learn-airflow/airflow1/py_env/lib/python3.11/site-packages/airflow/example_dags/plugins/listener_plugin.py for tasks to queue
[2024-11-13T20:45:29.874+1100] {logging_mixin.py:190} INFO - [2024-11-13T20:45:29.873+1100] {dagbag.py:588} INFO - Filling up the DagBag from /Users/yoonmoon/git/learn-airflow/airflow1/py_env/lib/python3.11/site-packages/airflow/example_dags/plugins/listener_plugin.py
[2024-11-13T20:45:29.875+1100] {processor.py:927} WARNING - No viable dags retrieved from /Users/yoonmoon/git/learn-airflow/airflow1/py_env/lib/python3.11/site-packages/airflow/example_dags/plugins/listener_plugin.py
[2024-11-13T20:45:29.905+1100] {processor.py:208} INFO - Processing /Users/yoonmoon/git/learn-airflow/airflow1/py_env/lib/python3.11/site-packages/airflow/example_dags/plugins/listener_plugin.py took 0.035 seconds
[2024-11-13T20:46:40.673+1100] {processor.py:186} INFO - Started process (PID=73077) to work on /Users/yoonmoon/git/learn-airflow/airflow1/py_env/lib/python3.11/site-packages/airflow/example_dags/plugins/listener_plugin.py
[2024-11-13T20:46:40.674+1100] {processor.py:914} INFO - Processing file /Users/yoonmoon/git/learn-airflow/airflow1/py_env/lib/python3.11/site-packages/airflow/example_dags/plugins/listener_plugin.py for tasks to queue
[2024-11-13T20:46:40.675+1100] {logging_mixin.py:190} INFO - [2024-11-13T20:46:40.675+1100] {dagbag.py:588} INFO - Filling up the DagBag from /Users/yoonmoon/git/learn-airflow/airflow1/py_env/lib/python3.11/site-packages/airflow/example_dags/plugins/listener_plugin.py
[2024-11-13T20:46:40.677+1100] {processor.py:927} WARNING - No viable dags retrieved from /Users/yoonmoon/git/learn-airflow/airflow1/py_env/lib/python3.11/site-packages/airflow/example_dags/plugins/listener_plugin.py
[2024-11-13T20:46:40.705+1100] {processor.py:208} INFO - Processing /Users/yoonmoon/git/learn-airflow/airflow1/py_env/lib/python3.11/site-packages/airflow/example_dags/plugins/listener_plugin.py took 0.035 seconds
[2024-11-13T20:47:51.657+1100] {processor.py:186} INFO - Started process (PID=73220) to work on /Users/yoonmoon/git/learn-airflow/airflow1/py_env/lib/python3.11/site-packages/airflow/example_dags/plugins/listener_plugin.py
[2024-11-13T20:47:51.658+1100] {processor.py:914} INFO - Processing file /Users/yoonmoon/git/learn-airflow/airflow1/py_env/lib/python3.11/site-packages/airflow/example_dags/plugins/listener_plugin.py for tasks to queue
[2024-11-13T20:47:51.658+1100] {logging_mixin.py:190} INFO - [2024-11-13T20:47:51.658+1100] {dagbag.py:588} INFO - Filling up the DagBag from /Users/yoonmoon/git/learn-airflow/airflow1/py_env/lib/python3.11/site-packages/airflow/example_dags/plugins/listener_plugin.py
[2024-11-13T20:47:51.660+1100] {processor.py:927} WARNING - No viable dags retrieved from /Users/yoonmoon/git/learn-airflow/airflow1/py_env/lib/python3.11/site-packages/airflow/example_dags/plugins/listener_plugin.py
[2024-11-13T20:47:51.688+1100] {processor.py:208} INFO - Processing /Users/yoonmoon/git/learn-airflow/airflow1/py_env/lib/python3.11/site-packages/airflow/example_dags/plugins/listener_plugin.py took 0.033 seconds
[2024-11-13T20:49:02.957+1100] {processor.py:186} INFO - Started process (PID=73358) to work on /Users/yoonmoon/git/learn-airflow/airflow1/py_env/lib/python3.11/site-packages/airflow/example_dags/plugins/listener_plugin.py
[2024-11-13T20:49:02.959+1100] {processor.py:914} INFO - Processing file /Users/yoonmoon/git/learn-airflow/airflow1/py_env/lib/python3.11/site-packages/airflow/example_dags/plugins/listener_plugin.py for tasks to queue
[2024-11-13T20:49:02.959+1100] {logging_mixin.py:190} INFO - [2024-11-13T20:49:02.959+1100] {dagbag.py:588} INFO - Filling up the DagBag from /Users/yoonmoon/git/learn-airflow/airflow1/py_env/lib/python3.11/site-packages/airflow/example_dags/plugins/listener_plugin.py
[2024-11-13T20:49:02.960+1100] {processor.py:927} WARNING - No viable dags retrieved from /Users/yoonmoon/git/learn-airflow/airflow1/py_env/lib/python3.11/site-packages/airflow/example_dags/plugins/listener_plugin.py
[2024-11-13T20:49:02.989+1100] {processor.py:208} INFO - Processing /Users/yoonmoon/git/learn-airflow/airflow1/py_env/lib/python3.11/site-packages/airflow/example_dags/plugins/listener_plugin.py took 0.034 seconds
[2024-11-13T20:50:17.432+1100] {processor.py:186} INFO - Started process (PID=73493) to work on /Users/yoonmoon/git/learn-airflow/airflow1/py_env/lib/python3.11/site-packages/airflow/example_dags/plugins/listener_plugin.py
[2024-11-13T20:50:17.433+1100] {processor.py:914} INFO - Processing file /Users/yoonmoon/git/learn-airflow/airflow1/py_env/lib/python3.11/site-packages/airflow/example_dags/plugins/listener_plugin.py for tasks to queue
[2024-11-13T20:50:17.433+1100] {logging_mixin.py:190} INFO - [2024-11-13T20:50:17.433+1100] {dagbag.py:588} INFO - Filling up the DagBag from /Users/yoonmoon/git/learn-airflow/airflow1/py_env/lib/python3.11/site-packages/airflow/example_dags/plugins/listener_plugin.py
[2024-11-13T20:50:17.435+1100] {processor.py:927} WARNING - No viable dags retrieved from /Users/yoonmoon/git/learn-airflow/airflow1/py_env/lib/python3.11/site-packages/airflow/example_dags/plugins/listener_plugin.py
[2024-11-13T20:50:17.465+1100] {processor.py:208} INFO - Processing /Users/yoonmoon/git/learn-airflow/airflow1/py_env/lib/python3.11/site-packages/airflow/example_dags/plugins/listener_plugin.py took 0.035 seconds
[2024-11-13T20:51:28.951+1100] {processor.py:186} INFO - Started process (PID=73631) to work on /Users/yoonmoon/git/learn-airflow/airflow1/py_env/lib/python3.11/site-packages/airflow/example_dags/plugins/listener_plugin.py
[2024-11-13T20:51:28.952+1100] {processor.py:914} INFO - Processing file /Users/yoonmoon/git/learn-airflow/airflow1/py_env/lib/python3.11/site-packages/airflow/example_dags/plugins/listener_plugin.py for tasks to queue
[2024-11-13T20:51:28.953+1100] {logging_mixin.py:190} INFO - [2024-11-13T20:51:28.953+1100] {dagbag.py:588} INFO - Filling up the DagBag from /Users/yoonmoon/git/learn-airflow/airflow1/py_env/lib/python3.11/site-packages/airflow/example_dags/plugins/listener_plugin.py
[2024-11-13T20:51:28.955+1100] {processor.py:927} WARNING - No viable dags retrieved from /Users/yoonmoon/git/learn-airflow/airflow1/py_env/lib/python3.11/site-packages/airflow/example_dags/plugins/listener_plugin.py
[2024-11-13T20:51:28.983+1100] {processor.py:208} INFO - Processing /Users/yoonmoon/git/learn-airflow/airflow1/py_env/lib/python3.11/site-packages/airflow/example_dags/plugins/listener_plugin.py took 0.035 seconds
