[2024-11-13T19:28:40.607+1100] {processor.py:186} INFO - Started process (PID=63642) to work on /Users/yoonmoon/git/learn-airflow/airflow1/py_env/lib/python3.11/site-packages/airflow/example_dags/plugins/workday.py
[2024-11-13T19:28:40.608+1100] {processor.py:914} INFO - Processing file /Users/yoonmoon/git/learn-airflow/airflow1/py_env/lib/python3.11/site-packages/airflow/example_dags/plugins/workday.py for tasks to queue
[2024-11-13T19:28:40.608+1100] {logging_mixin.py:190} INFO - [2024-11-13T19:28:40.608+1100] {dagbag.py:588} INFO - Filling up the DagBag from /Users/yoonmoon/git/learn-airflow/airflow1/py_env/lib/python3.11/site-packages/airflow/example_dags/plugins/workday.py
[2024-11-13T19:28:40.609+1100] {logging_mixin.py:190} INFO - [2024-11-13T19:28:40.609+1100] {workday.py:41} WARNING - Could not import pandas. Holidays will not be considered.
[2024-11-13T19:28:40.609+1100] {processor.py:927} WARNING - No viable dags retrieved from /Users/yoonmoon/git/learn-airflow/airflow1/py_env/lib/python3.11/site-packages/airflow/example_dags/plugins/workday.py
[2024-11-13T19:28:40.640+1100] {processor.py:208} INFO - Processing /Users/yoonmoon/git/learn-airflow/airflow1/py_env/lib/python3.11/site-packages/airflow/example_dags/plugins/workday.py took 0.035 seconds
[2024-11-13T19:30:24.785+1100] {processor.py:186} INFO - Started process (PID=63855) to work on /Users/yoonmoon/git/learn-airflow/airflow1/py_env/lib/python3.11/site-packages/airflow/example_dags/plugins/workday.py
[2024-11-13T19:30:24.786+1100] {processor.py:914} INFO - Processing file /Users/yoonmoon/git/learn-airflow/airflow1/py_env/lib/python3.11/site-packages/airflow/example_dags/plugins/workday.py for tasks to queue
[2024-11-13T19:30:24.787+1100] {logging_mixin.py:190} INFO - [2024-11-13T19:30:24.787+1100] {dagbag.py:588} INFO - Filling up the DagBag from /Users/yoonmoon/git/learn-airflow/airflow1/py_env/lib/python3.11/site-packages/airflow/example_dags/plugins/workday.py
[2024-11-13T19:30:24.788+1100] {logging_mixin.py:190} INFO - [2024-11-13T19:30:24.788+1100] {workday.py:41} WARNING - Could not import pandas. Holidays will not be considered.
[2024-11-13T19:30:24.788+1100] {processor.py:927} WARNING - No viable dags retrieved from /Users/yoonmoon/git/learn-airflow/airflow1/py_env/lib/python3.11/site-packages/airflow/example_dags/plugins/workday.py
[2024-11-13T19:30:24.817+1100] {processor.py:208} INFO - Processing /Users/yoonmoon/git/learn-airflow/airflow1/py_env/lib/python3.11/site-packages/airflow/example_dags/plugins/workday.py took 0.034 seconds
[2024-11-13T19:31:35.510+1100] {processor.py:186} INFO - Started process (PID=63995) to work on /Users/yoonmoon/git/learn-airflow/airflow1/py_env/lib/python3.11/site-packages/airflow/example_dags/plugins/workday.py
[2024-11-13T19:31:35.512+1100] {processor.py:914} INFO - Processing file /Users/yoonmoon/git/learn-airflow/airflow1/py_env/lib/python3.11/site-packages/airflow/example_dags/plugins/workday.py for tasks to queue
[2024-11-13T19:31:35.512+1100] {logging_mixin.py:190} INFO - [2024-11-13T19:31:35.512+1100] {dagbag.py:588} INFO - Filling up the DagBag from /Users/yoonmoon/git/learn-airflow/airflow1/py_env/lib/python3.11/site-packages/airflow/example_dags/plugins/workday.py
[2024-11-13T19:31:35.513+1100] {logging_mixin.py:190} INFO - [2024-11-13T19:31:35.513+1100] {workday.py:41} WARNING - Could not import pandas. Holidays will not be considered.
[2024-11-13T19:31:35.513+1100] {processor.py:927} WARNING - No viable dags retrieved from /Users/yoonmoon/git/learn-airflow/airflow1/py_env/lib/python3.11/site-packages/airflow/example_dags/plugins/workday.py
[2024-11-13T19:31:35.543+1100] {processor.py:208} INFO - Processing /Users/yoonmoon/git/learn-airflow/airflow1/py_env/lib/python3.11/site-packages/airflow/example_dags/plugins/workday.py took 0.035 seconds
[2024-11-13T19:32:43.866+1100] {processor.py:186} INFO - Started process (PID=64219) to work on /Users/yoonmoon/git/learn-airflow/airflow1/py_env/lib/python3.11/site-packages/airflow/example_dags/plugins/workday.py
[2024-11-13T19:32:43.867+1100] {processor.py:914} INFO - Processing file /Users/yoonmoon/git/learn-airflow/airflow1/py_env/lib/python3.11/site-packages/airflow/example_dags/plugins/workday.py for tasks to queue
[2024-11-13T19:32:43.868+1100] {logging_mixin.py:190} INFO - [2024-11-13T19:32:43.868+1100] {dagbag.py:588} INFO - Filling up the DagBag from /Users/yoonmoon/git/learn-airflow/airflow1/py_env/lib/python3.11/site-packages/airflow/example_dags/plugins/workday.py
[2024-11-13T19:32:43.869+1100] {logging_mixin.py:190} INFO - [2024-11-13T19:32:43.869+1100] {workday.py:41} WARNING - Could not import pandas. Holidays will not be considered.
[2024-11-13T19:32:43.869+1100] {processor.py:927} WARNING - No viable dags retrieved from /Users/yoonmoon/git/learn-airflow/airflow1/py_env/lib/python3.11/site-packages/airflow/example_dags/plugins/workday.py
[2024-11-13T19:32:43.897+1100] {processor.py:208} INFO - Processing /Users/yoonmoon/git/learn-airflow/airflow1/py_env/lib/python3.11/site-packages/airflow/example_dags/plugins/workday.py took 0.033 seconds
[2024-11-13T19:33:57.549+1100] {processor.py:186} INFO - Started process (PID=64462) to work on /Users/yoonmoon/git/learn-airflow/airflow1/py_env/lib/python3.11/site-packages/airflow/example_dags/plugins/workday.py
[2024-11-13T19:33:57.550+1100] {processor.py:914} INFO - Processing file /Users/yoonmoon/git/learn-airflow/airflow1/py_env/lib/python3.11/site-packages/airflow/example_dags/plugins/workday.py for tasks to queue
[2024-11-13T19:33:57.551+1100] {logging_mixin.py:190} INFO - [2024-11-13T19:33:57.550+1100] {dagbag.py:588} INFO - Filling up the DagBag from /Users/yoonmoon/git/learn-airflow/airflow1/py_env/lib/python3.11/site-packages/airflow/example_dags/plugins/workday.py
[2024-11-13T19:33:57.551+1100] {logging_mixin.py:190} INFO - [2024-11-13T19:33:57.551+1100] {workday.py:41} WARNING - Could not import pandas. Holidays will not be considered.
[2024-11-13T19:33:57.551+1100] {processor.py:927} WARNING - No viable dags retrieved from /Users/yoonmoon/git/learn-airflow/airflow1/py_env/lib/python3.11/site-packages/airflow/example_dags/plugins/workday.py
[2024-11-13T19:33:57.580+1100] {processor.py:208} INFO - Processing /Users/yoonmoon/git/learn-airflow/airflow1/py_env/lib/python3.11/site-packages/airflow/example_dags/plugins/workday.py took 0.033 seconds
[2024-11-13T19:35:22.992+1100] {processor.py:186} INFO - Started process (PID=64759) to work on /Users/yoonmoon/git/learn-airflow/airflow1/py_env/lib/python3.11/site-packages/airflow/example_dags/plugins/workday.py
[2024-11-13T19:35:22.993+1100] {processor.py:914} INFO - Processing file /Users/yoonmoon/git/learn-airflow/airflow1/py_env/lib/python3.11/site-packages/airflow/example_dags/plugins/workday.py for tasks to queue
[2024-11-13T19:35:22.994+1100] {logging_mixin.py:190} INFO - [2024-11-13T19:35:22.994+1100] {dagbag.py:588} INFO - Filling up the DagBag from /Users/yoonmoon/git/learn-airflow/airflow1/py_env/lib/python3.11/site-packages/airflow/example_dags/plugins/workday.py
[2024-11-13T19:35:22.994+1100] {logging_mixin.py:190} INFO - [2024-11-13T19:35:22.994+1100] {workday.py:41} WARNING - Could not import pandas. Holidays will not be considered.
[2024-11-13T19:35:22.995+1100] {processor.py:927} WARNING - No viable dags retrieved from /Users/yoonmoon/git/learn-airflow/airflow1/py_env/lib/python3.11/site-packages/airflow/example_dags/plugins/workday.py
[2024-11-13T19:35:23.023+1100] {processor.py:208} INFO - Processing /Users/yoonmoon/git/learn-airflow/airflow1/py_env/lib/python3.11/site-packages/airflow/example_dags/plugins/workday.py took 0.033 seconds
[2024-11-13T19:36:45.128+1100] {processor.py:186} INFO - Started process (PID=64927) to work on /Users/yoonmoon/git/learn-airflow/airflow1/py_env/lib/python3.11/site-packages/airflow/example_dags/plugins/workday.py
[2024-11-13T19:36:45.129+1100] {processor.py:914} INFO - Processing file /Users/yoonmoon/git/learn-airflow/airflow1/py_env/lib/python3.11/site-packages/airflow/example_dags/plugins/workday.py for tasks to queue
[2024-11-13T19:36:45.130+1100] {logging_mixin.py:190} INFO - [2024-11-13T19:36:45.129+1100] {dagbag.py:588} INFO - Filling up the DagBag from /Users/yoonmoon/git/learn-airflow/airflow1/py_env/lib/python3.11/site-packages/airflow/example_dags/plugins/workday.py
[2024-11-13T19:36:45.130+1100] {logging_mixin.py:190} INFO - [2024-11-13T19:36:45.130+1100] {workday.py:41} WARNING - Could not import pandas. Holidays will not be considered.
[2024-11-13T19:36:45.131+1100] {processor.py:927} WARNING - No viable dags retrieved from /Users/yoonmoon/git/learn-airflow/airflow1/py_env/lib/python3.11/site-packages/airflow/example_dags/plugins/workday.py
[2024-11-13T19:36:45.159+1100] {processor.py:208} INFO - Processing /Users/yoonmoon/git/learn-airflow/airflow1/py_env/lib/python3.11/site-packages/airflow/example_dags/plugins/workday.py took 0.033 seconds
[2024-11-13T19:37:55.021+1100] {processor.py:186} INFO - Started process (PID=65058) to work on /Users/yoonmoon/git/learn-airflow/airflow1/py_env/lib/python3.11/site-packages/airflow/example_dags/plugins/workday.py
[2024-11-13T19:37:55.022+1100] {processor.py:914} INFO - Processing file /Users/yoonmoon/git/learn-airflow/airflow1/py_env/lib/python3.11/site-packages/airflow/example_dags/plugins/workday.py for tasks to queue
[2024-11-13T19:37:55.023+1100] {logging_mixin.py:190} INFO - [2024-11-13T19:37:55.023+1100] {dagbag.py:588} INFO - Filling up the DagBag from /Users/yoonmoon/git/learn-airflow/airflow1/py_env/lib/python3.11/site-packages/airflow/example_dags/plugins/workday.py
[2024-11-13T19:37:55.024+1100] {logging_mixin.py:190} INFO - [2024-11-13T19:37:55.024+1100] {workday.py:41} WARNING - Could not import pandas. Holidays will not be considered.
[2024-11-13T19:37:55.024+1100] {processor.py:927} WARNING - No viable dags retrieved from /Users/yoonmoon/git/learn-airflow/airflow1/py_env/lib/python3.11/site-packages/airflow/example_dags/plugins/workday.py
[2024-11-13T19:37:55.052+1100] {processor.py:208} INFO - Processing /Users/yoonmoon/git/learn-airflow/airflow1/py_env/lib/python3.11/site-packages/airflow/example_dags/plugins/workday.py took 0.033 seconds
[2024-11-13T19:39:02.884+1100] {processor.py:186} INFO - Started process (PID=65204) to work on /Users/yoonmoon/git/learn-airflow/airflow1/py_env/lib/python3.11/site-packages/airflow/example_dags/plugins/workday.py
[2024-11-13T19:39:02.886+1100] {processor.py:914} INFO - Processing file /Users/yoonmoon/git/learn-airflow/airflow1/py_env/lib/python3.11/site-packages/airflow/example_dags/plugins/workday.py for tasks to queue
[2024-11-13T19:39:02.886+1100] {logging_mixin.py:190} INFO - [2024-11-13T19:39:02.886+1100] {dagbag.py:588} INFO - Filling up the DagBag from /Users/yoonmoon/git/learn-airflow/airflow1/py_env/lib/python3.11/site-packages/airflow/example_dags/plugins/workday.py
[2024-11-13T19:39:02.887+1100] {logging_mixin.py:190} INFO - [2024-11-13T19:39:02.887+1100] {workday.py:41} WARNING - Could not import pandas. Holidays will not be considered.
[2024-11-13T19:39:02.887+1100] {processor.py:927} WARNING - No viable dags retrieved from /Users/yoonmoon/git/learn-airflow/airflow1/py_env/lib/python3.11/site-packages/airflow/example_dags/plugins/workday.py
[2024-11-13T19:39:02.915+1100] {processor.py:208} INFO - Processing /Users/yoonmoon/git/learn-airflow/airflow1/py_env/lib/python3.11/site-packages/airflow/example_dags/plugins/workday.py took 0.033 seconds
[2024-11-13T19:40:10.398+1100] {processor.py:186} INFO - Started process (PID=65364) to work on /Users/yoonmoon/git/learn-airflow/airflow1/py_env/lib/python3.11/site-packages/airflow/example_dags/plugins/workday.py
[2024-11-13T19:40:10.399+1100] {processor.py:914} INFO - Processing file /Users/yoonmoon/git/learn-airflow/airflow1/py_env/lib/python3.11/site-packages/airflow/example_dags/plugins/workday.py for tasks to queue
[2024-11-13T19:40:10.400+1100] {logging_mixin.py:190} INFO - [2024-11-13T19:40:10.399+1100] {dagbag.py:588} INFO - Filling up the DagBag from /Users/yoonmoon/git/learn-airflow/airflow1/py_env/lib/python3.11/site-packages/airflow/example_dags/plugins/workday.py
[2024-11-13T19:40:10.400+1100] {logging_mixin.py:190} INFO - [2024-11-13T19:40:10.400+1100] {workday.py:41} WARNING - Could not import pandas. Holidays will not be considered.
[2024-11-13T19:40:10.401+1100] {processor.py:927} WARNING - No viable dags retrieved from /Users/yoonmoon/git/learn-airflow/airflow1/py_env/lib/python3.11/site-packages/airflow/example_dags/plugins/workday.py
[2024-11-13T19:40:10.429+1100] {processor.py:208} INFO - Processing /Users/yoonmoon/git/learn-airflow/airflow1/py_env/lib/python3.11/site-packages/airflow/example_dags/plugins/workday.py took 0.033 seconds
[2024-11-13T19:41:20.308+1100] {processor.py:186} INFO - Started process (PID=65501) to work on /Users/yoonmoon/git/learn-airflow/airflow1/py_env/lib/python3.11/site-packages/airflow/example_dags/plugins/workday.py
[2024-11-13T19:41:20.309+1100] {processor.py:914} INFO - Processing file /Users/yoonmoon/git/learn-airflow/airflow1/py_env/lib/python3.11/site-packages/airflow/example_dags/plugins/workday.py for tasks to queue
[2024-11-13T19:41:20.309+1100] {logging_mixin.py:190} INFO - [2024-11-13T19:41:20.309+1100] {dagbag.py:588} INFO - Filling up the DagBag from /Users/yoonmoon/git/learn-airflow/airflow1/py_env/lib/python3.11/site-packages/airflow/example_dags/plugins/workday.py
[2024-11-13T19:41:20.310+1100] {logging_mixin.py:190} INFO - [2024-11-13T19:41:20.310+1100] {workday.py:41} WARNING - Could not import pandas. Holidays will not be considered.
[2024-11-13T19:41:20.310+1100] {processor.py:927} WARNING - No viable dags retrieved from /Users/yoonmoon/git/learn-airflow/airflow1/py_env/lib/python3.11/site-packages/airflow/example_dags/plugins/workday.py
[2024-11-13T19:41:20.339+1100] {processor.py:208} INFO - Processing /Users/yoonmoon/git/learn-airflow/airflow1/py_env/lib/python3.11/site-packages/airflow/example_dags/plugins/workday.py took 0.034 seconds
[2024-11-13T19:42:30.549+1100] {processor.py:186} INFO - Started process (PID=65630) to work on /Users/yoonmoon/git/learn-airflow/airflow1/py_env/lib/python3.11/site-packages/airflow/example_dags/plugins/workday.py
[2024-11-13T19:42:30.550+1100] {processor.py:914} INFO - Processing file /Users/yoonmoon/git/learn-airflow/airflow1/py_env/lib/python3.11/site-packages/airflow/example_dags/plugins/workday.py for tasks to queue
[2024-11-13T19:42:30.551+1100] {logging_mixin.py:190} INFO - [2024-11-13T19:42:30.551+1100] {dagbag.py:588} INFO - Filling up the DagBag from /Users/yoonmoon/git/learn-airflow/airflow1/py_env/lib/python3.11/site-packages/airflow/example_dags/plugins/workday.py
[2024-11-13T19:42:30.552+1100] {logging_mixin.py:190} INFO - [2024-11-13T19:42:30.551+1100] {workday.py:41} WARNING - Could not import pandas. Holidays will not be considered.
[2024-11-13T19:42:30.552+1100] {processor.py:927} WARNING - No viable dags retrieved from /Users/yoonmoon/git/learn-airflow/airflow1/py_env/lib/python3.11/site-packages/airflow/example_dags/plugins/workday.py
[2024-11-13T19:42:30.580+1100] {processor.py:208} INFO - Processing /Users/yoonmoon/git/learn-airflow/airflow1/py_env/lib/python3.11/site-packages/airflow/example_dags/plugins/workday.py took 0.033 seconds
[2024-11-13T19:43:38.467+1100] {processor.py:186} INFO - Started process (PID=65757) to work on /Users/yoonmoon/git/learn-airflow/airflow1/py_env/lib/python3.11/site-packages/airflow/example_dags/plugins/workday.py
[2024-11-13T19:43:38.469+1100] {processor.py:914} INFO - Processing file /Users/yoonmoon/git/learn-airflow/airflow1/py_env/lib/python3.11/site-packages/airflow/example_dags/plugins/workday.py for tasks to queue
[2024-11-13T19:43:38.469+1100] {logging_mixin.py:190} INFO - [2024-11-13T19:43:38.469+1100] {dagbag.py:588} INFO - Filling up the DagBag from /Users/yoonmoon/git/learn-airflow/airflow1/py_env/lib/python3.11/site-packages/airflow/example_dags/plugins/workday.py
[2024-11-13T19:43:38.470+1100] {logging_mixin.py:190} INFO - [2024-11-13T19:43:38.470+1100] {workday.py:41} WARNING - Could not import pandas. Holidays will not be considered.
[2024-11-13T19:43:38.470+1100] {processor.py:927} WARNING - No viable dags retrieved from /Users/yoonmoon/git/learn-airflow/airflow1/py_env/lib/python3.11/site-packages/airflow/example_dags/plugins/workday.py
[2024-11-13T19:43:38.499+1100] {processor.py:208} INFO - Processing /Users/yoonmoon/git/learn-airflow/airflow1/py_env/lib/python3.11/site-packages/airflow/example_dags/plugins/workday.py took 0.033 seconds
[2024-11-13T19:44:47.913+1100] {processor.py:186} INFO - Started process (PID=65899) to work on /Users/yoonmoon/git/learn-airflow/airflow1/py_env/lib/python3.11/site-packages/airflow/example_dags/plugins/workday.py
[2024-11-13T19:44:47.914+1100] {processor.py:914} INFO - Processing file /Users/yoonmoon/git/learn-airflow/airflow1/py_env/lib/python3.11/site-packages/airflow/example_dags/plugins/workday.py for tasks to queue
[2024-11-13T19:44:47.915+1100] {logging_mixin.py:190} INFO - [2024-11-13T19:44:47.915+1100] {dagbag.py:588} INFO - Filling up the DagBag from /Users/yoonmoon/git/learn-airflow/airflow1/py_env/lib/python3.11/site-packages/airflow/example_dags/plugins/workday.py
[2024-11-13T19:44:47.916+1100] {logging_mixin.py:190} INFO - [2024-11-13T19:44:47.916+1100] {workday.py:41} WARNING - Could not import pandas. Holidays will not be considered.
[2024-11-13T19:44:47.916+1100] {processor.py:927} WARNING - No viable dags retrieved from /Users/yoonmoon/git/learn-airflow/airflow1/py_env/lib/python3.11/site-packages/airflow/example_dags/plugins/workday.py
[2024-11-13T19:44:47.945+1100] {processor.py:208} INFO - Processing /Users/yoonmoon/git/learn-airflow/airflow1/py_env/lib/python3.11/site-packages/airflow/example_dags/plugins/workday.py took 0.034 seconds
[2024-11-13T19:45:53.527+1100] {processor.py:186} INFO - Started process (PID=66024) to work on /Users/yoonmoon/git/learn-airflow/airflow1/py_env/lib/python3.11/site-packages/airflow/example_dags/plugins/workday.py
[2024-11-13T19:45:53.528+1100] {processor.py:914} INFO - Processing file /Users/yoonmoon/git/learn-airflow/airflow1/py_env/lib/python3.11/site-packages/airflow/example_dags/plugins/workday.py for tasks to queue
[2024-11-13T19:45:53.529+1100] {logging_mixin.py:190} INFO - [2024-11-13T19:45:53.529+1100] {dagbag.py:588} INFO - Filling up the DagBag from /Users/yoonmoon/git/learn-airflow/airflow1/py_env/lib/python3.11/site-packages/airflow/example_dags/plugins/workday.py
[2024-11-13T19:45:53.529+1100] {logging_mixin.py:190} INFO - [2024-11-13T19:45:53.529+1100] {workday.py:41} WARNING - Could not import pandas. Holidays will not be considered.
[2024-11-13T19:45:53.529+1100] {processor.py:927} WARNING - No viable dags retrieved from /Users/yoonmoon/git/learn-airflow/airflow1/py_env/lib/python3.11/site-packages/airflow/example_dags/plugins/workday.py
[2024-11-13T19:45:53.558+1100] {processor.py:208} INFO - Processing /Users/yoonmoon/git/learn-airflow/airflow1/py_env/lib/python3.11/site-packages/airflow/example_dags/plugins/workday.py took 0.034 seconds
[2024-11-13T19:46:58.198+1100] {processor.py:186} INFO - Started process (PID=66148) to work on /Users/yoonmoon/git/learn-airflow/airflow1/py_env/lib/python3.11/site-packages/airflow/example_dags/plugins/workday.py
[2024-11-13T19:46:58.199+1100] {processor.py:914} INFO - Processing file /Users/yoonmoon/git/learn-airflow/airflow1/py_env/lib/python3.11/site-packages/airflow/example_dags/plugins/workday.py for tasks to queue
[2024-11-13T19:46:58.200+1100] {logging_mixin.py:190} INFO - [2024-11-13T19:46:58.200+1100] {dagbag.py:588} INFO - Filling up the DagBag from /Users/yoonmoon/git/learn-airflow/airflow1/py_env/lib/python3.11/site-packages/airflow/example_dags/plugins/workday.py
[2024-11-13T19:46:58.201+1100] {logging_mixin.py:190} INFO - [2024-11-13T19:46:58.200+1100] {workday.py:41} WARNING - Could not import pandas. Holidays will not be considered.
[2024-11-13T19:46:58.201+1100] {processor.py:927} WARNING - No viable dags retrieved from /Users/yoonmoon/git/learn-airflow/airflow1/py_env/lib/python3.11/site-packages/airflow/example_dags/plugins/workday.py
[2024-11-13T19:46:58.229+1100] {processor.py:208} INFO - Processing /Users/yoonmoon/git/learn-airflow/airflow1/py_env/lib/python3.11/site-packages/airflow/example_dags/plugins/workday.py took 0.034 seconds
[2024-11-13T19:48:03.935+1100] {processor.py:186} INFO - Started process (PID=66274) to work on /Users/yoonmoon/git/learn-airflow/airflow1/py_env/lib/python3.11/site-packages/airflow/example_dags/plugins/workday.py
[2024-11-13T19:48:03.936+1100] {processor.py:914} INFO - Processing file /Users/yoonmoon/git/learn-airflow/airflow1/py_env/lib/python3.11/site-packages/airflow/example_dags/plugins/workday.py for tasks to queue
[2024-11-13T19:48:03.937+1100] {logging_mixin.py:190} INFO - [2024-11-13T19:48:03.936+1100] {dagbag.py:588} INFO - Filling up the DagBag from /Users/yoonmoon/git/learn-airflow/airflow1/py_env/lib/python3.11/site-packages/airflow/example_dags/plugins/workday.py
[2024-11-13T19:48:03.937+1100] {logging_mixin.py:190} INFO - [2024-11-13T19:48:03.937+1100] {workday.py:41} WARNING - Could not import pandas. Holidays will not be considered.
[2024-11-13T19:48:03.938+1100] {processor.py:927} WARNING - No viable dags retrieved from /Users/yoonmoon/git/learn-airflow/airflow1/py_env/lib/python3.11/site-packages/airflow/example_dags/plugins/workday.py
[2024-11-13T19:48:03.966+1100] {processor.py:208} INFO - Processing /Users/yoonmoon/git/learn-airflow/airflow1/py_env/lib/python3.11/site-packages/airflow/example_dags/plugins/workday.py took 0.033 seconds
[2024-11-13T19:49:10.198+1100] {processor.py:186} INFO - Started process (PID=66392) to work on /Users/yoonmoon/git/learn-airflow/airflow1/py_env/lib/python3.11/site-packages/airflow/example_dags/plugins/workday.py
[2024-11-13T19:49:10.199+1100] {processor.py:914} INFO - Processing file /Users/yoonmoon/git/learn-airflow/airflow1/py_env/lib/python3.11/site-packages/airflow/example_dags/plugins/workday.py for tasks to queue
[2024-11-13T19:49:10.200+1100] {logging_mixin.py:190} INFO - [2024-11-13T19:49:10.199+1100] {dagbag.py:588} INFO - Filling up the DagBag from /Users/yoonmoon/git/learn-airflow/airflow1/py_env/lib/python3.11/site-packages/airflow/example_dags/plugins/workday.py
[2024-11-13T19:49:10.200+1100] {logging_mixin.py:190} INFO - [2024-11-13T19:49:10.200+1100] {workday.py:41} WARNING - Could not import pandas. Holidays will not be considered.
[2024-11-13T19:49:10.200+1100] {processor.py:927} WARNING - No viable dags retrieved from /Users/yoonmoon/git/learn-airflow/airflow1/py_env/lib/python3.11/site-packages/airflow/example_dags/plugins/workday.py
[2024-11-13T19:49:10.229+1100] {processor.py:208} INFO - Processing /Users/yoonmoon/git/learn-airflow/airflow1/py_env/lib/python3.11/site-packages/airflow/example_dags/plugins/workday.py took 0.034 seconds
[2024-11-13T19:50:14.682+1100] {processor.py:186} INFO - Started process (PID=66510) to work on /Users/yoonmoon/git/learn-airflow/airflow1/py_env/lib/python3.11/site-packages/airflow/example_dags/plugins/workday.py
[2024-11-13T19:50:14.683+1100] {processor.py:914} INFO - Processing file /Users/yoonmoon/git/learn-airflow/airflow1/py_env/lib/python3.11/site-packages/airflow/example_dags/plugins/workday.py for tasks to queue
[2024-11-13T19:50:14.683+1100] {logging_mixin.py:190} INFO - [2024-11-13T19:50:14.683+1100] {dagbag.py:588} INFO - Filling up the DagBag from /Users/yoonmoon/git/learn-airflow/airflow1/py_env/lib/python3.11/site-packages/airflow/example_dags/plugins/workday.py
[2024-11-13T19:50:14.684+1100] {logging_mixin.py:190} INFO - [2024-11-13T19:50:14.684+1100] {workday.py:41} WARNING - Could not import pandas. Holidays will not be considered.
[2024-11-13T19:50:14.684+1100] {processor.py:927} WARNING - No viable dags retrieved from /Users/yoonmoon/git/learn-airflow/airflow1/py_env/lib/python3.11/site-packages/airflow/example_dags/plugins/workday.py
[2024-11-13T19:50:14.713+1100] {processor.py:208} INFO - Processing /Users/yoonmoon/git/learn-airflow/airflow1/py_env/lib/python3.11/site-packages/airflow/example_dags/plugins/workday.py took 0.033 seconds
[2024-11-13T19:51:23.278+1100] {processor.py:186} INFO - Started process (PID=66630) to work on /Users/yoonmoon/git/learn-airflow/airflow1/py_env/lib/python3.11/site-packages/airflow/example_dags/plugins/workday.py
[2024-11-13T19:51:23.279+1100] {processor.py:914} INFO - Processing file /Users/yoonmoon/git/learn-airflow/airflow1/py_env/lib/python3.11/site-packages/airflow/example_dags/plugins/workday.py for tasks to queue
[2024-11-13T19:51:23.280+1100] {logging_mixin.py:190} INFO - [2024-11-13T19:51:23.280+1100] {dagbag.py:588} INFO - Filling up the DagBag from /Users/yoonmoon/git/learn-airflow/airflow1/py_env/lib/python3.11/site-packages/airflow/example_dags/plugins/workday.py
[2024-11-13T19:51:23.280+1100] {logging_mixin.py:190} INFO - [2024-11-13T19:51:23.280+1100] {workday.py:41} WARNING - Could not import pandas. Holidays will not be considered.
[2024-11-13T19:51:23.281+1100] {processor.py:927} WARNING - No viable dags retrieved from /Users/yoonmoon/git/learn-airflow/airflow1/py_env/lib/python3.11/site-packages/airflow/example_dags/plugins/workday.py
[2024-11-13T19:51:23.309+1100] {processor.py:208} INFO - Processing /Users/yoonmoon/git/learn-airflow/airflow1/py_env/lib/python3.11/site-packages/airflow/example_dags/plugins/workday.py took 0.033 seconds
[2024-11-13T19:52:33.882+1100] {processor.py:186} INFO - Started process (PID=66756) to work on /Users/yoonmoon/git/learn-airflow/airflow1/py_env/lib/python3.11/site-packages/airflow/example_dags/plugins/workday.py
[2024-11-13T19:52:33.883+1100] {processor.py:914} INFO - Processing file /Users/yoonmoon/git/learn-airflow/airflow1/py_env/lib/python3.11/site-packages/airflow/example_dags/plugins/workday.py for tasks to queue
[2024-11-13T19:52:33.883+1100] {logging_mixin.py:190} INFO - [2024-11-13T19:52:33.883+1100] {dagbag.py:588} INFO - Filling up the DagBag from /Users/yoonmoon/git/learn-airflow/airflow1/py_env/lib/python3.11/site-packages/airflow/example_dags/plugins/workday.py
[2024-11-13T19:52:33.884+1100] {logging_mixin.py:190} INFO - [2024-11-13T19:52:33.884+1100] {workday.py:41} WARNING - Could not import pandas. Holidays will not be considered.
[2024-11-13T19:52:33.884+1100] {processor.py:927} WARNING - No viable dags retrieved from /Users/yoonmoon/git/learn-airflow/airflow1/py_env/lib/python3.11/site-packages/airflow/example_dags/plugins/workday.py
[2024-11-13T19:52:33.913+1100] {processor.py:208} INFO - Processing /Users/yoonmoon/git/learn-airflow/airflow1/py_env/lib/python3.11/site-packages/airflow/example_dags/plugins/workday.py took 0.033 seconds
[2024-11-13T19:53:41.351+1100] {processor.py:186} INFO - Started process (PID=66887) to work on /Users/yoonmoon/git/learn-airflow/airflow1/py_env/lib/python3.11/site-packages/airflow/example_dags/plugins/workday.py
[2024-11-13T19:53:41.353+1100] {processor.py:914} INFO - Processing file /Users/yoonmoon/git/learn-airflow/airflow1/py_env/lib/python3.11/site-packages/airflow/example_dags/plugins/workday.py for tasks to queue
[2024-11-13T19:53:41.353+1100] {logging_mixin.py:190} INFO - [2024-11-13T19:53:41.353+1100] {dagbag.py:588} INFO - Filling up the DagBag from /Users/yoonmoon/git/learn-airflow/airflow1/py_env/lib/python3.11/site-packages/airflow/example_dags/plugins/workday.py
[2024-11-13T19:53:41.354+1100] {logging_mixin.py:190} INFO - [2024-11-13T19:53:41.354+1100] {workday.py:41} WARNING - Could not import pandas. Holidays will not be considered.
[2024-11-13T19:53:41.354+1100] {processor.py:927} WARNING - No viable dags retrieved from /Users/yoonmoon/git/learn-airflow/airflow1/py_env/lib/python3.11/site-packages/airflow/example_dags/plugins/workday.py
[2024-11-13T19:53:41.383+1100] {processor.py:208} INFO - Processing /Users/yoonmoon/git/learn-airflow/airflow1/py_env/lib/python3.11/site-packages/airflow/example_dags/plugins/workday.py took 0.033 seconds
[2024-11-13T19:54:52.738+1100] {processor.py:186} INFO - Started process (PID=67033) to work on /Users/yoonmoon/git/learn-airflow/airflow1/py_env/lib/python3.11/site-packages/airflow/example_dags/plugins/workday.py
[2024-11-13T19:54:52.739+1100] {processor.py:914} INFO - Processing file /Users/yoonmoon/git/learn-airflow/airflow1/py_env/lib/python3.11/site-packages/airflow/example_dags/plugins/workday.py for tasks to queue
[2024-11-13T19:54:52.740+1100] {logging_mixin.py:190} INFO - [2024-11-13T19:54:52.740+1100] {dagbag.py:588} INFO - Filling up the DagBag from /Users/yoonmoon/git/learn-airflow/airflow1/py_env/lib/python3.11/site-packages/airflow/example_dags/plugins/workday.py
[2024-11-13T19:54:52.741+1100] {logging_mixin.py:190} INFO - [2024-11-13T19:54:52.741+1100] {workday.py:41} WARNING - Could not import pandas. Holidays will not be considered.
[2024-11-13T19:54:52.741+1100] {processor.py:927} WARNING - No viable dags retrieved from /Users/yoonmoon/git/learn-airflow/airflow1/py_env/lib/python3.11/site-packages/airflow/example_dags/plugins/workday.py
[2024-11-13T19:54:52.770+1100] {processor.py:208} INFO - Processing /Users/yoonmoon/git/learn-airflow/airflow1/py_env/lib/python3.11/site-packages/airflow/example_dags/plugins/workday.py took 0.034 seconds
[2024-11-13T19:56:04.062+1100] {processor.py:186} INFO - Started process (PID=67169) to work on /Users/yoonmoon/git/learn-airflow/airflow1/py_env/lib/python3.11/site-packages/airflow/example_dags/plugins/workday.py
[2024-11-13T19:56:04.064+1100] {processor.py:914} INFO - Processing file /Users/yoonmoon/git/learn-airflow/airflow1/py_env/lib/python3.11/site-packages/airflow/example_dags/plugins/workday.py for tasks to queue
[2024-11-13T19:56:04.065+1100] {logging_mixin.py:190} INFO - [2024-11-13T19:56:04.064+1100] {dagbag.py:588} INFO - Filling up the DagBag from /Users/yoonmoon/git/learn-airflow/airflow1/py_env/lib/python3.11/site-packages/airflow/example_dags/plugins/workday.py
[2024-11-13T19:56:04.065+1100] {logging_mixin.py:190} INFO - [2024-11-13T19:56:04.065+1100] {workday.py:41} WARNING - Could not import pandas. Holidays will not be considered.
[2024-11-13T19:56:04.066+1100] {processor.py:927} WARNING - No viable dags retrieved from /Users/yoonmoon/git/learn-airflow/airflow1/py_env/lib/python3.11/site-packages/airflow/example_dags/plugins/workday.py
[2024-11-13T19:56:04.094+1100] {processor.py:208} INFO - Processing /Users/yoonmoon/git/learn-airflow/airflow1/py_env/lib/python3.11/site-packages/airflow/example_dags/plugins/workday.py took 0.034 seconds
[2024-11-13T19:57:12.693+1100] {processor.py:186} INFO - Started process (PID=67296) to work on /Users/yoonmoon/git/learn-airflow/airflow1/py_env/lib/python3.11/site-packages/airflow/example_dags/plugins/workday.py
[2024-11-13T19:57:12.694+1100] {processor.py:914} INFO - Processing file /Users/yoonmoon/git/learn-airflow/airflow1/py_env/lib/python3.11/site-packages/airflow/example_dags/plugins/workday.py for tasks to queue
[2024-11-13T19:57:12.695+1100] {logging_mixin.py:190} INFO - [2024-11-13T19:57:12.695+1100] {dagbag.py:588} INFO - Filling up the DagBag from /Users/yoonmoon/git/learn-airflow/airflow1/py_env/lib/python3.11/site-packages/airflow/example_dags/plugins/workday.py
[2024-11-13T19:57:12.695+1100] {logging_mixin.py:190} INFO - [2024-11-13T19:57:12.695+1100] {workday.py:41} WARNING - Could not import pandas. Holidays will not be considered.
[2024-11-13T19:57:12.696+1100] {processor.py:927} WARNING - No viable dags retrieved from /Users/yoonmoon/git/learn-airflow/airflow1/py_env/lib/python3.11/site-packages/airflow/example_dags/plugins/workday.py
[2024-11-13T19:57:12.724+1100] {processor.py:208} INFO - Processing /Users/yoonmoon/git/learn-airflow/airflow1/py_env/lib/python3.11/site-packages/airflow/example_dags/plugins/workday.py took 0.033 seconds
[2024-11-13T19:58:20.082+1100] {processor.py:186} INFO - Started process (PID=67421) to work on /Users/yoonmoon/git/learn-airflow/airflow1/py_env/lib/python3.11/site-packages/airflow/example_dags/plugins/workday.py
[2024-11-13T19:58:20.083+1100] {processor.py:914} INFO - Processing file /Users/yoonmoon/git/learn-airflow/airflow1/py_env/lib/python3.11/site-packages/airflow/example_dags/plugins/workday.py for tasks to queue
[2024-11-13T19:58:20.084+1100] {logging_mixin.py:190} INFO - [2024-11-13T19:58:20.083+1100] {dagbag.py:588} INFO - Filling up the DagBag from /Users/yoonmoon/git/learn-airflow/airflow1/py_env/lib/python3.11/site-packages/airflow/example_dags/plugins/workday.py
[2024-11-13T19:58:20.084+1100] {logging_mixin.py:190} INFO - [2024-11-13T19:58:20.084+1100] {workday.py:41} WARNING - Could not import pandas. Holidays will not be considered.
[2024-11-13T19:58:20.085+1100] {processor.py:927} WARNING - No viable dags retrieved from /Users/yoonmoon/git/learn-airflow/airflow1/py_env/lib/python3.11/site-packages/airflow/example_dags/plugins/workday.py
[2024-11-13T19:58:20.113+1100] {processor.py:208} INFO - Processing /Users/yoonmoon/git/learn-airflow/airflow1/py_env/lib/python3.11/site-packages/airflow/example_dags/plugins/workday.py took 0.034 seconds
[2024-11-13T19:59:25.482+1100] {processor.py:186} INFO - Started process (PID=67545) to work on /Users/yoonmoon/git/learn-airflow/airflow1/py_env/lib/python3.11/site-packages/airflow/example_dags/plugins/workday.py
[2024-11-13T19:59:25.483+1100] {processor.py:914} INFO - Processing file /Users/yoonmoon/git/learn-airflow/airflow1/py_env/lib/python3.11/site-packages/airflow/example_dags/plugins/workday.py for tasks to queue
[2024-11-13T19:59:25.483+1100] {logging_mixin.py:190} INFO - [2024-11-13T19:59:25.483+1100] {dagbag.py:588} INFO - Filling up the DagBag from /Users/yoonmoon/git/learn-airflow/airflow1/py_env/lib/python3.11/site-packages/airflow/example_dags/plugins/workday.py
[2024-11-13T19:59:25.484+1100] {logging_mixin.py:190} INFO - [2024-11-13T19:59:25.484+1100] {workday.py:41} WARNING - Could not import pandas. Holidays will not be considered.
[2024-11-13T19:59:25.484+1100] {processor.py:927} WARNING - No viable dags retrieved from /Users/yoonmoon/git/learn-airflow/airflow1/py_env/lib/python3.11/site-packages/airflow/example_dags/plugins/workday.py
[2024-11-13T19:59:25.512+1100] {processor.py:208} INFO - Processing /Users/yoonmoon/git/learn-airflow/airflow1/py_env/lib/python3.11/site-packages/airflow/example_dags/plugins/workday.py took 0.033 seconds
[2024-11-13T20:00:35.160+1100] {processor.py:186} INFO - Started process (PID=67669) to work on /Users/yoonmoon/git/learn-airflow/airflow1/py_env/lib/python3.11/site-packages/airflow/example_dags/plugins/workday.py
[2024-11-13T20:00:35.162+1100] {processor.py:914} INFO - Processing file /Users/yoonmoon/git/learn-airflow/airflow1/py_env/lib/python3.11/site-packages/airflow/example_dags/plugins/workday.py for tasks to queue
[2024-11-13T20:00:35.162+1100] {logging_mixin.py:190} INFO - [2024-11-13T20:00:35.162+1100] {dagbag.py:588} INFO - Filling up the DagBag from /Users/yoonmoon/git/learn-airflow/airflow1/py_env/lib/python3.11/site-packages/airflow/example_dags/plugins/workday.py
[2024-11-13T20:00:35.163+1100] {logging_mixin.py:190} INFO - [2024-11-13T20:00:35.163+1100] {workday.py:41} WARNING - Could not import pandas. Holidays will not be considered.
[2024-11-13T20:00:35.163+1100] {processor.py:927} WARNING - No viable dags retrieved from /Users/yoonmoon/git/learn-airflow/airflow1/py_env/lib/python3.11/site-packages/airflow/example_dags/plugins/workday.py
[2024-11-13T20:00:35.191+1100] {processor.py:208} INFO - Processing /Users/yoonmoon/git/learn-airflow/airflow1/py_env/lib/python3.11/site-packages/airflow/example_dags/plugins/workday.py took 0.033 seconds
[2024-11-13T20:01:42.785+1100] {processor.py:186} INFO - Started process (PID=67790) to work on /Users/yoonmoon/git/learn-airflow/airflow1/py_env/lib/python3.11/site-packages/airflow/example_dags/plugins/workday.py
[2024-11-13T20:01:42.786+1100] {processor.py:914} INFO - Processing file /Users/yoonmoon/git/learn-airflow/airflow1/py_env/lib/python3.11/site-packages/airflow/example_dags/plugins/workday.py for tasks to queue
[2024-11-13T20:01:42.787+1100] {logging_mixin.py:190} INFO - [2024-11-13T20:01:42.787+1100] {dagbag.py:588} INFO - Filling up the DagBag from /Users/yoonmoon/git/learn-airflow/airflow1/py_env/lib/python3.11/site-packages/airflow/example_dags/plugins/workday.py
[2024-11-13T20:01:42.788+1100] {logging_mixin.py:190} INFO - [2024-11-13T20:01:42.788+1100] {workday.py:41} WARNING - Could not import pandas. Holidays will not be considered.
[2024-11-13T20:01:42.788+1100] {processor.py:927} WARNING - No viable dags retrieved from /Users/yoonmoon/git/learn-airflow/airflow1/py_env/lib/python3.11/site-packages/airflow/example_dags/plugins/workday.py
[2024-11-13T20:01:42.817+1100] {processor.py:208} INFO - Processing /Users/yoonmoon/git/learn-airflow/airflow1/py_env/lib/python3.11/site-packages/airflow/example_dags/plugins/workday.py took 0.034 seconds
[2024-11-13T20:02:50.088+1100] {processor.py:186} INFO - Started process (PID=67912) to work on /Users/yoonmoon/git/learn-airflow/airflow1/py_env/lib/python3.11/site-packages/airflow/example_dags/plugins/workday.py
[2024-11-13T20:02:50.090+1100] {processor.py:914} INFO - Processing file /Users/yoonmoon/git/learn-airflow/airflow1/py_env/lib/python3.11/site-packages/airflow/example_dags/plugins/workday.py for tasks to queue
[2024-11-13T20:02:50.090+1100] {logging_mixin.py:190} INFO - [2024-11-13T20:02:50.090+1100] {dagbag.py:588} INFO - Filling up the DagBag from /Users/yoonmoon/git/learn-airflow/airflow1/py_env/lib/python3.11/site-packages/airflow/example_dags/plugins/workday.py
[2024-11-13T20:02:50.091+1100] {logging_mixin.py:190} INFO - [2024-11-13T20:02:50.091+1100] {workday.py:41} WARNING - Could not import pandas. Holidays will not be considered.
[2024-11-13T20:02:50.091+1100] {processor.py:927} WARNING - No viable dags retrieved from /Users/yoonmoon/git/learn-airflow/airflow1/py_env/lib/python3.11/site-packages/airflow/example_dags/plugins/workday.py
[2024-11-13T20:02:50.119+1100] {processor.py:208} INFO - Processing /Users/yoonmoon/git/learn-airflow/airflow1/py_env/lib/python3.11/site-packages/airflow/example_dags/plugins/workday.py took 0.033 seconds
[2024-11-13T20:03:58.872+1100] {processor.py:186} INFO - Started process (PID=68035) to work on /Users/yoonmoon/git/learn-airflow/airflow1/py_env/lib/python3.11/site-packages/airflow/example_dags/plugins/workday.py
[2024-11-13T20:03:58.873+1100] {processor.py:914} INFO - Processing file /Users/yoonmoon/git/learn-airflow/airflow1/py_env/lib/python3.11/site-packages/airflow/example_dags/plugins/workday.py for tasks to queue
[2024-11-13T20:03:58.874+1100] {logging_mixin.py:190} INFO - [2024-11-13T20:03:58.873+1100] {dagbag.py:588} INFO - Filling up the DagBag from /Users/yoonmoon/git/learn-airflow/airflow1/py_env/lib/python3.11/site-packages/airflow/example_dags/plugins/workday.py
[2024-11-13T20:03:58.874+1100] {logging_mixin.py:190} INFO - [2024-11-13T20:03:58.874+1100] {workday.py:41} WARNING - Could not import pandas. Holidays will not be considered.
[2024-11-13T20:03:58.874+1100] {processor.py:927} WARNING - No viable dags retrieved from /Users/yoonmoon/git/learn-airflow/airflow1/py_env/lib/python3.11/site-packages/airflow/example_dags/plugins/workday.py
[2024-11-13T20:03:58.903+1100] {processor.py:208} INFO - Processing /Users/yoonmoon/git/learn-airflow/airflow1/py_env/lib/python3.11/site-packages/airflow/example_dags/plugins/workday.py took 0.034 seconds
[2024-11-13T20:05:04.748+1100] {processor.py:186} INFO - Started process (PID=68155) to work on /Users/yoonmoon/git/learn-airflow/airflow1/py_env/lib/python3.11/site-packages/airflow/example_dags/plugins/workday.py
[2024-11-13T20:05:04.749+1100] {processor.py:914} INFO - Processing file /Users/yoonmoon/git/learn-airflow/airflow1/py_env/lib/python3.11/site-packages/airflow/example_dags/plugins/workday.py for tasks to queue
[2024-11-13T20:05:04.750+1100] {logging_mixin.py:190} INFO - [2024-11-13T20:05:04.749+1100] {dagbag.py:588} INFO - Filling up the DagBag from /Users/yoonmoon/git/learn-airflow/airflow1/py_env/lib/python3.11/site-packages/airflow/example_dags/plugins/workday.py
[2024-11-13T20:05:04.750+1100] {logging_mixin.py:190} INFO - [2024-11-13T20:05:04.750+1100] {workday.py:41} WARNING - Could not import pandas. Holidays will not be considered.
[2024-11-13T20:05:04.751+1100] {processor.py:927} WARNING - No viable dags retrieved from /Users/yoonmoon/git/learn-airflow/airflow1/py_env/lib/python3.11/site-packages/airflow/example_dags/plugins/workday.py
[2024-11-13T20:05:04.779+1100] {processor.py:208} INFO - Processing /Users/yoonmoon/git/learn-airflow/airflow1/py_env/lib/python3.11/site-packages/airflow/example_dags/plugins/workday.py took 0.033 seconds
[2024-11-13T20:06:16.251+1100] {processor.py:186} INFO - Started process (PID=68320) to work on /Users/yoonmoon/git/learn-airflow/airflow1/py_env/lib/python3.11/site-packages/airflow/example_dags/plugins/workday.py
[2024-11-13T20:06:16.252+1100] {processor.py:914} INFO - Processing file /Users/yoonmoon/git/learn-airflow/airflow1/py_env/lib/python3.11/site-packages/airflow/example_dags/plugins/workday.py for tasks to queue
[2024-11-13T20:06:16.253+1100] {logging_mixin.py:190} INFO - [2024-11-13T20:06:16.253+1100] {dagbag.py:588} INFO - Filling up the DagBag from /Users/yoonmoon/git/learn-airflow/airflow1/py_env/lib/python3.11/site-packages/airflow/example_dags/plugins/workday.py
[2024-11-13T20:06:16.253+1100] {logging_mixin.py:190} INFO - [2024-11-13T20:06:16.253+1100] {workday.py:41} WARNING - Could not import pandas. Holidays will not be considered.
[2024-11-13T20:06:16.254+1100] {processor.py:927} WARNING - No viable dags retrieved from /Users/yoonmoon/git/learn-airflow/airflow1/py_env/lib/python3.11/site-packages/airflow/example_dags/plugins/workday.py
[2024-11-13T20:06:16.282+1100] {processor.py:208} INFO - Processing /Users/yoonmoon/git/learn-airflow/airflow1/py_env/lib/python3.11/site-packages/airflow/example_dags/plugins/workday.py took 0.032 seconds
[2024-11-13T20:07:26.933+1100] {processor.py:186} INFO - Started process (PID=68456) to work on /Users/yoonmoon/git/learn-airflow/airflow1/py_env/lib/python3.11/site-packages/airflow/example_dags/plugins/workday.py
[2024-11-13T20:07:26.933+1100] {processor.py:914} INFO - Processing file /Users/yoonmoon/git/learn-airflow/airflow1/py_env/lib/python3.11/site-packages/airflow/example_dags/plugins/workday.py for tasks to queue
[2024-11-13T20:07:26.934+1100] {logging_mixin.py:190} INFO - [2024-11-13T20:07:26.934+1100] {dagbag.py:588} INFO - Filling up the DagBag from /Users/yoonmoon/git/learn-airflow/airflow1/py_env/lib/python3.11/site-packages/airflow/example_dags/plugins/workday.py
[2024-11-13T20:07:26.935+1100] {logging_mixin.py:190} INFO - [2024-11-13T20:07:26.935+1100] {workday.py:41} WARNING - Could not import pandas. Holidays will not be considered.
[2024-11-13T20:07:26.935+1100] {processor.py:927} WARNING - No viable dags retrieved from /Users/yoonmoon/git/learn-airflow/airflow1/py_env/lib/python3.11/site-packages/airflow/example_dags/plugins/workday.py
[2024-11-13T20:07:26.963+1100] {processor.py:208} INFO - Processing /Users/yoonmoon/git/learn-airflow/airflow1/py_env/lib/python3.11/site-packages/airflow/example_dags/plugins/workday.py took 0.033 seconds
[2024-11-13T20:08:37.483+1100] {processor.py:186} INFO - Started process (PID=68590) to work on /Users/yoonmoon/git/learn-airflow/airflow1/py_env/lib/python3.11/site-packages/airflow/example_dags/plugins/workday.py
[2024-11-13T20:08:37.485+1100] {processor.py:914} INFO - Processing file /Users/yoonmoon/git/learn-airflow/airflow1/py_env/lib/python3.11/site-packages/airflow/example_dags/plugins/workday.py for tasks to queue
[2024-11-13T20:08:37.485+1100] {logging_mixin.py:190} INFO - [2024-11-13T20:08:37.485+1100] {dagbag.py:588} INFO - Filling up the DagBag from /Users/yoonmoon/git/learn-airflow/airflow1/py_env/lib/python3.11/site-packages/airflow/example_dags/plugins/workday.py
[2024-11-13T20:08:37.486+1100] {logging_mixin.py:190} INFO - [2024-11-13T20:08:37.486+1100] {workday.py:41} WARNING - Could not import pandas. Holidays will not be considered.
[2024-11-13T20:08:37.486+1100] {processor.py:927} WARNING - No viable dags retrieved from /Users/yoonmoon/git/learn-airflow/airflow1/py_env/lib/python3.11/site-packages/airflow/example_dags/plugins/workday.py
[2024-11-13T20:08:37.515+1100] {processor.py:208} INFO - Processing /Users/yoonmoon/git/learn-airflow/airflow1/py_env/lib/python3.11/site-packages/airflow/example_dags/plugins/workday.py took 0.035 seconds
[2024-11-13T20:09:49.317+1100] {processor.py:186} INFO - Started process (PID=68729) to work on /Users/yoonmoon/git/learn-airflow/airflow1/py_env/lib/python3.11/site-packages/airflow/example_dags/plugins/workday.py
[2024-11-13T20:09:49.317+1100] {processor.py:914} INFO - Processing file /Users/yoonmoon/git/learn-airflow/airflow1/py_env/lib/python3.11/site-packages/airflow/example_dags/plugins/workday.py for tasks to queue
[2024-11-13T20:09:49.318+1100] {logging_mixin.py:190} INFO - [2024-11-13T20:09:49.318+1100] {dagbag.py:588} INFO - Filling up the DagBag from /Users/yoonmoon/git/learn-airflow/airflow1/py_env/lib/python3.11/site-packages/airflow/example_dags/plugins/workday.py
[2024-11-13T20:09:49.319+1100] {logging_mixin.py:190} INFO - [2024-11-13T20:09:49.319+1100] {workday.py:41} WARNING - Could not import pandas. Holidays will not be considered.
[2024-11-13T20:09:49.319+1100] {processor.py:927} WARNING - No viable dags retrieved from /Users/yoonmoon/git/learn-airflow/airflow1/py_env/lib/python3.11/site-packages/airflow/example_dags/plugins/workday.py
[2024-11-13T20:09:49.348+1100] {processor.py:208} INFO - Processing /Users/yoonmoon/git/learn-airflow/airflow1/py_env/lib/python3.11/site-packages/airflow/example_dags/plugins/workday.py took 0.034 seconds
[2024-11-13T20:10:58.148+1100] {processor.py:186} INFO - Started process (PID=68872) to work on /Users/yoonmoon/git/learn-airflow/airflow1/py_env/lib/python3.11/site-packages/airflow/example_dags/plugins/workday.py
[2024-11-13T20:10:58.148+1100] {processor.py:914} INFO - Processing file /Users/yoonmoon/git/learn-airflow/airflow1/py_env/lib/python3.11/site-packages/airflow/example_dags/plugins/workday.py for tasks to queue
[2024-11-13T20:10:58.149+1100] {logging_mixin.py:190} INFO - [2024-11-13T20:10:58.149+1100] {dagbag.py:588} INFO - Filling up the DagBag from /Users/yoonmoon/git/learn-airflow/airflow1/py_env/lib/python3.11/site-packages/airflow/example_dags/plugins/workday.py
[2024-11-13T20:10:58.150+1100] {logging_mixin.py:190} INFO - [2024-11-13T20:10:58.150+1100] {workday.py:41} WARNING - Could not import pandas. Holidays will not be considered.
[2024-11-13T20:10:58.150+1100] {processor.py:927} WARNING - No viable dags retrieved from /Users/yoonmoon/git/learn-airflow/airflow1/py_env/lib/python3.11/site-packages/airflow/example_dags/plugins/workday.py
[2024-11-13T20:10:58.179+1100] {processor.py:208} INFO - Processing /Users/yoonmoon/git/learn-airflow/airflow1/py_env/lib/python3.11/site-packages/airflow/example_dags/plugins/workday.py took 0.034 seconds
[2024-11-13T20:12:04.821+1100] {processor.py:186} INFO - Started process (PID=68996) to work on /Users/yoonmoon/git/learn-airflow/airflow1/py_env/lib/python3.11/site-packages/airflow/example_dags/plugins/workday.py
[2024-11-13T20:12:04.822+1100] {processor.py:914} INFO - Processing file /Users/yoonmoon/git/learn-airflow/airflow1/py_env/lib/python3.11/site-packages/airflow/example_dags/plugins/workday.py for tasks to queue
[2024-11-13T20:12:04.822+1100] {logging_mixin.py:190} INFO - [2024-11-13T20:12:04.822+1100] {dagbag.py:588} INFO - Filling up the DagBag from /Users/yoonmoon/git/learn-airflow/airflow1/py_env/lib/python3.11/site-packages/airflow/example_dags/plugins/workday.py
[2024-11-13T20:12:04.823+1100] {logging_mixin.py:190} INFO - [2024-11-13T20:12:04.823+1100] {workday.py:41} WARNING - Could not import pandas. Holidays will not be considered.
[2024-11-13T20:12:04.823+1100] {processor.py:927} WARNING - No viable dags retrieved from /Users/yoonmoon/git/learn-airflow/airflow1/py_env/lib/python3.11/site-packages/airflow/example_dags/plugins/workday.py
[2024-11-13T20:12:04.851+1100] {processor.py:208} INFO - Processing /Users/yoonmoon/git/learn-airflow/airflow1/py_env/lib/python3.11/site-packages/airflow/example_dags/plugins/workday.py took 0.033 seconds
[2024-11-13T20:13:12.917+1100] {processor.py:186} INFO - Started process (PID=69124) to work on /Users/yoonmoon/git/learn-airflow/airflow1/py_env/lib/python3.11/site-packages/airflow/example_dags/plugins/workday.py
[2024-11-13T20:13:12.918+1100] {processor.py:914} INFO - Processing file /Users/yoonmoon/git/learn-airflow/airflow1/py_env/lib/python3.11/site-packages/airflow/example_dags/plugins/workday.py for tasks to queue
[2024-11-13T20:13:12.918+1100] {logging_mixin.py:190} INFO - [2024-11-13T20:13:12.918+1100] {dagbag.py:588} INFO - Filling up the DagBag from /Users/yoonmoon/git/learn-airflow/airflow1/py_env/lib/python3.11/site-packages/airflow/example_dags/plugins/workday.py
[2024-11-13T20:13:12.919+1100] {logging_mixin.py:190} INFO - [2024-11-13T20:13:12.919+1100] {workday.py:41} WARNING - Could not import pandas. Holidays will not be considered.
[2024-11-13T20:13:12.919+1100] {processor.py:927} WARNING - No viable dags retrieved from /Users/yoonmoon/git/learn-airflow/airflow1/py_env/lib/python3.11/site-packages/airflow/example_dags/plugins/workday.py
[2024-11-13T20:13:12.948+1100] {processor.py:208} INFO - Processing /Users/yoonmoon/git/learn-airflow/airflow1/py_env/lib/python3.11/site-packages/airflow/example_dags/plugins/workday.py took 0.033 seconds
[2024-11-13T20:14:21.249+1100] {processor.py:186} INFO - Started process (PID=69247) to work on /Users/yoonmoon/git/learn-airflow/airflow1/py_env/lib/python3.11/site-packages/airflow/example_dags/plugins/workday.py
[2024-11-13T20:14:21.250+1100] {processor.py:914} INFO - Processing file /Users/yoonmoon/git/learn-airflow/airflow1/py_env/lib/python3.11/site-packages/airflow/example_dags/plugins/workday.py for tasks to queue
[2024-11-13T20:14:21.250+1100] {logging_mixin.py:190} INFO - [2024-11-13T20:14:21.250+1100] {dagbag.py:588} INFO - Filling up the DagBag from /Users/yoonmoon/git/learn-airflow/airflow1/py_env/lib/python3.11/site-packages/airflow/example_dags/plugins/workday.py
[2024-11-13T20:14:21.251+1100] {logging_mixin.py:190} INFO - [2024-11-13T20:14:21.251+1100] {workday.py:41} WARNING - Could not import pandas. Holidays will not be considered.
[2024-11-13T20:14:21.251+1100] {processor.py:927} WARNING - No viable dags retrieved from /Users/yoonmoon/git/learn-airflow/airflow1/py_env/lib/python3.11/site-packages/airflow/example_dags/plugins/workday.py
[2024-11-13T20:14:21.280+1100] {processor.py:208} INFO - Processing /Users/yoonmoon/git/learn-airflow/airflow1/py_env/lib/python3.11/site-packages/airflow/example_dags/plugins/workday.py took 0.033 seconds
[2024-11-13T20:15:32.260+1100] {processor.py:186} INFO - Started process (PID=69373) to work on /Users/yoonmoon/git/learn-airflow/airflow1/py_env/lib/python3.11/site-packages/airflow/example_dags/plugins/workday.py
[2024-11-13T20:15:32.262+1100] {processor.py:914} INFO - Processing file /Users/yoonmoon/git/learn-airflow/airflow1/py_env/lib/python3.11/site-packages/airflow/example_dags/plugins/workday.py for tasks to queue
[2024-11-13T20:15:32.262+1100] {logging_mixin.py:190} INFO - [2024-11-13T20:15:32.262+1100] {dagbag.py:588} INFO - Filling up the DagBag from /Users/yoonmoon/git/learn-airflow/airflow1/py_env/lib/python3.11/site-packages/airflow/example_dags/plugins/workday.py
[2024-11-13T20:15:32.263+1100] {logging_mixin.py:190} INFO - [2024-11-13T20:15:32.263+1100] {workday.py:41} WARNING - Could not import pandas. Holidays will not be considered.
[2024-11-13T20:15:32.263+1100] {processor.py:927} WARNING - No viable dags retrieved from /Users/yoonmoon/git/learn-airflow/airflow1/py_env/lib/python3.11/site-packages/airflow/example_dags/plugins/workday.py
[2024-11-13T20:15:32.292+1100] {processor.py:208} INFO - Processing /Users/yoonmoon/git/learn-airflow/airflow1/py_env/lib/python3.11/site-packages/airflow/example_dags/plugins/workday.py took 0.034 seconds
[2024-11-13T20:16:40.654+1100] {processor.py:186} INFO - Started process (PID=69494) to work on /Users/yoonmoon/git/learn-airflow/airflow1/py_env/lib/python3.11/site-packages/airflow/example_dags/plugins/workday.py
[2024-11-13T20:16:40.656+1100] {processor.py:914} INFO - Processing file /Users/yoonmoon/git/learn-airflow/airflow1/py_env/lib/python3.11/site-packages/airflow/example_dags/plugins/workday.py for tasks to queue
[2024-11-13T20:16:40.656+1100] {logging_mixin.py:190} INFO - [2024-11-13T20:16:40.656+1100] {dagbag.py:588} INFO - Filling up the DagBag from /Users/yoonmoon/git/learn-airflow/airflow1/py_env/lib/python3.11/site-packages/airflow/example_dags/plugins/workday.py
[2024-11-13T20:16:40.657+1100] {logging_mixin.py:190} INFO - [2024-11-13T20:16:40.657+1100] {workday.py:41} WARNING - Could not import pandas. Holidays will not be considered.
[2024-11-13T20:16:40.657+1100] {processor.py:927} WARNING - No viable dags retrieved from /Users/yoonmoon/git/learn-airflow/airflow1/py_env/lib/python3.11/site-packages/airflow/example_dags/plugins/workday.py
[2024-11-13T20:16:40.686+1100] {processor.py:208} INFO - Processing /Users/yoonmoon/git/learn-airflow/airflow1/py_env/lib/python3.11/site-packages/airflow/example_dags/plugins/workday.py took 0.034 seconds
[2024-11-13T20:17:49.191+1100] {processor.py:186} INFO - Started process (PID=69624) to work on /Users/yoonmoon/git/learn-airflow/airflow1/py_env/lib/python3.11/site-packages/airflow/example_dags/plugins/workday.py
[2024-11-13T20:17:49.193+1100] {processor.py:914} INFO - Processing file /Users/yoonmoon/git/learn-airflow/airflow1/py_env/lib/python3.11/site-packages/airflow/example_dags/plugins/workday.py for tasks to queue
[2024-11-13T20:17:49.193+1100] {logging_mixin.py:190} INFO - [2024-11-13T20:17:49.193+1100] {dagbag.py:588} INFO - Filling up the DagBag from /Users/yoonmoon/git/learn-airflow/airflow1/py_env/lib/python3.11/site-packages/airflow/example_dags/plugins/workday.py
[2024-11-13T20:17:49.194+1100] {logging_mixin.py:190} INFO - [2024-11-13T20:17:49.194+1100] {workday.py:41} WARNING - Could not import pandas. Holidays will not be considered.
[2024-11-13T20:17:49.194+1100] {processor.py:927} WARNING - No viable dags retrieved from /Users/yoonmoon/git/learn-airflow/airflow1/py_env/lib/python3.11/site-packages/airflow/example_dags/plugins/workday.py
[2024-11-13T20:17:49.223+1100] {processor.py:208} INFO - Processing /Users/yoonmoon/git/learn-airflow/airflow1/py_env/lib/python3.11/site-packages/airflow/example_dags/plugins/workday.py took 0.034 seconds
[2024-11-13T20:18:59.067+1100] {processor.py:186} INFO - Started process (PID=69766) to work on /Users/yoonmoon/git/learn-airflow/airflow1/py_env/lib/python3.11/site-packages/airflow/example_dags/plugins/workday.py
[2024-11-13T20:18:59.068+1100] {processor.py:914} INFO - Processing file /Users/yoonmoon/git/learn-airflow/airflow1/py_env/lib/python3.11/site-packages/airflow/example_dags/plugins/workday.py for tasks to queue
[2024-11-13T20:18:59.069+1100] {logging_mixin.py:190} INFO - [2024-11-13T20:18:59.069+1100] {dagbag.py:588} INFO - Filling up the DagBag from /Users/yoonmoon/git/learn-airflow/airflow1/py_env/lib/python3.11/site-packages/airflow/example_dags/plugins/workday.py
[2024-11-13T20:18:59.069+1100] {logging_mixin.py:190} INFO - [2024-11-13T20:18:59.069+1100] {workday.py:41} WARNING - Could not import pandas. Holidays will not be considered.
[2024-11-13T20:18:59.070+1100] {processor.py:927} WARNING - No viable dags retrieved from /Users/yoonmoon/git/learn-airflow/airflow1/py_env/lib/python3.11/site-packages/airflow/example_dags/plugins/workday.py
[2024-11-13T20:18:59.098+1100] {processor.py:208} INFO - Processing /Users/yoonmoon/git/learn-airflow/airflow1/py_env/lib/python3.11/site-packages/airflow/example_dags/plugins/workday.py took 0.033 seconds
[2024-11-13T20:20:10.207+1100] {processor.py:186} INFO - Started process (PID=69957) to work on /Users/yoonmoon/git/learn-airflow/airflow1/py_env/lib/python3.11/site-packages/airflow/example_dags/plugins/workday.py
[2024-11-13T20:20:10.208+1100] {processor.py:914} INFO - Processing file /Users/yoonmoon/git/learn-airflow/airflow1/py_env/lib/python3.11/site-packages/airflow/example_dags/plugins/workday.py for tasks to queue
[2024-11-13T20:20:10.209+1100] {logging_mixin.py:190} INFO - [2024-11-13T20:20:10.209+1100] {dagbag.py:588} INFO - Filling up the DagBag from /Users/yoonmoon/git/learn-airflow/airflow1/py_env/lib/python3.11/site-packages/airflow/example_dags/plugins/workday.py
[2024-11-13T20:20:10.210+1100] {logging_mixin.py:190} INFO - [2024-11-13T20:20:10.210+1100] {workday.py:41} WARNING - Could not import pandas. Holidays will not be considered.
[2024-11-13T20:20:10.210+1100] {processor.py:927} WARNING - No viable dags retrieved from /Users/yoonmoon/git/learn-airflow/airflow1/py_env/lib/python3.11/site-packages/airflow/example_dags/plugins/workday.py
[2024-11-13T20:20:10.238+1100] {processor.py:208} INFO - Processing /Users/yoonmoon/git/learn-airflow/airflow1/py_env/lib/python3.11/site-packages/airflow/example_dags/plugins/workday.py took 0.033 seconds
[2024-11-13T20:21:19.100+1100] {processor.py:186} INFO - Started process (PID=70146) to work on /Users/yoonmoon/git/learn-airflow/airflow1/py_env/lib/python3.11/site-packages/airflow/example_dags/plugins/workday.py
[2024-11-13T20:21:19.102+1100] {processor.py:914} INFO - Processing file /Users/yoonmoon/git/learn-airflow/airflow1/py_env/lib/python3.11/site-packages/airflow/example_dags/plugins/workday.py for tasks to queue
[2024-11-13T20:21:19.102+1100] {logging_mixin.py:190} INFO - [2024-11-13T20:21:19.102+1100] {dagbag.py:588} INFO - Filling up the DagBag from /Users/yoonmoon/git/learn-airflow/airflow1/py_env/lib/python3.11/site-packages/airflow/example_dags/plugins/workday.py
[2024-11-13T20:21:19.103+1100] {logging_mixin.py:190} INFO - [2024-11-13T20:21:19.103+1100] {workday.py:41} WARNING - Could not import pandas. Holidays will not be considered.
[2024-11-13T20:21:19.103+1100] {processor.py:927} WARNING - No viable dags retrieved from /Users/yoonmoon/git/learn-airflow/airflow1/py_env/lib/python3.11/site-packages/airflow/example_dags/plugins/workday.py
[2024-11-13T20:21:19.134+1100] {processor.py:208} INFO - Processing /Users/yoonmoon/git/learn-airflow/airflow1/py_env/lib/python3.11/site-packages/airflow/example_dags/plugins/workday.py took 0.037 seconds
[2024-11-13T20:22:26.842+1100] {processor.py:186} INFO - Started process (PID=70271) to work on /Users/yoonmoon/git/learn-airflow/airflow1/py_env/lib/python3.11/site-packages/airflow/example_dags/plugins/workday.py
[2024-11-13T20:22:26.843+1100] {processor.py:914} INFO - Processing file /Users/yoonmoon/git/learn-airflow/airflow1/py_env/lib/python3.11/site-packages/airflow/example_dags/plugins/workday.py for tasks to queue
[2024-11-13T20:22:26.844+1100] {logging_mixin.py:190} INFO - [2024-11-13T20:22:26.844+1100] {dagbag.py:588} INFO - Filling up the DagBag from /Users/yoonmoon/git/learn-airflow/airflow1/py_env/lib/python3.11/site-packages/airflow/example_dags/plugins/workday.py
[2024-11-13T20:22:26.845+1100] {logging_mixin.py:190} INFO - [2024-11-13T20:22:26.845+1100] {workday.py:41} WARNING - Could not import pandas. Holidays will not be considered.
[2024-11-13T20:22:26.845+1100] {processor.py:927} WARNING - No viable dags retrieved from /Users/yoonmoon/git/learn-airflow/airflow1/py_env/lib/python3.11/site-packages/airflow/example_dags/plugins/workday.py
[2024-11-13T20:22:26.873+1100] {processor.py:208} INFO - Processing /Users/yoonmoon/git/learn-airflow/airflow1/py_env/lib/python3.11/site-packages/airflow/example_dags/plugins/workday.py took 0.034 seconds
[2024-11-13T20:23:30.775+1100] {processor.py:186} INFO - Started process (PID=70398) to work on /Users/yoonmoon/git/learn-airflow/airflow1/py_env/lib/python3.11/site-packages/airflow/example_dags/plugins/workday.py
[2024-11-13T20:23:30.776+1100] {processor.py:914} INFO - Processing file /Users/yoonmoon/git/learn-airflow/airflow1/py_env/lib/python3.11/site-packages/airflow/example_dags/plugins/workday.py for tasks to queue
[2024-11-13T20:23:30.777+1100] {logging_mixin.py:190} INFO - [2024-11-13T20:23:30.777+1100] {dagbag.py:588} INFO - Filling up the DagBag from /Users/yoonmoon/git/learn-airflow/airflow1/py_env/lib/python3.11/site-packages/airflow/example_dags/plugins/workday.py
[2024-11-13T20:23:30.778+1100] {logging_mixin.py:190} INFO - [2024-11-13T20:23:30.778+1100] {workday.py:41} WARNING - Could not import pandas. Holidays will not be considered.
[2024-11-13T20:23:30.778+1100] {processor.py:927} WARNING - No viable dags retrieved from /Users/yoonmoon/git/learn-airflow/airflow1/py_env/lib/python3.11/site-packages/airflow/example_dags/plugins/workday.py
[2024-11-13T20:23:30.806+1100] {processor.py:208} INFO - Processing /Users/yoonmoon/git/learn-airflow/airflow1/py_env/lib/python3.11/site-packages/airflow/example_dags/plugins/workday.py took 0.034 seconds
[2024-11-13T20:24:38.830+1100] {processor.py:186} INFO - Started process (PID=70523) to work on /Users/yoonmoon/git/learn-airflow/airflow1/py_env/lib/python3.11/site-packages/airflow/example_dags/plugins/workday.py
[2024-11-13T20:24:38.831+1100] {processor.py:914} INFO - Processing file /Users/yoonmoon/git/learn-airflow/airflow1/py_env/lib/python3.11/site-packages/airflow/example_dags/plugins/workday.py for tasks to queue
[2024-11-13T20:24:38.832+1100] {logging_mixin.py:190} INFO - [2024-11-13T20:24:38.831+1100] {dagbag.py:588} INFO - Filling up the DagBag from /Users/yoonmoon/git/learn-airflow/airflow1/py_env/lib/python3.11/site-packages/airflow/example_dags/plugins/workday.py
[2024-11-13T20:24:38.832+1100] {logging_mixin.py:190} INFO - [2024-11-13T20:24:38.832+1100] {workday.py:41} WARNING - Could not import pandas. Holidays will not be considered.
[2024-11-13T20:24:38.833+1100] {processor.py:927} WARNING - No viable dags retrieved from /Users/yoonmoon/git/learn-airflow/airflow1/py_env/lib/python3.11/site-packages/airflow/example_dags/plugins/workday.py
[2024-11-13T20:24:38.861+1100] {processor.py:208} INFO - Processing /Users/yoonmoon/git/learn-airflow/airflow1/py_env/lib/python3.11/site-packages/airflow/example_dags/plugins/workday.py took 0.034 seconds
[2024-11-13T20:25:47.096+1100] {processor.py:186} INFO - Started process (PID=70651) to work on /Users/yoonmoon/git/learn-airflow/airflow1/py_env/lib/python3.11/site-packages/airflow/example_dags/plugins/workday.py
[2024-11-13T20:25:47.097+1100] {processor.py:914} INFO - Processing file /Users/yoonmoon/git/learn-airflow/airflow1/py_env/lib/python3.11/site-packages/airflow/example_dags/plugins/workday.py for tasks to queue
[2024-11-13T20:25:47.098+1100] {logging_mixin.py:190} INFO - [2024-11-13T20:25:47.098+1100] {dagbag.py:588} INFO - Filling up the DagBag from /Users/yoonmoon/git/learn-airflow/airflow1/py_env/lib/python3.11/site-packages/airflow/example_dags/plugins/workday.py
[2024-11-13T20:25:47.099+1100] {logging_mixin.py:190} INFO - [2024-11-13T20:25:47.098+1100] {workday.py:41} WARNING - Could not import pandas. Holidays will not be considered.
[2024-11-13T20:25:47.099+1100] {processor.py:927} WARNING - No viable dags retrieved from /Users/yoonmoon/git/learn-airflow/airflow1/py_env/lib/python3.11/site-packages/airflow/example_dags/plugins/workday.py
[2024-11-13T20:25:47.127+1100] {processor.py:208} INFO - Processing /Users/yoonmoon/git/learn-airflow/airflow1/py_env/lib/python3.11/site-packages/airflow/example_dags/plugins/workday.py took 0.032 seconds
[2024-11-13T20:26:55.429+1100] {processor.py:186} INFO - Started process (PID=70802) to work on /Users/yoonmoon/git/learn-airflow/airflow1/py_env/lib/python3.11/site-packages/airflow/example_dags/plugins/workday.py
[2024-11-13T20:26:55.431+1100] {processor.py:914} INFO - Processing file /Users/yoonmoon/git/learn-airflow/airflow1/py_env/lib/python3.11/site-packages/airflow/example_dags/plugins/workday.py for tasks to queue
[2024-11-13T20:26:55.431+1100] {logging_mixin.py:190} INFO - [2024-11-13T20:26:55.431+1100] {dagbag.py:588} INFO - Filling up the DagBag from /Users/yoonmoon/git/learn-airflow/airflow1/py_env/lib/python3.11/site-packages/airflow/example_dags/plugins/workday.py
[2024-11-13T20:26:55.432+1100] {logging_mixin.py:190} INFO - [2024-11-13T20:26:55.432+1100] {workday.py:41} WARNING - Could not import pandas. Holidays will not be considered.
[2024-11-13T20:26:55.432+1100] {processor.py:927} WARNING - No viable dags retrieved from /Users/yoonmoon/git/learn-airflow/airflow1/py_env/lib/python3.11/site-packages/airflow/example_dags/plugins/workday.py
[2024-11-13T20:26:55.461+1100] {processor.py:208} INFO - Processing /Users/yoonmoon/git/learn-airflow/airflow1/py_env/lib/python3.11/site-packages/airflow/example_dags/plugins/workday.py took 0.034 seconds
[2024-11-13T20:28:05.586+1100] {processor.py:186} INFO - Started process (PID=70934) to work on /Users/yoonmoon/git/learn-airflow/airflow1/py_env/lib/python3.11/site-packages/airflow/example_dags/plugins/workday.py
[2024-11-13T20:28:05.588+1100] {processor.py:914} INFO - Processing file /Users/yoonmoon/git/learn-airflow/airflow1/py_env/lib/python3.11/site-packages/airflow/example_dags/plugins/workday.py for tasks to queue
[2024-11-13T20:28:05.588+1100] {logging_mixin.py:190} INFO - [2024-11-13T20:28:05.588+1100] {dagbag.py:588} INFO - Filling up the DagBag from /Users/yoonmoon/git/learn-airflow/airflow1/py_env/lib/python3.11/site-packages/airflow/example_dags/plugins/workday.py
[2024-11-13T20:28:05.589+1100] {logging_mixin.py:190} INFO - [2024-11-13T20:28:05.589+1100] {workday.py:41} WARNING - Could not import pandas. Holidays will not be considered.
[2024-11-13T20:28:05.589+1100] {processor.py:927} WARNING - No viable dags retrieved from /Users/yoonmoon/git/learn-airflow/airflow1/py_env/lib/python3.11/site-packages/airflow/example_dags/plugins/workday.py
[2024-11-13T20:28:05.617+1100] {processor.py:208} INFO - Processing /Users/yoonmoon/git/learn-airflow/airflow1/py_env/lib/python3.11/site-packages/airflow/example_dags/plugins/workday.py took 0.033 seconds
[2024-11-13T20:29:11.374+1100] {processor.py:186} INFO - Started process (PID=71077) to work on /Users/yoonmoon/git/learn-airflow/airflow1/py_env/lib/python3.11/site-packages/airflow/example_dags/plugins/workday.py
[2024-11-13T20:29:11.375+1100] {processor.py:914} INFO - Processing file /Users/yoonmoon/git/learn-airflow/airflow1/py_env/lib/python3.11/site-packages/airflow/example_dags/plugins/workday.py for tasks to queue
[2024-11-13T20:29:11.376+1100] {logging_mixin.py:190} INFO - [2024-11-13T20:29:11.376+1100] {dagbag.py:588} INFO - Filling up the DagBag from /Users/yoonmoon/git/learn-airflow/airflow1/py_env/lib/python3.11/site-packages/airflow/example_dags/plugins/workday.py
[2024-11-13T20:29:11.377+1100] {logging_mixin.py:190} INFO - [2024-11-13T20:29:11.377+1100] {workday.py:41} WARNING - Could not import pandas. Holidays will not be considered.
[2024-11-13T20:29:11.377+1100] {processor.py:927} WARNING - No viable dags retrieved from /Users/yoonmoon/git/learn-airflow/airflow1/py_env/lib/python3.11/site-packages/airflow/example_dags/plugins/workday.py
[2024-11-13T20:29:11.405+1100] {processor.py:208} INFO - Processing /Users/yoonmoon/git/learn-airflow/airflow1/py_env/lib/python3.11/site-packages/airflow/example_dags/plugins/workday.py took 0.034 seconds
[2024-11-13T20:30:19.324+1100] {processor.py:186} INFO - Started process (PID=71202) to work on /Users/yoonmoon/git/learn-airflow/airflow1/py_env/lib/python3.11/site-packages/airflow/example_dags/plugins/workday.py
[2024-11-13T20:30:19.325+1100] {processor.py:914} INFO - Processing file /Users/yoonmoon/git/learn-airflow/airflow1/py_env/lib/python3.11/site-packages/airflow/example_dags/plugins/workday.py for tasks to queue
[2024-11-13T20:30:19.326+1100] {logging_mixin.py:190} INFO - [2024-11-13T20:30:19.325+1100] {dagbag.py:588} INFO - Filling up the DagBag from /Users/yoonmoon/git/learn-airflow/airflow1/py_env/lib/python3.11/site-packages/airflow/example_dags/plugins/workday.py
[2024-11-13T20:30:19.326+1100] {logging_mixin.py:190} INFO - [2024-11-13T20:30:19.326+1100] {workday.py:41} WARNING - Could not import pandas. Holidays will not be considered.
[2024-11-13T20:30:19.327+1100] {processor.py:927} WARNING - No viable dags retrieved from /Users/yoonmoon/git/learn-airflow/airflow1/py_env/lib/python3.11/site-packages/airflow/example_dags/plugins/workday.py
[2024-11-13T20:30:19.356+1100] {processor.py:208} INFO - Processing /Users/yoonmoon/git/learn-airflow/airflow1/py_env/lib/python3.11/site-packages/airflow/example_dags/plugins/workday.py took 0.034 seconds
[2024-11-13T20:31:28.894+1100] {processor.py:186} INFO - Started process (PID=71327) to work on /Users/yoonmoon/git/learn-airflow/airflow1/py_env/lib/python3.11/site-packages/airflow/example_dags/plugins/workday.py
[2024-11-13T20:31:28.896+1100] {processor.py:914} INFO - Processing file /Users/yoonmoon/git/learn-airflow/airflow1/py_env/lib/python3.11/site-packages/airflow/example_dags/plugins/workday.py for tasks to queue
[2024-11-13T20:31:28.897+1100] {logging_mixin.py:190} INFO - [2024-11-13T20:31:28.897+1100] {dagbag.py:588} INFO - Filling up the DagBag from /Users/yoonmoon/git/learn-airflow/airflow1/py_env/lib/python3.11/site-packages/airflow/example_dags/plugins/workday.py
[2024-11-13T20:31:28.898+1100] {logging_mixin.py:190} INFO - [2024-11-13T20:31:28.898+1100] {workday.py:41} WARNING - Could not import pandas. Holidays will not be considered.
[2024-11-13T20:31:28.898+1100] {processor.py:927} WARNING - No viable dags retrieved from /Users/yoonmoon/git/learn-airflow/airflow1/py_env/lib/python3.11/site-packages/airflow/example_dags/plugins/workday.py
[2024-11-13T20:31:28.927+1100] {processor.py:208} INFO - Processing /Users/yoonmoon/git/learn-airflow/airflow1/py_env/lib/python3.11/site-packages/airflow/example_dags/plugins/workday.py took 0.034 seconds
[2024-11-13T20:32:39.861+1100] {processor.py:186} INFO - Started process (PID=71456) to work on /Users/yoonmoon/git/learn-airflow/airflow1/py_env/lib/python3.11/site-packages/airflow/example_dags/plugins/workday.py
[2024-11-13T20:32:39.862+1100] {processor.py:914} INFO - Processing file /Users/yoonmoon/git/learn-airflow/airflow1/py_env/lib/python3.11/site-packages/airflow/example_dags/plugins/workday.py for tasks to queue
[2024-11-13T20:32:39.863+1100] {logging_mixin.py:190} INFO - [2024-11-13T20:32:39.863+1100] {dagbag.py:588} INFO - Filling up the DagBag from /Users/yoonmoon/git/learn-airflow/airflow1/py_env/lib/python3.11/site-packages/airflow/example_dags/plugins/workday.py
[2024-11-13T20:32:39.864+1100] {logging_mixin.py:190} INFO - [2024-11-13T20:32:39.864+1100] {workday.py:41} WARNING - Could not import pandas. Holidays will not be considered.
[2024-11-13T20:32:39.864+1100] {processor.py:927} WARNING - No viable dags retrieved from /Users/yoonmoon/git/learn-airflow/airflow1/py_env/lib/python3.11/site-packages/airflow/example_dags/plugins/workday.py
[2024-11-13T20:32:39.892+1100] {processor.py:208} INFO - Processing /Users/yoonmoon/git/learn-airflow/airflow1/py_env/lib/python3.11/site-packages/airflow/example_dags/plugins/workday.py took 0.033 seconds
[2024-11-13T20:33:50.671+1100] {processor.py:186} INFO - Started process (PID=71583) to work on /Users/yoonmoon/git/learn-airflow/airflow1/py_env/lib/python3.11/site-packages/airflow/example_dags/plugins/workday.py
[2024-11-13T20:33:50.671+1100] {processor.py:914} INFO - Processing file /Users/yoonmoon/git/learn-airflow/airflow1/py_env/lib/python3.11/site-packages/airflow/example_dags/plugins/workday.py for tasks to queue
[2024-11-13T20:33:50.672+1100] {logging_mixin.py:190} INFO - [2024-11-13T20:33:50.672+1100] {dagbag.py:588} INFO - Filling up the DagBag from /Users/yoonmoon/git/learn-airflow/airflow1/py_env/lib/python3.11/site-packages/airflow/example_dags/plugins/workday.py
[2024-11-13T20:33:50.673+1100] {logging_mixin.py:190} INFO - [2024-11-13T20:33:50.672+1100] {workday.py:41} WARNING - Could not import pandas. Holidays will not be considered.
[2024-11-13T20:33:50.673+1100] {processor.py:927} WARNING - No viable dags retrieved from /Users/yoonmoon/git/learn-airflow/airflow1/py_env/lib/python3.11/site-packages/airflow/example_dags/plugins/workday.py
[2024-11-13T20:33:50.702+1100] {processor.py:208} INFO - Processing /Users/yoonmoon/git/learn-airflow/airflow1/py_env/lib/python3.11/site-packages/airflow/example_dags/plugins/workday.py took 0.034 seconds
[2024-11-13T20:35:01.779+1100] {processor.py:186} INFO - Started process (PID=71717) to work on /Users/yoonmoon/git/learn-airflow/airflow1/py_env/lib/python3.11/site-packages/airflow/example_dags/plugins/workday.py
[2024-11-13T20:35:01.780+1100] {processor.py:914} INFO - Processing file /Users/yoonmoon/git/learn-airflow/airflow1/py_env/lib/python3.11/site-packages/airflow/example_dags/plugins/workday.py for tasks to queue
[2024-11-13T20:35:01.781+1100] {logging_mixin.py:190} INFO - [2024-11-13T20:35:01.780+1100] {dagbag.py:588} INFO - Filling up the DagBag from /Users/yoonmoon/git/learn-airflow/airflow1/py_env/lib/python3.11/site-packages/airflow/example_dags/plugins/workday.py
[2024-11-13T20:35:01.781+1100] {logging_mixin.py:190} INFO - [2024-11-13T20:35:01.781+1100] {workday.py:41} WARNING - Could not import pandas. Holidays will not be considered.
[2024-11-13T20:35:01.782+1100] {processor.py:927} WARNING - No viable dags retrieved from /Users/yoonmoon/git/learn-airflow/airflow1/py_env/lib/python3.11/site-packages/airflow/example_dags/plugins/workday.py
[2024-11-13T20:35:01.810+1100] {processor.py:208} INFO - Processing /Users/yoonmoon/git/learn-airflow/airflow1/py_env/lib/python3.11/site-packages/airflow/example_dags/plugins/workday.py took 0.033 seconds
[2024-11-13T20:36:11.105+1100] {processor.py:186} INFO - Started process (PID=71860) to work on /Users/yoonmoon/git/learn-airflow/airflow1/py_env/lib/python3.11/site-packages/airflow/example_dags/plugins/workday.py
[2024-11-13T20:36:11.105+1100] {processor.py:914} INFO - Processing file /Users/yoonmoon/git/learn-airflow/airflow1/py_env/lib/python3.11/site-packages/airflow/example_dags/plugins/workday.py for tasks to queue
[2024-11-13T20:36:11.106+1100] {logging_mixin.py:190} INFO - [2024-11-13T20:36:11.106+1100] {dagbag.py:588} INFO - Filling up the DagBag from /Users/yoonmoon/git/learn-airflow/airflow1/py_env/lib/python3.11/site-packages/airflow/example_dags/plugins/workday.py
[2024-11-13T20:36:11.107+1100] {logging_mixin.py:190} INFO - [2024-11-13T20:36:11.107+1100] {workday.py:41} WARNING - Could not import pandas. Holidays will not be considered.
[2024-11-13T20:36:11.107+1100] {processor.py:927} WARNING - No viable dags retrieved from /Users/yoonmoon/git/learn-airflow/airflow1/py_env/lib/python3.11/site-packages/airflow/example_dags/plugins/workday.py
[2024-11-13T20:36:11.135+1100] {processor.py:208} INFO - Processing /Users/yoonmoon/git/learn-airflow/airflow1/py_env/lib/python3.11/site-packages/airflow/example_dags/plugins/workday.py took 0.033 seconds
[2024-11-13T20:37:19.219+1100] {processor.py:186} INFO - Started process (PID=72010) to work on /Users/yoonmoon/git/learn-airflow/airflow1/py_env/lib/python3.11/site-packages/airflow/example_dags/plugins/workday.py
[2024-11-13T20:37:19.220+1100] {processor.py:914} INFO - Processing file /Users/yoonmoon/git/learn-airflow/airflow1/py_env/lib/python3.11/site-packages/airflow/example_dags/plugins/workday.py for tasks to queue
[2024-11-13T20:37:19.220+1100] {logging_mixin.py:190} INFO - [2024-11-13T20:37:19.220+1100] {dagbag.py:588} INFO - Filling up the DagBag from /Users/yoonmoon/git/learn-airflow/airflow1/py_env/lib/python3.11/site-packages/airflow/example_dags/plugins/workday.py
[2024-11-13T20:37:19.221+1100] {logging_mixin.py:190} INFO - [2024-11-13T20:37:19.221+1100] {workday.py:41} WARNING - Could not import pandas. Holidays will not be considered.
[2024-11-13T20:37:19.221+1100] {processor.py:927} WARNING - No viable dags retrieved from /Users/yoonmoon/git/learn-airflow/airflow1/py_env/lib/python3.11/site-packages/airflow/example_dags/plugins/workday.py
[2024-11-13T20:37:19.250+1100] {processor.py:208} INFO - Processing /Users/yoonmoon/git/learn-airflow/airflow1/py_env/lib/python3.11/site-packages/airflow/example_dags/plugins/workday.py took 0.033 seconds
[2024-11-13T20:38:29.269+1100] {processor.py:186} INFO - Started process (PID=72156) to work on /Users/yoonmoon/git/learn-airflow/airflow1/py_env/lib/python3.11/site-packages/airflow/example_dags/plugins/workday.py
[2024-11-13T20:38:29.270+1100] {processor.py:914} INFO - Processing file /Users/yoonmoon/git/learn-airflow/airflow1/py_env/lib/python3.11/site-packages/airflow/example_dags/plugins/workday.py for tasks to queue
[2024-11-13T20:38:29.271+1100] {logging_mixin.py:190} INFO - [2024-11-13T20:38:29.270+1100] {dagbag.py:588} INFO - Filling up the DagBag from /Users/yoonmoon/git/learn-airflow/airflow1/py_env/lib/python3.11/site-packages/airflow/example_dags/plugins/workday.py
[2024-11-13T20:38:29.271+1100] {logging_mixin.py:190} INFO - [2024-11-13T20:38:29.271+1100] {workday.py:41} WARNING - Could not import pandas. Holidays will not be considered.
[2024-11-13T20:38:29.272+1100] {processor.py:927} WARNING - No viable dags retrieved from /Users/yoonmoon/git/learn-airflow/airflow1/py_env/lib/python3.11/site-packages/airflow/example_dags/plugins/workday.py
[2024-11-13T20:38:29.300+1100] {processor.py:208} INFO - Processing /Users/yoonmoon/git/learn-airflow/airflow1/py_env/lib/python3.11/site-packages/airflow/example_dags/plugins/workday.py took 0.033 seconds
[2024-11-13T20:39:35.856+1100] {processor.py:186} INFO - Started process (PID=72283) to work on /Users/yoonmoon/git/learn-airflow/airflow1/py_env/lib/python3.11/site-packages/airflow/example_dags/plugins/workday.py
[2024-11-13T20:39:35.856+1100] {processor.py:914} INFO - Processing file /Users/yoonmoon/git/learn-airflow/airflow1/py_env/lib/python3.11/site-packages/airflow/example_dags/plugins/workday.py for tasks to queue
[2024-11-13T20:39:35.857+1100] {logging_mixin.py:190} INFO - [2024-11-13T20:39:35.857+1100] {dagbag.py:588} INFO - Filling up the DagBag from /Users/yoonmoon/git/learn-airflow/airflow1/py_env/lib/python3.11/site-packages/airflow/example_dags/plugins/workday.py
[2024-11-13T20:39:35.858+1100] {logging_mixin.py:190} INFO - [2024-11-13T20:39:35.858+1100] {workday.py:41} WARNING - Could not import pandas. Holidays will not be considered.
[2024-11-13T20:39:35.858+1100] {processor.py:927} WARNING - No viable dags retrieved from /Users/yoonmoon/git/learn-airflow/airflow1/py_env/lib/python3.11/site-packages/airflow/example_dags/plugins/workday.py
[2024-11-13T20:39:35.887+1100] {processor.py:208} INFO - Processing /Users/yoonmoon/git/learn-airflow/airflow1/py_env/lib/python3.11/site-packages/airflow/example_dags/plugins/workday.py took 0.034 seconds
[2024-11-13T20:40:48.533+1100] {processor.py:186} INFO - Started process (PID=72415) to work on /Users/yoonmoon/git/learn-airflow/airflow1/py_env/lib/python3.11/site-packages/airflow/example_dags/plugins/workday.py
[2024-11-13T20:40:48.534+1100] {processor.py:914} INFO - Processing file /Users/yoonmoon/git/learn-airflow/airflow1/py_env/lib/python3.11/site-packages/airflow/example_dags/plugins/workday.py for tasks to queue
[2024-11-13T20:40:48.534+1100] {logging_mixin.py:190} INFO - [2024-11-13T20:40:48.534+1100] {dagbag.py:588} INFO - Filling up the DagBag from /Users/yoonmoon/git/learn-airflow/airflow1/py_env/lib/python3.11/site-packages/airflow/example_dags/plugins/workday.py
[2024-11-13T20:40:48.535+1100] {logging_mixin.py:190} INFO - [2024-11-13T20:40:48.535+1100] {workday.py:41} WARNING - Could not import pandas. Holidays will not be considered.
[2024-11-13T20:40:48.535+1100] {processor.py:927} WARNING - No viable dags retrieved from /Users/yoonmoon/git/learn-airflow/airflow1/py_env/lib/python3.11/site-packages/airflow/example_dags/plugins/workday.py
[2024-11-13T20:40:48.564+1100] {processor.py:208} INFO - Processing /Users/yoonmoon/git/learn-airflow/airflow1/py_env/lib/python3.11/site-packages/airflow/example_dags/plugins/workday.py took 0.033 seconds
[2024-11-13T20:41:59.315+1100] {processor.py:186} INFO - Started process (PID=72546) to work on /Users/yoonmoon/git/learn-airflow/airflow1/py_env/lib/python3.11/site-packages/airflow/example_dags/plugins/workday.py
[2024-11-13T20:41:59.316+1100] {processor.py:914} INFO - Processing file /Users/yoonmoon/git/learn-airflow/airflow1/py_env/lib/python3.11/site-packages/airflow/example_dags/plugins/workday.py for tasks to queue
[2024-11-13T20:41:59.317+1100] {logging_mixin.py:190} INFO - [2024-11-13T20:41:59.317+1100] {dagbag.py:588} INFO - Filling up the DagBag from /Users/yoonmoon/git/learn-airflow/airflow1/py_env/lib/python3.11/site-packages/airflow/example_dags/plugins/workday.py
[2024-11-13T20:41:59.318+1100] {logging_mixin.py:190} INFO - [2024-11-13T20:41:59.317+1100] {workday.py:41} WARNING - Could not import pandas. Holidays will not be considered.
[2024-11-13T20:41:59.318+1100] {processor.py:927} WARNING - No viable dags retrieved from /Users/yoonmoon/git/learn-airflow/airflow1/py_env/lib/python3.11/site-packages/airflow/example_dags/plugins/workday.py
[2024-11-13T20:41:59.346+1100] {processor.py:208} INFO - Processing /Users/yoonmoon/git/learn-airflow/airflow1/py_env/lib/python3.11/site-packages/airflow/example_dags/plugins/workday.py took 0.033 seconds
[2024-11-13T20:43:07.192+1100] {processor.py:186} INFO - Started process (PID=72672) to work on /Users/yoonmoon/git/learn-airflow/airflow1/py_env/lib/python3.11/site-packages/airflow/example_dags/plugins/workday.py
[2024-11-13T20:43:07.193+1100] {processor.py:914} INFO - Processing file /Users/yoonmoon/git/learn-airflow/airflow1/py_env/lib/python3.11/site-packages/airflow/example_dags/plugins/workday.py for tasks to queue
[2024-11-13T20:43:07.194+1100] {logging_mixin.py:190} INFO - [2024-11-13T20:43:07.194+1100] {dagbag.py:588} INFO - Filling up the DagBag from /Users/yoonmoon/git/learn-airflow/airflow1/py_env/lib/python3.11/site-packages/airflow/example_dags/plugins/workday.py
[2024-11-13T20:43:07.194+1100] {logging_mixin.py:190} INFO - [2024-11-13T20:43:07.194+1100] {workday.py:41} WARNING - Could not import pandas. Holidays will not be considered.
[2024-11-13T20:43:07.195+1100] {processor.py:927} WARNING - No viable dags retrieved from /Users/yoonmoon/git/learn-airflow/airflow1/py_env/lib/python3.11/site-packages/airflow/example_dags/plugins/workday.py
[2024-11-13T20:43:07.223+1100] {processor.py:208} INFO - Processing /Users/yoonmoon/git/learn-airflow/airflow1/py_env/lib/python3.11/site-packages/airflow/example_dags/plugins/workday.py took 0.033 seconds
[2024-11-13T20:44:14.690+1100] {processor.py:186} INFO - Started process (PID=72800) to work on /Users/yoonmoon/git/learn-airflow/airflow1/py_env/lib/python3.11/site-packages/airflow/example_dags/plugins/workday.py
[2024-11-13T20:44:14.691+1100] {processor.py:914} INFO - Processing file /Users/yoonmoon/git/learn-airflow/airflow1/py_env/lib/python3.11/site-packages/airflow/example_dags/plugins/workday.py for tasks to queue
[2024-11-13T20:44:14.691+1100] {logging_mixin.py:190} INFO - [2024-11-13T20:44:14.691+1100] {dagbag.py:588} INFO - Filling up the DagBag from /Users/yoonmoon/git/learn-airflow/airflow1/py_env/lib/python3.11/site-packages/airflow/example_dags/plugins/workday.py
[2024-11-13T20:44:14.692+1100] {logging_mixin.py:190} INFO - [2024-11-13T20:44:14.692+1100] {workday.py:41} WARNING - Could not import pandas. Holidays will not be considered.
[2024-11-13T20:44:14.692+1100] {processor.py:927} WARNING - No viable dags retrieved from /Users/yoonmoon/git/learn-airflow/airflow1/py_env/lib/python3.11/site-packages/airflow/example_dags/plugins/workday.py
[2024-11-13T20:44:14.721+1100] {processor.py:208} INFO - Processing /Users/yoonmoon/git/learn-airflow/airflow1/py_env/lib/python3.11/site-packages/airflow/example_dags/plugins/workday.py took 0.033 seconds
[2024-11-13T20:45:28.089+1100] {processor.py:186} INFO - Started process (PID=72945) to work on /Users/yoonmoon/git/learn-airflow/airflow1/py_env/lib/python3.11/site-packages/airflow/example_dags/plugins/workday.py
[2024-11-13T20:45:28.091+1100] {processor.py:914} INFO - Processing file /Users/yoonmoon/git/learn-airflow/airflow1/py_env/lib/python3.11/site-packages/airflow/example_dags/plugins/workday.py for tasks to queue
[2024-11-13T20:45:28.091+1100] {logging_mixin.py:190} INFO - [2024-11-13T20:45:28.091+1100] {dagbag.py:588} INFO - Filling up the DagBag from /Users/yoonmoon/git/learn-airflow/airflow1/py_env/lib/python3.11/site-packages/airflow/example_dags/plugins/workday.py
[2024-11-13T20:45:28.092+1100] {logging_mixin.py:190} INFO - [2024-11-13T20:45:28.092+1100] {workday.py:41} WARNING - Could not import pandas. Holidays will not be considered.
[2024-11-13T20:45:28.092+1100] {processor.py:927} WARNING - No viable dags retrieved from /Users/yoonmoon/git/learn-airflow/airflow1/py_env/lib/python3.11/site-packages/airflow/example_dags/plugins/workday.py
[2024-11-13T20:45:28.121+1100] {processor.py:208} INFO - Processing /Users/yoonmoon/git/learn-airflow/airflow1/py_env/lib/python3.11/site-packages/airflow/example_dags/plugins/workday.py took 0.034 seconds
[2024-11-13T20:46:38.889+1100] {processor.py:186} INFO - Started process (PID=73074) to work on /Users/yoonmoon/git/learn-airflow/airflow1/py_env/lib/python3.11/site-packages/airflow/example_dags/plugins/workday.py
[2024-11-13T20:46:38.891+1100] {processor.py:914} INFO - Processing file /Users/yoonmoon/git/learn-airflow/airflow1/py_env/lib/python3.11/site-packages/airflow/example_dags/plugins/workday.py for tasks to queue
[2024-11-13T20:46:38.892+1100] {logging_mixin.py:190} INFO - [2024-11-13T20:46:38.891+1100] {dagbag.py:588} INFO - Filling up the DagBag from /Users/yoonmoon/git/learn-airflow/airflow1/py_env/lib/python3.11/site-packages/airflow/example_dags/plugins/workday.py
[2024-11-13T20:46:38.893+1100] {logging_mixin.py:190} INFO - [2024-11-13T20:46:38.892+1100] {workday.py:41} WARNING - Could not import pandas. Holidays will not be considered.
[2024-11-13T20:46:38.893+1100] {processor.py:927} WARNING - No viable dags retrieved from /Users/yoonmoon/git/learn-airflow/airflow1/py_env/lib/python3.11/site-packages/airflow/example_dags/plugins/workday.py
[2024-11-13T20:46:38.921+1100] {processor.py:208} INFO - Processing /Users/yoonmoon/git/learn-airflow/airflow1/py_env/lib/python3.11/site-packages/airflow/example_dags/plugins/workday.py took 0.035 seconds
[2024-11-13T20:47:49.854+1100] {processor.py:186} INFO - Started process (PID=73218) to work on /Users/yoonmoon/git/learn-airflow/airflow1/py_env/lib/python3.11/site-packages/airflow/example_dags/plugins/workday.py
[2024-11-13T20:47:49.855+1100] {processor.py:914} INFO - Processing file /Users/yoonmoon/git/learn-airflow/airflow1/py_env/lib/python3.11/site-packages/airflow/example_dags/plugins/workday.py for tasks to queue
[2024-11-13T20:47:49.856+1100] {logging_mixin.py:190} INFO - [2024-11-13T20:47:49.856+1100] {dagbag.py:588} INFO - Filling up the DagBag from /Users/yoonmoon/git/learn-airflow/airflow1/py_env/lib/python3.11/site-packages/airflow/example_dags/plugins/workday.py
[2024-11-13T20:47:49.857+1100] {logging_mixin.py:190} INFO - [2024-11-13T20:47:49.857+1100] {workday.py:41} WARNING - Could not import pandas. Holidays will not be considered.
[2024-11-13T20:47:49.857+1100] {processor.py:927} WARNING - No viable dags retrieved from /Users/yoonmoon/git/learn-airflow/airflow1/py_env/lib/python3.11/site-packages/airflow/example_dags/plugins/workday.py
[2024-11-13T20:47:49.889+1100] {processor.py:208} INFO - Processing /Users/yoonmoon/git/learn-airflow/airflow1/py_env/lib/python3.11/site-packages/airflow/example_dags/plugins/workday.py took 0.039 seconds
[2024-11-13T20:49:01.453+1100] {processor.py:186} INFO - Started process (PID=73355) to work on /Users/yoonmoon/git/learn-airflow/airflow1/py_env/lib/python3.11/site-packages/airflow/example_dags/plugins/workday.py
[2024-11-13T20:49:01.454+1100] {processor.py:914} INFO - Processing file /Users/yoonmoon/git/learn-airflow/airflow1/py_env/lib/python3.11/site-packages/airflow/example_dags/plugins/workday.py for tasks to queue
[2024-11-13T20:49:01.455+1100] {logging_mixin.py:190} INFO - [2024-11-13T20:49:01.455+1100] {dagbag.py:588} INFO - Filling up the DagBag from /Users/yoonmoon/git/learn-airflow/airflow1/py_env/lib/python3.11/site-packages/airflow/example_dags/plugins/workday.py
[2024-11-13T20:49:01.456+1100] {logging_mixin.py:190} INFO - [2024-11-13T20:49:01.455+1100] {workday.py:41} WARNING - Could not import pandas. Holidays will not be considered.
[2024-11-13T20:49:01.456+1100] {processor.py:927} WARNING - No viable dags retrieved from /Users/yoonmoon/git/learn-airflow/airflow1/py_env/lib/python3.11/site-packages/airflow/example_dags/plugins/workday.py
[2024-11-13T20:49:01.486+1100] {processor.py:208} INFO - Processing /Users/yoonmoon/git/learn-airflow/airflow1/py_env/lib/python3.11/site-packages/airflow/example_dags/plugins/workday.py took 0.036 seconds
[2024-11-13T20:50:16.535+1100] {processor.py:186} INFO - Started process (PID=73491) to work on /Users/yoonmoon/git/learn-airflow/airflow1/py_env/lib/python3.11/site-packages/airflow/example_dags/plugins/workday.py
[2024-11-13T20:50:16.536+1100] {processor.py:914} INFO - Processing file /Users/yoonmoon/git/learn-airflow/airflow1/py_env/lib/python3.11/site-packages/airflow/example_dags/plugins/workday.py for tasks to queue
[2024-11-13T20:50:16.536+1100] {logging_mixin.py:190} INFO - [2024-11-13T20:50:16.536+1100] {dagbag.py:588} INFO - Filling up the DagBag from /Users/yoonmoon/git/learn-airflow/airflow1/py_env/lib/python3.11/site-packages/airflow/example_dags/plugins/workday.py
[2024-11-13T20:50:16.537+1100] {logging_mixin.py:190} INFO - [2024-11-13T20:50:16.537+1100] {workday.py:41} WARNING - Could not import pandas. Holidays will not be considered.
[2024-11-13T20:50:16.537+1100] {processor.py:927} WARNING - No viable dags retrieved from /Users/yoonmoon/git/learn-airflow/airflow1/py_env/lib/python3.11/site-packages/airflow/example_dags/plugins/workday.py
[2024-11-13T20:50:16.567+1100] {processor.py:208} INFO - Processing /Users/yoonmoon/git/learn-airflow/airflow1/py_env/lib/python3.11/site-packages/airflow/example_dags/plugins/workday.py took 0.035 seconds
[2024-11-13T20:51:27.133+1100] {processor.py:186} INFO - Started process (PID=73626) to work on /Users/yoonmoon/git/learn-airflow/airflow1/py_env/lib/python3.11/site-packages/airflow/example_dags/plugins/workday.py
[2024-11-13T20:51:27.134+1100] {processor.py:914} INFO - Processing file /Users/yoonmoon/git/learn-airflow/airflow1/py_env/lib/python3.11/site-packages/airflow/example_dags/plugins/workday.py for tasks to queue
[2024-11-13T20:51:27.135+1100] {logging_mixin.py:190} INFO - [2024-11-13T20:51:27.134+1100] {dagbag.py:588} INFO - Filling up the DagBag from /Users/yoonmoon/git/learn-airflow/airflow1/py_env/lib/python3.11/site-packages/airflow/example_dags/plugins/workday.py
[2024-11-13T20:51:27.136+1100] {logging_mixin.py:190} INFO - [2024-11-13T20:51:27.135+1100] {workday.py:41} WARNING - Could not import pandas. Holidays will not be considered.
[2024-11-13T20:51:27.136+1100] {processor.py:927} WARNING - No viable dags retrieved from /Users/yoonmoon/git/learn-airflow/airflow1/py_env/lib/python3.11/site-packages/airflow/example_dags/plugins/workday.py
[2024-11-13T20:51:27.171+1100] {processor.py:208} INFO - Processing /Users/yoonmoon/git/learn-airflow/airflow1/py_env/lib/python3.11/site-packages/airflow/example_dags/plugins/workday.py took 0.040 seconds
