[2024-11-13T19:35:15.588+1100] {local_task_job_runner.py:123} INFO - ::group::Pre task execution logs
[2024-11-13T19:35:15.592+1100] {taskinstance.py:2613} INFO - Dependencies all met for dep_context=non-requeueable deps ti=<TaskInstance: xcom_dag.training_model_C manual__2024-11-13T08:34:59.076993+00:00 [queued]>
[2024-11-13T19:35:15.594+1100] {taskinstance.py:2613} INFO - Dependencies all met for dep_context=requeueable deps ti=<TaskInstance: xcom_dag.training_model_C manual__2024-11-13T08:34:59.076993+00:00 [queued]>
[2024-11-13T19:35:15.594+1100] {taskinstance.py:2866} INFO - Starting attempt 1 of 1
[2024-11-13T19:35:15.598+1100] {taskinstance.py:2889} INFO - Executing <Task(PythonOperator): training_model_C> on 2024-11-13 08:34:59.076993+00:00
[2024-11-13T19:35:15.601+1100] {standard_task_runner.py:72} INFO - Started process 64739 to run task
[2024-11-13T19:35:15.604+1100] {standard_task_runner.py:104} INFO - Running: ['airflow', 'tasks', 'run', 'xcom_dag', 'training_model_C', 'manual__2024-11-13T08:34:59.076993+00:00', '--job-id', '9', '--raw', '--subdir', 'DAGS_FOLDER/xcom_dag.py', '--cfg-path', '/var/folders/l9/7l765_g97rq7y6q4qc6k6dfm0000gn/T/tmp3afhs59d']
[2024-11-13T19:35:15.605+1100] {standard_task_runner.py:105} INFO - Job 9: Subtask training_model_C
[2024-11-13T19:35:15.620+1100] {task_command.py:467} INFO - Running <TaskInstance: xcom_dag.training_model_C manual__2024-11-13T08:34:59.076993+00:00 [running]> on host ympm1
[2024-11-13T19:35:15.638+1100] {taskinstance.py:3132} INFO - Exporting env vars: AIRFLOW_CTX_DAG_OWNER='airflow' AIRFLOW_CTX_DAG_ID='xcom_dag' AIRFLOW_CTX_TASK_ID='training_model_C' AIRFLOW_CTX_EXECUTION_DATE='2024-11-13T08:34:59.076993+00:00' AIRFLOW_CTX_TRY_NUMBER='1' AIRFLOW_CTX_DAG_RUN_ID='manual__2024-11-13T08:34:59.076993+00:00'
[2024-11-13T19:35:15.639+1100] {logging_mixin.py:190} INFO - Task instance is in running state
[2024-11-13T19:35:15.639+1100] {logging_mixin.py:190} INFO -  Previous state of the Task instance: queued
[2024-11-13T19:35:15.640+1100] {logging_mixin.py:190} INFO - Current task name:training_model_C state:running start_date:2024-11-13 08:35:15.592249+00:00
[2024-11-13T19:35:15.640+1100] {logging_mixin.py:190} INFO - Dag name:xcom_dag and current dag run status:running
[2024-11-13T19:35:15.640+1100] {taskinstance.py:731} INFO - ::endgroup::
[2024-11-13T19:35:15.640+1100] {logging_mixin.py:190} INFO - model's accuracy: 5.6606283258478856
[2024-11-13T19:35:15.641+1100] {python.py:240} INFO - Done. Returned value was: 5.6606283258478856
[2024-11-13T19:35:15.645+1100] {taskinstance.py:340} INFO - ::group::Post task execution logs
[2024-11-13T19:35:15.646+1100] {taskinstance.py:352} INFO - Marking task as SUCCESS. dag_id=xcom_dag, task_id=training_model_C, run_id=manual__2024-11-13T08:34:59.076993+00:00, execution_date=20241113T083459, start_date=20241113T083515, end_date=20241113T083515
[2024-11-13T19:35:15.648+1100] {logging_mixin.py:190} INFO - Task instance in success state
[2024-11-13T19:35:15.648+1100] {logging_mixin.py:190} INFO -  Previous state of the Task instance: running
[2024-11-13T19:35:15.649+1100] {logging_mixin.py:190} INFO - Dag name:xcom_dag queued_at:2024-11-13 08:34:59.101091+00:00
[2024-11-13T19:35:15.649+1100] {logging_mixin.py:190} INFO - Task hostname:ympm1 operator:PythonOperator
[2024-11-13T19:35:15.666+1100] {local_task_job_runner.py:266} INFO - Task exited with return code 0
[2024-11-13T19:35:15.673+1100] {taskinstance.py:3895} INFO - 1 downstream tasks scheduled from follow-on schedule check
[2024-11-13T19:35:15.674+1100] {local_task_job_runner.py:245} INFO - ::endgroup::
